[2026-03-22T04:09:15.764+0000] {processor.py:161} INFO - Started process (PID=58) to work on /home/airflow/.local/lib/python3.12/site-packages/airflow/example_dags/example_complex.py
[2026-03-22T04:09:15.778+0000] {processor.py:830} INFO - Processing file /home/airflow/.local/lib/python3.12/site-packages/airflow/example_dags/example_complex.py for tasks to queue
[2026-03-22T04:09:15.797+0000] {logging_mixin.py:188} INFO - [2026-03-22T04:09:15.795+0000] {dagbag.py:545} INFO - Filling up the DagBag from /home/airflow/.local/lib/python3.12/site-packages/airflow/example_dags/example_complex.py
[2026-03-22T04:09:15.845+0000] {processor.py:840} INFO - DAG(s) 'example_complex' retrieved from /home/airflow/.local/lib/python3.12/site-packages/airflow/example_dags/example_complex.py
[2026-03-22T04:09:15.909+0000] {logging_mixin.py:188} INFO - [2026-03-22T04:09:15.909+0000] {dag.py:3096} INFO - Sync 1 DAGs
[2026-03-22T04:09:15.940+0000] {logging_mixin.py:188} INFO - [2026-03-22T04:09:15.940+0000] {dag.py:3954} INFO - Setting next_dagrun for example_complex to None, run_after=None
[2026-03-22T04:09:16.016+0000] {processor.py:183} INFO - Processing /home/airflow/.local/lib/python3.12/site-packages/airflow/example_dags/example_complex.py took 0.277 seconds
[2026-03-22T04:09:46.872+0000] {processor.py:161} INFO - Started process (PID=115) to work on /home/airflow/.local/lib/python3.12/site-packages/airflow/example_dags/example_complex.py
[2026-03-22T04:09:46.873+0000] {processor.py:830} INFO - Processing file /home/airflow/.local/lib/python3.12/site-packages/airflow/example_dags/example_complex.py for tasks to queue
[2026-03-22T04:09:46.874+0000] {logging_mixin.py:188} INFO - [2026-03-22T04:09:46.874+0000] {dagbag.py:545} INFO - Filling up the DagBag from /home/airflow/.local/lib/python3.12/site-packages/airflow/example_dags/example_complex.py
[2026-03-22T04:09:46.879+0000] {processor.py:840} INFO - DAG(s) 'example_complex' retrieved from /home/airflow/.local/lib/python3.12/site-packages/airflow/example_dags/example_complex.py
[2026-03-22T04:09:46.950+0000] {logging_mixin.py:188} INFO - [2026-03-22T04:09:46.949+0000] {dag.py:3096} INFO - Sync 1 DAGs
[2026-03-22T04:09:46.955+0000] {logging_mixin.py:188} INFO - [2026-03-22T04:09:46.955+0000] {dag.py:3954} INFO - Setting next_dagrun for example_complex to None, run_after=None
[2026-03-22T04:09:46.990+0000] {processor.py:183} INFO - Processing /home/airflow/.local/lib/python3.12/site-packages/airflow/example_dags/example_complex.py took 0.121 seconds
[2026-03-22T04:10:17.385+0000] {processor.py:161} INFO - Started process (PID=173) to work on /home/airflow/.local/lib/python3.12/site-packages/airflow/example_dags/example_complex.py
[2026-03-22T04:10:17.387+0000] {processor.py:830} INFO - Processing file /home/airflow/.local/lib/python3.12/site-packages/airflow/example_dags/example_complex.py for tasks to queue
[2026-03-22T04:10:17.397+0000] {logging_mixin.py:188} INFO - [2026-03-22T04:10:17.396+0000] {dagbag.py:545} INFO - Filling up the DagBag from /home/airflow/.local/lib/python3.12/site-packages/airflow/example_dags/example_complex.py
[2026-03-22T04:10:17.437+0000] {processor.py:840} INFO - DAG(s) 'example_complex' retrieved from /home/airflow/.local/lib/python3.12/site-packages/airflow/example_dags/example_complex.py
[2026-03-22T04:10:17.526+0000] {logging_mixin.py:188} INFO - [2026-03-22T04:10:17.525+0000] {dag.py:3096} INFO - Sync 1 DAGs
[2026-03-22T04:10:17.555+0000] {logging_mixin.py:188} INFO - [2026-03-22T04:10:17.555+0000] {dag.py:3954} INFO - Setting next_dagrun for example_complex to None, run_after=None
[2026-03-22T04:10:17.599+0000] {processor.py:183} INFO - Processing /home/airflow/.local/lib/python3.12/site-packages/airflow/example_dags/example_complex.py took 0.234 seconds
[2026-03-22T04:10:47.777+0000] {processor.py:161} INFO - Started process (PID=231) to work on /home/airflow/.local/lib/python3.12/site-packages/airflow/example_dags/example_complex.py
[2026-03-22T04:10:47.779+0000] {processor.py:830} INFO - Processing file /home/airflow/.local/lib/python3.12/site-packages/airflow/example_dags/example_complex.py for tasks to queue
[2026-03-22T04:10:47.786+0000] {logging_mixin.py:188} INFO - [2026-03-22T04:10:47.785+0000] {dagbag.py:545} INFO - Filling up the DagBag from /home/airflow/.local/lib/python3.12/site-packages/airflow/example_dags/example_complex.py
[2026-03-22T04:10:47.800+0000] {processor.py:840} INFO - DAG(s) 'example_complex' retrieved from /home/airflow/.local/lib/python3.12/site-packages/airflow/example_dags/example_complex.py
[2026-03-22T04:10:47.872+0000] {logging_mixin.py:188} INFO - [2026-03-22T04:10:47.871+0000] {dag.py:3096} INFO - Sync 1 DAGs
[2026-03-22T04:10:47.885+0000] {logging_mixin.py:188} INFO - [2026-03-22T04:10:47.885+0000] {dag.py:3954} INFO - Setting next_dagrun for example_complex to None, run_after=None
[2026-03-22T04:10:47.918+0000] {processor.py:183} INFO - Processing /home/airflow/.local/lib/python3.12/site-packages/airflow/example_dags/example_complex.py took 0.156 seconds
[2026-03-22T04:11:18.278+0000] {processor.py:161} INFO - Started process (PID=289) to work on /home/airflow/.local/lib/python3.12/site-packages/airflow/example_dags/example_complex.py
[2026-03-22T04:11:18.279+0000] {processor.py:830} INFO - Processing file /home/airflow/.local/lib/python3.12/site-packages/airflow/example_dags/example_complex.py for tasks to queue
[2026-03-22T04:11:18.281+0000] {logging_mixin.py:188} INFO - [2026-03-22T04:11:18.281+0000] {dagbag.py:545} INFO - Filling up the DagBag from /home/airflow/.local/lib/python3.12/site-packages/airflow/example_dags/example_complex.py
[2026-03-22T04:11:18.288+0000] {processor.py:840} INFO - DAG(s) 'example_complex' retrieved from /home/airflow/.local/lib/python3.12/site-packages/airflow/example_dags/example_complex.py
[2026-03-22T04:11:18.346+0000] {logging_mixin.py:188} INFO - [2026-03-22T04:11:18.345+0000] {dag.py:3096} INFO - Sync 1 DAGs
[2026-03-22T04:11:18.373+0000] {logging_mixin.py:188} INFO - [2026-03-22T04:11:18.373+0000] {dag.py:3954} INFO - Setting next_dagrun for example_complex to None, run_after=None
[2026-03-22T04:11:18.395+0000] {processor.py:183} INFO - Processing /home/airflow/.local/lib/python3.12/site-packages/airflow/example_dags/example_complex.py took 0.125 seconds
[2026-03-22T04:11:48.896+0000] {processor.py:161} INFO - Started process (PID=347) to work on /home/airflow/.local/lib/python3.12/site-packages/airflow/example_dags/example_complex.py
[2026-03-22T04:11:48.899+0000] {processor.py:830} INFO - Processing file /home/airflow/.local/lib/python3.12/site-packages/airflow/example_dags/example_complex.py for tasks to queue
[2026-03-22T04:11:48.904+0000] {logging_mixin.py:188} INFO - [2026-03-22T04:11:48.903+0000] {dagbag.py:545} INFO - Filling up the DagBag from /home/airflow/.local/lib/python3.12/site-packages/airflow/example_dags/example_complex.py
[2026-03-22T04:11:48.921+0000] {processor.py:840} INFO - DAG(s) 'example_complex' retrieved from /home/airflow/.local/lib/python3.12/site-packages/airflow/example_dags/example_complex.py
[2026-03-22T04:11:48.975+0000] {logging_mixin.py:188} INFO - [2026-03-22T04:11:48.975+0000] {dag.py:3096} INFO - Sync 1 DAGs
[2026-03-22T04:11:49.044+0000] {logging_mixin.py:188} INFO - [2026-03-22T04:11:49.043+0000] {dag.py:3954} INFO - Setting next_dagrun for example_complex to None, run_after=None
[2026-03-22T04:11:49.167+0000] {processor.py:183} INFO - Processing /home/airflow/.local/lib/python3.12/site-packages/airflow/example_dags/example_complex.py took 0.282 seconds
[2026-03-22T04:12:19.648+0000] {processor.py:161} INFO - Started process (PID=405) to work on /home/airflow/.local/lib/python3.12/site-packages/airflow/example_dags/example_complex.py
[2026-03-22T04:12:19.649+0000] {processor.py:830} INFO - Processing file /home/airflow/.local/lib/python3.12/site-packages/airflow/example_dags/example_complex.py for tasks to queue
[2026-03-22T04:12:19.651+0000] {logging_mixin.py:188} INFO - [2026-03-22T04:12:19.651+0000] {dagbag.py:545} INFO - Filling up the DagBag from /home/airflow/.local/lib/python3.12/site-packages/airflow/example_dags/example_complex.py
[2026-03-22T04:12:19.659+0000] {processor.py:840} INFO - DAG(s) 'example_complex' retrieved from /home/airflow/.local/lib/python3.12/site-packages/airflow/example_dags/example_complex.py
[2026-03-22T04:12:19.691+0000] {logging_mixin.py:188} INFO - [2026-03-22T04:12:19.691+0000] {dag.py:3096} INFO - Sync 1 DAGs
[2026-03-22T04:12:19.699+0000] {logging_mixin.py:188} INFO - [2026-03-22T04:12:19.699+0000] {dag.py:3954} INFO - Setting next_dagrun for example_complex to None, run_after=None
[2026-03-22T04:12:19.709+0000] {processor.py:183} INFO - Processing /home/airflow/.local/lib/python3.12/site-packages/airflow/example_dags/example_complex.py took 0.068 seconds
[2026-03-22T04:12:49.826+0000] {processor.py:161} INFO - Started process (PID=463) to work on /home/airflow/.local/lib/python3.12/site-packages/airflow/example_dags/example_complex.py
[2026-03-22T04:12:49.827+0000] {processor.py:830} INFO - Processing file /home/airflow/.local/lib/python3.12/site-packages/airflow/example_dags/example_complex.py for tasks to queue
[2026-03-22T04:12:49.831+0000] {logging_mixin.py:188} INFO - [2026-03-22T04:12:49.830+0000] {dagbag.py:545} INFO - Filling up the DagBag from /home/airflow/.local/lib/python3.12/site-packages/airflow/example_dags/example_complex.py
[2026-03-22T04:12:49.843+0000] {processor.py:840} INFO - DAG(s) 'example_complex' retrieved from /home/airflow/.local/lib/python3.12/site-packages/airflow/example_dags/example_complex.py
[2026-03-22T04:12:49.879+0000] {logging_mixin.py:188} INFO - [2026-03-22T04:12:49.879+0000] {dag.py:3096} INFO - Sync 1 DAGs
[2026-03-22T04:12:49.899+0000] {logging_mixin.py:188} INFO - [2026-03-22T04:12:49.899+0000] {dag.py:3954} INFO - Setting next_dagrun for example_complex to None, run_after=None
[2026-03-22T04:12:49.935+0000] {processor.py:183} INFO - Processing /home/airflow/.local/lib/python3.12/site-packages/airflow/example_dags/example_complex.py took 0.115 seconds
[2026-03-22T04:13:20.348+0000] {processor.py:161} INFO - Started process (PID=521) to work on /home/airflow/.local/lib/python3.12/site-packages/airflow/example_dags/example_complex.py
[2026-03-22T04:13:20.349+0000] {processor.py:830} INFO - Processing file /home/airflow/.local/lib/python3.12/site-packages/airflow/example_dags/example_complex.py for tasks to queue
[2026-03-22T04:13:20.352+0000] {logging_mixin.py:188} INFO - [2026-03-22T04:13:20.352+0000] {dagbag.py:545} INFO - Filling up the DagBag from /home/airflow/.local/lib/python3.12/site-packages/airflow/example_dags/example_complex.py
[2026-03-22T04:13:20.364+0000] {processor.py:840} INFO - DAG(s) 'example_complex' retrieved from /home/airflow/.local/lib/python3.12/site-packages/airflow/example_dags/example_complex.py
[2026-03-22T04:13:20.394+0000] {logging_mixin.py:188} INFO - [2026-03-22T04:13:20.394+0000] {dag.py:3096} INFO - Sync 1 DAGs
[2026-03-22T04:13:20.406+0000] {logging_mixin.py:188} INFO - [2026-03-22T04:13:20.406+0000] {dag.py:3954} INFO - Setting next_dagrun for example_complex to None, run_after=None
[2026-03-22T04:13:20.420+0000] {processor.py:183} INFO - Processing /home/airflow/.local/lib/python3.12/site-packages/airflow/example_dags/example_complex.py took 0.077 seconds
[2026-03-22T04:13:50.658+0000] {processor.py:161} INFO - Started process (PID=579) to work on /home/airflow/.local/lib/python3.12/site-packages/airflow/example_dags/example_complex.py
[2026-03-22T04:13:50.659+0000] {processor.py:830} INFO - Processing file /home/airflow/.local/lib/python3.12/site-packages/airflow/example_dags/example_complex.py for tasks to queue
[2026-03-22T04:13:50.661+0000] {logging_mixin.py:188} INFO - [2026-03-22T04:13:50.660+0000] {dagbag.py:545} INFO - Filling up the DagBag from /home/airflow/.local/lib/python3.12/site-packages/airflow/example_dags/example_complex.py
[2026-03-22T04:13:50.672+0000] {processor.py:840} INFO - DAG(s) 'example_complex' retrieved from /home/airflow/.local/lib/python3.12/site-packages/airflow/example_dags/example_complex.py
[2026-03-22T04:13:50.695+0000] {logging_mixin.py:188} INFO - [2026-03-22T04:13:50.695+0000] {dag.py:3096} INFO - Sync 1 DAGs
[2026-03-22T04:13:50.705+0000] {logging_mixin.py:188} INFO - [2026-03-22T04:13:50.704+0000] {dag.py:3954} INFO - Setting next_dagrun for example_complex to None, run_after=None
[2026-03-22T04:13:50.715+0000] {processor.py:183} INFO - Processing /home/airflow/.local/lib/python3.12/site-packages/airflow/example_dags/example_complex.py took 0.061 seconds
[2026-03-22T04:14:21.746+0000] {processor.py:161} INFO - Started process (PID=637) to work on /home/airflow/.local/lib/python3.12/site-packages/airflow/example_dags/example_complex.py
[2026-03-22T04:14:21.747+0000] {processor.py:830} INFO - Processing file /home/airflow/.local/lib/python3.12/site-packages/airflow/example_dags/example_complex.py for tasks to queue
[2026-03-22T04:14:21.749+0000] {logging_mixin.py:188} INFO - [2026-03-22T04:14:21.748+0000] {dagbag.py:545} INFO - Filling up the DagBag from /home/airflow/.local/lib/python3.12/site-packages/airflow/example_dags/example_complex.py
[2026-03-22T04:14:21.757+0000] {processor.py:840} INFO - DAG(s) 'example_complex' retrieved from /home/airflow/.local/lib/python3.12/site-packages/airflow/example_dags/example_complex.py
[2026-03-22T04:14:21.806+0000] {logging_mixin.py:188} INFO - [2026-03-22T04:14:21.806+0000] {dag.py:3096} INFO - Sync 1 DAGs
[2026-03-22T04:14:21.814+0000] {logging_mixin.py:188} INFO - [2026-03-22T04:14:21.814+0000] {dag.py:3954} INFO - Setting next_dagrun for example_complex to None, run_after=None
[2026-03-22T04:14:21.828+0000] {processor.py:183} INFO - Processing /home/airflow/.local/lib/python3.12/site-packages/airflow/example_dags/example_complex.py took 0.088 seconds
[2026-03-22T04:14:52.389+0000] {processor.py:161} INFO - Started process (PID=694) to work on /home/airflow/.local/lib/python3.12/site-packages/airflow/example_dags/example_complex.py
[2026-03-22T04:14:52.390+0000] {processor.py:830} INFO - Processing file /home/airflow/.local/lib/python3.12/site-packages/airflow/example_dags/example_complex.py for tasks to queue
[2026-03-22T04:14:52.392+0000] {logging_mixin.py:188} INFO - [2026-03-22T04:14:52.392+0000] {dagbag.py:545} INFO - Filling up the DagBag from /home/airflow/.local/lib/python3.12/site-packages/airflow/example_dags/example_complex.py
[2026-03-22T04:14:52.408+0000] {processor.py:840} INFO - DAG(s) 'example_complex' retrieved from /home/airflow/.local/lib/python3.12/site-packages/airflow/example_dags/example_complex.py
[2026-03-22T04:14:52.448+0000] {logging_mixin.py:188} INFO - [2026-03-22T04:14:52.448+0000] {dag.py:3096} INFO - Sync 1 DAGs
[2026-03-22T04:14:52.461+0000] {logging_mixin.py:188} INFO - [2026-03-22T04:14:52.460+0000] {dag.py:3954} INFO - Setting next_dagrun for example_complex to None, run_after=None
[2026-03-22T04:14:52.476+0000] {processor.py:183} INFO - Processing /home/airflow/.local/lib/python3.12/site-packages/airflow/example_dags/example_complex.py took 0.094 seconds
[2026-03-22T04:15:22.735+0000] {processor.py:161} INFO - Started process (PID=753) to work on /home/airflow/.local/lib/python3.12/site-packages/airflow/example_dags/example_complex.py
[2026-03-22T04:15:22.737+0000] {processor.py:830} INFO - Processing file /home/airflow/.local/lib/python3.12/site-packages/airflow/example_dags/example_complex.py for tasks to queue
[2026-03-22T04:15:22.738+0000] {logging_mixin.py:188} INFO - [2026-03-22T04:15:22.738+0000] {dagbag.py:545} INFO - Filling up the DagBag from /home/airflow/.local/lib/python3.12/site-packages/airflow/example_dags/example_complex.py
[2026-03-22T04:15:22.746+0000] {processor.py:840} INFO - DAG(s) 'example_complex' retrieved from /home/airflow/.local/lib/python3.12/site-packages/airflow/example_dags/example_complex.py
[2026-03-22T04:15:22.762+0000] {logging_mixin.py:188} INFO - [2026-03-22T04:15:22.762+0000] {dag.py:3096} INFO - Sync 1 DAGs
[2026-03-22T04:15:22.769+0000] {logging_mixin.py:188} INFO - [2026-03-22T04:15:22.769+0000] {dag.py:3954} INFO - Setting next_dagrun for example_complex to None, run_after=None
[2026-03-22T04:15:22.778+0000] {processor.py:183} INFO - Processing /home/airflow/.local/lib/python3.12/site-packages/airflow/example_dags/example_complex.py took 0.046 seconds
[2026-03-22T04:15:53.358+0000] {processor.py:161} INFO - Started process (PID=811) to work on /home/airflow/.local/lib/python3.12/site-packages/airflow/example_dags/example_complex.py
[2026-03-22T04:15:53.361+0000] {processor.py:830} INFO - Processing file /home/airflow/.local/lib/python3.12/site-packages/airflow/example_dags/example_complex.py for tasks to queue
[2026-03-22T04:15:53.365+0000] {logging_mixin.py:188} INFO - [2026-03-22T04:15:53.365+0000] {dagbag.py:545} INFO - Filling up the DagBag from /home/airflow/.local/lib/python3.12/site-packages/airflow/example_dags/example_complex.py
[2026-03-22T04:15:53.381+0000] {processor.py:840} INFO - DAG(s) 'example_complex' retrieved from /home/airflow/.local/lib/python3.12/site-packages/airflow/example_dags/example_complex.py
[2026-03-22T04:15:53.410+0000] {logging_mixin.py:188} INFO - [2026-03-22T04:15:53.410+0000] {dag.py:3096} INFO - Sync 1 DAGs
[2026-03-22T04:15:53.420+0000] {logging_mixin.py:188} INFO - [2026-03-22T04:15:53.420+0000] {dag.py:3954} INFO - Setting next_dagrun for example_complex to None, run_after=None
[2026-03-22T04:15:53.438+0000] {processor.py:183} INFO - Processing /home/airflow/.local/lib/python3.12/site-packages/airflow/example_dags/example_complex.py took 0.088 seconds
[2026-03-22T04:16:43.381+0000] {processor.py:161} INFO - Started process (PID=875) to work on /home/airflow/.local/lib/python3.12/site-packages/airflow/example_dags/example_complex.py
[2026-03-22T04:16:43.390+0000] {processor.py:830} INFO - Processing file /home/airflow/.local/lib/python3.12/site-packages/airflow/example_dags/example_complex.py for tasks to queue
[2026-03-22T04:16:43.408+0000] {logging_mixin.py:188} INFO - [2026-03-22T04:16:43.405+0000] {dagbag.py:545} INFO - Filling up the DagBag from /home/airflow/.local/lib/python3.12/site-packages/airflow/example_dags/example_complex.py
[2026-03-22T04:16:43.465+0000] {processor.py:840} INFO - DAG(s) 'example_complex' retrieved from /home/airflow/.local/lib/python3.12/site-packages/airflow/example_dags/example_complex.py
[2026-03-22T04:16:43.755+0000] {logging_mixin.py:188} INFO - [2026-03-22T04:16:43.754+0000] {dag.py:3096} INFO - Sync 1 DAGs
[2026-03-22T04:16:43.847+0000] {logging_mixin.py:188} INFO - [2026-03-22T04:16:43.846+0000] {dag.py:3954} INFO - Setting next_dagrun for example_complex to None, run_after=None
[2026-03-22T04:16:44.011+0000] {processor.py:183} INFO - Processing /home/airflow/.local/lib/python3.12/site-packages/airflow/example_dags/example_complex.py took 0.701 seconds
[2026-03-22T04:17:36.111+0000] {processor.py:161} INFO - Started process (PID=932) to work on /home/airflow/.local/lib/python3.12/site-packages/airflow/example_dags/example_complex.py
[2026-03-22T04:17:36.113+0000] {processor.py:830} INFO - Processing file /home/airflow/.local/lib/python3.12/site-packages/airflow/example_dags/example_complex.py for tasks to queue
[2026-03-22T04:17:36.115+0000] {logging_mixin.py:188} INFO - [2026-03-22T04:17:36.114+0000] {dagbag.py:545} INFO - Filling up the DagBag from /home/airflow/.local/lib/python3.12/site-packages/airflow/example_dags/example_complex.py
[2026-03-22T04:17:36.138+0000] {processor.py:840} INFO - DAG(s) 'example_complex' retrieved from /home/airflow/.local/lib/python3.12/site-packages/airflow/example_dags/example_complex.py
[2026-03-22T04:17:36.295+0000] {logging_mixin.py:188} INFO - [2026-03-22T04:17:36.293+0000] {dag.py:3096} INFO - Sync 1 DAGs
[2026-03-22T04:17:36.352+0000] {logging_mixin.py:188} INFO - [2026-03-22T04:17:36.351+0000] {dag.py:3954} INFO - Setting next_dagrun for example_complex to None, run_after=None
[2026-03-22T04:17:36.407+0000] {processor.py:183} INFO - Processing /home/airflow/.local/lib/python3.12/site-packages/airflow/example_dags/example_complex.py took 0.303 seconds
[2026-03-22T04:18:06.587+0000] {processor.py:161} INFO - Started process (PID=989) to work on /home/airflow/.local/lib/python3.12/site-packages/airflow/example_dags/example_complex.py
[2026-03-22T04:18:06.588+0000] {processor.py:830} INFO - Processing file /home/airflow/.local/lib/python3.12/site-packages/airflow/example_dags/example_complex.py for tasks to queue
[2026-03-22T04:18:06.589+0000] {logging_mixin.py:188} INFO - [2026-03-22T04:18:06.589+0000] {dagbag.py:545} INFO - Filling up the DagBag from /home/airflow/.local/lib/python3.12/site-packages/airflow/example_dags/example_complex.py
[2026-03-22T04:18:06.594+0000] {processor.py:840} INFO - DAG(s) 'example_complex' retrieved from /home/airflow/.local/lib/python3.12/site-packages/airflow/example_dags/example_complex.py
[2026-03-22T04:18:06.614+0000] {logging_mixin.py:188} INFO - [2026-03-22T04:18:06.614+0000] {dag.py:3096} INFO - Sync 1 DAGs
[2026-03-22T04:18:06.626+0000] {logging_mixin.py:188} INFO - [2026-03-22T04:18:06.625+0000] {dag.py:3954} INFO - Setting next_dagrun for example_complex to None, run_after=None
[2026-03-22T04:18:06.634+0000] {processor.py:183} INFO - Processing /home/airflow/.local/lib/python3.12/site-packages/airflow/example_dags/example_complex.py took 0.050 seconds
[2026-03-22T04:18:37.006+0000] {processor.py:161} INFO - Started process (PID=1039) to work on /home/airflow/.local/lib/python3.12/site-packages/airflow/example_dags/example_complex.py
[2026-03-22T04:18:37.007+0000] {processor.py:830} INFO - Processing file /home/airflow/.local/lib/python3.12/site-packages/airflow/example_dags/example_complex.py for tasks to queue
[2026-03-22T04:18:37.008+0000] {logging_mixin.py:188} INFO - [2026-03-22T04:18:37.007+0000] {dagbag.py:545} INFO - Filling up the DagBag from /home/airflow/.local/lib/python3.12/site-packages/airflow/example_dags/example_complex.py
[2026-03-22T04:18:37.014+0000] {processor.py:840} INFO - DAG(s) 'example_complex' retrieved from /home/airflow/.local/lib/python3.12/site-packages/airflow/example_dags/example_complex.py
[2026-03-22T04:18:37.027+0000] {logging_mixin.py:188} INFO - [2026-03-22T04:18:37.027+0000] {dag.py:3096} INFO - Sync 1 DAGs
[2026-03-22T04:18:37.032+0000] {logging_mixin.py:188} INFO - [2026-03-22T04:18:37.032+0000] {dag.py:3954} INFO - Setting next_dagrun for example_complex to None, run_after=None
[2026-03-22T04:18:37.045+0000] {processor.py:183} INFO - Processing /home/airflow/.local/lib/python3.12/site-packages/airflow/example_dags/example_complex.py took 0.043 seconds
[2026-03-22T04:19:07.691+0000] {processor.py:161} INFO - Started process (PID=1097) to work on /home/airflow/.local/lib/python3.12/site-packages/airflow/example_dags/example_complex.py
[2026-03-22T04:19:07.691+0000] {processor.py:830} INFO - Processing file /home/airflow/.local/lib/python3.12/site-packages/airflow/example_dags/example_complex.py for tasks to queue
[2026-03-22T04:19:07.692+0000] {logging_mixin.py:188} INFO - [2026-03-22T04:19:07.692+0000] {dagbag.py:545} INFO - Filling up the DagBag from /home/airflow/.local/lib/python3.12/site-packages/airflow/example_dags/example_complex.py
[2026-03-22T04:19:07.697+0000] {processor.py:840} INFO - DAG(s) 'example_complex' retrieved from /home/airflow/.local/lib/python3.12/site-packages/airflow/example_dags/example_complex.py
[2026-03-22T04:19:07.713+0000] {logging_mixin.py:188} INFO - [2026-03-22T04:19:07.713+0000] {dag.py:3096} INFO - Sync 1 DAGs
[2026-03-22T04:19:07.720+0000] {logging_mixin.py:188} INFO - [2026-03-22T04:19:07.720+0000] {dag.py:3954} INFO - Setting next_dagrun for example_complex to None, run_after=None
[2026-03-22T04:19:07.729+0000] {processor.py:183} INFO - Processing /home/airflow/.local/lib/python3.12/site-packages/airflow/example_dags/example_complex.py took 0.042 seconds
[2026-03-22T04:19:38.704+0000] {processor.py:161} INFO - Started process (PID=1155) to work on /home/airflow/.local/lib/python3.12/site-packages/airflow/example_dags/example_complex.py
[2026-03-22T04:19:38.710+0000] {processor.py:830} INFO - Processing file /home/airflow/.local/lib/python3.12/site-packages/airflow/example_dags/example_complex.py for tasks to queue
[2026-03-22T04:19:38.715+0000] {logging_mixin.py:188} INFO - [2026-03-22T04:19:38.715+0000] {dagbag.py:545} INFO - Filling up the DagBag from /home/airflow/.local/lib/python3.12/site-packages/airflow/example_dags/example_complex.py
[2026-03-22T04:19:38.747+0000] {processor.py:840} INFO - DAG(s) 'example_complex' retrieved from /home/airflow/.local/lib/python3.12/site-packages/airflow/example_dags/example_complex.py
[2026-03-22T04:19:38.826+0000] {logging_mixin.py:188} INFO - [2026-03-22T04:19:38.826+0000] {dag.py:3096} INFO - Sync 1 DAGs
[2026-03-22T04:19:38.865+0000] {logging_mixin.py:188} INFO - [2026-03-22T04:19:38.865+0000] {dag.py:3954} INFO - Setting next_dagrun for example_complex to None, run_after=None
[2026-03-22T04:19:38.893+0000] {processor.py:183} INFO - Processing /home/airflow/.local/lib/python3.12/site-packages/airflow/example_dags/example_complex.py took 0.210 seconds
[2026-03-22T04:20:09.341+0000] {processor.py:161} INFO - Started process (PID=1213) to work on /home/airflow/.local/lib/python3.12/site-packages/airflow/example_dags/example_complex.py
[2026-03-22T04:20:09.342+0000] {processor.py:830} INFO - Processing file /home/airflow/.local/lib/python3.12/site-packages/airflow/example_dags/example_complex.py for tasks to queue
[2026-03-22T04:20:09.344+0000] {logging_mixin.py:188} INFO - [2026-03-22T04:20:09.344+0000] {dagbag.py:545} INFO - Filling up the DagBag from /home/airflow/.local/lib/python3.12/site-packages/airflow/example_dags/example_complex.py
[2026-03-22T04:20:09.349+0000] {processor.py:840} INFO - DAG(s) 'example_complex' retrieved from /home/airflow/.local/lib/python3.12/site-packages/airflow/example_dags/example_complex.py
[2026-03-22T04:20:09.363+0000] {logging_mixin.py:188} INFO - [2026-03-22T04:20:09.363+0000] {dag.py:3096} INFO - Sync 1 DAGs
[2026-03-22T04:20:09.369+0000] {logging_mixin.py:188} INFO - [2026-03-22T04:20:09.369+0000] {dag.py:3954} INFO - Setting next_dagrun for example_complex to None, run_after=None
[2026-03-22T04:20:09.378+0000] {processor.py:183} INFO - Processing /home/airflow/.local/lib/python3.12/site-packages/airflow/example_dags/example_complex.py took 0.040 seconds
[2026-03-22T04:20:40.288+0000] {processor.py:161} INFO - Started process (PID=1271) to work on /home/airflow/.local/lib/python3.12/site-packages/airflow/example_dags/example_complex.py
[2026-03-22T04:20:40.288+0000] {processor.py:830} INFO - Processing file /home/airflow/.local/lib/python3.12/site-packages/airflow/example_dags/example_complex.py for tasks to queue
[2026-03-22T04:20:40.290+0000] {logging_mixin.py:188} INFO - [2026-03-22T04:20:40.290+0000] {dagbag.py:545} INFO - Filling up the DagBag from /home/airflow/.local/lib/python3.12/site-packages/airflow/example_dags/example_complex.py
[2026-03-22T04:20:40.295+0000] {processor.py:840} INFO - DAG(s) 'example_complex' retrieved from /home/airflow/.local/lib/python3.12/site-packages/airflow/example_dags/example_complex.py
[2026-03-22T04:20:40.321+0000] {logging_mixin.py:188} INFO - [2026-03-22T04:20:40.321+0000] {dag.py:3096} INFO - Sync 1 DAGs
[2026-03-22T04:20:40.330+0000] {logging_mixin.py:188} INFO - [2026-03-22T04:20:40.330+0000] {dag.py:3954} INFO - Setting next_dagrun for example_complex to None, run_after=None
[2026-03-22T04:20:40.339+0000] {processor.py:183} INFO - Processing /home/airflow/.local/lib/python3.12/site-packages/airflow/example_dags/example_complex.py took 0.054 seconds
[2026-03-22T04:21:11.166+0000] {processor.py:161} INFO - Started process (PID=1328) to work on /home/airflow/.local/lib/python3.12/site-packages/airflow/example_dags/example_complex.py
[2026-03-22T04:21:11.167+0000] {processor.py:830} INFO - Processing file /home/airflow/.local/lib/python3.12/site-packages/airflow/example_dags/example_complex.py for tasks to queue
[2026-03-22T04:21:11.170+0000] {logging_mixin.py:188} INFO - [2026-03-22T04:21:11.169+0000] {dagbag.py:545} INFO - Filling up the DagBag from /home/airflow/.local/lib/python3.12/site-packages/airflow/example_dags/example_complex.py
[2026-03-22T04:21:11.180+0000] {processor.py:840} INFO - DAG(s) 'example_complex' retrieved from /home/airflow/.local/lib/python3.12/site-packages/airflow/example_dags/example_complex.py
[2026-03-22T04:21:11.206+0000] {logging_mixin.py:188} INFO - [2026-03-22T04:21:11.205+0000] {dag.py:3096} INFO - Sync 1 DAGs
[2026-03-22T04:21:11.215+0000] {logging_mixin.py:188} INFO - [2026-03-22T04:21:11.214+0000] {dag.py:3954} INFO - Setting next_dagrun for example_complex to None, run_after=None
[2026-03-22T04:21:11.234+0000] {processor.py:183} INFO - Processing /home/airflow/.local/lib/python3.12/site-packages/airflow/example_dags/example_complex.py took 0.081 seconds
[2026-03-22T04:21:42.580+0000] {processor.py:161} INFO - Started process (PID=1386) to work on /home/airflow/.local/lib/python3.12/site-packages/airflow/example_dags/example_complex.py
[2026-03-22T04:21:42.583+0000] {processor.py:830} INFO - Processing file /home/airflow/.local/lib/python3.12/site-packages/airflow/example_dags/example_complex.py for tasks to queue
[2026-03-22T04:21:42.586+0000] {logging_mixin.py:188} INFO - [2026-03-22T04:21:42.586+0000] {dagbag.py:545} INFO - Filling up the DagBag from /home/airflow/.local/lib/python3.12/site-packages/airflow/example_dags/example_complex.py
[2026-03-22T04:21:42.599+0000] {processor.py:840} INFO - DAG(s) 'example_complex' retrieved from /home/airflow/.local/lib/python3.12/site-packages/airflow/example_dags/example_complex.py
[2026-03-22T04:21:42.629+0000] {logging_mixin.py:188} INFO - [2026-03-22T04:21:42.629+0000] {dag.py:3096} INFO - Sync 1 DAGs
[2026-03-22T04:21:42.644+0000] {logging_mixin.py:188} INFO - [2026-03-22T04:21:42.644+0000] {dag.py:3954} INFO - Setting next_dagrun for example_complex to None, run_after=None
[2026-03-22T04:21:42.660+0000] {processor.py:183} INFO - Processing /home/airflow/.local/lib/python3.12/site-packages/airflow/example_dags/example_complex.py took 0.085 seconds
[2026-03-22T04:22:19.282+0000] {processor.py:161} INFO - Started process (PID=1445) to work on /home/airflow/.local/lib/python3.12/site-packages/airflow/example_dags/example_complex.py
[2026-03-22T04:22:19.291+0000] {processor.py:830} INFO - Processing file /home/airflow/.local/lib/python3.12/site-packages/airflow/example_dags/example_complex.py for tasks to queue
[2026-03-22T04:22:19.323+0000] {logging_mixin.py:188} INFO - [2026-03-22T04:22:19.305+0000] {dagbag.py:545} INFO - Filling up the DagBag from /home/airflow/.local/lib/python3.12/site-packages/airflow/example_dags/example_complex.py
[2026-03-22T04:22:20.808+0000] {processor.py:840} INFO - DAG(s) 'example_complex' retrieved from /home/airflow/.local/lib/python3.12/site-packages/airflow/example_dags/example_complex.py
[2026-03-22T04:22:46.876+0000] {logging_mixin.py:188} INFO - [2026-03-22T04:22:46.815+0000] {dag.py:3096} INFO - Sync 1 DAGs
[2026-03-22T04:22:48.130+0000] {logging_mixin.py:188} INFO - [2026-03-22T04:22:48.100+0000] {dag.py:3954} INFO - Setting next_dagrun for example_complex to None, run_after=None
[2026-03-22T04:22:55.723+0000] {processor.py:183} INFO - Processing /home/airflow/.local/lib/python3.12/site-packages/airflow/example_dags/example_complex.py took 37.356 seconds
[2026-03-22T04:23:27.551+0000] {processor.py:161} INFO - Started process (PID=1508) to work on /home/airflow/.local/lib/python3.12/site-packages/airflow/example_dags/example_complex.py
[2026-03-22T04:23:27.555+0000] {processor.py:830} INFO - Processing file /home/airflow/.local/lib/python3.12/site-packages/airflow/example_dags/example_complex.py for tasks to queue
[2026-03-22T04:23:27.568+0000] {logging_mixin.py:188} INFO - [2026-03-22T04:23:27.567+0000] {dagbag.py:545} INFO - Filling up the DagBag from /home/airflow/.local/lib/python3.12/site-packages/airflow/example_dags/example_complex.py
[2026-03-22T04:23:27.592+0000] {processor.py:840} INFO - DAG(s) 'example_complex' retrieved from /home/airflow/.local/lib/python3.12/site-packages/airflow/example_dags/example_complex.py
[2026-03-22T04:23:27.658+0000] {logging_mixin.py:188} INFO - [2026-03-22T04:23:27.658+0000] {dag.py:3096} INFO - Sync 1 DAGs
[2026-03-22T04:23:27.679+0000] {logging_mixin.py:188} INFO - [2026-03-22T04:23:27.679+0000] {dag.py:3954} INFO - Setting next_dagrun for example_complex to None, run_after=None
[2026-03-22T04:23:27.701+0000] {processor.py:183} INFO - Processing /home/airflow/.local/lib/python3.12/site-packages/airflow/example_dags/example_complex.py took 0.164 seconds
[2026-03-22T04:23:58.416+0000] {processor.py:161} INFO - Started process (PID=1566) to work on /home/airflow/.local/lib/python3.12/site-packages/airflow/example_dags/example_complex.py
[2026-03-22T04:23:58.418+0000] {processor.py:830} INFO - Processing file /home/airflow/.local/lib/python3.12/site-packages/airflow/example_dags/example_complex.py for tasks to queue
[2026-03-22T04:23:58.428+0000] {logging_mixin.py:188} INFO - [2026-03-22T04:23:58.427+0000] {dagbag.py:545} INFO - Filling up the DagBag from /home/airflow/.local/lib/python3.12/site-packages/airflow/example_dags/example_complex.py
[2026-03-22T04:23:58.446+0000] {processor.py:840} INFO - DAG(s) 'example_complex' retrieved from /home/airflow/.local/lib/python3.12/site-packages/airflow/example_dags/example_complex.py
[2026-03-22T04:23:58.491+0000] {logging_mixin.py:188} INFO - [2026-03-22T04:23:58.491+0000] {dag.py:3096} INFO - Sync 1 DAGs
[2026-03-22T04:23:58.501+0000] {logging_mixin.py:188} INFO - [2026-03-22T04:23:58.501+0000] {dag.py:3954} INFO - Setting next_dagrun for example_complex to None, run_after=None
[2026-03-22T04:23:58.512+0000] {processor.py:183} INFO - Processing /home/airflow/.local/lib/python3.12/site-packages/airflow/example_dags/example_complex.py took 0.112 seconds
[2026-03-22T04:24:29.344+0000] {processor.py:161} INFO - Started process (PID=1624) to work on /home/airflow/.local/lib/python3.12/site-packages/airflow/example_dags/example_complex.py
[2026-03-22T04:24:29.359+0000] {processor.py:830} INFO - Processing file /home/airflow/.local/lib/python3.12/site-packages/airflow/example_dags/example_complex.py for tasks to queue
[2026-03-22T04:24:29.390+0000] {logging_mixin.py:188} INFO - [2026-03-22T04:24:29.383+0000] {dagbag.py:545} INFO - Filling up the DagBag from /home/airflow/.local/lib/python3.12/site-packages/airflow/example_dags/example_complex.py
[2026-03-22T04:24:29.615+0000] {processor.py:840} INFO - DAG(s) 'example_complex' retrieved from /home/airflow/.local/lib/python3.12/site-packages/airflow/example_dags/example_complex.py
[2026-03-22T04:24:30.323+0000] {logging_mixin.py:188} INFO - [2026-03-22T04:24:30.300+0000] {dag.py:3096} INFO - Sync 1 DAGs
[2026-03-22T04:24:30.509+0000] {logging_mixin.py:188} INFO - [2026-03-22T04:24:30.498+0000] {dag.py:3954} INFO - Setting next_dagrun for example_complex to None, run_after=None
[2026-03-22T04:24:33.722+0000] {processor.py:183} INFO - Processing /home/airflow/.local/lib/python3.12/site-packages/airflow/example_dags/example_complex.py took 4.358 seconds
[2026-03-22T04:25:19.749+0000] {processor.py:161} INFO - Started process (PID=1639) to work on /home/airflow/.local/lib/python3.12/site-packages/airflow/example_dags/example_complex.py
[2026-03-22T04:25:19.765+0000] {processor.py:830} INFO - Processing file /home/airflow/.local/lib/python3.12/site-packages/airflow/example_dags/example_complex.py for tasks to queue
[2026-03-22T04:25:19.808+0000] {logging_mixin.py:188} INFO - [2026-03-22T04:25:19.777+0000] {dagbag.py:545} INFO - Filling up the DagBag from /home/airflow/.local/lib/python3.12/site-packages/airflow/example_dags/example_complex.py
[2026-03-22T04:25:20.006+0000] {processor.py:840} INFO - DAG(s) 'example_complex' retrieved from /home/airflow/.local/lib/python3.12/site-packages/airflow/example_dags/example_complex.py
[2026-03-22T04:25:20.920+0000] {logging_mixin.py:188} INFO - [2026-03-22T04:25:20.917+0000] {dag.py:3096} INFO - Sync 1 DAGs
[2026-03-22T04:25:21.056+0000] {logging_mixin.py:188} INFO - [2026-03-22T04:25:21.056+0000] {dag.py:3954} INFO - Setting next_dagrun for example_complex to None, run_after=None
[2026-03-22T04:25:21.176+0000] {processor.py:183} INFO - Processing /home/airflow/.local/lib/python3.12/site-packages/airflow/example_dags/example_complex.py took 1.571 seconds
[2026-03-22T04:25:52.168+0000] {processor.py:161} INFO - Started process (PID=1697) to work on /home/airflow/.local/lib/python3.12/site-packages/airflow/example_dags/example_complex.py
[2026-03-22T04:25:52.181+0000] {processor.py:830} INFO - Processing file /home/airflow/.local/lib/python3.12/site-packages/airflow/example_dags/example_complex.py for tasks to queue
[2026-03-22T04:25:52.203+0000] {logging_mixin.py:188} INFO - [2026-03-22T04:25:52.200+0000] {dagbag.py:545} INFO - Filling up the DagBag from /home/airflow/.local/lib/python3.12/site-packages/airflow/example_dags/example_complex.py
[2026-03-22T04:25:52.251+0000] {processor.py:840} INFO - DAG(s) 'example_complex' retrieved from /home/airflow/.local/lib/python3.12/site-packages/airflow/example_dags/example_complex.py
[2026-03-22T04:25:52.396+0000] {logging_mixin.py:188} INFO - [2026-03-22T04:25:52.395+0000] {dag.py:3096} INFO - Sync 1 DAGs
[2026-03-22T04:25:52.447+0000] {logging_mixin.py:188} INFO - [2026-03-22T04:25:52.446+0000] {dag.py:3954} INFO - Setting next_dagrun for example_complex to None, run_after=None
[2026-03-22T04:25:52.512+0000] {processor.py:183} INFO - Processing /home/airflow/.local/lib/python3.12/site-packages/airflow/example_dags/example_complex.py took 0.399 seconds
[2026-03-22T04:27:14.545+0000] {processor.py:161} INFO - Started process (PID=1740) to work on /home/airflow/.local/lib/python3.12/site-packages/airflow/example_dags/example_complex.py
[2026-03-22T04:27:14.556+0000] {processor.py:830} INFO - Processing file /home/airflow/.local/lib/python3.12/site-packages/airflow/example_dags/example_complex.py for tasks to queue
[2026-03-22T04:27:14.608+0000] {logging_mixin.py:188} INFO - [2026-03-22T04:27:14.586+0000] {dagbag.py:545} INFO - Filling up the DagBag from /home/airflow/.local/lib/python3.12/site-packages/airflow/example_dags/example_complex.py
[2026-03-22T04:27:14.783+0000] {processor.py:840} INFO - DAG(s) 'example_complex' retrieved from /home/airflow/.local/lib/python3.12/site-packages/airflow/example_dags/example_complex.py
[2026-03-22T04:27:15.621+0000] {logging_mixin.py:188} INFO - [2026-03-22T04:27:15.615+0000] {dag.py:3096} INFO - Sync 1 DAGs
[2026-03-22T04:27:20.013+0000] {logging_mixin.py:188} INFO - [2026-03-22T04:27:20.000+0000] {dag.py:3954} INFO - Setting next_dagrun for example_complex to None, run_after=None
[2026-03-22T04:27:21.142+0000] {processor.py:183} INFO - Processing /home/airflow/.local/lib/python3.12/site-packages/airflow/example_dags/example_complex.py took 6.625 seconds
[2026-03-22T04:32:47.205+0000] {processor.py:161} INFO - Started process (PID=1828) to work on /home/airflow/.local/lib/python3.12/site-packages/airflow/example_dags/example_complex.py
[2026-03-22T04:32:47.343+0000] {processor.py:830} INFO - Processing file /home/airflow/.local/lib/python3.12/site-packages/airflow/example_dags/example_complex.py for tasks to queue
[2026-03-22T04:32:47.392+0000] {logging_mixin.py:188} INFO - [2026-03-22T04:32:47.378+0000] {dagbag.py:545} INFO - Filling up the DagBag from /home/airflow/.local/lib/python3.12/site-packages/airflow/example_dags/example_complex.py
[2026-03-22T04:33:00.950+0000] {processor.py:840} INFO - DAG(s) 'example_complex' retrieved from /home/airflow/.local/lib/python3.12/site-packages/airflow/example_dags/example_complex.py
[2026-03-22T04:33:20.939+0000] {logging_mixin.py:188} INFO - [2026-03-22T04:33:20.918+0000] {dag.py:3096} INFO - Sync 1 DAGs
[2026-03-22T04:33:21.379+0000] {logging_mixin.py:188} INFO - [2026-03-22T04:33:21.363+0000] {dag.py:3954} INFO - Setting next_dagrun for example_complex to None, run_after=None
[2026-03-22T04:33:22.319+0000] {processor.py:183} INFO - Processing /home/airflow/.local/lib/python3.12/site-packages/airflow/example_dags/example_complex.py took 35.321 seconds
[2026-03-22T04:36:32.277+0000] {processor.py:161} INFO - Started process (PID=1901) to work on /home/airflow/.local/lib/python3.12/site-packages/airflow/example_dags/example_complex.py
[2026-03-22T04:36:32.296+0000] {processor.py:830} INFO - Processing file /home/airflow/.local/lib/python3.12/site-packages/airflow/example_dags/example_complex.py for tasks to queue
[2026-03-22T04:36:32.443+0000] {logging_mixin.py:188} INFO - [2026-03-22T04:36:32.379+0000] {dagbag.py:545} INFO - Filling up the DagBag from /home/airflow/.local/lib/python3.12/site-packages/airflow/example_dags/example_complex.py
[2026-03-22T04:36:33.338+0000] {processor.py:840} INFO - DAG(s) 'example_complex' retrieved from /home/airflow/.local/lib/python3.12/site-packages/airflow/example_dags/example_complex.py
[2026-03-22T04:36:36.655+0000] {logging_mixin.py:188} INFO - [2026-03-22T04:36:36.569+0000] {dag.py:3096} INFO - Sync 1 DAGs
[2026-03-22T04:36:38.273+0000] {logging_mixin.py:188} INFO - [2026-03-22T04:36:38.170+0000] {dag.py:3954} INFO - Setting next_dagrun for example_complex to None, run_after=None
[2026-03-22T04:36:41.359+0000] {processor.py:183} INFO - Processing /home/airflow/.local/lib/python3.12/site-packages/airflow/example_dags/example_complex.py took 9.842 seconds
[2026-03-22T04:38:51.294+0000] {processor.py:161} INFO - Started process (PID=1961) to work on /home/airflow/.local/lib/python3.12/site-packages/airflow/example_dags/example_complex.py
[2026-03-22T04:38:51.303+0000] {processor.py:830} INFO - Processing file /home/airflow/.local/lib/python3.12/site-packages/airflow/example_dags/example_complex.py for tasks to queue
[2026-03-22T04:38:51.327+0000] {logging_mixin.py:188} INFO - [2026-03-22T04:38:51.324+0000] {dagbag.py:545} INFO - Filling up the DagBag from /home/airflow/.local/lib/python3.12/site-packages/airflow/example_dags/example_complex.py
[2026-03-22T04:38:51.450+0000] {processor.py:840} INFO - DAG(s) 'example_complex' retrieved from /home/airflow/.local/lib/python3.12/site-packages/airflow/example_dags/example_complex.py
[2026-03-22T04:38:51.793+0000] {logging_mixin.py:188} INFO - [2026-03-22T04:38:51.786+0000] {dag.py:3096} INFO - Sync 1 DAGs
[2026-03-22T04:38:51.956+0000] {logging_mixin.py:188} INFO - [2026-03-22T04:38:51.954+0000] {dag.py:3954} INFO - Setting next_dagrun for example_complex to None, run_after=None
[2026-03-22T04:38:52.083+0000] {processor.py:183} INFO - Processing /home/airflow/.local/lib/python3.12/site-packages/airflow/example_dags/example_complex.py took 0.847 seconds
[2026-03-22T04:39:41.619+0000] {processor.py:161} INFO - Started process (PID=2005) to work on /home/airflow/.local/lib/python3.12/site-packages/airflow/example_dags/example_complex.py
[2026-03-22T04:39:41.633+0000] {processor.py:830} INFO - Processing file /home/airflow/.local/lib/python3.12/site-packages/airflow/example_dags/example_complex.py for tasks to queue
[2026-03-22T04:39:41.660+0000] {logging_mixin.py:188} INFO - [2026-03-22T04:39:41.647+0000] {dagbag.py:545} INFO - Filling up the DagBag from /home/airflow/.local/lib/python3.12/site-packages/airflow/example_dags/example_complex.py
[2026-03-22T04:39:41.780+0000] {processor.py:840} INFO - DAG(s) 'example_complex' retrieved from /home/airflow/.local/lib/python3.12/site-packages/airflow/example_dags/example_complex.py
[2026-03-22T04:39:42.530+0000] {logging_mixin.py:188} INFO - [2026-03-22T04:39:42.521+0000] {dag.py:3096} INFO - Sync 1 DAGs
[2026-03-22T04:39:42.787+0000] {logging_mixin.py:188} INFO - [2026-03-22T04:39:42.771+0000] {dag.py:3954} INFO - Setting next_dagrun for example_complex to None, run_after=None
[2026-03-22T04:39:43.365+0000] {processor.py:183} INFO - Processing /home/airflow/.local/lib/python3.12/site-packages/airflow/example_dags/example_complex.py took 1.876 seconds
[2026-03-22T04:40:49.233+0000] {processor.py:161} INFO - Started process (PID=2069) to work on /home/airflow/.local/lib/python3.12/site-packages/airflow/example_dags/example_complex.py
[2026-03-22T04:40:49.248+0000] {processor.py:830} INFO - Processing file /home/airflow/.local/lib/python3.12/site-packages/airflow/example_dags/example_complex.py for tasks to queue
[2026-03-22T04:40:49.275+0000] {logging_mixin.py:188} INFO - [2026-03-22T04:40:49.273+0000] {dagbag.py:545} INFO - Filling up the DagBag from /home/airflow/.local/lib/python3.12/site-packages/airflow/example_dags/example_complex.py
[2026-03-22T04:40:49.391+0000] {processor.py:840} INFO - DAG(s) 'example_complex' retrieved from /home/airflow/.local/lib/python3.12/site-packages/airflow/example_dags/example_complex.py
[2026-03-22T04:40:50.151+0000] {logging_mixin.py:188} INFO - [2026-03-22T04:40:50.142+0000] {dag.py:3096} INFO - Sync 1 DAGs
[2026-03-22T04:40:50.240+0000] {logging_mixin.py:188} INFO - [2026-03-22T04:40:50.239+0000] {dag.py:3954} INFO - Setting next_dagrun for example_complex to None, run_after=None
[2026-03-22T04:40:50.514+0000] {processor.py:183} INFO - Processing /home/airflow/.local/lib/python3.12/site-packages/airflow/example_dags/example_complex.py took 1.386 seconds
[2026-03-22T04:41:37.890+0000] {processor.py:161} INFO - Started process (PID=2127) to work on /home/airflow/.local/lib/python3.12/site-packages/airflow/example_dags/example_complex.py
[2026-03-22T04:41:37.891+0000] {processor.py:830} INFO - Processing file /home/airflow/.local/lib/python3.12/site-packages/airflow/example_dags/example_complex.py for tasks to queue
[2026-03-22T04:41:37.893+0000] {logging_mixin.py:188} INFO - [2026-03-22T04:41:37.893+0000] {dagbag.py:545} INFO - Filling up the DagBag from /home/airflow/.local/lib/python3.12/site-packages/airflow/example_dags/example_complex.py
[2026-03-22T04:41:37.912+0000] {processor.py:840} INFO - DAG(s) 'example_complex' retrieved from /home/airflow/.local/lib/python3.12/site-packages/airflow/example_dags/example_complex.py
[2026-03-22T04:41:37.963+0000] {logging_mixin.py:188} INFO - [2026-03-22T04:41:37.963+0000] {dag.py:3096} INFO - Sync 1 DAGs
[2026-03-22T04:41:37.989+0000] {logging_mixin.py:188} INFO - [2026-03-22T04:41:37.988+0000] {dag.py:3954} INFO - Setting next_dagrun for example_complex to None, run_after=None
[2026-03-22T04:41:38.026+0000] {processor.py:183} INFO - Processing /home/airflow/.local/lib/python3.12/site-packages/airflow/example_dags/example_complex.py took 0.141 seconds
[2026-03-22T04:42:26.576+0000] {processor.py:161} INFO - Started process (PID=2178) to work on /home/airflow/.local/lib/python3.12/site-packages/airflow/example_dags/example_complex.py
[2026-03-22T04:42:26.603+0000] {processor.py:830} INFO - Processing file /home/airflow/.local/lib/python3.12/site-packages/airflow/example_dags/example_complex.py for tasks to queue
[2026-03-22T04:42:26.905+0000] {logging_mixin.py:188} INFO - [2026-03-22T04:42:26.833+0000] {dagbag.py:545} INFO - Filling up the DagBag from /home/airflow/.local/lib/python3.12/site-packages/airflow/example_dags/example_complex.py
[2026-03-22T04:42:27.373+0000] {processor.py:840} INFO - DAG(s) 'example_complex' retrieved from /home/airflow/.local/lib/python3.12/site-packages/airflow/example_dags/example_complex.py
[2026-03-22T04:42:27.573+0000] {logging_mixin.py:188} INFO - [2026-03-22T04:42:27.571+0000] {dag.py:3096} INFO - Sync 1 DAGs
[2026-03-22T04:42:27.623+0000] {logging_mixin.py:188} INFO - [2026-03-22T04:42:27.623+0000] {dag.py:3954} INFO - Setting next_dagrun for example_complex to None, run_after=None
[2026-03-22T04:42:27.749+0000] {processor.py:183} INFO - Processing /home/airflow/.local/lib/python3.12/site-packages/airflow/example_dags/example_complex.py took 1.409 seconds
[2026-03-22T04:42:58.298+0000] {processor.py:161} INFO - Started process (PID=2234) to work on /home/airflow/.local/lib/python3.12/site-packages/airflow/example_dags/example_complex.py
[2026-03-22T04:42:58.302+0000] {processor.py:830} INFO - Processing file /home/airflow/.local/lib/python3.12/site-packages/airflow/example_dags/example_complex.py for tasks to queue
[2026-03-22T04:42:58.311+0000] {logging_mixin.py:188} INFO - [2026-03-22T04:42:58.310+0000] {dagbag.py:545} INFO - Filling up the DagBag from /home/airflow/.local/lib/python3.12/site-packages/airflow/example_dags/example_complex.py
[2026-03-22T04:42:58.344+0000] {processor.py:840} INFO - DAG(s) 'example_complex' retrieved from /home/airflow/.local/lib/python3.12/site-packages/airflow/example_dags/example_complex.py
[2026-03-22T04:42:58.434+0000] {logging_mixin.py:188} INFO - [2026-03-22T04:42:58.434+0000] {dag.py:3096} INFO - Sync 1 DAGs
[2026-03-22T04:42:58.462+0000] {logging_mixin.py:188} INFO - [2026-03-22T04:42:58.462+0000] {dag.py:3954} INFO - Setting next_dagrun for example_complex to None, run_after=None
[2026-03-22T04:42:58.482+0000] {processor.py:183} INFO - Processing /home/airflow/.local/lib/python3.12/site-packages/airflow/example_dags/example_complex.py took 0.198 seconds
