[2026-03-22T04:09:16.161+0000] {processor.py:161} INFO - Started process (PID=60) to work on /home/airflow/.local/lib/python3.12/site-packages/airflow/example_dags/example_external_task_marker_dag.py
[2026-03-22T04:09:16.163+0000] {processor.py:830} INFO - Processing file /home/airflow/.local/lib/python3.12/site-packages/airflow/example_dags/example_external_task_marker_dag.py for tasks to queue
[2026-03-22T04:09:16.165+0000] {logging_mixin.py:188} INFO - [2026-03-22T04:09:16.165+0000] {dagbag.py:545} INFO - Filling up the DagBag from /home/airflow/.local/lib/python3.12/site-packages/airflow/example_dags/example_external_task_marker_dag.py
[2026-03-22T04:09:16.181+0000] {processor.py:840} INFO - DAG(s) 'example_external_task_marker_child', 'example_external_task_marker_parent' retrieved from /home/airflow/.local/lib/python3.12/site-packages/airflow/example_dags/example_external_task_marker_dag.py
[2026-03-22T04:09:16.194+0000] {logging_mixin.py:188} INFO - [2026-03-22T04:09:16.193+0000] {dag.py:3096} INFO - Sync 2 DAGs
[2026-03-22T04:09:16.211+0000] {logging_mixin.py:188} INFO - [2026-03-22T04:09:16.211+0000] {dag.py:3954} INFO - Setting next_dagrun for example_external_task_marker_child to None, run_after=None
[2026-03-22T04:09:16.216+0000] {logging_mixin.py:188} INFO - [2026-03-22T04:09:16.216+0000] {dag.py:3954} INFO - Setting next_dagrun for example_external_task_marker_parent to None, run_after=None
[2026-03-22T04:09:16.242+0000] {processor.py:183} INFO - Processing /home/airflow/.local/lib/python3.12/site-packages/airflow/example_dags/example_external_task_marker_dag.py took 0.087 seconds
[2026-03-22T04:09:47.010+0000] {processor.py:161} INFO - Started process (PID=117) to work on /home/airflow/.local/lib/python3.12/site-packages/airflow/example_dags/example_external_task_marker_dag.py
[2026-03-22T04:09:47.011+0000] {processor.py:830} INFO - Processing file /home/airflow/.local/lib/python3.12/site-packages/airflow/example_dags/example_external_task_marker_dag.py for tasks to queue
[2026-03-22T04:09:47.012+0000] {logging_mixin.py:188} INFO - [2026-03-22T04:09:47.012+0000] {dagbag.py:545} INFO - Filling up the DagBag from /home/airflow/.local/lib/python3.12/site-packages/airflow/example_dags/example_external_task_marker_dag.py
[2026-03-22T04:09:47.015+0000] {processor.py:840} INFO - DAG(s) 'example_external_task_marker_parent', 'example_external_task_marker_child' retrieved from /home/airflow/.local/lib/python3.12/site-packages/airflow/example_dags/example_external_task_marker_dag.py
[2026-03-22T04:09:47.060+0000] {logging_mixin.py:188} INFO - [2026-03-22T04:09:47.060+0000] {dag.py:3096} INFO - Sync 2 DAGs
[2026-03-22T04:09:47.066+0000] {logging_mixin.py:188} INFO - [2026-03-22T04:09:47.066+0000] {dag.py:3954} INFO - Setting next_dagrun for example_external_task_marker_child to None, run_after=None
[2026-03-22T04:09:47.067+0000] {logging_mixin.py:188} INFO - [2026-03-22T04:09:47.067+0000] {dag.py:3954} INFO - Setting next_dagrun for example_external_task_marker_parent to None, run_after=None
[2026-03-22T04:09:47.078+0000] {processor.py:183} INFO - Processing /home/airflow/.local/lib/python3.12/site-packages/airflow/example_dags/example_external_task_marker_dag.py took 0.073 seconds
[2026-03-22T04:10:17.655+0000] {processor.py:161} INFO - Started process (PID=175) to work on /home/airflow/.local/lib/python3.12/site-packages/airflow/example_dags/example_external_task_marker_dag.py
[2026-03-22T04:10:17.659+0000] {processor.py:830} INFO - Processing file /home/airflow/.local/lib/python3.12/site-packages/airflow/example_dags/example_external_task_marker_dag.py for tasks to queue
[2026-03-22T04:10:17.662+0000] {logging_mixin.py:188} INFO - [2026-03-22T04:10:17.661+0000] {dagbag.py:545} INFO - Filling up the DagBag from /home/airflow/.local/lib/python3.12/site-packages/airflow/example_dags/example_external_task_marker_dag.py
[2026-03-22T04:10:17.668+0000] {processor.py:840} INFO - DAG(s) 'example_external_task_marker_child', 'example_external_task_marker_parent' retrieved from /home/airflow/.local/lib/python3.12/site-packages/airflow/example_dags/example_external_task_marker_dag.py
[2026-03-22T04:10:17.684+0000] {logging_mixin.py:188} INFO - [2026-03-22T04:10:17.684+0000] {dag.py:3096} INFO - Sync 2 DAGs
[2026-03-22T04:10:17.692+0000] {logging_mixin.py:188} INFO - [2026-03-22T04:10:17.692+0000] {dag.py:3954} INFO - Setting next_dagrun for example_external_task_marker_child to None, run_after=None
[2026-03-22T04:10:17.695+0000] {logging_mixin.py:188} INFO - [2026-03-22T04:10:17.695+0000] {dag.py:3954} INFO - Setting next_dagrun for example_external_task_marker_parent to None, run_after=None
[2026-03-22T04:10:17.704+0000] {processor.py:183} INFO - Processing /home/airflow/.local/lib/python3.12/site-packages/airflow/example_dags/example_external_task_marker_dag.py took 0.061 seconds
[2026-03-22T04:10:47.934+0000] {processor.py:161} INFO - Started process (PID=233) to work on /home/airflow/.local/lib/python3.12/site-packages/airflow/example_dags/example_external_task_marker_dag.py
[2026-03-22T04:10:47.935+0000] {processor.py:830} INFO - Processing file /home/airflow/.local/lib/python3.12/site-packages/airflow/example_dags/example_external_task_marker_dag.py for tasks to queue
[2026-03-22T04:10:47.937+0000] {logging_mixin.py:188} INFO - [2026-03-22T04:10:47.937+0000] {dagbag.py:545} INFO - Filling up the DagBag from /home/airflow/.local/lib/python3.12/site-packages/airflow/example_dags/example_external_task_marker_dag.py
[2026-03-22T04:10:47.944+0000] {processor.py:840} INFO - DAG(s) 'example_external_task_marker_child', 'example_external_task_marker_parent' retrieved from /home/airflow/.local/lib/python3.12/site-packages/airflow/example_dags/example_external_task_marker_dag.py
[2026-03-22T04:10:47.967+0000] {logging_mixin.py:188} INFO - [2026-03-22T04:10:47.967+0000] {dag.py:3096} INFO - Sync 2 DAGs
[2026-03-22T04:10:47.977+0000] {logging_mixin.py:188} INFO - [2026-03-22T04:10:47.977+0000] {dag.py:3954} INFO - Setting next_dagrun for example_external_task_marker_child to None, run_after=None
[2026-03-22T04:10:47.979+0000] {logging_mixin.py:188} INFO - [2026-03-22T04:10:47.979+0000] {dag.py:3954} INFO - Setting next_dagrun for example_external_task_marker_parent to None, run_after=None
[2026-03-22T04:10:47.988+0000] {processor.py:183} INFO - Processing /home/airflow/.local/lib/python3.12/site-packages/airflow/example_dags/example_external_task_marker_dag.py took 0.056 seconds
[2026-03-22T04:11:18.414+0000] {processor.py:161} INFO - Started process (PID=291) to work on /home/airflow/.local/lib/python3.12/site-packages/airflow/example_dags/example_external_task_marker_dag.py
[2026-03-22T04:11:18.418+0000] {processor.py:830} INFO - Processing file /home/airflow/.local/lib/python3.12/site-packages/airflow/example_dags/example_external_task_marker_dag.py for tasks to queue
[2026-03-22T04:11:18.420+0000] {logging_mixin.py:188} INFO - [2026-03-22T04:11:18.420+0000] {dagbag.py:545} INFO - Filling up the DagBag from /home/airflow/.local/lib/python3.12/site-packages/airflow/example_dags/example_external_task_marker_dag.py
[2026-03-22T04:11:18.425+0000] {processor.py:840} INFO - DAG(s) 'example_external_task_marker_parent', 'example_external_task_marker_child' retrieved from /home/airflow/.local/lib/python3.12/site-packages/airflow/example_dags/example_external_task_marker_dag.py
[2026-03-22T04:11:18.450+0000] {logging_mixin.py:188} INFO - [2026-03-22T04:11:18.450+0000] {dag.py:3096} INFO - Sync 2 DAGs
[2026-03-22T04:11:18.460+0000] {logging_mixin.py:188} INFO - [2026-03-22T04:11:18.460+0000] {dag.py:3954} INFO - Setting next_dagrun for example_external_task_marker_child to None, run_after=None
[2026-03-22T04:11:18.463+0000] {logging_mixin.py:188} INFO - [2026-03-22T04:11:18.462+0000] {dag.py:3954} INFO - Setting next_dagrun for example_external_task_marker_parent to None, run_after=None
[2026-03-22T04:11:18.471+0000] {processor.py:183} INFO - Processing /home/airflow/.local/lib/python3.12/site-packages/airflow/example_dags/example_external_task_marker_dag.py took 0.061 seconds
[2026-03-22T04:11:49.194+0000] {processor.py:161} INFO - Started process (PID=349) to work on /home/airflow/.local/lib/python3.12/site-packages/airflow/example_dags/example_external_task_marker_dag.py
[2026-03-22T04:11:49.201+0000] {processor.py:830} INFO - Processing file /home/airflow/.local/lib/python3.12/site-packages/airflow/example_dags/example_external_task_marker_dag.py for tasks to queue
[2026-03-22T04:11:49.204+0000] {logging_mixin.py:188} INFO - [2026-03-22T04:11:49.203+0000] {dagbag.py:545} INFO - Filling up the DagBag from /home/airflow/.local/lib/python3.12/site-packages/airflow/example_dags/example_external_task_marker_dag.py
[2026-03-22T04:11:49.225+0000] {processor.py:840} INFO - DAG(s) 'example_external_task_marker_parent', 'example_external_task_marker_child' retrieved from /home/airflow/.local/lib/python3.12/site-packages/airflow/example_dags/example_external_task_marker_dag.py
[2026-03-22T04:11:49.260+0000] {logging_mixin.py:188} INFO - [2026-03-22T04:11:49.259+0000] {dag.py:3096} INFO - Sync 2 DAGs
[2026-03-22T04:11:49.281+0000] {logging_mixin.py:188} INFO - [2026-03-22T04:11:49.281+0000] {dag.py:3954} INFO - Setting next_dagrun for example_external_task_marker_child to None, run_after=None
[2026-03-22T04:11:49.285+0000] {logging_mixin.py:188} INFO - [2026-03-22T04:11:49.285+0000] {dag.py:3954} INFO - Setting next_dagrun for example_external_task_marker_parent to None, run_after=None
[2026-03-22T04:11:49.307+0000] {processor.py:183} INFO - Processing /home/airflow/.local/lib/python3.12/site-packages/airflow/example_dags/example_external_task_marker_dag.py took 0.118 seconds
[2026-03-22T04:12:19.723+0000] {processor.py:161} INFO - Started process (PID=407) to work on /home/airflow/.local/lib/python3.12/site-packages/airflow/example_dags/example_external_task_marker_dag.py
[2026-03-22T04:12:19.724+0000] {processor.py:830} INFO - Processing file /home/airflow/.local/lib/python3.12/site-packages/airflow/example_dags/example_external_task_marker_dag.py for tasks to queue
[2026-03-22T04:12:19.725+0000] {logging_mixin.py:188} INFO - [2026-03-22T04:12:19.725+0000] {dagbag.py:545} INFO - Filling up the DagBag from /home/airflow/.local/lib/python3.12/site-packages/airflow/example_dags/example_external_task_marker_dag.py
[2026-03-22T04:12:19.732+0000] {processor.py:840} INFO - DAG(s) 'example_external_task_marker_parent', 'example_external_task_marker_child' retrieved from /home/airflow/.local/lib/python3.12/site-packages/airflow/example_dags/example_external_task_marker_dag.py
[2026-03-22T04:12:19.751+0000] {logging_mixin.py:188} INFO - [2026-03-22T04:12:19.750+0000] {dag.py:3096} INFO - Sync 2 DAGs
[2026-03-22T04:12:19.758+0000] {logging_mixin.py:188} INFO - [2026-03-22T04:12:19.758+0000] {dag.py:3954} INFO - Setting next_dagrun for example_external_task_marker_child to None, run_after=None
[2026-03-22T04:12:19.759+0000] {logging_mixin.py:188} INFO - [2026-03-22T04:12:19.759+0000] {dag.py:3954} INFO - Setting next_dagrun for example_external_task_marker_parent to None, run_after=None
[2026-03-22T04:12:19.767+0000] {processor.py:183} INFO - Processing /home/airflow/.local/lib/python3.12/site-packages/airflow/example_dags/example_external_task_marker_dag.py took 0.047 seconds
[2026-03-22T04:12:49.965+0000] {processor.py:161} INFO - Started process (PID=465) to work on /home/airflow/.local/lib/python3.12/site-packages/airflow/example_dags/example_external_task_marker_dag.py
[2026-03-22T04:12:49.967+0000] {processor.py:830} INFO - Processing file /home/airflow/.local/lib/python3.12/site-packages/airflow/example_dags/example_external_task_marker_dag.py for tasks to queue
[2026-03-22T04:12:49.968+0000] {logging_mixin.py:188} INFO - [2026-03-22T04:12:49.968+0000] {dagbag.py:545} INFO - Filling up the DagBag from /home/airflow/.local/lib/python3.12/site-packages/airflow/example_dags/example_external_task_marker_dag.py
[2026-03-22T04:12:49.987+0000] {processor.py:840} INFO - DAG(s) 'example_external_task_marker_child', 'example_external_task_marker_parent' retrieved from /home/airflow/.local/lib/python3.12/site-packages/airflow/example_dags/example_external_task_marker_dag.py
[2026-03-22T04:12:50.021+0000] {logging_mixin.py:188} INFO - [2026-03-22T04:12:50.020+0000] {dag.py:3096} INFO - Sync 2 DAGs
[2026-03-22T04:12:50.043+0000] {logging_mixin.py:188} INFO - [2026-03-22T04:12:50.042+0000] {dag.py:3954} INFO - Setting next_dagrun for example_external_task_marker_child to None, run_after=None
[2026-03-22T04:12:50.047+0000] {logging_mixin.py:188} INFO - [2026-03-22T04:12:50.047+0000] {dag.py:3954} INFO - Setting next_dagrun for example_external_task_marker_parent to None, run_after=None
[2026-03-22T04:12:50.080+0000] {processor.py:183} INFO - Processing /home/airflow/.local/lib/python3.12/site-packages/airflow/example_dags/example_external_task_marker_dag.py took 0.123 seconds
[2026-03-22T04:13:20.440+0000] {processor.py:161} INFO - Started process (PID=523) to work on /home/airflow/.local/lib/python3.12/site-packages/airflow/example_dags/example_external_task_marker_dag.py
[2026-03-22T04:13:20.441+0000] {processor.py:830} INFO - Processing file /home/airflow/.local/lib/python3.12/site-packages/airflow/example_dags/example_external_task_marker_dag.py for tasks to queue
[2026-03-22T04:13:20.443+0000] {logging_mixin.py:188} INFO - [2026-03-22T04:13:20.443+0000] {dagbag.py:545} INFO - Filling up the DagBag from /home/airflow/.local/lib/python3.12/site-packages/airflow/example_dags/example_external_task_marker_dag.py
[2026-03-22T04:13:20.450+0000] {processor.py:840} INFO - DAG(s) 'example_external_task_marker_child', 'example_external_task_marker_parent' retrieved from /home/airflow/.local/lib/python3.12/site-packages/airflow/example_dags/example_external_task_marker_dag.py
[2026-03-22T04:13:20.471+0000] {logging_mixin.py:188} INFO - [2026-03-22T04:13:20.471+0000] {dag.py:3096} INFO - Sync 2 DAGs
[2026-03-22T04:13:20.483+0000] {logging_mixin.py:188} INFO - [2026-03-22T04:13:20.482+0000] {dag.py:3954} INFO - Setting next_dagrun for example_external_task_marker_child to None, run_after=None
[2026-03-22T04:13:20.485+0000] {logging_mixin.py:188} INFO - [2026-03-22T04:13:20.485+0000] {dag.py:3954} INFO - Setting next_dagrun for example_external_task_marker_parent to None, run_after=None
[2026-03-22T04:13:20.493+0000] {processor.py:183} INFO - Processing /home/airflow/.local/lib/python3.12/site-packages/airflow/example_dags/example_external_task_marker_dag.py took 0.056 seconds
[2026-03-22T04:13:50.737+0000] {processor.py:161} INFO - Started process (PID=581) to work on /home/airflow/.local/lib/python3.12/site-packages/airflow/example_dags/example_external_task_marker_dag.py
[2026-03-22T04:13:50.739+0000] {processor.py:830} INFO - Processing file /home/airflow/.local/lib/python3.12/site-packages/airflow/example_dags/example_external_task_marker_dag.py for tasks to queue
[2026-03-22T04:13:50.741+0000] {logging_mixin.py:188} INFO - [2026-03-22T04:13:50.741+0000] {dagbag.py:545} INFO - Filling up the DagBag from /home/airflow/.local/lib/python3.12/site-packages/airflow/example_dags/example_external_task_marker_dag.py
[2026-03-22T04:13:50.748+0000] {processor.py:840} INFO - DAG(s) 'example_external_task_marker_child', 'example_external_task_marker_parent' retrieved from /home/airflow/.local/lib/python3.12/site-packages/airflow/example_dags/example_external_task_marker_dag.py
[2026-03-22T04:13:50.762+0000] {logging_mixin.py:188} INFO - [2026-03-22T04:13:50.762+0000] {dag.py:3096} INFO - Sync 2 DAGs
[2026-03-22T04:13:50.769+0000] {logging_mixin.py:188} INFO - [2026-03-22T04:13:50.768+0000] {dag.py:3954} INFO - Setting next_dagrun for example_external_task_marker_child to None, run_after=None
[2026-03-22T04:13:50.771+0000] {logging_mixin.py:188} INFO - [2026-03-22T04:13:50.771+0000] {dag.py:3954} INFO - Setting next_dagrun for example_external_task_marker_parent to None, run_after=None
[2026-03-22T04:13:50.779+0000] {processor.py:183} INFO - Processing /home/airflow/.local/lib/python3.12/site-packages/airflow/example_dags/example_external_task_marker_dag.py took 0.052 seconds
[2026-03-22T04:14:21.845+0000] {processor.py:161} INFO - Started process (PID=639) to work on /home/airflow/.local/lib/python3.12/site-packages/airflow/example_dags/example_external_task_marker_dag.py
[2026-03-22T04:14:21.848+0000] {processor.py:830} INFO - Processing file /home/airflow/.local/lib/python3.12/site-packages/airflow/example_dags/example_external_task_marker_dag.py for tasks to queue
[2026-03-22T04:14:21.850+0000] {logging_mixin.py:188} INFO - [2026-03-22T04:14:21.849+0000] {dagbag.py:545} INFO - Filling up the DagBag from /home/airflow/.local/lib/python3.12/site-packages/airflow/example_dags/example_external_task_marker_dag.py
[2026-03-22T04:14:21.857+0000] {processor.py:840} INFO - DAG(s) 'example_external_task_marker_parent', 'example_external_task_marker_child' retrieved from /home/airflow/.local/lib/python3.12/site-packages/airflow/example_dags/example_external_task_marker_dag.py
[2026-03-22T04:14:21.870+0000] {logging_mixin.py:188} INFO - [2026-03-22T04:14:21.869+0000] {dag.py:3096} INFO - Sync 2 DAGs
[2026-03-22T04:14:21.879+0000] {logging_mixin.py:188} INFO - [2026-03-22T04:14:21.879+0000] {dag.py:3954} INFO - Setting next_dagrun for example_external_task_marker_child to None, run_after=None
[2026-03-22T04:14:21.881+0000] {logging_mixin.py:188} INFO - [2026-03-22T04:14:21.881+0000] {dag.py:3954} INFO - Setting next_dagrun for example_external_task_marker_parent to None, run_after=None
[2026-03-22T04:14:21.898+0000] {processor.py:183} INFO - Processing /home/airflow/.local/lib/python3.12/site-packages/airflow/example_dags/example_external_task_marker_dag.py took 0.058 seconds
[2026-03-22T04:14:52.815+0000] {processor.py:161} INFO - Started process (PID=696) to work on /home/airflow/.local/lib/python3.12/site-packages/airflow/example_dags/example_external_task_marker_dag.py
[2026-03-22T04:14:52.818+0000] {processor.py:830} INFO - Processing file /home/airflow/.local/lib/python3.12/site-packages/airflow/example_dags/example_external_task_marker_dag.py for tasks to queue
[2026-03-22T04:14:52.822+0000] {logging_mixin.py:188} INFO - [2026-03-22T04:14:52.821+0000] {dagbag.py:545} INFO - Filling up the DagBag from /home/airflow/.local/lib/python3.12/site-packages/airflow/example_dags/example_external_task_marker_dag.py
[2026-03-22T04:14:52.841+0000] {processor.py:840} INFO - DAG(s) 'example_external_task_marker_parent', 'example_external_task_marker_child' retrieved from /home/airflow/.local/lib/python3.12/site-packages/airflow/example_dags/example_external_task_marker_dag.py
[2026-03-22T04:14:52.917+0000] {logging_mixin.py:188} INFO - [2026-03-22T04:14:52.917+0000] {dag.py:3096} INFO - Sync 2 DAGs
[2026-03-22T04:14:52.929+0000] {logging_mixin.py:188} INFO - [2026-03-22T04:14:52.929+0000] {dag.py:3954} INFO - Setting next_dagrun for example_external_task_marker_child to None, run_after=None
[2026-03-22T04:14:52.934+0000] {logging_mixin.py:188} INFO - [2026-03-22T04:14:52.934+0000] {dag.py:3954} INFO - Setting next_dagrun for example_external_task_marker_parent to None, run_after=None
[2026-03-22T04:14:52.947+0000] {processor.py:183} INFO - Processing /home/airflow/.local/lib/python3.12/site-packages/airflow/example_dags/example_external_task_marker_dag.py took 0.152 seconds
[2026-03-22T04:15:23.819+0000] {processor.py:161} INFO - Started process (PID=761) to work on /home/airflow/.local/lib/python3.12/site-packages/airflow/example_dags/example_external_task_marker_dag.py
[2026-03-22T04:15:23.822+0000] {processor.py:830} INFO - Processing file /home/airflow/.local/lib/python3.12/site-packages/airflow/example_dags/example_external_task_marker_dag.py for tasks to queue
[2026-03-22T04:15:23.826+0000] {logging_mixin.py:188} INFO - [2026-03-22T04:15:23.824+0000] {dagbag.py:545} INFO - Filling up the DagBag from /home/airflow/.local/lib/python3.12/site-packages/airflow/example_dags/example_external_task_marker_dag.py
[2026-03-22T04:15:23.838+0000] {processor.py:840} INFO - DAG(s) 'example_external_task_marker_child', 'example_external_task_marker_parent' retrieved from /home/airflow/.local/lib/python3.12/site-packages/airflow/example_dags/example_external_task_marker_dag.py
[2026-03-22T04:15:23.868+0000] {logging_mixin.py:188} INFO - [2026-03-22T04:15:23.867+0000] {dag.py:3096} INFO - Sync 2 DAGs
[2026-03-22T04:15:23.885+0000] {logging_mixin.py:188} INFO - [2026-03-22T04:15:23.885+0000] {dag.py:3954} INFO - Setting next_dagrun for example_external_task_marker_child to None, run_after=None
[2026-03-22T04:15:23.888+0000] {logging_mixin.py:188} INFO - [2026-03-22T04:15:23.888+0000] {dag.py:3954} INFO - Setting next_dagrun for example_external_task_marker_parent to None, run_after=None
[2026-03-22T04:15:23.898+0000] {processor.py:183} INFO - Processing /home/airflow/.local/lib/python3.12/site-packages/airflow/example_dags/example_external_task_marker_dag.py took 0.087 seconds
[2026-03-22T04:15:54.487+0000] {processor.py:161} INFO - Started process (PID=819) to work on /home/airflow/.local/lib/python3.12/site-packages/airflow/example_dags/example_external_task_marker_dag.py
[2026-03-22T04:15:54.488+0000] {processor.py:830} INFO - Processing file /home/airflow/.local/lib/python3.12/site-packages/airflow/example_dags/example_external_task_marker_dag.py for tasks to queue
[2026-03-22T04:15:54.491+0000] {logging_mixin.py:188} INFO - [2026-03-22T04:15:54.490+0000] {dagbag.py:545} INFO - Filling up the DagBag from /home/airflow/.local/lib/python3.12/site-packages/airflow/example_dags/example_external_task_marker_dag.py
[2026-03-22T04:15:54.500+0000] {processor.py:840} INFO - DAG(s) 'example_external_task_marker_child', 'example_external_task_marker_parent' retrieved from /home/airflow/.local/lib/python3.12/site-packages/airflow/example_dags/example_external_task_marker_dag.py
[2026-03-22T04:15:54.528+0000] {logging_mixin.py:188} INFO - [2026-03-22T04:15:54.528+0000] {dag.py:3096} INFO - Sync 2 DAGs
[2026-03-22T04:15:54.537+0000] {logging_mixin.py:188} INFO - [2026-03-22T04:15:54.537+0000] {dag.py:3954} INFO - Setting next_dagrun for example_external_task_marker_child to None, run_after=None
[2026-03-22T04:15:54.539+0000] {logging_mixin.py:188} INFO - [2026-03-22T04:15:54.539+0000] {dag.py:3954} INFO - Setting next_dagrun for example_external_task_marker_parent to None, run_after=None
[2026-03-22T04:15:54.550+0000] {processor.py:183} INFO - Processing /home/airflow/.local/lib/python3.12/site-packages/airflow/example_dags/example_external_task_marker_dag.py took 0.069 seconds
[2026-03-22T04:16:44.215+0000] {processor.py:161} INFO - Started process (PID=877) to work on /home/airflow/.local/lib/python3.12/site-packages/airflow/example_dags/example_external_task_marker_dag.py
[2026-03-22T04:16:44.219+0000] {processor.py:830} INFO - Processing file /home/airflow/.local/lib/python3.12/site-packages/airflow/example_dags/example_external_task_marker_dag.py for tasks to queue
[2026-03-22T04:16:44.230+0000] {logging_mixin.py:188} INFO - [2026-03-22T04:16:44.229+0000] {dagbag.py:545} INFO - Filling up the DagBag from /home/airflow/.local/lib/python3.12/site-packages/airflow/example_dags/example_external_task_marker_dag.py
[2026-03-22T04:16:44.293+0000] {processor.py:840} INFO - DAG(s) 'example_external_task_marker_child', 'example_external_task_marker_parent' retrieved from /home/airflow/.local/lib/python3.12/site-packages/airflow/example_dags/example_external_task_marker_dag.py
[2026-03-22T04:16:44.468+0000] {logging_mixin.py:188} INFO - [2026-03-22T04:16:44.467+0000] {dag.py:3096} INFO - Sync 2 DAGs
[2026-03-22T04:16:44.529+0000] {logging_mixin.py:188} INFO - [2026-03-22T04:16:44.529+0000] {dag.py:3954} INFO - Setting next_dagrun for example_external_task_marker_child to None, run_after=None
[2026-03-22T04:16:44.545+0000] {logging_mixin.py:188} INFO - [2026-03-22T04:16:44.544+0000] {dag.py:3954} INFO - Setting next_dagrun for example_external_task_marker_parent to None, run_after=None
[2026-03-22T04:16:44.735+0000] {processor.py:183} INFO - Processing /home/airflow/.local/lib/python3.12/site-packages/airflow/example_dags/example_external_task_marker_dag.py took 0.541 seconds
[2026-03-22T04:17:36.421+0000] {processor.py:161} INFO - Started process (PID=934) to work on /home/airflow/.local/lib/python3.12/site-packages/airflow/example_dags/example_external_task_marker_dag.py
[2026-03-22T04:17:36.422+0000] {processor.py:830} INFO - Processing file /home/airflow/.local/lib/python3.12/site-packages/airflow/example_dags/example_external_task_marker_dag.py for tasks to queue
[2026-03-22T04:17:36.427+0000] {logging_mixin.py:188} INFO - [2026-03-22T04:17:36.425+0000] {dagbag.py:545} INFO - Filling up the DagBag from /home/airflow/.local/lib/python3.12/site-packages/airflow/example_dags/example_external_task_marker_dag.py
[2026-03-22T04:17:36.458+0000] {processor.py:840} INFO - DAG(s) 'example_external_task_marker_child', 'example_external_task_marker_parent' retrieved from /home/airflow/.local/lib/python3.12/site-packages/airflow/example_dags/example_external_task_marker_dag.py
[2026-03-22T04:17:36.629+0000] {logging_mixin.py:188} INFO - [2026-03-22T04:17:36.629+0000] {dag.py:3096} INFO - Sync 2 DAGs
[2026-03-22T04:17:36.653+0000] {logging_mixin.py:188} INFO - [2026-03-22T04:17:36.652+0000] {dag.py:3954} INFO - Setting next_dagrun for example_external_task_marker_child to None, run_after=None
[2026-03-22T04:17:36.662+0000] {logging_mixin.py:188} INFO - [2026-03-22T04:17:36.662+0000] {dag.py:3954} INFO - Setting next_dagrun for example_external_task_marker_parent to None, run_after=None
[2026-03-22T04:17:36.686+0000] {processor.py:183} INFO - Processing /home/airflow/.local/lib/python3.12/site-packages/airflow/example_dags/example_external_task_marker_dag.py took 0.289 seconds
[2026-03-22T04:18:07.691+0000] {processor.py:161} INFO - Started process (PID=991) to work on /home/airflow/.local/lib/python3.12/site-packages/airflow/example_dags/example_external_task_marker_dag.py
[2026-03-22T04:18:07.694+0000] {processor.py:830} INFO - Processing file /home/airflow/.local/lib/python3.12/site-packages/airflow/example_dags/example_external_task_marker_dag.py for tasks to queue
[2026-03-22T04:18:07.698+0000] {logging_mixin.py:188} INFO - [2026-03-22T04:18:07.697+0000] {dagbag.py:545} INFO - Filling up the DagBag from /home/airflow/.local/lib/python3.12/site-packages/airflow/example_dags/example_external_task_marker_dag.py
[2026-03-22T04:18:07.711+0000] {processor.py:840} INFO - DAG(s) 'example_external_task_marker_parent', 'example_external_task_marker_child' retrieved from /home/airflow/.local/lib/python3.12/site-packages/airflow/example_dags/example_external_task_marker_dag.py
[2026-03-22T04:18:07.748+0000] {logging_mixin.py:188} INFO - [2026-03-22T04:18:07.748+0000] {dag.py:3096} INFO - Sync 2 DAGs
[2026-03-22T04:18:07.773+0000] {logging_mixin.py:188} INFO - [2026-03-22T04:18:07.772+0000] {dag.py:3954} INFO - Setting next_dagrun for example_external_task_marker_child to None, run_after=None
[2026-03-22T04:18:07.781+0000] {logging_mixin.py:188} INFO - [2026-03-22T04:18:07.778+0000] {dag.py:3954} INFO - Setting next_dagrun for example_external_task_marker_parent to None, run_after=None
[2026-03-22T04:18:07.822+0000] {processor.py:183} INFO - Processing /home/airflow/.local/lib/python3.12/site-packages/airflow/example_dags/example_external_task_marker_dag.py took 0.142 seconds
[2026-03-22T04:18:38.290+0000] {processor.py:161} INFO - Started process (PID=1048) to work on /home/airflow/.local/lib/python3.12/site-packages/airflow/example_dags/example_external_task_marker_dag.py
[2026-03-22T04:18:38.292+0000] {processor.py:830} INFO - Processing file /home/airflow/.local/lib/python3.12/site-packages/airflow/example_dags/example_external_task_marker_dag.py for tasks to queue
[2026-03-22T04:18:38.295+0000] {logging_mixin.py:188} INFO - [2026-03-22T04:18:38.294+0000] {dagbag.py:545} INFO - Filling up the DagBag from /home/airflow/.local/lib/python3.12/site-packages/airflow/example_dags/example_external_task_marker_dag.py
[2026-03-22T04:18:38.316+0000] {processor.py:840} INFO - DAG(s) 'example_external_task_marker_child', 'example_external_task_marker_parent' retrieved from /home/airflow/.local/lib/python3.12/site-packages/airflow/example_dags/example_external_task_marker_dag.py
[2026-03-22T04:18:38.378+0000] {logging_mixin.py:188} INFO - [2026-03-22T04:18:38.378+0000] {dag.py:3096} INFO - Sync 2 DAGs
[2026-03-22T04:18:38.401+0000] {logging_mixin.py:188} INFO - [2026-03-22T04:18:38.401+0000] {dag.py:3954} INFO - Setting next_dagrun for example_external_task_marker_child to None, run_after=None
[2026-03-22T04:18:38.421+0000] {logging_mixin.py:188} INFO - [2026-03-22T04:18:38.420+0000] {dag.py:3954} INFO - Setting next_dagrun for example_external_task_marker_parent to None, run_after=None
[2026-03-22T04:18:38.459+0000] {processor.py:183} INFO - Processing /home/airflow/.local/lib/python3.12/site-packages/airflow/example_dags/example_external_task_marker_dag.py took 0.187 seconds
[2026-03-22T04:19:08.918+0000] {processor.py:161} INFO - Started process (PID=1106) to work on /home/airflow/.local/lib/python3.12/site-packages/airflow/example_dags/example_external_task_marker_dag.py
[2026-03-22T04:19:08.921+0000] {processor.py:830} INFO - Processing file /home/airflow/.local/lib/python3.12/site-packages/airflow/example_dags/example_external_task_marker_dag.py for tasks to queue
[2026-03-22T04:19:08.924+0000] {logging_mixin.py:188} INFO - [2026-03-22T04:19:08.923+0000] {dagbag.py:545} INFO - Filling up the DagBag from /home/airflow/.local/lib/python3.12/site-packages/airflow/example_dags/example_external_task_marker_dag.py
[2026-03-22T04:19:08.943+0000] {processor.py:840} INFO - DAG(s) 'example_external_task_marker_child', 'example_external_task_marker_parent' retrieved from /home/airflow/.local/lib/python3.12/site-packages/airflow/example_dags/example_external_task_marker_dag.py
[2026-03-22T04:19:09.007+0000] {logging_mixin.py:188} INFO - [2026-03-22T04:19:09.007+0000] {dag.py:3096} INFO - Sync 2 DAGs
[2026-03-22T04:19:09.023+0000] {logging_mixin.py:188} INFO - [2026-03-22T04:19:09.023+0000] {dag.py:3954} INFO - Setting next_dagrun for example_external_task_marker_child to None, run_after=None
[2026-03-22T04:19:09.027+0000] {logging_mixin.py:188} INFO - [2026-03-22T04:19:09.026+0000] {dag.py:3954} INFO - Setting next_dagrun for example_external_task_marker_parent to None, run_after=None
[2026-03-22T04:19:09.039+0000] {processor.py:183} INFO - Processing /home/airflow/.local/lib/python3.12/site-packages/airflow/example_dags/example_external_task_marker_dag.py took 0.145 seconds
[2026-03-22T04:19:39.239+0000] {processor.py:161} INFO - Started process (PID=1164) to work on /home/airflow/.local/lib/python3.12/site-packages/airflow/example_dags/example_external_task_marker_dag.py
[2026-03-22T04:19:39.240+0000] {processor.py:830} INFO - Processing file /home/airflow/.local/lib/python3.12/site-packages/airflow/example_dags/example_external_task_marker_dag.py for tasks to queue
[2026-03-22T04:19:39.241+0000] {logging_mixin.py:188} INFO - [2026-03-22T04:19:39.241+0000] {dagbag.py:545} INFO - Filling up the DagBag from /home/airflow/.local/lib/python3.12/site-packages/airflow/example_dags/example_external_task_marker_dag.py
[2026-03-22T04:19:39.245+0000] {processor.py:840} INFO - DAG(s) 'example_external_task_marker_child', 'example_external_task_marker_parent' retrieved from /home/airflow/.local/lib/python3.12/site-packages/airflow/example_dags/example_external_task_marker_dag.py
[2026-03-22T04:19:39.261+0000] {logging_mixin.py:188} INFO - [2026-03-22T04:19:39.261+0000] {dag.py:3096} INFO - Sync 2 DAGs
[2026-03-22T04:19:39.271+0000] {logging_mixin.py:188} INFO - [2026-03-22T04:19:39.271+0000] {dag.py:3954} INFO - Setting next_dagrun for example_external_task_marker_child to None, run_after=None
[2026-03-22T04:19:39.278+0000] {logging_mixin.py:188} INFO - [2026-03-22T04:19:39.278+0000] {dag.py:3954} INFO - Setting next_dagrun for example_external_task_marker_parent to None, run_after=None
[2026-03-22T04:19:39.294+0000] {processor.py:183} INFO - Processing /home/airflow/.local/lib/python3.12/site-packages/airflow/example_dags/example_external_task_marker_dag.py took 0.058 seconds
[2026-03-22T04:20:09.476+0000] {processor.py:161} INFO - Started process (PID=1217) to work on /home/airflow/.local/lib/python3.12/site-packages/airflow/example_dags/example_external_task_marker_dag.py
[2026-03-22T04:20:09.477+0000] {processor.py:830} INFO - Processing file /home/airflow/.local/lib/python3.12/site-packages/airflow/example_dags/example_external_task_marker_dag.py for tasks to queue
[2026-03-22T04:20:09.479+0000] {logging_mixin.py:188} INFO - [2026-03-22T04:20:09.479+0000] {dagbag.py:545} INFO - Filling up the DagBag from /home/airflow/.local/lib/python3.12/site-packages/airflow/example_dags/example_external_task_marker_dag.py
[2026-03-22T04:20:09.485+0000] {processor.py:840} INFO - DAG(s) 'example_external_task_marker_parent', 'example_external_task_marker_child' retrieved from /home/airflow/.local/lib/python3.12/site-packages/airflow/example_dags/example_external_task_marker_dag.py
[2026-03-22T04:20:09.499+0000] {logging_mixin.py:188} INFO - [2026-03-22T04:20:09.499+0000] {dag.py:3096} INFO - Sync 2 DAGs
[2026-03-22T04:20:09.504+0000] {logging_mixin.py:188} INFO - [2026-03-22T04:20:09.504+0000] {dag.py:3954} INFO - Setting next_dagrun for example_external_task_marker_child to None, run_after=None
[2026-03-22T04:20:09.506+0000] {logging_mixin.py:188} INFO - [2026-03-22T04:20:09.506+0000] {dag.py:3954} INFO - Setting next_dagrun for example_external_task_marker_parent to None, run_after=None
[2026-03-22T04:20:09.514+0000] {processor.py:183} INFO - Processing /home/airflow/.local/lib/python3.12/site-packages/airflow/example_dags/example_external_task_marker_dag.py took 0.042 seconds
[2026-03-22T04:20:40.362+0000] {processor.py:161} INFO - Started process (PID=1273) to work on /home/airflow/.local/lib/python3.12/site-packages/airflow/example_dags/example_external_task_marker_dag.py
[2026-03-22T04:20:40.366+0000] {processor.py:830} INFO - Processing file /home/airflow/.local/lib/python3.12/site-packages/airflow/example_dags/example_external_task_marker_dag.py for tasks to queue
[2026-03-22T04:20:40.368+0000] {logging_mixin.py:188} INFO - [2026-03-22T04:20:40.368+0000] {dagbag.py:545} INFO - Filling up the DagBag from /home/airflow/.local/lib/python3.12/site-packages/airflow/example_dags/example_external_task_marker_dag.py
[2026-03-22T04:20:40.374+0000] {processor.py:840} INFO - DAG(s) 'example_external_task_marker_parent', 'example_external_task_marker_child' retrieved from /home/airflow/.local/lib/python3.12/site-packages/airflow/example_dags/example_external_task_marker_dag.py
[2026-03-22T04:20:40.385+0000] {logging_mixin.py:188} INFO - [2026-03-22T04:20:40.384+0000] {dag.py:3096} INFO - Sync 2 DAGs
[2026-03-22T04:20:40.390+0000] {logging_mixin.py:188} INFO - [2026-03-22T04:20:40.390+0000] {dag.py:3954} INFO - Setting next_dagrun for example_external_task_marker_child to None, run_after=None
[2026-03-22T04:20:40.391+0000] {logging_mixin.py:188} INFO - [2026-03-22T04:20:40.391+0000] {dag.py:3954} INFO - Setting next_dagrun for example_external_task_marker_parent to None, run_after=None
[2026-03-22T04:20:40.397+0000] {processor.py:183} INFO - Processing /home/airflow/.local/lib/python3.12/site-packages/airflow/example_dags/example_external_task_marker_dag.py took 0.040 seconds
[2026-03-22T04:21:11.261+0000] {processor.py:161} INFO - Started process (PID=1330) to work on /home/airflow/.local/lib/python3.12/site-packages/airflow/example_dags/example_external_task_marker_dag.py
[2026-03-22T04:21:11.262+0000] {processor.py:830} INFO - Processing file /home/airflow/.local/lib/python3.12/site-packages/airflow/example_dags/example_external_task_marker_dag.py for tasks to queue
[2026-03-22T04:21:11.264+0000] {logging_mixin.py:188} INFO - [2026-03-22T04:21:11.264+0000] {dagbag.py:545} INFO - Filling up the DagBag from /home/airflow/.local/lib/python3.12/site-packages/airflow/example_dags/example_external_task_marker_dag.py
[2026-03-22T04:21:11.268+0000] {processor.py:840} INFO - DAG(s) 'example_external_task_marker_parent', 'example_external_task_marker_child' retrieved from /home/airflow/.local/lib/python3.12/site-packages/airflow/example_dags/example_external_task_marker_dag.py
[2026-03-22T04:21:11.287+0000] {logging_mixin.py:188} INFO - [2026-03-22T04:21:11.286+0000] {dag.py:3096} INFO - Sync 2 DAGs
[2026-03-22T04:21:11.294+0000] {logging_mixin.py:188} INFO - [2026-03-22T04:21:11.294+0000] {dag.py:3954} INFO - Setting next_dagrun for example_external_task_marker_child to None, run_after=None
[2026-03-22T04:21:11.296+0000] {logging_mixin.py:188} INFO - [2026-03-22T04:21:11.296+0000] {dag.py:3954} INFO - Setting next_dagrun for example_external_task_marker_parent to None, run_after=None
[2026-03-22T04:21:11.307+0000] {processor.py:183} INFO - Processing /home/airflow/.local/lib/python3.12/site-packages/airflow/example_dags/example_external_task_marker_dag.py took 0.050 seconds
[2026-03-22T04:21:42.683+0000] {processor.py:161} INFO - Started process (PID=1388) to work on /home/airflow/.local/lib/python3.12/site-packages/airflow/example_dags/example_external_task_marker_dag.py
[2026-03-22T04:21:42.684+0000] {processor.py:830} INFO - Processing file /home/airflow/.local/lib/python3.12/site-packages/airflow/example_dags/example_external_task_marker_dag.py for tasks to queue
[2026-03-22T04:21:42.688+0000] {logging_mixin.py:188} INFO - [2026-03-22T04:21:42.688+0000] {dagbag.py:545} INFO - Filling up the DagBag from /home/airflow/.local/lib/python3.12/site-packages/airflow/example_dags/example_external_task_marker_dag.py
[2026-03-22T04:21:42.694+0000] {processor.py:840} INFO - DAG(s) 'example_external_task_marker_parent', 'example_external_task_marker_child' retrieved from /home/airflow/.local/lib/python3.12/site-packages/airflow/example_dags/example_external_task_marker_dag.py
[2026-03-22T04:21:42.707+0000] {logging_mixin.py:188} INFO - [2026-03-22T04:21:42.707+0000] {dag.py:3096} INFO - Sync 2 DAGs
[2026-03-22T04:21:42.715+0000] {logging_mixin.py:188} INFO - [2026-03-22T04:21:42.715+0000] {dag.py:3954} INFO - Setting next_dagrun for example_external_task_marker_child to None, run_after=None
[2026-03-22T04:21:42.717+0000] {logging_mixin.py:188} INFO - [2026-03-22T04:21:42.717+0000] {dag.py:3954} INFO - Setting next_dagrun for example_external_task_marker_parent to None, run_after=None
[2026-03-22T04:21:42.730+0000] {processor.py:183} INFO - Processing /home/airflow/.local/lib/python3.12/site-packages/airflow/example_dags/example_external_task_marker_dag.py took 0.052 seconds
[2026-03-22T04:22:58.521+0000] {processor.py:161} INFO - Started process (PID=1453) to work on /home/airflow/.local/lib/python3.12/site-packages/airflow/example_dags/example_external_task_marker_dag.py
[2026-03-22T04:22:58.628+0000] {processor.py:830} INFO - Processing file /home/airflow/.local/lib/python3.12/site-packages/airflow/example_dags/example_external_task_marker_dag.py for tasks to queue
[2026-03-22T04:22:58.772+0000] {logging_mixin.py:188} INFO - [2026-03-22T04:22:58.764+0000] {dagbag.py:545} INFO - Filling up the DagBag from /home/airflow/.local/lib/python3.12/site-packages/airflow/example_dags/example_external_task_marker_dag.py
[2026-03-22T04:22:59.153+0000] {processor.py:840} INFO - DAG(s) 'example_external_task_marker_child', 'example_external_task_marker_parent' retrieved from /home/airflow/.local/lib/python3.12/site-packages/airflow/example_dags/example_external_task_marker_dag.py
[2026-03-22T04:23:00.735+0000] {logging_mixin.py:188} INFO - [2026-03-22T04:23:00.727+0000] {dag.py:3096} INFO - Sync 2 DAGs
[2026-03-22T04:23:01.013+0000] {logging_mixin.py:188} INFO - [2026-03-22T04:23:01.010+0000] {dag.py:3954} INFO - Setting next_dagrun for example_external_task_marker_child to None, run_after=None
[2026-03-22T04:23:01.068+0000] {logging_mixin.py:188} INFO - [2026-03-22T04:23:01.067+0000] {dag.py:3954} INFO - Setting next_dagrun for example_external_task_marker_parent to None, run_after=None
[2026-03-22T04:23:01.200+0000] {processor.py:183} INFO - Processing /home/airflow/.local/lib/python3.12/site-packages/airflow/example_dags/example_external_task_marker_dag.py took 2.898 seconds
[2026-03-22T04:23:31.766+0000] {processor.py:161} INFO - Started process (PID=1510) to work on /home/airflow/.local/lib/python3.12/site-packages/airflow/example_dags/example_external_task_marker_dag.py
[2026-03-22T04:23:31.768+0000] {processor.py:830} INFO - Processing file /home/airflow/.local/lib/python3.12/site-packages/airflow/example_dags/example_external_task_marker_dag.py for tasks to queue
[2026-03-22T04:23:31.772+0000] {logging_mixin.py:188} INFO - [2026-03-22T04:23:31.771+0000] {dagbag.py:545} INFO - Filling up the DagBag from /home/airflow/.local/lib/python3.12/site-packages/airflow/example_dags/example_external_task_marker_dag.py
[2026-03-22T04:23:31.783+0000] {processor.py:840} INFO - DAG(s) 'example_external_task_marker_parent', 'example_external_task_marker_child' retrieved from /home/airflow/.local/lib/python3.12/site-packages/airflow/example_dags/example_external_task_marker_dag.py
[2026-03-22T04:23:31.801+0000] {logging_mixin.py:188} INFO - [2026-03-22T04:23:31.801+0000] {dag.py:3096} INFO - Sync 2 DAGs
[2026-03-22T04:23:31.818+0000] {logging_mixin.py:188} INFO - [2026-03-22T04:23:31.818+0000] {dag.py:3954} INFO - Setting next_dagrun for example_external_task_marker_child to None, run_after=None
[2026-03-22T04:23:31.821+0000] {logging_mixin.py:188} INFO - [2026-03-22T04:23:31.821+0000] {dag.py:3954} INFO - Setting next_dagrun for example_external_task_marker_parent to None, run_after=None
[2026-03-22T04:23:31.835+0000] {processor.py:183} INFO - Processing /home/airflow/.local/lib/python3.12/site-packages/airflow/example_dags/example_external_task_marker_dag.py took 0.084 seconds
[2026-03-22T04:24:02.615+0000] {processor.py:161} INFO - Started process (PID=1568) to work on /home/airflow/.local/lib/python3.12/site-packages/airflow/example_dags/example_external_task_marker_dag.py
[2026-03-22T04:24:02.617+0000] {processor.py:830} INFO - Processing file /home/airflow/.local/lib/python3.12/site-packages/airflow/example_dags/example_external_task_marker_dag.py for tasks to queue
[2026-03-22T04:24:02.620+0000] {logging_mixin.py:188} INFO - [2026-03-22T04:24:02.620+0000] {dagbag.py:545} INFO - Filling up the DagBag from /home/airflow/.local/lib/python3.12/site-packages/airflow/example_dags/example_external_task_marker_dag.py
[2026-03-22T04:24:02.641+0000] {processor.py:840} INFO - DAG(s) 'example_external_task_marker_parent', 'example_external_task_marker_child' retrieved from /home/airflow/.local/lib/python3.12/site-packages/airflow/example_dags/example_external_task_marker_dag.py
[2026-03-22T04:24:02.691+0000] {logging_mixin.py:188} INFO - [2026-03-22T04:24:02.691+0000] {dag.py:3096} INFO - Sync 2 DAGs
[2026-03-22T04:24:02.706+0000] {logging_mixin.py:188} INFO - [2026-03-22T04:24:02.706+0000] {dag.py:3954} INFO - Setting next_dagrun for example_external_task_marker_child to None, run_after=None
[2026-03-22T04:24:02.711+0000] {logging_mixin.py:188} INFO - [2026-03-22T04:24:02.711+0000] {dag.py:3954} INFO - Setting next_dagrun for example_external_task_marker_parent to None, run_after=None
[2026-03-22T04:24:02.752+0000] {processor.py:183} INFO - Processing /home/airflow/.local/lib/python3.12/site-packages/airflow/example_dags/example_external_task_marker_dag.py took 0.150 seconds
[2026-03-22T04:24:41.508+0000] {processor.py:161} INFO - Started process (PID=1626) to work on /home/airflow/.local/lib/python3.12/site-packages/airflow/example_dags/example_external_task_marker_dag.py
[2026-03-22T04:24:41.707+0000] {processor.py:830} INFO - Processing file /home/airflow/.local/lib/python3.12/site-packages/airflow/example_dags/example_external_task_marker_dag.py for tasks to queue
[2026-03-22T04:24:43.751+0000] {logging_mixin.py:188} INFO - [2026-03-22T04:24:42.903+0000] {dagbag.py:545} INFO - Filling up the DagBag from /home/airflow/.local/lib/python3.12/site-packages/airflow/example_dags/example_external_task_marker_dag.py
[2026-03-22T04:24:48.061+0000] {processor.py:840} INFO - DAG(s) 'example_external_task_marker_parent', 'example_external_task_marker_child' retrieved from /home/airflow/.local/lib/python3.12/site-packages/airflow/example_dags/example_external_task_marker_dag.py
[2026-03-22T04:25:03.816+0000] {logging_mixin.py:188} INFO - [2026-03-22T04:25:03.014+0000] {dag.py:3096} INFO - Sync 2 DAGs
[2026-03-22T04:25:05.715+0000] {logging_mixin.py:188} INFO - [2026-03-22T04:25:05.669+0000] {dag.py:3954} INFO - Setting next_dagrun for example_external_task_marker_child to None, run_after=None
[2026-03-22T04:25:07.901+0000] {logging_mixin.py:188} INFO - [2026-03-22T04:25:07.774+0000] {dag.py:3954} INFO - Setting next_dagrun for example_external_task_marker_parent to None, run_after=None
[2026-03-22T04:25:12.324+0000] {processor.py:183} INFO - Processing /home/airflow/.local/lib/python3.12/site-packages/airflow/example_dags/example_external_task_marker_dag.py took 32.744 seconds
[2026-03-22T04:25:47.948+0000] {processor.py:161} INFO - Started process (PID=1691) to work on /home/airflow/.local/lib/python3.12/site-packages/airflow/example_dags/example_external_task_marker_dag.py
[2026-03-22T04:25:47.949+0000] {processor.py:830} INFO - Processing file /home/airflow/.local/lib/python3.12/site-packages/airflow/example_dags/example_external_task_marker_dag.py for tasks to queue
[2026-03-22T04:25:47.951+0000] {logging_mixin.py:188} INFO - [2026-03-22T04:25:47.951+0000] {dagbag.py:545} INFO - Filling up the DagBag from /home/airflow/.local/lib/python3.12/site-packages/airflow/example_dags/example_external_task_marker_dag.py
[2026-03-22T04:25:47.957+0000] {processor.py:840} INFO - DAG(s) 'example_external_task_marker_child', 'example_external_task_marker_parent' retrieved from /home/airflow/.local/lib/python3.12/site-packages/airflow/example_dags/example_external_task_marker_dag.py
[2026-03-22T04:25:48.004+0000] {logging_mixin.py:188} INFO - [2026-03-22T04:25:48.003+0000] {dag.py:3096} INFO - Sync 2 DAGs
[2026-03-22T04:25:48.053+0000] {logging_mixin.py:188} INFO - [2026-03-22T04:25:48.053+0000] {dag.py:3954} INFO - Setting next_dagrun for example_external_task_marker_child to None, run_after=None
[2026-03-22T04:25:48.058+0000] {logging_mixin.py:188} INFO - [2026-03-22T04:25:48.058+0000] {dag.py:3954} INFO - Setting next_dagrun for example_external_task_marker_parent to None, run_after=None
[2026-03-22T04:25:48.091+0000] {processor.py:183} INFO - Processing /home/airflow/.local/lib/python3.12/site-packages/airflow/example_dags/example_external_task_marker_dag.py took 0.147 seconds
[2026-03-22T04:27:21.785+0000] {processor.py:161} INFO - Started process (PID=1748) to work on /home/airflow/.local/lib/python3.12/site-packages/airflow/example_dags/example_external_task_marker_dag.py
[2026-03-22T04:27:21.815+0000] {processor.py:830} INFO - Processing file /home/airflow/.local/lib/python3.12/site-packages/airflow/example_dags/example_external_task_marker_dag.py for tasks to queue
[2026-03-22T04:27:21.844+0000] {logging_mixin.py:188} INFO - [2026-03-22T04:27:21.837+0000] {dagbag.py:545} INFO - Filling up the DagBag from /home/airflow/.local/lib/python3.12/site-packages/airflow/example_dags/example_external_task_marker_dag.py
[2026-03-22T04:27:21.968+0000] {processor.py:840} INFO - DAG(s) 'example_external_task_marker_parent', 'example_external_task_marker_child' retrieved from /home/airflow/.local/lib/python3.12/site-packages/airflow/example_dags/example_external_task_marker_dag.py
[2026-03-22T04:27:23.015+0000] {logging_mixin.py:188} INFO - [2026-03-22T04:27:23.010+0000] {dag.py:3096} INFO - Sync 2 DAGs
[2026-03-22T04:27:27.247+0000] {logging_mixin.py:188} INFO - [2026-03-22T04:27:27.139+0000] {dag.py:3954} INFO - Setting next_dagrun for example_external_task_marker_child to None, run_after=None
[2026-03-22T04:27:27.369+0000] {logging_mixin.py:188} INFO - [2026-03-22T04:27:27.369+0000] {dag.py:3954} INFO - Setting next_dagrun for example_external_task_marker_parent to None, run_after=None
[2026-03-22T04:27:28.063+0000] {processor.py:183} INFO - Processing /home/airflow/.local/lib/python3.12/site-packages/airflow/example_dags/example_external_task_marker_dag.py took 6.510 seconds
[2026-03-22T04:33:23.152+0000] {processor.py:161} INFO - Started process (PID=1830) to work on /home/airflow/.local/lib/python3.12/site-packages/airflow/example_dags/example_external_task_marker_dag.py
[2026-03-22T04:33:23.234+0000] {processor.py:830} INFO - Processing file /home/airflow/.local/lib/python3.12/site-packages/airflow/example_dags/example_external_task_marker_dag.py for tasks to queue
[2026-03-22T04:33:23.354+0000] {logging_mixin.py:188} INFO - [2026-03-22T04:33:23.340+0000] {dagbag.py:545} INFO - Filling up the DagBag from /home/airflow/.local/lib/python3.12/site-packages/airflow/example_dags/example_external_task_marker_dag.py
[2026-03-22T04:33:39.572+0000] {processor.py:840} INFO - DAG(s) 'example_external_task_marker_parent', 'example_external_task_marker_child' retrieved from /home/airflow/.local/lib/python3.12/site-packages/airflow/example_dags/example_external_task_marker_dag.py
[2026-03-22T04:33:42.650+0000] {logging_mixin.py:188} INFO - [2026-03-22T04:33:42.633+0000] {dag.py:3096} INFO - Sync 2 DAGs
[2026-03-22T04:33:43.359+0000] {logging_mixin.py:188} INFO - [2026-03-22T04:33:43.350+0000] {dag.py:3954} INFO - Setting next_dagrun for example_external_task_marker_child to None, run_after=None
[2026-03-22T04:33:43.757+0000] {logging_mixin.py:188} INFO - [2026-03-22T04:33:43.750+0000] {dag.py:3954} INFO - Setting next_dagrun for example_external_task_marker_parent to None, run_after=None
[2026-03-22T04:33:44.875+0000] {processor.py:183} INFO - Processing /home/airflow/.local/lib/python3.12/site-packages/airflow/example_dags/example_external_task_marker_dag.py took 21.887 seconds
[2026-03-22T04:36:42.946+0000] {processor.py:161} INFO - Started process (PID=1903) to work on /home/airflow/.local/lib/python3.12/site-packages/airflow/example_dags/example_external_task_marker_dag.py
[2026-03-22T04:36:42.956+0000] {processor.py:830} INFO - Processing file /home/airflow/.local/lib/python3.12/site-packages/airflow/example_dags/example_external_task_marker_dag.py for tasks to queue
[2026-03-22T04:36:43.055+0000] {logging_mixin.py:188} INFO - [2026-03-22T04:36:43.019+0000] {dagbag.py:545} INFO - Filling up the DagBag from /home/airflow/.local/lib/python3.12/site-packages/airflow/example_dags/example_external_task_marker_dag.py
[2026-03-22T04:36:43.483+0000] {processor.py:840} INFO - DAG(s) 'example_external_task_marker_parent', 'example_external_task_marker_child' retrieved from /home/airflow/.local/lib/python3.12/site-packages/airflow/example_dags/example_external_task_marker_dag.py
[2026-03-22T04:36:45.025+0000] {logging_mixin.py:188} INFO - [2026-03-22T04:36:45.007+0000] {dag.py:3096} INFO - Sync 2 DAGs
[2026-03-22T04:36:45.556+0000] {logging_mixin.py:188} INFO - [2026-03-22T04:36:45.555+0000] {dag.py:3954} INFO - Setting next_dagrun for example_external_task_marker_child to None, run_after=None
[2026-03-22T04:36:45.623+0000] {logging_mixin.py:188} INFO - [2026-03-22T04:36:45.623+0000] {dag.py:3954} INFO - Setting next_dagrun for example_external_task_marker_parent to None, run_after=None
[2026-03-22T04:36:45.870+0000] {processor.py:183} INFO - Processing /home/airflow/.local/lib/python3.12/site-packages/airflow/example_dags/example_external_task_marker_dag.py took 3.049 seconds
[2026-03-22T04:38:56.259+0000] {processor.py:161} INFO - Started process (PID=1963) to work on /home/airflow/.local/lib/python3.12/site-packages/airflow/example_dags/example_external_task_marker_dag.py
[2026-03-22T04:38:56.304+0000] {processor.py:830} INFO - Processing file /home/airflow/.local/lib/python3.12/site-packages/airflow/example_dags/example_external_task_marker_dag.py for tasks to queue
[2026-03-22T04:38:56.380+0000] {logging_mixin.py:188} INFO - [2026-03-22T04:38:56.379+0000] {dagbag.py:545} INFO - Filling up the DagBag from /home/airflow/.local/lib/python3.12/site-packages/airflow/example_dags/example_external_task_marker_dag.py
[2026-03-22T04:38:56.535+0000] {processor.py:840} INFO - DAG(s) 'example_external_task_marker_child', 'example_external_task_marker_parent' retrieved from /home/airflow/.local/lib/python3.12/site-packages/airflow/example_dags/example_external_task_marker_dag.py
[2026-03-22T04:38:57.490+0000] {logging_mixin.py:188} INFO - [2026-03-22T04:38:57.472+0000] {dag.py:3096} INFO - Sync 2 DAGs
[2026-03-22T04:38:57.754+0000] {logging_mixin.py:188} INFO - [2026-03-22T04:38:57.748+0000] {dag.py:3954} INFO - Setting next_dagrun for example_external_task_marker_child to None, run_after=None
[2026-03-22T04:38:57.848+0000] {logging_mixin.py:188} INFO - [2026-03-22T04:38:57.847+0000] {dag.py:3954} INFO - Setting next_dagrun for example_external_task_marker_parent to None, run_after=None
[2026-03-22T04:38:58.091+0000] {processor.py:183} INFO - Processing /home/airflow/.local/lib/python3.12/site-packages/airflow/example_dags/example_external_task_marker_dag.py took 2.225 seconds
[2026-03-22T04:39:43.645+0000] {processor.py:161} INFO - Started process (PID=2007) to work on /home/airflow/.local/lib/python3.12/site-packages/airflow/example_dags/example_external_task_marker_dag.py
[2026-03-22T04:39:43.652+0000] {processor.py:830} INFO - Processing file /home/airflow/.local/lib/python3.12/site-packages/airflow/example_dags/example_external_task_marker_dag.py for tasks to queue
[2026-03-22T04:39:43.691+0000] {logging_mixin.py:188} INFO - [2026-03-22T04:39:43.683+0000] {dagbag.py:545} INFO - Filling up the DagBag from /home/airflow/.local/lib/python3.12/site-packages/airflow/example_dags/example_external_task_marker_dag.py
[2026-03-22T04:39:43.858+0000] {processor.py:840} INFO - DAG(s) 'example_external_task_marker_child', 'example_external_task_marker_parent' retrieved from /home/airflow/.local/lib/python3.12/site-packages/airflow/example_dags/example_external_task_marker_dag.py
[2026-03-22T04:39:44.825+0000] {logging_mixin.py:188} INFO - [2026-03-22T04:39:44.795+0000] {dag.py:3096} INFO - Sync 2 DAGs
[2026-03-22T04:39:45.103+0000] {logging_mixin.py:188} INFO - [2026-03-22T04:39:45.099+0000] {dag.py:3954} INFO - Setting next_dagrun for example_external_task_marker_child to None, run_after=None
[2026-03-22T04:39:45.213+0000] {logging_mixin.py:188} INFO - [2026-03-22T04:39:45.209+0000] {dag.py:3954} INFO - Setting next_dagrun for example_external_task_marker_parent to None, run_after=None
[2026-03-22T04:39:45.593+0000] {processor.py:183} INFO - Processing /home/airflow/.local/lib/python3.12/site-packages/airflow/example_dags/example_external_task_marker_dag.py took 1.990 seconds
[2026-03-22T04:40:50.732+0000] {processor.py:161} INFO - Started process (PID=2071) to work on /home/airflow/.local/lib/python3.12/site-packages/airflow/example_dags/example_external_task_marker_dag.py
[2026-03-22T04:40:50.738+0000] {processor.py:830} INFO - Processing file /home/airflow/.local/lib/python3.12/site-packages/airflow/example_dags/example_external_task_marker_dag.py for tasks to queue
[2026-03-22T04:40:50.752+0000] {logging_mixin.py:188} INFO - [2026-03-22T04:40:50.750+0000] {dagbag.py:545} INFO - Filling up the DagBag from /home/airflow/.local/lib/python3.12/site-packages/airflow/example_dags/example_external_task_marker_dag.py
[2026-03-22T04:40:50.792+0000] {processor.py:840} INFO - DAG(s) 'example_external_task_marker_parent', 'example_external_task_marker_child' retrieved from /home/airflow/.local/lib/python3.12/site-packages/airflow/example_dags/example_external_task_marker_dag.py
[2026-03-22T04:40:51.114+0000] {logging_mixin.py:188} INFO - [2026-03-22T04:40:51.112+0000] {dag.py:3096} INFO - Sync 2 DAGs
[2026-03-22T04:40:51.210+0000] {logging_mixin.py:188} INFO - [2026-03-22T04:40:51.208+0000] {dag.py:3954} INFO - Setting next_dagrun for example_external_task_marker_child to None, run_after=None
[2026-03-22T04:40:51.222+0000] {logging_mixin.py:188} INFO - [2026-03-22T04:40:51.222+0000] {dag.py:3954} INFO - Setting next_dagrun for example_external_task_marker_parent to None, run_after=None
[2026-03-22T04:40:51.376+0000] {processor.py:183} INFO - Processing /home/airflow/.local/lib/python3.12/site-packages/airflow/example_dags/example_external_task_marker_dag.py took 0.665 seconds
[2026-03-22T04:41:38.098+0000] {processor.py:161} INFO - Started process (PID=2129) to work on /home/airflow/.local/lib/python3.12/site-packages/airflow/example_dags/example_external_task_marker_dag.py
[2026-03-22T04:41:38.104+0000] {processor.py:830} INFO - Processing file /home/airflow/.local/lib/python3.12/site-packages/airflow/example_dags/example_external_task_marker_dag.py for tasks to queue
[2026-03-22T04:41:38.113+0000] {logging_mixin.py:188} INFO - [2026-03-22T04:41:38.108+0000] {dagbag.py:545} INFO - Filling up the DagBag from /home/airflow/.local/lib/python3.12/site-packages/airflow/example_dags/example_external_task_marker_dag.py
[2026-03-22T04:41:38.156+0000] {processor.py:840} INFO - DAG(s) 'example_external_task_marker_child', 'example_external_task_marker_parent' retrieved from /home/airflow/.local/lib/python3.12/site-packages/airflow/example_dags/example_external_task_marker_dag.py
[2026-03-22T04:41:38.881+0000] {logging_mixin.py:188} INFO - [2026-03-22T04:41:38.849+0000] {dag.py:3096} INFO - Sync 2 DAGs
[2026-03-22T04:41:39.186+0000] {logging_mixin.py:188} INFO - [2026-03-22T04:41:39.178+0000] {dag.py:3954} INFO - Setting next_dagrun for example_external_task_marker_child to None, run_after=None
[2026-03-22T04:41:39.481+0000] {logging_mixin.py:188} INFO - [2026-03-22T04:41:39.444+0000] {dag.py:3954} INFO - Setting next_dagrun for example_external_task_marker_parent to None, run_after=None
[2026-03-22T04:41:41.381+0000] {processor.py:183} INFO - Processing /home/airflow/.local/lib/python3.12/site-packages/airflow/example_dags/example_external_task_marker_dag.py took 3.303 seconds
[2026-03-22T04:42:27.957+0000] {processor.py:161} INFO - Started process (PID=2180) to work on /home/airflow/.local/lib/python3.12/site-packages/airflow/example_dags/example_external_task_marker_dag.py
[2026-03-22T04:42:27.985+0000] {processor.py:830} INFO - Processing file /home/airflow/.local/lib/python3.12/site-packages/airflow/example_dags/example_external_task_marker_dag.py for tasks to queue
[2026-03-22T04:42:28.015+0000] {logging_mixin.py:188} INFO - [2026-03-22T04:42:28.010+0000] {dagbag.py:545} INFO - Filling up the DagBag from /home/airflow/.local/lib/python3.12/site-packages/airflow/example_dags/example_external_task_marker_dag.py
[2026-03-22T04:42:28.256+0000] {processor.py:840} INFO - DAG(s) 'example_external_task_marker_child', 'example_external_task_marker_parent' retrieved from /home/airflow/.local/lib/python3.12/site-packages/airflow/example_dags/example_external_task_marker_dag.py
[2026-03-22T04:42:28.894+0000] {logging_mixin.py:188} INFO - [2026-03-22T04:42:28.892+0000] {dag.py:3096} INFO - Sync 2 DAGs
[2026-03-22T04:42:28.971+0000] {logging_mixin.py:188} INFO - [2026-03-22T04:42:28.966+0000] {dag.py:3954} INFO - Setting next_dagrun for example_external_task_marker_child to None, run_after=None
[2026-03-22T04:42:28.993+0000] {logging_mixin.py:188} INFO - [2026-03-22T04:42:28.992+0000] {dag.py:3954} INFO - Setting next_dagrun for example_external_task_marker_parent to None, run_after=None
[2026-03-22T04:42:29.503+0000] {processor.py:183} INFO - Processing /home/airflow/.local/lib/python3.12/site-packages/airflow/example_dags/example_external_task_marker_dag.py took 1.649 seconds
[2026-03-22T04:42:59.948+0000] {processor.py:161} INFO - Started process (PID=2238) to work on /home/airflow/.local/lib/python3.12/site-packages/airflow/example_dags/example_external_task_marker_dag.py
[2026-03-22T04:42:59.950+0000] {processor.py:830} INFO - Processing file /home/airflow/.local/lib/python3.12/site-packages/airflow/example_dags/example_external_task_marker_dag.py for tasks to queue
[2026-03-22T04:42:59.952+0000] {logging_mixin.py:188} INFO - [2026-03-22T04:42:59.952+0000] {dagbag.py:545} INFO - Filling up the DagBag from /home/airflow/.local/lib/python3.12/site-packages/airflow/example_dags/example_external_task_marker_dag.py
[2026-03-22T04:42:59.957+0000] {processor.py:840} INFO - DAG(s) 'example_external_task_marker_parent', 'example_external_task_marker_child' retrieved from /home/airflow/.local/lib/python3.12/site-packages/airflow/example_dags/example_external_task_marker_dag.py
[2026-03-22T04:42:59.987+0000] {logging_mixin.py:188} INFO - [2026-03-22T04:42:59.986+0000] {dag.py:3096} INFO - Sync 2 DAGs
[2026-03-22T04:42:59.997+0000] {logging_mixin.py:188} INFO - [2026-03-22T04:42:59.997+0000] {dag.py:3954} INFO - Setting next_dagrun for example_external_task_marker_child to None, run_after=None
[2026-03-22T04:43:00.000+0000] {logging_mixin.py:188} INFO - [2026-03-22T04:43:00.000+0000] {dag.py:3954} INFO - Setting next_dagrun for example_external_task_marker_parent to None, run_after=None
[2026-03-22T04:43:00.013+0000] {processor.py:183} INFO - Processing /home/airflow/.local/lib/python3.12/site-packages/airflow/example_dags/example_external_task_marker_dag.py took 0.073 seconds
