[2026-03-22T04:09:21.492+0000] {processor.py:161} INFO - Started process (PID=74) to work on /home/airflow/.local/lib/python3.12/site-packages/airflow/example_dags/example_python_decorator.py
[2026-03-22T04:09:21.497+0000] {processor.py:830} INFO - Processing file /home/airflow/.local/lib/python3.12/site-packages/airflow/example_dags/example_python_decorator.py for tasks to queue
[2026-03-22T04:09:21.500+0000] {logging_mixin.py:188} INFO - [2026-03-22T04:09:21.500+0000] {dagbag.py:545} INFO - Filling up the DagBag from /home/airflow/.local/lib/python3.12/site-packages/airflow/example_dags/example_python_decorator.py
[2026-03-22T04:09:21.541+0000] {processor.py:840} INFO - DAG(s) 'example_python_decorator' retrieved from /home/airflow/.local/lib/python3.12/site-packages/airflow/example_dags/example_python_decorator.py
[2026-03-22T04:09:21.636+0000] {logging_mixin.py:188} INFO - [2026-03-22T04:09:21.635+0000] {dag.py:3096} INFO - Sync 1 DAGs
[2026-03-22T04:09:21.644+0000] {logging_mixin.py:188} INFO - [2026-03-22T04:09:21.644+0000] {dag.py:3954} INFO - Setting next_dagrun for example_python_decorator to None, run_after=None
[2026-03-22T04:09:21.658+0000] {processor.py:183} INFO - Processing /home/airflow/.local/lib/python3.12/site-packages/airflow/example_dags/example_python_decorator.py took 0.177 seconds
[2026-03-22T04:09:52.675+0000] {processor.py:161} INFO - Started process (PID=132) to work on /home/airflow/.local/lib/python3.12/site-packages/airflow/example_dags/example_python_decorator.py
[2026-03-22T04:09:52.679+0000] {processor.py:830} INFO - Processing file /home/airflow/.local/lib/python3.12/site-packages/airflow/example_dags/example_python_decorator.py for tasks to queue
[2026-03-22T04:09:52.684+0000] {logging_mixin.py:188} INFO - [2026-03-22T04:09:52.683+0000] {dagbag.py:545} INFO - Filling up the DagBag from /home/airflow/.local/lib/python3.12/site-packages/airflow/example_dags/example_python_decorator.py
[2026-03-22T04:09:52.799+0000] {processor.py:840} INFO - DAG(s) 'example_python_decorator' retrieved from /home/airflow/.local/lib/python3.12/site-packages/airflow/example_dags/example_python_decorator.py
[2026-03-22T04:09:52.828+0000] {logging_mixin.py:188} INFO - [2026-03-22T04:09:52.828+0000] {dag.py:3096} INFO - Sync 1 DAGs
[2026-03-22T04:09:52.842+0000] {logging_mixin.py:188} INFO - [2026-03-22T04:09:52.841+0000] {dag.py:3954} INFO - Setting next_dagrun for example_python_decorator to None, run_after=None
[2026-03-22T04:09:52.868+0000] {processor.py:183} INFO - Processing /home/airflow/.local/lib/python3.12/site-packages/airflow/example_dags/example_python_decorator.py took 0.203 seconds
[2026-03-22T04:10:23.112+0000] {processor.py:161} INFO - Started process (PID=190) to work on /home/airflow/.local/lib/python3.12/site-packages/airflow/example_dags/example_python_decorator.py
[2026-03-22T04:10:23.113+0000] {processor.py:830} INFO - Processing file /home/airflow/.local/lib/python3.12/site-packages/airflow/example_dags/example_python_decorator.py for tasks to queue
[2026-03-22T04:10:23.114+0000] {logging_mixin.py:188} INFO - [2026-03-22T04:10:23.114+0000] {dagbag.py:545} INFO - Filling up the DagBag from /home/airflow/.local/lib/python3.12/site-packages/airflow/example_dags/example_python_decorator.py
[2026-03-22T04:10:23.131+0000] {processor.py:840} INFO - DAG(s) 'example_python_decorator' retrieved from /home/airflow/.local/lib/python3.12/site-packages/airflow/example_dags/example_python_decorator.py
[2026-03-22T04:10:23.141+0000] {logging_mixin.py:188} INFO - [2026-03-22T04:10:23.141+0000] {dag.py:3096} INFO - Sync 1 DAGs
[2026-03-22T04:10:23.146+0000] {logging_mixin.py:188} INFO - [2026-03-22T04:10:23.146+0000] {dag.py:3954} INFO - Setting next_dagrun for example_python_decorator to None, run_after=None
[2026-03-22T04:10:23.152+0000] {processor.py:183} INFO - Processing /home/airflow/.local/lib/python3.12/site-packages/airflow/example_dags/example_python_decorator.py took 0.045 seconds
[2026-03-22T04:10:53.649+0000] {processor.py:161} INFO - Started process (PID=248) to work on /home/airflow/.local/lib/python3.12/site-packages/airflow/example_dags/example_python_decorator.py
[2026-03-22T04:10:53.650+0000] {processor.py:830} INFO - Processing file /home/airflow/.local/lib/python3.12/site-packages/airflow/example_dags/example_python_decorator.py for tasks to queue
[2026-03-22T04:10:53.651+0000] {logging_mixin.py:188} INFO - [2026-03-22T04:10:53.651+0000] {dagbag.py:545} INFO - Filling up the DagBag from /home/airflow/.local/lib/python3.12/site-packages/airflow/example_dags/example_python_decorator.py
[2026-03-22T04:10:53.670+0000] {processor.py:840} INFO - DAG(s) 'example_python_decorator' retrieved from /home/airflow/.local/lib/python3.12/site-packages/airflow/example_dags/example_python_decorator.py
[2026-03-22T04:10:53.693+0000] {logging_mixin.py:188} INFO - [2026-03-22T04:10:53.692+0000] {dag.py:3096} INFO - Sync 1 DAGs
[2026-03-22T04:10:53.706+0000] {logging_mixin.py:188} INFO - [2026-03-22T04:10:53.706+0000] {dag.py:3954} INFO - Setting next_dagrun for example_python_decorator to None, run_after=None
[2026-03-22T04:10:53.725+0000] {processor.py:183} INFO - Processing /home/airflow/.local/lib/python3.12/site-packages/airflow/example_dags/example_python_decorator.py took 0.083 seconds
[2026-03-22T04:11:24.019+0000] {processor.py:161} INFO - Started process (PID=306) to work on /home/airflow/.local/lib/python3.12/site-packages/airflow/example_dags/example_python_decorator.py
[2026-03-22T04:11:24.021+0000] {processor.py:830} INFO - Processing file /home/airflow/.local/lib/python3.12/site-packages/airflow/example_dags/example_python_decorator.py for tasks to queue
[2026-03-22T04:11:24.027+0000] {logging_mixin.py:188} INFO - [2026-03-22T04:11:24.027+0000] {dagbag.py:545} INFO - Filling up the DagBag from /home/airflow/.local/lib/python3.12/site-packages/airflow/example_dags/example_python_decorator.py
[2026-03-22T04:11:24.063+0000] {processor.py:840} INFO - DAG(s) 'example_python_decorator' retrieved from /home/airflow/.local/lib/python3.12/site-packages/airflow/example_dags/example_python_decorator.py
[2026-03-22T04:11:24.097+0000] {logging_mixin.py:188} INFO - [2026-03-22T04:11:24.097+0000] {dag.py:3096} INFO - Sync 1 DAGs
[2026-03-22T04:11:24.109+0000] {logging_mixin.py:188} INFO - [2026-03-22T04:11:24.109+0000] {dag.py:3954} INFO - Setting next_dagrun for example_python_decorator to None, run_after=None
[2026-03-22T04:11:24.121+0000] {processor.py:183} INFO - Processing /home/airflow/.local/lib/python3.12/site-packages/airflow/example_dags/example_python_decorator.py took 0.107 seconds
[2026-03-22T04:11:54.771+0000] {processor.py:161} INFO - Started process (PID=364) to work on /home/airflow/.local/lib/python3.12/site-packages/airflow/example_dags/example_python_decorator.py
[2026-03-22T04:11:54.772+0000] {processor.py:830} INFO - Processing file /home/airflow/.local/lib/python3.12/site-packages/airflow/example_dags/example_python_decorator.py for tasks to queue
[2026-03-22T04:11:54.773+0000] {logging_mixin.py:188} INFO - [2026-03-22T04:11:54.773+0000] {dagbag.py:545} INFO - Filling up the DagBag from /home/airflow/.local/lib/python3.12/site-packages/airflow/example_dags/example_python_decorator.py
[2026-03-22T04:11:54.784+0000] {processor.py:840} INFO - DAG(s) 'example_python_decorator' retrieved from /home/airflow/.local/lib/python3.12/site-packages/airflow/example_dags/example_python_decorator.py
[2026-03-22T04:11:54.797+0000] {logging_mixin.py:188} INFO - [2026-03-22T04:11:54.797+0000] {dag.py:3096} INFO - Sync 1 DAGs
[2026-03-22T04:11:54.803+0000] {logging_mixin.py:188} INFO - [2026-03-22T04:11:54.803+0000] {dag.py:3954} INFO - Setting next_dagrun for example_python_decorator to None, run_after=None
[2026-03-22T04:11:54.812+0000] {processor.py:183} INFO - Processing /home/airflow/.local/lib/python3.12/site-packages/airflow/example_dags/example_python_decorator.py took 0.044 seconds
[2026-03-22T04:12:25.238+0000] {processor.py:161} INFO - Started process (PID=422) to work on /home/airflow/.local/lib/python3.12/site-packages/airflow/example_dags/example_python_decorator.py
[2026-03-22T04:12:25.241+0000] {processor.py:830} INFO - Processing file /home/airflow/.local/lib/python3.12/site-packages/airflow/example_dags/example_python_decorator.py for tasks to queue
[2026-03-22T04:12:25.243+0000] {logging_mixin.py:188} INFO - [2026-03-22T04:12:25.242+0000] {dagbag.py:545} INFO - Filling up the DagBag from /home/airflow/.local/lib/python3.12/site-packages/airflow/example_dags/example_python_decorator.py
[2026-03-22T04:12:25.264+0000] {processor.py:840} INFO - DAG(s) 'example_python_decorator' retrieved from /home/airflow/.local/lib/python3.12/site-packages/airflow/example_dags/example_python_decorator.py
[2026-03-22T04:12:25.289+0000] {logging_mixin.py:188} INFO - [2026-03-22T04:12:25.289+0000] {dag.py:3096} INFO - Sync 1 DAGs
[2026-03-22T04:12:25.299+0000] {logging_mixin.py:188} INFO - [2026-03-22T04:12:25.298+0000] {dag.py:3954} INFO - Setting next_dagrun for example_python_decorator to None, run_after=None
[2026-03-22T04:12:25.318+0000] {processor.py:183} INFO - Processing /home/airflow/.local/lib/python3.12/site-packages/airflow/example_dags/example_python_decorator.py took 0.086 seconds
[2026-03-22T04:12:55.457+0000] {processor.py:161} INFO - Started process (PID=480) to work on /home/airflow/.local/lib/python3.12/site-packages/airflow/example_dags/example_python_decorator.py
[2026-03-22T04:12:55.459+0000] {processor.py:830} INFO - Processing file /home/airflow/.local/lib/python3.12/site-packages/airflow/example_dags/example_python_decorator.py for tasks to queue
[2026-03-22T04:12:55.463+0000] {logging_mixin.py:188} INFO - [2026-03-22T04:12:55.462+0000] {dagbag.py:545} INFO - Filling up the DagBag from /home/airflow/.local/lib/python3.12/site-packages/airflow/example_dags/example_python_decorator.py
[2026-03-22T04:12:55.503+0000] {processor.py:840} INFO - DAG(s) 'example_python_decorator' retrieved from /home/airflow/.local/lib/python3.12/site-packages/airflow/example_dags/example_python_decorator.py
[2026-03-22T04:12:55.563+0000] {logging_mixin.py:188} INFO - [2026-03-22T04:12:55.562+0000] {dag.py:3096} INFO - Sync 1 DAGs
[2026-03-22T04:12:55.613+0000] {logging_mixin.py:188} INFO - [2026-03-22T04:12:55.612+0000] {dag.py:3954} INFO - Setting next_dagrun for example_python_decorator to None, run_after=None
[2026-03-22T04:12:55.694+0000] {processor.py:183} INFO - Processing /home/airflow/.local/lib/python3.12/site-packages/airflow/example_dags/example_python_decorator.py took 0.243 seconds
[2026-03-22T04:13:25.928+0000] {processor.py:161} INFO - Started process (PID=538) to work on /home/airflow/.local/lib/python3.12/site-packages/airflow/example_dags/example_python_decorator.py
[2026-03-22T04:13:25.929+0000] {processor.py:830} INFO - Processing file /home/airflow/.local/lib/python3.12/site-packages/airflow/example_dags/example_python_decorator.py for tasks to queue
[2026-03-22T04:13:25.930+0000] {logging_mixin.py:188} INFO - [2026-03-22T04:13:25.930+0000] {dagbag.py:545} INFO - Filling up the DagBag from /home/airflow/.local/lib/python3.12/site-packages/airflow/example_dags/example_python_decorator.py
[2026-03-22T04:13:25.954+0000] {processor.py:840} INFO - DAG(s) 'example_python_decorator' retrieved from /home/airflow/.local/lib/python3.12/site-packages/airflow/example_dags/example_python_decorator.py
[2026-03-22T04:13:25.979+0000] {logging_mixin.py:188} INFO - [2026-03-22T04:13:25.979+0000] {dag.py:3096} INFO - Sync 1 DAGs
[2026-03-22T04:13:25.988+0000] {logging_mixin.py:188} INFO - [2026-03-22T04:13:25.988+0000] {dag.py:3954} INFO - Setting next_dagrun for example_python_decorator to None, run_after=None
[2026-03-22T04:13:25.998+0000] {processor.py:183} INFO - Processing /home/airflow/.local/lib/python3.12/site-packages/airflow/example_dags/example_python_decorator.py took 0.076 seconds
[2026-03-22T04:13:56.254+0000] {processor.py:161} INFO - Started process (PID=596) to work on /home/airflow/.local/lib/python3.12/site-packages/airflow/example_dags/example_python_decorator.py
[2026-03-22T04:13:56.256+0000] {processor.py:830} INFO - Processing file /home/airflow/.local/lib/python3.12/site-packages/airflow/example_dags/example_python_decorator.py for tasks to queue
[2026-03-22T04:13:56.259+0000] {logging_mixin.py:188} INFO - [2026-03-22T04:13:56.259+0000] {dagbag.py:545} INFO - Filling up the DagBag from /home/airflow/.local/lib/python3.12/site-packages/airflow/example_dags/example_python_decorator.py
[2026-03-22T04:13:56.287+0000] {processor.py:840} INFO - DAG(s) 'example_python_decorator' retrieved from /home/airflow/.local/lib/python3.12/site-packages/airflow/example_dags/example_python_decorator.py
[2026-03-22T04:13:56.312+0000] {logging_mixin.py:188} INFO - [2026-03-22T04:13:56.312+0000] {dag.py:3096} INFO - Sync 1 DAGs
[2026-03-22T04:13:56.324+0000] {logging_mixin.py:188} INFO - [2026-03-22T04:13:56.324+0000] {dag.py:3954} INFO - Setting next_dagrun for example_python_decorator to None, run_after=None
[2026-03-22T04:13:56.339+0000] {processor.py:183} INFO - Processing /home/airflow/.local/lib/python3.12/site-packages/airflow/example_dags/example_python_decorator.py took 0.094 seconds
[2026-03-22T04:14:26.617+0000] {processor.py:161} INFO - Started process (PID=653) to work on /home/airflow/.local/lib/python3.12/site-packages/airflow/example_dags/example_python_decorator.py
[2026-03-22T04:14:26.620+0000] {processor.py:830} INFO - Processing file /home/airflow/.local/lib/python3.12/site-packages/airflow/example_dags/example_python_decorator.py for tasks to queue
[2026-03-22T04:14:26.625+0000] {logging_mixin.py:188} INFO - [2026-03-22T04:14:26.625+0000] {dagbag.py:545} INFO - Filling up the DagBag from /home/airflow/.local/lib/python3.12/site-packages/airflow/example_dags/example_python_decorator.py
[2026-03-22T04:14:26.648+0000] {processor.py:840} INFO - DAG(s) 'example_python_decorator' retrieved from /home/airflow/.local/lib/python3.12/site-packages/airflow/example_dags/example_python_decorator.py
[2026-03-22T04:14:26.681+0000] {logging_mixin.py:188} INFO - [2026-03-22T04:14:26.681+0000] {dag.py:3096} INFO - Sync 1 DAGs
[2026-03-22T04:14:26.707+0000] {logging_mixin.py:188} INFO - [2026-03-22T04:14:26.707+0000] {dag.py:3954} INFO - Setting next_dagrun for example_python_decorator to None, run_after=None
[2026-03-22T04:14:26.721+0000] {processor.py:183} INFO - Processing /home/airflow/.local/lib/python3.12/site-packages/airflow/example_dags/example_python_decorator.py took 0.117 seconds
[2026-03-22T04:14:57.639+0000] {processor.py:161} INFO - Started process (PID=712) to work on /home/airflow/.local/lib/python3.12/site-packages/airflow/example_dags/example_python_decorator.py
[2026-03-22T04:14:57.640+0000] {processor.py:830} INFO - Processing file /home/airflow/.local/lib/python3.12/site-packages/airflow/example_dags/example_python_decorator.py for tasks to queue
[2026-03-22T04:14:57.642+0000] {logging_mixin.py:188} INFO - [2026-03-22T04:14:57.641+0000] {dagbag.py:545} INFO - Filling up the DagBag from /home/airflow/.local/lib/python3.12/site-packages/airflow/example_dags/example_python_decorator.py
[2026-03-22T04:14:57.654+0000] {processor.py:840} INFO - DAG(s) 'example_python_decorator' retrieved from /home/airflow/.local/lib/python3.12/site-packages/airflow/example_dags/example_python_decorator.py
[2026-03-22T04:14:57.670+0000] {logging_mixin.py:188} INFO - [2026-03-22T04:14:57.670+0000] {dag.py:3096} INFO - Sync 1 DAGs
[2026-03-22T04:14:57.678+0000] {logging_mixin.py:188} INFO - [2026-03-22T04:14:57.677+0000] {dag.py:3954} INFO - Setting next_dagrun for example_python_decorator to None, run_after=None
[2026-03-22T04:14:57.686+0000] {processor.py:183} INFO - Processing /home/airflow/.local/lib/python3.12/site-packages/airflow/example_dags/example_python_decorator.py took 0.051 seconds
[2026-03-22T04:15:28.453+0000] {processor.py:161} INFO - Started process (PID=770) to work on /home/airflow/.local/lib/python3.12/site-packages/airflow/example_dags/example_python_decorator.py
[2026-03-22T04:15:28.455+0000] {processor.py:830} INFO - Processing file /home/airflow/.local/lib/python3.12/site-packages/airflow/example_dags/example_python_decorator.py for tasks to queue
[2026-03-22T04:15:28.457+0000] {logging_mixin.py:188} INFO - [2026-03-22T04:15:28.457+0000] {dagbag.py:545} INFO - Filling up the DagBag from /home/airflow/.local/lib/python3.12/site-packages/airflow/example_dags/example_python_decorator.py
[2026-03-22T04:15:28.480+0000] {processor.py:840} INFO - DAG(s) 'example_python_decorator' retrieved from /home/airflow/.local/lib/python3.12/site-packages/airflow/example_dags/example_python_decorator.py
[2026-03-22T04:15:28.504+0000] {logging_mixin.py:188} INFO - [2026-03-22T04:15:28.504+0000] {dag.py:3096} INFO - Sync 1 DAGs
[2026-03-22T04:15:28.513+0000] {logging_mixin.py:188} INFO - [2026-03-22T04:15:28.513+0000] {dag.py:3954} INFO - Setting next_dagrun for example_python_decorator to None, run_after=None
[2026-03-22T04:15:28.524+0000] {processor.py:183} INFO - Processing /home/airflow/.local/lib/python3.12/site-packages/airflow/example_dags/example_python_decorator.py took 0.081 seconds
[2026-03-22T04:15:58.982+0000] {processor.py:161} INFO - Started process (PID=828) to work on /home/airflow/.local/lib/python3.12/site-packages/airflow/example_dags/example_python_decorator.py
[2026-03-22T04:15:58.983+0000] {processor.py:830} INFO - Processing file /home/airflow/.local/lib/python3.12/site-packages/airflow/example_dags/example_python_decorator.py for tasks to queue
[2026-03-22T04:15:58.984+0000] {logging_mixin.py:188} INFO - [2026-03-22T04:15:58.984+0000] {dagbag.py:545} INFO - Filling up the DagBag from /home/airflow/.local/lib/python3.12/site-packages/airflow/example_dags/example_python_decorator.py
[2026-03-22T04:15:58.996+0000] {processor.py:840} INFO - DAG(s) 'example_python_decorator' retrieved from /home/airflow/.local/lib/python3.12/site-packages/airflow/example_dags/example_python_decorator.py
[2026-03-22T04:15:59.013+0000] {logging_mixin.py:188} INFO - [2026-03-22T04:15:59.013+0000] {dag.py:3096} INFO - Sync 1 DAGs
[2026-03-22T04:15:59.021+0000] {logging_mixin.py:188} INFO - [2026-03-22T04:15:59.021+0000] {dag.py:3954} INFO - Setting next_dagrun for example_python_decorator to None, run_after=None
[2026-03-22T04:15:59.031+0000] {processor.py:183} INFO - Processing /home/airflow/.local/lib/python3.12/site-packages/airflow/example_dags/example_python_decorator.py took 0.052 seconds
[2026-03-22T04:16:48.719+0000] {processor.py:161} INFO - Started process (PID=886) to work on /home/airflow/.local/lib/python3.12/site-packages/airflow/example_dags/example_python_decorator.py
[2026-03-22T04:16:48.728+0000] {processor.py:830} INFO - Processing file /home/airflow/.local/lib/python3.12/site-packages/airflow/example_dags/example_python_decorator.py for tasks to queue
[2026-03-22T04:16:48.735+0000] {logging_mixin.py:188} INFO - [2026-03-22T04:16:48.734+0000] {dagbag.py:545} INFO - Filling up the DagBag from /home/airflow/.local/lib/python3.12/site-packages/airflow/example_dags/example_python_decorator.py
[2026-03-22T04:16:48.826+0000] {processor.py:840} INFO - DAG(s) 'example_python_decorator' retrieved from /home/airflow/.local/lib/python3.12/site-packages/airflow/example_dags/example_python_decorator.py
[2026-03-22T04:16:49.076+0000] {logging_mixin.py:188} INFO - [2026-03-22T04:16:49.067+0000] {dag.py:3096} INFO - Sync 1 DAGs
[2026-03-22T04:16:49.465+0000] {logging_mixin.py:188} INFO - [2026-03-22T04:16:49.431+0000] {dag.py:3954} INFO - Setting next_dagrun for example_python_decorator to None, run_after=None
[2026-03-22T04:16:49.635+0000] {processor.py:183} INFO - Processing /home/airflow/.local/lib/python3.12/site-packages/airflow/example_dags/example_python_decorator.py took 0.890 seconds
[2026-03-22T04:17:38.841+0000] {processor.py:161} INFO - Started process (PID=943) to work on /home/airflow/.local/lib/python3.12/site-packages/airflow/example_dags/example_python_decorator.py
[2026-03-22T04:17:38.843+0000] {processor.py:830} INFO - Processing file /home/airflow/.local/lib/python3.12/site-packages/airflow/example_dags/example_python_decorator.py for tasks to queue
[2026-03-22T04:17:38.854+0000] {logging_mixin.py:188} INFO - [2026-03-22T04:17:38.854+0000] {dagbag.py:545} INFO - Filling up the DagBag from /home/airflow/.local/lib/python3.12/site-packages/airflow/example_dags/example_python_decorator.py
[2026-03-22T04:17:38.933+0000] {processor.py:840} INFO - DAG(s) 'example_python_decorator' retrieved from /home/airflow/.local/lib/python3.12/site-packages/airflow/example_dags/example_python_decorator.py
[2026-03-22T04:17:39.005+0000] {logging_mixin.py:188} INFO - [2026-03-22T04:17:39.005+0000] {dag.py:3096} INFO - Sync 1 DAGs
[2026-03-22T04:17:39.025+0000] {logging_mixin.py:188} INFO - [2026-03-22T04:17:39.024+0000] {dag.py:3954} INFO - Setting next_dagrun for example_python_decorator to None, run_after=None
[2026-03-22T04:17:39.069+0000] {processor.py:183} INFO - Processing /home/airflow/.local/lib/python3.12/site-packages/airflow/example_dags/example_python_decorator.py took 0.243 seconds
[2026-03-22T04:18:09.205+0000] {processor.py:161} INFO - Started process (PID=1001) to work on /home/airflow/.local/lib/python3.12/site-packages/airflow/example_dags/example_python_decorator.py
[2026-03-22T04:18:09.206+0000] {processor.py:830} INFO - Processing file /home/airflow/.local/lib/python3.12/site-packages/airflow/example_dags/example_python_decorator.py for tasks to queue
[2026-03-22T04:18:09.210+0000] {logging_mixin.py:188} INFO - [2026-03-22T04:18:09.209+0000] {dagbag.py:545} INFO - Filling up the DagBag from /home/airflow/.local/lib/python3.12/site-packages/airflow/example_dags/example_python_decorator.py
[2026-03-22T04:18:09.233+0000] {processor.py:840} INFO - DAG(s) 'example_python_decorator' retrieved from /home/airflow/.local/lib/python3.12/site-packages/airflow/example_dags/example_python_decorator.py
[2026-03-22T04:18:09.246+0000] {logging_mixin.py:188} INFO - [2026-03-22T04:18:09.246+0000] {dag.py:3096} INFO - Sync 1 DAGs
[2026-03-22T04:18:09.255+0000] {logging_mixin.py:188} INFO - [2026-03-22T04:18:09.255+0000] {dag.py:3954} INFO - Setting next_dagrun for example_python_decorator to None, run_after=None
[2026-03-22T04:18:09.262+0000] {processor.py:183} INFO - Processing /home/airflow/.local/lib/python3.12/site-packages/airflow/example_dags/example_python_decorator.py took 0.063 seconds
[2026-03-22T04:18:39.954+0000] {processor.py:161} INFO - Started process (PID=1057) to work on /home/airflow/.local/lib/python3.12/site-packages/airflow/example_dags/example_python_decorator.py
[2026-03-22T04:18:39.955+0000] {processor.py:830} INFO - Processing file /home/airflow/.local/lib/python3.12/site-packages/airflow/example_dags/example_python_decorator.py for tasks to queue
[2026-03-22T04:18:39.956+0000] {logging_mixin.py:188} INFO - [2026-03-22T04:18:39.956+0000] {dagbag.py:545} INFO - Filling up the DagBag from /home/airflow/.local/lib/python3.12/site-packages/airflow/example_dags/example_python_decorator.py
[2026-03-22T04:18:39.974+0000] {processor.py:840} INFO - DAG(s) 'example_python_decorator' retrieved from /home/airflow/.local/lib/python3.12/site-packages/airflow/example_dags/example_python_decorator.py
[2026-03-22T04:18:39.988+0000] {logging_mixin.py:188} INFO - [2026-03-22T04:18:39.988+0000] {dag.py:3096} INFO - Sync 1 DAGs
[2026-03-22T04:18:39.994+0000] {logging_mixin.py:188} INFO - [2026-03-22T04:18:39.994+0000] {dag.py:3954} INFO - Setting next_dagrun for example_python_decorator to None, run_after=None
[2026-03-22T04:18:40.003+0000] {processor.py:183} INFO - Processing /home/airflow/.local/lib/python3.12/site-packages/airflow/example_dags/example_python_decorator.py took 0.052 seconds
[2026-03-22T04:19:10.348+0000] {processor.py:161} INFO - Started process (PID=1115) to work on /home/airflow/.local/lib/python3.12/site-packages/airflow/example_dags/example_python_decorator.py
[2026-03-22T04:19:10.350+0000] {processor.py:830} INFO - Processing file /home/airflow/.local/lib/python3.12/site-packages/airflow/example_dags/example_python_decorator.py for tasks to queue
[2026-03-22T04:19:10.352+0000] {logging_mixin.py:188} INFO - [2026-03-22T04:19:10.352+0000] {dagbag.py:545} INFO - Filling up the DagBag from /home/airflow/.local/lib/python3.12/site-packages/airflow/example_dags/example_python_decorator.py
[2026-03-22T04:19:10.369+0000] {processor.py:840} INFO - DAG(s) 'example_python_decorator' retrieved from /home/airflow/.local/lib/python3.12/site-packages/airflow/example_dags/example_python_decorator.py
[2026-03-22T04:19:10.383+0000] {logging_mixin.py:188} INFO - [2026-03-22T04:19:10.383+0000] {dag.py:3096} INFO - Sync 1 DAGs
[2026-03-22T04:19:10.390+0000] {logging_mixin.py:188} INFO - [2026-03-22T04:19:10.390+0000] {dag.py:3954} INFO - Setting next_dagrun for example_python_decorator to None, run_after=None
[2026-03-22T04:19:10.399+0000] {processor.py:183} INFO - Processing /home/airflow/.local/lib/python3.12/site-packages/airflow/example_dags/example_python_decorator.py took 0.056 seconds
[2026-03-22T04:19:40.505+0000] {processor.py:161} INFO - Started process (PID=1173) to work on /home/airflow/.local/lib/python3.12/site-packages/airflow/example_dags/example_python_decorator.py
[2026-03-22T04:19:40.506+0000] {processor.py:830} INFO - Processing file /home/airflow/.local/lib/python3.12/site-packages/airflow/example_dags/example_python_decorator.py for tasks to queue
[2026-03-22T04:19:40.508+0000] {logging_mixin.py:188} INFO - [2026-03-22T04:19:40.507+0000] {dagbag.py:545} INFO - Filling up the DagBag from /home/airflow/.local/lib/python3.12/site-packages/airflow/example_dags/example_python_decorator.py
[2026-03-22T04:19:40.524+0000] {processor.py:840} INFO - DAG(s) 'example_python_decorator' retrieved from /home/airflow/.local/lib/python3.12/site-packages/airflow/example_dags/example_python_decorator.py
[2026-03-22T04:19:40.540+0000] {logging_mixin.py:188} INFO - [2026-03-22T04:19:40.539+0000] {dag.py:3096} INFO - Sync 1 DAGs
[2026-03-22T04:19:40.548+0000] {logging_mixin.py:188} INFO - [2026-03-22T04:19:40.548+0000] {dag.py:3954} INFO - Setting next_dagrun for example_python_decorator to None, run_after=None
[2026-03-22T04:19:40.561+0000] {processor.py:183} INFO - Processing /home/airflow/.local/lib/python3.12/site-packages/airflow/example_dags/example_python_decorator.py took 0.060 seconds
[2026-03-22T04:20:11.261+0000] {processor.py:161} INFO - Started process (PID=1231) to work on /home/airflow/.local/lib/python3.12/site-packages/airflow/example_dags/example_python_decorator.py
[2026-03-22T04:20:11.263+0000] {processor.py:830} INFO - Processing file /home/airflow/.local/lib/python3.12/site-packages/airflow/example_dags/example_python_decorator.py for tasks to queue
[2026-03-22T04:20:11.265+0000] {logging_mixin.py:188} INFO - [2026-03-22T04:20:11.264+0000] {dagbag.py:545} INFO - Filling up the DagBag from /home/airflow/.local/lib/python3.12/site-packages/airflow/example_dags/example_python_decorator.py
[2026-03-22T04:20:11.282+0000] {processor.py:840} INFO - DAG(s) 'example_python_decorator' retrieved from /home/airflow/.local/lib/python3.12/site-packages/airflow/example_dags/example_python_decorator.py
[2026-03-22T04:20:11.294+0000] {logging_mixin.py:188} INFO - [2026-03-22T04:20:11.294+0000] {dag.py:3096} INFO - Sync 1 DAGs
[2026-03-22T04:20:11.302+0000] {logging_mixin.py:188} INFO - [2026-03-22T04:20:11.301+0000] {dag.py:3954} INFO - Setting next_dagrun for example_python_decorator to None, run_after=None
[2026-03-22T04:20:11.311+0000] {processor.py:183} INFO - Processing /home/airflow/.local/lib/python3.12/site-packages/airflow/example_dags/example_python_decorator.py took 0.057 seconds
[2026-03-22T04:20:41.832+0000] {processor.py:161} INFO - Started process (PID=1289) to work on /home/airflow/.local/lib/python3.12/site-packages/airflow/example_dags/example_python_decorator.py
[2026-03-22T04:20:41.835+0000] {processor.py:830} INFO - Processing file /home/airflow/.local/lib/python3.12/site-packages/airflow/example_dags/example_python_decorator.py for tasks to queue
[2026-03-22T04:20:41.840+0000] {logging_mixin.py:188} INFO - [2026-03-22T04:20:41.840+0000] {dagbag.py:545} INFO - Filling up the DagBag from /home/airflow/.local/lib/python3.12/site-packages/airflow/example_dags/example_python_decorator.py
[2026-03-22T04:20:41.860+0000] {processor.py:840} INFO - DAG(s) 'example_python_decorator' retrieved from /home/airflow/.local/lib/python3.12/site-packages/airflow/example_dags/example_python_decorator.py
[2026-03-22T04:20:41.906+0000] {logging_mixin.py:188} INFO - [2026-03-22T04:20:41.906+0000] {dag.py:3096} INFO - Sync 1 DAGs
[2026-03-22T04:20:41.942+0000] {logging_mixin.py:188} INFO - [2026-03-22T04:20:41.942+0000] {dag.py:3954} INFO - Setting next_dagrun for example_python_decorator to None, run_after=None
[2026-03-22T04:20:41.975+0000] {processor.py:183} INFO - Processing /home/airflow/.local/lib/python3.12/site-packages/airflow/example_dags/example_python_decorator.py took 0.147 seconds
[2026-03-22T04:21:12.834+0000] {processor.py:161} INFO - Started process (PID=1346) to work on /home/airflow/.local/lib/python3.12/site-packages/airflow/example_dags/example_python_decorator.py
[2026-03-22T04:21:12.836+0000] {processor.py:830} INFO - Processing file /home/airflow/.local/lib/python3.12/site-packages/airflow/example_dags/example_python_decorator.py for tasks to queue
[2026-03-22T04:21:12.837+0000] {logging_mixin.py:188} INFO - [2026-03-22T04:21:12.837+0000] {dagbag.py:545} INFO - Filling up the DagBag from /home/airflow/.local/lib/python3.12/site-packages/airflow/example_dags/example_python_decorator.py
[2026-03-22T04:21:12.868+0000] {processor.py:840} INFO - DAG(s) 'example_python_decorator' retrieved from /home/airflow/.local/lib/python3.12/site-packages/airflow/example_dags/example_python_decorator.py
[2026-03-22T04:21:12.892+0000] {logging_mixin.py:188} INFO - [2026-03-22T04:21:12.892+0000] {dag.py:3096} INFO - Sync 1 DAGs
[2026-03-22T04:21:12.900+0000] {logging_mixin.py:188} INFO - [2026-03-22T04:21:12.900+0000] {dag.py:3954} INFO - Setting next_dagrun for example_python_decorator to None, run_after=None
[2026-03-22T04:21:12.911+0000] {processor.py:183} INFO - Processing /home/airflow/.local/lib/python3.12/site-packages/airflow/example_dags/example_python_decorator.py took 0.082 seconds
[2026-03-22T04:21:43.088+0000] {processor.py:161} INFO - Started process (PID=1404) to work on /home/airflow/.local/lib/python3.12/site-packages/airflow/example_dags/example_python_decorator.py
[2026-03-22T04:21:43.091+0000] {processor.py:830} INFO - Processing file /home/airflow/.local/lib/python3.12/site-packages/airflow/example_dags/example_python_decorator.py for tasks to queue
[2026-03-22T04:21:43.092+0000] {logging_mixin.py:188} INFO - [2026-03-22T04:21:43.092+0000] {dagbag.py:545} INFO - Filling up the DagBag from /home/airflow/.local/lib/python3.12/site-packages/airflow/example_dags/example_python_decorator.py
[2026-03-22T04:21:43.103+0000] {processor.py:840} INFO - DAG(s) 'example_python_decorator' retrieved from /home/airflow/.local/lib/python3.12/site-packages/airflow/example_dags/example_python_decorator.py
[2026-03-22T04:21:43.113+0000] {logging_mixin.py:188} INFO - [2026-03-22T04:21:43.113+0000] {dag.py:3096} INFO - Sync 1 DAGs
[2026-03-22T04:21:43.119+0000] {logging_mixin.py:188} INFO - [2026-03-22T04:21:43.119+0000] {dag.py:3954} INFO - Setting next_dagrun for example_python_decorator to None, run_after=None
[2026-03-22T04:21:43.126+0000] {processor.py:183} INFO - Processing /home/airflow/.local/lib/python3.12/site-packages/airflow/example_dags/example_python_decorator.py took 0.042 seconds
[2026-03-22T04:23:03.904+0000] {processor.py:161} INFO - Started process (PID=1462) to work on /home/airflow/.local/lib/python3.12/site-packages/airflow/example_dags/example_python_decorator.py
[2026-03-22T04:23:03.915+0000] {processor.py:830} INFO - Processing file /home/airflow/.local/lib/python3.12/site-packages/airflow/example_dags/example_python_decorator.py for tasks to queue
[2026-03-22T04:23:03.921+0000] {logging_mixin.py:188} INFO - [2026-03-22T04:23:03.920+0000] {dagbag.py:545} INFO - Filling up the DagBag from /home/airflow/.local/lib/python3.12/site-packages/airflow/example_dags/example_python_decorator.py
[2026-03-22T04:23:03.994+0000] {processor.py:840} INFO - DAG(s) 'example_python_decorator' retrieved from /home/airflow/.local/lib/python3.12/site-packages/airflow/example_dags/example_python_decorator.py
[2026-03-22T04:23:04.110+0000] {logging_mixin.py:188} INFO - [2026-03-22T04:23:04.109+0000] {dag.py:3096} INFO - Sync 1 DAGs
[2026-03-22T04:23:04.168+0000] {logging_mixin.py:188} INFO - [2026-03-22T04:23:04.167+0000] {dag.py:3954} INFO - Setting next_dagrun for example_python_decorator to None, run_after=None
[2026-03-22T04:23:04.254+0000] {processor.py:183} INFO - Processing /home/airflow/.local/lib/python3.12/site-packages/airflow/example_dags/example_python_decorator.py took 0.364 seconds
[2026-03-22T04:23:34.376+0000] {processor.py:161} INFO - Started process (PID=1519) to work on /home/airflow/.local/lib/python3.12/site-packages/airflow/example_dags/example_python_decorator.py
[2026-03-22T04:23:34.377+0000] {processor.py:830} INFO - Processing file /home/airflow/.local/lib/python3.12/site-packages/airflow/example_dags/example_python_decorator.py for tasks to queue
[2026-03-22T04:23:34.378+0000] {logging_mixin.py:188} INFO - [2026-03-22T04:23:34.378+0000] {dagbag.py:545} INFO - Filling up the DagBag from /home/airflow/.local/lib/python3.12/site-packages/airflow/example_dags/example_python_decorator.py
[2026-03-22T04:23:34.388+0000] {processor.py:840} INFO - DAG(s) 'example_python_decorator' retrieved from /home/airflow/.local/lib/python3.12/site-packages/airflow/example_dags/example_python_decorator.py
[2026-03-22T04:23:34.402+0000] {logging_mixin.py:188} INFO - [2026-03-22T04:23:34.402+0000] {dag.py:3096} INFO - Sync 1 DAGs
[2026-03-22T04:23:34.411+0000] {logging_mixin.py:188} INFO - [2026-03-22T04:23:34.411+0000] {dag.py:3954} INFO - Setting next_dagrun for example_python_decorator to None, run_after=None
[2026-03-22T04:23:34.422+0000] {processor.py:183} INFO - Processing /home/airflow/.local/lib/python3.12/site-packages/airflow/example_dags/example_python_decorator.py took 0.048 seconds
[2026-03-22T04:24:05.169+0000] {processor.py:161} INFO - Started process (PID=1577) to work on /home/airflow/.local/lib/python3.12/site-packages/airflow/example_dags/example_python_decorator.py
[2026-03-22T04:24:05.169+0000] {processor.py:830} INFO - Processing file /home/airflow/.local/lib/python3.12/site-packages/airflow/example_dags/example_python_decorator.py for tasks to queue
[2026-03-22T04:24:05.170+0000] {logging_mixin.py:188} INFO - [2026-03-22T04:24:05.170+0000] {dagbag.py:545} INFO - Filling up the DagBag from /home/airflow/.local/lib/python3.12/site-packages/airflow/example_dags/example_python_decorator.py
[2026-03-22T04:24:05.189+0000] {processor.py:840} INFO - DAG(s) 'example_python_decorator' retrieved from /home/airflow/.local/lib/python3.12/site-packages/airflow/example_dags/example_python_decorator.py
[2026-03-22T04:24:05.200+0000] {logging_mixin.py:188} INFO - [2026-03-22T04:24:05.199+0000] {dag.py:3096} INFO - Sync 1 DAGs
[2026-03-22T04:24:05.204+0000] {logging_mixin.py:188} INFO - [2026-03-22T04:24:05.204+0000] {dag.py:3954} INFO - Setting next_dagrun for example_python_decorator to None, run_after=None
[2026-03-22T04:24:05.211+0000] {processor.py:183} INFO - Processing /home/airflow/.local/lib/python3.12/site-packages/airflow/example_dags/example_python_decorator.py took 0.045 seconds
[2026-03-22T04:25:22.988+0000] {processor.py:161} INFO - Started process (PID=1646) to work on /home/airflow/.local/lib/python3.12/site-packages/airflow/example_dags/example_python_decorator.py
[2026-03-22T04:25:23.006+0000] {processor.py:830} INFO - Processing file /home/airflow/.local/lib/python3.12/site-packages/airflow/example_dags/example_python_decorator.py for tasks to queue
[2026-03-22T04:25:23.023+0000] {logging_mixin.py:188} INFO - [2026-03-22T04:25:23.022+0000] {dagbag.py:545} INFO - Filling up the DagBag from /home/airflow/.local/lib/python3.12/site-packages/airflow/example_dags/example_python_decorator.py
[2026-03-22T04:25:23.395+0000] {processor.py:840} INFO - DAG(s) 'example_python_decorator' retrieved from /home/airflow/.local/lib/python3.12/site-packages/airflow/example_dags/example_python_decorator.py
[2026-03-22T04:25:23.878+0000] {logging_mixin.py:188} INFO - [2026-03-22T04:25:23.867+0000] {dag.py:3096} INFO - Sync 1 DAGs
[2026-03-22T04:25:23.924+0000] {logging_mixin.py:188} INFO - [2026-03-22T04:25:23.924+0000] {dag.py:3954} INFO - Setting next_dagrun for example_python_decorator to None, run_after=None
[2026-03-22T04:25:23.984+0000] {processor.py:183} INFO - Processing /home/airflow/.local/lib/python3.12/site-packages/airflow/example_dags/example_python_decorator.py took 1.037 seconds
[2026-03-22T04:25:54.225+0000] {processor.py:161} INFO - Started process (PID=1704) to work on /home/airflow/.local/lib/python3.12/site-packages/airflow/example_dags/example_python_decorator.py
[2026-03-22T04:25:54.241+0000] {processor.py:830} INFO - Processing file /home/airflow/.local/lib/python3.12/site-packages/airflow/example_dags/example_python_decorator.py for tasks to queue
[2026-03-22T04:25:54.270+0000] {logging_mixin.py:188} INFO - [2026-03-22T04:25:54.265+0000] {dagbag.py:545} INFO - Filling up the DagBag from /home/airflow/.local/lib/python3.12/site-packages/airflow/example_dags/example_python_decorator.py
[2026-03-22T04:25:54.515+0000] {processor.py:840} INFO - DAG(s) 'example_python_decorator' retrieved from /home/airflow/.local/lib/python3.12/site-packages/airflow/example_dags/example_python_decorator.py
[2026-03-22T04:25:54.579+0000] {logging_mixin.py:188} INFO - [2026-03-22T04:25:54.578+0000] {dag.py:3096} INFO - Sync 1 DAGs
[2026-03-22T04:25:54.616+0000] {logging_mixin.py:188} INFO - [2026-03-22T04:25:54.615+0000] {dag.py:3954} INFO - Setting next_dagrun for example_python_decorator to None, run_after=None
[2026-03-22T04:25:54.673+0000] {processor.py:183} INFO - Processing /home/airflow/.local/lib/python3.12/site-packages/airflow/example_dags/example_python_decorator.py took 0.479 seconds
[2026-03-22T04:28:18.722+0000] {processor.py:161} INFO - Started process (PID=1763) to work on /home/airflow/.local/lib/python3.12/site-packages/airflow/example_dags/example_python_decorator.py
[2026-03-22T04:28:18.737+0000] {processor.py:830} INFO - Processing file /home/airflow/.local/lib/python3.12/site-packages/airflow/example_dags/example_python_decorator.py for tasks to queue
[2026-03-22T04:28:18.762+0000] {logging_mixin.py:188} INFO - [2026-03-22T04:28:18.761+0000] {dagbag.py:545} INFO - Filling up the DagBag from /home/airflow/.local/lib/python3.12/site-packages/airflow/example_dags/example_python_decorator.py
[2026-03-22T04:28:19.527+0000] {processor.py:840} INFO - DAG(s) 'example_python_decorator' retrieved from /home/airflow/.local/lib/python3.12/site-packages/airflow/example_dags/example_python_decorator.py
[2026-03-22T04:28:21.647+0000] {logging_mixin.py:188} INFO - [2026-03-22T04:28:21.600+0000] {dag.py:3096} INFO - Sync 1 DAGs
[2026-03-22T04:28:21.826+0000] {logging_mixin.py:188} INFO - [2026-03-22T04:28:21.822+0000] {dag.py:3954} INFO - Setting next_dagrun for example_python_decorator to None, run_after=None
[2026-03-22T04:28:22.563+0000] {processor.py:183} INFO - Processing /home/airflow/.local/lib/python3.12/site-packages/airflow/example_dags/example_python_decorator.py took 4.001 seconds
[2026-03-22T04:33:59.388+0000] {processor.py:161} INFO - Started process (PID=1844) to work on /home/airflow/.local/lib/python3.12/site-packages/airflow/example_dags/example_python_decorator.py
[2026-03-22T04:33:59.393+0000] {processor.py:830} INFO - Processing file /home/airflow/.local/lib/python3.12/site-packages/airflow/example_dags/example_python_decorator.py for tasks to queue
[2026-03-22T04:33:59.503+0000] {logging_mixin.py:188} INFO - [2026-03-22T04:33:59.460+0000] {dagbag.py:545} INFO - Filling up the DagBag from /home/airflow/.local/lib/python3.12/site-packages/airflow/example_dags/example_python_decorator.py
[2026-03-22T04:33:59.977+0000] {processor.py:840} INFO - DAG(s) 'example_python_decorator' retrieved from /home/airflow/.local/lib/python3.12/site-packages/airflow/example_dags/example_python_decorator.py
[2026-03-22T04:34:00.645+0000] {logging_mixin.py:188} INFO - [2026-03-22T04:34:00.616+0000] {dag.py:3096} INFO - Sync 1 DAGs
[2026-03-22T04:34:00.850+0000] {logging_mixin.py:188} INFO - [2026-03-22T04:34:00.835+0000] {dag.py:3954} INFO - Setting next_dagrun for example_python_decorator to None, run_after=None
[2026-03-22T04:34:01.710+0000] {processor.py:183} INFO - Processing /home/airflow/.local/lib/python3.12/site-packages/airflow/example_dags/example_python_decorator.py took 2.363 seconds
[2026-03-22T04:37:13.031+0000] {processor.py:161} INFO - Started process (PID=1913) to work on /home/airflow/.local/lib/python3.12/site-packages/airflow/example_dags/example_python_decorator.py
[2026-03-22T04:37:13.107+0000] {processor.py:830} INFO - Processing file /home/airflow/.local/lib/python3.12/site-packages/airflow/example_dags/example_python_decorator.py for tasks to queue
[2026-03-22T04:37:13.401+0000] {logging_mixin.py:188} INFO - [2026-03-22T04:37:13.367+0000] {dagbag.py:545} INFO - Filling up the DagBag from /home/airflow/.local/lib/python3.12/site-packages/airflow/example_dags/example_python_decorator.py
[2026-03-22T04:37:18.640+0000] {processor.py:840} INFO - DAG(s) 'example_python_decorator' retrieved from /home/airflow/.local/lib/python3.12/site-packages/airflow/example_dags/example_python_decorator.py
[2026-03-22T04:37:20.631+0000] {logging_mixin.py:188} INFO - [2026-03-22T04:37:20.604+0000] {dag.py:3096} INFO - Sync 1 DAGs
[2026-03-22T04:37:21.492+0000] {logging_mixin.py:188} INFO - [2026-03-22T04:37:21.463+0000] {dag.py:3954} INFO - Setting next_dagrun for example_python_decorator to None, run_after=None
[2026-03-22T04:37:22.867+0000] {processor.py:183} INFO - Processing /home/airflow/.local/lib/python3.12/site-packages/airflow/example_dags/example_python_decorator.py took 11.686 seconds
[2026-03-22T04:39:11.146+0000] {processor.py:161} INFO - Started process (PID=1977) to work on /home/airflow/.local/lib/python3.12/site-packages/airflow/example_dags/example_python_decorator.py
[2026-03-22T04:39:11.171+0000] {processor.py:830} INFO - Processing file /home/airflow/.local/lib/python3.12/site-packages/airflow/example_dags/example_python_decorator.py for tasks to queue
[2026-03-22T04:39:11.220+0000] {logging_mixin.py:188} INFO - [2026-03-22T04:39:11.209+0000] {dagbag.py:545} INFO - Filling up the DagBag from /home/airflow/.local/lib/python3.12/site-packages/airflow/example_dags/example_python_decorator.py
[2026-03-22T04:39:11.626+0000] {processor.py:840} INFO - DAG(s) 'example_python_decorator' retrieved from /home/airflow/.local/lib/python3.12/site-packages/airflow/example_dags/example_python_decorator.py
[2026-03-22T04:39:12.050+0000] {logging_mixin.py:188} INFO - [2026-03-22T04:39:12.037+0000] {dag.py:3096} INFO - Sync 1 DAGs
[2026-03-22T04:39:12.282+0000] {logging_mixin.py:188} INFO - [2026-03-22T04:39:12.280+0000] {dag.py:3954} INFO - Setting next_dagrun for example_python_decorator to None, run_after=None
[2026-03-22T04:39:13.006+0000] {processor.py:183} INFO - Processing /home/airflow/.local/lib/python3.12/site-packages/airflow/example_dags/example_python_decorator.py took 2.052 seconds
[2026-03-22T04:40:17.948+0000] {processor.py:161} INFO - Started process (PID=2041) to work on /home/airflow/.local/lib/python3.12/site-packages/airflow/example_dags/example_python_decorator.py
[2026-03-22T04:40:17.979+0000] {processor.py:830} INFO - Processing file /home/airflow/.local/lib/python3.12/site-packages/airflow/example_dags/example_python_decorator.py for tasks to queue
[2026-03-22T04:40:18.007+0000] {logging_mixin.py:188} INFO - [2026-03-22T04:40:18.004+0000] {dagbag.py:545} INFO - Filling up the DagBag from /home/airflow/.local/lib/python3.12/site-packages/airflow/example_dags/example_python_decorator.py
[2026-03-22T04:40:18.178+0000] {processor.py:840} INFO - DAG(s) 'example_python_decorator' retrieved from /home/airflow/.local/lib/python3.12/site-packages/airflow/example_dags/example_python_decorator.py
[2026-03-22T04:40:18.803+0000] {logging_mixin.py:188} INFO - [2026-03-22T04:40:18.795+0000] {dag.py:3096} INFO - Sync 1 DAGs
[2026-03-22T04:40:19.258+0000] {logging_mixin.py:188} INFO - [2026-03-22T04:40:19.238+0000] {dag.py:3954} INFO - Setting next_dagrun for example_python_decorator to None, run_after=None
[2026-03-22T04:40:20.754+0000] {processor.py:183} INFO - Processing /home/airflow/.local/lib/python3.12/site-packages/airflow/example_dags/example_python_decorator.py took 2.871 seconds
[2026-03-22T04:41:22.443+0000] {processor.py:161} INFO - Started process (PID=2107) to work on /home/airflow/.local/lib/python3.12/site-packages/airflow/example_dags/example_python_decorator.py
[2026-03-22T04:41:22.452+0000] {processor.py:830} INFO - Processing file /home/airflow/.local/lib/python3.12/site-packages/airflow/example_dags/example_python_decorator.py for tasks to queue
[2026-03-22T04:41:22.466+0000] {logging_mixin.py:188} INFO - [2026-03-22T04:41:22.464+0000] {dagbag.py:545} INFO - Filling up the DagBag from /home/airflow/.local/lib/python3.12/site-packages/airflow/example_dags/example_python_decorator.py
[2026-03-22T04:41:22.657+0000] {processor.py:840} INFO - DAG(s) 'example_python_decorator' retrieved from /home/airflow/.local/lib/python3.12/site-packages/airflow/example_dags/example_python_decorator.py
[2026-03-22T04:41:23.412+0000] {logging_mixin.py:188} INFO - [2026-03-22T04:41:23.402+0000] {dag.py:3096} INFO - Sync 1 DAGs
[2026-03-22T04:41:23.682+0000] {logging_mixin.py:188} INFO - [2026-03-22T04:41:23.680+0000] {dag.py:3954} INFO - Setting next_dagrun for example_python_decorator to None, run_after=None
[2026-03-22T04:41:23.924+0000] {processor.py:183} INFO - Processing /home/airflow/.local/lib/python3.12/site-packages/airflow/example_dags/example_python_decorator.py took 1.564 seconds
[2026-03-22T04:42:05.466+0000] {processor.py:161} INFO - Started process (PID=2150) to work on /home/airflow/.local/lib/python3.12/site-packages/airflow/example_dags/example_python_decorator.py
[2026-03-22T04:42:05.583+0000] {processor.py:830} INFO - Processing file /home/airflow/.local/lib/python3.12/site-packages/airflow/example_dags/example_python_decorator.py for tasks to queue
[2026-03-22T04:42:05.648+0000] {logging_mixin.py:188} INFO - [2026-03-22T04:42:05.634+0000] {dagbag.py:545} INFO - Filling up the DagBag from /home/airflow/.local/lib/python3.12/site-packages/airflow/example_dags/example_python_decorator.py
[2026-03-22T04:42:06.315+0000] {processor.py:840} INFO - DAG(s) 'example_python_decorator' retrieved from /home/airflow/.local/lib/python3.12/site-packages/airflow/example_dags/example_python_decorator.py
[2026-03-22T04:42:07.165+0000] {logging_mixin.py:188} INFO - [2026-03-22T04:42:07.155+0000] {dag.py:3096} INFO - Sync 1 DAGs
[2026-03-22T04:42:07.318+0000] {logging_mixin.py:188} INFO - [2026-03-22T04:42:07.316+0000] {dag.py:3954} INFO - Setting next_dagrun for example_python_decorator to None, run_after=None
[2026-03-22T04:42:07.543+0000] {processor.py:183} INFO - Processing /home/airflow/.local/lib/python3.12/site-packages/airflow/example_dags/example_python_decorator.py took 2.719 seconds
[2026-03-22T04:42:37.683+0000] {processor.py:161} INFO - Started process (PID=2208) to work on /home/airflow/.local/lib/python3.12/site-packages/airflow/example_dags/example_python_decorator.py
[2026-03-22T04:42:37.684+0000] {processor.py:830} INFO - Processing file /home/airflow/.local/lib/python3.12/site-packages/airflow/example_dags/example_python_decorator.py for tasks to queue
[2026-03-22T04:42:37.686+0000] {logging_mixin.py:188} INFO - [2026-03-22T04:42:37.685+0000] {dagbag.py:545} INFO - Filling up the DagBag from /home/airflow/.local/lib/python3.12/site-packages/airflow/example_dags/example_python_decorator.py
[2026-03-22T04:42:37.703+0000] {processor.py:840} INFO - DAG(s) 'example_python_decorator' retrieved from /home/airflow/.local/lib/python3.12/site-packages/airflow/example_dags/example_python_decorator.py
[2026-03-22T04:42:37.715+0000] {logging_mixin.py:188} INFO - [2026-03-22T04:42:37.715+0000] {dag.py:3096} INFO - Sync 1 DAGs
[2026-03-22T04:42:37.721+0000] {logging_mixin.py:188} INFO - [2026-03-22T04:42:37.720+0000] {dag.py:3954} INFO - Setting next_dagrun for example_python_decorator to None, run_after=None
[2026-03-22T04:42:37.734+0000] {processor.py:183} INFO - Processing /home/airflow/.local/lib/python3.12/site-packages/airflow/example_dags/example_python_decorator.py took 0.056 seconds
