[2026-03-22T04:09:23.189+0000] {processor.py:161} INFO - Started process (PID=96) to work on /home/airflow/.local/lib/python3.12/site-packages/airflow/example_dags/example_branch_operator.py
[2026-03-22T04:09:23.190+0000] {processor.py:830} INFO - Processing file /home/airflow/.local/lib/python3.12/site-packages/airflow/example_dags/example_branch_operator.py for tasks to queue
[2026-03-22T04:09:23.191+0000] {logging_mixin.py:188} INFO - [2026-03-22T04:09:23.190+0000] {dagbag.py:545} INFO - Filling up the DagBag from /home/airflow/.local/lib/python3.12/site-packages/airflow/example_dags/example_branch_operator.py
[2026-03-22T04:09:23.199+0000] {processor.py:840} INFO - DAG(s) 'example_branch_operator' retrieved from /home/airflow/.local/lib/python3.12/site-packages/airflow/example_dags/example_branch_operator.py
[2026-03-22T04:09:23.262+0000] {logging_mixin.py:188} INFO - [2026-03-22T04:09:23.262+0000] {dag.py:3096} INFO - Sync 1 DAGs
[2026-03-22T04:09:23.275+0000] {logging_mixin.py:188} INFO - [2026-03-22T04:09:23.275+0000] {dag.py:3954} INFO - Setting next_dagrun for example_branch_operator to 2026-03-21 00:00:00+00:00, run_after=2026-03-22 00:00:00+00:00
[2026-03-22T04:09:23.289+0000] {processor.py:183} INFO - Processing /home/airflow/.local/lib/python3.12/site-packages/airflow/example_dags/example_branch_operator.py took 0.104 seconds
[2026-03-22T04:09:54.257+0000] {processor.py:161} INFO - Started process (PID=154) to work on /home/airflow/.local/lib/python3.12/site-packages/airflow/example_dags/example_branch_operator.py
[2026-03-22T04:09:54.258+0000] {processor.py:830} INFO - Processing file /home/airflow/.local/lib/python3.12/site-packages/airflow/example_dags/example_branch_operator.py for tasks to queue
[2026-03-22T04:09:54.258+0000] {logging_mixin.py:188} INFO - [2026-03-22T04:09:54.258+0000] {dagbag.py:545} INFO - Filling up the DagBag from /home/airflow/.local/lib/python3.12/site-packages/airflow/example_dags/example_branch_operator.py
[2026-03-22T04:09:54.266+0000] {processor.py:840} INFO - DAG(s) 'example_branch_operator' retrieved from /home/airflow/.local/lib/python3.12/site-packages/airflow/example_dags/example_branch_operator.py
[2026-03-22T04:09:54.281+0000] {logging_mixin.py:188} INFO - [2026-03-22T04:09:54.281+0000] {dag.py:3096} INFO - Sync 1 DAGs
[2026-03-22T04:09:54.298+0000] {logging_mixin.py:188} INFO - [2026-03-22T04:09:54.297+0000] {dag.py:3954} INFO - Setting next_dagrun for example_branch_operator to 2026-03-21 00:00:00+00:00, run_after=2026-03-22 00:00:00+00:00
[2026-03-22T04:09:54.319+0000] {processor.py:183} INFO - Processing /home/airflow/.local/lib/python3.12/site-packages/airflow/example_dags/example_branch_operator.py took 0.064 seconds
[2026-03-22T04:10:25.136+0000] {processor.py:161} INFO - Started process (PID=212) to work on /home/airflow/.local/lib/python3.12/site-packages/airflow/example_dags/example_branch_operator.py
[2026-03-22T04:10:25.136+0000] {processor.py:830} INFO - Processing file /home/airflow/.local/lib/python3.12/site-packages/airflow/example_dags/example_branch_operator.py for tasks to queue
[2026-03-22T04:10:25.139+0000] {logging_mixin.py:188} INFO - [2026-03-22T04:10:25.139+0000] {dagbag.py:545} INFO - Filling up the DagBag from /home/airflow/.local/lib/python3.12/site-packages/airflow/example_dags/example_branch_operator.py
[2026-03-22T04:10:25.146+0000] {processor.py:840} INFO - DAG(s) 'example_branch_operator' retrieved from /home/airflow/.local/lib/python3.12/site-packages/airflow/example_dags/example_branch_operator.py
[2026-03-22T04:10:25.157+0000] {logging_mixin.py:188} INFO - [2026-03-22T04:10:25.157+0000] {dag.py:3096} INFO - Sync 1 DAGs
[2026-03-22T04:10:25.166+0000] {logging_mixin.py:188} INFO - [2026-03-22T04:10:25.165+0000] {dag.py:3954} INFO - Setting next_dagrun for example_branch_operator to 2026-03-21 00:00:00+00:00, run_after=2026-03-22 00:00:00+00:00
[2026-03-22T04:10:25.172+0000] {processor.py:183} INFO - Processing /home/airflow/.local/lib/python3.12/site-packages/airflow/example_dags/example_branch_operator.py took 0.039 seconds
[2026-03-22T04:10:55.672+0000] {processor.py:161} INFO - Started process (PID=270) to work on /home/airflow/.local/lib/python3.12/site-packages/airflow/example_dags/example_branch_operator.py
[2026-03-22T04:10:55.673+0000] {processor.py:830} INFO - Processing file /home/airflow/.local/lib/python3.12/site-packages/airflow/example_dags/example_branch_operator.py for tasks to queue
[2026-03-22T04:10:55.674+0000] {logging_mixin.py:188} INFO - [2026-03-22T04:10:55.674+0000] {dagbag.py:545} INFO - Filling up the DagBag from /home/airflow/.local/lib/python3.12/site-packages/airflow/example_dags/example_branch_operator.py
[2026-03-22T04:10:55.683+0000] {processor.py:840} INFO - DAG(s) 'example_branch_operator' retrieved from /home/airflow/.local/lib/python3.12/site-packages/airflow/example_dags/example_branch_operator.py
[2026-03-22T04:10:55.696+0000] {logging_mixin.py:188} INFO - [2026-03-22T04:10:55.696+0000] {dag.py:3096} INFO - Sync 1 DAGs
[2026-03-22T04:10:55.706+0000] {logging_mixin.py:188} INFO - [2026-03-22T04:10:55.706+0000] {dag.py:3954} INFO - Setting next_dagrun for example_branch_operator to 2026-03-21 00:00:00+00:00, run_after=2026-03-22 00:00:00+00:00
[2026-03-22T04:10:55.712+0000] {processor.py:183} INFO - Processing /home/airflow/.local/lib/python3.12/site-packages/airflow/example_dags/example_branch_operator.py took 0.044 seconds
[2026-03-22T04:11:26.653+0000] {processor.py:161} INFO - Started process (PID=328) to work on /home/airflow/.local/lib/python3.12/site-packages/airflow/example_dags/example_branch_operator.py
[2026-03-22T04:11:26.654+0000] {processor.py:830} INFO - Processing file /home/airflow/.local/lib/python3.12/site-packages/airflow/example_dags/example_branch_operator.py for tasks to queue
[2026-03-22T04:11:26.655+0000] {logging_mixin.py:188} INFO - [2026-03-22T04:11:26.655+0000] {dagbag.py:545} INFO - Filling up the DagBag from /home/airflow/.local/lib/python3.12/site-packages/airflow/example_dags/example_branch_operator.py
[2026-03-22T04:11:26.664+0000] {processor.py:840} INFO - DAG(s) 'example_branch_operator' retrieved from /home/airflow/.local/lib/python3.12/site-packages/airflow/example_dags/example_branch_operator.py
[2026-03-22T04:11:26.688+0000] {logging_mixin.py:188} INFO - [2026-03-22T04:11:26.688+0000] {dag.py:3096} INFO - Sync 1 DAGs
[2026-03-22T04:11:26.715+0000] {logging_mixin.py:188} INFO - [2026-03-22T04:11:26.714+0000] {dag.py:3954} INFO - Setting next_dagrun for example_branch_operator to 2026-03-21 00:00:00+00:00, run_after=2026-03-22 00:00:00+00:00
[2026-03-22T04:11:26.725+0000] {processor.py:183} INFO - Processing /home/airflow/.local/lib/python3.12/site-packages/airflow/example_dags/example_branch_operator.py took 0.076 seconds
[2026-03-22T04:11:56.846+0000] {processor.py:161} INFO - Started process (PID=386) to work on /home/airflow/.local/lib/python3.12/site-packages/airflow/example_dags/example_branch_operator.py
[2026-03-22T04:11:56.846+0000] {processor.py:830} INFO - Processing file /home/airflow/.local/lib/python3.12/site-packages/airflow/example_dags/example_branch_operator.py for tasks to queue
[2026-03-22T04:11:56.848+0000] {logging_mixin.py:188} INFO - [2026-03-22T04:11:56.848+0000] {dagbag.py:545} INFO - Filling up the DagBag from /home/airflow/.local/lib/python3.12/site-packages/airflow/example_dags/example_branch_operator.py
[2026-03-22T04:11:56.856+0000] {processor.py:840} INFO - DAG(s) 'example_branch_operator' retrieved from /home/airflow/.local/lib/python3.12/site-packages/airflow/example_dags/example_branch_operator.py
[2026-03-22T04:11:56.868+0000] {logging_mixin.py:188} INFO - [2026-03-22T04:11:56.868+0000] {dag.py:3096} INFO - Sync 1 DAGs
[2026-03-22T04:11:56.878+0000] {logging_mixin.py:188} INFO - [2026-03-22T04:11:56.878+0000] {dag.py:3954} INFO - Setting next_dagrun for example_branch_operator to 2026-03-21 00:00:00+00:00, run_after=2026-03-22 00:00:00+00:00
[2026-03-22T04:11:56.886+0000] {processor.py:183} INFO - Processing /home/airflow/.local/lib/python3.12/site-packages/airflow/example_dags/example_branch_operator.py took 0.044 seconds
[2026-03-22T04:12:27.753+0000] {processor.py:161} INFO - Started process (PID=444) to work on /home/airflow/.local/lib/python3.12/site-packages/airflow/example_dags/example_branch_operator.py
[2026-03-22T04:12:27.754+0000] {processor.py:830} INFO - Processing file /home/airflow/.local/lib/python3.12/site-packages/airflow/example_dags/example_branch_operator.py for tasks to queue
[2026-03-22T04:12:27.756+0000] {logging_mixin.py:188} INFO - [2026-03-22T04:12:27.756+0000] {dagbag.py:545} INFO - Filling up the DagBag from /home/airflow/.local/lib/python3.12/site-packages/airflow/example_dags/example_branch_operator.py
[2026-03-22T04:12:27.778+0000] {processor.py:840} INFO - DAG(s) 'example_branch_operator' retrieved from /home/airflow/.local/lib/python3.12/site-packages/airflow/example_dags/example_branch_operator.py
[2026-03-22T04:12:27.819+0000] {logging_mixin.py:188} INFO - [2026-03-22T04:12:27.818+0000] {dag.py:3096} INFO - Sync 1 DAGs
[2026-03-22T04:12:27.846+0000] {logging_mixin.py:188} INFO - [2026-03-22T04:12:27.845+0000] {dag.py:3954} INFO - Setting next_dagrun for example_branch_operator to 2026-03-21 00:00:00+00:00, run_after=2026-03-22 00:00:00+00:00
[2026-03-22T04:12:27.876+0000] {processor.py:183} INFO - Processing /home/airflow/.local/lib/python3.12/site-packages/airflow/example_dags/example_branch_operator.py took 0.130 seconds
[2026-03-22T04:12:57.897+0000] {processor.py:161} INFO - Started process (PID=502) to work on /home/airflow/.local/lib/python3.12/site-packages/airflow/example_dags/example_branch_operator.py
[2026-03-22T04:12:57.897+0000] {processor.py:830} INFO - Processing file /home/airflow/.local/lib/python3.12/site-packages/airflow/example_dags/example_branch_operator.py for tasks to queue
[2026-03-22T04:12:57.898+0000] {logging_mixin.py:188} INFO - [2026-03-22T04:12:57.898+0000] {dagbag.py:545} INFO - Filling up the DagBag from /home/airflow/.local/lib/python3.12/site-packages/airflow/example_dags/example_branch_operator.py
[2026-03-22T04:12:57.905+0000] {processor.py:840} INFO - DAG(s) 'example_branch_operator' retrieved from /home/airflow/.local/lib/python3.12/site-packages/airflow/example_dags/example_branch_operator.py
[2026-03-22T04:12:57.917+0000] {logging_mixin.py:188} INFO - [2026-03-22T04:12:57.917+0000] {dag.py:3096} INFO - Sync 1 DAGs
[2026-03-22T04:12:57.925+0000] {logging_mixin.py:188} INFO - [2026-03-22T04:12:57.925+0000] {dag.py:3954} INFO - Setting next_dagrun for example_branch_operator to 2026-03-21 00:00:00+00:00, run_after=2026-03-22 00:00:00+00:00
[2026-03-22T04:12:57.932+0000] {processor.py:183} INFO - Processing /home/airflow/.local/lib/python3.12/site-packages/airflow/example_dags/example_branch_operator.py took 0.037 seconds
[2026-03-22T04:13:28.855+0000] {processor.py:161} INFO - Started process (PID=560) to work on /home/airflow/.local/lib/python3.12/site-packages/airflow/example_dags/example_branch_operator.py
[2026-03-22T04:13:28.855+0000] {processor.py:830} INFO - Processing file /home/airflow/.local/lib/python3.12/site-packages/airflow/example_dags/example_branch_operator.py for tasks to queue
[2026-03-22T04:13:28.856+0000] {logging_mixin.py:188} INFO - [2026-03-22T04:13:28.856+0000] {dagbag.py:545} INFO - Filling up the DagBag from /home/airflow/.local/lib/python3.12/site-packages/airflow/example_dags/example_branch_operator.py
[2026-03-22T04:13:28.863+0000] {processor.py:840} INFO - DAG(s) 'example_branch_operator' retrieved from /home/airflow/.local/lib/python3.12/site-packages/airflow/example_dags/example_branch_operator.py
[2026-03-22T04:13:28.873+0000] {logging_mixin.py:188} INFO - [2026-03-22T04:13:28.873+0000] {dag.py:3096} INFO - Sync 1 DAGs
[2026-03-22T04:13:28.881+0000] {logging_mixin.py:188} INFO - [2026-03-22T04:13:28.881+0000] {dag.py:3954} INFO - Setting next_dagrun for example_branch_operator to 2026-03-21 00:00:00+00:00, run_after=2026-03-22 00:00:00+00:00
[2026-03-22T04:13:28.887+0000] {processor.py:183} INFO - Processing /home/airflow/.local/lib/python3.12/site-packages/airflow/example_dags/example_branch_operator.py took 0.035 seconds
[2026-03-22T04:13:59.486+0000] {processor.py:161} INFO - Started process (PID=618) to work on /home/airflow/.local/lib/python3.12/site-packages/airflow/example_dags/example_branch_operator.py
[2026-03-22T04:13:59.487+0000] {processor.py:830} INFO - Processing file /home/airflow/.local/lib/python3.12/site-packages/airflow/example_dags/example_branch_operator.py for tasks to queue
[2026-03-22T04:13:59.488+0000] {logging_mixin.py:188} INFO - [2026-03-22T04:13:59.488+0000] {dagbag.py:545} INFO - Filling up the DagBag from /home/airflow/.local/lib/python3.12/site-packages/airflow/example_dags/example_branch_operator.py
[2026-03-22T04:13:59.499+0000] {processor.py:840} INFO - DAG(s) 'example_branch_operator' retrieved from /home/airflow/.local/lib/python3.12/site-packages/airflow/example_dags/example_branch_operator.py
[2026-03-22T04:13:59.511+0000] {logging_mixin.py:188} INFO - [2026-03-22T04:13:59.511+0000] {dag.py:3096} INFO - Sync 1 DAGs
[2026-03-22T04:13:59.520+0000] {logging_mixin.py:188} INFO - [2026-03-22T04:13:59.520+0000] {dag.py:3954} INFO - Setting next_dagrun for example_branch_operator to 2026-03-21 00:00:00+00:00, run_after=2026-03-22 00:00:00+00:00
[2026-03-22T04:13:59.527+0000] {processor.py:183} INFO - Processing /home/airflow/.local/lib/python3.12/site-packages/airflow/example_dags/example_branch_operator.py took 0.045 seconds
[2026-03-22T04:14:30.818+0000] {processor.py:161} INFO - Started process (PID=675) to work on /home/airflow/.local/lib/python3.12/site-packages/airflow/example_dags/example_branch_operator.py
[2026-03-22T04:14:30.821+0000] {processor.py:830} INFO - Processing file /home/airflow/.local/lib/python3.12/site-packages/airflow/example_dags/example_branch_operator.py for tasks to queue
[2026-03-22T04:14:30.824+0000] {logging_mixin.py:188} INFO - [2026-03-22T04:14:30.823+0000] {dagbag.py:545} INFO - Filling up the DagBag from /home/airflow/.local/lib/python3.12/site-packages/airflow/example_dags/example_branch_operator.py
[2026-03-22T04:14:30.847+0000] {processor.py:840} INFO - DAG(s) 'example_branch_operator' retrieved from /home/airflow/.local/lib/python3.12/site-packages/airflow/example_dags/example_branch_operator.py
[2026-03-22T04:14:30.869+0000] {logging_mixin.py:188} INFO - [2026-03-22T04:14:30.869+0000] {dag.py:3096} INFO - Sync 1 DAGs
[2026-03-22T04:14:30.887+0000] {logging_mixin.py:188} INFO - [2026-03-22T04:14:30.887+0000] {dag.py:3954} INFO - Setting next_dagrun for example_branch_operator to 2026-03-21 00:00:00+00:00, run_after=2026-03-22 00:00:00+00:00
[2026-03-22T04:14:30.898+0000] {processor.py:183} INFO - Processing /home/airflow/.local/lib/python3.12/site-packages/airflow/example_dags/example_branch_operator.py took 0.095 seconds
[2026-03-22T04:15:01.091+0000] {processor.py:161} INFO - Started process (PID=734) to work on /home/airflow/.local/lib/python3.12/site-packages/airflow/example_dags/example_branch_operator.py
[2026-03-22T04:15:01.102+0000] {processor.py:830} INFO - Processing file /home/airflow/.local/lib/python3.12/site-packages/airflow/example_dags/example_branch_operator.py for tasks to queue
[2026-03-22T04:15:01.112+0000] {logging_mixin.py:188} INFO - [2026-03-22T04:15:01.112+0000] {dagbag.py:545} INFO - Filling up the DagBag from /home/airflow/.local/lib/python3.12/site-packages/airflow/example_dags/example_branch_operator.py
[2026-03-22T04:15:01.125+0000] {processor.py:840} INFO - DAG(s) 'example_branch_operator' retrieved from /home/airflow/.local/lib/python3.12/site-packages/airflow/example_dags/example_branch_operator.py
[2026-03-22T04:15:01.148+0000] {logging_mixin.py:188} INFO - [2026-03-22T04:15:01.147+0000] {dag.py:3096} INFO - Sync 1 DAGs
[2026-03-22T04:15:01.164+0000] {logging_mixin.py:188} INFO - [2026-03-22T04:15:01.164+0000] {dag.py:3954} INFO - Setting next_dagrun for example_branch_operator to 2026-03-21 00:00:00+00:00, run_after=2026-03-22 00:00:00+00:00
[2026-03-22T04:15:01.176+0000] {processor.py:183} INFO - Processing /home/airflow/.local/lib/python3.12/site-packages/airflow/example_dags/example_branch_operator.py took 0.142 seconds
[2026-03-22T04:15:31.566+0000] {processor.py:161} INFO - Started process (PID=792) to work on /home/airflow/.local/lib/python3.12/site-packages/airflow/example_dags/example_branch_operator.py
[2026-03-22T04:15:31.567+0000] {processor.py:830} INFO - Processing file /home/airflow/.local/lib/python3.12/site-packages/airflow/example_dags/example_branch_operator.py for tasks to queue
[2026-03-22T04:15:31.567+0000] {logging_mixin.py:188} INFO - [2026-03-22T04:15:31.567+0000] {dagbag.py:545} INFO - Filling up the DagBag from /home/airflow/.local/lib/python3.12/site-packages/airflow/example_dags/example_branch_operator.py
[2026-03-22T04:15:31.575+0000] {processor.py:840} INFO - DAG(s) 'example_branch_operator' retrieved from /home/airflow/.local/lib/python3.12/site-packages/airflow/example_dags/example_branch_operator.py
[2026-03-22T04:15:31.587+0000] {logging_mixin.py:188} INFO - [2026-03-22T04:15:31.587+0000] {dag.py:3096} INFO - Sync 1 DAGs
[2026-03-22T04:15:31.595+0000] {logging_mixin.py:188} INFO - [2026-03-22T04:15:31.595+0000] {dag.py:3954} INFO - Setting next_dagrun for example_branch_operator to 2026-03-21 00:00:00+00:00, run_after=2026-03-22 00:00:00+00:00
[2026-03-22T04:15:31.602+0000] {processor.py:183} INFO - Processing /home/airflow/.local/lib/python3.12/site-packages/airflow/example_dags/example_branch_operator.py took 0.038 seconds
[2026-03-22T04:16:01.999+0000] {processor.py:161} INFO - Started process (PID=850) to work on /home/airflow/.local/lib/python3.12/site-packages/airflow/example_dags/example_branch_operator.py
[2026-03-22T04:16:02.000+0000] {processor.py:830} INFO - Processing file /home/airflow/.local/lib/python3.12/site-packages/airflow/example_dags/example_branch_operator.py for tasks to queue
[2026-03-22T04:16:02.002+0000] {logging_mixin.py:188} INFO - [2026-03-22T04:16:02.002+0000] {dagbag.py:545} INFO - Filling up the DagBag from /home/airflow/.local/lib/python3.12/site-packages/airflow/example_dags/example_branch_operator.py
[2026-03-22T04:16:02.015+0000] {processor.py:840} INFO - DAG(s) 'example_branch_operator' retrieved from /home/airflow/.local/lib/python3.12/site-packages/airflow/example_dags/example_branch_operator.py
[2026-03-22T04:16:02.036+0000] {logging_mixin.py:188} INFO - [2026-03-22T04:16:02.036+0000] {dag.py:3096} INFO - Sync 1 DAGs
[2026-03-22T04:16:02.052+0000] {logging_mixin.py:188} INFO - [2026-03-22T04:16:02.052+0000] {dag.py:3954} INFO - Setting next_dagrun for example_branch_operator to 2026-03-21 00:00:00+00:00, run_after=2026-03-22 00:00:00+00:00
[2026-03-22T04:16:02.061+0000] {processor.py:183} INFO - Processing /home/airflow/.local/lib/python3.12/site-packages/airflow/example_dags/example_branch_operator.py took 0.066 seconds
[2026-03-22T04:17:27.861+0000] {processor.py:161} INFO - Started process (PID=915) to work on /home/airflow/.local/lib/python3.12/site-packages/airflow/example_dags/example_branch_operator.py
[2026-03-22T04:17:27.908+0000] {processor.py:830} INFO - Processing file /home/airflow/.local/lib/python3.12/site-packages/airflow/example_dags/example_branch_operator.py for tasks to queue
[2026-03-22T04:17:27.954+0000] {logging_mixin.py:188} INFO - [2026-03-22T04:17:27.943+0000] {dagbag.py:545} INFO - Filling up the DagBag from /home/airflow/.local/lib/python3.12/site-packages/airflow/example_dags/example_branch_operator.py
[2026-03-22T04:17:29.207+0000] {processor.py:840} INFO - DAG(s) 'example_branch_operator' retrieved from /home/airflow/.local/lib/python3.12/site-packages/airflow/example_dags/example_branch_operator.py
[2026-03-22T04:17:30.703+0000] {logging_mixin.py:188} INFO - [2026-03-22T04:17:30.689+0000] {dag.py:3096} INFO - Sync 1 DAGs
[2026-03-22T04:17:31.549+0000] {logging_mixin.py:188} INFO - [2026-03-22T04:17:31.537+0000] {dag.py:3954} INFO - Setting next_dagrun for example_branch_operator to 2026-03-21 00:00:00+00:00, run_after=2026-03-22 00:00:00+00:00
[2026-03-22T04:17:31.724+0000] {processor.py:183} INFO - Processing /home/airflow/.local/lib/python3.12/site-packages/airflow/example_dags/example_branch_operator.py took 4.377 seconds
[2026-03-22T04:18:02.566+0000] {processor.py:161} INFO - Started process (PID=972) to work on /home/airflow/.local/lib/python3.12/site-packages/airflow/example_dags/example_branch_operator.py
[2026-03-22T04:18:02.568+0000] {processor.py:830} INFO - Processing file /home/airflow/.local/lib/python3.12/site-packages/airflow/example_dags/example_branch_operator.py for tasks to queue
[2026-03-22T04:18:02.580+0000] {logging_mixin.py:188} INFO - [2026-03-22T04:18:02.578+0000] {dagbag.py:545} INFO - Filling up the DagBag from /home/airflow/.local/lib/python3.12/site-packages/airflow/example_dags/example_branch_operator.py
[2026-03-22T04:18:02.622+0000] {processor.py:840} INFO - DAG(s) 'example_branch_operator' retrieved from /home/airflow/.local/lib/python3.12/site-packages/airflow/example_dags/example_branch_operator.py
[2026-03-22T04:18:02.667+0000] {logging_mixin.py:188} INFO - [2026-03-22T04:18:02.666+0000] {dag.py:3096} INFO - Sync 1 DAGs
[2026-03-22T04:18:02.694+0000] {logging_mixin.py:188} INFO - [2026-03-22T04:18:02.694+0000] {dag.py:3954} INFO - Setting next_dagrun for example_branch_operator to 2026-03-21 00:00:00+00:00, run_after=2026-03-22 00:00:00+00:00
[2026-03-22T04:18:02.710+0000] {processor.py:183} INFO - Processing /home/airflow/.local/lib/python3.12/site-packages/airflow/example_dags/example_branch_operator.py took 0.157 seconds
[2026-03-22T04:18:33.551+0000] {processor.py:161} INFO - Started process (PID=1029) to work on /home/airflow/.local/lib/python3.12/site-packages/airflow/example_dags/example_branch_operator.py
[2026-03-22T04:18:33.553+0000] {processor.py:830} INFO - Processing file /home/airflow/.local/lib/python3.12/site-packages/airflow/example_dags/example_branch_operator.py for tasks to queue
[2026-03-22T04:18:33.557+0000] {logging_mixin.py:188} INFO - [2026-03-22T04:18:33.556+0000] {dagbag.py:545} INFO - Filling up the DagBag from /home/airflow/.local/lib/python3.12/site-packages/airflow/example_dags/example_branch_operator.py
[2026-03-22T04:18:33.584+0000] {processor.py:840} INFO - DAG(s) 'example_branch_operator' retrieved from /home/airflow/.local/lib/python3.12/site-packages/airflow/example_dags/example_branch_operator.py
[2026-03-22T04:18:33.615+0000] {logging_mixin.py:188} INFO - [2026-03-22T04:18:33.615+0000] {dag.py:3096} INFO - Sync 1 DAGs
[2026-03-22T04:18:33.634+0000] {logging_mixin.py:188} INFO - [2026-03-22T04:18:33.634+0000] {dag.py:3954} INFO - Setting next_dagrun for example_branch_operator to 2026-03-21 00:00:00+00:00, run_after=2026-03-22 00:00:00+00:00
[2026-03-22T04:18:33.644+0000] {processor.py:183} INFO - Processing /home/airflow/.local/lib/python3.12/site-packages/airflow/example_dags/example_branch_operator.py took 0.101 seconds
[2026-03-22T04:19:03.900+0000] {processor.py:161} INFO - Started process (PID=1087) to work on /home/airflow/.local/lib/python3.12/site-packages/airflow/example_dags/example_branch_operator.py
[2026-03-22T04:19:03.905+0000] {processor.py:830} INFO - Processing file /home/airflow/.local/lib/python3.12/site-packages/airflow/example_dags/example_branch_operator.py for tasks to queue
[2026-03-22T04:19:03.907+0000] {logging_mixin.py:188} INFO - [2026-03-22T04:19:03.907+0000] {dagbag.py:545} INFO - Filling up the DagBag from /home/airflow/.local/lib/python3.12/site-packages/airflow/example_dags/example_branch_operator.py
[2026-03-22T04:19:03.950+0000] {processor.py:840} INFO - DAG(s) 'example_branch_operator' retrieved from /home/airflow/.local/lib/python3.12/site-packages/airflow/example_dags/example_branch_operator.py
[2026-03-22T04:19:03.983+0000] {logging_mixin.py:188} INFO - [2026-03-22T04:19:03.982+0000] {dag.py:3096} INFO - Sync 1 DAGs
[2026-03-22T04:19:04.008+0000] {logging_mixin.py:188} INFO - [2026-03-22T04:19:04.007+0000] {dag.py:3954} INFO - Setting next_dagrun for example_branch_operator to 2026-03-21 00:00:00+00:00, run_after=2026-03-22 00:00:00+00:00
[2026-03-22T04:19:04.022+0000] {processor.py:183} INFO - Processing /home/airflow/.local/lib/python3.12/site-packages/airflow/example_dags/example_branch_operator.py took 0.138 seconds
[2026-03-22T04:19:34.081+0000] {processor.py:161} INFO - Started process (PID=1145) to work on /home/airflow/.local/lib/python3.12/site-packages/airflow/example_dags/example_branch_operator.py
[2026-03-22T04:19:34.085+0000] {processor.py:830} INFO - Processing file /home/airflow/.local/lib/python3.12/site-packages/airflow/example_dags/example_branch_operator.py for tasks to queue
[2026-03-22T04:19:34.086+0000] {logging_mixin.py:188} INFO - [2026-03-22T04:19:34.086+0000] {dagbag.py:545} INFO - Filling up the DagBag from /home/airflow/.local/lib/python3.12/site-packages/airflow/example_dags/example_branch_operator.py
[2026-03-22T04:19:34.130+0000] {processor.py:840} INFO - DAG(s) 'example_branch_operator' retrieved from /home/airflow/.local/lib/python3.12/site-packages/airflow/example_dags/example_branch_operator.py
[2026-03-22T04:19:34.172+0000] {logging_mixin.py:188} INFO - [2026-03-22T04:19:34.172+0000] {dag.py:3096} INFO - Sync 1 DAGs
[2026-03-22T04:19:34.195+0000] {logging_mixin.py:188} INFO - [2026-03-22T04:19:34.195+0000] {dag.py:3954} INFO - Setting next_dagrun for example_branch_operator to 2026-03-21 00:00:00+00:00, run_after=2026-03-22 00:00:00+00:00
[2026-03-22T04:19:34.219+0000] {processor.py:183} INFO - Processing /home/airflow/.local/lib/python3.12/site-packages/airflow/example_dags/example_branch_operator.py took 0.155 seconds
[2026-03-22T04:20:04.847+0000] {processor.py:161} INFO - Started process (PID=1203) to work on /home/airflow/.local/lib/python3.12/site-packages/airflow/example_dags/example_branch_operator.py
[2026-03-22T04:20:04.849+0000] {processor.py:830} INFO - Processing file /home/airflow/.local/lib/python3.12/site-packages/airflow/example_dags/example_branch_operator.py for tasks to queue
[2026-03-22T04:20:04.853+0000] {logging_mixin.py:188} INFO - [2026-03-22T04:20:04.852+0000] {dagbag.py:545} INFO - Filling up the DagBag from /home/airflow/.local/lib/python3.12/site-packages/airflow/example_dags/example_branch_operator.py
[2026-03-22T04:20:04.892+0000] {processor.py:840} INFO - DAG(s) 'example_branch_operator' retrieved from /home/airflow/.local/lib/python3.12/site-packages/airflow/example_dags/example_branch_operator.py
[2026-03-22T04:20:04.922+0000] {logging_mixin.py:188} INFO - [2026-03-22T04:20:04.921+0000] {dag.py:3096} INFO - Sync 1 DAGs
[2026-03-22T04:20:04.936+0000] {logging_mixin.py:188} INFO - [2026-03-22T04:20:04.936+0000] {dag.py:3954} INFO - Setting next_dagrun for example_branch_operator to 2026-03-21 00:00:00+00:00, run_after=2026-03-22 00:00:00+00:00
[2026-03-22T04:20:04.950+0000] {processor.py:183} INFO - Processing /home/airflow/.local/lib/python3.12/site-packages/airflow/example_dags/example_branch_operator.py took 0.119 seconds
[2026-03-22T04:20:35.759+0000] {processor.py:161} INFO - Started process (PID=1261) to work on /home/airflow/.local/lib/python3.12/site-packages/airflow/example_dags/example_branch_operator.py
[2026-03-22T04:20:35.761+0000] {processor.py:830} INFO - Processing file /home/airflow/.local/lib/python3.12/site-packages/airflow/example_dags/example_branch_operator.py for tasks to queue
[2026-03-22T04:20:35.764+0000] {logging_mixin.py:188} INFO - [2026-03-22T04:20:35.764+0000] {dagbag.py:545} INFO - Filling up the DagBag from /home/airflow/.local/lib/python3.12/site-packages/airflow/example_dags/example_branch_operator.py
[2026-03-22T04:20:35.815+0000] {processor.py:840} INFO - DAG(s) 'example_branch_operator' retrieved from /home/airflow/.local/lib/python3.12/site-packages/airflow/example_dags/example_branch_operator.py
[2026-03-22T04:20:35.851+0000] {logging_mixin.py:188} INFO - [2026-03-22T04:20:35.850+0000] {dag.py:3096} INFO - Sync 1 DAGs
[2026-03-22T04:20:35.869+0000] {logging_mixin.py:188} INFO - [2026-03-22T04:20:35.868+0000] {dag.py:3954} INFO - Setting next_dagrun for example_branch_operator to 2026-03-21 00:00:00+00:00, run_after=2026-03-22 00:00:00+00:00
[2026-03-22T04:20:35.879+0000] {processor.py:183} INFO - Processing /home/airflow/.local/lib/python3.12/site-packages/airflow/example_dags/example_branch_operator.py took 0.128 seconds
[2026-03-22T04:21:06.577+0000] {processor.py:161} INFO - Started process (PID=1318) to work on /home/airflow/.local/lib/python3.12/site-packages/airflow/example_dags/example_branch_operator.py
[2026-03-22T04:21:06.581+0000] {processor.py:830} INFO - Processing file /home/airflow/.local/lib/python3.12/site-packages/airflow/example_dags/example_branch_operator.py for tasks to queue
[2026-03-22T04:21:06.583+0000] {logging_mixin.py:188} INFO - [2026-03-22T04:21:06.582+0000] {dagbag.py:545} INFO - Filling up the DagBag from /home/airflow/.local/lib/python3.12/site-packages/airflow/example_dags/example_branch_operator.py
[2026-03-22T04:21:06.638+0000] {processor.py:840} INFO - DAG(s) 'example_branch_operator' retrieved from /home/airflow/.local/lib/python3.12/site-packages/airflow/example_dags/example_branch_operator.py
[2026-03-22T04:21:06.660+0000] {logging_mixin.py:188} INFO - [2026-03-22T04:21:06.659+0000] {dag.py:3096} INFO - Sync 1 DAGs
[2026-03-22T04:21:06.689+0000] {logging_mixin.py:188} INFO - [2026-03-22T04:21:06.688+0000] {dag.py:3954} INFO - Setting next_dagrun for example_branch_operator to 2026-03-21 00:00:00+00:00, run_after=2026-03-22 00:00:00+00:00
[2026-03-22T04:21:06.704+0000] {processor.py:183} INFO - Processing /home/airflow/.local/lib/python3.12/site-packages/airflow/example_dags/example_branch_operator.py took 0.140 seconds
[2026-03-22T04:21:36.900+0000] {processor.py:161} INFO - Started process (PID=1376) to work on /home/airflow/.local/lib/python3.12/site-packages/airflow/example_dags/example_branch_operator.py
[2026-03-22T04:21:36.901+0000] {processor.py:830} INFO - Processing file /home/airflow/.local/lib/python3.12/site-packages/airflow/example_dags/example_branch_operator.py for tasks to queue
[2026-03-22T04:21:36.903+0000] {logging_mixin.py:188} INFO - [2026-03-22T04:21:36.903+0000] {dagbag.py:545} INFO - Filling up the DagBag from /home/airflow/.local/lib/python3.12/site-packages/airflow/example_dags/example_branch_operator.py
[2026-03-22T04:21:36.920+0000] {processor.py:840} INFO - DAG(s) 'example_branch_operator' retrieved from /home/airflow/.local/lib/python3.12/site-packages/airflow/example_dags/example_branch_operator.py
[2026-03-22T04:21:36.940+0000] {logging_mixin.py:188} INFO - [2026-03-22T04:21:36.940+0000] {dag.py:3096} INFO - Sync 1 DAGs
[2026-03-22T04:21:36.956+0000] {logging_mixin.py:188} INFO - [2026-03-22T04:21:36.955+0000] {dag.py:3954} INFO - Setting next_dagrun for example_branch_operator to 2026-03-21 00:00:00+00:00, run_after=2026-03-22 00:00:00+00:00
[2026-03-22T04:21:36.966+0000] {processor.py:183} INFO - Processing /home/airflow/.local/lib/python3.12/site-packages/airflow/example_dags/example_branch_operator.py took 0.073 seconds
[2026-03-22T04:22:07.348+0000] {processor.py:161} INFO - Started process (PID=1435) to work on /home/airflow/.local/lib/python3.12/site-packages/airflow/example_dags/example_branch_operator.py
[2026-03-22T04:22:07.350+0000] {processor.py:830} INFO - Processing file /home/airflow/.local/lib/python3.12/site-packages/airflow/example_dags/example_branch_operator.py for tasks to queue
[2026-03-22T04:22:07.356+0000] {logging_mixin.py:188} INFO - [2026-03-22T04:22:07.354+0000] {dagbag.py:545} INFO - Filling up the DagBag from /home/airflow/.local/lib/python3.12/site-packages/airflow/example_dags/example_branch_operator.py
[2026-03-22T04:22:07.414+0000] {processor.py:840} INFO - DAG(s) 'example_branch_operator' retrieved from /home/airflow/.local/lib/python3.12/site-packages/airflow/example_dags/example_branch_operator.py
[2026-03-22T04:22:07.472+0000] {logging_mixin.py:188} INFO - [2026-03-22T04:22:07.472+0000] {dag.py:3096} INFO - Sync 1 DAGs
[2026-03-22T04:22:07.509+0000] {logging_mixin.py:188} INFO - [2026-03-22T04:22:07.509+0000] {dag.py:3954} INFO - Setting next_dagrun for example_branch_operator to 2026-03-21 00:00:00+00:00, run_after=2026-03-22 00:00:00+00:00
[2026-03-22T04:22:07.522+0000] {processor.py:183} INFO - Processing /home/airflow/.local/lib/python3.12/site-packages/airflow/example_dags/example_branch_operator.py took 0.190 seconds
[2026-03-22T04:23:08.714+0000] {processor.py:161} INFO - Started process (PID=1493) to work on /home/airflow/.local/lib/python3.12/site-packages/airflow/example_dags/example_branch_operator.py
[2026-03-22T04:23:08.715+0000] {processor.py:830} INFO - Processing file /home/airflow/.local/lib/python3.12/site-packages/airflow/example_dags/example_branch_operator.py for tasks to queue
[2026-03-22T04:23:08.800+0000] {logging_mixin.py:188} INFO - [2026-03-22T04:23:08.799+0000] {dagbag.py:545} INFO - Filling up the DagBag from /home/airflow/.local/lib/python3.12/site-packages/airflow/example_dags/example_branch_operator.py
[2026-03-22T04:23:08.825+0000] {processor.py:840} INFO - DAG(s) 'example_branch_operator' retrieved from /home/airflow/.local/lib/python3.12/site-packages/airflow/example_dags/example_branch_operator.py
[2026-03-22T04:23:08.883+0000] {logging_mixin.py:188} INFO - [2026-03-22T04:23:08.883+0000] {dag.py:3096} INFO - Sync 1 DAGs
[2026-03-22T04:23:08.911+0000] {logging_mixin.py:188} INFO - [2026-03-22T04:23:08.911+0000] {dag.py:3954} INFO - Setting next_dagrun for example_branch_operator to 2026-03-21 00:00:00+00:00, run_after=2026-03-22 00:00:00+00:00
[2026-03-22T04:23:08.930+0000] {processor.py:183} INFO - Processing /home/airflow/.local/lib/python3.12/site-packages/airflow/example_dags/example_branch_operator.py took 0.223 seconds
[2026-03-22T04:23:40.742+0000] {processor.py:161} INFO - Started process (PID=1550) to work on /home/airflow/.local/lib/python3.12/site-packages/airflow/example_dags/example_branch_operator.py
[2026-03-22T04:23:40.746+0000] {processor.py:830} INFO - Processing file /home/airflow/.local/lib/python3.12/site-packages/airflow/example_dags/example_branch_operator.py for tasks to queue
[2026-03-22T04:23:40.751+0000] {logging_mixin.py:188} INFO - [2026-03-22T04:23:40.751+0000] {dagbag.py:545} INFO - Filling up the DagBag from /home/airflow/.local/lib/python3.12/site-packages/airflow/example_dags/example_branch_operator.py
[2026-03-22T04:23:40.764+0000] {processor.py:840} INFO - DAG(s) 'example_branch_operator' retrieved from /home/airflow/.local/lib/python3.12/site-packages/airflow/example_dags/example_branch_operator.py
[2026-03-22T04:23:40.787+0000] {logging_mixin.py:188} INFO - [2026-03-22T04:23:40.787+0000] {dag.py:3096} INFO - Sync 1 DAGs
[2026-03-22T04:23:40.804+0000] {logging_mixin.py:188} INFO - [2026-03-22T04:23:40.804+0000] {dag.py:3954} INFO - Setting next_dagrun for example_branch_operator to 2026-03-21 00:00:00+00:00, run_after=2026-03-22 00:00:00+00:00
[2026-03-22T04:23:40.815+0000] {processor.py:183} INFO - Processing /home/airflow/.local/lib/python3.12/site-packages/airflow/example_dags/example_branch_operator.py took 0.076 seconds
[2026-03-22T04:24:12.069+0000] {processor.py:161} INFO - Started process (PID=1608) to work on /home/airflow/.local/lib/python3.12/site-packages/airflow/example_dags/example_branch_operator.py
[2026-03-22T04:24:12.070+0000] {processor.py:830} INFO - Processing file /home/airflow/.local/lib/python3.12/site-packages/airflow/example_dags/example_branch_operator.py for tasks to queue
[2026-03-22T04:24:12.071+0000] {logging_mixin.py:188} INFO - [2026-03-22T04:24:12.071+0000] {dagbag.py:545} INFO - Filling up the DagBag from /home/airflow/.local/lib/python3.12/site-packages/airflow/example_dags/example_branch_operator.py
[2026-03-22T04:24:12.086+0000] {processor.py:840} INFO - DAG(s) 'example_branch_operator' retrieved from /home/airflow/.local/lib/python3.12/site-packages/airflow/example_dags/example_branch_operator.py
[2026-03-22T04:24:12.101+0000] {logging_mixin.py:188} INFO - [2026-03-22T04:24:12.101+0000] {dag.py:3096} INFO - Sync 1 DAGs
[2026-03-22T04:24:12.112+0000] {logging_mixin.py:188} INFO - [2026-03-22T04:24:12.112+0000] {dag.py:3954} INFO - Setting next_dagrun for example_branch_operator to 2026-03-21 00:00:00+00:00, run_after=2026-03-22 00:00:00+00:00
[2026-03-22T04:24:12.210+0000] {processor.py:183} INFO - Processing /home/airflow/.local/lib/python3.12/site-packages/airflow/example_dags/example_branch_operator.py took 0.144 seconds
[2026-03-22T04:25:30.052+0000] {processor.py:161} INFO - Started process (PID=1668) to work on /home/airflow/.local/lib/python3.12/site-packages/airflow/example_dags/example_branch_operator.py
[2026-03-22T04:25:30.061+0000] {processor.py:830} INFO - Processing file /home/airflow/.local/lib/python3.12/site-packages/airflow/example_dags/example_branch_operator.py for tasks to queue
[2026-03-22T04:25:30.078+0000] {logging_mixin.py:188} INFO - [2026-03-22T04:25:30.073+0000] {dagbag.py:545} INFO - Filling up the DagBag from /home/airflow/.local/lib/python3.12/site-packages/airflow/example_dags/example_branch_operator.py
[2026-03-22T04:25:30.326+0000] {processor.py:840} INFO - DAG(s) 'example_branch_operator' retrieved from /home/airflow/.local/lib/python3.12/site-packages/airflow/example_dags/example_branch_operator.py
[2026-03-22T04:25:31.147+0000] {logging_mixin.py:188} INFO - [2026-03-22T04:25:31.129+0000] {dag.py:3096} INFO - Sync 1 DAGs
[2026-03-22T04:25:31.272+0000] {logging_mixin.py:188} INFO - [2026-03-22T04:25:31.271+0000] {dag.py:3954} INFO - Setting next_dagrun for example_branch_operator to 2026-03-21 00:00:00+00:00, run_after=2026-03-22 00:00:00+00:00
[2026-03-22T04:25:32.248+0000] {processor.py:183} INFO - Processing /home/airflow/.local/lib/python3.12/site-packages/airflow/example_dags/example_branch_operator.py took 2.269 seconds
[2026-03-22T04:26:10.678+0000] {processor.py:161} INFO - Started process (PID=1726) to work on /home/airflow/.local/lib/python3.12/site-packages/airflow/example_dags/example_branch_operator.py
[2026-03-22T04:26:10.715+0000] {processor.py:830} INFO - Processing file /home/airflow/.local/lib/python3.12/site-packages/airflow/example_dags/example_branch_operator.py for tasks to queue
[2026-03-22T04:26:10.793+0000] {logging_mixin.py:188} INFO - [2026-03-22T04:26:10.736+0000] {dagbag.py:545} INFO - Filling up the DagBag from /home/airflow/.local/lib/python3.12/site-packages/airflow/example_dags/example_branch_operator.py
[2026-03-22T04:26:11.519+0000] {processor.py:840} INFO - DAG(s) 'example_branch_operator' retrieved from /home/airflow/.local/lib/python3.12/site-packages/airflow/example_dags/example_branch_operator.py
[2026-03-22T04:26:16.523+0000] {logging_mixin.py:188} INFO - [2026-03-22T04:26:16.340+0000] {dag.py:3096} INFO - Sync 1 DAGs
[2026-03-22T04:26:35.527+0000] {logging_mixin.py:188} INFO - [2026-03-22T04:26:35.425+0000] {dag.py:3954} INFO - Setting next_dagrun for example_branch_operator to 2026-03-21 00:00:00+00:00, run_after=2026-03-22 00:00:00+00:00
[2026-03-22T04:26:44.349+0000] {processor.py:183} INFO - Processing /home/airflow/.local/lib/python3.12/site-packages/airflow/example_dags/example_branch_operator.py took 34.849 seconds
[2026-03-22T04:35:40.487+0000] {processor.py:161} INFO - Started process (PID=1884) to work on /home/airflow/.local/lib/python3.12/site-packages/airflow/example_dags/example_branch_operator.py
[2026-03-22T04:35:40.502+0000] {processor.py:830} INFO - Processing file /home/airflow/.local/lib/python3.12/site-packages/airflow/example_dags/example_branch_operator.py for tasks to queue
[2026-03-22T04:35:40.556+0000] {logging_mixin.py:188} INFO - [2026-03-22T04:35:40.553+0000] {dagbag.py:545} INFO - Filling up the DagBag from /home/airflow/.local/lib/python3.12/site-packages/airflow/example_dags/example_branch_operator.py
[2026-03-22T04:35:41.591+0000] {processor.py:840} INFO - DAG(s) 'example_branch_operator' retrieved from /home/airflow/.local/lib/python3.12/site-packages/airflow/example_dags/example_branch_operator.py
[2026-03-22T04:35:42.222+0000] {logging_mixin.py:188} INFO - [2026-03-22T04:35:42.212+0000] {dag.py:3096} INFO - Sync 1 DAGs
[2026-03-22T04:35:42.773+0000] {logging_mixin.py:188} INFO - [2026-03-22T04:35:42.766+0000] {dag.py:3954} INFO - Setting next_dagrun for example_branch_operator to 2026-03-21 00:00:00+00:00, run_after=2026-03-22 00:00:00+00:00
[2026-03-22T04:35:43.212+0000] {processor.py:183} INFO - Processing /home/airflow/.local/lib/python3.12/site-packages/airflow/example_dags/example_branch_operator.py took 2.973 seconds
[2026-03-22T04:39:28.329+0000] {processor.py:161} INFO - Started process (PID=1989) to work on /home/airflow/.local/lib/python3.12/site-packages/airflow/example_dags/example_branch_operator.py
[2026-03-22T04:39:28.400+0000] {processor.py:830} INFO - Processing file /home/airflow/.local/lib/python3.12/site-packages/airflow/example_dags/example_branch_operator.py for tasks to queue
[2026-03-22T04:39:28.526+0000] {logging_mixin.py:188} INFO - [2026-03-22T04:39:28.508+0000] {dagbag.py:545} INFO - Filling up the DagBag from /home/airflow/.local/lib/python3.12/site-packages/airflow/example_dags/example_branch_operator.py
[2026-03-22T04:39:28.961+0000] {processor.py:840} INFO - DAG(s) 'example_branch_operator' retrieved from /home/airflow/.local/lib/python3.12/site-packages/airflow/example_dags/example_branch_operator.py
[2026-03-22T04:39:29.593+0000] {logging_mixin.py:188} INFO - [2026-03-22T04:39:29.578+0000] {dag.py:3096} INFO - Sync 1 DAGs
[2026-03-22T04:39:29.946+0000] {logging_mixin.py:188} INFO - [2026-03-22T04:39:29.944+0000] {dag.py:3954} INFO - Setting next_dagrun for example_branch_operator to 2026-03-21 00:00:00+00:00, run_after=2026-03-22 00:00:00+00:00
[2026-03-22T04:39:30.355+0000] {processor.py:183} INFO - Processing /home/airflow/.local/lib/python3.12/site-packages/airflow/example_dags/example_branch_operator.py took 2.391 seconds
[2026-03-22T04:40:41.739+0000] {processor.py:161} INFO - Started process (PID=2053) to work on /home/airflow/.local/lib/python3.12/site-packages/airflow/example_dags/example_branch_operator.py
[2026-03-22T04:40:41.748+0000] {processor.py:830} INFO - Processing file /home/airflow/.local/lib/python3.12/site-packages/airflow/example_dags/example_branch_operator.py for tasks to queue
[2026-03-22T04:40:41.772+0000] {logging_mixin.py:188} INFO - [2026-03-22T04:40:41.770+0000] {dagbag.py:545} INFO - Filling up the DagBag from /home/airflow/.local/lib/python3.12/site-packages/airflow/example_dags/example_branch_operator.py
[2026-03-22T04:40:42.027+0000] {processor.py:840} INFO - DAG(s) 'example_branch_operator' retrieved from /home/airflow/.local/lib/python3.12/site-packages/airflow/example_dags/example_branch_operator.py
[2026-03-22T04:40:42.371+0000] {logging_mixin.py:188} INFO - [2026-03-22T04:40:42.364+0000] {dag.py:3096} INFO - Sync 1 DAGs
[2026-03-22T04:40:42.924+0000] {logging_mixin.py:188} INFO - [2026-03-22T04:40:42.915+0000] {dag.py:3954} INFO - Setting next_dagrun for example_branch_operator to 2026-03-21 00:00:00+00:00, run_after=2026-03-22 00:00:00+00:00
[2026-03-22T04:40:44.087+0000] {processor.py:183} INFO - Processing /home/airflow/.local/lib/python3.12/site-packages/airflow/example_dags/example_branch_operator.py took 2.405 seconds
[2026-03-22T04:41:33.726+0000] {processor.py:161} INFO - Started process (PID=2119) to work on /home/airflow/.local/lib/python3.12/site-packages/airflow/example_dags/example_branch_operator.py
[2026-03-22T04:41:33.732+0000] {processor.py:830} INFO - Processing file /home/airflow/.local/lib/python3.12/site-packages/airflow/example_dags/example_branch_operator.py for tasks to queue
[2026-03-22T04:41:33.749+0000] {logging_mixin.py:188} INFO - [2026-03-22T04:41:33.748+0000] {dagbag.py:545} INFO - Filling up the DagBag from /home/airflow/.local/lib/python3.12/site-packages/airflow/example_dags/example_branch_operator.py
[2026-03-22T04:41:33.867+0000] {processor.py:840} INFO - DAG(s) 'example_branch_operator' retrieved from /home/airflow/.local/lib/python3.12/site-packages/airflow/example_dags/example_branch_operator.py
[2026-03-22T04:41:34.411+0000] {logging_mixin.py:188} INFO - [2026-03-22T04:41:34.407+0000] {dag.py:3096} INFO - Sync 1 DAGs
[2026-03-22T04:41:34.560+0000] {logging_mixin.py:188} INFO - [2026-03-22T04:41:34.559+0000] {dag.py:3954} INFO - Setting next_dagrun for example_branch_operator to 2026-03-21 00:00:00+00:00, run_after=2026-03-22 00:00:00+00:00
[2026-03-22T04:41:34.638+0000] {processor.py:183} INFO - Processing /home/airflow/.local/lib/python3.12/site-packages/airflow/example_dags/example_branch_operator.py took 0.955 seconds
[2026-03-22T04:42:36.578+0000] {processor.py:161} INFO - Started process (PID=2193) to work on /home/airflow/.local/lib/python3.12/site-packages/airflow/example_dags/example_branch_operator.py
[2026-03-22T04:42:36.579+0000] {processor.py:830} INFO - Processing file /home/airflow/.local/lib/python3.12/site-packages/airflow/example_dags/example_branch_operator.py for tasks to queue
[2026-03-22T04:42:36.581+0000] {logging_mixin.py:188} INFO - [2026-03-22T04:42:36.580+0000] {dagbag.py:545} INFO - Filling up the DagBag from /home/airflow/.local/lib/python3.12/site-packages/airflow/example_dags/example_branch_operator.py
[2026-03-22T04:42:36.595+0000] {processor.py:840} INFO - DAG(s) 'example_branch_operator' retrieved from /home/airflow/.local/lib/python3.12/site-packages/airflow/example_dags/example_branch_operator.py
[2026-03-22T04:42:36.629+0000] {logging_mixin.py:188} INFO - [2026-03-22T04:42:36.626+0000] {dag.py:3096} INFO - Sync 1 DAGs
[2026-03-22T04:42:36.667+0000] {logging_mixin.py:188} INFO - [2026-03-22T04:42:36.667+0000] {dag.py:3954} INFO - Setting next_dagrun for example_branch_operator to 2026-03-21 00:00:00+00:00, run_after=2026-03-22 00:00:00+00:00
[2026-03-22T04:42:36.687+0000] {processor.py:183} INFO - Processing /home/airflow/.local/lib/python3.12/site-packages/airflow/example_dags/example_branch_operator.py took 0.115 seconds
[2026-03-22T04:43:07.146+0000] {processor.py:161} INFO - Started process (PID=2251) to work on /home/airflow/.local/lib/python3.12/site-packages/airflow/example_dags/example_branch_operator.py
[2026-03-22T04:43:07.147+0000] {processor.py:830} INFO - Processing file /home/airflow/.local/lib/python3.12/site-packages/airflow/example_dags/example_branch_operator.py for tasks to queue
[2026-03-22T04:43:07.149+0000] {logging_mixin.py:188} INFO - [2026-03-22T04:43:07.149+0000] {dagbag.py:545} INFO - Filling up the DagBag from /home/airflow/.local/lib/python3.12/site-packages/airflow/example_dags/example_branch_operator.py
[2026-03-22T04:43:07.159+0000] {processor.py:840} INFO - DAG(s) 'example_branch_operator' retrieved from /home/airflow/.local/lib/python3.12/site-packages/airflow/example_dags/example_branch_operator.py
[2026-03-22T04:43:07.178+0000] {logging_mixin.py:188} INFO - [2026-03-22T04:43:07.178+0000] {dag.py:3096} INFO - Sync 1 DAGs
[2026-03-22T04:43:07.190+0000] {logging_mixin.py:188} INFO - [2026-03-22T04:43:07.190+0000] {dag.py:3954} INFO - Setting next_dagrun for example_branch_operator to 2026-03-21 00:00:00+00:00, run_after=2026-03-22 00:00:00+00:00
[2026-03-22T04:43:07.215+0000] {processor.py:183} INFO - Processing /home/airflow/.local/lib/python3.12/site-packages/airflow/example_dags/example_branch_operator.py took 0.073 seconds
[2026-03-22T04:43:37.409+0000] {processor.py:161} INFO - Started process (PID=2310) to work on /home/airflow/.local/lib/python3.12/site-packages/airflow/example_dags/example_branch_operator.py
[2026-03-22T04:43:37.410+0000] {processor.py:830} INFO - Processing file /home/airflow/.local/lib/python3.12/site-packages/airflow/example_dags/example_branch_operator.py for tasks to queue
[2026-03-22T04:43:37.411+0000] {logging_mixin.py:188} INFO - [2026-03-22T04:43:37.411+0000] {dagbag.py:545} INFO - Filling up the DagBag from /home/airflow/.local/lib/python3.12/site-packages/airflow/example_dags/example_branch_operator.py
[2026-03-22T04:43:37.421+0000] {processor.py:840} INFO - DAG(s) 'example_branch_operator' retrieved from /home/airflow/.local/lib/python3.12/site-packages/airflow/example_dags/example_branch_operator.py
[2026-03-22T04:43:37.443+0000] {logging_mixin.py:188} INFO - [2026-03-22T04:43:37.443+0000] {dag.py:3096} INFO - Sync 1 DAGs
[2026-03-22T04:43:37.453+0000] {logging_mixin.py:188} INFO - [2026-03-22T04:43:37.453+0000] {dag.py:3954} INFO - Setting next_dagrun for example_branch_operator to 2026-03-21 00:00:00+00:00, run_after=2026-03-22 00:00:00+00:00
[2026-03-22T04:43:37.461+0000] {processor.py:183} INFO - Processing /home/airflow/.local/lib/python3.12/site-packages/airflow/example_dags/example_branch_operator.py took 0.054 seconds
[2026-03-22T04:44:08.004+0000] {processor.py:161} INFO - Started process (PID=2371) to work on /home/airflow/.local/lib/python3.12/site-packages/airflow/example_dags/example_branch_operator.py
[2026-03-22T04:44:08.005+0000] {processor.py:830} INFO - Processing file /home/airflow/.local/lib/python3.12/site-packages/airflow/example_dags/example_branch_operator.py for tasks to queue
[2026-03-22T04:44:08.010+0000] {logging_mixin.py:188} INFO - [2026-03-22T04:44:08.010+0000] {dagbag.py:545} INFO - Filling up the DagBag from /home/airflow/.local/lib/python3.12/site-packages/airflow/example_dags/example_branch_operator.py
[2026-03-22T04:44:08.022+0000] {processor.py:840} INFO - DAG(s) 'example_branch_operator' retrieved from /home/airflow/.local/lib/python3.12/site-packages/airflow/example_dags/example_branch_operator.py
[2026-03-22T04:44:08.048+0000] {logging_mixin.py:188} INFO - [2026-03-22T04:44:08.048+0000] {dag.py:3096} INFO - Sync 1 DAGs
[2026-03-22T04:44:08.065+0000] {logging_mixin.py:188} INFO - [2026-03-22T04:44:08.065+0000] {dag.py:3954} INFO - Setting next_dagrun for example_branch_operator to 2026-03-21 00:00:00+00:00, run_after=2026-03-22 00:00:00+00:00
[2026-03-22T04:44:08.082+0000] {processor.py:183} INFO - Processing /home/airflow/.local/lib/python3.12/site-packages/airflow/example_dags/example_branch_operator.py took 0.082 seconds
[2026-03-22T04:44:38.501+0000] {processor.py:161} INFO - Started process (PID=2429) to work on /home/airflow/.local/lib/python3.12/site-packages/airflow/example_dags/example_branch_operator.py
[2026-03-22T04:44:38.502+0000] {processor.py:830} INFO - Processing file /home/airflow/.local/lib/python3.12/site-packages/airflow/example_dags/example_branch_operator.py for tasks to queue
[2026-03-22T04:44:38.503+0000] {logging_mixin.py:188} INFO - [2026-03-22T04:44:38.503+0000] {dagbag.py:545} INFO - Filling up the DagBag from /home/airflow/.local/lib/python3.12/site-packages/airflow/example_dags/example_branch_operator.py
[2026-03-22T04:44:38.512+0000] {processor.py:840} INFO - DAG(s) 'example_branch_operator' retrieved from /home/airflow/.local/lib/python3.12/site-packages/airflow/example_dags/example_branch_operator.py
[2026-03-22T04:44:38.533+0000] {logging_mixin.py:188} INFO - [2026-03-22T04:44:38.533+0000] {dag.py:3096} INFO - Sync 1 DAGs
[2026-03-22T04:44:38.543+0000] {logging_mixin.py:188} INFO - [2026-03-22T04:44:38.543+0000] {dag.py:3954} INFO - Setting next_dagrun for example_branch_operator to 2026-03-21 00:00:00+00:00, run_after=2026-03-22 00:00:00+00:00
[2026-03-22T04:44:38.557+0000] {processor.py:183} INFO - Processing /home/airflow/.local/lib/python3.12/site-packages/airflow/example_dags/example_branch_operator.py took 0.059 seconds
[2026-03-22T04:45:09.020+0000] {processor.py:161} INFO - Started process (PID=2487) to work on /home/airflow/.local/lib/python3.12/site-packages/airflow/example_dags/example_branch_operator.py
[2026-03-22T04:45:09.020+0000] {processor.py:830} INFO - Processing file /home/airflow/.local/lib/python3.12/site-packages/airflow/example_dags/example_branch_operator.py for tasks to queue
[2026-03-22T04:45:09.021+0000] {logging_mixin.py:188} INFO - [2026-03-22T04:45:09.021+0000] {dagbag.py:545} INFO - Filling up the DagBag from /home/airflow/.local/lib/python3.12/site-packages/airflow/example_dags/example_branch_operator.py
[2026-03-22T04:45:09.029+0000] {processor.py:840} INFO - DAG(s) 'example_branch_operator' retrieved from /home/airflow/.local/lib/python3.12/site-packages/airflow/example_dags/example_branch_operator.py
[2026-03-22T04:45:09.046+0000] {logging_mixin.py:188} INFO - [2026-03-22T04:45:09.045+0000] {dag.py:3096} INFO - Sync 1 DAGs
[2026-03-22T04:45:09.060+0000] {logging_mixin.py:188} INFO - [2026-03-22T04:45:09.060+0000] {dag.py:3954} INFO - Setting next_dagrun for example_branch_operator to 2026-03-21 00:00:00+00:00, run_after=2026-03-22 00:00:00+00:00
[2026-03-22T04:45:09.067+0000] {processor.py:183} INFO - Processing /home/airflow/.local/lib/python3.12/site-packages/airflow/example_dags/example_branch_operator.py took 0.049 seconds
[2026-03-22T04:45:40.020+0000] {processor.py:161} INFO - Started process (PID=2547) to work on /home/airflow/.local/lib/python3.12/site-packages/airflow/example_dags/example_branch_operator.py
[2026-03-22T04:45:40.021+0000] {processor.py:830} INFO - Processing file /home/airflow/.local/lib/python3.12/site-packages/airflow/example_dags/example_branch_operator.py for tasks to queue
[2026-03-22T04:45:40.024+0000] {logging_mixin.py:188} INFO - [2026-03-22T04:45:40.024+0000] {dagbag.py:545} INFO - Filling up the DagBag from /home/airflow/.local/lib/python3.12/site-packages/airflow/example_dags/example_branch_operator.py
[2026-03-22T04:45:40.063+0000] {processor.py:840} INFO - DAG(s) 'example_branch_operator' retrieved from /home/airflow/.local/lib/python3.12/site-packages/airflow/example_dags/example_branch_operator.py
[2026-03-22T04:45:40.113+0000] {logging_mixin.py:188} INFO - [2026-03-22T04:45:40.112+0000] {dag.py:3096} INFO - Sync 1 DAGs
[2026-03-22T04:45:40.180+0000] {logging_mixin.py:188} INFO - [2026-03-22T04:45:40.180+0000] {dag.py:3954} INFO - Setting next_dagrun for example_branch_operator to 2026-03-21 00:00:00+00:00, run_after=2026-03-22 00:00:00+00:00
[2026-03-22T04:45:40.308+0000] {processor.py:183} INFO - Processing /home/airflow/.local/lib/python3.12/site-packages/airflow/example_dags/example_branch_operator.py took 0.296 seconds
[2026-03-22T04:46:11.086+0000] {processor.py:161} INFO - Started process (PID=2605) to work on /home/airflow/.local/lib/python3.12/site-packages/airflow/example_dags/example_branch_operator.py
[2026-03-22T04:46:11.099+0000] {processor.py:830} INFO - Processing file /home/airflow/.local/lib/python3.12/site-packages/airflow/example_dags/example_branch_operator.py for tasks to queue
[2026-03-22T04:46:11.116+0000] {logging_mixin.py:188} INFO - [2026-03-22T04:46:11.115+0000] {dagbag.py:545} INFO - Filling up the DagBag from /home/airflow/.local/lib/python3.12/site-packages/airflow/example_dags/example_branch_operator.py
[2026-03-22T04:46:11.358+0000] {processor.py:840} INFO - DAG(s) 'example_branch_operator' retrieved from /home/airflow/.local/lib/python3.12/site-packages/airflow/example_dags/example_branch_operator.py
[2026-03-22T04:46:11.637+0000] {logging_mixin.py:188} INFO - [2026-03-22T04:46:11.636+0000] {dag.py:3096} INFO - Sync 1 DAGs
[2026-03-22T04:46:11.682+0000] {logging_mixin.py:188} INFO - [2026-03-22T04:46:11.682+0000] {dag.py:3954} INFO - Setting next_dagrun for example_branch_operator to 2026-03-21 00:00:00+00:00, run_after=2026-03-22 00:00:00+00:00
[2026-03-22T04:46:11.716+0000] {processor.py:183} INFO - Processing /home/airflow/.local/lib/python3.12/site-packages/airflow/example_dags/example_branch_operator.py took 0.689 seconds
[2026-03-22T04:46:42.371+0000] {processor.py:161} INFO - Started process (PID=2663) to work on /home/airflow/.local/lib/python3.12/site-packages/airflow/example_dags/example_branch_operator.py
[2026-03-22T04:46:42.386+0000] {processor.py:830} INFO - Processing file /home/airflow/.local/lib/python3.12/site-packages/airflow/example_dags/example_branch_operator.py for tasks to queue
[2026-03-22T04:46:42.398+0000] {logging_mixin.py:188} INFO - [2026-03-22T04:46:42.395+0000] {dagbag.py:545} INFO - Filling up the DagBag from /home/airflow/.local/lib/python3.12/site-packages/airflow/example_dags/example_branch_operator.py
[2026-03-22T04:46:42.486+0000] {processor.py:840} INFO - DAG(s) 'example_branch_operator' retrieved from /home/airflow/.local/lib/python3.12/site-packages/airflow/example_dags/example_branch_operator.py
[2026-03-22T04:46:42.589+0000] {logging_mixin.py:188} INFO - [2026-03-22T04:46:42.588+0000] {dag.py:3096} INFO - Sync 1 DAGs
[2026-03-22T04:46:42.645+0000] {logging_mixin.py:188} INFO - [2026-03-22T04:46:42.642+0000] {dag.py:3954} INFO - Setting next_dagrun for example_branch_operator to 2026-03-21 00:00:00+00:00, run_after=2026-03-22 00:00:00+00:00
[2026-03-22T04:46:42.673+0000] {processor.py:183} INFO - Processing /home/airflow/.local/lib/python3.12/site-packages/airflow/example_dags/example_branch_operator.py took 0.338 seconds
[2026-03-22T04:47:13.466+0000] {processor.py:161} INFO - Started process (PID=2721) to work on /home/airflow/.local/lib/python3.12/site-packages/airflow/example_dags/example_branch_operator.py
[2026-03-22T04:47:13.469+0000] {processor.py:830} INFO - Processing file /home/airflow/.local/lib/python3.12/site-packages/airflow/example_dags/example_branch_operator.py for tasks to queue
[2026-03-22T04:47:13.471+0000] {logging_mixin.py:188} INFO - [2026-03-22T04:47:13.471+0000] {dagbag.py:545} INFO - Filling up the DagBag from /home/airflow/.local/lib/python3.12/site-packages/airflow/example_dags/example_branch_operator.py
[2026-03-22T04:47:13.555+0000] {processor.py:840} INFO - DAG(s) 'example_branch_operator' retrieved from /home/airflow/.local/lib/python3.12/site-packages/airflow/example_dags/example_branch_operator.py
[2026-03-22T04:47:13.643+0000] {logging_mixin.py:188} INFO - [2026-03-22T04:47:13.642+0000] {dag.py:3096} INFO - Sync 1 DAGs
[2026-03-22T04:47:13.690+0000] {logging_mixin.py:188} INFO - [2026-03-22T04:47:13.690+0000] {dag.py:3954} INFO - Setting next_dagrun for example_branch_operator to 2026-03-21 00:00:00+00:00, run_after=2026-03-22 00:00:00+00:00
[2026-03-22T04:47:13.729+0000] {processor.py:183} INFO - Processing /home/airflow/.local/lib/python3.12/site-packages/airflow/example_dags/example_branch_operator.py took 0.275 seconds
[2026-03-22T04:47:44.297+0000] {processor.py:161} INFO - Started process (PID=2779) to work on /home/airflow/.local/lib/python3.12/site-packages/airflow/example_dags/example_branch_operator.py
[2026-03-22T04:47:44.299+0000] {processor.py:830} INFO - Processing file /home/airflow/.local/lib/python3.12/site-packages/airflow/example_dags/example_branch_operator.py for tasks to queue
[2026-03-22T04:47:44.302+0000] {logging_mixin.py:188} INFO - [2026-03-22T04:47:44.302+0000] {dagbag.py:545} INFO - Filling up the DagBag from /home/airflow/.local/lib/python3.12/site-packages/airflow/example_dags/example_branch_operator.py
[2026-03-22T04:47:44.352+0000] {processor.py:840} INFO - DAG(s) 'example_branch_operator' retrieved from /home/airflow/.local/lib/python3.12/site-packages/airflow/example_dags/example_branch_operator.py
[2026-03-22T04:47:44.431+0000] {logging_mixin.py:188} INFO - [2026-03-22T04:47:44.430+0000] {dag.py:3096} INFO - Sync 1 DAGs
[2026-03-22T04:47:44.536+0000] {logging_mixin.py:188} INFO - [2026-03-22T04:47:44.536+0000] {dag.py:3954} INFO - Setting next_dagrun for example_branch_operator to 2026-03-21 00:00:00+00:00, run_after=2026-03-22 00:00:00+00:00
[2026-03-22T04:47:44.590+0000] {processor.py:183} INFO - Processing /home/airflow/.local/lib/python3.12/site-packages/airflow/example_dags/example_branch_operator.py took 0.309 seconds
[2026-03-22T04:48:14.721+0000] {processor.py:161} INFO - Started process (PID=2837) to work on /home/airflow/.local/lib/python3.12/site-packages/airflow/example_dags/example_branch_operator.py
[2026-03-22T04:48:14.723+0000] {processor.py:830} INFO - Processing file /home/airflow/.local/lib/python3.12/site-packages/airflow/example_dags/example_branch_operator.py for tasks to queue
[2026-03-22T04:48:14.728+0000] {logging_mixin.py:188} INFO - [2026-03-22T04:48:14.727+0000] {dagbag.py:545} INFO - Filling up the DagBag from /home/airflow/.local/lib/python3.12/site-packages/airflow/example_dags/example_branch_operator.py
[2026-03-22T04:48:14.762+0000] {processor.py:840} INFO - DAG(s) 'example_branch_operator' retrieved from /home/airflow/.local/lib/python3.12/site-packages/airflow/example_dags/example_branch_operator.py
[2026-03-22T04:48:14.807+0000] {logging_mixin.py:188} INFO - [2026-03-22T04:48:14.807+0000] {dag.py:3096} INFO - Sync 1 DAGs
[2026-03-22T04:48:14.834+0000] {logging_mixin.py:188} INFO - [2026-03-22T04:48:14.834+0000] {dag.py:3954} INFO - Setting next_dagrun for example_branch_operator to 2026-03-21 00:00:00+00:00, run_after=2026-03-22 00:00:00+00:00
[2026-03-22T04:48:14.864+0000] {processor.py:183} INFO - Processing /home/airflow/.local/lib/python3.12/site-packages/airflow/example_dags/example_branch_operator.py took 0.154 seconds
[2026-03-22T04:48:45.202+0000] {processor.py:161} INFO - Started process (PID=2895) to work on /home/airflow/.local/lib/python3.12/site-packages/airflow/example_dags/example_branch_operator.py
[2026-03-22T04:48:45.206+0000] {processor.py:830} INFO - Processing file /home/airflow/.local/lib/python3.12/site-packages/airflow/example_dags/example_branch_operator.py for tasks to queue
[2026-03-22T04:48:45.213+0000] {logging_mixin.py:188} INFO - [2026-03-22T04:48:45.212+0000] {dagbag.py:545} INFO - Filling up the DagBag from /home/airflow/.local/lib/python3.12/site-packages/airflow/example_dags/example_branch_operator.py
[2026-03-22T04:48:45.292+0000] {processor.py:840} INFO - DAG(s) 'example_branch_operator' retrieved from /home/airflow/.local/lib/python3.12/site-packages/airflow/example_dags/example_branch_operator.py
[2026-03-22T04:48:45.459+0000] {logging_mixin.py:188} INFO - [2026-03-22T04:48:45.458+0000] {dag.py:3096} INFO - Sync 1 DAGs
[2026-03-22T04:48:45.507+0000] {logging_mixin.py:188} INFO - [2026-03-22T04:48:45.506+0000] {dag.py:3954} INFO - Setting next_dagrun for example_branch_operator to 2026-03-21 00:00:00+00:00, run_after=2026-03-22 00:00:00+00:00
[2026-03-22T04:48:45.542+0000] {processor.py:183} INFO - Processing /home/airflow/.local/lib/python3.12/site-packages/airflow/example_dags/example_branch_operator.py took 0.359 seconds
[2026-03-22T04:49:15.626+0000] {processor.py:161} INFO - Started process (PID=2951) to work on /home/airflow/.local/lib/python3.12/site-packages/airflow/example_dags/example_branch_operator.py
[2026-03-22T04:49:15.628+0000] {processor.py:830} INFO - Processing file /home/airflow/.local/lib/python3.12/site-packages/airflow/example_dags/example_branch_operator.py for tasks to queue
[2026-03-22T04:49:15.634+0000] {logging_mixin.py:188} INFO - [2026-03-22T04:49:15.633+0000] {dagbag.py:545} INFO - Filling up the DagBag from /home/airflow/.local/lib/python3.12/site-packages/airflow/example_dags/example_branch_operator.py
[2026-03-22T04:49:15.723+0000] {processor.py:840} INFO - DAG(s) 'example_branch_operator' retrieved from /home/airflow/.local/lib/python3.12/site-packages/airflow/example_dags/example_branch_operator.py
[2026-03-22T04:49:15.886+0000] {logging_mixin.py:188} INFO - [2026-03-22T04:49:15.885+0000] {dag.py:3096} INFO - Sync 1 DAGs
[2026-03-22T04:49:15.984+0000] {logging_mixin.py:188} INFO - [2026-03-22T04:49:15.977+0000] {dag.py:3954} INFO - Setting next_dagrun for example_branch_operator to 2026-03-21 00:00:00+00:00, run_after=2026-03-22 00:00:00+00:00
[2026-03-22T04:49:16.116+0000] {processor.py:183} INFO - Processing /home/airflow/.local/lib/python3.12/site-packages/airflow/example_dags/example_branch_operator.py took 0.521 seconds
[2026-03-22T04:49:46.918+0000] {processor.py:161} INFO - Started process (PID=3009) to work on /home/airflow/.local/lib/python3.12/site-packages/airflow/example_dags/example_branch_operator.py
[2026-03-22T04:49:46.919+0000] {processor.py:830} INFO - Processing file /home/airflow/.local/lib/python3.12/site-packages/airflow/example_dags/example_branch_operator.py for tasks to queue
[2026-03-22T04:49:46.923+0000] {logging_mixin.py:188} INFO - [2026-03-22T04:49:46.923+0000] {dagbag.py:545} INFO - Filling up the DagBag from /home/airflow/.local/lib/python3.12/site-packages/airflow/example_dags/example_branch_operator.py
[2026-03-22T04:49:46.944+0000] {processor.py:840} INFO - DAG(s) 'example_branch_operator' retrieved from /home/airflow/.local/lib/python3.12/site-packages/airflow/example_dags/example_branch_operator.py
[2026-03-22T04:49:46.981+0000] {logging_mixin.py:188} INFO - [2026-03-22T04:49:46.981+0000] {dag.py:3096} INFO - Sync 1 DAGs
[2026-03-22T04:49:47.007+0000] {logging_mixin.py:188} INFO - [2026-03-22T04:49:47.007+0000] {dag.py:3954} INFO - Setting next_dagrun for example_branch_operator to 2026-03-21 00:00:00+00:00, run_after=2026-03-22 00:00:00+00:00
[2026-03-22T04:49:47.019+0000] {processor.py:183} INFO - Processing /home/airflow/.local/lib/python3.12/site-packages/airflow/example_dags/example_branch_operator.py took 0.121 seconds
[2026-03-22T04:50:19.050+0000] {processor.py:161} INFO - Started process (PID=3068) to work on /home/airflow/.local/lib/python3.12/site-packages/airflow/example_dags/example_branch_operator.py
[2026-03-22T04:50:19.122+0000] {processor.py:830} INFO - Processing file /home/airflow/.local/lib/python3.12/site-packages/airflow/example_dags/example_branch_operator.py for tasks to queue
[2026-03-22T04:50:19.429+0000] {logging_mixin.py:188} INFO - [2026-03-22T04:50:19.205+0000] {dagbag.py:545} INFO - Filling up the DagBag from /home/airflow/.local/lib/python3.12/site-packages/airflow/example_dags/example_branch_operator.py
[2026-03-22T04:50:19.827+0000] {processor.py:840} INFO - DAG(s) 'example_branch_operator' retrieved from /home/airflow/.local/lib/python3.12/site-packages/airflow/example_dags/example_branch_operator.py
[2026-03-22T04:50:21.274+0000] {logging_mixin.py:188} INFO - [2026-03-22T04:50:21.259+0000] {dag.py:3096} INFO - Sync 1 DAGs
[2026-03-22T04:50:21.653+0000] {logging_mixin.py:188} INFO - [2026-03-22T04:50:21.639+0000] {dag.py:3954} INFO - Setting next_dagrun for example_branch_operator to 2026-03-21 00:00:00+00:00, run_after=2026-03-22 00:00:00+00:00
[2026-03-22T04:50:21.806+0000] {processor.py:183} INFO - Processing /home/airflow/.local/lib/python3.12/site-packages/airflow/example_dags/example_branch_operator.py took 3.461 seconds
[2026-03-22T04:50:52.005+0000] {processor.py:161} INFO - Started process (PID=3127) to work on /home/airflow/.local/lib/python3.12/site-packages/airflow/example_dags/example_branch_operator.py
[2026-03-22T04:50:52.007+0000] {processor.py:830} INFO - Processing file /home/airflow/.local/lib/python3.12/site-packages/airflow/example_dags/example_branch_operator.py for tasks to queue
[2026-03-22T04:50:52.012+0000] {logging_mixin.py:188} INFO - [2026-03-22T04:50:52.011+0000] {dagbag.py:545} INFO - Filling up the DagBag from /home/airflow/.local/lib/python3.12/site-packages/airflow/example_dags/example_branch_operator.py
[2026-03-22T04:50:52.048+0000] {processor.py:840} INFO - DAG(s) 'example_branch_operator' retrieved from /home/airflow/.local/lib/python3.12/site-packages/airflow/example_dags/example_branch_operator.py
[2026-03-22T04:50:52.090+0000] {logging_mixin.py:188} INFO - [2026-03-22T04:50:52.090+0000] {dag.py:3096} INFO - Sync 1 DAGs
[2026-03-22T04:50:52.122+0000] {logging_mixin.py:188} INFO - [2026-03-22T04:50:52.122+0000] {dag.py:3954} INFO - Setting next_dagrun for example_branch_operator to 2026-03-21 00:00:00+00:00, run_after=2026-03-22 00:00:00+00:00
[2026-03-22T04:50:52.137+0000] {processor.py:183} INFO - Processing /home/airflow/.local/lib/python3.12/site-packages/airflow/example_dags/example_branch_operator.py took 0.146 seconds
[2026-03-22T04:51:23.018+0000] {processor.py:161} INFO - Started process (PID=3186) to work on /home/airflow/.local/lib/python3.12/site-packages/airflow/example_dags/example_branch_operator.py
[2026-03-22T04:51:23.020+0000] {processor.py:830} INFO - Processing file /home/airflow/.local/lib/python3.12/site-packages/airflow/example_dags/example_branch_operator.py for tasks to queue
[2026-03-22T04:51:23.031+0000] {logging_mixin.py:188} INFO - [2026-03-22T04:51:23.031+0000] {dagbag.py:545} INFO - Filling up the DagBag from /home/airflow/.local/lib/python3.12/site-packages/airflow/example_dags/example_branch_operator.py
[2026-03-22T04:51:23.064+0000] {processor.py:840} INFO - DAG(s) 'example_branch_operator' retrieved from /home/airflow/.local/lib/python3.12/site-packages/airflow/example_dags/example_branch_operator.py
[2026-03-22T04:51:23.157+0000] {logging_mixin.py:188} INFO - [2026-03-22T04:51:23.157+0000] {dag.py:3096} INFO - Sync 1 DAGs
[2026-03-22T04:51:23.190+0000] {logging_mixin.py:188} INFO - [2026-03-22T04:51:23.189+0000] {dag.py:3954} INFO - Setting next_dagrun for example_branch_operator to 2026-03-21 00:00:00+00:00, run_after=2026-03-22 00:00:00+00:00
[2026-03-22T04:51:23.220+0000] {processor.py:183} INFO - Processing /home/airflow/.local/lib/python3.12/site-packages/airflow/example_dags/example_branch_operator.py took 0.221 seconds
[2026-03-22T04:55:52.948+0000] {processor.py:161} INFO - Started process (PID=150) to work on /home/airflow/.local/lib/python3.12/site-packages/airflow/example_dags/example_branch_operator.py
[2026-03-22T04:55:52.956+0000] {processor.py:830} INFO - Processing file /home/airflow/.local/lib/python3.12/site-packages/airflow/example_dags/example_branch_operator.py for tasks to queue
[2026-03-22T04:55:52.959+0000] {logging_mixin.py:188} INFO - [2026-03-22T04:55:52.958+0000] {dagbag.py:545} INFO - Filling up the DagBag from /home/airflow/.local/lib/python3.12/site-packages/airflow/example_dags/example_branch_operator.py
[2026-03-22T04:55:52.978+0000] {processor.py:840} INFO - DAG(s) 'example_branch_operator' retrieved from /home/airflow/.local/lib/python3.12/site-packages/airflow/example_dags/example_branch_operator.py
[2026-03-22T04:55:53.146+0000] {logging_mixin.py:188} INFO - [2026-03-22T04:55:53.145+0000] {dag.py:3096} INFO - Sync 1 DAGs
[2026-03-22T04:55:53.207+0000] {logging_mixin.py:188} INFO - [2026-03-22T04:55:53.206+0000] {dag.py:3954} INFO - Setting next_dagrun for example_branch_operator to 2026-03-21 00:00:00+00:00, run_after=2026-03-22 00:00:00+00:00
[2026-03-22T04:55:53.329+0000] {processor.py:183} INFO - Processing /home/airflow/.local/lib/python3.12/site-packages/airflow/example_dags/example_branch_operator.py took 0.384 seconds
[2026-03-22T04:56:23.767+0000] {processor.py:161} INFO - Started process (PID=209) to work on /home/airflow/.local/lib/python3.12/site-packages/airflow/example_dags/example_branch_operator.py
[2026-03-22T04:56:23.768+0000] {processor.py:830} INFO - Processing file /home/airflow/.local/lib/python3.12/site-packages/airflow/example_dags/example_branch_operator.py for tasks to queue
[2026-03-22T04:56:23.769+0000] {logging_mixin.py:188} INFO - [2026-03-22T04:56:23.769+0000] {dagbag.py:545} INFO - Filling up the DagBag from /home/airflow/.local/lib/python3.12/site-packages/airflow/example_dags/example_branch_operator.py
[2026-03-22T04:56:23.780+0000] {processor.py:840} INFO - DAG(s) 'example_branch_operator' retrieved from /home/airflow/.local/lib/python3.12/site-packages/airflow/example_dags/example_branch_operator.py
[2026-03-22T04:56:23.815+0000] {logging_mixin.py:188} INFO - [2026-03-22T04:56:23.814+0000] {dag.py:3096} INFO - Sync 1 DAGs
[2026-03-22T04:56:23.827+0000] {logging_mixin.py:188} INFO - [2026-03-22T04:56:23.827+0000] {dag.py:3954} INFO - Setting next_dagrun for example_branch_operator to 2026-03-21 00:00:00+00:00, run_after=2026-03-22 00:00:00+00:00
[2026-03-22T04:56:23.838+0000] {processor.py:183} INFO - Processing /home/airflow/.local/lib/python3.12/site-packages/airflow/example_dags/example_branch_operator.py took 0.074 seconds
[2026-03-22T04:56:54.860+0000] {processor.py:161} INFO - Started process (PID=268) to work on /home/airflow/.local/lib/python3.12/site-packages/airflow/example_dags/example_branch_operator.py
[2026-03-22T04:56:54.863+0000] {processor.py:830} INFO - Processing file /home/airflow/.local/lib/python3.12/site-packages/airflow/example_dags/example_branch_operator.py for tasks to queue
[2026-03-22T04:56:54.867+0000] {logging_mixin.py:188} INFO - [2026-03-22T04:56:54.866+0000] {dagbag.py:545} INFO - Filling up the DagBag from /home/airflow/.local/lib/python3.12/site-packages/airflow/example_dags/example_branch_operator.py
[2026-03-22T04:56:54.877+0000] {processor.py:840} INFO - DAG(s) 'example_branch_operator' retrieved from /home/airflow/.local/lib/python3.12/site-packages/airflow/example_dags/example_branch_operator.py
[2026-03-22T04:56:54.897+0000] {logging_mixin.py:188} INFO - [2026-03-22T04:56:54.897+0000] {dag.py:3096} INFO - Sync 1 DAGs
[2026-03-22T04:56:54.912+0000] {logging_mixin.py:188} INFO - [2026-03-22T04:56:54.912+0000] {dag.py:3954} INFO - Setting next_dagrun for example_branch_operator to 2026-03-21 00:00:00+00:00, run_after=2026-03-22 00:00:00+00:00
[2026-03-22T04:56:54.924+0000] {processor.py:183} INFO - Processing /home/airflow/.local/lib/python3.12/site-packages/airflow/example_dags/example_branch_operator.py took 0.068 seconds
[2026-03-22T05:02:21.353+0000] {processor.py:161} INFO - Started process (PID=374) to work on /home/airflow/.local/lib/python3.12/site-packages/airflow/example_dags/example_branch_operator.py
[2026-03-22T05:02:21.436+0000] {processor.py:830} INFO - Processing file /home/airflow/.local/lib/python3.12/site-packages/airflow/example_dags/example_branch_operator.py for tasks to queue
[2026-03-22T05:02:21.836+0000] {logging_mixin.py:188} INFO - [2026-03-22T05:02:21.618+0000] {dagbag.py:545} INFO - Filling up the DagBag from /home/airflow/.local/lib/python3.12/site-packages/airflow/example_dags/example_branch_operator.py
[2026-03-22T05:02:25.455+0000] {processor.py:840} INFO - DAG(s) 'example_branch_operator' retrieved from /home/airflow/.local/lib/python3.12/site-packages/airflow/example_dags/example_branch_operator.py
[2026-03-22T05:02:28.264+0000] {logging_mixin.py:188} INFO - [2026-03-22T05:02:28.053+0000] {dag.py:3096} INFO - Sync 1 DAGs
[2026-03-22T05:02:28.871+0000] {logging_mixin.py:188} INFO - [2026-03-22T05:02:28.787+0000] {dag.py:3954} INFO - Setting next_dagrun for example_branch_operator to 2026-03-21 00:00:00+00:00, run_after=2026-03-22 00:00:00+00:00
[2026-03-22T05:02:31.846+0000] {processor.py:183} INFO - Processing /home/airflow/.local/lib/python3.12/site-packages/airflow/example_dags/example_branch_operator.py took 11.655 seconds
[2026-03-22T05:10:09.100+0000] {processor.py:161} INFO - Started process (PID=482) to work on /home/airflow/.local/lib/python3.12/site-packages/airflow/example_dags/example_branch_operator.py
[2026-03-22T05:10:09.633+0000] {processor.py:830} INFO - Processing file /home/airflow/.local/lib/python3.12/site-packages/airflow/example_dags/example_branch_operator.py for tasks to queue
[2026-03-22T05:10:09.881+0000] {logging_mixin.py:188} INFO - [2026-03-22T05:10:09.796+0000] {dagbag.py:545} INFO - Filling up the DagBag from /home/airflow/.local/lib/python3.12/site-packages/airflow/example_dags/example_branch_operator.py
[2026-03-22T05:10:11.971+0000] {processor.py:840} INFO - DAG(s) 'example_branch_operator' retrieved from /home/airflow/.local/lib/python3.12/site-packages/airflow/example_dags/example_branch_operator.py
[2026-03-22T05:10:21.603+0000] {logging_mixin.py:188} INFO - [2026-03-22T05:10:21.544+0000] {dag.py:3096} INFO - Sync 1 DAGs
[2026-03-22T05:10:26.135+0000] {logging_mixin.py:188} INFO - [2026-03-22T05:10:25.884+0000] {dag.py:3954} INFO - Setting next_dagrun for example_branch_operator to 2026-03-21 00:00:00+00:00, run_after=2026-03-22 00:00:00+00:00
[2026-03-22T05:10:29.960+0000] {processor.py:183} INFO - Processing /home/airflow/.local/lib/python3.12/site-packages/airflow/example_dags/example_branch_operator.py took 21.789 seconds
[2026-03-22T05:29:09.602+0000] {processor.py:161} INFO - Started process (PID=107) to work on /home/airflow/.local/lib/python3.12/site-packages/airflow/example_dags/example_branch_operator.py
[2026-03-22T05:29:09.603+0000] {processor.py:830} INFO - Processing file /home/airflow/.local/lib/python3.12/site-packages/airflow/example_dags/example_branch_operator.py for tasks to queue
[2026-03-22T05:29:09.613+0000] {logging_mixin.py:188} INFO - [2026-03-22T05:29:09.612+0000] {dagbag.py:545} INFO - Filling up the DagBag from /home/airflow/.local/lib/python3.12/site-packages/airflow/example_dags/example_branch_operator.py
[2026-03-22T05:29:09.641+0000] {processor.py:840} INFO - DAG(s) 'example_branch_operator' retrieved from /home/airflow/.local/lib/python3.12/site-packages/airflow/example_dags/example_branch_operator.py
[2026-03-22T05:29:09.805+0000] {logging_mixin.py:188} INFO - [2026-03-22T05:29:09.805+0000] {dag.py:3096} INFO - Sync 1 DAGs
[2026-03-22T05:29:09.854+0000] {logging_mixin.py:188} INFO - [2026-03-22T05:29:09.853+0000] {dag.py:3954} INFO - Setting next_dagrun for example_branch_operator to 2026-03-21 00:00:00+00:00, run_after=2026-03-22 00:00:00+00:00
[2026-03-22T05:29:09.904+0000] {processor.py:183} INFO - Processing /home/airflow/.local/lib/python3.12/site-packages/airflow/example_dags/example_branch_operator.py took 0.309 seconds
[2026-03-22T05:29:40.901+0000] {processor.py:161} INFO - Started process (PID=166) to work on /home/airflow/.local/lib/python3.12/site-packages/airflow/example_dags/example_branch_operator.py
[2026-03-22T05:29:40.909+0000] {processor.py:830} INFO - Processing file /home/airflow/.local/lib/python3.12/site-packages/airflow/example_dags/example_branch_operator.py for tasks to queue
[2026-03-22T05:29:40.924+0000] {logging_mixin.py:188} INFO - [2026-03-22T05:29:40.922+0000] {dagbag.py:545} INFO - Filling up the DagBag from /home/airflow/.local/lib/python3.12/site-packages/airflow/example_dags/example_branch_operator.py
[2026-03-22T05:29:41.043+0000] {processor.py:840} INFO - DAG(s) 'example_branch_operator' retrieved from /home/airflow/.local/lib/python3.12/site-packages/airflow/example_dags/example_branch_operator.py
[2026-03-22T05:29:41.185+0000] {logging_mixin.py:188} INFO - [2026-03-22T05:29:41.184+0000] {dag.py:3096} INFO - Sync 1 DAGs
[2026-03-22T05:29:41.218+0000] {logging_mixin.py:188} INFO - [2026-03-22T05:29:41.217+0000] {dag.py:3954} INFO - Setting next_dagrun for example_branch_operator to 2026-03-21 00:00:00+00:00, run_after=2026-03-22 00:00:00+00:00
[2026-03-22T05:29:41.366+0000] {processor.py:183} INFO - Processing /home/airflow/.local/lib/python3.12/site-packages/airflow/example_dags/example_branch_operator.py took 0.476 seconds
[2026-03-22T05:30:11.446+0000] {processor.py:161} INFO - Started process (PID=224) to work on /home/airflow/.local/lib/python3.12/site-packages/airflow/example_dags/example_branch_operator.py
[2026-03-22T05:30:11.448+0000] {processor.py:830} INFO - Processing file /home/airflow/.local/lib/python3.12/site-packages/airflow/example_dags/example_branch_operator.py for tasks to queue
[2026-03-22T05:30:11.452+0000] {logging_mixin.py:188} INFO - [2026-03-22T05:30:11.451+0000] {dagbag.py:545} INFO - Filling up the DagBag from /home/airflow/.local/lib/python3.12/site-packages/airflow/example_dags/example_branch_operator.py
[2026-03-22T05:30:11.515+0000] {processor.py:840} INFO - DAG(s) 'example_branch_operator' retrieved from /home/airflow/.local/lib/python3.12/site-packages/airflow/example_dags/example_branch_operator.py
[2026-03-22T05:30:11.683+0000] {logging_mixin.py:188} INFO - [2026-03-22T05:30:11.682+0000] {dag.py:3096} INFO - Sync 1 DAGs
[2026-03-22T05:30:11.777+0000] {logging_mixin.py:188} INFO - [2026-03-22T05:30:11.777+0000] {dag.py:3954} INFO - Setting next_dagrun for example_branch_operator to 2026-03-21 00:00:00+00:00, run_after=2026-03-22 00:00:00+00:00
[2026-03-22T05:30:11.911+0000] {processor.py:183} INFO - Processing /home/airflow/.local/lib/python3.12/site-packages/airflow/example_dags/example_branch_operator.py took 0.479 seconds
[2026-03-22T05:30:42.856+0000] {processor.py:161} INFO - Started process (PID=284) to work on /home/airflow/.local/lib/python3.12/site-packages/airflow/example_dags/example_branch_operator.py
[2026-03-22T05:30:42.866+0000] {processor.py:830} INFO - Processing file /home/airflow/.local/lib/python3.12/site-packages/airflow/example_dags/example_branch_operator.py for tasks to queue
[2026-03-22T05:30:42.873+0000] {logging_mixin.py:188} INFO - [2026-03-22T05:30:42.872+0000] {dagbag.py:545} INFO - Filling up the DagBag from /home/airflow/.local/lib/python3.12/site-packages/airflow/example_dags/example_branch_operator.py
[2026-03-22T05:30:42.953+0000] {processor.py:840} INFO - DAG(s) 'example_branch_operator' retrieved from /home/airflow/.local/lib/python3.12/site-packages/airflow/example_dags/example_branch_operator.py
[2026-03-22T05:30:43.088+0000] {logging_mixin.py:188} INFO - [2026-03-22T05:30:43.088+0000] {dag.py:3096} INFO - Sync 1 DAGs
[2026-03-22T05:30:43.158+0000] {logging_mixin.py:188} INFO - [2026-03-22T05:30:43.158+0000] {dag.py:3954} INFO - Setting next_dagrun for example_branch_operator to 2026-03-21 00:00:00+00:00, run_after=2026-03-22 00:00:00+00:00
[2026-03-22T05:30:43.215+0000] {processor.py:183} INFO - Processing /home/airflow/.local/lib/python3.12/site-packages/airflow/example_dags/example_branch_operator.py took 0.376 seconds
[2026-03-22T05:31:13.839+0000] {processor.py:161} INFO - Started process (PID=342) to work on /home/airflow/.local/lib/python3.12/site-packages/airflow/example_dags/example_branch_operator.py
[2026-03-22T05:31:13.841+0000] {processor.py:830} INFO - Processing file /home/airflow/.local/lib/python3.12/site-packages/airflow/example_dags/example_branch_operator.py for tasks to queue
[2026-03-22T05:31:13.845+0000] {logging_mixin.py:188} INFO - [2026-03-22T05:31:13.844+0000] {dagbag.py:545} INFO - Filling up the DagBag from /home/airflow/.local/lib/python3.12/site-packages/airflow/example_dags/example_branch_operator.py
[2026-03-22T05:31:13.895+0000] {processor.py:840} INFO - DAG(s) 'example_branch_operator' retrieved from /home/airflow/.local/lib/python3.12/site-packages/airflow/example_dags/example_branch_operator.py
[2026-03-22T05:31:13.966+0000] {logging_mixin.py:188} INFO - [2026-03-22T05:31:13.966+0000] {dag.py:3096} INFO - Sync 1 DAGs
[2026-03-22T05:31:14.017+0000] {logging_mixin.py:188} INFO - [2026-03-22T05:31:14.016+0000] {dag.py:3954} INFO - Setting next_dagrun for example_branch_operator to 2026-03-21 00:00:00+00:00, run_after=2026-03-22 00:00:00+00:00
[2026-03-22T05:31:14.060+0000] {processor.py:183} INFO - Processing /home/airflow/.local/lib/python3.12/site-packages/airflow/example_dags/example_branch_operator.py took 0.239 seconds
[2026-03-22T05:31:44.740+0000] {processor.py:161} INFO - Started process (PID=400) to work on /home/airflow/.local/lib/python3.12/site-packages/airflow/example_dags/example_branch_operator.py
[2026-03-22T05:31:44.742+0000] {processor.py:830} INFO - Processing file /home/airflow/.local/lib/python3.12/site-packages/airflow/example_dags/example_branch_operator.py for tasks to queue
[2026-03-22T05:31:44.755+0000] {logging_mixin.py:188} INFO - [2026-03-22T05:31:44.751+0000] {dagbag.py:545} INFO - Filling up the DagBag from /home/airflow/.local/lib/python3.12/site-packages/airflow/example_dags/example_branch_operator.py
[2026-03-22T05:31:44.801+0000] {processor.py:840} INFO - DAG(s) 'example_branch_operator' retrieved from /home/airflow/.local/lib/python3.12/site-packages/airflow/example_dags/example_branch_operator.py
[2026-03-22T05:31:44.923+0000] {logging_mixin.py:188} INFO - [2026-03-22T05:31:44.913+0000] {dag.py:3096} INFO - Sync 1 DAGs
[2026-03-22T05:31:45.014+0000] {logging_mixin.py:188} INFO - [2026-03-22T05:31:45.014+0000] {dag.py:3954} INFO - Setting next_dagrun for example_branch_operator to 2026-03-21 00:00:00+00:00, run_after=2026-03-22 00:00:00+00:00
[2026-03-22T05:31:45.106+0000] {processor.py:183} INFO - Processing /home/airflow/.local/lib/python3.12/site-packages/airflow/example_dags/example_branch_operator.py took 0.396 seconds
[2026-03-22T05:32:22.902+0000] {processor.py:161} INFO - Started process (PID=459) to work on /home/airflow/.local/lib/python3.12/site-packages/airflow/example_dags/example_branch_operator.py
[2026-03-22T05:32:22.912+0000] {processor.py:830} INFO - Processing file /home/airflow/.local/lib/python3.12/site-packages/airflow/example_dags/example_branch_operator.py for tasks to queue
[2026-03-22T05:32:22.918+0000] {logging_mixin.py:188} INFO - [2026-03-22T05:32:22.917+0000] {dagbag.py:545} INFO - Filling up the DagBag from /home/airflow/.local/lib/python3.12/site-packages/airflow/example_dags/example_branch_operator.py
[2026-03-22T05:32:23.060+0000] {processor.py:840} INFO - DAG(s) 'example_branch_operator' retrieved from /home/airflow/.local/lib/python3.12/site-packages/airflow/example_dags/example_branch_operator.py
[2026-03-22T05:32:23.402+0000] {logging_mixin.py:188} INFO - [2026-03-22T05:32:23.401+0000] {dag.py:3096} INFO - Sync 1 DAGs
[2026-03-22T05:32:23.576+0000] {logging_mixin.py:188} INFO - [2026-03-22T05:32:23.570+0000] {dag.py:3954} INFO - Setting next_dagrun for example_branch_operator to 2026-03-21 00:00:00+00:00, run_after=2026-03-22 00:00:00+00:00
[2026-03-22T05:32:23.990+0000] {processor.py:183} INFO - Processing /home/airflow/.local/lib/python3.12/site-packages/airflow/example_dags/example_branch_operator.py took 1.098 seconds
[2026-03-22T05:33:41.778+0000] {processor.py:161} INFO - Started process (PID=525) to work on /home/airflow/.local/lib/python3.12/site-packages/airflow/example_dags/example_branch_operator.py
[2026-03-22T05:33:41.839+0000] {processor.py:830} INFO - Processing file /home/airflow/.local/lib/python3.12/site-packages/airflow/example_dags/example_branch_operator.py for tasks to queue
[2026-03-22T05:33:42.050+0000] {logging_mixin.py:188} INFO - [2026-03-22T05:33:41.982+0000] {dagbag.py:545} INFO - Filling up the DagBag from /home/airflow/.local/lib/python3.12/site-packages/airflow/example_dags/example_branch_operator.py
[2026-03-22T05:33:45.195+0000] {processor.py:840} INFO - DAG(s) 'example_branch_operator' retrieved from /home/airflow/.local/lib/python3.12/site-packages/airflow/example_dags/example_branch_operator.py
[2026-03-22T05:33:48.582+0000] {logging_mixin.py:188} INFO - [2026-03-22T05:33:48.536+0000] {dag.py:3096} INFO - Sync 1 DAGs
[2026-03-22T05:33:50.798+0000] {logging_mixin.py:188} INFO - [2026-03-22T05:33:50.729+0000] {dag.py:3954} INFO - Setting next_dagrun for example_branch_operator to 2026-03-21 00:00:00+00:00, run_after=2026-03-22 00:00:00+00:00
[2026-03-22T05:33:52.882+0000] {processor.py:183} INFO - Processing /home/airflow/.local/lib/python3.12/site-packages/airflow/example_dags/example_branch_operator.py took 11.398 seconds
[2026-03-22T05:40:38.039+0000] {processor.py:161} INFO - Started process (PID=659) to work on /home/airflow/.local/lib/python3.12/site-packages/airflow/example_dags/example_branch_operator.py
[2026-03-22T05:40:38.057+0000] {processor.py:830} INFO - Processing file /home/airflow/.local/lib/python3.12/site-packages/airflow/example_dags/example_branch_operator.py for tasks to queue
[2026-03-22T05:40:38.095+0000] {logging_mixin.py:188} INFO - [2026-03-22T05:40:38.065+0000] {dagbag.py:545} INFO - Filling up the DagBag from /home/airflow/.local/lib/python3.12/site-packages/airflow/example_dags/example_branch_operator.py
[2026-03-22T05:40:38.599+0000] {processor.py:840} INFO - DAG(s) 'example_branch_operator' retrieved from /home/airflow/.local/lib/python3.12/site-packages/airflow/example_dags/example_branch_operator.py
[2026-03-22T05:40:40.091+0000] {logging_mixin.py:188} INFO - [2026-03-22T05:40:40.080+0000] {dag.py:3096} INFO - Sync 1 DAGs
[2026-03-22T05:40:40.966+0000] {logging_mixin.py:188} INFO - [2026-03-22T05:40:40.828+0000] {dag.py:3954} INFO - Setting next_dagrun for example_branch_operator to 2026-03-21 00:00:00+00:00, run_after=2026-03-22 00:00:00+00:00
[2026-03-22T05:40:41.784+0000] {processor.py:183} INFO - Processing /home/airflow/.local/lib/python3.12/site-packages/airflow/example_dags/example_branch_operator.py took 3.816 seconds
[2026-03-22T05:49:28.498+0000] {processor.py:161} INFO - Started process (PID=801) to work on /home/airflow/.local/lib/python3.12/site-packages/airflow/example_dags/example_branch_operator.py
[2026-03-22T05:49:28.699+0000] {processor.py:830} INFO - Processing file /home/airflow/.local/lib/python3.12/site-packages/airflow/example_dags/example_branch_operator.py for tasks to queue
[2026-03-22T05:49:29.024+0000] {logging_mixin.py:188} INFO - [2026-03-22T05:49:28.811+0000] {dagbag.py:545} INFO - Filling up the DagBag from /home/airflow/.local/lib/python3.12/site-packages/airflow/example_dags/example_branch_operator.py
[2026-03-22T05:49:31.397+0000] {processor.py:840} INFO - DAG(s) 'example_branch_operator' retrieved from /home/airflow/.local/lib/python3.12/site-packages/airflow/example_dags/example_branch_operator.py
[2026-03-22T05:49:39.262+0000] {logging_mixin.py:188} INFO - [2026-03-22T05:49:39.102+0000] {dag.py:3096} INFO - Sync 1 DAGs
[2026-03-22T05:49:48.163+0000] {logging_mixin.py:188} INFO - [2026-03-22T05:49:48.002+0000] {dag.py:3954} INFO - Setting next_dagrun for example_branch_operator to 2026-03-21 00:00:00+00:00, run_after=2026-03-22 00:00:00+00:00
[2026-03-22T05:49:54.408+0000] {processor.py:183} INFO - Processing /home/airflow/.local/lib/python3.12/site-packages/airflow/example_dags/example_branch_operator.py took 26.467 seconds
