[2026-03-22T04:09:22.861+0000] {processor.py:161} INFO - Started process (PID=90) to work on /home/airflow/.local/lib/python3.12/site-packages/airflow/example_dags/example_bash_operator.py
[2026-03-22T04:09:22.863+0000] {processor.py:830} INFO - Processing file /home/airflow/.local/lib/python3.12/site-packages/airflow/example_dags/example_bash_operator.py for tasks to queue
[2026-03-22T04:09:22.865+0000] {logging_mixin.py:188} INFO - [2026-03-22T04:09:22.865+0000] {dagbag.py:545} INFO - Filling up the DagBag from /home/airflow/.local/lib/python3.12/site-packages/airflow/example_dags/example_bash_operator.py
[2026-03-22T04:09:22.878+0000] {processor.py:840} INFO - DAG(s) 'example_bash_operator' retrieved from /home/airflow/.local/lib/python3.12/site-packages/airflow/example_dags/example_bash_operator.py
[2026-03-22T04:09:22.931+0000] {logging_mixin.py:188} INFO - [2026-03-22T04:09:22.931+0000] {dag.py:3096} INFO - Sync 1 DAGs
[2026-03-22T04:09:22.938+0000] {logging_mixin.py:188} INFO - [2026-03-22T04:09:22.938+0000] {dag.py:3954} INFO - Setting next_dagrun for example_bash_operator to 2026-03-21 00:00:00+00:00, run_after=2026-03-22 00:00:00+00:00
[2026-03-22T04:09:22.946+0000] {processor.py:183} INFO - Processing /home/airflow/.local/lib/python3.12/site-packages/airflow/example_dags/example_bash_operator.py took 0.087 seconds
[2026-03-22T04:09:54.029+0000] {processor.py:161} INFO - Started process (PID=148) to work on /home/airflow/.local/lib/python3.12/site-packages/airflow/example_dags/example_bash_operator.py
[2026-03-22T04:09:54.030+0000] {processor.py:830} INFO - Processing file /home/airflow/.local/lib/python3.12/site-packages/airflow/example_dags/example_bash_operator.py for tasks to queue
[2026-03-22T04:09:54.030+0000] {logging_mixin.py:188} INFO - [2026-03-22T04:09:54.030+0000] {dagbag.py:545} INFO - Filling up the DagBag from /home/airflow/.local/lib/python3.12/site-packages/airflow/example_dags/example_bash_operator.py
[2026-03-22T04:09:54.036+0000] {processor.py:840} INFO - DAG(s) 'example_bash_operator' retrieved from /home/airflow/.local/lib/python3.12/site-packages/airflow/example_dags/example_bash_operator.py
[2026-03-22T04:09:54.048+0000] {logging_mixin.py:188} INFO - [2026-03-22T04:09:54.047+0000] {dag.py:3096} INFO - Sync 1 DAGs
[2026-03-22T04:09:54.063+0000] {logging_mixin.py:188} INFO - [2026-03-22T04:09:54.063+0000] {dag.py:3954} INFO - Setting next_dagrun for example_bash_operator to 2026-03-21 00:00:00+00:00, run_after=2026-03-22 00:00:00+00:00
[2026-03-22T04:09:54.076+0000] {processor.py:183} INFO - Processing /home/airflow/.local/lib/python3.12/site-packages/airflow/example_dags/example_bash_operator.py took 0.050 seconds
[2026-03-22T04:10:24.947+0000] {processor.py:161} INFO - Started process (PID=206) to work on /home/airflow/.local/lib/python3.12/site-packages/airflow/example_dags/example_bash_operator.py
[2026-03-22T04:10:24.949+0000] {processor.py:830} INFO - Processing file /home/airflow/.local/lib/python3.12/site-packages/airflow/example_dags/example_bash_operator.py for tasks to queue
[2026-03-22T04:10:24.950+0000] {logging_mixin.py:188} INFO - [2026-03-22T04:10:24.950+0000] {dagbag.py:545} INFO - Filling up the DagBag from /home/airflow/.local/lib/python3.12/site-packages/airflow/example_dags/example_bash_operator.py
[2026-03-22T04:10:24.955+0000] {processor.py:840} INFO - DAG(s) 'example_bash_operator' retrieved from /home/airflow/.local/lib/python3.12/site-packages/airflow/example_dags/example_bash_operator.py
[2026-03-22T04:10:24.969+0000] {logging_mixin.py:188} INFO - [2026-03-22T04:10:24.969+0000] {dag.py:3096} INFO - Sync 1 DAGs
[2026-03-22T04:10:24.981+0000] {logging_mixin.py:188} INFO - [2026-03-22T04:10:24.981+0000] {dag.py:3954} INFO - Setting next_dagrun for example_bash_operator to 2026-03-21 00:00:00+00:00, run_after=2026-03-22 00:00:00+00:00
[2026-03-22T04:10:24.989+0000] {processor.py:183} INFO - Processing /home/airflow/.local/lib/python3.12/site-packages/airflow/example_dags/example_bash_operator.py took 0.044 seconds
[2026-03-22T04:10:55.477+0000] {processor.py:161} INFO - Started process (PID=264) to work on /home/airflow/.local/lib/python3.12/site-packages/airflow/example_dags/example_bash_operator.py
[2026-03-22T04:10:55.479+0000] {processor.py:830} INFO - Processing file /home/airflow/.local/lib/python3.12/site-packages/airflow/example_dags/example_bash_operator.py for tasks to queue
[2026-03-22T04:10:55.483+0000] {logging_mixin.py:188} INFO - [2026-03-22T04:10:55.483+0000] {dagbag.py:545} INFO - Filling up the DagBag from /home/airflow/.local/lib/python3.12/site-packages/airflow/example_dags/example_bash_operator.py
[2026-03-22T04:10:55.489+0000] {processor.py:840} INFO - DAG(s) 'example_bash_operator' retrieved from /home/airflow/.local/lib/python3.12/site-packages/airflow/example_dags/example_bash_operator.py
[2026-03-22T04:10:55.502+0000] {logging_mixin.py:188} INFO - [2026-03-22T04:10:55.502+0000] {dag.py:3096} INFO - Sync 1 DAGs
[2026-03-22T04:10:55.514+0000] {logging_mixin.py:188} INFO - [2026-03-22T04:10:55.514+0000] {dag.py:3954} INFO - Setting next_dagrun for example_bash_operator to 2026-03-21 00:00:00+00:00, run_after=2026-03-22 00:00:00+00:00
[2026-03-22T04:10:55.521+0000] {processor.py:183} INFO - Processing /home/airflow/.local/lib/python3.12/site-packages/airflow/example_dags/example_bash_operator.py took 0.047 seconds
[2026-03-22T04:11:26.334+0000] {processor.py:161} INFO - Started process (PID=322) to work on /home/airflow/.local/lib/python3.12/site-packages/airflow/example_dags/example_bash_operator.py
[2026-03-22T04:11:26.336+0000] {processor.py:830} INFO - Processing file /home/airflow/.local/lib/python3.12/site-packages/airflow/example_dags/example_bash_operator.py for tasks to queue
[2026-03-22T04:11:26.340+0000] {logging_mixin.py:188} INFO - [2026-03-22T04:11:26.339+0000] {dagbag.py:545} INFO - Filling up the DagBag from /home/airflow/.local/lib/python3.12/site-packages/airflow/example_dags/example_bash_operator.py
[2026-03-22T04:11:26.354+0000] {processor.py:840} INFO - DAG(s) 'example_bash_operator' retrieved from /home/airflow/.local/lib/python3.12/site-packages/airflow/example_dags/example_bash_operator.py
[2026-03-22T04:11:26.379+0000] {logging_mixin.py:188} INFO - [2026-03-22T04:11:26.379+0000] {dag.py:3096} INFO - Sync 1 DAGs
[2026-03-22T04:11:26.400+0000] {logging_mixin.py:188} INFO - [2026-03-22T04:11:26.400+0000] {dag.py:3954} INFO - Setting next_dagrun for example_bash_operator to 2026-03-21 00:00:00+00:00, run_after=2026-03-22 00:00:00+00:00
[2026-03-22T04:11:26.415+0000] {processor.py:183} INFO - Processing /home/airflow/.local/lib/python3.12/site-packages/airflow/example_dags/example_bash_operator.py took 0.092 seconds
[2026-03-22T04:11:56.615+0000] {processor.py:161} INFO - Started process (PID=380) to work on /home/airflow/.local/lib/python3.12/site-packages/airflow/example_dags/example_bash_operator.py
[2026-03-22T04:11:56.616+0000] {processor.py:830} INFO - Processing file /home/airflow/.local/lib/python3.12/site-packages/airflow/example_dags/example_bash_operator.py for tasks to queue
[2026-03-22T04:11:56.617+0000] {logging_mixin.py:188} INFO - [2026-03-22T04:11:56.617+0000] {dagbag.py:545} INFO - Filling up the DagBag from /home/airflow/.local/lib/python3.12/site-packages/airflow/example_dags/example_bash_operator.py
[2026-03-22T04:11:56.625+0000] {processor.py:840} INFO - DAG(s) 'example_bash_operator' retrieved from /home/airflow/.local/lib/python3.12/site-packages/airflow/example_dags/example_bash_operator.py
[2026-03-22T04:11:56.640+0000] {logging_mixin.py:188} INFO - [2026-03-22T04:11:56.638+0000] {dag.py:3096} INFO - Sync 1 DAGs
[2026-03-22T04:11:56.652+0000] {logging_mixin.py:188} INFO - [2026-03-22T04:11:56.651+0000] {dag.py:3954} INFO - Setting next_dagrun for example_bash_operator to 2026-03-21 00:00:00+00:00, run_after=2026-03-22 00:00:00+00:00
[2026-03-22T04:11:56.660+0000] {processor.py:183} INFO - Processing /home/airflow/.local/lib/python3.12/site-packages/airflow/example_dags/example_bash_operator.py took 0.048 seconds
[2026-03-22T04:12:27.134+0000] {processor.py:161} INFO - Started process (PID=438) to work on /home/airflow/.local/lib/python3.12/site-packages/airflow/example_dags/example_bash_operator.py
[2026-03-22T04:12:27.136+0000] {processor.py:830} INFO - Processing file /home/airflow/.local/lib/python3.12/site-packages/airflow/example_dags/example_bash_operator.py for tasks to queue
[2026-03-22T04:12:27.137+0000] {logging_mixin.py:188} INFO - [2026-03-22T04:12:27.137+0000] {dagbag.py:545} INFO - Filling up the DagBag from /home/airflow/.local/lib/python3.12/site-packages/airflow/example_dags/example_bash_operator.py
[2026-03-22T04:12:27.144+0000] {processor.py:840} INFO - DAG(s) 'example_bash_operator' retrieved from /home/airflow/.local/lib/python3.12/site-packages/airflow/example_dags/example_bash_operator.py
[2026-03-22T04:12:27.163+0000] {logging_mixin.py:188} INFO - [2026-03-22T04:12:27.163+0000] {dag.py:3096} INFO - Sync 1 DAGs
[2026-03-22T04:12:27.179+0000] {logging_mixin.py:188} INFO - [2026-03-22T04:12:27.179+0000] {dag.py:3954} INFO - Setting next_dagrun for example_bash_operator to 2026-03-21 00:00:00+00:00, run_after=2026-03-22 00:00:00+00:00
[2026-03-22T04:12:27.192+0000] {processor.py:183} INFO - Processing /home/airflow/.local/lib/python3.12/site-packages/airflow/example_dags/example_bash_operator.py took 0.060 seconds
[2026-03-22T04:12:57.651+0000] {processor.py:161} INFO - Started process (PID=496) to work on /home/airflow/.local/lib/python3.12/site-packages/airflow/example_dags/example_bash_operator.py
[2026-03-22T04:12:57.653+0000] {processor.py:830} INFO - Processing file /home/airflow/.local/lib/python3.12/site-packages/airflow/example_dags/example_bash_operator.py for tasks to queue
[2026-03-22T04:12:57.655+0000] {logging_mixin.py:188} INFO - [2026-03-22T04:12:57.654+0000] {dagbag.py:545} INFO - Filling up the DagBag from /home/airflow/.local/lib/python3.12/site-packages/airflow/example_dags/example_bash_operator.py
[2026-03-22T04:12:57.664+0000] {processor.py:840} INFO - DAG(s) 'example_bash_operator' retrieved from /home/airflow/.local/lib/python3.12/site-packages/airflow/example_dags/example_bash_operator.py
[2026-03-22T04:12:57.680+0000] {logging_mixin.py:188} INFO - [2026-03-22T04:12:57.680+0000] {dag.py:3096} INFO - Sync 1 DAGs
[2026-03-22T04:12:57.690+0000] {logging_mixin.py:188} INFO - [2026-03-22T04:12:57.690+0000] {dag.py:3954} INFO - Setting next_dagrun for example_bash_operator to 2026-03-21 00:00:00+00:00, run_after=2026-03-22 00:00:00+00:00
[2026-03-22T04:12:57.696+0000] {processor.py:183} INFO - Processing /home/airflow/.local/lib/python3.12/site-packages/airflow/example_dags/example_bash_operator.py took 0.049 seconds
[2026-03-22T04:13:28.681+0000] {processor.py:161} INFO - Started process (PID=554) to work on /home/airflow/.local/lib/python3.12/site-packages/airflow/example_dags/example_bash_operator.py
[2026-03-22T04:13:28.682+0000] {processor.py:830} INFO - Processing file /home/airflow/.local/lib/python3.12/site-packages/airflow/example_dags/example_bash_operator.py for tasks to queue
[2026-03-22T04:13:28.685+0000] {logging_mixin.py:188} INFO - [2026-03-22T04:13:28.685+0000] {dagbag.py:545} INFO - Filling up the DagBag from /home/airflow/.local/lib/python3.12/site-packages/airflow/example_dags/example_bash_operator.py
[2026-03-22T04:13:28.691+0000] {processor.py:840} INFO - DAG(s) 'example_bash_operator' retrieved from /home/airflow/.local/lib/python3.12/site-packages/airflow/example_dags/example_bash_operator.py
[2026-03-22T04:13:28.704+0000] {logging_mixin.py:188} INFO - [2026-03-22T04:13:28.704+0000] {dag.py:3096} INFO - Sync 1 DAGs
[2026-03-22T04:13:28.714+0000] {logging_mixin.py:188} INFO - [2026-03-22T04:13:28.714+0000] {dag.py:3954} INFO - Setting next_dagrun for example_bash_operator to 2026-03-21 00:00:00+00:00, run_after=2026-03-22 00:00:00+00:00
[2026-03-22T04:13:28.721+0000] {processor.py:183} INFO - Processing /home/airflow/.local/lib/python3.12/site-packages/airflow/example_dags/example_bash_operator.py took 0.043 seconds
[2026-03-22T04:13:59.298+0000] {processor.py:161} INFO - Started process (PID=612) to work on /home/airflow/.local/lib/python3.12/site-packages/airflow/example_dags/example_bash_operator.py
[2026-03-22T04:13:59.298+0000] {processor.py:830} INFO - Processing file /home/airflow/.local/lib/python3.12/site-packages/airflow/example_dags/example_bash_operator.py for tasks to queue
[2026-03-22T04:13:59.299+0000] {logging_mixin.py:188} INFO - [2026-03-22T04:13:59.299+0000] {dagbag.py:545} INFO - Filling up the DagBag from /home/airflow/.local/lib/python3.12/site-packages/airflow/example_dags/example_bash_operator.py
[2026-03-22T04:13:59.305+0000] {processor.py:840} INFO - DAG(s) 'example_bash_operator' retrieved from /home/airflow/.local/lib/python3.12/site-packages/airflow/example_dags/example_bash_operator.py
[2026-03-22T04:13:59.320+0000] {logging_mixin.py:188} INFO - [2026-03-22T04:13:59.320+0000] {dag.py:3096} INFO - Sync 1 DAGs
[2026-03-22T04:13:59.331+0000] {logging_mixin.py:188} INFO - [2026-03-22T04:13:59.331+0000] {dag.py:3954} INFO - Setting next_dagrun for example_bash_operator to 2026-03-21 00:00:00+00:00, run_after=2026-03-22 00:00:00+00:00
[2026-03-22T04:13:59.338+0000] {processor.py:183} INFO - Processing /home/airflow/.local/lib/python3.12/site-packages/airflow/example_dags/example_bash_operator.py took 0.043 seconds
[2026-03-22T04:14:30.373+0000] {processor.py:161} INFO - Started process (PID=669) to work on /home/airflow/.local/lib/python3.12/site-packages/airflow/example_dags/example_bash_operator.py
[2026-03-22T04:14:30.374+0000] {processor.py:830} INFO - Processing file /home/airflow/.local/lib/python3.12/site-packages/airflow/example_dags/example_bash_operator.py for tasks to queue
[2026-03-22T04:14:30.376+0000] {logging_mixin.py:188} INFO - [2026-03-22T04:14:30.375+0000] {dagbag.py:545} INFO - Filling up the DagBag from /home/airflow/.local/lib/python3.12/site-packages/airflow/example_dags/example_bash_operator.py
[2026-03-22T04:14:30.386+0000] {processor.py:840} INFO - DAG(s) 'example_bash_operator' retrieved from /home/airflow/.local/lib/python3.12/site-packages/airflow/example_dags/example_bash_operator.py
[2026-03-22T04:14:30.415+0000] {logging_mixin.py:188} INFO - [2026-03-22T04:14:30.415+0000] {dag.py:3096} INFO - Sync 1 DAGs
[2026-03-22T04:14:30.437+0000] {logging_mixin.py:188} INFO - [2026-03-22T04:14:30.437+0000] {dag.py:3954} INFO - Setting next_dagrun for example_bash_operator to 2026-03-21 00:00:00+00:00, run_after=2026-03-22 00:00:00+00:00
[2026-03-22T04:14:30.454+0000] {processor.py:183} INFO - Processing /home/airflow/.local/lib/python3.12/site-packages/airflow/example_dags/example_bash_operator.py took 0.087 seconds
[2026-03-22T04:15:00.522+0000] {processor.py:161} INFO - Started process (PID=727) to work on /home/airflow/.local/lib/python3.12/site-packages/airflow/example_dags/example_bash_operator.py
[2026-03-22T04:15:00.523+0000] {processor.py:830} INFO - Processing file /home/airflow/.local/lib/python3.12/site-packages/airflow/example_dags/example_bash_operator.py for tasks to queue
[2026-03-22T04:15:00.524+0000] {logging_mixin.py:188} INFO - [2026-03-22T04:15:00.524+0000] {dagbag.py:545} INFO - Filling up the DagBag from /home/airflow/.local/lib/python3.12/site-packages/airflow/example_dags/example_bash_operator.py
[2026-03-22T04:15:00.545+0000] {processor.py:840} INFO - DAG(s) 'example_bash_operator' retrieved from /home/airflow/.local/lib/python3.12/site-packages/airflow/example_dags/example_bash_operator.py
[2026-03-22T04:15:00.586+0000] {logging_mixin.py:188} INFO - [2026-03-22T04:15:00.586+0000] {dag.py:3096} INFO - Sync 1 DAGs
[2026-03-22T04:15:00.600+0000] {logging_mixin.py:188} INFO - [2026-03-22T04:15:00.600+0000] {dag.py:3954} INFO - Setting next_dagrun for example_bash_operator to 2026-03-21 00:00:00+00:00, run_after=2026-03-22 00:00:00+00:00
[2026-03-22T04:15:00.609+0000] {processor.py:183} INFO - Processing /home/airflow/.local/lib/python3.12/site-packages/airflow/example_dags/example_bash_operator.py took 0.091 seconds
[2026-03-22T04:15:31.112+0000] {processor.py:161} INFO - Started process (PID=785) to work on /home/airflow/.local/lib/python3.12/site-packages/airflow/example_dags/example_bash_operator.py
[2026-03-22T04:15:31.113+0000] {processor.py:830} INFO - Processing file /home/airflow/.local/lib/python3.12/site-packages/airflow/example_dags/example_bash_operator.py for tasks to queue
[2026-03-22T04:15:31.114+0000] {logging_mixin.py:188} INFO - [2026-03-22T04:15:31.114+0000] {dagbag.py:545} INFO - Filling up the DagBag from /home/airflow/.local/lib/python3.12/site-packages/airflow/example_dags/example_bash_operator.py
[2026-03-22T04:15:31.121+0000] {processor.py:840} INFO - DAG(s) 'example_bash_operator' retrieved from /home/airflow/.local/lib/python3.12/site-packages/airflow/example_dags/example_bash_operator.py
[2026-03-22T04:15:31.139+0000] {logging_mixin.py:188} INFO - [2026-03-22T04:15:31.138+0000] {dag.py:3096} INFO - Sync 1 DAGs
[2026-03-22T04:15:31.148+0000] {logging_mixin.py:188} INFO - [2026-03-22T04:15:31.148+0000] {dag.py:3954} INFO - Setting next_dagrun for example_bash_operator to 2026-03-21 00:00:00+00:00, run_after=2026-03-22 00:00:00+00:00
[2026-03-22T04:15:31.157+0000] {processor.py:183} INFO - Processing /home/airflow/.local/lib/python3.12/site-packages/airflow/example_dags/example_bash_operator.py took 0.048 seconds
[2026-03-22T04:16:01.723+0000] {processor.py:161} INFO - Started process (PID=843) to work on /home/airflow/.local/lib/python3.12/site-packages/airflow/example_dags/example_bash_operator.py
[2026-03-22T04:16:01.725+0000] {processor.py:830} INFO - Processing file /home/airflow/.local/lib/python3.12/site-packages/airflow/example_dags/example_bash_operator.py for tasks to queue
[2026-03-22T04:16:01.727+0000] {logging_mixin.py:188} INFO - [2026-03-22T04:16:01.727+0000] {dagbag.py:545} INFO - Filling up the DagBag from /home/airflow/.local/lib/python3.12/site-packages/airflow/example_dags/example_bash_operator.py
[2026-03-22T04:16:01.738+0000] {processor.py:840} INFO - DAG(s) 'example_bash_operator' retrieved from /home/airflow/.local/lib/python3.12/site-packages/airflow/example_dags/example_bash_operator.py
[2026-03-22T04:16:01.757+0000] {logging_mixin.py:188} INFO - [2026-03-22T04:16:01.757+0000] {dag.py:3096} INFO - Sync 1 DAGs
[2026-03-22T04:16:01.768+0000] {logging_mixin.py:188} INFO - [2026-03-22T04:16:01.767+0000] {dag.py:3954} INFO - Setting next_dagrun for example_bash_operator to 2026-03-21 00:00:00+00:00, run_after=2026-03-22 00:00:00+00:00
[2026-03-22T04:16:01.775+0000] {processor.py:183} INFO - Processing /home/airflow/.local/lib/python3.12/site-packages/airflow/example_dags/example_bash_operator.py took 0.057 seconds
[2026-03-22T04:17:05.333+0000] {processor.py:161} INFO - Started process (PID=902) to work on /home/airflow/.local/lib/python3.12/site-packages/airflow/example_dags/example_bash_operator.py
[2026-03-22T04:17:05.346+0000] {processor.py:830} INFO - Processing file /home/airflow/.local/lib/python3.12/site-packages/airflow/example_dags/example_bash_operator.py for tasks to queue
[2026-03-22T04:17:05.386+0000] {logging_mixin.py:188} INFO - [2026-03-22T04:17:05.377+0000] {dagbag.py:545} INFO - Filling up the DagBag from /home/airflow/.local/lib/python3.12/site-packages/airflow/example_dags/example_bash_operator.py
[2026-03-22T04:17:05.519+0000] {processor.py:840} INFO - DAG(s) 'example_bash_operator' retrieved from /home/airflow/.local/lib/python3.12/site-packages/airflow/example_dags/example_bash_operator.py
[2026-03-22T04:17:06.089+0000] {logging_mixin.py:188} INFO - [2026-03-22T04:17:06.078+0000] {dag.py:3096} INFO - Sync 1 DAGs
[2026-03-22T04:17:06.345+0000] {logging_mixin.py:188} INFO - [2026-03-22T04:17:06.297+0000] {dag.py:3954} INFO - Setting next_dagrun for example_bash_operator to 2026-03-21 00:00:00+00:00, run_after=2026-03-22 00:00:00+00:00
[2026-03-22T04:17:07.819+0000] {processor.py:183} INFO - Processing /home/airflow/.local/lib/python3.12/site-packages/airflow/example_dags/example_bash_operator.py took 2.546 seconds
[2026-03-22T04:17:42.645+0000] {processor.py:161} INFO - Started process (PID=961) to work on /home/airflow/.local/lib/python3.12/site-packages/airflow/example_dags/example_bash_operator.py
[2026-03-22T04:17:42.648+0000] {processor.py:830} INFO - Processing file /home/airflow/.local/lib/python3.12/site-packages/airflow/example_dags/example_bash_operator.py for tasks to queue
[2026-03-22T04:17:42.672+0000] {logging_mixin.py:188} INFO - [2026-03-22T04:17:42.662+0000] {dagbag.py:545} INFO - Filling up the DagBag from /home/airflow/.local/lib/python3.12/site-packages/airflow/example_dags/example_bash_operator.py
[2026-03-22T04:17:42.717+0000] {processor.py:840} INFO - DAG(s) 'example_bash_operator' retrieved from /home/airflow/.local/lib/python3.12/site-packages/airflow/example_dags/example_bash_operator.py
[2026-03-22T04:17:43.092+0000] {logging_mixin.py:188} INFO - [2026-03-22T04:17:43.084+0000] {dag.py:3096} INFO - Sync 1 DAGs
[2026-03-22T04:17:43.535+0000] {logging_mixin.py:188} INFO - [2026-03-22T04:17:43.503+0000] {dag.py:3954} INFO - Setting next_dagrun for example_bash_operator to 2026-03-21 00:00:00+00:00, run_after=2026-03-22 00:00:00+00:00
[2026-03-22T04:17:43.667+0000] {processor.py:183} INFO - Processing /home/airflow/.local/lib/python3.12/site-packages/airflow/example_dags/example_bash_operator.py took 1.044 seconds
[2026-03-22T04:18:14.632+0000] {processor.py:161} INFO - Started process (PID=1016) to work on /home/airflow/.local/lib/python3.12/site-packages/airflow/example_dags/example_bash_operator.py
[2026-03-22T04:18:14.649+0000] {processor.py:830} INFO - Processing file /home/airflow/.local/lib/python3.12/site-packages/airflow/example_dags/example_bash_operator.py for tasks to queue
[2026-03-22T04:18:14.668+0000] {logging_mixin.py:188} INFO - [2026-03-22T04:18:14.661+0000] {dagbag.py:545} INFO - Filling up the DagBag from /home/airflow/.local/lib/python3.12/site-packages/airflow/example_dags/example_bash_operator.py
[2026-03-22T04:18:14.760+0000] {processor.py:840} INFO - DAG(s) 'example_bash_operator' retrieved from /home/airflow/.local/lib/python3.12/site-packages/airflow/example_dags/example_bash_operator.py
[2026-03-22T04:18:15.313+0000] {logging_mixin.py:188} INFO - [2026-03-22T04:18:15.306+0000] {dag.py:3096} INFO - Sync 1 DAGs
[2026-03-22T04:18:15.981+0000] {logging_mixin.py:188} INFO - [2026-03-22T04:18:15.975+0000] {dag.py:3954} INFO - Setting next_dagrun for example_bash_operator to 2026-03-21 00:00:00+00:00, run_after=2026-03-22 00:00:00+00:00
[2026-03-22T04:18:16.803+0000] {processor.py:183} INFO - Processing /home/airflow/.local/lib/python3.12/site-packages/airflow/example_dags/example_bash_operator.py took 2.215 seconds
[2026-03-22T04:18:47.692+0000] {processor.py:161} INFO - Started process (PID=1073) to work on /home/airflow/.local/lib/python3.12/site-packages/airflow/example_dags/example_bash_operator.py
[2026-03-22T04:18:47.697+0000] {processor.py:830} INFO - Processing file /home/airflow/.local/lib/python3.12/site-packages/airflow/example_dags/example_bash_operator.py for tasks to queue
[2026-03-22T04:18:47.715+0000] {logging_mixin.py:188} INFO - [2026-03-22T04:18:47.713+0000] {dagbag.py:545} INFO - Filling up the DagBag from /home/airflow/.local/lib/python3.12/site-packages/airflow/example_dags/example_bash_operator.py
[2026-03-22T04:18:47.777+0000] {processor.py:840} INFO - DAG(s) 'example_bash_operator' retrieved from /home/airflow/.local/lib/python3.12/site-packages/airflow/example_dags/example_bash_operator.py
[2026-03-22T04:18:47.862+0000] {logging_mixin.py:188} INFO - [2026-03-22T04:18:47.862+0000] {dag.py:3096} INFO - Sync 1 DAGs
[2026-03-22T04:18:47.880+0000] {logging_mixin.py:188} INFO - [2026-03-22T04:18:47.880+0000] {dag.py:3954} INFO - Setting next_dagrun for example_bash_operator to 2026-03-21 00:00:00+00:00, run_after=2026-03-22 00:00:00+00:00
[2026-03-22T04:18:47.897+0000] {processor.py:183} INFO - Processing /home/airflow/.local/lib/python3.12/site-packages/airflow/example_dags/example_bash_operator.py took 0.212 seconds
[2026-03-22T04:19:18.103+0000] {processor.py:161} INFO - Started process (PID=1130) to work on /home/airflow/.local/lib/python3.12/site-packages/airflow/example_dags/example_bash_operator.py
[2026-03-22T04:19:18.106+0000] {processor.py:830} INFO - Processing file /home/airflow/.local/lib/python3.12/site-packages/airflow/example_dags/example_bash_operator.py for tasks to queue
[2026-03-22T04:19:18.113+0000] {logging_mixin.py:188} INFO - [2026-03-22T04:19:18.112+0000] {dagbag.py:545} INFO - Filling up the DagBag from /home/airflow/.local/lib/python3.12/site-packages/airflow/example_dags/example_bash_operator.py
[2026-03-22T04:19:18.136+0000] {processor.py:840} INFO - DAG(s) 'example_bash_operator' retrieved from /home/airflow/.local/lib/python3.12/site-packages/airflow/example_dags/example_bash_operator.py
[2026-03-22T04:19:18.174+0000] {logging_mixin.py:188} INFO - [2026-03-22T04:19:18.174+0000] {dag.py:3096} INFO - Sync 1 DAGs
[2026-03-22T04:19:18.191+0000] {logging_mixin.py:188} INFO - [2026-03-22T04:19:18.190+0000] {dag.py:3954} INFO - Setting next_dagrun for example_bash_operator to 2026-03-21 00:00:00+00:00, run_after=2026-03-22 00:00:00+00:00
[2026-03-22T04:19:18.201+0000] {processor.py:183} INFO - Processing /home/airflow/.local/lib/python3.12/site-packages/airflow/example_dags/example_bash_operator.py took 0.113 seconds
[2026-03-22T04:19:48.325+0000] {processor.py:161} INFO - Started process (PID=1188) to work on /home/airflow/.local/lib/python3.12/site-packages/airflow/example_dags/example_bash_operator.py
[2026-03-22T04:19:48.328+0000] {processor.py:830} INFO - Processing file /home/airflow/.local/lib/python3.12/site-packages/airflow/example_dags/example_bash_operator.py for tasks to queue
[2026-03-22T04:19:48.336+0000] {logging_mixin.py:188} INFO - [2026-03-22T04:19:48.335+0000] {dagbag.py:545} INFO - Filling up the DagBag from /home/airflow/.local/lib/python3.12/site-packages/airflow/example_dags/example_bash_operator.py
[2026-03-22T04:19:48.361+0000] {processor.py:840} INFO - DAG(s) 'example_bash_operator' retrieved from /home/airflow/.local/lib/python3.12/site-packages/airflow/example_dags/example_bash_operator.py
[2026-03-22T04:19:48.397+0000] {logging_mixin.py:188} INFO - [2026-03-22T04:19:48.397+0000] {dag.py:3096} INFO - Sync 1 DAGs
[2026-03-22T04:19:48.425+0000] {logging_mixin.py:188} INFO - [2026-03-22T04:19:48.424+0000] {dag.py:3954} INFO - Setting next_dagrun for example_bash_operator to 2026-03-21 00:00:00+00:00, run_after=2026-03-22 00:00:00+00:00
[2026-03-22T04:19:48.480+0000] {processor.py:183} INFO - Processing /home/airflow/.local/lib/python3.12/site-packages/airflow/example_dags/example_bash_operator.py took 0.179 seconds
[2026-03-22T04:20:19.075+0000] {processor.py:161} INFO - Started process (PID=1246) to work on /home/airflow/.local/lib/python3.12/site-packages/airflow/example_dags/example_bash_operator.py
[2026-03-22T04:20:19.079+0000] {processor.py:830} INFO - Processing file /home/airflow/.local/lib/python3.12/site-packages/airflow/example_dags/example_bash_operator.py for tasks to queue
[2026-03-22T04:20:19.097+0000] {logging_mixin.py:188} INFO - [2026-03-22T04:20:19.095+0000] {dagbag.py:545} INFO - Filling up the DagBag from /home/airflow/.local/lib/python3.12/site-packages/airflow/example_dags/example_bash_operator.py
[2026-03-22T04:20:19.139+0000] {processor.py:840} INFO - DAG(s) 'example_bash_operator' retrieved from /home/airflow/.local/lib/python3.12/site-packages/airflow/example_dags/example_bash_operator.py
[2026-03-22T04:20:19.176+0000] {logging_mixin.py:188} INFO - [2026-03-22T04:20:19.176+0000] {dag.py:3096} INFO - Sync 1 DAGs
[2026-03-22T04:20:19.198+0000] {logging_mixin.py:188} INFO - [2026-03-22T04:20:19.198+0000] {dag.py:3954} INFO - Setting next_dagrun for example_bash_operator to 2026-03-21 00:00:00+00:00, run_after=2026-03-22 00:00:00+00:00
[2026-03-22T04:20:19.214+0000] {processor.py:183} INFO - Processing /home/airflow/.local/lib/python3.12/site-packages/airflow/example_dags/example_bash_operator.py took 0.173 seconds
[2026-03-22T04:20:49.728+0000] {processor.py:161} INFO - Started process (PID=1304) to work on /home/airflow/.local/lib/python3.12/site-packages/airflow/example_dags/example_bash_operator.py
[2026-03-22T04:20:49.730+0000] {processor.py:830} INFO - Processing file /home/airflow/.local/lib/python3.12/site-packages/airflow/example_dags/example_bash_operator.py for tasks to queue
[2026-03-22T04:20:49.740+0000] {logging_mixin.py:188} INFO - [2026-03-22T04:20:49.739+0000] {dagbag.py:545} INFO - Filling up the DagBag from /home/airflow/.local/lib/python3.12/site-packages/airflow/example_dags/example_bash_operator.py
[2026-03-22T04:20:49.759+0000] {processor.py:840} INFO - DAG(s) 'example_bash_operator' retrieved from /home/airflow/.local/lib/python3.12/site-packages/airflow/example_dags/example_bash_operator.py
[2026-03-22T04:20:49.818+0000] {logging_mixin.py:188} INFO - [2026-03-22T04:20:49.818+0000] {dag.py:3096} INFO - Sync 1 DAGs
[2026-03-22T04:20:49.856+0000] {logging_mixin.py:188} INFO - [2026-03-22T04:20:49.856+0000] {dag.py:3954} INFO - Setting next_dagrun for example_bash_operator to 2026-03-21 00:00:00+00:00, run_after=2026-03-22 00:00:00+00:00
[2026-03-22T04:20:49.880+0000] {processor.py:183} INFO - Processing /home/airflow/.local/lib/python3.12/site-packages/airflow/example_dags/example_bash_operator.py took 0.166 seconds
[2026-03-22T04:21:20.698+0000] {processor.py:161} INFO - Started process (PID=1361) to work on /home/airflow/.local/lib/python3.12/site-packages/airflow/example_dags/example_bash_operator.py
[2026-03-22T04:21:20.701+0000] {processor.py:830} INFO - Processing file /home/airflow/.local/lib/python3.12/site-packages/airflow/example_dags/example_bash_operator.py for tasks to queue
[2026-03-22T04:21:20.703+0000] {logging_mixin.py:188} INFO - [2026-03-22T04:21:20.703+0000] {dagbag.py:545} INFO - Filling up the DagBag from /home/airflow/.local/lib/python3.12/site-packages/airflow/example_dags/example_bash_operator.py
[2026-03-22T04:21:20.726+0000] {processor.py:840} INFO - DAG(s) 'example_bash_operator' retrieved from /home/airflow/.local/lib/python3.12/site-packages/airflow/example_dags/example_bash_operator.py
[2026-03-22T04:21:20.762+0000] {logging_mixin.py:188} INFO - [2026-03-22T04:21:20.762+0000] {dag.py:3096} INFO - Sync 1 DAGs
[2026-03-22T04:21:20.784+0000] {logging_mixin.py:188} INFO - [2026-03-22T04:21:20.784+0000] {dag.py:3954} INFO - Setting next_dagrun for example_bash_operator to 2026-03-21 00:00:00+00:00, run_after=2026-03-22 00:00:00+00:00
[2026-03-22T04:21:20.796+0000] {processor.py:183} INFO - Processing /home/airflow/.local/lib/python3.12/site-packages/airflow/example_dags/example_bash_operator.py took 0.134 seconds
[2026-03-22T04:21:51.031+0000] {processor.py:161} INFO - Started process (PID=1419) to work on /home/airflow/.local/lib/python3.12/site-packages/airflow/example_dags/example_bash_operator.py
[2026-03-22T04:21:51.036+0000] {processor.py:830} INFO - Processing file /home/airflow/.local/lib/python3.12/site-packages/airflow/example_dags/example_bash_operator.py for tasks to queue
[2026-03-22T04:21:51.048+0000] {logging_mixin.py:188} INFO - [2026-03-22T04:21:51.047+0000] {dagbag.py:545} INFO - Filling up the DagBag from /home/airflow/.local/lib/python3.12/site-packages/airflow/example_dags/example_bash_operator.py
[2026-03-22T04:21:51.083+0000] {processor.py:840} INFO - DAG(s) 'example_bash_operator' retrieved from /home/airflow/.local/lib/python3.12/site-packages/airflow/example_dags/example_bash_operator.py
[2026-03-22T04:21:51.129+0000] {logging_mixin.py:188} INFO - [2026-03-22T04:21:51.128+0000] {dag.py:3096} INFO - Sync 1 DAGs
[2026-03-22T04:21:51.151+0000] {logging_mixin.py:188} INFO - [2026-03-22T04:21:51.151+0000] {dag.py:3954} INFO - Setting next_dagrun for example_bash_operator to 2026-03-21 00:00:00+00:00, run_after=2026-03-22 00:00:00+00:00
[2026-03-22T04:21:51.162+0000] {processor.py:183} INFO - Processing /home/airflow/.local/lib/python3.12/site-packages/airflow/example_dags/example_bash_operator.py took 0.142 seconds
[2026-03-22T04:23:08.371+0000] {processor.py:161} INFO - Started process (PID=1487) to work on /home/airflow/.local/lib/python3.12/site-packages/airflow/example_dags/example_bash_operator.py
[2026-03-22T04:23:08.373+0000] {processor.py:830} INFO - Processing file /home/airflow/.local/lib/python3.12/site-packages/airflow/example_dags/example_bash_operator.py for tasks to queue
[2026-03-22T04:23:08.377+0000] {logging_mixin.py:188} INFO - [2026-03-22T04:23:08.376+0000] {dagbag.py:545} INFO - Filling up the DagBag from /home/airflow/.local/lib/python3.12/site-packages/airflow/example_dags/example_bash_operator.py
[2026-03-22T04:23:08.396+0000] {processor.py:840} INFO - DAG(s) 'example_bash_operator' retrieved from /home/airflow/.local/lib/python3.12/site-packages/airflow/example_dags/example_bash_operator.py
[2026-03-22T04:23:08.424+0000] {logging_mixin.py:188} INFO - [2026-03-22T04:23:08.424+0000] {dag.py:3096} INFO - Sync 1 DAGs
[2026-03-22T04:23:08.444+0000] {logging_mixin.py:188} INFO - [2026-03-22T04:23:08.444+0000] {dag.py:3954} INFO - Setting next_dagrun for example_bash_operator to 2026-03-21 00:00:00+00:00, run_after=2026-03-22 00:00:00+00:00
[2026-03-22T04:23:08.463+0000] {processor.py:183} INFO - Processing /home/airflow/.local/lib/python3.12/site-packages/airflow/example_dags/example_bash_operator.py took 0.099 seconds
[2026-03-22T04:23:39.925+0000] {processor.py:161} INFO - Started process (PID=1544) to work on /home/airflow/.local/lib/python3.12/site-packages/airflow/example_dags/example_bash_operator.py
[2026-03-22T04:23:39.926+0000] {processor.py:830} INFO - Processing file /home/airflow/.local/lib/python3.12/site-packages/airflow/example_dags/example_bash_operator.py for tasks to queue
[2026-03-22T04:23:39.928+0000] {logging_mixin.py:188} INFO - [2026-03-22T04:23:39.927+0000] {dagbag.py:545} INFO - Filling up the DagBag from /home/airflow/.local/lib/python3.12/site-packages/airflow/example_dags/example_bash_operator.py
[2026-03-22T04:23:39.939+0000] {processor.py:840} INFO - DAG(s) 'example_bash_operator' retrieved from /home/airflow/.local/lib/python3.12/site-packages/airflow/example_dags/example_bash_operator.py
[2026-03-22T04:23:39.958+0000] {logging_mixin.py:188} INFO - [2026-03-22T04:23:39.958+0000] {dag.py:3096} INFO - Sync 1 DAGs
[2026-03-22T04:23:39.989+0000] {logging_mixin.py:188} INFO - [2026-03-22T04:23:39.988+0000] {dag.py:3954} INFO - Setting next_dagrun for example_bash_operator to 2026-03-21 00:00:00+00:00, run_after=2026-03-22 00:00:00+00:00
[2026-03-22T04:23:40.496+0000] {processor.py:183} INFO - Processing /home/airflow/.local/lib/python3.12/site-packages/airflow/example_dags/example_bash_operator.py took 0.576 seconds
[2026-03-22T04:24:10.536+0000] {processor.py:161} INFO - Started process (PID=1602) to work on /home/airflow/.local/lib/python3.12/site-packages/airflow/example_dags/example_bash_operator.py
[2026-03-22T04:24:10.537+0000] {processor.py:830} INFO - Processing file /home/airflow/.local/lib/python3.12/site-packages/airflow/example_dags/example_bash_operator.py for tasks to queue
[2026-03-22T04:24:10.539+0000] {logging_mixin.py:188} INFO - [2026-03-22T04:24:10.539+0000] {dagbag.py:545} INFO - Filling up the DagBag from /home/airflow/.local/lib/python3.12/site-packages/airflow/example_dags/example_bash_operator.py
[2026-03-22T04:24:10.549+0000] {processor.py:840} INFO - DAG(s) 'example_bash_operator' retrieved from /home/airflow/.local/lib/python3.12/site-packages/airflow/example_dags/example_bash_operator.py
[2026-03-22T04:24:10.572+0000] {logging_mixin.py:188} INFO - [2026-03-22T04:24:10.571+0000] {dag.py:3096} INFO - Sync 1 DAGs
[2026-03-22T04:24:10.583+0000] {logging_mixin.py:188} INFO - [2026-03-22T04:24:10.583+0000] {dag.py:3954} INFO - Setting next_dagrun for example_bash_operator to 2026-03-21 00:00:00+00:00, run_after=2026-03-22 00:00:00+00:00
[2026-03-22T04:24:10.589+0000] {processor.py:183} INFO - Processing /home/airflow/.local/lib/python3.12/site-packages/airflow/example_dags/example_bash_operator.py took 0.062 seconds
[2026-03-22T04:25:28.933+0000] {processor.py:161} INFO - Started process (PID=1662) to work on /home/airflow/.local/lib/python3.12/site-packages/airflow/example_dags/example_bash_operator.py
[2026-03-22T04:25:28.937+0000] {processor.py:830} INFO - Processing file /home/airflow/.local/lib/python3.12/site-packages/airflow/example_dags/example_bash_operator.py for tasks to queue
[2026-03-22T04:25:28.942+0000] {logging_mixin.py:188} INFO - [2026-03-22T04:25:28.941+0000] {dagbag.py:545} INFO - Filling up the DagBag from /home/airflow/.local/lib/python3.12/site-packages/airflow/example_dags/example_bash_operator.py
[2026-03-22T04:25:29.027+0000] {processor.py:840} INFO - DAG(s) 'example_bash_operator' retrieved from /home/airflow/.local/lib/python3.12/site-packages/airflow/example_dags/example_bash_operator.py
[2026-03-22T04:25:29.108+0000] {logging_mixin.py:188} INFO - [2026-03-22T04:25:29.108+0000] {dag.py:3096} INFO - Sync 1 DAGs
[2026-03-22T04:25:29.142+0000] {logging_mixin.py:188} INFO - [2026-03-22T04:25:29.142+0000] {dag.py:3954} INFO - Setting next_dagrun for example_bash_operator to 2026-03-21 00:00:00+00:00, run_after=2026-03-22 00:00:00+00:00
[2026-03-22T04:25:29.166+0000] {processor.py:183} INFO - Processing /home/airflow/.local/lib/python3.12/site-packages/airflow/example_dags/example_bash_operator.py took 0.267 seconds
[2026-03-22T04:26:01.166+0000] {processor.py:161} INFO - Started process (PID=1720) to work on /home/airflow/.local/lib/python3.12/site-packages/airflow/example_dags/example_bash_operator.py
[2026-03-22T04:26:01.184+0000] {processor.py:830} INFO - Processing file /home/airflow/.local/lib/python3.12/site-packages/airflow/example_dags/example_bash_operator.py for tasks to queue
[2026-03-22T04:26:01.223+0000] {logging_mixin.py:188} INFO - [2026-03-22T04:26:01.208+0000] {dagbag.py:545} INFO - Filling up the DagBag from /home/airflow/.local/lib/python3.12/site-packages/airflow/example_dags/example_bash_operator.py
[2026-03-22T04:26:01.404+0000] {processor.py:840} INFO - DAG(s) 'example_bash_operator' retrieved from /home/airflow/.local/lib/python3.12/site-packages/airflow/example_dags/example_bash_operator.py
[2026-03-22T04:26:01.871+0000] {logging_mixin.py:188} INFO - [2026-03-22T04:26:01.860+0000] {dag.py:3096} INFO - Sync 1 DAGs
[2026-03-22T04:26:02.023+0000] {logging_mixin.py:188} INFO - [2026-03-22T04:26:02.023+0000] {dag.py:3954} INFO - Setting next_dagrun for example_bash_operator to 2026-03-21 00:00:00+00:00, run_after=2026-03-22 00:00:00+00:00
[2026-03-22T04:26:02.454+0000] {processor.py:183} INFO - Processing /home/airflow/.local/lib/python3.12/site-packages/airflow/example_dags/example_bash_operator.py took 1.344 seconds
[2026-03-22T04:29:37.971+0000] {processor.py:161} INFO - Started process (PID=1785) to work on /home/airflow/.local/lib/python3.12/site-packages/airflow/example_dags/example_bash_operator.py
[2026-03-22T04:29:38.088+0000] {processor.py:830} INFO - Processing file /home/airflow/.local/lib/python3.12/site-packages/airflow/example_dags/example_bash_operator.py for tasks to queue
[2026-03-22T04:29:38.162+0000] {logging_mixin.py:188} INFO - [2026-03-22T04:29:38.126+0000] {dagbag.py:545} INFO - Filling up the DagBag from /home/airflow/.local/lib/python3.12/site-packages/airflow/example_dags/example_bash_operator.py
[2026-03-22T04:29:38.741+0000] {processor.py:840} INFO - DAG(s) 'example_bash_operator' retrieved from /home/airflow/.local/lib/python3.12/site-packages/airflow/example_dags/example_bash_operator.py
[2026-03-22T04:29:41.817+0000] {logging_mixin.py:188} INFO - [2026-03-22T04:29:41.760+0000] {dag.py:3096} INFO - Sync 1 DAGs
[2026-03-22T04:29:43.077+0000] {logging_mixin.py:188} INFO - [2026-03-22T04:29:42.933+0000] {dag.py:3954} INFO - Setting next_dagrun for example_bash_operator to 2026-03-21 00:00:00+00:00, run_after=2026-03-22 00:00:00+00:00
[2026-03-22T04:29:50.048+0000] {processor.py:183} INFO - Processing /home/airflow/.local/lib/python3.12/site-packages/airflow/example_dags/example_bash_operator.py took 12.554 seconds
[2026-03-22T04:35:08.990+0000] {processor.py:161} INFO - Started process (PID=1872) to work on /home/airflow/.local/lib/python3.12/site-packages/airflow/example_dags/example_bash_operator.py
[2026-03-22T04:35:09.010+0000] {processor.py:830} INFO - Processing file /home/airflow/.local/lib/python3.12/site-packages/airflow/example_dags/example_bash_operator.py for tasks to queue
[2026-03-22T04:35:09.078+0000] {logging_mixin.py:188} INFO - [2026-03-22T04:35:09.049+0000] {dagbag.py:545} INFO - Filling up the DagBag from /home/airflow/.local/lib/python3.12/site-packages/airflow/example_dags/example_bash_operator.py
[2026-03-22T04:35:09.518+0000] {processor.py:840} INFO - DAG(s) 'example_bash_operator' retrieved from /home/airflow/.local/lib/python3.12/site-packages/airflow/example_dags/example_bash_operator.py
[2026-03-22T04:35:11.013+0000] {logging_mixin.py:188} INFO - [2026-03-22T04:35:10.998+0000] {dag.py:3096} INFO - Sync 1 DAGs
[2026-03-22T04:35:12.034+0000] {logging_mixin.py:188} INFO - [2026-03-22T04:35:11.962+0000] {dag.py:3954} INFO - Setting next_dagrun for example_bash_operator to 2026-03-21 00:00:00+00:00, run_after=2026-03-22 00:00:00+00:00
[2026-03-22T04:35:13.437+0000] {processor.py:183} INFO - Processing /home/airflow/.local/lib/python3.12/site-packages/airflow/example_dags/example_bash_operator.py took 4.681 seconds
[2026-03-22T04:38:29.093+0000] {processor.py:161} INFO - Started process (PID=1939) to work on /home/airflow/.local/lib/python3.12/site-packages/airflow/example_dags/example_bash_operator.py
[2026-03-22T04:38:29.106+0000] {processor.py:830} INFO - Processing file /home/airflow/.local/lib/python3.12/site-packages/airflow/example_dags/example_bash_operator.py for tasks to queue
[2026-03-22T04:38:29.153+0000] {logging_mixin.py:188} INFO - [2026-03-22T04:38:29.147+0000] {dagbag.py:545} INFO - Filling up the DagBag from /home/airflow/.local/lib/python3.12/site-packages/airflow/example_dags/example_bash_operator.py
[2026-03-22T04:38:29.600+0000] {processor.py:840} INFO - DAG(s) 'example_bash_operator' retrieved from /home/airflow/.local/lib/python3.12/site-packages/airflow/example_dags/example_bash_operator.py
[2026-03-22T04:38:30.749+0000] {logging_mixin.py:188} INFO - [2026-03-22T04:38:30.731+0000] {dag.py:3096} INFO - Sync 1 DAGs
[2026-03-22T04:38:31.140+0000] {logging_mixin.py:188} INFO - [2026-03-22T04:38:31.136+0000] {dag.py:3954} INFO - Setting next_dagrun for example_bash_operator to 2026-03-21 00:00:00+00:00, run_after=2026-03-22 00:00:00+00:00
[2026-03-22T04:38:31.315+0000] {processor.py:183} INFO - Processing /home/airflow/.local/lib/python3.12/site-packages/airflow/example_dags/example_bash_operator.py took 2.254 seconds
[2026-03-22T04:39:59.373+0000] {processor.py:161} INFO - Started process (PID=2018) to work on /home/airflow/.local/lib/python3.12/site-packages/airflow/example_dags/example_bash_operator.py
[2026-03-22T04:39:59.394+0000] {processor.py:830} INFO - Processing file /home/airflow/.local/lib/python3.12/site-packages/airflow/example_dags/example_bash_operator.py for tasks to queue
[2026-03-22T04:39:59.636+0000] {logging_mixin.py:188} INFO - [2026-03-22T04:39:59.604+0000] {dagbag.py:545} INFO - Filling up the DagBag from /home/airflow/.local/lib/python3.12/site-packages/airflow/example_dags/example_bash_operator.py
[2026-03-22T04:40:00.282+0000] {processor.py:840} INFO - DAG(s) 'example_bash_operator' retrieved from /home/airflow/.local/lib/python3.12/site-packages/airflow/example_dags/example_bash_operator.py
[2026-03-22T04:40:00.876+0000] {logging_mixin.py:188} INFO - [2026-03-22T04:40:00.873+0000] {dag.py:3096} INFO - Sync 1 DAGs
[2026-03-22T04:40:01.220+0000] {logging_mixin.py:188} INFO - [2026-03-22T04:40:01.212+0000] {dag.py:3954} INFO - Setting next_dagrun for example_bash_operator to 2026-03-21 00:00:00+00:00, run_after=2026-03-22 00:00:00+00:00
[2026-03-22T04:40:01.525+0000] {processor.py:183} INFO - Processing /home/airflow/.local/lib/python3.12/site-packages/airflow/example_dags/example_bash_operator.py took 2.282 seconds
[2026-03-22T04:41:08.245+0000] {processor.py:161} INFO - Started process (PID=2086) to work on /home/airflow/.local/lib/python3.12/site-packages/airflow/example_dags/example_bash_operator.py
[2026-03-22T04:41:08.281+0000] {processor.py:830} INFO - Processing file /home/airflow/.local/lib/python3.12/site-packages/airflow/example_dags/example_bash_operator.py for tasks to queue
[2026-03-22T04:41:08.300+0000] {logging_mixin.py:188} INFO - [2026-03-22T04:41:08.298+0000] {dagbag.py:545} INFO - Filling up the DagBag from /home/airflow/.local/lib/python3.12/site-packages/airflow/example_dags/example_bash_operator.py
[2026-03-22T04:41:08.617+0000] {processor.py:840} INFO - DAG(s) 'example_bash_operator' retrieved from /home/airflow/.local/lib/python3.12/site-packages/airflow/example_dags/example_bash_operator.py
[2026-03-22T04:41:09.352+0000] {logging_mixin.py:188} INFO - [2026-03-22T04:41:09.347+0000] {dag.py:3096} INFO - Sync 1 DAGs
[2026-03-22T04:41:09.665+0000] {logging_mixin.py:188} INFO - [2026-03-22T04:41:09.662+0000] {dag.py:3954} INFO - Setting next_dagrun for example_bash_operator to 2026-03-21 00:00:00+00:00, run_after=2026-03-22 00:00:00+00:00
[2026-03-22T04:41:10.218+0000] {processor.py:183} INFO - Processing /home/airflow/.local/lib/python3.12/site-packages/airflow/example_dags/example_bash_operator.py took 2.023 seconds
[2026-03-22T04:42:13.869+0000] {processor.py:161} INFO - Started process (PID=2159) to work on /home/airflow/.local/lib/python3.12/site-packages/airflow/example_dags/example_bash_operator.py
[2026-03-22T04:42:13.882+0000] {processor.py:830} INFO - Processing file /home/airflow/.local/lib/python3.12/site-packages/airflow/example_dags/example_bash_operator.py for tasks to queue
[2026-03-22T04:42:13.899+0000] {logging_mixin.py:188} INFO - [2026-03-22T04:42:13.897+0000] {dagbag.py:545} INFO - Filling up the DagBag from /home/airflow/.local/lib/python3.12/site-packages/airflow/example_dags/example_bash_operator.py
[2026-03-22T04:42:13.974+0000] {processor.py:840} INFO - DAG(s) 'example_bash_operator' retrieved from /home/airflow/.local/lib/python3.12/site-packages/airflow/example_dags/example_bash_operator.py
[2026-03-22T04:42:14.154+0000] {logging_mixin.py:188} INFO - [2026-03-22T04:42:14.153+0000] {dag.py:3096} INFO - Sync 1 DAGs
[2026-03-22T04:42:14.356+0000] {logging_mixin.py:188} INFO - [2026-03-22T04:42:14.340+0000] {dag.py:3954} INFO - Setting next_dagrun for example_bash_operator to 2026-03-21 00:00:00+00:00, run_after=2026-03-22 00:00:00+00:00
[2026-03-22T04:42:14.666+0000] {processor.py:183} INFO - Processing /home/airflow/.local/lib/python3.12/site-packages/airflow/example_dags/example_bash_operator.py took 0.847 seconds
[2026-03-22T04:42:45.301+0000] {processor.py:161} INFO - Started process (PID=2217) to work on /home/airflow/.local/lib/python3.12/site-packages/airflow/example_dags/example_bash_operator.py
[2026-03-22T04:42:45.303+0000] {processor.py:830} INFO - Processing file /home/airflow/.local/lib/python3.12/site-packages/airflow/example_dags/example_bash_operator.py for tasks to queue
[2026-03-22T04:42:45.307+0000] {logging_mixin.py:188} INFO - [2026-03-22T04:42:45.306+0000] {dagbag.py:545} INFO - Filling up the DagBag from /home/airflow/.local/lib/python3.12/site-packages/airflow/example_dags/example_bash_operator.py
[2026-03-22T04:42:45.332+0000] {processor.py:840} INFO - DAG(s) 'example_bash_operator' retrieved from /home/airflow/.local/lib/python3.12/site-packages/airflow/example_dags/example_bash_operator.py
[2026-03-22T04:42:45.384+0000] {logging_mixin.py:188} INFO - [2026-03-22T04:42:45.383+0000] {dag.py:3096} INFO - Sync 1 DAGs
[2026-03-22T04:42:45.480+0000] {logging_mixin.py:188} INFO - [2026-03-22T04:42:45.480+0000] {dag.py:3954} INFO - Setting next_dagrun for example_bash_operator to 2026-03-21 00:00:00+00:00, run_after=2026-03-22 00:00:00+00:00
[2026-03-22T04:42:45.514+0000] {processor.py:183} INFO - Processing /home/airflow/.local/lib/python3.12/site-packages/airflow/example_dags/example_bash_operator.py took 0.223 seconds
