[2026-03-22T04:09:23.279+0000] {processor.py:161} INFO - Started process (PID=97) to work on /home/airflow/.local/lib/python3.12/site-packages/airflow/example_dags/example_task_group.py
[2026-03-22T04:09:23.280+0000] {processor.py:830} INFO - Processing file /home/airflow/.local/lib/python3.12/site-packages/airflow/example_dags/example_task_group.py for tasks to queue
[2026-03-22T04:09:23.281+0000] {logging_mixin.py:188} INFO - [2026-03-22T04:09:23.281+0000] {dagbag.py:545} INFO - Filling up the DagBag from /home/airflow/.local/lib/python3.12/site-packages/airflow/example_dags/example_task_group.py
[2026-03-22T04:09:23.287+0000] {processor.py:840} INFO - DAG(s) 'example_task_group' retrieved from /home/airflow/.local/lib/python3.12/site-packages/airflow/example_dags/example_task_group.py
[2026-03-22T04:09:23.351+0000] {logging_mixin.py:188} INFO - [2026-03-22T04:09:23.351+0000] {dag.py:3096} INFO - Sync 1 DAGs
[2026-03-22T04:09:23.369+0000] {logging_mixin.py:188} INFO - [2026-03-22T04:09:23.369+0000] {dag.py:3954} INFO - Setting next_dagrun for example_task_group to 2026-03-21 00:00:00+00:00, run_after=2026-03-22 00:00:00+00:00
[2026-03-22T04:09:23.388+0000] {processor.py:183} INFO - Processing /home/airflow/.local/lib/python3.12/site-packages/airflow/example_dags/example_task_group.py took 0.112 seconds
[2026-03-22T04:09:54.281+0000] {processor.py:161} INFO - Started process (PID=155) to work on /home/airflow/.local/lib/python3.12/site-packages/airflow/example_dags/example_task_group.py
[2026-03-22T04:09:54.281+0000] {processor.py:830} INFO - Processing file /home/airflow/.local/lib/python3.12/site-packages/airflow/example_dags/example_task_group.py for tasks to queue
[2026-03-22T04:09:54.286+0000] {logging_mixin.py:188} INFO - [2026-03-22T04:09:54.285+0000] {dagbag.py:545} INFO - Filling up the DagBag from /home/airflow/.local/lib/python3.12/site-packages/airflow/example_dags/example_task_group.py
[2026-03-22T04:09:54.291+0000] {processor.py:840} INFO - DAG(s) 'example_task_group' retrieved from /home/airflow/.local/lib/python3.12/site-packages/airflow/example_dags/example_task_group.py
[2026-03-22T04:09:54.306+0000] {logging_mixin.py:188} INFO - [2026-03-22T04:09:54.306+0000] {dag.py:3096} INFO - Sync 1 DAGs
[2026-03-22T04:09:54.327+0000] {logging_mixin.py:188} INFO - [2026-03-22T04:09:54.327+0000] {dag.py:3954} INFO - Setting next_dagrun for example_task_group to 2026-03-21 00:00:00+00:00, run_after=2026-03-22 00:00:00+00:00
[2026-03-22T04:09:54.342+0000] {processor.py:183} INFO - Processing /home/airflow/.local/lib/python3.12/site-packages/airflow/example_dags/example_task_group.py took 0.064 seconds
[2026-03-22T04:10:25.147+0000] {processor.py:161} INFO - Started process (PID=213) to work on /home/airflow/.local/lib/python3.12/site-packages/airflow/example_dags/example_task_group.py
[2026-03-22T04:10:25.147+0000] {processor.py:830} INFO - Processing file /home/airflow/.local/lib/python3.12/site-packages/airflow/example_dags/example_task_group.py for tasks to queue
[2026-03-22T04:10:25.148+0000] {logging_mixin.py:188} INFO - [2026-03-22T04:10:25.148+0000] {dagbag.py:545} INFO - Filling up the DagBag from /home/airflow/.local/lib/python3.12/site-packages/airflow/example_dags/example_task_group.py
[2026-03-22T04:10:25.151+0000] {processor.py:840} INFO - DAG(s) 'example_task_group' retrieved from /home/airflow/.local/lib/python3.12/site-packages/airflow/example_dags/example_task_group.py
[2026-03-22T04:10:25.160+0000] {logging_mixin.py:188} INFO - [2026-03-22T04:10:25.160+0000] {dag.py:3096} INFO - Sync 1 DAGs
[2026-03-22T04:10:25.168+0000] {logging_mixin.py:188} INFO - [2026-03-22T04:10:25.168+0000] {dag.py:3954} INFO - Setting next_dagrun for example_task_group to 2026-03-21 00:00:00+00:00, run_after=2026-03-22 00:00:00+00:00
[2026-03-22T04:10:25.174+0000] {processor.py:183} INFO - Processing /home/airflow/.local/lib/python3.12/site-packages/airflow/example_dags/example_task_group.py took 0.030 seconds
[2026-03-22T04:10:55.695+0000] {processor.py:161} INFO - Started process (PID=271) to work on /home/airflow/.local/lib/python3.12/site-packages/airflow/example_dags/example_task_group.py
[2026-03-22T04:10:55.695+0000] {processor.py:830} INFO - Processing file /home/airflow/.local/lib/python3.12/site-packages/airflow/example_dags/example_task_group.py for tasks to queue
[2026-03-22T04:10:55.699+0000] {logging_mixin.py:188} INFO - [2026-03-22T04:10:55.699+0000] {dagbag.py:545} INFO - Filling up the DagBag from /home/airflow/.local/lib/python3.12/site-packages/airflow/example_dags/example_task_group.py
[2026-03-22T04:10:55.703+0000] {processor.py:840} INFO - DAG(s) 'example_task_group' retrieved from /home/airflow/.local/lib/python3.12/site-packages/airflow/example_dags/example_task_group.py
[2026-03-22T04:10:55.712+0000] {logging_mixin.py:188} INFO - [2026-03-22T04:10:55.712+0000] {dag.py:3096} INFO - Sync 1 DAGs
[2026-03-22T04:10:55.725+0000] {logging_mixin.py:188} INFO - [2026-03-22T04:10:55.725+0000] {dag.py:3954} INFO - Setting next_dagrun for example_task_group to 2026-03-21 00:00:00+00:00, run_after=2026-03-22 00:00:00+00:00
[2026-03-22T04:10:55.736+0000] {processor.py:183} INFO - Processing /home/airflow/.local/lib/python3.12/site-packages/airflow/example_dags/example_task_group.py took 0.044 seconds
[2026-03-22T04:11:26.677+0000] {processor.py:161} INFO - Started process (PID=329) to work on /home/airflow/.local/lib/python3.12/site-packages/airflow/example_dags/example_task_group.py
[2026-03-22T04:11:26.678+0000] {processor.py:830} INFO - Processing file /home/airflow/.local/lib/python3.12/site-packages/airflow/example_dags/example_task_group.py for tasks to queue
[2026-03-22T04:11:26.680+0000] {logging_mixin.py:188} INFO - [2026-03-22T04:11:26.679+0000] {dagbag.py:545} INFO - Filling up the DagBag from /home/airflow/.local/lib/python3.12/site-packages/airflow/example_dags/example_task_group.py
[2026-03-22T04:11:26.689+0000] {processor.py:840} INFO - DAG(s) 'example_task_group' retrieved from /home/airflow/.local/lib/python3.12/site-packages/airflow/example_dags/example_task_group.py
[2026-03-22T04:11:26.722+0000] {logging_mixin.py:188} INFO - [2026-03-22T04:11:26.721+0000] {dag.py:3096} INFO - Sync 1 DAGs
[2026-03-22T04:11:26.733+0000] {logging_mixin.py:188} INFO - [2026-03-22T04:11:26.733+0000] {dag.py:3954} INFO - Setting next_dagrun for example_task_group to 2026-03-21 00:00:00+00:00, run_after=2026-03-22 00:00:00+00:00
[2026-03-22T04:11:26.748+0000] {processor.py:183} INFO - Processing /home/airflow/.local/lib/python3.12/site-packages/airflow/example_dags/example_task_group.py took 0.077 seconds
[2026-03-22T04:11:56.848+0000] {processor.py:161} INFO - Started process (PID=387) to work on /home/airflow/.local/lib/python3.12/site-packages/airflow/example_dags/example_task_group.py
[2026-03-22T04:11:56.849+0000] {processor.py:830} INFO - Processing file /home/airflow/.local/lib/python3.12/site-packages/airflow/example_dags/example_task_group.py for tasks to queue
[2026-03-22T04:11:56.853+0000] {logging_mixin.py:188} INFO - [2026-03-22T04:11:56.853+0000] {dagbag.py:545} INFO - Filling up the DagBag from /home/airflow/.local/lib/python3.12/site-packages/airflow/example_dags/example_task_group.py
[2026-03-22T04:11:56.857+0000] {processor.py:840} INFO - DAG(s) 'example_task_group' retrieved from /home/airflow/.local/lib/python3.12/site-packages/airflow/example_dags/example_task_group.py
[2026-03-22T04:11:56.866+0000] {logging_mixin.py:188} INFO - [2026-03-22T04:11:56.866+0000] {dag.py:3096} INFO - Sync 1 DAGs
[2026-03-22T04:11:56.877+0000] {logging_mixin.py:188} INFO - [2026-03-22T04:11:56.876+0000] {dag.py:3954} INFO - Setting next_dagrun for example_task_group to 2026-03-21 00:00:00+00:00, run_after=2026-03-22 00:00:00+00:00
[2026-03-22T04:11:56.886+0000] {processor.py:183} INFO - Processing /home/airflow/.local/lib/python3.12/site-packages/airflow/example_dags/example_task_group.py took 0.041 seconds
[2026-03-22T04:12:27.877+0000] {processor.py:161} INFO - Started process (PID=445) to work on /home/airflow/.local/lib/python3.12/site-packages/airflow/example_dags/example_task_group.py
[2026-03-22T04:12:27.880+0000] {processor.py:830} INFO - Processing file /home/airflow/.local/lib/python3.12/site-packages/airflow/example_dags/example_task_group.py for tasks to queue
[2026-03-22T04:12:27.883+0000] {logging_mixin.py:188} INFO - [2026-03-22T04:12:27.882+0000] {dagbag.py:545} INFO - Filling up the DagBag from /home/airflow/.local/lib/python3.12/site-packages/airflow/example_dags/example_task_group.py
[2026-03-22T04:12:27.888+0000] {processor.py:840} INFO - DAG(s) 'example_task_group' retrieved from /home/airflow/.local/lib/python3.12/site-packages/airflow/example_dags/example_task_group.py
[2026-03-22T04:12:27.914+0000] {logging_mixin.py:188} INFO - [2026-03-22T04:12:27.914+0000] {dag.py:3096} INFO - Sync 1 DAGs
[2026-03-22T04:12:27.936+0000] {logging_mixin.py:188} INFO - [2026-03-22T04:12:27.936+0000] {dag.py:3954} INFO - Setting next_dagrun for example_task_group to 2026-03-21 00:00:00+00:00, run_after=2026-03-22 00:00:00+00:00
[2026-03-22T04:12:27.946+0000] {processor.py:183} INFO - Processing /home/airflow/.local/lib/python3.12/site-packages/airflow/example_dags/example_task_group.py took 0.075 seconds
[2026-03-22T04:12:59.039+0000] {processor.py:161} INFO - Started process (PID=503) to work on /home/airflow/.local/lib/python3.12/site-packages/airflow/example_dags/example_task_group.py
[2026-03-22T04:12:59.043+0000] {processor.py:830} INFO - Processing file /home/airflow/.local/lib/python3.12/site-packages/airflow/example_dags/example_task_group.py for tasks to queue
[2026-03-22T04:12:59.052+0000] {logging_mixin.py:188} INFO - [2026-03-22T04:12:59.051+0000] {dagbag.py:545} INFO - Filling up the DagBag from /home/airflow/.local/lib/python3.12/site-packages/airflow/example_dags/example_task_group.py
[2026-03-22T04:12:59.077+0000] {processor.py:840} INFO - DAG(s) 'example_task_group' retrieved from /home/airflow/.local/lib/python3.12/site-packages/airflow/example_dags/example_task_group.py
[2026-03-22T04:12:59.136+0000] {logging_mixin.py:188} INFO - [2026-03-22T04:12:59.136+0000] {dag.py:3096} INFO - Sync 1 DAGs
[2026-03-22T04:12:59.182+0000] {logging_mixin.py:188} INFO - [2026-03-22T04:12:59.182+0000] {dag.py:3954} INFO - Setting next_dagrun for example_task_group to 2026-03-21 00:00:00+00:00, run_after=2026-03-22 00:00:00+00:00
[2026-03-22T04:12:59.225+0000] {processor.py:183} INFO - Processing /home/airflow/.local/lib/python3.12/site-packages/airflow/example_dags/example_task_group.py took 0.202 seconds
[2026-03-22T04:13:29.886+0000] {processor.py:161} INFO - Started process (PID=561) to work on /home/airflow/.local/lib/python3.12/site-packages/airflow/example_dags/example_task_group.py
[2026-03-22T04:13:29.887+0000] {processor.py:830} INFO - Processing file /home/airflow/.local/lib/python3.12/site-packages/airflow/example_dags/example_task_group.py for tasks to queue
[2026-03-22T04:13:29.889+0000] {logging_mixin.py:188} INFO - [2026-03-22T04:13:29.889+0000] {dagbag.py:545} INFO - Filling up the DagBag from /home/airflow/.local/lib/python3.12/site-packages/airflow/example_dags/example_task_group.py
[2026-03-22T04:13:29.898+0000] {processor.py:840} INFO - DAG(s) 'example_task_group' retrieved from /home/airflow/.local/lib/python3.12/site-packages/airflow/example_dags/example_task_group.py
[2026-03-22T04:13:29.917+0000] {logging_mixin.py:188} INFO - [2026-03-22T04:13:29.917+0000] {dag.py:3096} INFO - Sync 1 DAGs
[2026-03-22T04:13:29.932+0000] {logging_mixin.py:188} INFO - [2026-03-22T04:13:29.931+0000] {dag.py:3954} INFO - Setting next_dagrun for example_task_group to 2026-03-21 00:00:00+00:00, run_after=2026-03-22 00:00:00+00:00
[2026-03-22T04:13:29.943+0000] {processor.py:183} INFO - Processing /home/airflow/.local/lib/python3.12/site-packages/airflow/example_dags/example_task_group.py took 0.065 seconds
[2026-03-22T04:14:00.535+0000] {processor.py:161} INFO - Started process (PID=619) to work on /home/airflow/.local/lib/python3.12/site-packages/airflow/example_dags/example_task_group.py
[2026-03-22T04:14:00.536+0000] {processor.py:830} INFO - Processing file /home/airflow/.local/lib/python3.12/site-packages/airflow/example_dags/example_task_group.py for tasks to queue
[2026-03-22T04:14:00.540+0000] {logging_mixin.py:188} INFO - [2026-03-22T04:14:00.540+0000] {dagbag.py:545} INFO - Filling up the DagBag from /home/airflow/.local/lib/python3.12/site-packages/airflow/example_dags/example_task_group.py
[2026-03-22T04:14:00.551+0000] {processor.py:840} INFO - DAG(s) 'example_task_group' retrieved from /home/airflow/.local/lib/python3.12/site-packages/airflow/example_dags/example_task_group.py
[2026-03-22T04:14:00.581+0000] {logging_mixin.py:188} INFO - [2026-03-22T04:14:00.580+0000] {dag.py:3096} INFO - Sync 1 DAGs
[2026-03-22T04:14:00.616+0000] {logging_mixin.py:188} INFO - [2026-03-22T04:14:00.616+0000] {dag.py:3954} INFO - Setting next_dagrun for example_task_group to 2026-03-21 00:00:00+00:00, run_after=2026-03-22 00:00:00+00:00
[2026-03-22T04:14:00.644+0000] {processor.py:183} INFO - Processing /home/airflow/.local/lib/python3.12/site-packages/airflow/example_dags/example_task_group.py took 0.118 seconds
[2026-03-22T04:14:30.830+0000] {processor.py:161} INFO - Started process (PID=676) to work on /home/airflow/.local/lib/python3.12/site-packages/airflow/example_dags/example_task_group.py
[2026-03-22T04:14:30.833+0000] {processor.py:830} INFO - Processing file /home/airflow/.local/lib/python3.12/site-packages/airflow/example_dags/example_task_group.py for tasks to queue
[2026-03-22T04:14:30.834+0000] {logging_mixin.py:188} INFO - [2026-03-22T04:14:30.834+0000] {dagbag.py:545} INFO - Filling up the DagBag from /home/airflow/.local/lib/python3.12/site-packages/airflow/example_dags/example_task_group.py
[2026-03-22T04:14:30.841+0000] {processor.py:840} INFO - DAG(s) 'example_task_group' retrieved from /home/airflow/.local/lib/python3.12/site-packages/airflow/example_dags/example_task_group.py
[2026-03-22T04:14:30.866+0000] {logging_mixin.py:188} INFO - [2026-03-22T04:14:30.865+0000] {dag.py:3096} INFO - Sync 1 DAGs
[2026-03-22T04:14:30.887+0000] {logging_mixin.py:188} INFO - [2026-03-22T04:14:30.886+0000] {dag.py:3954} INFO - Setting next_dagrun for example_task_group to 2026-03-21 00:00:00+00:00, run_after=2026-03-22 00:00:00+00:00
[2026-03-22T04:14:30.898+0000] {processor.py:183} INFO - Processing /home/airflow/.local/lib/python3.12/site-packages/airflow/example_dags/example_task_group.py took 0.074 seconds
[2026-03-22T04:15:01.133+0000] {processor.py:161} INFO - Started process (PID=735) to work on /home/airflow/.local/lib/python3.12/site-packages/airflow/example_dags/example_task_group.py
[2026-03-22T04:15:01.134+0000] {processor.py:830} INFO - Processing file /home/airflow/.local/lib/python3.12/site-packages/airflow/example_dags/example_task_group.py for tasks to queue
[2026-03-22T04:15:01.135+0000] {logging_mixin.py:188} INFO - [2026-03-22T04:15:01.135+0000] {dagbag.py:545} INFO - Filling up the DagBag from /home/airflow/.local/lib/python3.12/site-packages/airflow/example_dags/example_task_group.py
[2026-03-22T04:15:01.141+0000] {processor.py:840} INFO - DAG(s) 'example_task_group' retrieved from /home/airflow/.local/lib/python3.12/site-packages/airflow/example_dags/example_task_group.py
[2026-03-22T04:15:01.158+0000] {logging_mixin.py:188} INFO - [2026-03-22T04:15:01.157+0000] {dag.py:3096} INFO - Sync 1 DAGs
[2026-03-22T04:15:01.168+0000] {logging_mixin.py:188} INFO - [2026-03-22T04:15:01.168+0000] {dag.py:3954} INFO - Setting next_dagrun for example_task_group to 2026-03-21 00:00:00+00:00, run_after=2026-03-22 00:00:00+00:00
[2026-03-22T04:15:01.178+0000] {processor.py:183} INFO - Processing /home/airflow/.local/lib/python3.12/site-packages/airflow/example_dags/example_task_group.py took 0.051 seconds
[2026-03-22T04:15:31.613+0000] {processor.py:161} INFO - Started process (PID=793) to work on /home/airflow/.local/lib/python3.12/site-packages/airflow/example_dags/example_task_group.py
[2026-03-22T04:15:31.614+0000] {processor.py:830} INFO - Processing file /home/airflow/.local/lib/python3.12/site-packages/airflow/example_dags/example_task_group.py for tasks to queue
[2026-03-22T04:15:31.615+0000] {logging_mixin.py:188} INFO - [2026-03-22T04:15:31.615+0000] {dagbag.py:545} INFO - Filling up the DagBag from /home/airflow/.local/lib/python3.12/site-packages/airflow/example_dags/example_task_group.py
[2026-03-22T04:15:31.619+0000] {processor.py:840} INFO - DAG(s) 'example_task_group' retrieved from /home/airflow/.local/lib/python3.12/site-packages/airflow/example_dags/example_task_group.py
[2026-03-22T04:15:31.630+0000] {logging_mixin.py:188} INFO - [2026-03-22T04:15:31.629+0000] {dag.py:3096} INFO - Sync 1 DAGs
[2026-03-22T04:15:31.639+0000] {logging_mixin.py:188} INFO - [2026-03-22T04:15:31.639+0000] {dag.py:3954} INFO - Setting next_dagrun for example_task_group to 2026-03-21 00:00:00+00:00, run_after=2026-03-22 00:00:00+00:00
[2026-03-22T04:15:31.646+0000] {processor.py:183} INFO - Processing /home/airflow/.local/lib/python3.12/site-packages/airflow/example_dags/example_task_group.py took 0.037 seconds
[2026-03-22T04:16:02.074+0000] {processor.py:161} INFO - Started process (PID=851) to work on /home/airflow/.local/lib/python3.12/site-packages/airflow/example_dags/example_task_group.py
[2026-03-22T04:16:02.075+0000] {processor.py:830} INFO - Processing file /home/airflow/.local/lib/python3.12/site-packages/airflow/example_dags/example_task_group.py for tasks to queue
[2026-03-22T04:16:02.076+0000] {logging_mixin.py:188} INFO - [2026-03-22T04:16:02.076+0000] {dagbag.py:545} INFO - Filling up the DagBag from /home/airflow/.local/lib/python3.12/site-packages/airflow/example_dags/example_task_group.py
[2026-03-22T04:16:02.081+0000] {processor.py:840} INFO - DAG(s) 'example_task_group' retrieved from /home/airflow/.local/lib/python3.12/site-packages/airflow/example_dags/example_task_group.py
[2026-03-22T04:16:02.096+0000] {logging_mixin.py:188} INFO - [2026-03-22T04:16:02.096+0000] {dag.py:3096} INFO - Sync 1 DAGs
[2026-03-22T04:16:02.108+0000] {logging_mixin.py:188} INFO - [2026-03-22T04:16:02.108+0000] {dag.py:3954} INFO - Setting next_dagrun for example_task_group to 2026-03-21 00:00:00+00:00, run_after=2026-03-22 00:00:00+00:00
[2026-03-22T04:16:02.116+0000] {processor.py:183} INFO - Processing /home/airflow/.local/lib/python3.12/site-packages/airflow/example_dags/example_task_group.py took 0.045 seconds
[2026-03-22T04:17:30.858+0000] {processor.py:161} INFO - Started process (PID=916) to work on /home/airflow/.local/lib/python3.12/site-packages/airflow/example_dags/example_task_group.py
[2026-03-22T04:17:30.885+0000] {processor.py:830} INFO - Processing file /home/airflow/.local/lib/python3.12/site-packages/airflow/example_dags/example_task_group.py for tasks to queue
[2026-03-22T04:17:30.907+0000] {logging_mixin.py:188} INFO - [2026-03-22T04:17:30.889+0000] {dagbag.py:545} INFO - Filling up the DagBag from /home/airflow/.local/lib/python3.12/site-packages/airflow/example_dags/example_task_group.py
[2026-03-22T04:17:31.045+0000] {processor.py:840} INFO - DAG(s) 'example_task_group' retrieved from /home/airflow/.local/lib/python3.12/site-packages/airflow/example_dags/example_task_group.py
[2026-03-22T04:17:31.782+0000] {logging_mixin.py:188} INFO - [2026-03-22T04:17:31.777+0000] {dag.py:3096} INFO - Sync 1 DAGs
[2026-03-22T04:17:31.937+0000] {logging_mixin.py:188} INFO - [2026-03-22T04:17:31.936+0000] {dag.py:3954} INFO - Setting next_dagrun for example_task_group to 2026-03-21 00:00:00+00:00, run_after=2026-03-22 00:00:00+00:00
[2026-03-22T04:17:32.198+0000] {processor.py:183} INFO - Processing /home/airflow/.local/lib/python3.12/site-packages/airflow/example_dags/example_task_group.py took 1.446 seconds
[2026-03-22T04:18:02.566+0000] {processor.py:161} INFO - Started process (PID=973) to work on /home/airflow/.local/lib/python3.12/site-packages/airflow/example_dags/example_task_group.py
[2026-03-22T04:18:02.568+0000] {processor.py:830} INFO - Processing file /home/airflow/.local/lib/python3.12/site-packages/airflow/example_dags/example_task_group.py for tasks to queue
[2026-03-22T04:18:02.579+0000] {logging_mixin.py:188} INFO - [2026-03-22T04:18:02.578+0000] {dagbag.py:545} INFO - Filling up the DagBag from /home/airflow/.local/lib/python3.12/site-packages/airflow/example_dags/example_task_group.py
[2026-03-22T04:18:02.600+0000] {processor.py:840} INFO - DAG(s) 'example_task_group' retrieved from /home/airflow/.local/lib/python3.12/site-packages/airflow/example_dags/example_task_group.py
[2026-03-22T04:18:02.667+0000] {logging_mixin.py:188} INFO - [2026-03-22T04:18:02.666+0000] {dag.py:3096} INFO - Sync 1 DAGs
[2026-03-22T04:18:02.695+0000] {logging_mixin.py:188} INFO - [2026-03-22T04:18:02.695+0000] {dag.py:3954} INFO - Setting next_dagrun for example_task_group to 2026-03-21 00:00:00+00:00, run_after=2026-03-22 00:00:00+00:00
[2026-03-22T04:18:02.710+0000] {processor.py:183} INFO - Processing /home/airflow/.local/lib/python3.12/site-packages/airflow/example_dags/example_task_group.py took 0.157 seconds
[2026-03-22T04:18:33.551+0000] {processor.py:161} INFO - Started process (PID=1030) to work on /home/airflow/.local/lib/python3.12/site-packages/airflow/example_dags/example_task_group.py
[2026-03-22T04:18:33.553+0000] {processor.py:830} INFO - Processing file /home/airflow/.local/lib/python3.12/site-packages/airflow/example_dags/example_task_group.py for tasks to queue
[2026-03-22T04:18:33.557+0000] {logging_mixin.py:188} INFO - [2026-03-22T04:18:33.556+0000] {dagbag.py:545} INFO - Filling up the DagBag from /home/airflow/.local/lib/python3.12/site-packages/airflow/example_dags/example_task_group.py
[2026-03-22T04:18:33.572+0000] {processor.py:840} INFO - DAG(s) 'example_task_group' retrieved from /home/airflow/.local/lib/python3.12/site-packages/airflow/example_dags/example_task_group.py
[2026-03-22T04:18:33.613+0000] {logging_mixin.py:188} INFO - [2026-03-22T04:18:33.613+0000] {dag.py:3096} INFO - Sync 1 DAGs
[2026-03-22T04:18:33.635+0000] {logging_mixin.py:188} INFO - [2026-03-22T04:18:33.635+0000] {dag.py:3954} INFO - Setting next_dagrun for example_task_group to 2026-03-21 00:00:00+00:00, run_after=2026-03-22 00:00:00+00:00
[2026-03-22T04:18:33.644+0000] {processor.py:183} INFO - Processing /home/airflow/.local/lib/python3.12/site-packages/airflow/example_dags/example_task_group.py took 0.099 seconds
[2026-03-22T04:19:03.901+0000] {processor.py:161} INFO - Started process (PID=1088) to work on /home/airflow/.local/lib/python3.12/site-packages/airflow/example_dags/example_task_group.py
[2026-03-22T04:19:03.905+0000] {processor.py:830} INFO - Processing file /home/airflow/.local/lib/python3.12/site-packages/airflow/example_dags/example_task_group.py for tasks to queue
[2026-03-22T04:19:03.907+0000] {logging_mixin.py:188} INFO - [2026-03-22T04:19:03.907+0000] {dagbag.py:545} INFO - Filling up the DagBag from /home/airflow/.local/lib/python3.12/site-packages/airflow/example_dags/example_task_group.py
[2026-03-22T04:19:03.925+0000] {processor.py:840} INFO - DAG(s) 'example_task_group' retrieved from /home/airflow/.local/lib/python3.12/site-packages/airflow/example_dags/example_task_group.py
[2026-03-22T04:19:03.979+0000] {logging_mixin.py:188} INFO - [2026-03-22T04:19:03.978+0000] {dag.py:3096} INFO - Sync 1 DAGs
[2026-03-22T04:19:04.008+0000] {logging_mixin.py:188} INFO - [2026-03-22T04:19:04.008+0000] {dag.py:3954} INFO - Setting next_dagrun for example_task_group to 2026-03-21 00:00:00+00:00, run_after=2026-03-22 00:00:00+00:00
[2026-03-22T04:19:04.022+0000] {processor.py:183} INFO - Processing /home/airflow/.local/lib/python3.12/site-packages/airflow/example_dags/example_task_group.py took 0.134 seconds
[2026-03-22T04:19:34.081+0000] {processor.py:161} INFO - Started process (PID=1146) to work on /home/airflow/.local/lib/python3.12/site-packages/airflow/example_dags/example_task_group.py
[2026-03-22T04:19:34.083+0000] {processor.py:830} INFO - Processing file /home/airflow/.local/lib/python3.12/site-packages/airflow/example_dags/example_task_group.py for tasks to queue
[2026-03-22T04:19:34.086+0000] {logging_mixin.py:188} INFO - [2026-03-22T04:19:34.085+0000] {dagbag.py:545} INFO - Filling up the DagBag from /home/airflow/.local/lib/python3.12/site-packages/airflow/example_dags/example_task_group.py
[2026-03-22T04:19:34.106+0000] {processor.py:840} INFO - DAG(s) 'example_task_group' retrieved from /home/airflow/.local/lib/python3.12/site-packages/airflow/example_dags/example_task_group.py
[2026-03-22T04:19:34.166+0000] {logging_mixin.py:188} INFO - [2026-03-22T04:19:34.166+0000] {dag.py:3096} INFO - Sync 1 DAGs
[2026-03-22T04:19:34.196+0000] {logging_mixin.py:188} INFO - [2026-03-22T04:19:34.196+0000] {dag.py:3954} INFO - Setting next_dagrun for example_task_group to 2026-03-21 00:00:00+00:00, run_after=2026-03-22 00:00:00+00:00
[2026-03-22T04:19:34.225+0000] {processor.py:183} INFO - Processing /home/airflow/.local/lib/python3.12/site-packages/airflow/example_dags/example_task_group.py took 0.156 seconds
[2026-03-22T04:20:04.848+0000] {processor.py:161} INFO - Started process (PID=1204) to work on /home/airflow/.local/lib/python3.12/site-packages/airflow/example_dags/example_task_group.py
[2026-03-22T04:20:04.849+0000] {processor.py:830} INFO - Processing file /home/airflow/.local/lib/python3.12/site-packages/airflow/example_dags/example_task_group.py for tasks to queue
[2026-03-22T04:20:04.853+0000] {logging_mixin.py:188} INFO - [2026-03-22T04:20:04.852+0000] {dagbag.py:545} INFO - Filling up the DagBag from /home/airflow/.local/lib/python3.12/site-packages/airflow/example_dags/example_task_group.py
[2026-03-22T04:20:04.876+0000] {processor.py:840} INFO - DAG(s) 'example_task_group' retrieved from /home/airflow/.local/lib/python3.12/site-packages/airflow/example_dags/example_task_group.py
[2026-03-22T04:20:04.915+0000] {logging_mixin.py:188} INFO - [2026-03-22T04:20:04.915+0000] {dag.py:3096} INFO - Sync 1 DAGs
[2026-03-22T04:20:04.935+0000] {logging_mixin.py:188} INFO - [2026-03-22T04:20:04.935+0000] {dag.py:3954} INFO - Setting next_dagrun for example_task_group to 2026-03-21 00:00:00+00:00, run_after=2026-03-22 00:00:00+00:00
[2026-03-22T04:20:04.950+0000] {processor.py:183} INFO - Processing /home/airflow/.local/lib/python3.12/site-packages/airflow/example_dags/example_task_group.py took 0.116 seconds
[2026-03-22T04:20:35.759+0000] {processor.py:161} INFO - Started process (PID=1262) to work on /home/airflow/.local/lib/python3.12/site-packages/airflow/example_dags/example_task_group.py
[2026-03-22T04:20:35.761+0000] {processor.py:830} INFO - Processing file /home/airflow/.local/lib/python3.12/site-packages/airflow/example_dags/example_task_group.py for tasks to queue
[2026-03-22T04:20:35.765+0000] {logging_mixin.py:188} INFO - [2026-03-22T04:20:35.764+0000] {dagbag.py:545} INFO - Filling up the DagBag from /home/airflow/.local/lib/python3.12/site-packages/airflow/example_dags/example_task_group.py
[2026-03-22T04:20:35.787+0000] {processor.py:840} INFO - DAG(s) 'example_task_group' retrieved from /home/airflow/.local/lib/python3.12/site-packages/airflow/example_dags/example_task_group.py
[2026-03-22T04:20:35.839+0000] {logging_mixin.py:188} INFO - [2026-03-22T04:20:35.839+0000] {dag.py:3096} INFO - Sync 1 DAGs
[2026-03-22T04:20:35.868+0000] {logging_mixin.py:188} INFO - [2026-03-22T04:20:35.867+0000] {dag.py:3954} INFO - Setting next_dagrun for example_task_group to 2026-03-21 00:00:00+00:00, run_after=2026-03-22 00:00:00+00:00
[2026-03-22T04:20:35.879+0000] {processor.py:183} INFO - Processing /home/airflow/.local/lib/python3.12/site-packages/airflow/example_dags/example_task_group.py took 0.127 seconds
[2026-03-22T04:21:06.577+0000] {processor.py:161} INFO - Started process (PID=1319) to work on /home/airflow/.local/lib/python3.12/site-packages/airflow/example_dags/example_task_group.py
[2026-03-22T04:21:06.579+0000] {processor.py:830} INFO - Processing file /home/airflow/.local/lib/python3.12/site-packages/airflow/example_dags/example_task_group.py for tasks to queue
[2026-03-22T04:21:06.582+0000] {logging_mixin.py:188} INFO - [2026-03-22T04:21:06.582+0000] {dagbag.py:545} INFO - Filling up the DagBag from /home/airflow/.local/lib/python3.12/site-packages/airflow/example_dags/example_task_group.py
[2026-03-22T04:21:06.620+0000] {processor.py:840} INFO - DAG(s) 'example_task_group' retrieved from /home/airflow/.local/lib/python3.12/site-packages/airflow/example_dags/example_task_group.py
[2026-03-22T04:21:06.659+0000] {logging_mixin.py:188} INFO - [2026-03-22T04:21:06.659+0000] {dag.py:3096} INFO - Sync 1 DAGs
[2026-03-22T04:21:06.689+0000] {logging_mixin.py:188} INFO - [2026-03-22T04:21:06.689+0000] {dag.py:3954} INFO - Setting next_dagrun for example_task_group to 2026-03-21 00:00:00+00:00, run_after=2026-03-22 00:00:00+00:00
[2026-03-22T04:21:06.704+0000] {processor.py:183} INFO - Processing /home/airflow/.local/lib/python3.12/site-packages/airflow/example_dags/example_task_group.py took 0.135 seconds
[2026-03-22T04:21:36.900+0000] {processor.py:161} INFO - Started process (PID=1377) to work on /home/airflow/.local/lib/python3.12/site-packages/airflow/example_dags/example_task_group.py
[2026-03-22T04:21:36.901+0000] {processor.py:830} INFO - Processing file /home/airflow/.local/lib/python3.12/site-packages/airflow/example_dags/example_task_group.py for tasks to queue
[2026-03-22T04:21:36.903+0000] {logging_mixin.py:188} INFO - [2026-03-22T04:21:36.903+0000] {dagbag.py:545} INFO - Filling up the DagBag from /home/airflow/.local/lib/python3.12/site-packages/airflow/example_dags/example_task_group.py
[2026-03-22T04:21:36.912+0000] {processor.py:840} INFO - DAG(s) 'example_task_group' retrieved from /home/airflow/.local/lib/python3.12/site-packages/airflow/example_dags/example_task_group.py
[2026-03-22T04:21:36.940+0000] {logging_mixin.py:188} INFO - [2026-03-22T04:21:36.940+0000] {dag.py:3096} INFO - Sync 1 DAGs
[2026-03-22T04:21:36.957+0000] {logging_mixin.py:188} INFO - [2026-03-22T04:21:36.957+0000] {dag.py:3954} INFO - Setting next_dagrun for example_task_group to 2026-03-21 00:00:00+00:00, run_after=2026-03-22 00:00:00+00:00
[2026-03-22T04:21:36.968+0000] {processor.py:183} INFO - Processing /home/airflow/.local/lib/python3.12/site-packages/airflow/example_dags/example_task_group.py took 0.071 seconds
[2026-03-22T04:22:07.542+0000] {processor.py:161} INFO - Started process (PID=1436) to work on /home/airflow/.local/lib/python3.12/site-packages/airflow/example_dags/example_task_group.py
[2026-03-22T04:22:07.543+0000] {processor.py:830} INFO - Processing file /home/airflow/.local/lib/python3.12/site-packages/airflow/example_dags/example_task_group.py for tasks to queue
[2026-03-22T04:22:07.544+0000] {logging_mixin.py:188} INFO - [2026-03-22T04:22:07.544+0000] {dagbag.py:545} INFO - Filling up the DagBag from /home/airflow/.local/lib/python3.12/site-packages/airflow/example_dags/example_task_group.py
[2026-03-22T04:22:07.549+0000] {processor.py:840} INFO - DAG(s) 'example_task_group' retrieved from /home/airflow/.local/lib/python3.12/site-packages/airflow/example_dags/example_task_group.py
[2026-03-22T04:22:07.565+0000] {logging_mixin.py:188} INFO - [2026-03-22T04:22:07.565+0000] {dag.py:3096} INFO - Sync 1 DAGs
[2026-03-22T04:22:07.577+0000] {logging_mixin.py:188} INFO - [2026-03-22T04:22:07.576+0000] {dag.py:3954} INFO - Setting next_dagrun for example_task_group to 2026-03-21 00:00:00+00:00, run_after=2026-03-22 00:00:00+00:00
[2026-03-22T04:22:07.587+0000] {processor.py:183} INFO - Processing /home/airflow/.local/lib/python3.12/site-packages/airflow/example_dags/example_task_group.py took 0.050 seconds
[2026-03-22T04:23:08.863+0000] {processor.py:161} INFO - Started process (PID=1494) to work on /home/airflow/.local/lib/python3.12/site-packages/airflow/example_dags/example_task_group.py
[2026-03-22T04:23:08.866+0000] {processor.py:830} INFO - Processing file /home/airflow/.local/lib/python3.12/site-packages/airflow/example_dags/example_task_group.py for tasks to queue
[2026-03-22T04:23:08.872+0000] {logging_mixin.py:188} INFO - [2026-03-22T04:23:08.871+0000] {dagbag.py:545} INFO - Filling up the DagBag from /home/airflow/.local/lib/python3.12/site-packages/airflow/example_dags/example_task_group.py
[2026-03-22T04:23:08.885+0000] {processor.py:840} INFO - DAG(s) 'example_task_group' retrieved from /home/airflow/.local/lib/python3.12/site-packages/airflow/example_dags/example_task_group.py
[2026-03-22T04:23:08.916+0000] {logging_mixin.py:188} INFO - [2026-03-22T04:23:08.916+0000] {dag.py:3096} INFO - Sync 1 DAGs
[2026-03-22T04:23:08.942+0000] {logging_mixin.py:188} INFO - [2026-03-22T04:23:08.941+0000] {dag.py:3954} INFO - Setting next_dagrun for example_task_group to 2026-03-21 00:00:00+00:00, run_after=2026-03-22 00:00:00+00:00
[2026-03-22T04:23:08.963+0000] {processor.py:183} INFO - Processing /home/airflow/.local/lib/python3.12/site-packages/airflow/example_dags/example_task_group.py took 0.109 seconds
[2026-03-22T04:23:40.817+0000] {processor.py:161} INFO - Started process (PID=1551) to work on /home/airflow/.local/lib/python3.12/site-packages/airflow/example_dags/example_task_group.py
[2026-03-22T04:23:40.819+0000] {processor.py:830} INFO - Processing file /home/airflow/.local/lib/python3.12/site-packages/airflow/example_dags/example_task_group.py for tasks to queue
[2026-03-22T04:23:40.821+0000] {logging_mixin.py:188} INFO - [2026-03-22T04:23:40.820+0000] {dagbag.py:545} INFO - Filling up the DagBag from /home/airflow/.local/lib/python3.12/site-packages/airflow/example_dags/example_task_group.py
[2026-03-22T04:23:40.826+0000] {processor.py:840} INFO - DAG(s) 'example_task_group' retrieved from /home/airflow/.local/lib/python3.12/site-packages/airflow/example_dags/example_task_group.py
[2026-03-22T04:23:40.841+0000] {logging_mixin.py:188} INFO - [2026-03-22T04:23:40.840+0000] {dag.py:3096} INFO - Sync 1 DAGs
[2026-03-22T04:23:40.852+0000] {logging_mixin.py:188} INFO - [2026-03-22T04:23:40.852+0000] {dag.py:3954} INFO - Setting next_dagrun for example_task_group to 2026-03-21 00:00:00+00:00, run_after=2026-03-22 00:00:00+00:00
[2026-03-22T04:23:40.861+0000] {processor.py:183} INFO - Processing /home/airflow/.local/lib/python3.12/site-packages/airflow/example_dags/example_task_group.py took 0.050 seconds
[2026-03-22T04:24:12.095+0000] {processor.py:161} INFO - Started process (PID=1609) to work on /home/airflow/.local/lib/python3.12/site-packages/airflow/example_dags/example_task_group.py
[2026-03-22T04:24:12.098+0000] {processor.py:830} INFO - Processing file /home/airflow/.local/lib/python3.12/site-packages/airflow/example_dags/example_task_group.py for tasks to queue
[2026-03-22T04:24:12.101+0000] {logging_mixin.py:188} INFO - [2026-03-22T04:24:12.101+0000] {dagbag.py:545} INFO - Filling up the DagBag from /home/airflow/.local/lib/python3.12/site-packages/airflow/example_dags/example_task_group.py
[2026-03-22T04:24:12.105+0000] {processor.py:840} INFO - DAG(s) 'example_task_group' retrieved from /home/airflow/.local/lib/python3.12/site-packages/airflow/example_dags/example_task_group.py
[2026-03-22T04:24:12.115+0000] {logging_mixin.py:188} INFO - [2026-03-22T04:24:12.115+0000] {dag.py:3096} INFO - Sync 1 DAGs
[2026-03-22T04:24:12.123+0000] {logging_mixin.py:188} INFO - [2026-03-22T04:24:12.123+0000] {dag.py:3954} INFO - Setting next_dagrun for example_task_group to 2026-03-21 00:00:00+00:00, run_after=2026-03-22 00:00:00+00:00
[2026-03-22T04:24:12.131+0000] {processor.py:183} INFO - Processing /home/airflow/.local/lib/python3.12/site-packages/airflow/example_dags/example_task_group.py took 0.040 seconds
[2026-03-22T04:25:32.583+0000] {processor.py:161} INFO - Started process (PID=1669) to work on /home/airflow/.local/lib/python3.12/site-packages/airflow/example_dags/example_task_group.py
[2026-03-22T04:25:32.597+0000] {processor.py:830} INFO - Processing file /home/airflow/.local/lib/python3.12/site-packages/airflow/example_dags/example_task_group.py for tasks to queue
[2026-03-22T04:25:32.635+0000] {logging_mixin.py:188} INFO - [2026-03-22T04:25:32.626+0000] {dagbag.py:545} INFO - Filling up the DagBag from /home/airflow/.local/lib/python3.12/site-packages/airflow/example_dags/example_task_group.py
[2026-03-22T04:25:32.796+0000] {processor.py:840} INFO - DAG(s) 'example_task_group' retrieved from /home/airflow/.local/lib/python3.12/site-packages/airflow/example_dags/example_task_group.py
[2026-03-22T04:25:33.121+0000] {logging_mixin.py:188} INFO - [2026-03-22T04:25:33.117+0000] {dag.py:3096} INFO - Sync 1 DAGs
[2026-03-22T04:25:33.429+0000] {logging_mixin.py:188} INFO - [2026-03-22T04:25:33.427+0000] {dag.py:3954} INFO - Setting next_dagrun for example_task_group to 2026-03-21 00:00:00+00:00, run_after=2026-03-22 00:00:00+00:00
[2026-03-22T04:25:33.650+0000] {processor.py:183} INFO - Processing /home/airflow/.local/lib/python3.12/site-packages/airflow/example_dags/example_task_group.py took 1.107 seconds
[2026-03-22T04:26:47.535+0000] {processor.py:161} INFO - Started process (PID=1733) to work on /home/airflow/.local/lib/python3.12/site-packages/airflow/example_dags/example_task_group.py
[2026-03-22T04:26:47.584+0000] {processor.py:830} INFO - Processing file /home/airflow/.local/lib/python3.12/site-packages/airflow/example_dags/example_task_group.py for tasks to queue
[2026-03-22T04:26:47.619+0000] {logging_mixin.py:188} INFO - [2026-03-22T04:26:47.616+0000] {dagbag.py:545} INFO - Filling up the DagBag from /home/airflow/.local/lib/python3.12/site-packages/airflow/example_dags/example_task_group.py
[2026-03-22T04:26:47.942+0000] {processor.py:840} INFO - DAG(s) 'example_task_group' retrieved from /home/airflow/.local/lib/python3.12/site-packages/airflow/example_dags/example_task_group.py
[2026-03-22T04:26:49.251+0000] {logging_mixin.py:188} INFO - [2026-03-22T04:26:49.195+0000] {dag.py:3096} INFO - Sync 1 DAGs
[2026-03-22T04:26:50.003+0000] {logging_mixin.py:188} INFO - [2026-03-22T04:26:49.971+0000] {dag.py:3954} INFO - Setting next_dagrun for example_task_group to 2026-03-21 00:00:00+00:00, run_after=2026-03-22 00:00:00+00:00
[2026-03-22T04:26:51.844+0000] {processor.py:183} INFO - Processing /home/airflow/.local/lib/python3.12/site-packages/airflow/example_dags/example_task_group.py took 4.432 seconds
[2026-03-22T04:35:43.929+0000] {processor.py:161} INFO - Started process (PID=1885) to work on /home/airflow/.local/lib/python3.12/site-packages/airflow/example_dags/example_task_group.py
[2026-03-22T04:35:43.934+0000] {processor.py:830} INFO - Processing file /home/airflow/.local/lib/python3.12/site-packages/airflow/example_dags/example_task_group.py for tasks to queue
[2026-03-22T04:35:43.968+0000] {logging_mixin.py:188} INFO - [2026-03-22T04:35:43.961+0000] {dagbag.py:545} INFO - Filling up the DagBag from /home/airflow/.local/lib/python3.12/site-packages/airflow/example_dags/example_task_group.py
[2026-03-22T04:35:44.268+0000] {processor.py:840} INFO - DAG(s) 'example_task_group' retrieved from /home/airflow/.local/lib/python3.12/site-packages/airflow/example_dags/example_task_group.py
[2026-03-22T04:35:45.964+0000] {logging_mixin.py:188} INFO - [2026-03-22T04:35:45.770+0000] {dag.py:3096} INFO - Sync 1 DAGs
[2026-03-22T04:35:47.888+0000] {logging_mixin.py:188} INFO - [2026-03-22T04:35:47.881+0000] {dag.py:3954} INFO - Setting next_dagrun for example_task_group to 2026-03-21 00:00:00+00:00, run_after=2026-03-22 00:00:00+00:00
[2026-03-22T04:35:48.210+0000] {processor.py:183} INFO - Processing /home/airflow/.local/lib/python3.12/site-packages/airflow/example_dags/example_task_group.py took 4.602 seconds
[2026-03-22T04:39:29.417+0000] {processor.py:161} INFO - Started process (PID=1990) to work on /home/airflow/.local/lib/python3.12/site-packages/airflow/example_dags/example_task_group.py
[2026-03-22T04:39:29.455+0000] {processor.py:830} INFO - Processing file /home/airflow/.local/lib/python3.12/site-packages/airflow/example_dags/example_task_group.py for tasks to queue
[2026-03-22T04:39:29.500+0000] {logging_mixin.py:188} INFO - [2026-03-22T04:39:29.496+0000] {dagbag.py:545} INFO - Filling up the DagBag from /home/airflow/.local/lib/python3.12/site-packages/airflow/example_dags/example_task_group.py
[2026-03-22T04:39:29.687+0000] {processor.py:840} INFO - DAG(s) 'example_task_group' retrieved from /home/airflow/.local/lib/python3.12/site-packages/airflow/example_dags/example_task_group.py
[2026-03-22T04:39:30.059+0000] {logging_mixin.py:188} INFO - [2026-03-22T04:39:30.045+0000] {dag.py:3096} INFO - Sync 1 DAGs
[2026-03-22T04:39:30.783+0000] {logging_mixin.py:188} INFO - [2026-03-22T04:39:30.760+0000] {dag.py:3954} INFO - Setting next_dagrun for example_task_group to 2026-03-21 00:00:00+00:00, run_after=2026-03-22 00:00:00+00:00
[2026-03-22T04:39:31.689+0000] {processor.py:183} INFO - Processing /home/airflow/.local/lib/python3.12/site-packages/airflow/example_dags/example_task_group.py took 2.410 seconds
[2026-03-22T04:40:44.855+0000] {processor.py:161} INFO - Started process (PID=2060) to work on /home/airflow/.local/lib/python3.12/site-packages/airflow/example_dags/example_task_group.py
[2026-03-22T04:40:44.974+0000] {processor.py:830} INFO - Processing file /home/airflow/.local/lib/python3.12/site-packages/airflow/example_dags/example_task_group.py for tasks to queue
[2026-03-22T04:40:45.053+0000] {logging_mixin.py:188} INFO - [2026-03-22T04:40:45.052+0000] {dagbag.py:545} INFO - Filling up the DagBag from /home/airflow/.local/lib/python3.12/site-packages/airflow/example_dags/example_task_group.py
[2026-03-22T04:40:45.147+0000] {processor.py:840} INFO - DAG(s) 'example_task_group' retrieved from /home/airflow/.local/lib/python3.12/site-packages/airflow/example_dags/example_task_group.py
[2026-03-22T04:40:45.374+0000] {logging_mixin.py:188} INFO - [2026-03-22T04:40:45.370+0000] {dag.py:3096} INFO - Sync 1 DAGs
[2026-03-22T04:40:45.550+0000] {logging_mixin.py:188} INFO - [2026-03-22T04:40:45.546+0000] {dag.py:3954} INFO - Setting next_dagrun for example_task_group to 2026-03-21 00:00:00+00:00, run_after=2026-03-22 00:00:00+00:00
[2026-03-22T04:40:45.654+0000] {processor.py:183} INFO - Processing /home/airflow/.local/lib/python3.12/site-packages/airflow/example_dags/example_task_group.py took 1.149 seconds
[2026-03-22T04:41:33.743+0000] {processor.py:161} INFO - Started process (PID=2120) to work on /home/airflow/.local/lib/python3.12/site-packages/airflow/example_dags/example_task_group.py
[2026-03-22T04:41:33.746+0000] {processor.py:830} INFO - Processing file /home/airflow/.local/lib/python3.12/site-packages/airflow/example_dags/example_task_group.py for tasks to queue
[2026-03-22T04:41:33.750+0000] {logging_mixin.py:188} INFO - [2026-03-22T04:41:33.750+0000] {dagbag.py:545} INFO - Filling up the DagBag from /home/airflow/.local/lib/python3.12/site-packages/airflow/example_dags/example_task_group.py
[2026-03-22T04:41:33.795+0000] {processor.py:840} INFO - DAG(s) 'example_task_group' retrieved from /home/airflow/.local/lib/python3.12/site-packages/airflow/example_dags/example_task_group.py
[2026-03-22T04:41:34.389+0000] {logging_mixin.py:188} INFO - [2026-03-22T04:41:34.367+0000] {dag.py:3096} INFO - Sync 1 DAGs
[2026-03-22T04:41:34.558+0000] {logging_mixin.py:188} INFO - [2026-03-22T04:41:34.557+0000] {dag.py:3954} INFO - Setting next_dagrun for example_task_group to 2026-03-21 00:00:00+00:00, run_after=2026-03-22 00:00:00+00:00
[2026-03-22T04:41:34.632+0000] {processor.py:183} INFO - Processing /home/airflow/.local/lib/python3.12/site-packages/airflow/example_dags/example_task_group.py took 0.940 seconds
[2026-03-22T04:42:36.738+0000] {processor.py:161} INFO - Started process (PID=2194) to work on /home/airflow/.local/lib/python3.12/site-packages/airflow/example_dags/example_task_group.py
[2026-03-22T04:42:36.740+0000] {processor.py:830} INFO - Processing file /home/airflow/.local/lib/python3.12/site-packages/airflow/example_dags/example_task_group.py for tasks to queue
[2026-03-22T04:42:36.742+0000] {logging_mixin.py:188} INFO - [2026-03-22T04:42:36.741+0000] {dagbag.py:545} INFO - Filling up the DagBag from /home/airflow/.local/lib/python3.12/site-packages/airflow/example_dags/example_task_group.py
[2026-03-22T04:42:36.757+0000] {processor.py:840} INFO - DAG(s) 'example_task_group' retrieved from /home/airflow/.local/lib/python3.12/site-packages/airflow/example_dags/example_task_group.py
[2026-03-22T04:42:36.800+0000] {logging_mixin.py:188} INFO - [2026-03-22T04:42:36.800+0000] {dag.py:3096} INFO - Sync 1 DAGs
[2026-03-22T04:42:36.822+0000] {logging_mixin.py:188} INFO - [2026-03-22T04:42:36.822+0000] {dag.py:3954} INFO - Setting next_dagrun for example_task_group to 2026-03-21 00:00:00+00:00, run_after=2026-03-22 00:00:00+00:00
[2026-03-22T04:42:36.835+0000] {processor.py:183} INFO - Processing /home/airflow/.local/lib/python3.12/site-packages/airflow/example_dags/example_task_group.py took 0.110 seconds
