[2026-03-22T04:09:23.662+0000] {processor.py:161} INFO - Started process (PID=103) to work on /home/airflow/.local/lib/python3.12/site-packages/airflow/example_dags/example_branch_python_dop_operator_3.py
[2026-03-22T04:09:23.662+0000] {processor.py:830} INFO - Processing file /home/airflow/.local/lib/python3.12/site-packages/airflow/example_dags/example_branch_python_dop_operator_3.py for tasks to queue
[2026-03-22T04:09:23.664+0000] {logging_mixin.py:188} INFO - [2026-03-22T04:09:23.664+0000] {dagbag.py:545} INFO - Filling up the DagBag from /home/airflow/.local/lib/python3.12/site-packages/airflow/example_dags/example_branch_python_dop_operator_3.py
[2026-03-22T04:09:23.669+0000] {processor.py:840} INFO - DAG(s) 'example_branch_dop_operator_v3' retrieved from /home/airflow/.local/lib/python3.12/site-packages/airflow/example_dags/example_branch_python_dop_operator_3.py
[2026-03-22T04:09:23.742+0000] {logging_mixin.py:188} INFO - [2026-03-22T04:09:23.742+0000] {dag.py:3096} INFO - Sync 1 DAGs
[2026-03-22T04:09:23.756+0000] {logging_mixin.py:188} INFO - [2026-03-22T04:09:23.756+0000] {dag.py:3954} INFO - Setting next_dagrun for example_branch_dop_operator_v3 to 2026-03-22 04:08:00+00:00, run_after=2026-03-22 04:09:00+00:00
[2026-03-22T04:09:23.768+0000] {processor.py:183} INFO - Processing /home/airflow/.local/lib/python3.12/site-packages/airflow/example_dags/example_branch_python_dop_operator_3.py took 0.110 seconds
[2026-03-22T04:09:54.805+0000] {processor.py:161} INFO - Started process (PID=161) to work on /home/airflow/.local/lib/python3.12/site-packages/airflow/example_dags/example_branch_python_dop_operator_3.py
[2026-03-22T04:09:54.807+0000] {processor.py:830} INFO - Processing file /home/airflow/.local/lib/python3.12/site-packages/airflow/example_dags/example_branch_python_dop_operator_3.py for tasks to queue
[2026-03-22T04:09:54.808+0000] {logging_mixin.py:188} INFO - [2026-03-22T04:09:54.808+0000] {dagbag.py:545} INFO - Filling up the DagBag from /home/airflow/.local/lib/python3.12/site-packages/airflow/example_dags/example_branch_python_dop_operator_3.py
[2026-03-22T04:09:54.820+0000] {processor.py:840} INFO - DAG(s) 'example_branch_dop_operator_v3' retrieved from /home/airflow/.local/lib/python3.12/site-packages/airflow/example_dags/example_branch_python_dop_operator_3.py
[2026-03-22T04:09:54.837+0000] {logging_mixin.py:188} INFO - [2026-03-22T04:09:54.837+0000] {dag.py:3096} INFO - Sync 1 DAGs
[2026-03-22T04:09:54.865+0000] {logging_mixin.py:188} INFO - [2026-03-22T04:09:54.865+0000] {dag.py:3954} INFO - Setting next_dagrun for example_branch_dop_operator_v3 to 2026-03-22 04:08:00+00:00, run_after=2026-03-22 04:09:00+00:00
[2026-03-22T04:09:54.876+0000] {processor.py:183} INFO - Processing /home/airflow/.local/lib/python3.12/site-packages/airflow/example_dags/example_branch_python_dop_operator_3.py took 0.080 seconds
[2026-03-22T04:10:25.334+0000] {processor.py:161} INFO - Started process (PID=219) to work on /home/airflow/.local/lib/python3.12/site-packages/airflow/example_dags/example_branch_python_dop_operator_3.py
[2026-03-22T04:10:25.337+0000] {processor.py:830} INFO - Processing file /home/airflow/.local/lib/python3.12/site-packages/airflow/example_dags/example_branch_python_dop_operator_3.py for tasks to queue
[2026-03-22T04:10:25.339+0000] {logging_mixin.py:188} INFO - [2026-03-22T04:10:25.338+0000] {dagbag.py:545} INFO - Filling up the DagBag from /home/airflow/.local/lib/python3.12/site-packages/airflow/example_dags/example_branch_python_dop_operator_3.py
[2026-03-22T04:10:25.343+0000] {processor.py:840} INFO - DAG(s) 'example_branch_dop_operator_v3' retrieved from /home/airflow/.local/lib/python3.12/site-packages/airflow/example_dags/example_branch_python_dop_operator_3.py
[2026-03-22T04:10:25.353+0000] {logging_mixin.py:188} INFO - [2026-03-22T04:10:25.353+0000] {dag.py:3096} INFO - Sync 1 DAGs
[2026-03-22T04:10:25.369+0000] {logging_mixin.py:188} INFO - [2026-03-22T04:10:25.369+0000] {dag.py:3954} INFO - Setting next_dagrun for example_branch_dop_operator_v3 to 2026-03-22 04:09:00+00:00, run_after=2026-03-22 04:10:00+00:00
[2026-03-22T04:10:25.379+0000] {processor.py:183} INFO - Processing /home/airflow/.local/lib/python3.12/site-packages/airflow/example_dags/example_branch_python_dop_operator_3.py took 0.048 seconds
[2026-03-22T04:10:55.873+0000] {processor.py:161} INFO - Started process (PID=277) to work on /home/airflow/.local/lib/python3.12/site-packages/airflow/example_dags/example_branch_python_dop_operator_3.py
[2026-03-22T04:10:55.874+0000] {processor.py:830} INFO - Processing file /home/airflow/.local/lib/python3.12/site-packages/airflow/example_dags/example_branch_python_dop_operator_3.py for tasks to queue
[2026-03-22T04:10:55.875+0000] {logging_mixin.py:188} INFO - [2026-03-22T04:10:55.875+0000] {dagbag.py:545} INFO - Filling up the DagBag from /home/airflow/.local/lib/python3.12/site-packages/airflow/example_dags/example_branch_python_dop_operator_3.py
[2026-03-22T04:10:55.879+0000] {processor.py:840} INFO - DAG(s) 'example_branch_dop_operator_v3' retrieved from /home/airflow/.local/lib/python3.12/site-packages/airflow/example_dags/example_branch_python_dop_operator_3.py
[2026-03-22T04:10:55.890+0000] {logging_mixin.py:188} INFO - [2026-03-22T04:10:55.890+0000] {dag.py:3096} INFO - Sync 1 DAGs
[2026-03-22T04:10:55.900+0000] {logging_mixin.py:188} INFO - [2026-03-22T04:10:55.900+0000] {dag.py:3954} INFO - Setting next_dagrun for example_branch_dop_operator_v3 to 2026-03-22 04:09:00+00:00, run_after=2026-03-22 04:10:00+00:00
[2026-03-22T04:10:55.911+0000] {processor.py:183} INFO - Processing /home/airflow/.local/lib/python3.12/site-packages/airflow/example_dags/example_branch_python_dop_operator_3.py took 0.041 seconds
[2026-03-22T04:11:26.908+0000] {processor.py:161} INFO - Started process (PID=335) to work on /home/airflow/.local/lib/python3.12/site-packages/airflow/example_dags/example_branch_python_dop_operator_3.py
[2026-03-22T04:11:26.909+0000] {processor.py:830} INFO - Processing file /home/airflow/.local/lib/python3.12/site-packages/airflow/example_dags/example_branch_python_dop_operator_3.py for tasks to queue
[2026-03-22T04:11:26.911+0000] {logging_mixin.py:188} INFO - [2026-03-22T04:11:26.911+0000] {dagbag.py:545} INFO - Filling up the DagBag from /home/airflow/.local/lib/python3.12/site-packages/airflow/example_dags/example_branch_python_dop_operator_3.py
[2026-03-22T04:11:26.916+0000] {processor.py:840} INFO - DAG(s) 'example_branch_dop_operator_v3' retrieved from /home/airflow/.local/lib/python3.12/site-packages/airflow/example_dags/example_branch_python_dop_operator_3.py
[2026-03-22T04:11:26.932+0000] {logging_mixin.py:188} INFO - [2026-03-22T04:11:26.932+0000] {dag.py:3096} INFO - Sync 1 DAGs
[2026-03-22T04:11:26.942+0000] {logging_mixin.py:188} INFO - [2026-03-22T04:11:26.942+0000] {dag.py:3954} INFO - Setting next_dagrun for example_branch_dop_operator_v3 to 2026-03-22 04:10:00+00:00, run_after=2026-03-22 04:11:00+00:00
[2026-03-22T04:11:26.951+0000] {processor.py:183} INFO - Processing /home/airflow/.local/lib/python3.12/site-packages/airflow/example_dags/example_branch_python_dop_operator_3.py took 0.048 seconds
[2026-03-22T04:11:57.100+0000] {processor.py:161} INFO - Started process (PID=393) to work on /home/airflow/.local/lib/python3.12/site-packages/airflow/example_dags/example_branch_python_dop_operator_3.py
[2026-03-22T04:11:57.101+0000] {processor.py:830} INFO - Processing file /home/airflow/.local/lib/python3.12/site-packages/airflow/example_dags/example_branch_python_dop_operator_3.py for tasks to queue
[2026-03-22T04:11:57.102+0000] {logging_mixin.py:188} INFO - [2026-03-22T04:11:57.102+0000] {dagbag.py:545} INFO - Filling up the DagBag from /home/airflow/.local/lib/python3.12/site-packages/airflow/example_dags/example_branch_python_dop_operator_3.py
[2026-03-22T04:11:57.108+0000] {processor.py:840} INFO - DAG(s) 'example_branch_dop_operator_v3' retrieved from /home/airflow/.local/lib/python3.12/site-packages/airflow/example_dags/example_branch_python_dop_operator_3.py
[2026-03-22T04:11:57.127+0000] {logging_mixin.py:188} INFO - [2026-03-22T04:11:57.127+0000] {dag.py:3096} INFO - Sync 1 DAGs
[2026-03-22T04:11:57.143+0000] {logging_mixin.py:188} INFO - [2026-03-22T04:11:57.143+0000] {dag.py:3954} INFO - Setting next_dagrun for example_branch_dop_operator_v3 to 2026-03-22 04:10:00+00:00, run_after=2026-03-22 04:11:00+00:00
[2026-03-22T04:11:57.161+0000] {processor.py:183} INFO - Processing /home/airflow/.local/lib/python3.12/site-packages/airflow/example_dags/example_branch_python_dop_operator_3.py took 0.065 seconds
[2026-03-22T04:12:28.086+0000] {processor.py:161} INFO - Started process (PID=451) to work on /home/airflow/.local/lib/python3.12/site-packages/airflow/example_dags/example_branch_python_dop_operator_3.py
[2026-03-22T04:12:28.088+0000] {processor.py:830} INFO - Processing file /home/airflow/.local/lib/python3.12/site-packages/airflow/example_dags/example_branch_python_dop_operator_3.py for tasks to queue
[2026-03-22T04:12:28.092+0000] {logging_mixin.py:188} INFO - [2026-03-22T04:12:28.092+0000] {dagbag.py:545} INFO - Filling up the DagBag from /home/airflow/.local/lib/python3.12/site-packages/airflow/example_dags/example_branch_python_dop_operator_3.py
[2026-03-22T04:12:28.097+0000] {processor.py:840} INFO - DAG(s) 'example_branch_dop_operator_v3' retrieved from /home/airflow/.local/lib/python3.12/site-packages/airflow/example_dags/example_branch_python_dop_operator_3.py
[2026-03-22T04:12:28.109+0000] {logging_mixin.py:188} INFO - [2026-03-22T04:12:28.109+0000] {dag.py:3096} INFO - Sync 1 DAGs
[2026-03-22T04:12:28.123+0000] {logging_mixin.py:188} INFO - [2026-03-22T04:12:28.123+0000] {dag.py:3954} INFO - Setting next_dagrun for example_branch_dop_operator_v3 to 2026-03-22 04:11:00+00:00, run_after=2026-03-22 04:12:00+00:00
[2026-03-22T04:12:28.133+0000] {processor.py:183} INFO - Processing /home/airflow/.local/lib/python3.12/site-packages/airflow/example_dags/example_branch_python_dop_operator_3.py took 0.049 seconds
[2026-03-22T04:12:59.473+0000] {processor.py:161} INFO - Started process (PID=509) to work on /home/airflow/.local/lib/python3.12/site-packages/airflow/example_dags/example_branch_python_dop_operator_3.py
[2026-03-22T04:12:59.475+0000] {processor.py:830} INFO - Processing file /home/airflow/.local/lib/python3.12/site-packages/airflow/example_dags/example_branch_python_dop_operator_3.py for tasks to queue
[2026-03-22T04:12:59.476+0000] {logging_mixin.py:188} INFO - [2026-03-22T04:12:59.476+0000] {dagbag.py:545} INFO - Filling up the DagBag from /home/airflow/.local/lib/python3.12/site-packages/airflow/example_dags/example_branch_python_dop_operator_3.py
[2026-03-22T04:12:59.482+0000] {processor.py:840} INFO - DAG(s) 'example_branch_dop_operator_v3' retrieved from /home/airflow/.local/lib/python3.12/site-packages/airflow/example_dags/example_branch_python_dop_operator_3.py
[2026-03-22T04:12:59.506+0000] {logging_mixin.py:188} INFO - [2026-03-22T04:12:59.505+0000] {dag.py:3096} INFO - Sync 1 DAGs
[2026-03-22T04:12:59.526+0000] {logging_mixin.py:188} INFO - [2026-03-22T04:12:59.526+0000] {dag.py:3954} INFO - Setting next_dagrun for example_branch_dop_operator_v3 to 2026-03-22 04:11:00+00:00, run_after=2026-03-22 04:12:00+00:00
[2026-03-22T04:12:59.545+0000] {processor.py:183} INFO - Processing /home/airflow/.local/lib/python3.12/site-packages/airflow/example_dags/example_branch_python_dop_operator_3.py took 0.076 seconds
[2026-03-22T04:13:30.159+0000] {processor.py:161} INFO - Started process (PID=567) to work on /home/airflow/.local/lib/python3.12/site-packages/airflow/example_dags/example_branch_python_dop_operator_3.py
[2026-03-22T04:13:30.160+0000] {processor.py:830} INFO - Processing file /home/airflow/.local/lib/python3.12/site-packages/airflow/example_dags/example_branch_python_dop_operator_3.py for tasks to queue
[2026-03-22T04:13:30.161+0000] {logging_mixin.py:188} INFO - [2026-03-22T04:13:30.161+0000] {dagbag.py:545} INFO - Filling up the DagBag from /home/airflow/.local/lib/python3.12/site-packages/airflow/example_dags/example_branch_python_dop_operator_3.py
[2026-03-22T04:13:30.166+0000] {processor.py:840} INFO - DAG(s) 'example_branch_dop_operator_v3' retrieved from /home/airflow/.local/lib/python3.12/site-packages/airflow/example_dags/example_branch_python_dop_operator_3.py
[2026-03-22T04:13:30.184+0000] {logging_mixin.py:188} INFO - [2026-03-22T04:13:30.184+0000] {dag.py:3096} INFO - Sync 1 DAGs
[2026-03-22T04:13:30.201+0000] {logging_mixin.py:188} INFO - [2026-03-22T04:13:30.201+0000] {dag.py:3954} INFO - Setting next_dagrun for example_branch_dop_operator_v3 to 2026-03-22 04:12:00+00:00, run_after=2026-03-22 04:13:00+00:00
[2026-03-22T04:13:30.213+0000] {processor.py:183} INFO - Processing /home/airflow/.local/lib/python3.12/site-packages/airflow/example_dags/example_branch_python_dop_operator_3.py took 0.059 seconds
[2026-03-22T04:14:00.784+0000] {processor.py:161} INFO - Started process (PID=625) to work on /home/airflow/.local/lib/python3.12/site-packages/airflow/example_dags/example_branch_python_dop_operator_3.py
[2026-03-22T04:14:00.785+0000] {processor.py:830} INFO - Processing file /home/airflow/.local/lib/python3.12/site-packages/airflow/example_dags/example_branch_python_dop_operator_3.py for tasks to queue
[2026-03-22T04:14:00.788+0000] {logging_mixin.py:188} INFO - [2026-03-22T04:14:00.788+0000] {dagbag.py:545} INFO - Filling up the DagBag from /home/airflow/.local/lib/python3.12/site-packages/airflow/example_dags/example_branch_python_dop_operator_3.py
[2026-03-22T04:14:00.792+0000] {processor.py:840} INFO - DAG(s) 'example_branch_dop_operator_v3' retrieved from /home/airflow/.local/lib/python3.12/site-packages/airflow/example_dags/example_branch_python_dop_operator_3.py
[2026-03-22T04:14:00.807+0000] {logging_mixin.py:188} INFO - [2026-03-22T04:14:00.807+0000] {dag.py:3096} INFO - Sync 1 DAGs
[2026-03-22T04:14:00.818+0000] {logging_mixin.py:188} INFO - [2026-03-22T04:14:00.818+0000] {dag.py:3954} INFO - Setting next_dagrun for example_branch_dop_operator_v3 to 2026-03-22 04:13:00+00:00, run_after=2026-03-22 04:14:00+00:00
[2026-03-22T04:14:00.830+0000] {processor.py:183} INFO - Processing /home/airflow/.local/lib/python3.12/site-packages/airflow/example_dags/example_branch_python_dop_operator_3.py took 0.050 seconds
[2026-03-22T04:14:31.075+0000] {processor.py:161} INFO - Started process (PID=682) to work on /home/airflow/.local/lib/python3.12/site-packages/airflow/example_dags/example_branch_python_dop_operator_3.py
[2026-03-22T04:14:31.076+0000] {processor.py:830} INFO - Processing file /home/airflow/.local/lib/python3.12/site-packages/airflow/example_dags/example_branch_python_dop_operator_3.py for tasks to queue
[2026-03-22T04:14:31.077+0000] {logging_mixin.py:188} INFO - [2026-03-22T04:14:31.076+0000] {dagbag.py:545} INFO - Filling up the DagBag from /home/airflow/.local/lib/python3.12/site-packages/airflow/example_dags/example_branch_python_dop_operator_3.py
[2026-03-22T04:14:31.081+0000] {processor.py:840} INFO - DAG(s) 'example_branch_dop_operator_v3' retrieved from /home/airflow/.local/lib/python3.12/site-packages/airflow/example_dags/example_branch_python_dop_operator_3.py
[2026-03-22T04:14:31.091+0000] {logging_mixin.py:188} INFO - [2026-03-22T04:14:31.091+0000] {dag.py:3096} INFO - Sync 1 DAGs
[2026-03-22T04:14:31.102+0000] {logging_mixin.py:188} INFO - [2026-03-22T04:14:31.102+0000] {dag.py:3954} INFO - Setting next_dagrun for example_branch_dop_operator_v3 to 2026-03-22 04:13:00+00:00, run_after=2026-03-22 04:14:00+00:00
[2026-03-22T04:14:31.115+0000] {processor.py:183} INFO - Processing /home/airflow/.local/lib/python3.12/site-packages/airflow/example_dags/example_branch_python_dop_operator_3.py took 0.047 seconds
[2026-03-22T04:15:01.328+0000] {processor.py:161} INFO - Started process (PID=741) to work on /home/airflow/.local/lib/python3.12/site-packages/airflow/example_dags/example_branch_python_dop_operator_3.py
[2026-03-22T04:15:01.329+0000] {processor.py:830} INFO - Processing file /home/airflow/.local/lib/python3.12/site-packages/airflow/example_dags/example_branch_python_dop_operator_3.py for tasks to queue
[2026-03-22T04:15:01.330+0000] {logging_mixin.py:188} INFO - [2026-03-22T04:15:01.330+0000] {dagbag.py:545} INFO - Filling up the DagBag from /home/airflow/.local/lib/python3.12/site-packages/airflow/example_dags/example_branch_python_dop_operator_3.py
[2026-03-22T04:15:01.334+0000] {processor.py:840} INFO - DAG(s) 'example_branch_dop_operator_v3' retrieved from /home/airflow/.local/lib/python3.12/site-packages/airflow/example_dags/example_branch_python_dop_operator_3.py
[2026-03-22T04:15:01.345+0000] {logging_mixin.py:188} INFO - [2026-03-22T04:15:01.344+0000] {dag.py:3096} INFO - Sync 1 DAGs
[2026-03-22T04:15:01.358+0000] {logging_mixin.py:188} INFO - [2026-03-22T04:15:01.358+0000] {dag.py:3954} INFO - Setting next_dagrun for example_branch_dop_operator_v3 to 2026-03-22 04:14:00+00:00, run_after=2026-03-22 04:15:00+00:00
[2026-03-22T04:15:01.371+0000] {processor.py:183} INFO - Processing /home/airflow/.local/lib/python3.12/site-packages/airflow/example_dags/example_branch_python_dop_operator_3.py took 0.046 seconds
[2026-03-22T04:15:31.760+0000] {processor.py:161} INFO - Started process (PID=799) to work on /home/airflow/.local/lib/python3.12/site-packages/airflow/example_dags/example_branch_python_dop_operator_3.py
[2026-03-22T04:15:31.761+0000] {processor.py:830} INFO - Processing file /home/airflow/.local/lib/python3.12/site-packages/airflow/example_dags/example_branch_python_dop_operator_3.py for tasks to queue
[2026-03-22T04:15:31.764+0000] {logging_mixin.py:188} INFO - [2026-03-22T04:15:31.764+0000] {dagbag.py:545} INFO - Filling up the DagBag from /home/airflow/.local/lib/python3.12/site-packages/airflow/example_dags/example_branch_python_dop_operator_3.py
[2026-03-22T04:15:31.769+0000] {processor.py:840} INFO - DAG(s) 'example_branch_dop_operator_v3' retrieved from /home/airflow/.local/lib/python3.12/site-packages/airflow/example_dags/example_branch_python_dop_operator_3.py
[2026-03-22T04:15:31.778+0000] {logging_mixin.py:188} INFO - [2026-03-22T04:15:31.778+0000] {dag.py:3096} INFO - Sync 1 DAGs
[2026-03-22T04:15:31.788+0000] {logging_mixin.py:188} INFO - [2026-03-22T04:15:31.788+0000] {dag.py:3954} INFO - Setting next_dagrun for example_branch_dop_operator_v3 to 2026-03-22 04:14:00+00:00, run_after=2026-03-22 04:15:00+00:00
[2026-03-22T04:15:31.794+0000] {processor.py:183} INFO - Processing /home/airflow/.local/lib/python3.12/site-packages/airflow/example_dags/example_branch_python_dop_operator_3.py took 0.036 seconds
[2026-03-22T04:16:02.355+0000] {processor.py:161} INFO - Started process (PID=857) to work on /home/airflow/.local/lib/python3.12/site-packages/airflow/example_dags/example_branch_python_dop_operator_3.py
[2026-03-22T04:16:02.356+0000] {processor.py:830} INFO - Processing file /home/airflow/.local/lib/python3.12/site-packages/airflow/example_dags/example_branch_python_dop_operator_3.py for tasks to queue
[2026-03-22T04:16:02.364+0000] {logging_mixin.py:188} INFO - [2026-03-22T04:16:02.362+0000] {dagbag.py:545} INFO - Filling up the DagBag from /home/airflow/.local/lib/python3.12/site-packages/airflow/example_dags/example_branch_python_dop_operator_3.py
[2026-03-22T04:16:02.376+0000] {processor.py:840} INFO - DAG(s) 'example_branch_dop_operator_v3' retrieved from /home/airflow/.local/lib/python3.12/site-packages/airflow/example_dags/example_branch_python_dop_operator_3.py
[2026-03-22T04:16:02.408+0000] {logging_mixin.py:188} INFO - [2026-03-22T04:16:02.408+0000] {dag.py:3096} INFO - Sync 1 DAGs
[2026-03-22T04:16:02.457+0000] {logging_mixin.py:188} INFO - [2026-03-22T04:16:02.457+0000] {dag.py:3954} INFO - Setting next_dagrun for example_branch_dop_operator_v3 to 2026-03-22 04:15:00+00:00, run_after=2026-03-22 04:16:00+00:00
[2026-03-22T04:16:02.492+0000] {processor.py:183} INFO - Processing /home/airflow/.local/lib/python3.12/site-packages/airflow/example_dags/example_branch_python_dop_operator_3.py took 0.143 seconds
[2026-03-22T04:17:35.020+0000] {processor.py:161} INFO - Started process (PID=922) to work on /home/airflow/.local/lib/python3.12/site-packages/airflow/example_dags/example_branch_python_dop_operator_3.py
[2026-03-22T04:17:35.021+0000] {processor.py:830} INFO - Processing file /home/airflow/.local/lib/python3.12/site-packages/airflow/example_dags/example_branch_python_dop_operator_3.py for tasks to queue
[2026-03-22T04:17:35.024+0000] {logging_mixin.py:188} INFO - [2026-03-22T04:17:35.024+0000] {dagbag.py:545} INFO - Filling up the DagBag from /home/airflow/.local/lib/python3.12/site-packages/airflow/example_dags/example_branch_python_dop_operator_3.py
[2026-03-22T04:17:35.047+0000] {processor.py:840} INFO - DAG(s) 'example_branch_dop_operator_v3' retrieved from /home/airflow/.local/lib/python3.12/site-packages/airflow/example_dags/example_branch_python_dop_operator_3.py
[2026-03-22T04:17:35.120+0000] {logging_mixin.py:188} INFO - [2026-03-22T04:17:35.120+0000] {dag.py:3096} INFO - Sync 1 DAGs
[2026-03-22T04:17:35.166+0000] {logging_mixin.py:188} INFO - [2026-03-22T04:17:35.166+0000] {dag.py:3954} INFO - Setting next_dagrun for example_branch_dop_operator_v3 to 2026-03-22 04:16:00+00:00, run_after=2026-03-22 04:17:00+00:00
[2026-03-22T04:17:35.214+0000] {processor.py:183} INFO - Processing /home/airflow/.local/lib/python3.12/site-packages/airflow/example_dags/example_branch_python_dop_operator_3.py took 0.202 seconds
[2026-03-22T04:18:06.434+0000] {processor.py:161} INFO - Started process (PID=982) to work on /home/airflow/.local/lib/python3.12/site-packages/airflow/example_dags/example_branch_python_dop_operator_3.py
[2026-03-22T04:18:06.434+0000] {processor.py:830} INFO - Processing file /home/airflow/.local/lib/python3.12/site-packages/airflow/example_dags/example_branch_python_dop_operator_3.py for tasks to queue
[2026-03-22T04:18:06.435+0000] {logging_mixin.py:188} INFO - [2026-03-22T04:18:06.435+0000] {dagbag.py:545} INFO - Filling up the DagBag from /home/airflow/.local/lib/python3.12/site-packages/airflow/example_dags/example_branch_python_dop_operator_3.py
[2026-03-22T04:18:06.441+0000] {processor.py:840} INFO - DAG(s) 'example_branch_dop_operator_v3' retrieved from /home/airflow/.local/lib/python3.12/site-packages/airflow/example_dags/example_branch_python_dop_operator_3.py
[2026-03-22T04:18:06.450+0000] {logging_mixin.py:188} INFO - [2026-03-22T04:18:06.450+0000] {dag.py:3096} INFO - Sync 1 DAGs
[2026-03-22T04:18:06.463+0000] {logging_mixin.py:188} INFO - [2026-03-22T04:18:06.463+0000] {dag.py:3954} INFO - Setting next_dagrun for example_branch_dop_operator_v3 to 2026-03-22 04:17:00+00:00, run_after=2026-03-22 04:18:00+00:00
[2026-03-22T04:18:06.471+0000] {processor.py:183} INFO - Processing /home/airflow/.local/lib/python3.12/site-packages/airflow/example_dags/example_branch_python_dop_operator_3.py took 0.040 seconds
[2026-03-22T04:18:37.073+0000] {processor.py:161} INFO - Started process (PID=1041) to work on /home/airflow/.local/lib/python3.12/site-packages/airflow/example_dags/example_branch_python_dop_operator_3.py
[2026-03-22T04:18:37.074+0000] {processor.py:830} INFO - Processing file /home/airflow/.local/lib/python3.12/site-packages/airflow/example_dags/example_branch_python_dop_operator_3.py for tasks to queue
[2026-03-22T04:18:37.075+0000] {logging_mixin.py:188} INFO - [2026-03-22T04:18:37.075+0000] {dagbag.py:545} INFO - Filling up the DagBag from /home/airflow/.local/lib/python3.12/site-packages/airflow/example_dags/example_branch_python_dop_operator_3.py
[2026-03-22T04:18:37.080+0000] {processor.py:840} INFO - DAG(s) 'example_branch_dop_operator_v3' retrieved from /home/airflow/.local/lib/python3.12/site-packages/airflow/example_dags/example_branch_python_dop_operator_3.py
[2026-03-22T04:18:37.091+0000] {logging_mixin.py:188} INFO - [2026-03-22T04:18:37.091+0000] {dag.py:3096} INFO - Sync 1 DAGs
[2026-03-22T04:18:37.101+0000] {logging_mixin.py:188} INFO - [2026-03-22T04:18:37.101+0000] {dag.py:3954} INFO - Setting next_dagrun for example_branch_dop_operator_v3 to 2026-03-22 04:17:00+00:00, run_after=2026-03-22 04:18:00+00:00
[2026-03-22T04:18:37.109+0000] {processor.py:183} INFO - Processing /home/airflow/.local/lib/python3.12/site-packages/airflow/example_dags/example_branch_python_dop_operator_3.py took 0.044 seconds
[2026-03-22T04:19:07.741+0000] {processor.py:161} INFO - Started process (PID=1099) to work on /home/airflow/.local/lib/python3.12/site-packages/airflow/example_dags/example_branch_python_dop_operator_3.py
[2026-03-22T04:19:07.744+0000] {processor.py:830} INFO - Processing file /home/airflow/.local/lib/python3.12/site-packages/airflow/example_dags/example_branch_python_dop_operator_3.py for tasks to queue
[2026-03-22T04:19:07.746+0000] {logging_mixin.py:188} INFO - [2026-03-22T04:19:07.746+0000] {dagbag.py:545} INFO - Filling up the DagBag from /home/airflow/.local/lib/python3.12/site-packages/airflow/example_dags/example_branch_python_dop_operator_3.py
[2026-03-22T04:19:07.750+0000] {processor.py:840} INFO - DAG(s) 'example_branch_dop_operator_v3' retrieved from /home/airflow/.local/lib/python3.12/site-packages/airflow/example_dags/example_branch_python_dop_operator_3.py
[2026-03-22T04:19:07.759+0000] {logging_mixin.py:188} INFO - [2026-03-22T04:19:07.759+0000] {dag.py:3096} INFO - Sync 1 DAGs
[2026-03-22T04:19:07.771+0000] {logging_mixin.py:188} INFO - [2026-03-22T04:19:07.771+0000] {dag.py:3954} INFO - Setting next_dagrun for example_branch_dop_operator_v3 to 2026-03-22 04:18:00+00:00, run_after=2026-03-22 04:19:00+00:00
[2026-03-22T04:19:07.778+0000] {processor.py:183} INFO - Processing /home/airflow/.local/lib/python3.12/site-packages/airflow/example_dags/example_branch_python_dop_operator_3.py took 0.039 seconds
[2026-03-22T04:19:39.044+0000] {processor.py:161} INFO - Started process (PID=1157) to work on /home/airflow/.local/lib/python3.12/site-packages/airflow/example_dags/example_branch_python_dop_operator_3.py
[2026-03-22T04:19:39.045+0000] {processor.py:830} INFO - Processing file /home/airflow/.local/lib/python3.12/site-packages/airflow/example_dags/example_branch_python_dop_operator_3.py for tasks to queue
[2026-03-22T04:19:39.047+0000] {logging_mixin.py:188} INFO - [2026-03-22T04:19:39.046+0000] {dagbag.py:545} INFO - Filling up the DagBag from /home/airflow/.local/lib/python3.12/site-packages/airflow/example_dags/example_branch_python_dop_operator_3.py
[2026-03-22T04:19:39.053+0000] {processor.py:840} INFO - DAG(s) 'example_branch_dop_operator_v3' retrieved from /home/airflow/.local/lib/python3.12/site-packages/airflow/example_dags/example_branch_python_dop_operator_3.py
[2026-03-22T04:19:39.068+0000] {logging_mixin.py:188} INFO - [2026-03-22T04:19:39.068+0000] {dag.py:3096} INFO - Sync 1 DAGs
[2026-03-22T04:19:39.090+0000] {logging_mixin.py:188} INFO - [2026-03-22T04:19:39.090+0000] {dag.py:3954} INFO - Setting next_dagrun for example_branch_dop_operator_v3 to 2026-03-22 04:18:00+00:00, run_after=2026-03-22 04:19:00+00:00
[2026-03-22T04:19:39.103+0000] {processor.py:183} INFO - Processing /home/airflow/.local/lib/python3.12/site-packages/airflow/example_dags/example_branch_python_dop_operator_3.py took 0.062 seconds
[2026-03-22T04:20:09.392+0000] {processor.py:161} INFO - Started process (PID=1215) to work on /home/airflow/.local/lib/python3.12/site-packages/airflow/example_dags/example_branch_python_dop_operator_3.py
[2026-03-22T04:20:09.392+0000] {processor.py:830} INFO - Processing file /home/airflow/.local/lib/python3.12/site-packages/airflow/example_dags/example_branch_python_dop_operator_3.py for tasks to queue
[2026-03-22T04:20:09.397+0000] {logging_mixin.py:188} INFO - [2026-03-22T04:20:09.396+0000] {dagbag.py:545} INFO - Filling up the DagBag from /home/airflow/.local/lib/python3.12/site-packages/airflow/example_dags/example_branch_python_dop_operator_3.py
[2026-03-22T04:20:09.407+0000] {processor.py:840} INFO - DAG(s) 'example_branch_dop_operator_v3' retrieved from /home/airflow/.local/lib/python3.12/site-packages/airflow/example_dags/example_branch_python_dop_operator_3.py
[2026-03-22T04:20:09.423+0000] {logging_mixin.py:188} INFO - [2026-03-22T04:20:09.423+0000] {dag.py:3096} INFO - Sync 1 DAGs
[2026-03-22T04:20:09.441+0000] {logging_mixin.py:188} INFO - [2026-03-22T04:20:09.441+0000] {dag.py:3954} INFO - Setting next_dagrun for example_branch_dop_operator_v3 to 2026-03-22 04:19:00+00:00, run_after=2026-03-22 04:20:00+00:00
[2026-03-22T04:20:09.455+0000] {processor.py:183} INFO - Processing /home/airflow/.local/lib/python3.12/site-packages/airflow/example_dags/example_branch_python_dop_operator_3.py took 0.066 seconds
[2026-03-22T04:20:40.515+0000] {processor.py:161} INFO - Started process (PID=1279) to work on /home/airflow/.local/lib/python3.12/site-packages/airflow/example_dags/example_branch_python_dop_operator_3.py
[2026-03-22T04:20:40.515+0000] {processor.py:830} INFO - Processing file /home/airflow/.local/lib/python3.12/site-packages/airflow/example_dags/example_branch_python_dop_operator_3.py for tasks to queue
[2026-03-22T04:20:40.518+0000] {logging_mixin.py:188} INFO - [2026-03-22T04:20:40.518+0000] {dagbag.py:545} INFO - Filling up the DagBag from /home/airflow/.local/lib/python3.12/site-packages/airflow/example_dags/example_branch_python_dop_operator_3.py
[2026-03-22T04:20:40.523+0000] {processor.py:840} INFO - DAG(s) 'example_branch_dop_operator_v3' retrieved from /home/airflow/.local/lib/python3.12/site-packages/airflow/example_dags/example_branch_python_dop_operator_3.py
[2026-03-22T04:20:40.534+0000] {logging_mixin.py:188} INFO - [2026-03-22T04:20:40.534+0000] {dag.py:3096} INFO - Sync 1 DAGs
[2026-03-22T04:20:40.545+0000] {logging_mixin.py:188} INFO - [2026-03-22T04:20:40.545+0000] {dag.py:3954} INFO - Setting next_dagrun for example_branch_dop_operator_v3 to 2026-03-22 04:19:00+00:00, run_after=2026-03-22 04:20:00+00:00
[2026-03-22T04:20:40.556+0000] {processor.py:183} INFO - Processing /home/airflow/.local/lib/python3.12/site-packages/airflow/example_dags/example_branch_python_dop_operator_3.py took 0.044 seconds
[2026-03-22T04:21:11.564+0000] {processor.py:161} INFO - Started process (PID=1336) to work on /home/airflow/.local/lib/python3.12/site-packages/airflow/example_dags/example_branch_python_dop_operator_3.py
[2026-03-22T04:21:11.566+0000] {processor.py:830} INFO - Processing file /home/airflow/.local/lib/python3.12/site-packages/airflow/example_dags/example_branch_python_dop_operator_3.py for tasks to queue
[2026-03-22T04:21:11.567+0000] {logging_mixin.py:188} INFO - [2026-03-22T04:21:11.567+0000] {dagbag.py:545} INFO - Filling up the DagBag from /home/airflow/.local/lib/python3.12/site-packages/airflow/example_dags/example_branch_python_dop_operator_3.py
[2026-03-22T04:21:11.573+0000] {processor.py:840} INFO - DAG(s) 'example_branch_dop_operator_v3' retrieved from /home/airflow/.local/lib/python3.12/site-packages/airflow/example_dags/example_branch_python_dop_operator_3.py
[2026-03-22T04:21:11.584+0000] {logging_mixin.py:188} INFO - [2026-03-22T04:21:11.584+0000] {dag.py:3096} INFO - Sync 1 DAGs
[2026-03-22T04:21:11.598+0000] {logging_mixin.py:188} INFO - [2026-03-22T04:21:11.598+0000] {dag.py:3954} INFO - Setting next_dagrun for example_branch_dop_operator_v3 to 2026-03-22 04:20:00+00:00, run_after=2026-03-22 04:21:00+00:00
[2026-03-22T04:21:11.620+0000] {processor.py:183} INFO - Processing /home/airflow/.local/lib/python3.12/site-packages/airflow/example_dags/example_branch_python_dop_operator_3.py took 0.059 seconds
[2026-03-22T04:21:42.923+0000] {processor.py:161} INFO - Started process (PID=1396) to work on /home/airflow/.local/lib/python3.12/site-packages/airflow/example_dags/example_branch_python_dop_operator_3.py
[2026-03-22T04:21:42.924+0000] {processor.py:830} INFO - Processing file /home/airflow/.local/lib/python3.12/site-packages/airflow/example_dags/example_branch_python_dop_operator_3.py for tasks to queue
[2026-03-22T04:21:42.925+0000] {logging_mixin.py:188} INFO - [2026-03-22T04:21:42.924+0000] {dagbag.py:545} INFO - Filling up the DagBag from /home/airflow/.local/lib/python3.12/site-packages/airflow/example_dags/example_branch_python_dop_operator_3.py
[2026-03-22T04:21:42.931+0000] {processor.py:840} INFO - DAG(s) 'example_branch_dop_operator_v3' retrieved from /home/airflow/.local/lib/python3.12/site-packages/airflow/example_dags/example_branch_python_dop_operator_3.py
[2026-03-22T04:21:42.940+0000] {logging_mixin.py:188} INFO - [2026-03-22T04:21:42.940+0000] {dag.py:3096} INFO - Sync 1 DAGs
[2026-03-22T04:21:42.949+0000] {logging_mixin.py:188} INFO - [2026-03-22T04:21:42.949+0000] {dag.py:3954} INFO - Setting next_dagrun for example_branch_dop_operator_v3 to 2026-03-22 04:20:00+00:00, run_after=2026-03-22 04:21:00+00:00
[2026-03-22T04:21:42.957+0000] {processor.py:183} INFO - Processing /home/airflow/.local/lib/python3.12/site-packages/airflow/example_dags/example_branch_python_dop_operator_3.py took 0.036 seconds
[2026-03-22T04:23:05.614+0000] {processor.py:161} INFO - Started process (PID=1467) to work on /home/airflow/.local/lib/python3.12/site-packages/airflow/example_dags/example_branch_python_dop_operator_3.py
[2026-03-22T04:23:05.615+0000] {processor.py:830} INFO - Processing file /home/airflow/.local/lib/python3.12/site-packages/airflow/example_dags/example_branch_python_dop_operator_3.py for tasks to queue
[2026-03-22T04:23:05.616+0000] {logging_mixin.py:188} INFO - [2026-03-22T04:23:05.616+0000] {dagbag.py:545} INFO - Filling up the DagBag from /home/airflow/.local/lib/python3.12/site-packages/airflow/example_dags/example_branch_python_dop_operator_3.py
[2026-03-22T04:23:05.627+0000] {processor.py:840} INFO - DAG(s) 'example_branch_dop_operator_v3' retrieved from /home/airflow/.local/lib/python3.12/site-packages/airflow/example_dags/example_branch_python_dop_operator_3.py
[2026-03-22T04:23:05.645+0000] {logging_mixin.py:188} INFO - [2026-03-22T04:23:05.644+0000] {dag.py:3096} INFO - Sync 1 DAGs
[2026-03-22T04:23:05.667+0000] {logging_mixin.py:188} INFO - [2026-03-22T04:23:05.667+0000] {dag.py:3954} INFO - Setting next_dagrun for example_branch_dop_operator_v3 to 2026-03-22 04:22:00+00:00, run_after=2026-03-22 04:23:00+00:00
[2026-03-22T04:23:05.683+0000] {processor.py:183} INFO - Processing /home/airflow/.local/lib/python3.12/site-packages/airflow/example_dags/example_branch_python_dop_operator_3.py took 0.074 seconds
[2026-03-22T04:23:37.134+0000] {processor.py:161} INFO - Started process (PID=1532) to work on /home/airflow/.local/lib/python3.12/site-packages/airflow/example_dags/example_branch_python_dop_operator_3.py
[2026-03-22T04:23:37.135+0000] {processor.py:830} INFO - Processing file /home/airflow/.local/lib/python3.12/site-packages/airflow/example_dags/example_branch_python_dop_operator_3.py for tasks to queue
[2026-03-22T04:23:37.137+0000] {logging_mixin.py:188} INFO - [2026-03-22T04:23:37.136+0000] {dagbag.py:545} INFO - Filling up the DagBag from /home/airflow/.local/lib/python3.12/site-packages/airflow/example_dags/example_branch_python_dop_operator_3.py
[2026-03-22T04:23:37.142+0000] {processor.py:840} INFO - DAG(s) 'example_branch_dop_operator_v3' retrieved from /home/airflow/.local/lib/python3.12/site-packages/airflow/example_dags/example_branch_python_dop_operator_3.py
[2026-03-22T04:23:37.176+0000] {logging_mixin.py:188} INFO - [2026-03-22T04:23:37.175+0000] {dag.py:3096} INFO - Sync 1 DAGs
[2026-03-22T04:23:37.206+0000] {logging_mixin.py:188} INFO - [2026-03-22T04:23:37.205+0000] {dag.py:3954} INFO - Setting next_dagrun for example_branch_dop_operator_v3 to 2026-03-22 04:22:00+00:00, run_after=2026-03-22 04:23:00+00:00
[2026-03-22T04:23:37.216+0000] {processor.py:183} INFO - Processing /home/airflow/.local/lib/python3.12/site-packages/airflow/example_dags/example_branch_python_dop_operator_3.py took 0.088 seconds
[2026-03-22T04:24:07.854+0000] {processor.py:161} INFO - Started process (PID=1591) to work on /home/airflow/.local/lib/python3.12/site-packages/airflow/example_dags/example_branch_python_dop_operator_3.py
[2026-03-22T04:24:07.856+0000] {processor.py:830} INFO - Processing file /home/airflow/.local/lib/python3.12/site-packages/airflow/example_dags/example_branch_python_dop_operator_3.py for tasks to queue
[2026-03-22T04:24:07.857+0000] {logging_mixin.py:188} INFO - [2026-03-22T04:24:07.857+0000] {dagbag.py:545} INFO - Filling up the DagBag from /home/airflow/.local/lib/python3.12/site-packages/airflow/example_dags/example_branch_python_dop_operator_3.py
[2026-03-22T04:24:07.870+0000] {processor.py:840} INFO - DAG(s) 'example_branch_dop_operator_v3' retrieved from /home/airflow/.local/lib/python3.12/site-packages/airflow/example_dags/example_branch_python_dop_operator_3.py
[2026-03-22T04:24:07.884+0000] {logging_mixin.py:188} INFO - [2026-03-22T04:24:07.884+0000] {dag.py:3096} INFO - Sync 1 DAGs
[2026-03-22T04:24:07.897+0000] {logging_mixin.py:188} INFO - [2026-03-22T04:24:07.897+0000] {dag.py:3954} INFO - Setting next_dagrun for example_branch_dop_operator_v3 to 2026-03-22 04:23:00+00:00, run_after=2026-03-22 04:24:00+00:00
[2026-03-22T04:24:07.906+0000] {processor.py:183} INFO - Processing /home/airflow/.local/lib/python3.12/site-packages/airflow/example_dags/example_branch_python_dop_operator_3.py took 0.054 seconds
[2026-03-22T04:25:44.310+0000] {processor.py:161} INFO - Started process (PID=1675) to work on /home/airflow/.local/lib/python3.12/site-packages/airflow/example_dags/example_branch_python_dop_operator_3.py
[2026-03-22T04:25:44.344+0000] {processor.py:830} INFO - Processing file /home/airflow/.local/lib/python3.12/site-packages/airflow/example_dags/example_branch_python_dop_operator_3.py for tasks to queue
[2026-03-22T04:25:44.372+0000] {logging_mixin.py:188} INFO - [2026-03-22T04:25:44.369+0000] {dagbag.py:545} INFO - Filling up the DagBag from /home/airflow/.local/lib/python3.12/site-packages/airflow/example_dags/example_branch_python_dop_operator_3.py
[2026-03-22T04:25:44.543+0000] {processor.py:840} INFO - DAG(s) 'example_branch_dop_operator_v3' retrieved from /home/airflow/.local/lib/python3.12/site-packages/airflow/example_dags/example_branch_python_dop_operator_3.py
[2026-03-22T04:25:44.828+0000] {logging_mixin.py:188} INFO - [2026-03-22T04:25:44.828+0000] {dag.py:3096} INFO - Sync 1 DAGs
[2026-03-22T04:25:46.474+0000] {logging_mixin.py:188} INFO - [2026-03-22T04:25:46.469+0000] {dag.py:3954} INFO - Setting next_dagrun for example_branch_dop_operator_v3 to 2026-03-22 04:24:00+00:00, run_after=2026-03-22 04:25:00+00:00
[2026-03-22T04:25:46.592+0000] {processor.py:183} INFO - Processing /home/airflow/.local/lib/python3.12/site-packages/airflow/example_dags/example_branch_python_dop_operator_3.py took 2.351 seconds
[2026-03-22T04:30:52.053+0000] {processor.py:161} INFO - Started process (PID=1798) to work on /home/airflow/.local/lib/python3.12/site-packages/airflow/example_dags/example_branch_python_dop_operator_3.py
[2026-03-22T04:30:52.418+0000] {processor.py:830} INFO - Processing file /home/airflow/.local/lib/python3.12/site-packages/airflow/example_dags/example_branch_python_dop_operator_3.py for tasks to queue
[2026-03-22T04:30:52.693+0000] {logging_mixin.py:188} INFO - [2026-03-22T04:30:52.638+0000] {dagbag.py:545} INFO - Filling up the DagBag from /home/airflow/.local/lib/python3.12/site-packages/airflow/example_dags/example_branch_python_dop_operator_3.py
[2026-03-22T04:30:54.871+0000] {processor.py:840} INFO - DAG(s) 'example_branch_dop_operator_v3' retrieved from /home/airflow/.local/lib/python3.12/site-packages/airflow/example_dags/example_branch_python_dop_operator_3.py
[2026-03-22T04:30:58.348+0000] {logging_mixin.py:188} INFO - [2026-03-22T04:30:58.318+0000] {dag.py:3096} INFO - Sync 1 DAGs
[2026-03-22T04:31:00.085+0000] {logging_mixin.py:188} INFO - [2026-03-22T04:30:59.946+0000] {dag.py:3954} INFO - Setting next_dagrun for example_branch_dop_operator_v3 to 2026-03-22 04:29:00+00:00, run_after=2026-03-22 04:30:00+00:00
[2026-03-22T04:31:13.840+0000] {processor.py:183} INFO - Processing /home/airflow/.local/lib/python3.12/site-packages/airflow/example_dags/example_branch_python_dop_operator_3.py took 22.007 seconds
[2026-03-22T04:38:33.622+0000] {processor.py:161} INFO - Started process (PID=1942) to work on /home/airflow/.local/lib/python3.12/site-packages/airflow/example_dags/example_branch_python_dop_operator_3.py
[2026-03-22T04:38:33.639+0000] {processor.py:830} INFO - Processing file /home/airflow/.local/lib/python3.12/site-packages/airflow/example_dags/example_branch_python_dop_operator_3.py for tasks to queue
[2026-03-22T04:38:33.685+0000] {logging_mixin.py:188} INFO - [2026-03-22T04:38:33.675+0000] {dagbag.py:545} INFO - Filling up the DagBag from /home/airflow/.local/lib/python3.12/site-packages/airflow/example_dags/example_branch_python_dop_operator_3.py
[2026-03-22T04:38:33.880+0000] {processor.py:840} INFO - DAG(s) 'example_branch_dop_operator_v3' retrieved from /home/airflow/.local/lib/python3.12/site-packages/airflow/example_dags/example_branch_python_dop_operator_3.py
[2026-03-22T04:38:34.967+0000] {logging_mixin.py:188} INFO - [2026-03-22T04:38:34.957+0000] {dag.py:3096} INFO - Sync 1 DAGs
[2026-03-22T04:38:35.317+0000] {logging_mixin.py:188} INFO - [2026-03-22T04:38:35.313+0000] {dag.py:3954} INFO - Setting next_dagrun for example_branch_dop_operator_v3 to 2026-03-22 04:37:00+00:00, run_after=2026-03-22 04:38:00+00:00
[2026-03-22T04:38:35.733+0000] {processor.py:183} INFO - Processing /home/airflow/.local/lib/python3.12/site-packages/airflow/example_dags/example_branch_python_dop_operator_3.py took 2.210 seconds
[2026-03-22T04:40:03.049+0000] {processor.py:161} INFO - Started process (PID=2021) to work on /home/airflow/.local/lib/python3.12/site-packages/airflow/example_dags/example_branch_python_dop_operator_3.py
[2026-03-22T04:40:03.064+0000] {processor.py:830} INFO - Processing file /home/airflow/.local/lib/python3.12/site-packages/airflow/example_dags/example_branch_python_dop_operator_3.py for tasks to queue
[2026-03-22T04:40:03.103+0000] {logging_mixin.py:188} INFO - [2026-03-22T04:40:03.100+0000] {dagbag.py:545} INFO - Filling up the DagBag from /home/airflow/.local/lib/python3.12/site-packages/airflow/example_dags/example_branch_python_dop_operator_3.py
[2026-03-22T04:40:03.266+0000] {processor.py:840} INFO - DAG(s) 'example_branch_dop_operator_v3' retrieved from /home/airflow/.local/lib/python3.12/site-packages/airflow/example_dags/example_branch_python_dop_operator_3.py
[2026-03-22T04:40:03.606+0000] {logging_mixin.py:188} INFO - [2026-03-22T04:40:03.588+0000] {dag.py:3096} INFO - Sync 1 DAGs
[2026-03-22T04:40:03.789+0000] {logging_mixin.py:188} INFO - [2026-03-22T04:40:03.785+0000] {dag.py:3954} INFO - Setting next_dagrun for example_branch_dop_operator_v3 to 2026-03-22 04:39:00+00:00, run_after=2026-03-22 04:40:00+00:00
[2026-03-22T04:40:04.062+0000] {processor.py:183} INFO - Processing /home/airflow/.local/lib/python3.12/site-packages/airflow/example_dags/example_branch_python_dop_operator_3.py took 1.078 seconds
[2026-03-22T04:41:11.426+0000] {processor.py:161} INFO - Started process (PID=2089) to work on /home/airflow/.local/lib/python3.12/site-packages/airflow/example_dags/example_branch_python_dop_operator_3.py
[2026-03-22T04:41:11.444+0000] {processor.py:830} INFO - Processing file /home/airflow/.local/lib/python3.12/site-packages/airflow/example_dags/example_branch_python_dop_operator_3.py for tasks to queue
[2026-03-22T04:41:11.474+0000] {logging_mixin.py:188} INFO - [2026-03-22T04:41:11.462+0000] {dagbag.py:545} INFO - Filling up the DagBag from /home/airflow/.local/lib/python3.12/site-packages/airflow/example_dags/example_branch_python_dop_operator_3.py
[2026-03-22T04:41:11.593+0000] {processor.py:840} INFO - DAG(s) 'example_branch_dop_operator_v3' retrieved from /home/airflow/.local/lib/python3.12/site-packages/airflow/example_dags/example_branch_python_dop_operator_3.py
[2026-03-22T04:41:12.244+0000] {logging_mixin.py:188} INFO - [2026-03-22T04:41:12.235+0000] {dag.py:3096} INFO - Sync 1 DAGs
[2026-03-22T04:41:12.711+0000] {logging_mixin.py:188} INFO - [2026-03-22T04:41:12.703+0000] {dag.py:3954} INFO - Setting next_dagrun for example_branch_dop_operator_v3 to 2026-03-22 04:40:00+00:00, run_after=2026-03-22 04:41:00+00:00
[2026-03-22T04:41:14.006+0000] {processor.py:183} INFO - Processing /home/airflow/.local/lib/python3.12/site-packages/airflow/example_dags/example_branch_python_dop_operator_3.py took 2.646 seconds
[2026-03-22T04:42:15.884+0000] {processor.py:161} INFO - Started process (PID=2162) to work on /home/airflow/.local/lib/python3.12/site-packages/airflow/example_dags/example_branch_python_dop_operator_3.py
[2026-03-22T04:42:15.907+0000] {processor.py:830} INFO - Processing file /home/airflow/.local/lib/python3.12/site-packages/airflow/example_dags/example_branch_python_dop_operator_3.py for tasks to queue
[2026-03-22T04:42:16.038+0000] {logging_mixin.py:188} INFO - [2026-03-22T04:42:16.025+0000] {dagbag.py:545} INFO - Filling up the DagBag from /home/airflow/.local/lib/python3.12/site-packages/airflow/example_dags/example_branch_python_dop_operator_3.py
[2026-03-22T04:42:16.480+0000] {processor.py:840} INFO - DAG(s) 'example_branch_dop_operator_v3' retrieved from /home/airflow/.local/lib/python3.12/site-packages/airflow/example_dags/example_branch_python_dop_operator_3.py
[2026-03-22T04:42:17.744+0000] {logging_mixin.py:188} INFO - [2026-03-22T04:42:17.711+0000] {dag.py:3096} INFO - Sync 1 DAGs
[2026-03-22T04:42:18.031+0000] {logging_mixin.py:188} INFO - [2026-03-22T04:42:18.024+0000] {dag.py:3954} INFO - Setting next_dagrun for example_branch_dop_operator_v3 to 2026-03-22 04:41:00+00:00, run_after=2026-03-22 04:42:00+00:00
[2026-03-22T04:42:18.139+0000] {processor.py:183} INFO - Processing /home/airflow/.local/lib/python3.12/site-packages/airflow/example_dags/example_branch_python_dop_operator_3.py took 2.458 seconds
[2026-03-22T04:42:48.635+0000] {processor.py:161} INFO - Started process (PID=2220) to work on /home/airflow/.local/lib/python3.12/site-packages/airflow/example_dags/example_branch_python_dop_operator_3.py
[2026-03-22T04:42:48.638+0000] {processor.py:830} INFO - Processing file /home/airflow/.local/lib/python3.12/site-packages/airflow/example_dags/example_branch_python_dop_operator_3.py for tasks to queue
[2026-03-22T04:42:48.643+0000] {logging_mixin.py:188} INFO - [2026-03-22T04:42:48.641+0000] {dagbag.py:545} INFO - Filling up the DagBag from /home/airflow/.local/lib/python3.12/site-packages/airflow/example_dags/example_branch_python_dop_operator_3.py
[2026-03-22T04:42:48.664+0000] {processor.py:840} INFO - DAG(s) 'example_branch_dop_operator_v3' retrieved from /home/airflow/.local/lib/python3.12/site-packages/airflow/example_dags/example_branch_python_dop_operator_3.py
[2026-03-22T04:42:48.717+0000] {logging_mixin.py:188} INFO - [2026-03-22T04:42:48.717+0000] {dag.py:3096} INFO - Sync 1 DAGs
[2026-03-22T04:42:48.746+0000] {logging_mixin.py:188} INFO - [2026-03-22T04:42:48.746+0000] {dag.py:3954} INFO - Setting next_dagrun for example_branch_dop_operator_v3 to 2026-03-22 04:41:00+00:00, run_after=2026-03-22 04:42:00+00:00
[2026-03-22T04:42:48.765+0000] {processor.py:183} INFO - Processing /home/airflow/.local/lib/python3.12/site-packages/airflow/example_dags/example_branch_python_dop_operator_3.py took 0.142 seconds
[2026-03-22T04:43:19.097+0000] {processor.py:161} INFO - Started process (PID=2278) to work on /home/airflow/.local/lib/python3.12/site-packages/airflow/example_dags/example_branch_python_dop_operator_3.py
[2026-03-22T04:43:19.099+0000] {processor.py:830} INFO - Processing file /home/airflow/.local/lib/python3.12/site-packages/airflow/example_dags/example_branch_python_dop_operator_3.py for tasks to queue
[2026-03-22T04:43:19.105+0000] {logging_mixin.py:188} INFO - [2026-03-22T04:43:19.105+0000] {dagbag.py:545} INFO - Filling up the DagBag from /home/airflow/.local/lib/python3.12/site-packages/airflow/example_dags/example_branch_python_dop_operator_3.py
[2026-03-22T04:43:19.130+0000] {processor.py:840} INFO - DAG(s) 'example_branch_dop_operator_v3' retrieved from /home/airflow/.local/lib/python3.12/site-packages/airflow/example_dags/example_branch_python_dop_operator_3.py
[2026-03-22T04:43:19.200+0000] {logging_mixin.py:188} INFO - [2026-03-22T04:43:19.199+0000] {dag.py:3096} INFO - Sync 1 DAGs
[2026-03-22T04:43:19.254+0000] {logging_mixin.py:188} INFO - [2026-03-22T04:43:19.254+0000] {dag.py:3954} INFO - Setting next_dagrun for example_branch_dop_operator_v3 to 2026-03-22 04:42:00+00:00, run_after=2026-03-22 04:43:00+00:00
[2026-03-22T04:43:19.288+0000] {processor.py:183} INFO - Processing /home/airflow/.local/lib/python3.12/site-packages/airflow/example_dags/example_branch_python_dop_operator_3.py took 0.209 seconds
[2026-03-22T04:43:49.590+0000] {processor.py:161} INFO - Started process (PID=2336) to work on /home/airflow/.local/lib/python3.12/site-packages/airflow/example_dags/example_branch_python_dop_operator_3.py
[2026-03-22T04:43:49.594+0000] {processor.py:830} INFO - Processing file /home/airflow/.local/lib/python3.12/site-packages/airflow/example_dags/example_branch_python_dop_operator_3.py for tasks to queue
[2026-03-22T04:43:49.603+0000] {logging_mixin.py:188} INFO - [2026-03-22T04:43:49.601+0000] {dagbag.py:545} INFO - Filling up the DagBag from /home/airflow/.local/lib/python3.12/site-packages/airflow/example_dags/example_branch_python_dop_operator_3.py
[2026-03-22T04:43:49.646+0000] {processor.py:840} INFO - DAG(s) 'example_branch_dop_operator_v3' retrieved from /home/airflow/.local/lib/python3.12/site-packages/airflow/example_dags/example_branch_python_dop_operator_3.py
[2026-03-22T04:43:49.706+0000] {logging_mixin.py:188} INFO - [2026-03-22T04:43:49.706+0000] {dag.py:3096} INFO - Sync 1 DAGs
[2026-03-22T04:43:49.737+0000] {logging_mixin.py:188} INFO - [2026-03-22T04:43:49.737+0000] {dag.py:3954} INFO - Setting next_dagrun for example_branch_dop_operator_v3 to 2026-03-22 04:42:00+00:00, run_after=2026-03-22 04:43:00+00:00
[2026-03-22T04:43:49.750+0000] {processor.py:183} INFO - Processing /home/airflow/.local/lib/python3.12/site-packages/airflow/example_dags/example_branch_python_dop_operator_3.py took 0.198 seconds
[2026-03-22T04:44:20.401+0000] {processor.py:161} INFO - Started process (PID=2400) to work on /home/airflow/.local/lib/python3.12/site-packages/airflow/example_dags/example_branch_python_dop_operator_3.py
[2026-03-22T04:44:20.403+0000] {processor.py:830} INFO - Processing file /home/airflow/.local/lib/python3.12/site-packages/airflow/example_dags/example_branch_python_dop_operator_3.py for tasks to queue
[2026-03-22T04:44:20.410+0000] {logging_mixin.py:188} INFO - [2026-03-22T04:44:20.408+0000] {dagbag.py:545} INFO - Filling up the DagBag from /home/airflow/.local/lib/python3.12/site-packages/airflow/example_dags/example_branch_python_dop_operator_3.py
[2026-03-22T04:44:20.448+0000] {processor.py:840} INFO - DAG(s) 'example_branch_dop_operator_v3' retrieved from /home/airflow/.local/lib/python3.12/site-packages/airflow/example_dags/example_branch_python_dop_operator_3.py
[2026-03-22T04:44:20.518+0000] {logging_mixin.py:188} INFO - [2026-03-22T04:44:20.516+0000] {dag.py:3096} INFO - Sync 1 DAGs
[2026-03-22T04:44:20.553+0000] {logging_mixin.py:188} INFO - [2026-03-22T04:44:20.553+0000] {dag.py:3954} INFO - Setting next_dagrun for example_branch_dop_operator_v3 to 2026-03-22 04:43:00+00:00, run_after=2026-03-22 04:44:00+00:00
[2026-03-22T04:44:20.576+0000] {processor.py:183} INFO - Processing /home/airflow/.local/lib/python3.12/site-packages/airflow/example_dags/example_branch_python_dop_operator_3.py took 0.199 seconds
[2026-03-22T04:44:50.906+0000] {processor.py:161} INFO - Started process (PID=2458) to work on /home/airflow/.local/lib/python3.12/site-packages/airflow/example_dags/example_branch_python_dop_operator_3.py
[2026-03-22T04:44:50.909+0000] {processor.py:830} INFO - Processing file /home/airflow/.local/lib/python3.12/site-packages/airflow/example_dags/example_branch_python_dop_operator_3.py for tasks to queue
[2026-03-22T04:44:50.914+0000] {logging_mixin.py:188} INFO - [2026-03-22T04:44:50.912+0000] {dagbag.py:545} INFO - Filling up the DagBag from /home/airflow/.local/lib/python3.12/site-packages/airflow/example_dags/example_branch_python_dop_operator_3.py
[2026-03-22T04:44:50.944+0000] {processor.py:840} INFO - DAG(s) 'example_branch_dop_operator_v3' retrieved from /home/airflow/.local/lib/python3.12/site-packages/airflow/example_dags/example_branch_python_dop_operator_3.py
[2026-03-22T04:44:51.145+0000] {logging_mixin.py:188} INFO - [2026-03-22T04:44:51.145+0000] {dag.py:3096} INFO - Sync 1 DAGs
[2026-03-22T04:44:51.209+0000] {logging_mixin.py:188} INFO - [2026-03-22T04:44:51.209+0000] {dag.py:3954} INFO - Setting next_dagrun for example_branch_dop_operator_v3 to 2026-03-22 04:43:00+00:00, run_after=2026-03-22 04:44:00+00:00
[2026-03-22T04:44:51.238+0000] {processor.py:183} INFO - Processing /home/airflow/.local/lib/python3.12/site-packages/airflow/example_dags/example_branch_python_dop_operator_3.py took 0.347 seconds
[2026-03-22T04:45:21.823+0000] {processor.py:161} INFO - Started process (PID=2515) to work on /home/airflow/.local/lib/python3.12/site-packages/airflow/example_dags/example_branch_python_dop_operator_3.py
[2026-03-22T04:45:21.825+0000] {processor.py:830} INFO - Processing file /home/airflow/.local/lib/python3.12/site-packages/airflow/example_dags/example_branch_python_dop_operator_3.py for tasks to queue
[2026-03-22T04:45:21.829+0000] {logging_mixin.py:188} INFO - [2026-03-22T04:45:21.828+0000] {dagbag.py:545} INFO - Filling up the DagBag from /home/airflow/.local/lib/python3.12/site-packages/airflow/example_dags/example_branch_python_dop_operator_3.py
[2026-03-22T04:45:21.848+0000] {processor.py:840} INFO - DAG(s) 'example_branch_dop_operator_v3' retrieved from /home/airflow/.local/lib/python3.12/site-packages/airflow/example_dags/example_branch_python_dop_operator_3.py
[2026-03-22T04:45:21.881+0000] {logging_mixin.py:188} INFO - [2026-03-22T04:45:21.880+0000] {dag.py:3096} INFO - Sync 1 DAGs
[2026-03-22T04:45:21.908+0000] {logging_mixin.py:188} INFO - [2026-03-22T04:45:21.908+0000] {dag.py:3954} INFO - Setting next_dagrun for example_branch_dop_operator_v3 to 2026-03-22 04:44:00+00:00, run_after=2026-03-22 04:45:00+00:00
[2026-03-22T04:45:21.919+0000] {processor.py:183} INFO - Processing /home/airflow/.local/lib/python3.12/site-packages/airflow/example_dags/example_branch_python_dop_operator_3.py took 0.112 seconds
[2026-03-22T04:45:52.163+0000] {processor.py:161} INFO - Started process (PID=2573) to work on /home/airflow/.local/lib/python3.12/site-packages/airflow/example_dags/example_branch_python_dop_operator_3.py
[2026-03-22T04:45:52.167+0000] {processor.py:830} INFO - Processing file /home/airflow/.local/lib/python3.12/site-packages/airflow/example_dags/example_branch_python_dop_operator_3.py for tasks to queue
[2026-03-22T04:45:52.169+0000] {logging_mixin.py:188} INFO - [2026-03-22T04:45:52.169+0000] {dagbag.py:545} INFO - Filling up the DagBag from /home/airflow/.local/lib/python3.12/site-packages/airflow/example_dags/example_branch_python_dop_operator_3.py
[2026-03-22T04:45:52.175+0000] {processor.py:840} INFO - DAG(s) 'example_branch_dop_operator_v3' retrieved from /home/airflow/.local/lib/python3.12/site-packages/airflow/example_dags/example_branch_python_dop_operator_3.py
[2026-03-22T04:45:52.195+0000] {logging_mixin.py:188} INFO - [2026-03-22T04:45:52.194+0000] {dag.py:3096} INFO - Sync 1 DAGs
[2026-03-22T04:45:52.221+0000] {logging_mixin.py:188} INFO - [2026-03-22T04:45:52.221+0000] {dag.py:3954} INFO - Setting next_dagrun for example_branch_dop_operator_v3 to 2026-03-22 04:44:00+00:00, run_after=2026-03-22 04:45:00+00:00
[2026-03-22T04:45:52.231+0000] {processor.py:183} INFO - Processing /home/airflow/.local/lib/python3.12/site-packages/airflow/example_dags/example_branch_python_dop_operator_3.py took 0.085 seconds
[2026-03-22T04:46:25.904+0000] {processor.py:161} INFO - Started process (PID=2631) to work on /home/airflow/.local/lib/python3.12/site-packages/airflow/example_dags/example_branch_python_dop_operator_3.py
[2026-03-22T04:46:25.907+0000] {processor.py:830} INFO - Processing file /home/airflow/.local/lib/python3.12/site-packages/airflow/example_dags/example_branch_python_dop_operator_3.py for tasks to queue
[2026-03-22T04:46:25.916+0000] {logging_mixin.py:188} INFO - [2026-03-22T04:46:25.915+0000] {dagbag.py:545} INFO - Filling up the DagBag from /home/airflow/.local/lib/python3.12/site-packages/airflow/example_dags/example_branch_python_dop_operator_3.py
[2026-03-22T04:46:25.952+0000] {processor.py:840} INFO - DAG(s) 'example_branch_dop_operator_v3' retrieved from /home/airflow/.local/lib/python3.12/site-packages/airflow/example_dags/example_branch_python_dop_operator_3.py
[2026-03-22T04:46:26.058+0000] {logging_mixin.py:188} INFO - [2026-03-22T04:46:26.055+0000] {dag.py:3096} INFO - Sync 1 DAGs
[2026-03-22T04:46:26.209+0000] {logging_mixin.py:188} INFO - [2026-03-22T04:46:26.208+0000] {dag.py:3954} INFO - Setting next_dagrun for example_branch_dop_operator_v3 to 2026-03-22 04:45:00+00:00, run_after=2026-03-22 04:46:00+00:00
[2026-03-22T04:46:26.336+0000] {processor.py:183} INFO - Processing /home/airflow/.local/lib/python3.12/site-packages/airflow/example_dags/example_branch_python_dop_operator_3.py took 0.450 seconds
[2026-03-22T04:46:56.922+0000] {processor.py:161} INFO - Started process (PID=2690) to work on /home/airflow/.local/lib/python3.12/site-packages/airflow/example_dags/example_branch_python_dop_operator_3.py
[2026-03-22T04:46:56.924+0000] {processor.py:830} INFO - Processing file /home/airflow/.local/lib/python3.12/site-packages/airflow/example_dags/example_branch_python_dop_operator_3.py for tasks to queue
[2026-03-22T04:46:56.936+0000] {logging_mixin.py:188} INFO - [2026-03-22T04:46:56.935+0000] {dagbag.py:545} INFO - Filling up the DagBag from /home/airflow/.local/lib/python3.12/site-packages/airflow/example_dags/example_branch_python_dop_operator_3.py
[2026-03-22T04:46:56.984+0000] {processor.py:840} INFO - DAG(s) 'example_branch_dop_operator_v3' retrieved from /home/airflow/.local/lib/python3.12/site-packages/airflow/example_dags/example_branch_python_dop_operator_3.py
[2026-03-22T04:46:57.053+0000] {logging_mixin.py:188} INFO - [2026-03-22T04:46:57.052+0000] {dag.py:3096} INFO - Sync 1 DAGs
[2026-03-22T04:46:57.125+0000] {logging_mixin.py:188} INFO - [2026-03-22T04:46:57.124+0000] {dag.py:3954} INFO - Setting next_dagrun for example_branch_dop_operator_v3 to 2026-03-22 04:45:00+00:00, run_after=2026-03-22 04:46:00+00:00
[2026-03-22T04:46:57.158+0000] {processor.py:183} INFO - Processing /home/airflow/.local/lib/python3.12/site-packages/airflow/example_dags/example_branch_python_dop_operator_3.py took 0.276 seconds
[2026-03-22T04:47:28.159+0000] {processor.py:161} INFO - Started process (PID=2748) to work on /home/airflow/.local/lib/python3.12/site-packages/airflow/example_dags/example_branch_python_dop_operator_3.py
[2026-03-22T04:47:28.184+0000] {processor.py:830} INFO - Processing file /home/airflow/.local/lib/python3.12/site-packages/airflow/example_dags/example_branch_python_dop_operator_3.py for tasks to queue
[2026-03-22T04:47:28.245+0000] {logging_mixin.py:188} INFO - [2026-03-22T04:47:28.243+0000] {dagbag.py:545} INFO - Filling up the DagBag from /home/airflow/.local/lib/python3.12/site-packages/airflow/example_dags/example_branch_python_dop_operator_3.py
[2026-03-22T04:47:28.366+0000] {processor.py:840} INFO - DAG(s) 'example_branch_dop_operator_v3' retrieved from /home/airflow/.local/lib/python3.12/site-packages/airflow/example_dags/example_branch_python_dop_operator_3.py
[2026-03-22T04:47:28.464+0000] {logging_mixin.py:188} INFO - [2026-03-22T04:47:28.463+0000] {dag.py:3096} INFO - Sync 1 DAGs
[2026-03-22T04:47:28.518+0000] {logging_mixin.py:188} INFO - [2026-03-22T04:47:28.518+0000] {dag.py:3954} INFO - Setting next_dagrun for example_branch_dop_operator_v3 to 2026-03-22 04:46:00+00:00, run_after=2026-03-22 04:47:00+00:00
[2026-03-22T04:47:28.562+0000] {processor.py:183} INFO - Processing /home/airflow/.local/lib/python3.12/site-packages/airflow/example_dags/example_branch_python_dop_operator_3.py took 0.491 seconds
[2026-03-22T04:47:59.283+0000] {processor.py:161} INFO - Started process (PID=2806) to work on /home/airflow/.local/lib/python3.12/site-packages/airflow/example_dags/example_branch_python_dop_operator_3.py
[2026-03-22T04:47:59.292+0000] {processor.py:830} INFO - Processing file /home/airflow/.local/lib/python3.12/site-packages/airflow/example_dags/example_branch_python_dop_operator_3.py for tasks to queue
[2026-03-22T04:47:59.302+0000] {logging_mixin.py:188} INFO - [2026-03-22T04:47:59.301+0000] {dagbag.py:545} INFO - Filling up the DagBag from /home/airflow/.local/lib/python3.12/site-packages/airflow/example_dags/example_branch_python_dop_operator_3.py
[2026-03-22T04:47:59.326+0000] {processor.py:840} INFO - DAG(s) 'example_branch_dop_operator_v3' retrieved from /home/airflow/.local/lib/python3.12/site-packages/airflow/example_dags/example_branch_python_dop_operator_3.py
[2026-03-22T04:47:59.400+0000] {logging_mixin.py:188} INFO - [2026-03-22T04:47:59.399+0000] {dag.py:3096} INFO - Sync 1 DAGs
[2026-03-22T04:47:59.466+0000] {logging_mixin.py:188} INFO - [2026-03-22T04:47:59.465+0000] {dag.py:3954} INFO - Setting next_dagrun for example_branch_dop_operator_v3 to 2026-03-22 04:46:00+00:00, run_after=2026-03-22 04:47:00+00:00
[2026-03-22T04:47:59.509+0000] {processor.py:183} INFO - Processing /home/airflow/.local/lib/python3.12/site-packages/airflow/example_dags/example_branch_python_dop_operator_3.py took 0.266 seconds
[2026-03-22T04:48:30.789+0000] {processor.py:161} INFO - Started process (PID=2864) to work on /home/airflow/.local/lib/python3.12/site-packages/airflow/example_dags/example_branch_python_dop_operator_3.py
[2026-03-22T04:48:30.794+0000] {processor.py:830} INFO - Processing file /home/airflow/.local/lib/python3.12/site-packages/airflow/example_dags/example_branch_python_dop_operator_3.py for tasks to queue
[2026-03-22T04:48:30.808+0000] {logging_mixin.py:188} INFO - [2026-03-22T04:48:30.807+0000] {dagbag.py:545} INFO - Filling up the DagBag from /home/airflow/.local/lib/python3.12/site-packages/airflow/example_dags/example_branch_python_dop_operator_3.py
[2026-03-22T04:48:30.884+0000] {processor.py:840} INFO - DAG(s) 'example_branch_dop_operator_v3' retrieved from /home/airflow/.local/lib/python3.12/site-packages/airflow/example_dags/example_branch_python_dop_operator_3.py
[2026-03-22T04:48:31.102+0000] {logging_mixin.py:188} INFO - [2026-03-22T04:48:31.099+0000] {dag.py:3096} INFO - Sync 1 DAGs
[2026-03-22T04:48:31.255+0000] {logging_mixin.py:188} INFO - [2026-03-22T04:48:31.253+0000] {dag.py:3954} INFO - Setting next_dagrun for example_branch_dop_operator_v3 to 2026-03-22 04:47:00+00:00, run_after=2026-03-22 04:48:00+00:00
[2026-03-22T04:48:31.327+0000] {processor.py:183} INFO - Processing /home/airflow/.local/lib/python3.12/site-packages/airflow/example_dags/example_branch_python_dop_operator_3.py took 0.596 seconds
[2026-03-22T04:49:02.010+0000] {processor.py:161} INFO - Started process (PID=2922) to work on /home/airflow/.local/lib/python3.12/site-packages/airflow/example_dags/example_branch_python_dop_operator_3.py
[2026-03-22T04:49:02.012+0000] {processor.py:830} INFO - Processing file /home/airflow/.local/lib/python3.12/site-packages/airflow/example_dags/example_branch_python_dop_operator_3.py for tasks to queue
[2026-03-22T04:49:02.025+0000] {logging_mixin.py:188} INFO - [2026-03-22T04:49:02.025+0000] {dagbag.py:545} INFO - Filling up the DagBag from /home/airflow/.local/lib/python3.12/site-packages/airflow/example_dags/example_branch_python_dop_operator_3.py
[2026-03-22T04:49:02.042+0000] {processor.py:840} INFO - DAG(s) 'example_branch_dop_operator_v3' retrieved from /home/airflow/.local/lib/python3.12/site-packages/airflow/example_dags/example_branch_python_dop_operator_3.py
[2026-03-22T04:49:02.100+0000] {logging_mixin.py:188} INFO - [2026-03-22T04:49:02.100+0000] {dag.py:3096} INFO - Sync 1 DAGs
[2026-03-22T04:49:02.130+0000] {logging_mixin.py:188} INFO - [2026-03-22T04:49:02.130+0000] {dag.py:3954} INFO - Setting next_dagrun for example_branch_dop_operator_v3 to 2026-03-22 04:48:00+00:00, run_after=2026-03-22 04:49:00+00:00
[2026-03-22T04:49:02.148+0000] {processor.py:183} INFO - Processing /home/airflow/.local/lib/python3.12/site-packages/airflow/example_dags/example_branch_python_dop_operator_3.py took 0.154 seconds
[2026-03-22T04:49:32.374+0000] {processor.py:161} INFO - Started process (PID=2981) to work on /home/airflow/.local/lib/python3.12/site-packages/airflow/example_dags/example_branch_python_dop_operator_3.py
[2026-03-22T04:49:32.380+0000] {processor.py:830} INFO - Processing file /home/airflow/.local/lib/python3.12/site-packages/airflow/example_dags/example_branch_python_dop_operator_3.py for tasks to queue
[2026-03-22T04:49:32.395+0000] {logging_mixin.py:188} INFO - [2026-03-22T04:49:32.393+0000] {dagbag.py:545} INFO - Filling up the DagBag from /home/airflow/.local/lib/python3.12/site-packages/airflow/example_dags/example_branch_python_dop_operator_3.py
[2026-03-22T04:49:32.434+0000] {processor.py:840} INFO - DAG(s) 'example_branch_dop_operator_v3' retrieved from /home/airflow/.local/lib/python3.12/site-packages/airflow/example_dags/example_branch_python_dop_operator_3.py
[2026-03-22T04:49:32.493+0000] {logging_mixin.py:188} INFO - [2026-03-22T04:49:32.492+0000] {dag.py:3096} INFO - Sync 1 DAGs
[2026-03-22T04:49:32.540+0000] {logging_mixin.py:188} INFO - [2026-03-22T04:49:32.540+0000] {dag.py:3954} INFO - Setting next_dagrun for example_branch_dop_operator_v3 to 2026-03-22 04:48:00+00:00, run_after=2026-03-22 04:49:00+00:00
[2026-03-22T04:49:32.579+0000] {processor.py:183} INFO - Processing /home/airflow/.local/lib/python3.12/site-packages/airflow/example_dags/example_branch_python_dop_operator_3.py took 0.246 seconds
[2026-03-22T04:50:02.608+0000] {processor.py:161} INFO - Started process (PID=3040) to work on /home/airflow/.local/lib/python3.12/site-packages/airflow/example_dags/example_branch_python_dop_operator_3.py
[2026-03-22T04:50:02.609+0000] {processor.py:830} INFO - Processing file /home/airflow/.local/lib/python3.12/site-packages/airflow/example_dags/example_branch_python_dop_operator_3.py for tasks to queue
[2026-03-22T04:50:02.611+0000] {logging_mixin.py:188} INFO - [2026-03-22T04:50:02.611+0000] {dagbag.py:545} INFO - Filling up the DagBag from /home/airflow/.local/lib/python3.12/site-packages/airflow/example_dags/example_branch_python_dop_operator_3.py
[2026-03-22T04:50:02.622+0000] {processor.py:840} INFO - DAG(s) 'example_branch_dop_operator_v3' retrieved from /home/airflow/.local/lib/python3.12/site-packages/airflow/example_dags/example_branch_python_dop_operator_3.py
[2026-03-22T04:50:02.646+0000] {logging_mixin.py:188} INFO - [2026-03-22T04:50:02.646+0000] {dag.py:3096} INFO - Sync 1 DAGs
[2026-03-22T04:50:02.677+0000] {logging_mixin.py:188} INFO - [2026-03-22T04:50:02.677+0000] {dag.py:3954} INFO - Setting next_dagrun for example_branch_dop_operator_v3 to 2026-03-22 04:49:00+00:00, run_after=2026-03-22 04:50:00+00:00
[2026-03-22T04:50:02.709+0000] {processor.py:183} INFO - Processing /home/airflow/.local/lib/python3.12/site-packages/airflow/example_dags/example_branch_python_dop_operator_3.py took 0.105 seconds
[2026-03-22T04:50:33.726+0000] {processor.py:161} INFO - Started process (PID=3098) to work on /home/airflow/.local/lib/python3.12/site-packages/airflow/example_dags/example_branch_python_dop_operator_3.py
[2026-03-22T04:50:33.729+0000] {processor.py:830} INFO - Processing file /home/airflow/.local/lib/python3.12/site-packages/airflow/example_dags/example_branch_python_dop_operator_3.py for tasks to queue
[2026-03-22T04:50:33.732+0000] {logging_mixin.py:188} INFO - [2026-03-22T04:50:33.732+0000] {dagbag.py:545} INFO - Filling up the DagBag from /home/airflow/.local/lib/python3.12/site-packages/airflow/example_dags/example_branch_python_dop_operator_3.py
[2026-03-22T04:50:33.751+0000] {processor.py:840} INFO - DAG(s) 'example_branch_dop_operator_v3' retrieved from /home/airflow/.local/lib/python3.12/site-packages/airflow/example_dags/example_branch_python_dop_operator_3.py
[2026-03-22T04:50:33.851+0000] {logging_mixin.py:188} INFO - [2026-03-22T04:50:33.851+0000] {dag.py:3096} INFO - Sync 1 DAGs
[2026-03-22T04:50:33.885+0000] {logging_mixin.py:188} INFO - [2026-03-22T04:50:33.885+0000] {dag.py:3954} INFO - Setting next_dagrun for example_branch_dop_operator_v3 to 2026-03-22 04:49:00+00:00, run_after=2026-03-22 04:50:00+00:00
[2026-03-22T04:50:33.899+0000] {processor.py:183} INFO - Processing /home/airflow/.local/lib/python3.12/site-packages/airflow/example_dags/example_branch_python_dop_operator_3.py took 0.193 seconds
[2026-03-22T04:51:04.302+0000] {processor.py:161} INFO - Started process (PID=3156) to work on /home/airflow/.local/lib/python3.12/site-packages/airflow/example_dags/example_branch_python_dop_operator_3.py
[2026-03-22T04:51:04.304+0000] {processor.py:830} INFO - Processing file /home/airflow/.local/lib/python3.12/site-packages/airflow/example_dags/example_branch_python_dop_operator_3.py for tasks to queue
[2026-03-22T04:51:04.307+0000] {logging_mixin.py:188} INFO - [2026-03-22T04:51:04.307+0000] {dagbag.py:545} INFO - Filling up the DagBag from /home/airflow/.local/lib/python3.12/site-packages/airflow/example_dags/example_branch_python_dop_operator_3.py
[2026-03-22T04:51:04.317+0000] {processor.py:840} INFO - DAG(s) 'example_branch_dop_operator_v3' retrieved from /home/airflow/.local/lib/python3.12/site-packages/airflow/example_dags/example_branch_python_dop_operator_3.py
[2026-03-22T04:51:04.377+0000] {logging_mixin.py:188} INFO - [2026-03-22T04:51:04.377+0000] {dag.py:3096} INFO - Sync 1 DAGs
[2026-03-22T04:51:04.445+0000] {logging_mixin.py:188} INFO - [2026-03-22T04:51:04.444+0000] {dag.py:3954} INFO - Setting next_dagrun for example_branch_dop_operator_v3 to 2026-03-22 04:50:00+00:00, run_after=2026-03-22 04:51:00+00:00
[2026-03-22T04:51:04.501+0000] {processor.py:183} INFO - Processing /home/airflow/.local/lib/python3.12/site-packages/airflow/example_dags/example_branch_python_dop_operator_3.py took 0.205 seconds
[2026-03-22T04:51:35.413+0000] {processor.py:161} INFO - Started process (PID=3215) to work on /home/airflow/.local/lib/python3.12/site-packages/airflow/example_dags/example_branch_python_dop_operator_3.py
[2026-03-22T04:51:35.415+0000] {processor.py:830} INFO - Processing file /home/airflow/.local/lib/python3.12/site-packages/airflow/example_dags/example_branch_python_dop_operator_3.py for tasks to queue
[2026-03-22T04:51:35.421+0000] {logging_mixin.py:188} INFO - [2026-03-22T04:51:35.420+0000] {dagbag.py:545} INFO - Filling up the DagBag from /home/airflow/.local/lib/python3.12/site-packages/airflow/example_dags/example_branch_python_dop_operator_3.py
[2026-03-22T04:51:35.442+0000] {processor.py:840} INFO - DAG(s) 'example_branch_dop_operator_v3' retrieved from /home/airflow/.local/lib/python3.12/site-packages/airflow/example_dags/example_branch_python_dop_operator_3.py
[2026-03-22T04:51:35.485+0000] {logging_mixin.py:188} INFO - [2026-03-22T04:51:35.485+0000] {dag.py:3096} INFO - Sync 1 DAGs
[2026-03-22T04:51:35.507+0000] {logging_mixin.py:188} INFO - [2026-03-22T04:51:35.507+0000] {dag.py:3954} INFO - Setting next_dagrun for example_branch_dop_operator_v3 to 2026-03-22 04:50:00+00:00, run_after=2026-03-22 04:51:00+00:00
[2026-03-22T04:51:35.530+0000] {processor.py:183} INFO - Processing /home/airflow/.local/lib/python3.12/site-packages/airflow/example_dags/example_branch_python_dop_operator_3.py took 0.136 seconds
[2026-03-22T04:55:54.064+0000] {processor.py:161} INFO - Started process (PID=157) to work on /home/airflow/.local/lib/python3.12/site-packages/airflow/example_dags/example_branch_python_dop_operator_3.py
[2026-03-22T04:55:54.068+0000] {processor.py:830} INFO - Processing file /home/airflow/.local/lib/python3.12/site-packages/airflow/example_dags/example_branch_python_dop_operator_3.py for tasks to queue
[2026-03-22T04:55:54.075+0000] {logging_mixin.py:188} INFO - [2026-03-22T04:55:54.074+0000] {dagbag.py:545} INFO - Filling up the DagBag from /home/airflow/.local/lib/python3.12/site-packages/airflow/example_dags/example_branch_python_dop_operator_3.py
[2026-03-22T04:55:54.112+0000] {processor.py:840} INFO - DAG(s) 'example_branch_dop_operator_v3' retrieved from /home/airflow/.local/lib/python3.12/site-packages/airflow/example_dags/example_branch_python_dop_operator_3.py
[2026-03-22T04:55:54.281+0000] {logging_mixin.py:188} INFO - [2026-03-22T04:55:54.281+0000] {dag.py:3096} INFO - Sync 1 DAGs
[2026-03-22T04:55:54.306+0000] {logging_mixin.py:188} INFO - [2026-03-22T04:55:54.306+0000] {dag.py:3954} INFO - Setting next_dagrun for example_branch_dop_operator_v3 to 2026-03-22 04:54:00+00:00, run_after=2026-03-22 04:55:00+00:00
[2026-03-22T04:55:54.333+0000] {processor.py:183} INFO - Processing /home/airflow/.local/lib/python3.12/site-packages/airflow/example_dags/example_branch_python_dop_operator_3.py took 0.280 seconds
[2026-03-22T04:56:25.170+0000] {processor.py:161} INFO - Started process (PID=216) to work on /home/airflow/.local/lib/python3.12/site-packages/airflow/example_dags/example_branch_python_dop_operator_3.py
[2026-03-22T04:56:25.172+0000] {processor.py:830} INFO - Processing file /home/airflow/.local/lib/python3.12/site-packages/airflow/example_dags/example_branch_python_dop_operator_3.py for tasks to queue
[2026-03-22T04:56:25.175+0000] {logging_mixin.py:188} INFO - [2026-03-22T04:56:25.174+0000] {dagbag.py:545} INFO - Filling up the DagBag from /home/airflow/.local/lib/python3.12/site-packages/airflow/example_dags/example_branch_python_dop_operator_3.py
[2026-03-22T04:56:25.184+0000] {processor.py:840} INFO - DAG(s) 'example_branch_dop_operator_v3' retrieved from /home/airflow/.local/lib/python3.12/site-packages/airflow/example_dags/example_branch_python_dop_operator_3.py
[2026-03-22T04:56:25.201+0000] {logging_mixin.py:188} INFO - [2026-03-22T04:56:25.201+0000] {dag.py:3096} INFO - Sync 1 DAGs
[2026-03-22T04:56:25.213+0000] {logging_mixin.py:188} INFO - [2026-03-22T04:56:25.213+0000] {dag.py:3954} INFO - Setting next_dagrun for example_branch_dop_operator_v3 to 2026-03-22 04:55:00+00:00, run_after=2026-03-22 04:56:00+00:00
[2026-03-22T04:56:25.237+0000] {processor.py:183} INFO - Processing /home/airflow/.local/lib/python3.12/site-packages/airflow/example_dags/example_branch_python_dop_operator_3.py took 0.077 seconds
[2026-03-22T04:56:56.405+0000] {processor.py:161} INFO - Started process (PID=275) to work on /home/airflow/.local/lib/python3.12/site-packages/airflow/example_dags/example_branch_python_dop_operator_3.py
[2026-03-22T04:56:56.413+0000] {processor.py:830} INFO - Processing file /home/airflow/.local/lib/python3.12/site-packages/airflow/example_dags/example_branch_python_dop_operator_3.py for tasks to queue
[2026-03-22T04:56:56.418+0000] {logging_mixin.py:188} INFO - [2026-03-22T04:56:56.418+0000] {dagbag.py:545} INFO - Filling up the DagBag from /home/airflow/.local/lib/python3.12/site-packages/airflow/example_dags/example_branch_python_dop_operator_3.py
[2026-03-22T04:56:56.437+0000] {processor.py:840} INFO - DAG(s) 'example_branch_dop_operator_v3' retrieved from /home/airflow/.local/lib/python3.12/site-packages/airflow/example_dags/example_branch_python_dop_operator_3.py
[2026-03-22T04:56:56.489+0000] {logging_mixin.py:188} INFO - [2026-03-22T04:56:56.489+0000] {dag.py:3096} INFO - Sync 1 DAGs
[2026-03-22T04:56:56.522+0000] {logging_mixin.py:188} INFO - [2026-03-22T04:56:56.522+0000] {dag.py:3954} INFO - Setting next_dagrun for example_branch_dop_operator_v3 to 2026-03-22 04:55:00+00:00, run_after=2026-03-22 04:56:00+00:00
[2026-03-22T04:56:56.546+0000] {processor.py:183} INFO - Processing /home/airflow/.local/lib/python3.12/site-packages/airflow/example_dags/example_branch_python_dop_operator_3.py took 0.162 seconds
[2026-03-22T05:03:04.599+0000] {processor.py:161} INFO - Started process (PID=387) to work on /home/airflow/.local/lib/python3.12/site-packages/airflow/example_dags/example_branch_python_dop_operator_3.py
[2026-03-22T05:03:04.733+0000] {processor.py:830} INFO - Processing file /home/airflow/.local/lib/python3.12/site-packages/airflow/example_dags/example_branch_python_dop_operator_3.py for tasks to queue
[2026-03-22T05:03:04.803+0000] {logging_mixin.py:188} INFO - [2026-03-22T05:03:04.788+0000] {dagbag.py:545} INFO - Filling up the DagBag from /home/airflow/.local/lib/python3.12/site-packages/airflow/example_dags/example_branch_python_dop_operator_3.py
[2026-03-22T05:03:05.538+0000] {processor.py:840} INFO - DAG(s) 'example_branch_dop_operator_v3' retrieved from /home/airflow/.local/lib/python3.12/site-packages/airflow/example_dags/example_branch_python_dop_operator_3.py
[2026-03-22T05:03:19.452+0000] {logging_mixin.py:188} INFO - [2026-03-22T05:03:19.226+0000] {dag.py:3096} INFO - Sync 1 DAGs
[2026-03-22T05:03:36.654+0000] {logging_mixin.py:188} INFO - [2026-03-22T05:03:36.645+0000] {dag.py:3954} INFO - Setting next_dagrun for example_branch_dop_operator_v3 to 2026-03-22 05:02:00+00:00, run_after=2026-03-22 05:03:00+00:00
[2026-03-22T05:03:38.196+0000] {processor.py:183} INFO - Processing /home/airflow/.local/lib/python3.12/site-packages/airflow/example_dags/example_branch_python_dop_operator_3.py took 31.488 seconds
