[2026-03-22T04:09:15.903+0000] {processor.py:161} INFO - Started process (PID=59) to work on /home/airflow/.local/lib/python3.12/site-packages/airflow/example_dags/example_sla_dag.py
[2026-03-22T04:09:15.907+0000] {processor.py:830} INFO - Processing file /home/airflow/.local/lib/python3.12/site-packages/airflow/example_dags/example_sla_dag.py for tasks to queue
[2026-03-22T04:09:15.910+0000] {logging_mixin.py:188} INFO - [2026-03-22T04:09:15.909+0000] {dagbag.py:545} INFO - Filling up the DagBag from /home/airflow/.local/lib/python3.12/site-packages/airflow/example_dags/example_sla_dag.py
[2026-03-22T04:09:15.946+0000] {processor.py:840} INFO - DAG(s) 'example_sla_dag' retrieved from /home/airflow/.local/lib/python3.12/site-packages/airflow/example_dags/example_sla_dag.py
[2026-03-22T04:09:16.024+0000] {logging_mixin.py:188} INFO - [2026-03-22T04:09:16.023+0000] {dag.py:3096} INFO - Sync 1 DAGs
[2026-03-22T04:09:16.105+0000] {logging_mixin.py:188} INFO - [2026-03-22T04:09:16.105+0000] {dag.py:3954} INFO - Setting next_dagrun for example_sla_dag to 2026-03-22 04:06:00+00:00, run_after=2026-03-22 04:08:00+00:00
[2026-03-22T04:09:16.148+0000] {processor.py:183} INFO - Processing /home/airflow/.local/lib/python3.12/site-packages/airflow/example_dags/example_sla_dag.py took 0.259 seconds
[2026-03-22T04:09:46.875+0000] {processor.py:161} INFO - Started process (PID=116) to work on /home/airflow/.local/lib/python3.12/site-packages/airflow/example_dags/example_sla_dag.py
[2026-03-22T04:09:46.879+0000] {processor.py:830} INFO - Processing file /home/airflow/.local/lib/python3.12/site-packages/airflow/example_dags/example_sla_dag.py for tasks to queue
[2026-03-22T04:09:46.881+0000] {logging_mixin.py:188} INFO - [2026-03-22T04:09:46.881+0000] {dagbag.py:545} INFO - Filling up the DagBag from /home/airflow/.local/lib/python3.12/site-packages/airflow/example_dags/example_sla_dag.py
[2026-03-22T04:09:46.887+0000] {processor.py:840} INFO - DAG(s) 'example_sla_dag' retrieved from /home/airflow/.local/lib/python3.12/site-packages/airflow/example_dags/example_sla_dag.py
[2026-03-22T04:09:46.952+0000] {logging_mixin.py:188} INFO - [2026-03-22T04:09:46.952+0000] {dag.py:3096} INFO - Sync 1 DAGs
[2026-03-22T04:09:46.975+0000] {logging_mixin.py:188} INFO - [2026-03-22T04:09:46.975+0000] {dag.py:3954} INFO - Setting next_dagrun for example_sla_dag to 2026-03-22 04:06:00+00:00, run_after=2026-03-22 04:08:00+00:00
[2026-03-22T04:09:46.991+0000] {processor.py:183} INFO - Processing /home/airflow/.local/lib/python3.12/site-packages/airflow/example_dags/example_sla_dag.py took 0.118 seconds
[2026-03-22T04:10:17.385+0000] {processor.py:161} INFO - Started process (PID=174) to work on /home/airflow/.local/lib/python3.12/site-packages/airflow/example_dags/example_sla_dag.py
[2026-03-22T04:10:17.387+0000] {processor.py:830} INFO - Processing file /home/airflow/.local/lib/python3.12/site-packages/airflow/example_dags/example_sla_dag.py for tasks to queue
[2026-03-22T04:10:17.398+0000] {logging_mixin.py:188} INFO - [2026-03-22T04:10:17.397+0000] {dagbag.py:545} INFO - Filling up the DagBag from /home/airflow/.local/lib/python3.12/site-packages/airflow/example_dags/example_sla_dag.py
[2026-03-22T04:10:17.452+0000] {processor.py:840} INFO - DAG(s) 'example_sla_dag' retrieved from /home/airflow/.local/lib/python3.12/site-packages/airflow/example_dags/example_sla_dag.py
[2026-03-22T04:10:17.522+0000] {logging_mixin.py:188} INFO - [2026-03-22T04:10:17.521+0000] {dag.py:3096} INFO - Sync 1 DAGs
[2026-03-22T04:10:17.577+0000] {logging_mixin.py:188} INFO - [2026-03-22T04:10:17.577+0000] {dag.py:3954} INFO - Setting next_dagrun for example_sla_dag to 2026-03-22 04:08:00+00:00, run_after=2026-03-22 04:10:00+00:00
[2026-03-22T04:10:17.609+0000] {processor.py:183} INFO - Processing /home/airflow/.local/lib/python3.12/site-packages/airflow/example_dags/example_sla_dag.py took 0.233 seconds
[2026-03-22T04:10:47.777+0000] {processor.py:161} INFO - Started process (PID=232) to work on /home/airflow/.local/lib/python3.12/site-packages/airflow/example_dags/example_sla_dag.py
[2026-03-22T04:10:47.779+0000] {processor.py:830} INFO - Processing file /home/airflow/.local/lib/python3.12/site-packages/airflow/example_dags/example_sla_dag.py for tasks to queue
[2026-03-22T04:10:47.785+0000] {logging_mixin.py:188} INFO - [2026-03-22T04:10:47.783+0000] {dagbag.py:545} INFO - Filling up the DagBag from /home/airflow/.local/lib/python3.12/site-packages/airflow/example_dags/example_sla_dag.py
[2026-03-22T04:10:47.801+0000] {processor.py:840} INFO - DAG(s) 'example_sla_dag' retrieved from /home/airflow/.local/lib/python3.12/site-packages/airflow/example_dags/example_sla_dag.py
[2026-03-22T04:10:47.857+0000] {logging_mixin.py:188} INFO - [2026-03-22T04:10:47.855+0000] {dag.py:3096} INFO - Sync 1 DAGs
[2026-03-22T04:10:47.893+0000] {logging_mixin.py:188} INFO - [2026-03-22T04:10:47.893+0000] {dag.py:3954} INFO - Setting next_dagrun for example_sla_dag to 2026-03-22 04:08:00+00:00, run_after=2026-03-22 04:10:00+00:00
[2026-03-22T04:10:47.917+0000] {processor.py:183} INFO - Processing /home/airflow/.local/lib/python3.12/site-packages/airflow/example_dags/example_sla_dag.py took 0.151 seconds
[2026-03-22T04:11:18.282+0000] {processor.py:161} INFO - Started process (PID=290) to work on /home/airflow/.local/lib/python3.12/site-packages/airflow/example_dags/example_sla_dag.py
[2026-03-22T04:11:18.283+0000] {processor.py:830} INFO - Processing file /home/airflow/.local/lib/python3.12/site-packages/airflow/example_dags/example_sla_dag.py for tasks to queue
[2026-03-22T04:11:18.287+0000] {logging_mixin.py:188} INFO - [2026-03-22T04:11:18.287+0000] {dagbag.py:545} INFO - Filling up the DagBag from /home/airflow/.local/lib/python3.12/site-packages/airflow/example_dags/example_sla_dag.py
[2026-03-22T04:11:18.314+0000] {processor.py:840} INFO - DAG(s) 'example_sla_dag' retrieved from /home/airflow/.local/lib/python3.12/site-packages/airflow/example_dags/example_sla_dag.py
[2026-03-22T04:11:18.365+0000] {logging_mixin.py:188} INFO - [2026-03-22T04:11:18.365+0000] {dag.py:3096} INFO - Sync 1 DAGs
[2026-03-22T04:11:18.400+0000] {logging_mixin.py:188} INFO - [2026-03-22T04:11:18.400+0000] {dag.py:3954} INFO - Setting next_dagrun for example_sla_dag to 2026-03-22 04:08:00+00:00, run_after=2026-03-22 04:10:00+00:00
[2026-03-22T04:11:18.414+0000] {processor.py:183} INFO - Processing /home/airflow/.local/lib/python3.12/site-packages/airflow/example_dags/example_sla_dag.py took 0.139 seconds
[2026-03-22T04:11:48.896+0000] {processor.py:161} INFO - Started process (PID=348) to work on /home/airflow/.local/lib/python3.12/site-packages/airflow/example_dags/example_sla_dag.py
[2026-03-22T04:11:48.899+0000] {processor.py:830} INFO - Processing file /home/airflow/.local/lib/python3.12/site-packages/airflow/example_dags/example_sla_dag.py for tasks to queue
[2026-03-22T04:11:48.904+0000] {logging_mixin.py:188} INFO - [2026-03-22T04:11:48.903+0000] {dagbag.py:545} INFO - Filling up the DagBag from /home/airflow/.local/lib/python3.12/site-packages/airflow/example_dags/example_sla_dag.py
[2026-03-22T04:11:48.922+0000] {processor.py:840} INFO - DAG(s) 'example_sla_dag' retrieved from /home/airflow/.local/lib/python3.12/site-packages/airflow/example_dags/example_sla_dag.py
[2026-03-22T04:11:48.968+0000] {logging_mixin.py:188} INFO - [2026-03-22T04:11:48.968+0000] {dag.py:3096} INFO - Sync 1 DAGs
[2026-03-22T04:11:49.149+0000] {logging_mixin.py:188} INFO - [2026-03-22T04:11:49.149+0000] {dag.py:3954} INFO - Setting next_dagrun for example_sla_dag to 2026-03-22 04:08:00+00:00, run_after=2026-03-22 04:10:00+00:00
[2026-03-22T04:11:49.182+0000] {processor.py:183} INFO - Processing /home/airflow/.local/lib/python3.12/site-packages/airflow/example_dags/example_sla_dag.py took 0.295 seconds
[2026-03-22T04:12:19.648+0000] {processor.py:161} INFO - Started process (PID=406) to work on /home/airflow/.local/lib/python3.12/site-packages/airflow/example_dags/example_sla_dag.py
[2026-03-22T04:12:19.649+0000] {processor.py:830} INFO - Processing file /home/airflow/.local/lib/python3.12/site-packages/airflow/example_dags/example_sla_dag.py for tasks to queue
[2026-03-22T04:12:19.651+0000] {logging_mixin.py:188} INFO - [2026-03-22T04:12:19.651+0000] {dagbag.py:545} INFO - Filling up the DagBag from /home/airflow/.local/lib/python3.12/site-packages/airflow/example_dags/example_sla_dag.py
[2026-03-22T04:12:19.665+0000] {processor.py:840} INFO - DAG(s) 'example_sla_dag' retrieved from /home/airflow/.local/lib/python3.12/site-packages/airflow/example_dags/example_sla_dag.py
[2026-03-22T04:12:19.687+0000] {logging_mixin.py:188} INFO - [2026-03-22T04:12:19.686+0000] {dag.py:3096} INFO - Sync 1 DAGs
[2026-03-22T04:12:19.706+0000] {logging_mixin.py:188} INFO - [2026-03-22T04:12:19.705+0000] {dag.py:3954} INFO - Setting next_dagrun for example_sla_dag to 2026-03-22 04:10:00+00:00, run_after=2026-03-22 04:12:00+00:00
[2026-03-22T04:12:19.715+0000] {processor.py:183} INFO - Processing /home/airflow/.local/lib/python3.12/site-packages/airflow/example_dags/example_sla_dag.py took 0.073 seconds
[2026-03-22T04:12:49.910+0000] {processor.py:161} INFO - Started process (PID=464) to work on /home/airflow/.local/lib/python3.12/site-packages/airflow/example_dags/example_sla_dag.py
[2026-03-22T04:12:49.912+0000] {processor.py:830} INFO - Processing file /home/airflow/.local/lib/python3.12/site-packages/airflow/example_dags/example_sla_dag.py for tasks to queue
[2026-03-22T04:12:49.918+0000] {logging_mixin.py:188} INFO - [2026-03-22T04:12:49.916+0000] {dagbag.py:545} INFO - Filling up the DagBag from /home/airflow/.local/lib/python3.12/site-packages/airflow/example_dags/example_sla_dag.py
[2026-03-22T04:12:49.938+0000] {processor.py:840} INFO - DAG(s) 'example_sla_dag' retrieved from /home/airflow/.local/lib/python3.12/site-packages/airflow/example_dags/example_sla_dag.py
[2026-03-22T04:12:49.955+0000] {logging_mixin.py:188} INFO - [2026-03-22T04:12:49.955+0000] {dag.py:3096} INFO - Sync 1 DAGs
[2026-03-22T04:12:49.986+0000] {logging_mixin.py:188} INFO - [2026-03-22T04:12:49.986+0000] {dag.py:3954} INFO - Setting next_dagrun for example_sla_dag to 2026-03-22 04:10:00+00:00, run_after=2026-03-22 04:12:00+00:00
[2026-03-22T04:12:50.014+0000] {processor.py:183} INFO - Processing /home/airflow/.local/lib/python3.12/site-packages/airflow/example_dags/example_sla_dag.py took 0.107 seconds
[2026-03-22T04:13:20.434+0000] {processor.py:161} INFO - Started process (PID=522) to work on /home/airflow/.local/lib/python3.12/site-packages/airflow/example_dags/example_sla_dag.py
[2026-03-22T04:13:20.435+0000] {processor.py:830} INFO - Processing file /home/airflow/.local/lib/python3.12/site-packages/airflow/example_dags/example_sla_dag.py for tasks to queue
[2026-03-22T04:13:20.436+0000] {logging_mixin.py:188} INFO - [2026-03-22T04:13:20.436+0000] {dagbag.py:545} INFO - Filling up the DagBag from /home/airflow/.local/lib/python3.12/site-packages/airflow/example_dags/example_sla_dag.py
[2026-03-22T04:13:20.445+0000] {processor.py:840} INFO - DAG(s) 'example_sla_dag' retrieved from /home/airflow/.local/lib/python3.12/site-packages/airflow/example_dags/example_sla_dag.py
[2026-03-22T04:13:20.460+0000] {logging_mixin.py:188} INFO - [2026-03-22T04:13:20.460+0000] {dag.py:3096} INFO - Sync 1 DAGs
[2026-03-22T04:13:20.481+0000] {logging_mixin.py:188} INFO - [2026-03-22T04:13:20.481+0000] {dag.py:3954} INFO - Setting next_dagrun for example_sla_dag to 2026-03-22 04:10:00+00:00, run_after=2026-03-22 04:12:00+00:00
[2026-03-22T04:13:20.491+0000] {processor.py:183} INFO - Processing /home/airflow/.local/lib/python3.12/site-packages/airflow/example_dags/example_sla_dag.py took 0.060 seconds
[2026-03-22T04:13:50.718+0000] {processor.py:161} INFO - Started process (PID=580) to work on /home/airflow/.local/lib/python3.12/site-packages/airflow/example_dags/example_sla_dag.py
[2026-03-22T04:13:50.719+0000] {processor.py:830} INFO - Processing file /home/airflow/.local/lib/python3.12/site-packages/airflow/example_dags/example_sla_dag.py for tasks to queue
[2026-03-22T04:13:50.720+0000] {logging_mixin.py:188} INFO - [2026-03-22T04:13:50.720+0000] {dagbag.py:545} INFO - Filling up the DagBag from /home/airflow/.local/lib/python3.12/site-packages/airflow/example_dags/example_sla_dag.py
[2026-03-22T04:13:50.729+0000] {processor.py:840} INFO - DAG(s) 'example_sla_dag' retrieved from /home/airflow/.local/lib/python3.12/site-packages/airflow/example_dags/example_sla_dag.py
[2026-03-22T04:13:50.746+0000] {logging_mixin.py:188} INFO - [2026-03-22T04:13:50.746+0000] {dag.py:3096} INFO - Sync 1 DAGs
[2026-03-22T04:13:50.758+0000] {logging_mixin.py:188} INFO - [2026-03-22T04:13:50.758+0000] {dag.py:3954} INFO - Setting next_dagrun for example_sla_dag to 2026-03-22 04:10:00+00:00, run_after=2026-03-22 04:12:00+00:00
[2026-03-22T04:13:50.766+0000] {processor.py:183} INFO - Processing /home/airflow/.local/lib/python3.12/site-packages/airflow/example_dags/example_sla_dag.py took 0.053 seconds
[2026-03-22T04:14:21.752+0000] {processor.py:161} INFO - Started process (PID=638) to work on /home/airflow/.local/lib/python3.12/site-packages/airflow/example_dags/example_sla_dag.py
[2026-03-22T04:14:21.757+0000] {processor.py:830} INFO - Processing file /home/airflow/.local/lib/python3.12/site-packages/airflow/example_dags/example_sla_dag.py for tasks to queue
[2026-03-22T04:14:21.762+0000] {logging_mixin.py:188} INFO - [2026-03-22T04:14:21.761+0000] {dagbag.py:545} INFO - Filling up the DagBag from /home/airflow/.local/lib/python3.12/site-packages/airflow/example_dags/example_sla_dag.py
[2026-03-22T04:14:21.783+0000] {processor.py:840} INFO - DAG(s) 'example_sla_dag' retrieved from /home/airflow/.local/lib/python3.12/site-packages/airflow/example_dags/example_sla_dag.py
[2026-03-22T04:14:21.810+0000] {logging_mixin.py:188} INFO - [2026-03-22T04:14:21.810+0000] {dag.py:3096} INFO - Sync 1 DAGs
[2026-03-22T04:14:21.831+0000] {logging_mixin.py:188} INFO - [2026-03-22T04:14:21.830+0000] {dag.py:3954} INFO - Setting next_dagrun for example_sla_dag to 2026-03-22 04:12:00+00:00, run_after=2026-03-22 04:14:00+00:00
[2026-03-22T04:14:21.844+0000] {processor.py:183} INFO - Processing /home/airflow/.local/lib/python3.12/site-packages/airflow/example_dags/example_sla_dag.py took 0.098 seconds
[2026-03-22T04:14:52.516+0000] {processor.py:161} INFO - Started process (PID=695) to work on /home/airflow/.local/lib/python3.12/site-packages/airflow/example_dags/example_sla_dag.py
[2026-03-22T04:14:52.520+0000] {processor.py:830} INFO - Processing file /home/airflow/.local/lib/python3.12/site-packages/airflow/example_dags/example_sla_dag.py for tasks to queue
[2026-03-22T04:14:52.526+0000] {logging_mixin.py:188} INFO - [2026-03-22T04:14:52.525+0000] {dagbag.py:545} INFO - Filling up the DagBag from /home/airflow/.local/lib/python3.12/site-packages/airflow/example_dags/example_sla_dag.py
[2026-03-22T04:14:52.611+0000] {processor.py:840} INFO - DAG(s) 'example_sla_dag' retrieved from /home/airflow/.local/lib/python3.12/site-packages/airflow/example_dags/example_sla_dag.py
[2026-03-22T04:14:52.662+0000] {logging_mixin.py:188} INFO - [2026-03-22T04:14:52.661+0000] {dag.py:3096} INFO - Sync 1 DAGs
[2026-03-22T04:14:52.726+0000] {logging_mixin.py:188} INFO - [2026-03-22T04:14:52.725+0000] {dag.py:3954} INFO - Setting next_dagrun for example_sla_dag to 2026-03-22 04:12:00+00:00, run_after=2026-03-22 04:14:00+00:00
[2026-03-22T04:14:52.753+0000] {processor.py:183} INFO - Processing /home/airflow/.local/lib/python3.12/site-packages/airflow/example_dags/example_sla_dag.py took 0.244 seconds
[2026-03-22T04:15:22.784+0000] {processor.py:161} INFO - Started process (PID=754) to work on /home/airflow/.local/lib/python3.12/site-packages/airflow/example_dags/example_sla_dag.py
[2026-03-22T04:15:22.785+0000] {processor.py:830} INFO - Processing file /home/airflow/.local/lib/python3.12/site-packages/airflow/example_dags/example_sla_dag.py for tasks to queue
[2026-03-22T04:15:22.786+0000] {logging_mixin.py:188} INFO - [2026-03-22T04:15:22.786+0000] {dagbag.py:545} INFO - Filling up the DagBag from /home/airflow/.local/lib/python3.12/site-packages/airflow/example_dags/example_sla_dag.py
[2026-03-22T04:15:22.791+0000] {processor.py:840} INFO - DAG(s) 'example_sla_dag' retrieved from /home/airflow/.local/lib/python3.12/site-packages/airflow/example_dags/example_sla_dag.py
[2026-03-22T04:15:22.799+0000] {logging_mixin.py:188} INFO - [2026-03-22T04:15:22.799+0000] {dag.py:3096} INFO - Sync 1 DAGs
[2026-03-22T04:15:22.809+0000] {logging_mixin.py:188} INFO - [2026-03-22T04:15:22.809+0000] {dag.py:3954} INFO - Setting next_dagrun for example_sla_dag to 2026-03-22 04:12:00+00:00, run_after=2026-03-22 04:14:00+00:00
[2026-03-22T04:15:22.815+0000] {processor.py:183} INFO - Processing /home/airflow/.local/lib/python3.12/site-packages/airflow/example_dags/example_sla_dag.py took 0.034 seconds
[2026-03-22T04:15:53.443+0000] {processor.py:161} INFO - Started process (PID=812) to work on /home/airflow/.local/lib/python3.12/site-packages/airflow/example_dags/example_sla_dag.py
[2026-03-22T04:15:53.444+0000] {processor.py:830} INFO - Processing file /home/airflow/.local/lib/python3.12/site-packages/airflow/example_dags/example_sla_dag.py for tasks to queue
[2026-03-22T04:15:53.446+0000] {logging_mixin.py:188} INFO - [2026-03-22T04:15:53.446+0000] {dagbag.py:545} INFO - Filling up the DagBag from /home/airflow/.local/lib/python3.12/site-packages/airflow/example_dags/example_sla_dag.py
[2026-03-22T04:15:53.462+0000] {processor.py:840} INFO - DAG(s) 'example_sla_dag' retrieved from /home/airflow/.local/lib/python3.12/site-packages/airflow/example_dags/example_sla_dag.py
[2026-03-22T04:15:53.474+0000] {logging_mixin.py:188} INFO - [2026-03-22T04:15:53.474+0000] {dag.py:3096} INFO - Sync 1 DAGs
[2026-03-22T04:15:53.485+0000] {logging_mixin.py:188} INFO - [2026-03-22T04:15:53.485+0000] {dag.py:3954} INFO - Setting next_dagrun for example_sla_dag to 2026-03-22 04:12:00+00:00, run_after=2026-03-22 04:14:00+00:00
[2026-03-22T04:15:53.497+0000] {processor.py:183} INFO - Processing /home/airflow/.local/lib/python3.12/site-packages/airflow/example_dags/example_sla_dag.py took 0.059 seconds
[2026-03-22T04:16:43.604+0000] {processor.py:161} INFO - Started process (PID=876) to work on /home/airflow/.local/lib/python3.12/site-packages/airflow/example_dags/example_sla_dag.py
[2026-03-22T04:16:43.610+0000] {processor.py:830} INFO - Processing file /home/airflow/.local/lib/python3.12/site-packages/airflow/example_dags/example_sla_dag.py for tasks to queue
[2026-03-22T04:16:43.644+0000] {logging_mixin.py:188} INFO - [2026-03-22T04:16:43.642+0000] {dagbag.py:545} INFO - Filling up the DagBag from /home/airflow/.local/lib/python3.12/site-packages/airflow/example_dags/example_sla_dag.py
[2026-03-22T04:16:43.782+0000] {processor.py:840} INFO - DAG(s) 'example_sla_dag' retrieved from /home/airflow/.local/lib/python3.12/site-packages/airflow/example_dags/example_sla_dag.py
[2026-03-22T04:16:43.984+0000] {logging_mixin.py:188} INFO - [2026-03-22T04:16:43.983+0000] {dag.py:3096} INFO - Sync 1 DAGs
[2026-03-22T04:16:44.143+0000] {logging_mixin.py:188} INFO - [2026-03-22T04:16:44.142+0000] {dag.py:3954} INFO - Setting next_dagrun for example_sla_dag to 2026-03-22 04:14:00+00:00, run_after=2026-03-22 04:16:00+00:00
[2026-03-22T04:16:44.327+0000] {processor.py:183} INFO - Processing /home/airflow/.local/lib/python3.12/site-packages/airflow/example_dags/example_sla_dag.py took 0.775 seconds
[2026-03-22T04:17:36.124+0000] {processor.py:161} INFO - Started process (PID=933) to work on /home/airflow/.local/lib/python3.12/site-packages/airflow/example_dags/example_sla_dag.py
[2026-03-22T04:17:36.127+0000] {processor.py:830} INFO - Processing file /home/airflow/.local/lib/python3.12/site-packages/airflow/example_dags/example_sla_dag.py for tasks to queue
[2026-03-22T04:17:36.134+0000] {logging_mixin.py:188} INFO - [2026-03-22T04:17:36.133+0000] {dagbag.py:545} INFO - Filling up the DagBag from /home/airflow/.local/lib/python3.12/site-packages/airflow/example_dags/example_sla_dag.py
[2026-03-22T04:17:36.155+0000] {processor.py:840} INFO - DAG(s) 'example_sla_dag' retrieved from /home/airflow/.local/lib/python3.12/site-packages/airflow/example_dags/example_sla_dag.py
[2026-03-22T04:17:36.219+0000] {logging_mixin.py:188} INFO - [2026-03-22T04:17:36.216+0000] {dag.py:3096} INFO - Sync 1 DAGs
[2026-03-22T04:17:36.290+0000] {logging_mixin.py:188} INFO - [2026-03-22T04:17:36.289+0000] {dag.py:3954} INFO - Setting next_dagrun for example_sla_dag to 2026-03-22 04:14:00+00:00, run_after=2026-03-22 04:16:00+00:00
[2026-03-22T04:17:36.331+0000] {processor.py:183} INFO - Processing /home/airflow/.local/lib/python3.12/site-packages/airflow/example_dags/example_sla_dag.py took 0.220 seconds
[2026-03-22T04:18:06.602+0000] {processor.py:161} INFO - Started process (PID=990) to work on /home/airflow/.local/lib/python3.12/site-packages/airflow/example_dags/example_sla_dag.py
[2026-03-22T04:18:06.606+0000] {processor.py:830} INFO - Processing file /home/airflow/.local/lib/python3.12/site-packages/airflow/example_dags/example_sla_dag.py for tasks to queue
[2026-03-22T04:18:06.609+0000] {logging_mixin.py:188} INFO - [2026-03-22T04:18:06.608+0000] {dagbag.py:545} INFO - Filling up the DagBag from /home/airflow/.local/lib/python3.12/site-packages/airflow/example_dags/example_sla_dag.py
[2026-03-22T04:18:06.626+0000] {processor.py:840} INFO - DAG(s) 'example_sla_dag' retrieved from /home/airflow/.local/lib/python3.12/site-packages/airflow/example_dags/example_sla_dag.py
[2026-03-22T04:18:06.636+0000] {logging_mixin.py:188} INFO - [2026-03-22T04:18:06.636+0000] {dag.py:3096} INFO - Sync 1 DAGs
[2026-03-22T04:18:06.656+0000] {logging_mixin.py:188} INFO - [2026-03-22T04:18:06.656+0000] {dag.py:3954} INFO - Setting next_dagrun for example_sla_dag to 2026-03-22 04:16:00+00:00, run_after=2026-03-22 04:18:00+00:00
[2026-03-22T04:18:06.676+0000] {processor.py:183} INFO - Processing /home/airflow/.local/lib/python3.12/site-packages/airflow/example_dags/example_sla_dag.py took 0.078 seconds
[2026-03-22T04:18:37.055+0000] {processor.py:161} INFO - Started process (PID=1040) to work on /home/airflow/.local/lib/python3.12/site-packages/airflow/example_dags/example_sla_dag.py
[2026-03-22T04:18:37.057+0000] {processor.py:830} INFO - Processing file /home/airflow/.local/lib/python3.12/site-packages/airflow/example_dags/example_sla_dag.py for tasks to queue
[2026-03-22T04:18:37.058+0000] {logging_mixin.py:188} INFO - [2026-03-22T04:18:37.058+0000] {dagbag.py:545} INFO - Filling up the DagBag from /home/airflow/.local/lib/python3.12/site-packages/airflow/example_dags/example_sla_dag.py
[2026-03-22T04:18:37.067+0000] {processor.py:840} INFO - DAG(s) 'example_sla_dag' retrieved from /home/airflow/.local/lib/python3.12/site-packages/airflow/example_dags/example_sla_dag.py
[2026-03-22T04:18:37.081+0000] {logging_mixin.py:188} INFO - [2026-03-22T04:18:37.081+0000] {dag.py:3096} INFO - Sync 1 DAGs
[2026-03-22T04:18:37.092+0000] {logging_mixin.py:188} INFO - [2026-03-22T04:18:37.092+0000] {dag.py:3954} INFO - Setting next_dagrun for example_sla_dag to 2026-03-22 04:16:00+00:00, run_after=2026-03-22 04:18:00+00:00
[2026-03-22T04:18:37.099+0000] {processor.py:183} INFO - Processing /home/airflow/.local/lib/python3.12/site-packages/airflow/example_dags/example_sla_dag.py took 0.048 seconds
[2026-03-22T04:19:07.692+0000] {processor.py:161} INFO - Started process (PID=1098) to work on /home/airflow/.local/lib/python3.12/site-packages/airflow/example_dags/example_sla_dag.py
[2026-03-22T04:19:07.694+0000] {processor.py:830} INFO - Processing file /home/airflow/.local/lib/python3.12/site-packages/airflow/example_dags/example_sla_dag.py for tasks to queue
[2026-03-22T04:19:07.695+0000] {logging_mixin.py:188} INFO - [2026-03-22T04:19:07.694+0000] {dagbag.py:545} INFO - Filling up the DagBag from /home/airflow/.local/lib/python3.12/site-packages/airflow/example_dags/example_sla_dag.py
[2026-03-22T04:19:07.704+0000] {processor.py:840} INFO - DAG(s) 'example_sla_dag' retrieved from /home/airflow/.local/lib/python3.12/site-packages/airflow/example_dags/example_sla_dag.py
[2026-03-22T04:19:07.713+0000] {logging_mixin.py:188} INFO - [2026-03-22T04:19:07.713+0000] {dag.py:3096} INFO - Sync 1 DAGs
[2026-03-22T04:19:07.726+0000] {logging_mixin.py:188} INFO - [2026-03-22T04:19:07.726+0000] {dag.py:3954} INFO - Setting next_dagrun for example_sla_dag to 2026-03-22 04:16:00+00:00, run_after=2026-03-22 04:18:00+00:00
[2026-03-22T04:19:07.734+0000] {processor.py:183} INFO - Processing /home/airflow/.local/lib/python3.12/site-packages/airflow/example_dags/example_sla_dag.py took 0.045 seconds
[2026-03-22T04:19:38.940+0000] {processor.py:161} INFO - Started process (PID=1156) to work on /home/airflow/.local/lib/python3.12/site-packages/airflow/example_dags/example_sla_dag.py
[2026-03-22T04:19:38.943+0000] {processor.py:830} INFO - Processing file /home/airflow/.local/lib/python3.12/site-packages/airflow/example_dags/example_sla_dag.py for tasks to queue
[2026-03-22T04:19:38.949+0000] {logging_mixin.py:188} INFO - [2026-03-22T04:19:38.948+0000] {dagbag.py:545} INFO - Filling up the DagBag from /home/airflow/.local/lib/python3.12/site-packages/airflow/example_dags/example_sla_dag.py
[2026-03-22T04:19:38.963+0000] {processor.py:840} INFO - DAG(s) 'example_sla_dag' retrieved from /home/airflow/.local/lib/python3.12/site-packages/airflow/example_dags/example_sla_dag.py
[2026-03-22T04:19:38.988+0000] {logging_mixin.py:188} INFO - [2026-03-22T04:19:38.988+0000] {dag.py:3096} INFO - Sync 1 DAGs
[2026-03-22T04:19:39.014+0000] {logging_mixin.py:188} INFO - [2026-03-22T04:19:39.014+0000] {dag.py:3954} INFO - Setting next_dagrun for example_sla_dag to 2026-03-22 04:16:00+00:00, run_after=2026-03-22 04:18:00+00:00
[2026-03-22T04:19:39.026+0000] {processor.py:183} INFO - Processing /home/airflow/.local/lib/python3.12/site-packages/airflow/example_dags/example_sla_dag.py took 0.094 seconds
[2026-03-22T04:20:09.346+0000] {processor.py:161} INFO - Started process (PID=1214) to work on /home/airflow/.local/lib/python3.12/site-packages/airflow/example_dags/example_sla_dag.py
[2026-03-22T04:20:09.349+0000] {processor.py:830} INFO - Processing file /home/airflow/.local/lib/python3.12/site-packages/airflow/example_dags/example_sla_dag.py for tasks to queue
[2026-03-22T04:20:09.350+0000] {logging_mixin.py:188} INFO - [2026-03-22T04:20:09.350+0000] {dagbag.py:545} INFO - Filling up the DagBag from /home/airflow/.local/lib/python3.12/site-packages/airflow/example_dags/example_sla_dag.py
[2026-03-22T04:20:09.355+0000] {processor.py:840} INFO - DAG(s) 'example_sla_dag' retrieved from /home/airflow/.local/lib/python3.12/site-packages/airflow/example_dags/example_sla_dag.py
[2026-03-22T04:20:09.364+0000] {logging_mixin.py:188} INFO - [2026-03-22T04:20:09.364+0000] {dag.py:3096} INFO - Sync 1 DAGs
[2026-03-22T04:20:09.383+0000] {logging_mixin.py:188} INFO - [2026-03-22T04:20:09.383+0000] {dag.py:3954} INFO - Setting next_dagrun for example_sla_dag to 2026-03-22 04:18:00+00:00, run_after=2026-03-22 04:20:00+00:00
[2026-03-22T04:20:09.392+0000] {processor.py:183} INFO - Processing /home/airflow/.local/lib/python3.12/site-packages/airflow/example_dags/example_sla_dag.py took 0.051 seconds
[2026-03-22T04:20:40.288+0000] {processor.py:161} INFO - Started process (PID=1272) to work on /home/airflow/.local/lib/python3.12/site-packages/airflow/example_dags/example_sla_dag.py
[2026-03-22T04:20:40.289+0000] {processor.py:830} INFO - Processing file /home/airflow/.local/lib/python3.12/site-packages/airflow/example_dags/example_sla_dag.py for tasks to queue
[2026-03-22T04:20:40.291+0000] {logging_mixin.py:188} INFO - [2026-03-22T04:20:40.291+0000] {dagbag.py:545} INFO - Filling up the DagBag from /home/airflow/.local/lib/python3.12/site-packages/airflow/example_dags/example_sla_dag.py
[2026-03-22T04:20:40.307+0000] {processor.py:840} INFO - DAG(s) 'example_sla_dag' retrieved from /home/airflow/.local/lib/python3.12/site-packages/airflow/example_dags/example_sla_dag.py
[2026-03-22T04:20:40.321+0000] {logging_mixin.py:188} INFO - [2026-03-22T04:20:40.321+0000] {dag.py:3096} INFO - Sync 1 DAGs
[2026-03-22T04:20:40.337+0000] {logging_mixin.py:188} INFO - [2026-03-22T04:20:40.337+0000] {dag.py:3954} INFO - Setting next_dagrun for example_sla_dag to 2026-03-22 04:18:00+00:00, run_after=2026-03-22 04:20:00+00:00
[2026-03-22T04:20:40.346+0000] {processor.py:183} INFO - Processing /home/airflow/.local/lib/python3.12/site-packages/airflow/example_dags/example_sla_dag.py took 0.060 seconds
[2026-03-22T04:21:11.240+0000] {processor.py:161} INFO - Started process (PID=1329) to work on /home/airflow/.local/lib/python3.12/site-packages/airflow/example_dags/example_sla_dag.py
[2026-03-22T04:21:11.242+0000] {processor.py:830} INFO - Processing file /home/airflow/.local/lib/python3.12/site-packages/airflow/example_dags/example_sla_dag.py for tasks to queue
[2026-03-22T04:21:11.244+0000] {logging_mixin.py:188} INFO - [2026-03-22T04:21:11.244+0000] {dagbag.py:545} INFO - Filling up the DagBag from /home/airflow/.local/lib/python3.12/site-packages/airflow/example_dags/example_sla_dag.py
[2026-03-22T04:21:11.259+0000] {processor.py:840} INFO - DAG(s) 'example_sla_dag' retrieved from /home/airflow/.local/lib/python3.12/site-packages/airflow/example_dags/example_sla_dag.py
[2026-03-22T04:21:11.278+0000] {logging_mixin.py:188} INFO - [2026-03-22T04:21:11.277+0000] {dag.py:3096} INFO - Sync 1 DAGs
[2026-03-22T04:21:11.295+0000] {logging_mixin.py:188} INFO - [2026-03-22T04:21:11.295+0000] {dag.py:3954} INFO - Setting next_dagrun for example_sla_dag to 2026-03-22 04:18:00+00:00, run_after=2026-03-22 04:20:00+00:00
[2026-03-22T04:21:11.306+0000] {processor.py:183} INFO - Processing /home/airflow/.local/lib/python3.12/site-packages/airflow/example_dags/example_sla_dag.py took 0.071 seconds
[2026-03-22T04:21:42.679+0000] {processor.py:161} INFO - Started process (PID=1387) to work on /home/airflow/.local/lib/python3.12/site-packages/airflow/example_dags/example_sla_dag.py
[2026-03-22T04:21:42.681+0000] {processor.py:830} INFO - Processing file /home/airflow/.local/lib/python3.12/site-packages/airflow/example_dags/example_sla_dag.py for tasks to queue
[2026-03-22T04:21:42.683+0000] {logging_mixin.py:188} INFO - [2026-03-22T04:21:42.682+0000] {dagbag.py:545} INFO - Filling up the DagBag from /home/airflow/.local/lib/python3.12/site-packages/airflow/example_dags/example_sla_dag.py
[2026-03-22T04:21:42.695+0000] {processor.py:840} INFO - DAG(s) 'example_sla_dag' retrieved from /home/airflow/.local/lib/python3.12/site-packages/airflow/example_dags/example_sla_dag.py
[2026-03-22T04:21:42.706+0000] {logging_mixin.py:188} INFO - [2026-03-22T04:21:42.706+0000] {dag.py:3096} INFO - Sync 1 DAGs
[2026-03-22T04:21:42.719+0000] {logging_mixin.py:188} INFO - [2026-03-22T04:21:42.719+0000] {dag.py:3954} INFO - Setting next_dagrun for example_sla_dag to 2026-03-22 04:18:00+00:00, run_after=2026-03-22 04:20:00+00:00
[2026-03-22T04:21:42.730+0000] {processor.py:183} INFO - Processing /home/airflow/.local/lib/python3.12/site-packages/airflow/example_dags/example_sla_dag.py took 0.057 seconds
[2026-03-22T04:22:48.056+0000] {processor.py:161} INFO - Started process (PID=1446) to work on /home/airflow/.local/lib/python3.12/site-packages/airflow/example_dags/example_sla_dag.py
[2026-03-22T04:22:48.088+0000] {processor.py:830} INFO - Processing file /home/airflow/.local/lib/python3.12/site-packages/airflow/example_dags/example_sla_dag.py for tasks to queue
[2026-03-22T04:22:48.125+0000] {logging_mixin.py:188} INFO - [2026-03-22T04:22:48.113+0000] {dagbag.py:545} INFO - Filling up the DagBag from /home/airflow/.local/lib/python3.12/site-packages/airflow/example_dags/example_sla_dag.py
[2026-03-22T04:22:48.421+0000] {processor.py:840} INFO - DAG(s) 'example_sla_dag' retrieved from /home/airflow/.local/lib/python3.12/site-packages/airflow/example_dags/example_sla_dag.py
[2026-03-22T04:22:55.061+0000] {logging_mixin.py:188} INFO - [2026-03-22T04:22:54.981+0000] {dag.py:3096} INFO - Sync 1 DAGs
[2026-03-22T04:22:57.714+0000] {logging_mixin.py:188} INFO - [2026-03-22T04:22:57.702+0000] {dag.py:3954} INFO - Setting next_dagrun for example_sla_dag to 2026-03-22 04:20:00+00:00, run_after=2026-03-22 04:22:00+00:00
[2026-03-22T04:23:00.500+0000] {processor.py:183} INFO - Processing /home/airflow/.local/lib/python3.12/site-packages/airflow/example_dags/example_sla_dag.py took 11.913 seconds
[2026-03-22T04:23:30.762+0000] {processor.py:161} INFO - Started process (PID=1509) to work on /home/airflow/.local/lib/python3.12/site-packages/airflow/example_dags/example_sla_dag.py
[2026-03-22T04:23:30.765+0000] {processor.py:830} INFO - Processing file /home/airflow/.local/lib/python3.12/site-packages/airflow/example_dags/example_sla_dag.py for tasks to queue
[2026-03-22T04:23:30.770+0000] {logging_mixin.py:188} INFO - [2026-03-22T04:23:30.769+0000] {dagbag.py:545} INFO - Filling up the DagBag from /home/airflow/.local/lib/python3.12/site-packages/airflow/example_dags/example_sla_dag.py
[2026-03-22T04:23:30.793+0000] {processor.py:840} INFO - DAG(s) 'example_sla_dag' retrieved from /home/airflow/.local/lib/python3.12/site-packages/airflow/example_dags/example_sla_dag.py
[2026-03-22T04:23:30.824+0000] {logging_mixin.py:188} INFO - [2026-03-22T04:23:30.823+0000] {dag.py:3096} INFO - Sync 1 DAGs
[2026-03-22T04:23:30.852+0000] {logging_mixin.py:188} INFO - [2026-03-22T04:23:30.852+0000] {dag.py:3954} INFO - Setting next_dagrun for example_sla_dag to 2026-03-22 04:20:00+00:00, run_after=2026-03-22 04:22:00+00:00
[2026-03-22T04:23:30.871+0000] {processor.py:183} INFO - Processing /home/airflow/.local/lib/python3.12/site-packages/airflow/example_dags/example_sla_dag.py took 0.128 seconds
[2026-03-22T04:24:01.495+0000] {processor.py:161} INFO - Started process (PID=1567) to work on /home/airflow/.local/lib/python3.12/site-packages/airflow/example_dags/example_sla_dag.py
[2026-03-22T04:24:01.497+0000] {processor.py:830} INFO - Processing file /home/airflow/.local/lib/python3.12/site-packages/airflow/example_dags/example_sla_dag.py for tasks to queue
[2026-03-22T04:24:01.501+0000] {logging_mixin.py:188} INFO - [2026-03-22T04:24:01.501+0000] {dagbag.py:545} INFO - Filling up the DagBag from /home/airflow/.local/lib/python3.12/site-packages/airflow/example_dags/example_sla_dag.py
[2026-03-22T04:24:01.547+0000] {processor.py:840} INFO - DAG(s) 'example_sla_dag' retrieved from /home/airflow/.local/lib/python3.12/site-packages/airflow/example_dags/example_sla_dag.py
[2026-03-22T04:24:01.588+0000] {logging_mixin.py:188} INFO - [2026-03-22T04:24:01.588+0000] {dag.py:3096} INFO - Sync 1 DAGs
[2026-03-22T04:24:01.610+0000] {logging_mixin.py:188} INFO - [2026-03-22T04:24:01.610+0000] {dag.py:3954} INFO - Setting next_dagrun for example_sla_dag to 2026-03-22 04:22:00+00:00, run_after=2026-03-22 04:24:00+00:00
[2026-03-22T04:24:01.630+0000] {processor.py:183} INFO - Processing /home/airflow/.local/lib/python3.12/site-packages/airflow/example_dags/example_sla_dag.py took 0.157 seconds
[2026-03-22T04:24:32.583+0000] {processor.py:161} INFO - Started process (PID=1625) to work on /home/airflow/.local/lib/python3.12/site-packages/airflow/example_dags/example_sla_dag.py
[2026-03-22T04:24:32.694+0000] {processor.py:830} INFO - Processing file /home/airflow/.local/lib/python3.12/site-packages/airflow/example_dags/example_sla_dag.py for tasks to queue
[2026-03-22T04:24:32.915+0000] {logging_mixin.py:188} INFO - [2026-03-22T04:24:32.892+0000] {dagbag.py:545} INFO - Filling up the DagBag from /home/airflow/.local/lib/python3.12/site-packages/airflow/example_dags/example_sla_dag.py
[2026-03-22T04:24:33.819+0000] {processor.py:840} INFO - DAG(s) 'example_sla_dag' retrieved from /home/airflow/.local/lib/python3.12/site-packages/airflow/example_dags/example_sla_dag.py
[2026-03-22T04:24:50.743+0000] {logging_mixin.py:188} INFO - [2026-03-22T04:24:50.525+0000] {dag.py:3096} INFO - Sync 1 DAGs
[2026-03-22T04:24:59.884+0000] {logging_mixin.py:188} INFO - [2026-03-22T04:24:59.781+0000] {dag.py:3954} INFO - Setting next_dagrun for example_sla_dag to 2026-03-22 04:22:00+00:00, run_after=2026-03-22 04:24:00+00:00
[2026-03-22T04:25:05.334+0000] {processor.py:183} INFO - Processing /home/airflow/.local/lib/python3.12/site-packages/airflow/example_dags/example_sla_dag.py took 33.063 seconds
[2026-03-22T04:25:47.801+0000] {processor.py:161} INFO - Started process (PID=1690) to work on /home/airflow/.local/lib/python3.12/site-packages/airflow/example_dags/example_sla_dag.py
[2026-03-22T04:25:47.802+0000] {processor.py:830} INFO - Processing file /home/airflow/.local/lib/python3.12/site-packages/airflow/example_dags/example_sla_dag.py for tasks to queue
[2026-03-22T04:25:47.804+0000] {logging_mixin.py:188} INFO - [2026-03-22T04:25:47.803+0000] {dagbag.py:545} INFO - Filling up the DagBag from /home/airflow/.local/lib/python3.12/site-packages/airflow/example_dags/example_sla_dag.py
[2026-03-22T04:25:47.823+0000] {processor.py:840} INFO - DAG(s) 'example_sla_dag' retrieved from /home/airflow/.local/lib/python3.12/site-packages/airflow/example_dags/example_sla_dag.py
[2026-03-22T04:25:47.862+0000] {logging_mixin.py:188} INFO - [2026-03-22T04:25:47.862+0000] {dag.py:3096} INFO - Sync 1 DAGs
[2026-03-22T04:25:47.907+0000] {logging_mixin.py:188} INFO - [2026-03-22T04:25:47.906+0000] {dag.py:3954} INFO - Setting next_dagrun for example_sla_dag to 2026-03-22 04:22:00+00:00, run_after=2026-03-22 04:24:00+00:00
[2026-03-22T04:25:47.928+0000] {processor.py:183} INFO - Processing /home/airflow/.local/lib/python3.12/site-packages/airflow/example_dags/example_sla_dag.py took 0.132 seconds
[2026-03-22T04:27:14.607+0000] {processor.py:161} INFO - Started process (PID=1741) to work on /home/airflow/.local/lib/python3.12/site-packages/airflow/example_dags/example_sla_dag.py
[2026-03-22T04:27:14.608+0000] {processor.py:830} INFO - Processing file /home/airflow/.local/lib/python3.12/site-packages/airflow/example_dags/example_sla_dag.py for tasks to queue
[2026-03-22T04:27:14.618+0000] {logging_mixin.py:188} INFO - [2026-03-22T04:27:14.618+0000] {dagbag.py:545} INFO - Filling up the DagBag from /home/airflow/.local/lib/python3.12/site-packages/airflow/example_dags/example_sla_dag.py
[2026-03-22T04:27:14.755+0000] {processor.py:840} INFO - DAG(s) 'example_sla_dag' retrieved from /home/airflow/.local/lib/python3.12/site-packages/airflow/example_dags/example_sla_dag.py
[2026-03-22T04:27:15.530+0000] {logging_mixin.py:188} INFO - [2026-03-22T04:27:15.517+0000] {dag.py:3096} INFO - Sync 1 DAGs
[2026-03-22T04:27:20.013+0000] {logging_mixin.py:188} INFO - [2026-03-22T04:27:19.984+0000] {dag.py:3954} INFO - Setting next_dagrun for example_sla_dag to 2026-03-22 04:24:00+00:00, run_after=2026-03-22 04:26:00+00:00
[2026-03-22T04:27:20.793+0000] {processor.py:183} INFO - Processing /home/airflow/.local/lib/python3.12/site-packages/airflow/example_dags/example_sla_dag.py took 6.204 seconds
[2026-03-22T04:32:47.476+0000] {processor.py:161} INFO - Started process (PID=1829) to work on /home/airflow/.local/lib/python3.12/site-packages/airflow/example_dags/example_sla_dag.py
[2026-03-22T04:32:47.481+0000] {processor.py:830} INFO - Processing file /home/airflow/.local/lib/python3.12/site-packages/airflow/example_dags/example_sla_dag.py for tasks to queue
[2026-03-22T04:32:47.487+0000] {logging_mixin.py:188} INFO - [2026-03-22T04:32:47.486+0000] {dagbag.py:545} INFO - Filling up the DagBag from /home/airflow/.local/lib/python3.12/site-packages/airflow/example_dags/example_sla_dag.py
[2026-03-22T04:32:58.885+0000] {processor.py:840} INFO - DAG(s) 'example_sla_dag' retrieved from /home/airflow/.local/lib/python3.12/site-packages/airflow/example_dags/example_sla_dag.py
[2026-03-22T04:33:21.099+0000] {logging_mixin.py:188} INFO - [2026-03-22T04:33:21.079+0000] {dag.py:3096} INFO - Sync 1 DAGs
[2026-03-22T04:33:21.656+0000] {logging_mixin.py:188} INFO - [2026-03-22T04:33:21.639+0000] {dag.py:3954} INFO - Setting next_dagrun for example_sla_dag to 2026-03-22 04:30:00+00:00, run_after=2026-03-22 04:32:00+00:00
[2026-03-22T04:33:22.024+0000] {processor.py:183} INFO - Processing /home/airflow/.local/lib/python3.12/site-packages/airflow/example_dags/example_sla_dag.py took 34.610 seconds
[2026-03-22T04:36:40.981+0000] {processor.py:161} INFO - Started process (PID=1902) to work on /home/airflow/.local/lib/python3.12/site-packages/airflow/example_dags/example_sla_dag.py
[2026-03-22T04:36:41.136+0000] {processor.py:830} INFO - Processing file /home/airflow/.local/lib/python3.12/site-packages/airflow/example_dags/example_sla_dag.py for tasks to queue
[2026-03-22T04:36:41.254+0000] {logging_mixin.py:188} INFO - [2026-03-22T04:36:41.236+0000] {dagbag.py:545} INFO - Filling up the DagBag from /home/airflow/.local/lib/python3.12/site-packages/airflow/example_dags/example_sla_dag.py
[2026-03-22T04:36:42.062+0000] {processor.py:840} INFO - DAG(s) 'example_sla_dag' retrieved from /home/airflow/.local/lib/python3.12/site-packages/airflow/example_dags/example_sla_dag.py
[2026-03-22T04:36:43.652+0000] {logging_mixin.py:188} INFO - [2026-03-22T04:36:43.640+0000] {dag.py:3096} INFO - Sync 1 DAGs
[2026-03-22T04:36:44.140+0000] {logging_mixin.py:188} INFO - [2026-03-22T04:36:44.125+0000] {dag.py:3954} INFO - Setting next_dagrun for example_sla_dag to 2026-03-22 04:34:00+00:00, run_after=2026-03-22 04:36:00+00:00
[2026-03-22T04:36:44.875+0000] {processor.py:183} INFO - Processing /home/airflow/.local/lib/python3.12/site-packages/airflow/example_dags/example_sla_dag.py took 4.311 seconds
[2026-03-22T04:38:52.801+0000] {processor.py:161} INFO - Started process (PID=1962) to work on /home/airflow/.local/lib/python3.12/site-packages/airflow/example_dags/example_sla_dag.py
[2026-03-22T04:38:52.820+0000] {processor.py:830} INFO - Processing file /home/airflow/.local/lib/python3.12/site-packages/airflow/example_dags/example_sla_dag.py for tasks to queue
[2026-03-22T04:38:52.885+0000] {logging_mixin.py:188} INFO - [2026-03-22T04:38:52.883+0000] {dagbag.py:545} INFO - Filling up the DagBag from /home/airflow/.local/lib/python3.12/site-packages/airflow/example_dags/example_sla_dag.py
[2026-03-22T04:38:53.348+0000] {processor.py:840} INFO - DAG(s) 'example_sla_dag' retrieved from /home/airflow/.local/lib/python3.12/site-packages/airflow/example_dags/example_sla_dag.py
[2026-03-22T04:38:54.675+0000] {logging_mixin.py:188} INFO - [2026-03-22T04:38:54.633+0000] {dag.py:3096} INFO - Sync 1 DAGs
[2026-03-22T04:38:55.181+0000] {logging_mixin.py:188} INFO - [2026-03-22T04:38:55.177+0000] {dag.py:3954} INFO - Setting next_dagrun for example_sla_dag to 2026-03-22 04:36:00+00:00, run_after=2026-03-22 04:38:00+00:00
[2026-03-22T04:38:55.389+0000] {processor.py:183} INFO - Processing /home/airflow/.local/lib/python3.12/site-packages/airflow/example_dags/example_sla_dag.py took 2.725 seconds
[2026-03-22T04:39:42.688+0000] {processor.py:161} INFO - Started process (PID=2006) to work on /home/airflow/.local/lib/python3.12/site-packages/airflow/example_dags/example_sla_dag.py
[2026-03-22T04:39:42.710+0000] {processor.py:830} INFO - Processing file /home/airflow/.local/lib/python3.12/site-packages/airflow/example_dags/example_sla_dag.py for tasks to queue
[2026-03-22T04:39:42.807+0000] {logging_mixin.py:188} INFO - [2026-03-22T04:39:42.802+0000] {dagbag.py:545} INFO - Filling up the DagBag from /home/airflow/.local/lib/python3.12/site-packages/airflow/example_dags/example_sla_dag.py
[2026-03-22T04:39:43.009+0000] {processor.py:840} INFO - DAG(s) 'example_sla_dag' retrieved from /home/airflow/.local/lib/python3.12/site-packages/airflow/example_dags/example_sla_dag.py
[2026-03-22T04:39:43.555+0000] {logging_mixin.py:188} INFO - [2026-03-22T04:39:43.539+0000] {dag.py:3096} INFO - Sync 1 DAGs
[2026-03-22T04:39:43.858+0000] {logging_mixin.py:188} INFO - [2026-03-22T04:39:43.854+0000] {dag.py:3954} INFO - Setting next_dagrun for example_sla_dag to 2026-03-22 04:36:00+00:00, run_after=2026-03-22 04:38:00+00:00
[2026-03-22T04:39:44.222+0000] {processor.py:183} INFO - Processing /home/airflow/.local/lib/python3.12/site-packages/airflow/example_dags/example_sla_dag.py took 1.624 seconds
[2026-03-22T04:40:50.393+0000] {processor.py:161} INFO - Started process (PID=2070) to work on /home/airflow/.local/lib/python3.12/site-packages/airflow/example_dags/example_sla_dag.py
[2026-03-22T04:40:50.406+0000] {processor.py:830} INFO - Processing file /home/airflow/.local/lib/python3.12/site-packages/airflow/example_dags/example_sla_dag.py for tasks to queue
[2026-03-22T04:40:50.431+0000] {logging_mixin.py:188} INFO - [2026-03-22T04:40:50.424+0000] {dagbag.py:545} INFO - Filling up the DagBag from /home/airflow/.local/lib/python3.12/site-packages/airflow/example_dags/example_sla_dag.py
[2026-03-22T04:40:50.631+0000] {processor.py:840} INFO - DAG(s) 'example_sla_dag' retrieved from /home/airflow/.local/lib/python3.12/site-packages/airflow/example_dags/example_sla_dag.py
[2026-03-22T04:40:50.823+0000] {logging_mixin.py:188} INFO - [2026-03-22T04:40:50.819+0000] {dag.py:3096} INFO - Sync 1 DAGs
[2026-03-22T04:40:51.111+0000] {logging_mixin.py:188} INFO - [2026-03-22T04:40:51.108+0000] {dag.py:3954} INFO - Setting next_dagrun for example_sla_dag to 2026-03-22 04:38:00+00:00, run_after=2026-03-22 04:40:00+00:00
[2026-03-22T04:40:51.283+0000] {processor.py:183} INFO - Processing /home/airflow/.local/lib/python3.12/site-packages/airflow/example_dags/example_sla_dag.py took 0.951 seconds
[2026-03-22T04:41:37.910+0000] {processor.py:161} INFO - Started process (PID=2128) to work on /home/airflow/.local/lib/python3.12/site-packages/airflow/example_dags/example_sla_dag.py
[2026-03-22T04:41:37.911+0000] {processor.py:830} INFO - Processing file /home/airflow/.local/lib/python3.12/site-packages/airflow/example_dags/example_sla_dag.py for tasks to queue
[2026-03-22T04:41:37.913+0000] {logging_mixin.py:188} INFO - [2026-03-22T04:41:37.913+0000] {dagbag.py:545} INFO - Filling up the DagBag from /home/airflow/.local/lib/python3.12/site-packages/airflow/example_dags/example_sla_dag.py
[2026-03-22T04:41:37.925+0000] {processor.py:840} INFO - DAG(s) 'example_sla_dag' retrieved from /home/airflow/.local/lib/python3.12/site-packages/airflow/example_dags/example_sla_dag.py
[2026-03-22T04:41:37.978+0000] {logging_mixin.py:188} INFO - [2026-03-22T04:41:37.978+0000] {dag.py:3096} INFO - Sync 1 DAGs
[2026-03-22T04:41:38.028+0000] {logging_mixin.py:188} INFO - [2026-03-22T04:41:38.028+0000] {dag.py:3954} INFO - Setting next_dagrun for example_sla_dag to 2026-03-22 04:38:00+00:00, run_after=2026-03-22 04:40:00+00:00
[2026-03-22T04:41:38.054+0000] {processor.py:183} INFO - Processing /home/airflow/.local/lib/python3.12/site-packages/airflow/example_dags/example_sla_dag.py took 0.153 seconds
[2026-03-22T04:42:27.722+0000] {processor.py:161} INFO - Started process (PID=2179) to work on /home/airflow/.local/lib/python3.12/site-packages/airflow/example_dags/example_sla_dag.py
[2026-03-22T04:42:27.742+0000] {processor.py:830} INFO - Processing file /home/airflow/.local/lib/python3.12/site-packages/airflow/example_dags/example_sla_dag.py for tasks to queue
[2026-03-22T04:42:27.760+0000] {logging_mixin.py:188} INFO - [2026-03-22T04:42:27.756+0000] {dagbag.py:545} INFO - Filling up the DagBag from /home/airflow/.local/lib/python3.12/site-packages/airflow/example_dags/example_sla_dag.py
[2026-03-22T04:42:27.830+0000] {processor.py:840} INFO - DAG(s) 'example_sla_dag' retrieved from /home/airflow/.local/lib/python3.12/site-packages/airflow/example_dags/example_sla_dag.py
[2026-03-22T04:42:28.707+0000] {logging_mixin.py:188} INFO - [2026-03-22T04:42:28.663+0000] {dag.py:3096} INFO - Sync 1 DAGs
[2026-03-22T04:42:28.994+0000] {logging_mixin.py:188} INFO - [2026-03-22T04:42:28.988+0000] {dag.py:3954} INFO - Setting next_dagrun for example_sla_dag to 2026-03-22 04:40:00+00:00, run_after=2026-03-22 04:42:00+00:00
[2026-03-22T04:42:29.527+0000] {processor.py:183} INFO - Processing /home/airflow/.local/lib/python3.12/site-packages/airflow/example_dags/example_sla_dag.py took 1.855 seconds
[2026-03-22T04:42:59.785+0000] {processor.py:161} INFO - Started process (PID=2237) to work on /home/airflow/.local/lib/python3.12/site-packages/airflow/example_dags/example_sla_dag.py
[2026-03-22T04:42:59.787+0000] {processor.py:830} INFO - Processing file /home/airflow/.local/lib/python3.12/site-packages/airflow/example_dags/example_sla_dag.py for tasks to queue
[2026-03-22T04:42:59.791+0000] {logging_mixin.py:188} INFO - [2026-03-22T04:42:59.791+0000] {dagbag.py:545} INFO - Filling up the DagBag from /home/airflow/.local/lib/python3.12/site-packages/airflow/example_dags/example_sla_dag.py
[2026-03-22T04:42:59.813+0000] {processor.py:840} INFO - DAG(s) 'example_sla_dag' retrieved from /home/airflow/.local/lib/python3.12/site-packages/airflow/example_dags/example_sla_dag.py
[2026-03-22T04:42:59.852+0000] {logging_mixin.py:188} INFO - [2026-03-22T04:42:59.851+0000] {dag.py:3096} INFO - Sync 1 DAGs
[2026-03-22T04:42:59.907+0000] {logging_mixin.py:188} INFO - [2026-03-22T04:42:59.907+0000] {dag.py:3954} INFO - Setting next_dagrun for example_sla_dag to 2026-03-22 04:40:00+00:00, run_after=2026-03-22 04:42:00+00:00
[2026-03-22T04:42:59.921+0000] {processor.py:183} INFO - Processing /home/airflow/.local/lib/python3.12/site-packages/airflow/example_dags/example_sla_dag.py took 0.149 seconds
[2026-03-22T04:43:30.167+0000] {processor.py:161} INFO - Started process (PID=2295) to work on /home/airflow/.local/lib/python3.12/site-packages/airflow/example_dags/example_sla_dag.py
[2026-03-22T04:43:30.169+0000] {processor.py:830} INFO - Processing file /home/airflow/.local/lib/python3.12/site-packages/airflow/example_dags/example_sla_dag.py for tasks to queue
[2026-03-22T04:43:30.174+0000] {logging_mixin.py:188} INFO - [2026-03-22T04:43:30.173+0000] {dagbag.py:545} INFO - Filling up the DagBag from /home/airflow/.local/lib/python3.12/site-packages/airflow/example_dags/example_sla_dag.py
[2026-03-22T04:43:30.200+0000] {processor.py:840} INFO - DAG(s) 'example_sla_dag' retrieved from /home/airflow/.local/lib/python3.12/site-packages/airflow/example_dags/example_sla_dag.py
[2026-03-22T04:43:30.244+0000] {logging_mixin.py:188} INFO - [2026-03-22T04:43:30.244+0000] {dag.py:3096} INFO - Sync 1 DAGs
[2026-03-22T04:43:30.284+0000] {logging_mixin.py:188} INFO - [2026-03-22T04:43:30.283+0000] {dag.py:3954} INFO - Setting next_dagrun for example_sla_dag to 2026-03-22 04:40:00+00:00, run_after=2026-03-22 04:42:00+00:00
[2026-03-22T04:43:30.306+0000] {processor.py:183} INFO - Processing /home/airflow/.local/lib/python3.12/site-packages/airflow/example_dags/example_sla_dag.py took 0.166 seconds
[2026-03-22T04:44:00.568+0000] {processor.py:161} INFO - Started process (PID=2353) to work on /home/airflow/.local/lib/python3.12/site-packages/airflow/example_dags/example_sla_dag.py
[2026-03-22T04:44:00.571+0000] {processor.py:830} INFO - Processing file /home/airflow/.local/lib/python3.12/site-packages/airflow/example_dags/example_sla_dag.py for tasks to queue
[2026-03-22T04:44:00.573+0000] {logging_mixin.py:188} INFO - [2026-03-22T04:44:00.572+0000] {dagbag.py:545} INFO - Filling up the DagBag from /home/airflow/.local/lib/python3.12/site-packages/airflow/example_dags/example_sla_dag.py
[2026-03-22T04:44:00.586+0000] {processor.py:840} INFO - DAG(s) 'example_sla_dag' retrieved from /home/airflow/.local/lib/python3.12/site-packages/airflow/example_dags/example_sla_dag.py
[2026-03-22T04:44:00.638+0000] {logging_mixin.py:188} INFO - [2026-03-22T04:44:00.637+0000] {dag.py:3096} INFO - Sync 1 DAGs
[2026-03-22T04:44:00.701+0000] {logging_mixin.py:188} INFO - [2026-03-22T04:44:00.701+0000] {dag.py:3954} INFO - Setting next_dagrun for example_sla_dag to 2026-03-22 04:42:00+00:00, run_after=2026-03-22 04:44:00+00:00
[2026-03-22T04:44:00.831+0000] {processor.py:183} INFO - Processing /home/airflow/.local/lib/python3.12/site-packages/airflow/example_dags/example_sla_dag.py took 0.278 seconds
[2026-03-22T04:44:31.417+0000] {processor.py:161} INFO - Started process (PID=2411) to work on /home/airflow/.local/lib/python3.12/site-packages/airflow/example_dags/example_sla_dag.py
[2026-03-22T04:44:31.420+0000] {processor.py:830} INFO - Processing file /home/airflow/.local/lib/python3.12/site-packages/airflow/example_dags/example_sla_dag.py for tasks to queue
[2026-03-22T04:44:31.423+0000] {logging_mixin.py:188} INFO - [2026-03-22T04:44:31.422+0000] {dagbag.py:545} INFO - Filling up the DagBag from /home/airflow/.local/lib/python3.12/site-packages/airflow/example_dags/example_sla_dag.py
[2026-03-22T04:44:31.440+0000] {processor.py:840} INFO - DAG(s) 'example_sla_dag' retrieved from /home/airflow/.local/lib/python3.12/site-packages/airflow/example_dags/example_sla_dag.py
[2026-03-22T04:44:31.489+0000] {logging_mixin.py:188} INFO - [2026-03-22T04:44:31.488+0000] {dag.py:3096} INFO - Sync 1 DAGs
[2026-03-22T04:44:31.518+0000] {logging_mixin.py:188} INFO - [2026-03-22T04:44:31.518+0000] {dag.py:3954} INFO - Setting next_dagrun for example_sla_dag to 2026-03-22 04:42:00+00:00, run_after=2026-03-22 04:44:00+00:00
[2026-03-22T04:44:31.539+0000] {processor.py:183} INFO - Processing /home/airflow/.local/lib/python3.12/site-packages/airflow/example_dags/example_sla_dag.py took 0.135 seconds
[2026-03-22T04:45:01.680+0000] {processor.py:161} INFO - Started process (PID=2469) to work on /home/airflow/.local/lib/python3.12/site-packages/airflow/example_dags/example_sla_dag.py
[2026-03-22T04:45:01.684+0000] {processor.py:830} INFO - Processing file /home/airflow/.local/lib/python3.12/site-packages/airflow/example_dags/example_sla_dag.py for tasks to queue
[2026-03-22T04:45:01.690+0000] {logging_mixin.py:188} INFO - [2026-03-22T04:45:01.690+0000] {dagbag.py:545} INFO - Filling up the DagBag from /home/airflow/.local/lib/python3.12/site-packages/airflow/example_dags/example_sla_dag.py
[2026-03-22T04:45:01.714+0000] {processor.py:840} INFO - DAG(s) 'example_sla_dag' retrieved from /home/airflow/.local/lib/python3.12/site-packages/airflow/example_dags/example_sla_dag.py
[2026-03-22T04:45:01.786+0000] {logging_mixin.py:188} INFO - [2026-03-22T04:45:01.785+0000] {dag.py:3096} INFO - Sync 1 DAGs
[2026-03-22T04:45:01.830+0000] {logging_mixin.py:188} INFO - [2026-03-22T04:45:01.830+0000] {dag.py:3954} INFO - Setting next_dagrun for example_sla_dag to 2026-03-22 04:42:00+00:00, run_after=2026-03-22 04:44:00+00:00
[2026-03-22T04:45:01.862+0000] {processor.py:183} INFO - Processing /home/airflow/.local/lib/python3.12/site-packages/airflow/example_dags/example_sla_dag.py took 0.190 seconds
[2026-03-22T04:45:32.321+0000] {processor.py:161} INFO - Started process (PID=2524) to work on /home/airflow/.local/lib/python3.12/site-packages/airflow/example_dags/example_sla_dag.py
[2026-03-22T04:45:32.336+0000] {processor.py:830} INFO - Processing file /home/airflow/.local/lib/python3.12/site-packages/airflow/example_dags/example_sla_dag.py for tasks to queue
[2026-03-22T04:45:32.346+0000] {logging_mixin.py:188} INFO - [2026-03-22T04:45:32.345+0000] {dagbag.py:545} INFO - Filling up the DagBag from /home/airflow/.local/lib/python3.12/site-packages/airflow/example_dags/example_sla_dag.py
[2026-03-22T04:45:32.375+0000] {processor.py:840} INFO - DAG(s) 'example_sla_dag' retrieved from /home/airflow/.local/lib/python3.12/site-packages/airflow/example_dags/example_sla_dag.py
[2026-03-22T04:45:32.416+0000] {logging_mixin.py:188} INFO - [2026-03-22T04:45:32.416+0000] {dag.py:3096} INFO - Sync 1 DAGs
[2026-03-22T04:45:32.441+0000] {logging_mixin.py:188} INFO - [2026-03-22T04:45:32.440+0000] {dag.py:3954} INFO - Setting next_dagrun for example_sla_dag to 2026-03-22 04:42:00+00:00, run_after=2026-03-22 04:44:00+00:00
[2026-03-22T04:45:32.457+0000] {processor.py:183} INFO - Processing /home/airflow/.local/lib/python3.12/site-packages/airflow/example_dags/example_sla_dag.py took 0.153 seconds
[2026-03-22T04:46:03.050+0000] {processor.py:161} INFO - Started process (PID=2582) to work on /home/airflow/.local/lib/python3.12/site-packages/airflow/example_dags/example_sla_dag.py
[2026-03-22T04:46:03.053+0000] {processor.py:830} INFO - Processing file /home/airflow/.local/lib/python3.12/site-packages/airflow/example_dags/example_sla_dag.py for tasks to queue
[2026-03-22T04:46:03.061+0000] {logging_mixin.py:188} INFO - [2026-03-22T04:46:03.061+0000] {dagbag.py:545} INFO - Filling up the DagBag from /home/airflow/.local/lib/python3.12/site-packages/airflow/example_dags/example_sla_dag.py
[2026-03-22T04:46:03.083+0000] {processor.py:840} INFO - DAG(s) 'example_sla_dag' retrieved from /home/airflow/.local/lib/python3.12/site-packages/airflow/example_dags/example_sla_dag.py
[2026-03-22T04:46:03.145+0000] {logging_mixin.py:188} INFO - [2026-03-22T04:46:03.145+0000] {dag.py:3096} INFO - Sync 1 DAGs
[2026-03-22T04:46:03.198+0000] {logging_mixin.py:188} INFO - [2026-03-22T04:46:03.198+0000] {dag.py:3954} INFO - Setting next_dagrun for example_sla_dag to 2026-03-22 04:44:00+00:00, run_after=2026-03-22 04:46:00+00:00
[2026-03-22T04:46:03.223+0000] {processor.py:183} INFO - Processing /home/airflow/.local/lib/python3.12/site-packages/airflow/example_dags/example_sla_dag.py took 0.192 seconds
[2026-03-22T04:46:33.673+0000] {processor.py:161} INFO - Started process (PID=2640) to work on /home/airflow/.local/lib/python3.12/site-packages/airflow/example_dags/example_sla_dag.py
[2026-03-22T04:46:33.675+0000] {processor.py:830} INFO - Processing file /home/airflow/.local/lib/python3.12/site-packages/airflow/example_dags/example_sla_dag.py for tasks to queue
[2026-03-22T04:46:33.686+0000] {logging_mixin.py:188} INFO - [2026-03-22T04:46:33.685+0000] {dagbag.py:545} INFO - Filling up the DagBag from /home/airflow/.local/lib/python3.12/site-packages/airflow/example_dags/example_sla_dag.py
[2026-03-22T04:46:33.711+0000] {processor.py:840} INFO - DAG(s) 'example_sla_dag' retrieved from /home/airflow/.local/lib/python3.12/site-packages/airflow/example_dags/example_sla_dag.py
[2026-03-22T04:46:33.764+0000] {logging_mixin.py:188} INFO - [2026-03-22T04:46:33.763+0000] {dag.py:3096} INFO - Sync 1 DAGs
[2026-03-22T04:46:33.820+0000] {logging_mixin.py:188} INFO - [2026-03-22T04:46:33.820+0000] {dag.py:3954} INFO - Setting next_dagrun for example_sla_dag to 2026-03-22 04:44:00+00:00, run_after=2026-03-22 04:46:00+00:00
[2026-03-22T04:46:33.839+0000] {processor.py:183} INFO - Processing /home/airflow/.local/lib/python3.12/site-packages/airflow/example_dags/example_sla_dag.py took 0.191 seconds
[2026-03-22T04:47:04.549+0000] {processor.py:161} INFO - Started process (PID=2698) to work on /home/airflow/.local/lib/python3.12/site-packages/airflow/example_dags/example_sla_dag.py
[2026-03-22T04:47:04.551+0000] {processor.py:830} INFO - Processing file /home/airflow/.local/lib/python3.12/site-packages/airflow/example_dags/example_sla_dag.py for tasks to queue
[2026-03-22T04:47:04.562+0000] {logging_mixin.py:188} INFO - [2026-03-22T04:47:04.562+0000] {dagbag.py:545} INFO - Filling up the DagBag from /home/airflow/.local/lib/python3.12/site-packages/airflow/example_dags/example_sla_dag.py
[2026-03-22T04:47:04.582+0000] {processor.py:840} INFO - DAG(s) 'example_sla_dag' retrieved from /home/airflow/.local/lib/python3.12/site-packages/airflow/example_dags/example_sla_dag.py
[2026-03-22T04:47:04.635+0000] {logging_mixin.py:188} INFO - [2026-03-22T04:47:04.635+0000] {dag.py:3096} INFO - Sync 1 DAGs
[2026-03-22T04:47:04.675+0000] {logging_mixin.py:188} INFO - [2026-03-22T04:47:04.675+0000] {dag.py:3954} INFO - Setting next_dagrun for example_sla_dag to 2026-03-22 04:44:00+00:00, run_after=2026-03-22 04:46:00+00:00
[2026-03-22T04:47:04.700+0000] {processor.py:183} INFO - Processing /home/airflow/.local/lib/python3.12/site-packages/airflow/example_dags/example_sla_dag.py took 0.161 seconds
[2026-03-22T04:47:35.406+0000] {processor.py:161} INFO - Started process (PID=2756) to work on /home/airflow/.local/lib/python3.12/site-packages/airflow/example_dags/example_sla_dag.py
[2026-03-22T04:47:35.418+0000] {processor.py:830} INFO - Processing file /home/airflow/.local/lib/python3.12/site-packages/airflow/example_dags/example_sla_dag.py for tasks to queue
[2026-03-22T04:47:35.452+0000] {logging_mixin.py:188} INFO - [2026-03-22T04:47:35.444+0000] {dagbag.py:545} INFO - Filling up the DagBag from /home/airflow/.local/lib/python3.12/site-packages/airflow/example_dags/example_sla_dag.py
[2026-03-22T04:47:35.519+0000] {processor.py:840} INFO - DAG(s) 'example_sla_dag' retrieved from /home/airflow/.local/lib/python3.12/site-packages/airflow/example_dags/example_sla_dag.py
[2026-03-22T04:47:35.637+0000] {logging_mixin.py:188} INFO - [2026-03-22T04:47:35.637+0000] {dag.py:3096} INFO - Sync 1 DAGs
[2026-03-22T04:47:35.714+0000] {logging_mixin.py:188} INFO - [2026-03-22T04:47:35.713+0000] {dag.py:3954} INFO - Setting next_dagrun for example_sla_dag to 2026-03-22 04:44:00+00:00, run_after=2026-03-22 04:46:00+00:00
[2026-03-22T04:47:35.752+0000] {processor.py:183} INFO - Processing /home/airflow/.local/lib/python3.12/site-packages/airflow/example_dags/example_sla_dag.py took 0.397 seconds
[2026-03-22T04:48:06.723+0000] {processor.py:161} INFO - Started process (PID=2814) to work on /home/airflow/.local/lib/python3.12/site-packages/airflow/example_dags/example_sla_dag.py
[2026-03-22T04:48:06.737+0000] {processor.py:830} INFO - Processing file /home/airflow/.local/lib/python3.12/site-packages/airflow/example_dags/example_sla_dag.py for tasks to queue
[2026-03-22T04:48:06.752+0000] {logging_mixin.py:188} INFO - [2026-03-22T04:48:06.747+0000] {dagbag.py:545} INFO - Filling up the DagBag from /home/airflow/.local/lib/python3.12/site-packages/airflow/example_dags/example_sla_dag.py
[2026-03-22T04:48:06.818+0000] {processor.py:840} INFO - DAG(s) 'example_sla_dag' retrieved from /home/airflow/.local/lib/python3.12/site-packages/airflow/example_dags/example_sla_dag.py
[2026-03-22T04:48:06.982+0000] {logging_mixin.py:188} INFO - [2026-03-22T04:48:06.970+0000] {dag.py:3096} INFO - Sync 1 DAGs
[2026-03-22T04:48:07.062+0000] {logging_mixin.py:188} INFO - [2026-03-22T04:48:07.062+0000] {dag.py:3954} INFO - Setting next_dagrun for example_sla_dag to 2026-03-22 04:46:00+00:00, run_after=2026-03-22 04:48:00+00:00
[2026-03-22T04:48:07.094+0000] {processor.py:183} INFO - Processing /home/airflow/.local/lib/python3.12/site-packages/airflow/example_dags/example_sla_dag.py took 0.425 seconds
[2026-03-22T04:48:38.034+0000] {processor.py:161} INFO - Started process (PID=2872) to work on /home/airflow/.local/lib/python3.12/site-packages/airflow/example_dags/example_sla_dag.py
[2026-03-22T04:48:38.042+0000] {processor.py:830} INFO - Processing file /home/airflow/.local/lib/python3.12/site-packages/airflow/example_dags/example_sla_dag.py for tasks to queue
[2026-03-22T04:48:38.046+0000] {logging_mixin.py:188} INFO - [2026-03-22T04:48:38.046+0000] {dagbag.py:545} INFO - Filling up the DagBag from /home/airflow/.local/lib/python3.12/site-packages/airflow/example_dags/example_sla_dag.py
[2026-03-22T04:48:38.080+0000] {processor.py:840} INFO - DAG(s) 'example_sla_dag' retrieved from /home/airflow/.local/lib/python3.12/site-packages/airflow/example_dags/example_sla_dag.py
[2026-03-22T04:48:38.182+0000] {logging_mixin.py:188} INFO - [2026-03-22T04:48:38.182+0000] {dag.py:3096} INFO - Sync 1 DAGs
[2026-03-22T04:48:38.242+0000] {logging_mixin.py:188} INFO - [2026-03-22T04:48:38.241+0000] {dag.py:3954} INFO - Setting next_dagrun for example_sla_dag to 2026-03-22 04:46:00+00:00, run_after=2026-03-22 04:48:00+00:00
[2026-03-22T04:48:38.279+0000] {processor.py:183} INFO - Processing /home/airflow/.local/lib/python3.12/site-packages/airflow/example_dags/example_sla_dag.py took 0.262 seconds
[2026-03-22T04:49:08.676+0000] {processor.py:161} INFO - Started process (PID=2930) to work on /home/airflow/.local/lib/python3.12/site-packages/airflow/example_dags/example_sla_dag.py
[2026-03-22T04:49:08.680+0000] {processor.py:830} INFO - Processing file /home/airflow/.local/lib/python3.12/site-packages/airflow/example_dags/example_sla_dag.py for tasks to queue
[2026-03-22T04:49:08.686+0000] {logging_mixin.py:188} INFO - [2026-03-22T04:49:08.684+0000] {dagbag.py:545} INFO - Filling up the DagBag from /home/airflow/.local/lib/python3.12/site-packages/airflow/example_dags/example_sla_dag.py
[2026-03-22T04:49:08.704+0000] {processor.py:840} INFO - DAG(s) 'example_sla_dag' retrieved from /home/airflow/.local/lib/python3.12/site-packages/airflow/example_dags/example_sla_dag.py
[2026-03-22T04:49:08.759+0000] {logging_mixin.py:188} INFO - [2026-03-22T04:49:08.758+0000] {dag.py:3096} INFO - Sync 1 DAGs
[2026-03-22T04:49:08.857+0000] {logging_mixin.py:188} INFO - [2026-03-22T04:49:08.853+0000] {dag.py:3954} INFO - Setting next_dagrun for example_sla_dag to 2026-03-22 04:46:00+00:00, run_after=2026-03-22 04:48:00+00:00
[2026-03-22T04:49:08.883+0000] {processor.py:183} INFO - Processing /home/airflow/.local/lib/python3.12/site-packages/airflow/example_dags/example_sla_dag.py took 0.220 seconds
[2026-03-22T04:49:39.016+0000] {processor.py:161} INFO - Started process (PID=2989) to work on /home/airflow/.local/lib/python3.12/site-packages/airflow/example_dags/example_sla_dag.py
[2026-03-22T04:49:39.020+0000] {processor.py:830} INFO - Processing file /home/airflow/.local/lib/python3.12/site-packages/airflow/example_dags/example_sla_dag.py for tasks to queue
[2026-03-22T04:49:39.028+0000] {logging_mixin.py:188} INFO - [2026-03-22T04:49:39.028+0000] {dagbag.py:545} INFO - Filling up the DagBag from /home/airflow/.local/lib/python3.12/site-packages/airflow/example_dags/example_sla_dag.py
[2026-03-22T04:49:39.049+0000] {processor.py:840} INFO - DAG(s) 'example_sla_dag' retrieved from /home/airflow/.local/lib/python3.12/site-packages/airflow/example_dags/example_sla_dag.py
[2026-03-22T04:49:39.130+0000] {logging_mixin.py:188} INFO - [2026-03-22T04:49:39.130+0000] {dag.py:3096} INFO - Sync 1 DAGs
[2026-03-22T04:49:39.213+0000] {logging_mixin.py:188} INFO - [2026-03-22T04:49:39.213+0000] {dag.py:3954} INFO - Setting next_dagrun for example_sla_dag to 2026-03-22 04:46:00+00:00, run_after=2026-03-22 04:48:00+00:00
[2026-03-22T04:49:39.272+0000] {processor.py:183} INFO - Processing /home/airflow/.local/lib/python3.12/site-packages/airflow/example_dags/example_sla_dag.py took 0.274 seconds
[2026-03-22T04:50:09.606+0000] {processor.py:161} INFO - Started process (PID=3048) to work on /home/airflow/.local/lib/python3.12/site-packages/airflow/example_dags/example_sla_dag.py
[2026-03-22T04:50:09.610+0000] {processor.py:830} INFO - Processing file /home/airflow/.local/lib/python3.12/site-packages/airflow/example_dags/example_sla_dag.py for tasks to queue
[2026-03-22T04:50:09.626+0000] {logging_mixin.py:188} INFO - [2026-03-22T04:50:09.625+0000] {dagbag.py:545} INFO - Filling up the DagBag from /home/airflow/.local/lib/python3.12/site-packages/airflow/example_dags/example_sla_dag.py
[2026-03-22T04:50:09.662+0000] {processor.py:840} INFO - DAG(s) 'example_sla_dag' retrieved from /home/airflow/.local/lib/python3.12/site-packages/airflow/example_dags/example_sla_dag.py
[2026-03-22T04:50:09.834+0000] {logging_mixin.py:188} INFO - [2026-03-22T04:50:09.834+0000] {dag.py:3096} INFO - Sync 1 DAGs
[2026-03-22T04:50:09.919+0000] {logging_mixin.py:188} INFO - [2026-03-22T04:50:09.916+0000] {dag.py:3954} INFO - Setting next_dagrun for example_sla_dag to 2026-03-22 04:48:00+00:00, run_after=2026-03-22 04:50:00+00:00
[2026-03-22T04:50:09.975+0000] {processor.py:183} INFO - Processing /home/airflow/.local/lib/python3.12/site-packages/airflow/example_dags/example_sla_dag.py took 0.387 seconds
[2026-03-22T04:50:40.918+0000] {processor.py:161} INFO - Started process (PID=3107) to work on /home/airflow/.local/lib/python3.12/site-packages/airflow/example_dags/example_sla_dag.py
[2026-03-22T04:50:40.928+0000] {processor.py:830} INFO - Processing file /home/airflow/.local/lib/python3.12/site-packages/airflow/example_dags/example_sla_dag.py for tasks to queue
[2026-03-22T04:50:40.952+0000] {logging_mixin.py:188} INFO - [2026-03-22T04:50:40.949+0000] {dagbag.py:545} INFO - Filling up the DagBag from /home/airflow/.local/lib/python3.12/site-packages/airflow/example_dags/example_sla_dag.py
[2026-03-22T04:50:41.013+0000] {processor.py:840} INFO - DAG(s) 'example_sla_dag' retrieved from /home/airflow/.local/lib/python3.12/site-packages/airflow/example_dags/example_sla_dag.py
[2026-03-22T04:50:41.166+0000] {logging_mixin.py:188} INFO - [2026-03-22T04:50:41.165+0000] {dag.py:3096} INFO - Sync 1 DAGs
[2026-03-22T04:50:41.328+0000] {logging_mixin.py:188} INFO - [2026-03-22T04:50:41.328+0000] {dag.py:3954} INFO - Setting next_dagrun for example_sla_dag to 2026-03-22 04:48:00+00:00, run_after=2026-03-22 04:50:00+00:00
[2026-03-22T04:50:41.370+0000] {processor.py:183} INFO - Processing /home/airflow/.local/lib/python3.12/site-packages/airflow/example_dags/example_sla_dag.py took 0.526 seconds
[2026-03-22T04:51:12.100+0000] {processor.py:161} INFO - Started process (PID=3165) to work on /home/airflow/.local/lib/python3.12/site-packages/airflow/example_dags/example_sla_dag.py
[2026-03-22T04:51:12.109+0000] {processor.py:830} INFO - Processing file /home/airflow/.local/lib/python3.12/site-packages/airflow/example_dags/example_sla_dag.py for tasks to queue
[2026-03-22T04:51:12.113+0000] {logging_mixin.py:188} INFO - [2026-03-22T04:51:12.113+0000] {dagbag.py:545} INFO - Filling up the DagBag from /home/airflow/.local/lib/python3.12/site-packages/airflow/example_dags/example_sla_dag.py
[2026-03-22T04:51:12.141+0000] {processor.py:840} INFO - DAG(s) 'example_sla_dag' retrieved from /home/airflow/.local/lib/python3.12/site-packages/airflow/example_dags/example_sla_dag.py
[2026-03-22T04:51:12.184+0000] {logging_mixin.py:188} INFO - [2026-03-22T04:51:12.184+0000] {dag.py:3096} INFO - Sync 1 DAGs
[2026-03-22T04:51:12.229+0000] {logging_mixin.py:188} INFO - [2026-03-22T04:51:12.228+0000] {dag.py:3954} INFO - Setting next_dagrun for example_sla_dag to 2026-03-22 04:48:00+00:00, run_after=2026-03-22 04:50:00+00:00
[2026-03-22T04:51:12.249+0000] {processor.py:183} INFO - Processing /home/airflow/.local/lib/python3.12/site-packages/airflow/example_dags/example_sla_dag.py took 0.169 seconds
[2026-03-22T04:51:43.142+0000] {processor.py:161} INFO - Started process (PID=3224) to work on /home/airflow/.local/lib/python3.12/site-packages/airflow/example_dags/example_sla_dag.py
[2026-03-22T04:51:43.146+0000] {processor.py:830} INFO - Processing file /home/airflow/.local/lib/python3.12/site-packages/airflow/example_dags/example_sla_dag.py for tasks to queue
[2026-03-22T04:51:43.150+0000] {logging_mixin.py:188} INFO - [2026-03-22T04:51:43.148+0000] {dagbag.py:545} INFO - Filling up the DagBag from /home/airflow/.local/lib/python3.12/site-packages/airflow/example_dags/example_sla_dag.py
[2026-03-22T04:51:43.190+0000] {processor.py:840} INFO - DAG(s) 'example_sla_dag' retrieved from /home/airflow/.local/lib/python3.12/site-packages/airflow/example_dags/example_sla_dag.py
[2026-03-22T04:51:43.282+0000] {logging_mixin.py:188} INFO - [2026-03-22T04:51:43.282+0000] {dag.py:3096} INFO - Sync 1 DAGs
[2026-03-22T04:51:43.373+0000] {logging_mixin.py:188} INFO - [2026-03-22T04:51:43.373+0000] {dag.py:3954} INFO - Setting next_dagrun for example_sla_dag to 2026-03-22 04:48:00+00:00, run_after=2026-03-22 04:50:00+00:00
[2026-03-22T04:51:43.416+0000] {processor.py:183} INFO - Processing /home/airflow/.local/lib/python3.12/site-packages/airflow/example_dags/example_sla_dag.py took 0.293 seconds
[2026-03-22T04:55:45.411+0000] {processor.py:161} INFO - Started process (PID=118) to work on /home/airflow/.local/lib/python3.12/site-packages/airflow/example_dags/example_sla_dag.py
[2026-03-22T04:55:45.416+0000] {processor.py:830} INFO - Processing file /home/airflow/.local/lib/python3.12/site-packages/airflow/example_dags/example_sla_dag.py for tasks to queue
[2026-03-22T04:55:45.420+0000] {logging_mixin.py:188} INFO - [2026-03-22T04:55:45.419+0000] {dagbag.py:545} INFO - Filling up the DagBag from /home/airflow/.local/lib/python3.12/site-packages/airflow/example_dags/example_sla_dag.py
[2026-03-22T04:55:45.444+0000] {processor.py:840} INFO - DAG(s) 'example_sla_dag' retrieved from /home/airflow/.local/lib/python3.12/site-packages/airflow/example_dags/example_sla_dag.py
[2026-03-22T04:55:47.056+0000] {logging_mixin.py:188} INFO - [2026-03-22T04:55:47.049+0000] {dag.py:3096} INFO - Sync 1 DAGs
[2026-03-22T04:55:47.189+0000] {logging_mixin.py:188} INFO - [2026-03-22T04:55:47.184+0000] {dag.py:3954} INFO - Setting next_dagrun for example_sla_dag to 2026-03-22 04:52:00+00:00, run_after=2026-03-22 04:54:00+00:00
[2026-03-22T04:55:47.418+0000] {processor.py:183} INFO - Processing /home/airflow/.local/lib/python3.12/site-packages/airflow/example_dags/example_sla_dag.py took 2.018 seconds
[2026-03-22T04:56:18.257+0000] {processor.py:161} INFO - Started process (PID=177) to work on /home/airflow/.local/lib/python3.12/site-packages/airflow/example_dags/example_sla_dag.py
[2026-03-22T04:56:18.258+0000] {processor.py:830} INFO - Processing file /home/airflow/.local/lib/python3.12/site-packages/airflow/example_dags/example_sla_dag.py for tasks to queue
[2026-03-22T04:56:18.269+0000] {logging_mixin.py:188} INFO - [2026-03-22T04:56:18.266+0000] {dagbag.py:545} INFO - Filling up the DagBag from /home/airflow/.local/lib/python3.12/site-packages/airflow/example_dags/example_sla_dag.py
[2026-03-22T04:56:18.295+0000] {processor.py:840} INFO - DAG(s) 'example_sla_dag' retrieved from /home/airflow/.local/lib/python3.12/site-packages/airflow/example_dags/example_sla_dag.py
[2026-03-22T04:56:18.352+0000] {logging_mixin.py:188} INFO - [2026-03-22T04:56:18.352+0000] {dag.py:3096} INFO - Sync 1 DAGs
[2026-03-22T04:56:18.406+0000] {logging_mixin.py:188} INFO - [2026-03-22T04:56:18.405+0000] {dag.py:3954} INFO - Setting next_dagrun for example_sla_dag to 2026-03-22 04:54:00+00:00, run_after=2026-03-22 04:56:00+00:00
[2026-03-22T04:56:18.511+0000] {processor.py:183} INFO - Processing /home/airflow/.local/lib/python3.12/site-packages/airflow/example_dags/example_sla_dag.py took 0.268 seconds
[2026-03-22T04:56:49.851+0000] {processor.py:161} INFO - Started process (PID=236) to work on /home/airflow/.local/lib/python3.12/site-packages/airflow/example_dags/example_sla_dag.py
[2026-03-22T04:56:49.862+0000] {processor.py:830} INFO - Processing file /home/airflow/.local/lib/python3.12/site-packages/airflow/example_dags/example_sla_dag.py for tasks to queue
[2026-03-22T04:56:49.869+0000] {logging_mixin.py:188} INFO - [2026-03-22T04:56:49.869+0000] {dagbag.py:545} INFO - Filling up the DagBag from /home/airflow/.local/lib/python3.12/site-packages/airflow/example_dags/example_sla_dag.py
[2026-03-22T04:56:49.991+0000] {processor.py:840} INFO - DAG(s) 'example_sla_dag' retrieved from /home/airflow/.local/lib/python3.12/site-packages/airflow/example_dags/example_sla_dag.py
[2026-03-22T04:56:50.233+0000] {logging_mixin.py:188} INFO - [2026-03-22T04:56:50.212+0000] {dag.py:3096} INFO - Sync 1 DAGs
[2026-03-22T04:56:50.415+0000] {logging_mixin.py:188} INFO - [2026-03-22T04:56:50.415+0000] {dag.py:3954} INFO - Setting next_dagrun for example_sla_dag to 2026-03-22 04:54:00+00:00, run_after=2026-03-22 04:56:00+00:00
[2026-03-22T04:56:50.577+0000] {processor.py:183} INFO - Processing /home/airflow/.local/lib/python3.12/site-packages/airflow/example_dags/example_sla_dag.py took 0.755 seconds
[2026-03-22T04:57:56.019+0000] {processor.py:161} INFO - Started process (PID=301) to work on /home/airflow/.local/lib/python3.12/site-packages/airflow/example_dags/example_sla_dag.py
[2026-03-22T04:57:56.084+0000] {processor.py:830} INFO - Processing file /home/airflow/.local/lib/python3.12/site-packages/airflow/example_dags/example_sla_dag.py for tasks to queue
[2026-03-22T04:57:56.158+0000] {logging_mixin.py:188} INFO - [2026-03-22T04:57:56.152+0000] {dagbag.py:545} INFO - Filling up the DagBag from /home/airflow/.local/lib/python3.12/site-packages/airflow/example_dags/example_sla_dag.py
[2026-03-22T04:57:56.432+0000] {processor.py:840} INFO - DAG(s) 'example_sla_dag' retrieved from /home/airflow/.local/lib/python3.12/site-packages/airflow/example_dags/example_sla_dag.py
[2026-03-22T04:57:57.732+0000] {logging_mixin.py:188} INFO - [2026-03-22T04:57:57.709+0000] {dag.py:3096} INFO - Sync 1 DAGs
[2026-03-22T04:57:59.076+0000] {logging_mixin.py:188} INFO - [2026-03-22T04:57:59.020+0000] {dag.py:3954} INFO - Setting next_dagrun for example_sla_dag to 2026-03-22 04:54:00+00:00, run_after=2026-03-22 04:56:00+00:00
[2026-03-22T04:58:00.594+0000] {processor.py:183} INFO - Processing /home/airflow/.local/lib/python3.12/site-packages/airflow/example_dags/example_sla_dag.py took 4.731 seconds
[2026-03-22T04:59:16.779+0000] {processor.py:161} INFO - Started process (PID=327) to work on /home/airflow/.local/lib/python3.12/site-packages/airflow/example_dags/example_sla_dag.py
[2026-03-22T04:59:17.053+0000] {processor.py:830} INFO - Processing file /home/airflow/.local/lib/python3.12/site-packages/airflow/example_dags/example_sla_dag.py for tasks to queue
[2026-03-22T04:59:17.379+0000] {logging_mixin.py:188} INFO - [2026-03-22T04:59:17.279+0000] {dagbag.py:545} INFO - Filling up the DagBag from /home/airflow/.local/lib/python3.12/site-packages/airflow/example_dags/example_sla_dag.py
[2026-03-22T04:59:18.345+0000] {processor.py:840} INFO - DAG(s) 'example_sla_dag' retrieved from /home/airflow/.local/lib/python3.12/site-packages/airflow/example_dags/example_sla_dag.py
[2026-03-22T04:59:34.247+0000] {logging_mixin.py:188} INFO - [2026-03-22T04:59:33.937+0000] {dag.py:3096} INFO - Sync 1 DAGs
[2026-03-22T04:59:51.144+0000] {logging_mixin.py:188} INFO - [2026-03-22T04:59:51.114+0000] {dag.py:3954} INFO - Setting next_dagrun for example_sla_dag to 2026-03-22 04:56:00+00:00, run_after=2026-03-22 04:58:00+00:00
[2026-03-22T04:59:53.023+0000] {processor.py:183} INFO - Processing /home/airflow/.local/lib/python3.12/site-packages/airflow/example_dags/example_sla_dag.py took 38.470 seconds
[2026-03-22T05:05:29.566+0000] {processor.py:161} INFO - Started process (PID=420) to work on /home/airflow/.local/lib/python3.12/site-packages/airflow/example_dags/example_sla_dag.py
[2026-03-22T05:05:29.668+0000] {processor.py:830} INFO - Processing file /home/airflow/.local/lib/python3.12/site-packages/airflow/example_dags/example_sla_dag.py for tasks to queue
[2026-03-22T05:05:29.725+0000] {logging_mixin.py:188} INFO - [2026-03-22T05:05:29.712+0000] {dagbag.py:545} INFO - Filling up the DagBag from /home/airflow/.local/lib/python3.12/site-packages/airflow/example_dags/example_sla_dag.py
[2026-03-22T05:05:30.609+0000] {processor.py:840} INFO - DAG(s) 'example_sla_dag' retrieved from /home/airflow/.local/lib/python3.12/site-packages/airflow/example_dags/example_sla_dag.py
[2026-03-22T05:05:35.853+0000] {logging_mixin.py:188} INFO - [2026-03-22T05:05:35.650+0000] {dag.py:3096} INFO - Sync 1 DAGs
[2026-03-22T05:05:39.602+0000] {logging_mixin.py:188} INFO - [2026-03-22T05:05:39.439+0000] {dag.py:3954} INFO - Setting next_dagrun for example_sla_dag to 2026-03-22 05:02:00+00:00, run_after=2026-03-22 05:04:00+00:00
[2026-03-22T05:05:41.914+0000] {processor.py:183} INFO - Processing /home/airflow/.local/lib/python3.12/site-packages/airflow/example_dags/example_sla_dag.py took 12.834 seconds
