[2026-03-22T04:09:23.894+0000] {processor.py:161} INFO - Started process (PID=105) to work on /home/airflow/.local/lib/python3.12/site-packages/airflow/example_dags/example_branch_labels.py
[2026-03-22T04:09:23.895+0000] {processor.py:830} INFO - Processing file /home/airflow/.local/lib/python3.12/site-packages/airflow/example_dags/example_branch_labels.py for tasks to queue
[2026-03-22T04:09:23.896+0000] {logging_mixin.py:188} INFO - [2026-03-22T04:09:23.896+0000] {dagbag.py:545} INFO - Filling up the DagBag from /home/airflow/.local/lib/python3.12/site-packages/airflow/example_dags/example_branch_labels.py
[2026-03-22T04:09:23.900+0000] {processor.py:840} INFO - DAG(s) 'example_branch_labels' retrieved from /home/airflow/.local/lib/python3.12/site-packages/airflow/example_dags/example_branch_labels.py
[2026-03-22T04:09:23.972+0000] {logging_mixin.py:188} INFO - [2026-03-22T04:09:23.972+0000] {dag.py:3096} INFO - Sync 1 DAGs
[2026-03-22T04:09:23.989+0000] {logging_mixin.py:188} INFO - [2026-03-22T04:09:23.988+0000] {dag.py:3954} INFO - Setting next_dagrun for example_branch_labels to 2026-03-21 00:00:00+00:00, run_after=2026-03-22 00:00:00+00:00
[2026-03-22T04:09:24.036+0000] {processor.py:183} INFO - Processing /home/airflow/.local/lib/python3.12/site-packages/airflow/example_dags/example_branch_labels.py took 0.145 seconds
[2026-03-22T04:09:54.896+0000] {processor.py:161} INFO - Started process (PID=163) to work on /home/airflow/.local/lib/python3.12/site-packages/airflow/example_dags/example_branch_labels.py
[2026-03-22T04:09:54.897+0000] {processor.py:830} INFO - Processing file /home/airflow/.local/lib/python3.12/site-packages/airflow/example_dags/example_branch_labels.py for tasks to queue
[2026-03-22T04:09:54.898+0000] {logging_mixin.py:188} INFO - [2026-03-22T04:09:54.898+0000] {dagbag.py:545} INFO - Filling up the DagBag from /home/airflow/.local/lib/python3.12/site-packages/airflow/example_dags/example_branch_labels.py
[2026-03-22T04:09:54.903+0000] {processor.py:840} INFO - DAG(s) 'example_branch_labels' retrieved from /home/airflow/.local/lib/python3.12/site-packages/airflow/example_dags/example_branch_labels.py
[2026-03-22T04:09:54.914+0000] {logging_mixin.py:188} INFO - [2026-03-22T04:09:54.914+0000] {dag.py:3096} INFO - Sync 1 DAGs
[2026-03-22T04:09:54.930+0000] {logging_mixin.py:188} INFO - [2026-03-22T04:09:54.930+0000] {dag.py:3954} INFO - Setting next_dagrun for example_branch_labels to 2026-03-21 00:00:00+00:00, run_after=2026-03-22 00:00:00+00:00
[2026-03-22T04:09:54.950+0000] {processor.py:183} INFO - Processing /home/airflow/.local/lib/python3.12/site-packages/airflow/example_dags/example_branch_labels.py took 0.057 seconds
[2026-03-22T04:10:25.394+0000] {processor.py:161} INFO - Started process (PID=221) to work on /home/airflow/.local/lib/python3.12/site-packages/airflow/example_dags/example_branch_labels.py
[2026-03-22T04:10:25.395+0000] {processor.py:830} INFO - Processing file /home/airflow/.local/lib/python3.12/site-packages/airflow/example_dags/example_branch_labels.py for tasks to queue
[2026-03-22T04:10:25.399+0000] {logging_mixin.py:188} INFO - [2026-03-22T04:10:25.399+0000] {dagbag.py:545} INFO - Filling up the DagBag from /home/airflow/.local/lib/python3.12/site-packages/airflow/example_dags/example_branch_labels.py
[2026-03-22T04:10:25.404+0000] {processor.py:840} INFO - DAG(s) 'example_branch_labels' retrieved from /home/airflow/.local/lib/python3.12/site-packages/airflow/example_dags/example_branch_labels.py
[2026-03-22T04:10:25.415+0000] {logging_mixin.py:188} INFO - [2026-03-22T04:10:25.414+0000] {dag.py:3096} INFO - Sync 1 DAGs
[2026-03-22T04:10:25.424+0000] {logging_mixin.py:188} INFO - [2026-03-22T04:10:25.424+0000] {dag.py:3954} INFO - Setting next_dagrun for example_branch_labels to 2026-03-21 00:00:00+00:00, run_after=2026-03-22 00:00:00+00:00
[2026-03-22T04:10:25.435+0000] {processor.py:183} INFO - Processing /home/airflow/.local/lib/python3.12/site-packages/airflow/example_dags/example_branch_labels.py took 0.044 seconds
[2026-03-22T04:10:55.932+0000] {processor.py:161} INFO - Started process (PID=279) to work on /home/airflow/.local/lib/python3.12/site-packages/airflow/example_dags/example_branch_labels.py
[2026-03-22T04:10:55.933+0000] {processor.py:830} INFO - Processing file /home/airflow/.local/lib/python3.12/site-packages/airflow/example_dags/example_branch_labels.py for tasks to queue
[2026-03-22T04:10:55.936+0000] {logging_mixin.py:188} INFO - [2026-03-22T04:10:55.935+0000] {dagbag.py:545} INFO - Filling up the DagBag from /home/airflow/.local/lib/python3.12/site-packages/airflow/example_dags/example_branch_labels.py
[2026-03-22T04:10:55.940+0000] {processor.py:840} INFO - DAG(s) 'example_branch_labels' retrieved from /home/airflow/.local/lib/python3.12/site-packages/airflow/example_dags/example_branch_labels.py
[2026-03-22T04:10:55.951+0000] {logging_mixin.py:188} INFO - [2026-03-22T04:10:55.951+0000] {dag.py:3096} INFO - Sync 1 DAGs
[2026-03-22T04:10:55.966+0000] {logging_mixin.py:188} INFO - [2026-03-22T04:10:55.966+0000] {dag.py:3954} INFO - Setting next_dagrun for example_branch_labels to 2026-03-21 00:00:00+00:00, run_after=2026-03-22 00:00:00+00:00
[2026-03-22T04:10:55.983+0000] {processor.py:183} INFO - Processing /home/airflow/.local/lib/python3.12/site-packages/airflow/example_dags/example_branch_labels.py took 0.055 seconds
[2026-03-22T04:11:26.965+0000] {processor.py:161} INFO - Started process (PID=337) to work on /home/airflow/.local/lib/python3.12/site-packages/airflow/example_dags/example_branch_labels.py
[2026-03-22T04:11:26.965+0000] {processor.py:830} INFO - Processing file /home/airflow/.local/lib/python3.12/site-packages/airflow/example_dags/example_branch_labels.py for tasks to queue
[2026-03-22T04:11:26.967+0000] {logging_mixin.py:188} INFO - [2026-03-22T04:11:26.966+0000] {dagbag.py:545} INFO - Filling up the DagBag from /home/airflow/.local/lib/python3.12/site-packages/airflow/example_dags/example_branch_labels.py
[2026-03-22T04:11:26.971+0000] {processor.py:840} INFO - DAG(s) 'example_branch_labels' retrieved from /home/airflow/.local/lib/python3.12/site-packages/airflow/example_dags/example_branch_labels.py
[2026-03-22T04:11:26.983+0000] {logging_mixin.py:188} INFO - [2026-03-22T04:11:26.983+0000] {dag.py:3096} INFO - Sync 1 DAGs
[2026-03-22T04:11:26.993+0000] {logging_mixin.py:188} INFO - [2026-03-22T04:11:26.993+0000] {dag.py:3954} INFO - Setting next_dagrun for example_branch_labels to 2026-03-21 00:00:00+00:00, run_after=2026-03-22 00:00:00+00:00
[2026-03-22T04:11:27.002+0000] {processor.py:183} INFO - Processing /home/airflow/.local/lib/python3.12/site-packages/airflow/example_dags/example_branch_labels.py took 0.040 seconds
[2026-03-22T04:11:57.185+0000] {processor.py:161} INFO - Started process (PID=395) to work on /home/airflow/.local/lib/python3.12/site-packages/airflow/example_dags/example_branch_labels.py
[2026-03-22T04:11:57.186+0000] {processor.py:830} INFO - Processing file /home/airflow/.local/lib/python3.12/site-packages/airflow/example_dags/example_branch_labels.py for tasks to queue
[2026-03-22T04:11:57.187+0000] {logging_mixin.py:188} INFO - [2026-03-22T04:11:57.187+0000] {dagbag.py:545} INFO - Filling up the DagBag from /home/airflow/.local/lib/python3.12/site-packages/airflow/example_dags/example_branch_labels.py
[2026-03-22T04:11:57.190+0000] {processor.py:840} INFO - DAG(s) 'example_branch_labels' retrieved from /home/airflow/.local/lib/python3.12/site-packages/airflow/example_dags/example_branch_labels.py
[2026-03-22T04:11:57.200+0000] {logging_mixin.py:188} INFO - [2026-03-22T04:11:57.200+0000] {dag.py:3096} INFO - Sync 1 DAGs
[2026-03-22T04:11:57.210+0000] {logging_mixin.py:188} INFO - [2026-03-22T04:11:57.210+0000] {dag.py:3954} INFO - Setting next_dagrun for example_branch_labels to 2026-03-21 00:00:00+00:00, run_after=2026-03-22 00:00:00+00:00
[2026-03-22T04:11:57.227+0000] {processor.py:183} INFO - Processing /home/airflow/.local/lib/python3.12/site-packages/airflow/example_dags/example_branch_labels.py took 0.046 seconds
[2026-03-22T04:12:28.184+0000] {processor.py:161} INFO - Started process (PID=453) to work on /home/airflow/.local/lib/python3.12/site-packages/airflow/example_dags/example_branch_labels.py
[2026-03-22T04:12:28.184+0000] {processor.py:830} INFO - Processing file /home/airflow/.local/lib/python3.12/site-packages/airflow/example_dags/example_branch_labels.py for tasks to queue
[2026-03-22T04:12:28.185+0000] {logging_mixin.py:188} INFO - [2026-03-22T04:12:28.185+0000] {dagbag.py:545} INFO - Filling up the DagBag from /home/airflow/.local/lib/python3.12/site-packages/airflow/example_dags/example_branch_labels.py
[2026-03-22T04:12:28.189+0000] {processor.py:840} INFO - DAG(s) 'example_branch_labels' retrieved from /home/airflow/.local/lib/python3.12/site-packages/airflow/example_dags/example_branch_labels.py
[2026-03-22T04:12:28.200+0000] {logging_mixin.py:188} INFO - [2026-03-22T04:12:28.199+0000] {dag.py:3096} INFO - Sync 1 DAGs
[2026-03-22T04:12:28.214+0000] {logging_mixin.py:188} INFO - [2026-03-22T04:12:28.214+0000] {dag.py:3954} INFO - Setting next_dagrun for example_branch_labels to 2026-03-21 00:00:00+00:00, run_after=2026-03-22 00:00:00+00:00
[2026-03-22T04:12:28.221+0000] {processor.py:183} INFO - Processing /home/airflow/.local/lib/python3.12/site-packages/airflow/example_dags/example_branch_labels.py took 0.041 seconds
[2026-03-22T04:12:59.568+0000] {processor.py:161} INFO - Started process (PID=511) to work on /home/airflow/.local/lib/python3.12/site-packages/airflow/example_dags/example_branch_labels.py
[2026-03-22T04:12:59.569+0000] {processor.py:830} INFO - Processing file /home/airflow/.local/lib/python3.12/site-packages/airflow/example_dags/example_branch_labels.py for tasks to queue
[2026-03-22T04:12:59.571+0000] {logging_mixin.py:188} INFO - [2026-03-22T04:12:59.570+0000] {dagbag.py:545} INFO - Filling up the DagBag from /home/airflow/.local/lib/python3.12/site-packages/airflow/example_dags/example_branch_labels.py
[2026-03-22T04:12:59.581+0000] {processor.py:840} INFO - DAG(s) 'example_branch_labels' retrieved from /home/airflow/.local/lib/python3.12/site-packages/airflow/example_dags/example_branch_labels.py
[2026-03-22T04:12:59.600+0000] {logging_mixin.py:188} INFO - [2026-03-22T04:12:59.599+0000] {dag.py:3096} INFO - Sync 1 DAGs
[2026-03-22T04:12:59.626+0000] {logging_mixin.py:188} INFO - [2026-03-22T04:12:59.626+0000] {dag.py:3954} INFO - Setting next_dagrun for example_branch_labels to 2026-03-21 00:00:00+00:00, run_after=2026-03-22 00:00:00+00:00
[2026-03-22T04:12:59.660+0000] {processor.py:183} INFO - Processing /home/airflow/.local/lib/python3.12/site-packages/airflow/example_dags/example_branch_labels.py took 0.095 seconds
[2026-03-22T04:13:30.230+0000] {processor.py:161} INFO - Started process (PID=569) to work on /home/airflow/.local/lib/python3.12/site-packages/airflow/example_dags/example_branch_labels.py
[2026-03-22T04:13:30.231+0000] {processor.py:830} INFO - Processing file /home/airflow/.local/lib/python3.12/site-packages/airflow/example_dags/example_branch_labels.py for tasks to queue
[2026-03-22T04:13:30.233+0000] {logging_mixin.py:188} INFO - [2026-03-22T04:13:30.233+0000] {dagbag.py:545} INFO - Filling up the DagBag from /home/airflow/.local/lib/python3.12/site-packages/airflow/example_dags/example_branch_labels.py
[2026-03-22T04:13:30.237+0000] {processor.py:840} INFO - DAG(s) 'example_branch_labels' retrieved from /home/airflow/.local/lib/python3.12/site-packages/airflow/example_dags/example_branch_labels.py
[2026-03-22T04:13:30.253+0000] {logging_mixin.py:188} INFO - [2026-03-22T04:13:30.252+0000] {dag.py:3096} INFO - Sync 1 DAGs
[2026-03-22T04:13:30.266+0000] {logging_mixin.py:188} INFO - [2026-03-22T04:13:30.266+0000] {dag.py:3954} INFO - Setting next_dagrun for example_branch_labels to 2026-03-21 00:00:00+00:00, run_after=2026-03-22 00:00:00+00:00
[2026-03-22T04:13:30.276+0000] {processor.py:183} INFO - Processing /home/airflow/.local/lib/python3.12/site-packages/airflow/example_dags/example_branch_labels.py took 0.050 seconds
[2026-03-22T04:14:00.880+0000] {processor.py:161} INFO - Started process (PID=627) to work on /home/airflow/.local/lib/python3.12/site-packages/airflow/example_dags/example_branch_labels.py
[2026-03-22T04:14:00.881+0000] {processor.py:830} INFO - Processing file /home/airflow/.local/lib/python3.12/site-packages/airflow/example_dags/example_branch_labels.py for tasks to queue
[2026-03-22T04:14:00.882+0000] {logging_mixin.py:188} INFO - [2026-03-22T04:14:00.881+0000] {dagbag.py:545} INFO - Filling up the DagBag from /home/airflow/.local/lib/python3.12/site-packages/airflow/example_dags/example_branch_labels.py
[2026-03-22T04:14:00.886+0000] {processor.py:840} INFO - DAG(s) 'example_branch_labels' retrieved from /home/airflow/.local/lib/python3.12/site-packages/airflow/example_dags/example_branch_labels.py
[2026-03-22T04:14:00.897+0000] {logging_mixin.py:188} INFO - [2026-03-22T04:14:00.897+0000] {dag.py:3096} INFO - Sync 1 DAGs
[2026-03-22T04:14:00.908+0000] {logging_mixin.py:188} INFO - [2026-03-22T04:14:00.908+0000] {dag.py:3954} INFO - Setting next_dagrun for example_branch_labels to 2026-03-21 00:00:00+00:00, run_after=2026-03-22 00:00:00+00:00
[2026-03-22T04:14:00.917+0000] {processor.py:183} INFO - Processing /home/airflow/.local/lib/python3.12/site-packages/airflow/example_dags/example_branch_labels.py took 0.040 seconds
[2026-03-22T04:14:31.134+0000] {processor.py:161} INFO - Started process (PID=684) to work on /home/airflow/.local/lib/python3.12/site-packages/airflow/example_dags/example_branch_labels.py
[2026-03-22T04:14:31.134+0000] {processor.py:830} INFO - Processing file /home/airflow/.local/lib/python3.12/site-packages/airflow/example_dags/example_branch_labels.py for tasks to queue
[2026-03-22T04:14:31.136+0000] {logging_mixin.py:188} INFO - [2026-03-22T04:14:31.135+0000] {dagbag.py:545} INFO - Filling up the DagBag from /home/airflow/.local/lib/python3.12/site-packages/airflow/example_dags/example_branch_labels.py
[2026-03-22T04:14:31.140+0000] {processor.py:840} INFO - DAG(s) 'example_branch_labels' retrieved from /home/airflow/.local/lib/python3.12/site-packages/airflow/example_dags/example_branch_labels.py
[2026-03-22T04:14:31.150+0000] {logging_mixin.py:188} INFO - [2026-03-22T04:14:31.150+0000] {dag.py:3096} INFO - Sync 1 DAGs
[2026-03-22T04:14:31.160+0000] {logging_mixin.py:188} INFO - [2026-03-22T04:14:31.160+0000] {dag.py:3954} INFO - Setting next_dagrun for example_branch_labels to 2026-03-21 00:00:00+00:00, run_after=2026-03-22 00:00:00+00:00
[2026-03-22T04:14:31.167+0000] {processor.py:183} INFO - Processing /home/airflow/.local/lib/python3.12/site-packages/airflow/example_dags/example_branch_labels.py took 0.036 seconds
[2026-03-22T04:15:01.388+0000] {processor.py:161} INFO - Started process (PID=743) to work on /home/airflow/.local/lib/python3.12/site-packages/airflow/example_dags/example_branch_labels.py
[2026-03-22T04:15:01.389+0000] {processor.py:830} INFO - Processing file /home/airflow/.local/lib/python3.12/site-packages/airflow/example_dags/example_branch_labels.py for tasks to queue
[2026-03-22T04:15:01.390+0000] {logging_mixin.py:188} INFO - [2026-03-22T04:15:01.390+0000] {dagbag.py:545} INFO - Filling up the DagBag from /home/airflow/.local/lib/python3.12/site-packages/airflow/example_dags/example_branch_labels.py
[2026-03-22T04:15:01.394+0000] {processor.py:840} INFO - DAG(s) 'example_branch_labels' retrieved from /home/airflow/.local/lib/python3.12/site-packages/airflow/example_dags/example_branch_labels.py
[2026-03-22T04:15:01.409+0000] {logging_mixin.py:188} INFO - [2026-03-22T04:15:01.409+0000] {dag.py:3096} INFO - Sync 1 DAGs
[2026-03-22T04:15:01.419+0000] {logging_mixin.py:188} INFO - [2026-03-22T04:15:01.419+0000] {dag.py:3954} INFO - Setting next_dagrun for example_branch_labels to 2026-03-21 00:00:00+00:00, run_after=2026-03-22 00:00:00+00:00
[2026-03-22T04:15:01.427+0000] {processor.py:183} INFO - Processing /home/airflow/.local/lib/python3.12/site-packages/airflow/example_dags/example_branch_labels.py took 0.043 seconds
[2026-03-22T04:15:31.809+0000] {processor.py:161} INFO - Started process (PID=801) to work on /home/airflow/.local/lib/python3.12/site-packages/airflow/example_dags/example_branch_labels.py
[2026-03-22T04:15:31.810+0000] {processor.py:830} INFO - Processing file /home/airflow/.local/lib/python3.12/site-packages/airflow/example_dags/example_branch_labels.py for tasks to queue
[2026-03-22T04:15:31.811+0000] {logging_mixin.py:188} INFO - [2026-03-22T04:15:31.811+0000] {dagbag.py:545} INFO - Filling up the DagBag from /home/airflow/.local/lib/python3.12/site-packages/airflow/example_dags/example_branch_labels.py
[2026-03-22T04:15:31.815+0000] {processor.py:840} INFO - DAG(s) 'example_branch_labels' retrieved from /home/airflow/.local/lib/python3.12/site-packages/airflow/example_dags/example_branch_labels.py
[2026-03-22T04:15:31.826+0000] {logging_mixin.py:188} INFO - [2026-03-22T04:15:31.826+0000] {dag.py:3096} INFO - Sync 1 DAGs
[2026-03-22T04:15:31.836+0000] {logging_mixin.py:188} INFO - [2026-03-22T04:15:31.835+0000] {dag.py:3954} INFO - Setting next_dagrun for example_branch_labels to 2026-03-21 00:00:00+00:00, run_after=2026-03-22 00:00:00+00:00
[2026-03-22T04:15:31.843+0000] {processor.py:183} INFO - Processing /home/airflow/.local/lib/python3.12/site-packages/airflow/example_dags/example_branch_labels.py took 0.036 seconds
[2026-03-22T04:16:02.555+0000] {processor.py:161} INFO - Started process (PID=859) to work on /home/airflow/.local/lib/python3.12/site-packages/airflow/example_dags/example_branch_labels.py
[2026-03-22T04:16:02.559+0000] {processor.py:830} INFO - Processing file /home/airflow/.local/lib/python3.12/site-packages/airflow/example_dags/example_branch_labels.py for tasks to queue
[2026-03-22T04:16:02.562+0000] {logging_mixin.py:188} INFO - [2026-03-22T04:16:02.561+0000] {dagbag.py:545} INFO - Filling up the DagBag from /home/airflow/.local/lib/python3.12/site-packages/airflow/example_dags/example_branch_labels.py
[2026-03-22T04:16:02.611+0000] {processor.py:840} INFO - DAG(s) 'example_branch_labels' retrieved from /home/airflow/.local/lib/python3.12/site-packages/airflow/example_dags/example_branch_labels.py
[2026-03-22T04:16:02.667+0000] {logging_mixin.py:188} INFO - [2026-03-22T04:16:02.667+0000] {dag.py:3096} INFO - Sync 1 DAGs
[2026-03-22T04:16:02.689+0000] {logging_mixin.py:188} INFO - [2026-03-22T04:16:02.689+0000] {dag.py:3954} INFO - Setting next_dagrun for example_branch_labels to 2026-03-21 00:00:00+00:00, run_after=2026-03-22 00:00:00+00:00
[2026-03-22T04:16:02.707+0000] {processor.py:183} INFO - Processing /home/airflow/.local/lib/python3.12/site-packages/airflow/example_dags/example_branch_labels.py took 0.158 seconds
[2026-03-22T04:17:35.259+0000] {processor.py:161} INFO - Started process (PID=924) to work on /home/airflow/.local/lib/python3.12/site-packages/airflow/example_dags/example_branch_labels.py
[2026-03-22T04:17:35.261+0000] {processor.py:830} INFO - Processing file /home/airflow/.local/lib/python3.12/site-packages/airflow/example_dags/example_branch_labels.py for tasks to queue
[2026-03-22T04:17:35.264+0000] {logging_mixin.py:188} INFO - [2026-03-22T04:17:35.263+0000] {dagbag.py:545} INFO - Filling up the DagBag from /home/airflow/.local/lib/python3.12/site-packages/airflow/example_dags/example_branch_labels.py
[2026-03-22T04:17:35.273+0000] {processor.py:840} INFO - DAG(s) 'example_branch_labels' retrieved from /home/airflow/.local/lib/python3.12/site-packages/airflow/example_dags/example_branch_labels.py
[2026-03-22T04:17:35.316+0000] {logging_mixin.py:188} INFO - [2026-03-22T04:17:35.316+0000] {dag.py:3096} INFO - Sync 1 DAGs
[2026-03-22T04:17:35.346+0000] {logging_mixin.py:188} INFO - [2026-03-22T04:17:35.346+0000] {dag.py:3954} INFO - Setting next_dagrun for example_branch_labels to 2026-03-21 00:00:00+00:00, run_after=2026-03-22 00:00:00+00:00
[2026-03-22T04:17:35.374+0000] {processor.py:183} INFO - Processing /home/airflow/.local/lib/python3.12/site-packages/airflow/example_dags/example_branch_labels.py took 0.123 seconds
[2026-03-22T04:18:06.482+0000] {processor.py:161} INFO - Started process (PID=984) to work on /home/airflow/.local/lib/python3.12/site-packages/airflow/example_dags/example_branch_labels.py
[2026-03-22T04:18:06.482+0000] {processor.py:830} INFO - Processing file /home/airflow/.local/lib/python3.12/site-packages/airflow/example_dags/example_branch_labels.py for tasks to queue
[2026-03-22T04:18:06.483+0000] {logging_mixin.py:188} INFO - [2026-03-22T04:18:06.483+0000] {dagbag.py:545} INFO - Filling up the DagBag from /home/airflow/.local/lib/python3.12/site-packages/airflow/example_dags/example_branch_labels.py
[2026-03-22T04:18:06.486+0000] {processor.py:840} INFO - DAG(s) 'example_branch_labels' retrieved from /home/airflow/.local/lib/python3.12/site-packages/airflow/example_dags/example_branch_labels.py
[2026-03-22T04:18:06.497+0000] {logging_mixin.py:188} INFO - [2026-03-22T04:18:06.497+0000] {dag.py:3096} INFO - Sync 1 DAGs
[2026-03-22T04:18:06.509+0000] {logging_mixin.py:188} INFO - [2026-03-22T04:18:06.509+0000] {dag.py:3954} INFO - Setting next_dagrun for example_branch_labels to 2026-03-21 00:00:00+00:00, run_after=2026-03-22 00:00:00+00:00
[2026-03-22T04:18:06.514+0000] {processor.py:183} INFO - Processing /home/airflow/.local/lib/python3.12/site-packages/airflow/example_dags/example_branch_labels.py took 0.035 seconds
[2026-03-22T04:18:37.125+0000] {processor.py:161} INFO - Started process (PID=1043) to work on /home/airflow/.local/lib/python3.12/site-packages/airflow/example_dags/example_branch_labels.py
[2026-03-22T04:18:37.126+0000] {processor.py:830} INFO - Processing file /home/airflow/.local/lib/python3.12/site-packages/airflow/example_dags/example_branch_labels.py for tasks to queue
[2026-03-22T04:18:37.128+0000] {logging_mixin.py:188} INFO - [2026-03-22T04:18:37.128+0000] {dagbag.py:545} INFO - Filling up the DagBag from /home/airflow/.local/lib/python3.12/site-packages/airflow/example_dags/example_branch_labels.py
[2026-03-22T04:18:37.132+0000] {processor.py:840} INFO - DAG(s) 'example_branch_labels' retrieved from /home/airflow/.local/lib/python3.12/site-packages/airflow/example_dags/example_branch_labels.py
[2026-03-22T04:18:37.143+0000] {logging_mixin.py:188} INFO - [2026-03-22T04:18:37.143+0000] {dag.py:3096} INFO - Sync 1 DAGs
[2026-03-22T04:18:37.158+0000] {logging_mixin.py:188} INFO - [2026-03-22T04:18:37.158+0000] {dag.py:3954} INFO - Setting next_dagrun for example_branch_labels to 2026-03-21 00:00:00+00:00, run_after=2026-03-22 00:00:00+00:00
[2026-03-22T04:18:37.166+0000] {processor.py:183} INFO - Processing /home/airflow/.local/lib/python3.12/site-packages/airflow/example_dags/example_branch_labels.py took 0.045 seconds
[2026-03-22T04:19:07.789+0000] {processor.py:161} INFO - Started process (PID=1101) to work on /home/airflow/.local/lib/python3.12/site-packages/airflow/example_dags/example_branch_labels.py
[2026-03-22T04:19:07.792+0000] {processor.py:830} INFO - Processing file /home/airflow/.local/lib/python3.12/site-packages/airflow/example_dags/example_branch_labels.py for tasks to queue
[2026-03-22T04:19:07.793+0000] {logging_mixin.py:188} INFO - [2026-03-22T04:19:07.793+0000] {dagbag.py:545} INFO - Filling up the DagBag from /home/airflow/.local/lib/python3.12/site-packages/airflow/example_dags/example_branch_labels.py
[2026-03-22T04:19:07.797+0000] {processor.py:840} INFO - DAG(s) 'example_branch_labels' retrieved from /home/airflow/.local/lib/python3.12/site-packages/airflow/example_dags/example_branch_labels.py
[2026-03-22T04:19:07.808+0000] {logging_mixin.py:188} INFO - [2026-03-22T04:19:07.808+0000] {dag.py:3096} INFO - Sync 1 DAGs
[2026-03-22T04:19:07.816+0000] {logging_mixin.py:188} INFO - [2026-03-22T04:19:07.816+0000] {dag.py:3954} INFO - Setting next_dagrun for example_branch_labels to 2026-03-21 00:00:00+00:00, run_after=2026-03-22 00:00:00+00:00
[2026-03-22T04:19:07.825+0000] {processor.py:183} INFO - Processing /home/airflow/.local/lib/python3.12/site-packages/airflow/example_dags/example_branch_labels.py took 0.039 seconds
[2026-03-22T04:19:39.135+0000] {processor.py:161} INFO - Started process (PID=1159) to work on /home/airflow/.local/lib/python3.12/site-packages/airflow/example_dags/example_branch_labels.py
[2026-03-22T04:19:39.136+0000] {processor.py:830} INFO - Processing file /home/airflow/.local/lib/python3.12/site-packages/airflow/example_dags/example_branch_labels.py for tasks to queue
[2026-03-22T04:19:39.138+0000] {logging_mixin.py:188} INFO - [2026-03-22T04:19:39.138+0000] {dagbag.py:545} INFO - Filling up the DagBag from /home/airflow/.local/lib/python3.12/site-packages/airflow/example_dags/example_branch_labels.py
[2026-03-22T04:19:39.145+0000] {processor.py:840} INFO - DAG(s) 'example_branch_labels' retrieved from /home/airflow/.local/lib/python3.12/site-packages/airflow/example_dags/example_branch_labels.py
[2026-03-22T04:19:39.156+0000] {logging_mixin.py:188} INFO - [2026-03-22T04:19:39.156+0000] {dag.py:3096} INFO - Sync 1 DAGs
[2026-03-22T04:19:39.164+0000] {logging_mixin.py:188} INFO - [2026-03-22T04:19:39.164+0000] {dag.py:3954} INFO - Setting next_dagrun for example_branch_labels to 2026-03-21 00:00:00+00:00, run_after=2026-03-22 00:00:00+00:00
[2026-03-22T04:19:39.172+0000] {processor.py:183} INFO - Processing /home/airflow/.local/lib/python3.12/site-packages/airflow/example_dags/example_branch_labels.py took 0.044 seconds
[2026-03-22T04:20:09.873+0000] {processor.py:161} INFO - Started process (PID=1223) to work on /home/airflow/.local/lib/python3.12/site-packages/airflow/example_dags/example_branch_labels.py
[2026-03-22T04:20:09.877+0000] {processor.py:830} INFO - Processing file /home/airflow/.local/lib/python3.12/site-packages/airflow/example_dags/example_branch_labels.py for tasks to queue
[2026-03-22T04:20:09.884+0000] {logging_mixin.py:188} INFO - [2026-03-22T04:20:09.883+0000] {dagbag.py:545} INFO - Filling up the DagBag from /home/airflow/.local/lib/python3.12/site-packages/airflow/example_dags/example_branch_labels.py
[2026-03-22T04:20:09.915+0000] {processor.py:840} INFO - DAG(s) 'example_branch_labels' retrieved from /home/airflow/.local/lib/python3.12/site-packages/airflow/example_dags/example_branch_labels.py
[2026-03-22T04:20:09.954+0000] {logging_mixin.py:188} INFO - [2026-03-22T04:20:09.953+0000] {dag.py:3096} INFO - Sync 1 DAGs
[2026-03-22T04:20:09.979+0000] {logging_mixin.py:188} INFO - [2026-03-22T04:20:09.979+0000] {dag.py:3954} INFO - Setting next_dagrun for example_branch_labels to 2026-03-21 00:00:00+00:00, run_after=2026-03-22 00:00:00+00:00
[2026-03-22T04:20:09.998+0000] {processor.py:183} INFO - Processing /home/airflow/.local/lib/python3.12/site-packages/airflow/example_dags/example_branch_labels.py took 0.143 seconds
[2026-03-22T04:20:40.576+0000] {processor.py:161} INFO - Started process (PID=1281) to work on /home/airflow/.local/lib/python3.12/site-packages/airflow/example_dags/example_branch_labels.py
[2026-03-22T04:20:40.577+0000] {processor.py:830} INFO - Processing file /home/airflow/.local/lib/python3.12/site-packages/airflow/example_dags/example_branch_labels.py for tasks to queue
[2026-03-22T04:20:40.578+0000] {logging_mixin.py:188} INFO - [2026-03-22T04:20:40.578+0000] {dagbag.py:545} INFO - Filling up the DagBag from /home/airflow/.local/lib/python3.12/site-packages/airflow/example_dags/example_branch_labels.py
[2026-03-22T04:20:40.583+0000] {processor.py:840} INFO - DAG(s) 'example_branch_labels' retrieved from /home/airflow/.local/lib/python3.12/site-packages/airflow/example_dags/example_branch_labels.py
[2026-03-22T04:20:40.607+0000] {logging_mixin.py:188} INFO - [2026-03-22T04:20:40.606+0000] {dag.py:3096} INFO - Sync 1 DAGs
[2026-03-22T04:20:40.625+0000] {logging_mixin.py:188} INFO - [2026-03-22T04:20:40.624+0000] {dag.py:3954} INFO - Setting next_dagrun for example_branch_labels to 2026-03-21 00:00:00+00:00, run_after=2026-03-22 00:00:00+00:00
[2026-03-22T04:20:40.643+0000] {processor.py:183} INFO - Processing /home/airflow/.local/lib/python3.12/site-packages/airflow/example_dags/example_branch_labels.py took 0.071 seconds
[2026-03-22T04:21:11.635+0000] {processor.py:161} INFO - Started process (PID=1338) to work on /home/airflow/.local/lib/python3.12/site-packages/airflow/example_dags/example_branch_labels.py
[2026-03-22T04:21:11.636+0000] {processor.py:830} INFO - Processing file /home/airflow/.local/lib/python3.12/site-packages/airflow/example_dags/example_branch_labels.py for tasks to queue
[2026-03-22T04:21:11.637+0000] {logging_mixin.py:188} INFO - [2026-03-22T04:21:11.637+0000] {dagbag.py:545} INFO - Filling up the DagBag from /home/airflow/.local/lib/python3.12/site-packages/airflow/example_dags/example_branch_labels.py
[2026-03-22T04:21:11.642+0000] {processor.py:840} INFO - DAG(s) 'example_branch_labels' retrieved from /home/airflow/.local/lib/python3.12/site-packages/airflow/example_dags/example_branch_labels.py
[2026-03-22T04:21:11.654+0000] {logging_mixin.py:188} INFO - [2026-03-22T04:21:11.654+0000] {dag.py:3096} INFO - Sync 1 DAGs
[2026-03-22T04:21:11.666+0000] {logging_mixin.py:188} INFO - [2026-03-22T04:21:11.666+0000] {dag.py:3954} INFO - Setting next_dagrun for example_branch_labels to 2026-03-21 00:00:00+00:00, run_after=2026-03-22 00:00:00+00:00
[2026-03-22T04:21:11.675+0000] {processor.py:183} INFO - Processing /home/airflow/.local/lib/python3.12/site-packages/airflow/example_dags/example_branch_labels.py took 0.043 seconds
[2026-03-22T04:21:42.969+0000] {processor.py:161} INFO - Started process (PID=1398) to work on /home/airflow/.local/lib/python3.12/site-packages/airflow/example_dags/example_branch_labels.py
[2026-03-22T04:21:42.970+0000] {processor.py:830} INFO - Processing file /home/airflow/.local/lib/python3.12/site-packages/airflow/example_dags/example_branch_labels.py for tasks to queue
[2026-03-22T04:21:42.970+0000] {logging_mixin.py:188} INFO - [2026-03-22T04:21:42.970+0000] {dagbag.py:545} INFO - Filling up the DagBag from /home/airflow/.local/lib/python3.12/site-packages/airflow/example_dags/example_branch_labels.py
[2026-03-22T04:21:42.974+0000] {processor.py:840} INFO - DAG(s) 'example_branch_labels' retrieved from /home/airflow/.local/lib/python3.12/site-packages/airflow/example_dags/example_branch_labels.py
[2026-03-22T04:21:42.985+0000] {logging_mixin.py:188} INFO - [2026-03-22T04:21:42.984+0000] {dag.py:3096} INFO - Sync 1 DAGs
[2026-03-22T04:21:42.996+0000] {logging_mixin.py:188} INFO - [2026-03-22T04:21:42.996+0000] {dag.py:3954} INFO - Setting next_dagrun for example_branch_labels to 2026-03-21 00:00:00+00:00, run_after=2026-03-22 00:00:00+00:00
[2026-03-22T04:21:43.004+0000] {processor.py:183} INFO - Processing /home/airflow/.local/lib/python3.12/site-packages/airflow/example_dags/example_branch_labels.py took 0.038 seconds
[2026-03-22T04:23:05.705+0000] {processor.py:161} INFO - Started process (PID=1469) to work on /home/airflow/.local/lib/python3.12/site-packages/airflow/example_dags/example_branch_labels.py
[2026-03-22T04:23:05.706+0000] {processor.py:830} INFO - Processing file /home/airflow/.local/lib/python3.12/site-packages/airflow/example_dags/example_branch_labels.py for tasks to queue
[2026-03-22T04:23:05.707+0000] {logging_mixin.py:188} INFO - [2026-03-22T04:23:05.706+0000] {dagbag.py:545} INFO - Filling up the DagBag from /home/airflow/.local/lib/python3.12/site-packages/airflow/example_dags/example_branch_labels.py
[2026-03-22T04:23:05.714+0000] {processor.py:840} INFO - DAG(s) 'example_branch_labels' retrieved from /home/airflow/.local/lib/python3.12/site-packages/airflow/example_dags/example_branch_labels.py
[2026-03-22T04:23:05.729+0000] {logging_mixin.py:188} INFO - [2026-03-22T04:23:05.729+0000] {dag.py:3096} INFO - Sync 1 DAGs
[2026-03-22T04:23:05.752+0000] {logging_mixin.py:188} INFO - [2026-03-22T04:23:05.752+0000] {dag.py:3954} INFO - Setting next_dagrun for example_branch_labels to 2026-03-21 00:00:00+00:00, run_after=2026-03-22 00:00:00+00:00
[2026-03-22T04:23:05.766+0000] {processor.py:183} INFO - Processing /home/airflow/.local/lib/python3.12/site-packages/airflow/example_dags/example_branch_labels.py took 0.066 seconds
[2026-03-22T04:23:37.270+0000] {processor.py:161} INFO - Started process (PID=1534) to work on /home/airflow/.local/lib/python3.12/site-packages/airflow/example_dags/example_branch_labels.py
[2026-03-22T04:23:37.274+0000] {processor.py:830} INFO - Processing file /home/airflow/.local/lib/python3.12/site-packages/airflow/example_dags/example_branch_labels.py for tasks to queue
[2026-03-22T04:23:37.275+0000] {logging_mixin.py:188} INFO - [2026-03-22T04:23:37.275+0000] {dagbag.py:545} INFO - Filling up the DagBag from /home/airflow/.local/lib/python3.12/site-packages/airflow/example_dags/example_branch_labels.py
[2026-03-22T04:23:37.280+0000] {processor.py:840} INFO - DAG(s) 'example_branch_labels' retrieved from /home/airflow/.local/lib/python3.12/site-packages/airflow/example_dags/example_branch_labels.py
[2026-03-22T04:23:37.297+0000] {logging_mixin.py:188} INFO - [2026-03-22T04:23:37.297+0000] {dag.py:3096} INFO - Sync 1 DAGs
[2026-03-22T04:23:37.309+0000] {logging_mixin.py:188} INFO - [2026-03-22T04:23:37.309+0000] {dag.py:3954} INFO - Setting next_dagrun for example_branch_labels to 2026-03-21 00:00:00+00:00, run_after=2026-03-22 00:00:00+00:00
[2026-03-22T04:23:37.317+0000] {processor.py:183} INFO - Processing /home/airflow/.local/lib/python3.12/site-packages/airflow/example_dags/example_branch_labels.py took 0.050 seconds
[2026-03-22T04:24:07.919+0000] {processor.py:161} INFO - Started process (PID=1593) to work on /home/airflow/.local/lib/python3.12/site-packages/airflow/example_dags/example_branch_labels.py
[2026-03-22T04:24:07.922+0000] {processor.py:830} INFO - Processing file /home/airflow/.local/lib/python3.12/site-packages/airflow/example_dags/example_branch_labels.py for tasks to queue
[2026-03-22T04:24:07.924+0000] {logging_mixin.py:188} INFO - [2026-03-22T04:24:07.924+0000] {dagbag.py:545} INFO - Filling up the DagBag from /home/airflow/.local/lib/python3.12/site-packages/airflow/example_dags/example_branch_labels.py
[2026-03-22T04:24:07.928+0000] {processor.py:840} INFO - DAG(s) 'example_branch_labels' retrieved from /home/airflow/.local/lib/python3.12/site-packages/airflow/example_dags/example_branch_labels.py
[2026-03-22T04:24:07.937+0000] {logging_mixin.py:188} INFO - [2026-03-22T04:24:07.937+0000] {dag.py:3096} INFO - Sync 1 DAGs
[2026-03-22T04:24:07.945+0000] {logging_mixin.py:188} INFO - [2026-03-22T04:24:07.945+0000] {dag.py:3954} INFO - Setting next_dagrun for example_branch_labels to 2026-03-21 00:00:00+00:00, run_after=2026-03-22 00:00:00+00:00
[2026-03-22T04:24:07.951+0000] {processor.py:183} INFO - Processing /home/airflow/.local/lib/python3.12/site-packages/airflow/example_dags/example_branch_labels.py took 0.035 seconds
[2026-03-22T04:25:46.697+0000] {processor.py:161} INFO - Started process (PID=1677) to work on /home/airflow/.local/lib/python3.12/site-packages/airflow/example_dags/example_branch_labels.py
[2026-03-22T04:25:46.698+0000] {processor.py:830} INFO - Processing file /home/airflow/.local/lib/python3.12/site-packages/airflow/example_dags/example_branch_labels.py for tasks to queue
[2026-03-22T04:25:46.702+0000] {logging_mixin.py:188} INFO - [2026-03-22T04:25:46.701+0000] {dagbag.py:545} INFO - Filling up the DagBag from /home/airflow/.local/lib/python3.12/site-packages/airflow/example_dags/example_branch_labels.py
[2026-03-22T04:25:46.730+0000] {processor.py:840} INFO - DAG(s) 'example_branch_labels' retrieved from /home/airflow/.local/lib/python3.12/site-packages/airflow/example_dags/example_branch_labels.py
[2026-03-22T04:25:46.819+0000] {logging_mixin.py:188} INFO - [2026-03-22T04:25:46.818+0000] {dag.py:3096} INFO - Sync 1 DAGs
[2026-03-22T04:25:47.412+0000] {logging_mixin.py:188} INFO - [2026-03-22T04:25:47.410+0000] {dag.py:3954} INFO - Setting next_dagrun for example_branch_labels to 2026-03-21 00:00:00+00:00, run_after=2026-03-22 00:00:00+00:00
[2026-03-22T04:25:47.484+0000] {processor.py:183} INFO - Processing /home/airflow/.local/lib/python3.12/site-packages/airflow/example_dags/example_branch_labels.py took 0.826 seconds
[2026-03-22T04:31:15.932+0000] {processor.py:161} INFO - Started process (PID=1806) to work on /home/airflow/.local/lib/python3.12/site-packages/airflow/example_dags/example_branch_labels.py
[2026-03-22T04:31:16.076+0000] {processor.py:830} INFO - Processing file /home/airflow/.local/lib/python3.12/site-packages/airflow/example_dags/example_branch_labels.py for tasks to queue
[2026-03-22T04:31:16.422+0000] {logging_mixin.py:188} INFO - [2026-03-22T04:31:16.397+0000] {dagbag.py:545} INFO - Filling up the DagBag from /home/airflow/.local/lib/python3.12/site-packages/airflow/example_dags/example_branch_labels.py
[2026-03-22T04:31:17.768+0000] {processor.py:840} INFO - DAG(s) 'example_branch_labels' retrieved from /home/airflow/.local/lib/python3.12/site-packages/airflow/example_dags/example_branch_labels.py
[2026-03-22T04:31:22.104+0000] {logging_mixin.py:188} INFO - [2026-03-22T04:31:22.025+0000] {dag.py:3096} INFO - Sync 1 DAGs
[2026-03-22T04:31:24.489+0000] {logging_mixin.py:188} INFO - [2026-03-22T04:31:24.251+0000] {dag.py:3954} INFO - Setting next_dagrun for example_branch_labels to 2026-03-21 00:00:00+00:00, run_after=2026-03-22 00:00:00+00:00
[2026-03-22T04:31:35.852+0000] {processor.py:183} INFO - Processing /home/airflow/.local/lib/python3.12/site-packages/airflow/example_dags/example_branch_labels.py took 21.290 seconds
[2026-03-22T04:38:35.942+0000] {processor.py:161} INFO - Started process (PID=1944) to work on /home/airflow/.local/lib/python3.12/site-packages/airflow/example_dags/example_branch_labels.py
[2026-03-22T04:38:35.948+0000] {processor.py:830} INFO - Processing file /home/airflow/.local/lib/python3.12/site-packages/airflow/example_dags/example_branch_labels.py for tasks to queue
[2026-03-22T04:38:35.984+0000] {logging_mixin.py:188} INFO - [2026-03-22T04:38:35.980+0000] {dagbag.py:545} INFO - Filling up the DagBag from /home/airflow/.local/lib/python3.12/site-packages/airflow/example_dags/example_branch_labels.py
[2026-03-22T04:38:36.172+0000] {processor.py:840} INFO - DAG(s) 'example_branch_labels' retrieved from /home/airflow/.local/lib/python3.12/site-packages/airflow/example_dags/example_branch_labels.py
[2026-03-22T04:38:36.525+0000] {logging_mixin.py:188} INFO - [2026-03-22T04:38:36.520+0000] {dag.py:3096} INFO - Sync 1 DAGs
[2026-03-22T04:38:36.705+0000] {logging_mixin.py:188} INFO - [2026-03-22T04:38:36.704+0000] {dag.py:3954} INFO - Setting next_dagrun for example_branch_labels to 2026-03-21 00:00:00+00:00, run_after=2026-03-22 00:00:00+00:00
[2026-03-22T04:38:37.568+0000] {processor.py:183} INFO - Processing /home/airflow/.local/lib/python3.12/site-packages/airflow/example_dags/example_branch_labels.py took 1.687 seconds
[2026-03-22T04:40:04.668+0000] {processor.py:161} INFO - Started process (PID=2023) to work on /home/airflow/.local/lib/python3.12/site-packages/airflow/example_dags/example_branch_labels.py
[2026-03-22T04:40:04.681+0000] {processor.py:830} INFO - Processing file /home/airflow/.local/lib/python3.12/site-packages/airflow/example_dags/example_branch_labels.py for tasks to queue
[2026-03-22T04:40:04.704+0000] {logging_mixin.py:188} INFO - [2026-03-22T04:40:04.702+0000] {dagbag.py:545} INFO - Filling up the DagBag from /home/airflow/.local/lib/python3.12/site-packages/airflow/example_dags/example_branch_labels.py
[2026-03-22T04:40:04.799+0000] {processor.py:840} INFO - DAG(s) 'example_branch_labels' retrieved from /home/airflow/.local/lib/python3.12/site-packages/airflow/example_dags/example_branch_labels.py
[2026-03-22T04:40:05.052+0000] {logging_mixin.py:188} INFO - [2026-03-22T04:40:05.044+0000] {dag.py:3096} INFO - Sync 1 DAGs
[2026-03-22T04:40:05.200+0000] {logging_mixin.py:188} INFO - [2026-03-22T04:40:05.198+0000] {dag.py:3954} INFO - Setting next_dagrun for example_branch_labels to 2026-03-21 00:00:00+00:00, run_after=2026-03-22 00:00:00+00:00
[2026-03-22T04:40:05.343+0000] {processor.py:183} INFO - Processing /home/airflow/.local/lib/python3.12/site-packages/airflow/example_dags/example_branch_labels.py took 0.738 seconds
[2026-03-22T04:41:14.932+0000] {processor.py:161} INFO - Started process (PID=2091) to work on /home/airflow/.local/lib/python3.12/site-packages/airflow/example_dags/example_branch_labels.py
[2026-03-22T04:41:14.945+0000] {processor.py:830} INFO - Processing file /home/airflow/.local/lib/python3.12/site-packages/airflow/example_dags/example_branch_labels.py for tasks to queue
[2026-03-22T04:41:14.988+0000] {logging_mixin.py:188} INFO - [2026-03-22T04:41:14.979+0000] {dagbag.py:545} INFO - Filling up the DagBag from /home/airflow/.local/lib/python3.12/site-packages/airflow/example_dags/example_branch_labels.py
[2026-03-22T04:41:15.098+0000] {processor.py:840} INFO - DAG(s) 'example_branch_labels' retrieved from /home/airflow/.local/lib/python3.12/site-packages/airflow/example_dags/example_branch_labels.py
[2026-03-22T04:41:15.794+0000] {logging_mixin.py:188} INFO - [2026-03-22T04:41:15.792+0000] {dag.py:3096} INFO - Sync 1 DAGs
[2026-03-22T04:41:15.906+0000] {logging_mixin.py:188} INFO - [2026-03-22T04:41:15.905+0000] {dag.py:3954} INFO - Setting next_dagrun for example_branch_labels to 2026-03-21 00:00:00+00:00, run_after=2026-03-22 00:00:00+00:00
[2026-03-22T04:41:15.985+0000] {processor.py:183} INFO - Processing /home/airflow/.local/lib/python3.12/site-packages/airflow/example_dags/example_branch_labels.py took 1.156 seconds
[2026-03-22T04:42:18.466+0000] {processor.py:161} INFO - Started process (PID=2164) to work on /home/airflow/.local/lib/python3.12/site-packages/airflow/example_dags/example_branch_labels.py
[2026-03-22T04:42:18.486+0000] {processor.py:830} INFO - Processing file /home/airflow/.local/lib/python3.12/site-packages/airflow/example_dags/example_branch_labels.py for tasks to queue
[2026-03-22T04:42:18.659+0000] {logging_mixin.py:188} INFO - [2026-03-22T04:42:18.648+0000] {dagbag.py:545} INFO - Filling up the DagBag from /home/airflow/.local/lib/python3.12/site-packages/airflow/example_dags/example_branch_labels.py
[2026-03-22T04:42:18.928+0000] {processor.py:840} INFO - DAG(s) 'example_branch_labels' retrieved from /home/airflow/.local/lib/python3.12/site-packages/airflow/example_dags/example_branch_labels.py
[2026-03-22T04:42:19.912+0000] {logging_mixin.py:188} INFO - [2026-03-22T04:42:19.880+0000] {dag.py:3096} INFO - Sync 1 DAGs
[2026-03-22T04:42:20.594+0000] {logging_mixin.py:188} INFO - [2026-03-22T04:42:20.529+0000] {dag.py:3954} INFO - Setting next_dagrun for example_branch_labels to 2026-03-21 00:00:00+00:00, run_after=2026-03-22 00:00:00+00:00
[2026-03-22T04:42:21.826+0000] {processor.py:183} INFO - Processing /home/airflow/.local/lib/python3.12/site-packages/airflow/example_dags/example_branch_labels.py took 3.525 seconds
[2026-03-22T04:42:52.854+0000] {processor.py:161} INFO - Started process (PID=2229) to work on /home/airflow/.local/lib/python3.12/site-packages/airflow/example_dags/example_branch_labels.py
[2026-03-22T04:42:52.857+0000] {processor.py:830} INFO - Processing file /home/airflow/.local/lib/python3.12/site-packages/airflow/example_dags/example_branch_labels.py for tasks to queue
[2026-03-22T04:42:52.870+0000] {logging_mixin.py:188} INFO - [2026-03-22T04:42:52.869+0000] {dagbag.py:545} INFO - Filling up the DagBag from /home/airflow/.local/lib/python3.12/site-packages/airflow/example_dags/example_branch_labels.py
[2026-03-22T04:42:52.907+0000] {processor.py:840} INFO - DAG(s) 'example_branch_labels' retrieved from /home/airflow/.local/lib/python3.12/site-packages/airflow/example_dags/example_branch_labels.py
[2026-03-22T04:42:52.947+0000] {logging_mixin.py:188} INFO - [2026-03-22T04:42:52.947+0000] {dag.py:3096} INFO - Sync 1 DAGs
[2026-03-22T04:42:52.980+0000] {logging_mixin.py:188} INFO - [2026-03-22T04:42:52.980+0000] {dag.py:3954} INFO - Setting next_dagrun for example_branch_labels to 2026-03-21 00:00:00+00:00, run_after=2026-03-22 00:00:00+00:00
[2026-03-22T04:42:53.011+0000] {processor.py:183} INFO - Processing /home/airflow/.local/lib/python3.12/site-packages/airflow/example_dags/example_branch_labels.py took 0.187 seconds
