[2026-03-22T04:09:16.180+0000] {processor.py:161} INFO - Started process (PID=61) to work on /home/airflow/.local/lib/python3.12/site-packages/airflow/example_dags/example_task_group_decorator.py
[2026-03-22T04:09:16.181+0000] {processor.py:830} INFO - Processing file /home/airflow/.local/lib/python3.12/site-packages/airflow/example_dags/example_task_group_decorator.py for tasks to queue
[2026-03-22T04:09:16.184+0000] {logging_mixin.py:188} INFO - [2026-03-22T04:09:16.184+0000] {dagbag.py:545} INFO - Filling up the DagBag from /home/airflow/.local/lib/python3.12/site-packages/airflow/example_dags/example_task_group_decorator.py
[2026-03-22T04:09:16.198+0000] {processor.py:840} INFO - DAG(s) 'example_task_group_decorator' retrieved from /home/airflow/.local/lib/python3.12/site-packages/airflow/example_dags/example_task_group_decorator.py
[2026-03-22T04:09:16.216+0000] {logging_mixin.py:188} INFO - [2026-03-22T04:09:16.215+0000] {dag.py:3096} INFO - Sync 1 DAGs
[2026-03-22T04:09:16.241+0000] {logging_mixin.py:188} INFO - [2026-03-22T04:09:16.241+0000] {dag.py:3954} INFO - Setting next_dagrun for example_task_group_decorator to 2026-03-21 00:00:00+00:00, run_after=2026-03-22 00:00:00+00:00
[2026-03-22T04:09:16.263+0000] {processor.py:183} INFO - Processing /home/airflow/.local/lib/python3.12/site-packages/airflow/example_dags/example_task_group_decorator.py took 0.091 seconds
[2026-03-22T04:09:47.015+0000] {processor.py:161} INFO - Started process (PID=118) to work on /home/airflow/.local/lib/python3.12/site-packages/airflow/example_dags/example_task_group_decorator.py
[2026-03-22T04:09:47.017+0000] {processor.py:830} INFO - Processing file /home/airflow/.local/lib/python3.12/site-packages/airflow/example_dags/example_task_group_decorator.py for tasks to queue
[2026-03-22T04:09:47.018+0000] {logging_mixin.py:188} INFO - [2026-03-22T04:09:47.018+0000] {dagbag.py:545} INFO - Filling up the DagBag from /home/airflow/.local/lib/python3.12/site-packages/airflow/example_dags/example_task_group_decorator.py
[2026-03-22T04:09:47.025+0000] {processor.py:840} INFO - DAG(s) 'example_task_group_decorator' retrieved from /home/airflow/.local/lib/python3.12/site-packages/airflow/example_dags/example_task_group_decorator.py
[2026-03-22T04:09:47.068+0000] {logging_mixin.py:188} INFO - [2026-03-22T04:09:47.068+0000] {dag.py:3096} INFO - Sync 1 DAGs
[2026-03-22T04:09:47.080+0000] {logging_mixin.py:188} INFO - [2026-03-22T04:09:47.080+0000] {dag.py:3954} INFO - Setting next_dagrun for example_task_group_decorator to 2026-03-21 00:00:00+00:00, run_after=2026-03-22 00:00:00+00:00
[2026-03-22T04:09:47.091+0000] {processor.py:183} INFO - Processing /home/airflow/.local/lib/python3.12/site-packages/airflow/example_dags/example_task_group_decorator.py took 0.079 seconds
[2026-03-22T04:10:17.721+0000] {processor.py:161} INFO - Started process (PID=176) to work on /home/airflow/.local/lib/python3.12/site-packages/airflow/example_dags/example_task_group_decorator.py
[2026-03-22T04:10:17.722+0000] {processor.py:830} INFO - Processing file /home/airflow/.local/lib/python3.12/site-packages/airflow/example_dags/example_task_group_decorator.py for tasks to queue
[2026-03-22T04:10:17.723+0000] {logging_mixin.py:188} INFO - [2026-03-22T04:10:17.723+0000] {dagbag.py:545} INFO - Filling up the DagBag from /home/airflow/.local/lib/python3.12/site-packages/airflow/example_dags/example_task_group_decorator.py
[2026-03-22T04:10:17.734+0000] {processor.py:840} INFO - DAG(s) 'example_task_group_decorator' retrieved from /home/airflow/.local/lib/python3.12/site-packages/airflow/example_dags/example_task_group_decorator.py
[2026-03-22T04:10:17.747+0000] {logging_mixin.py:188} INFO - [2026-03-22T04:10:17.747+0000] {dag.py:3096} INFO - Sync 1 DAGs
[2026-03-22T04:10:17.757+0000] {logging_mixin.py:188} INFO - [2026-03-22T04:10:17.757+0000] {dag.py:3954} INFO - Setting next_dagrun for example_task_group_decorator to 2026-03-21 00:00:00+00:00, run_after=2026-03-22 00:00:00+00:00
[2026-03-22T04:10:17.766+0000] {processor.py:183} INFO - Processing /home/airflow/.local/lib/python3.12/site-packages/airflow/example_dags/example_task_group_decorator.py took 0.048 seconds
[2026-03-22T04:10:48.007+0000] {processor.py:161} INFO - Started process (PID=234) to work on /home/airflow/.local/lib/python3.12/site-packages/airflow/example_dags/example_task_group_decorator.py
[2026-03-22T04:10:48.008+0000] {processor.py:830} INFO - Processing file /home/airflow/.local/lib/python3.12/site-packages/airflow/example_dags/example_task_group_decorator.py for tasks to queue
[2026-03-22T04:10:48.009+0000] {logging_mixin.py:188} INFO - [2026-03-22T04:10:48.009+0000] {dagbag.py:545} INFO - Filling up the DagBag from /home/airflow/.local/lib/python3.12/site-packages/airflow/example_dags/example_task_group_decorator.py
[2026-03-22T04:10:48.018+0000] {processor.py:840} INFO - DAG(s) 'example_task_group_decorator' retrieved from /home/airflow/.local/lib/python3.12/site-packages/airflow/example_dags/example_task_group_decorator.py
[2026-03-22T04:10:48.041+0000] {logging_mixin.py:188} INFO - [2026-03-22T04:10:48.041+0000] {dag.py:3096} INFO - Sync 1 DAGs
[2026-03-22T04:10:48.060+0000] {logging_mixin.py:188} INFO - [2026-03-22T04:10:48.060+0000] {dag.py:3954} INFO - Setting next_dagrun for example_task_group_decorator to 2026-03-21 00:00:00+00:00, run_after=2026-03-22 00:00:00+00:00
[2026-03-22T04:10:48.072+0000] {processor.py:183} INFO - Processing /home/airflow/.local/lib/python3.12/site-packages/airflow/example_dags/example_task_group_decorator.py took 0.070 seconds
[2026-03-22T04:11:18.444+0000] {processor.py:161} INFO - Started process (PID=292) to work on /home/airflow/.local/lib/python3.12/site-packages/airflow/example_dags/example_task_group_decorator.py
[2026-03-22T04:11:18.446+0000] {processor.py:830} INFO - Processing file /home/airflow/.local/lib/python3.12/site-packages/airflow/example_dags/example_task_group_decorator.py for tasks to queue
[2026-03-22T04:11:18.450+0000] {logging_mixin.py:188} INFO - [2026-03-22T04:11:18.450+0000] {dagbag.py:545} INFO - Filling up the DagBag from /home/airflow/.local/lib/python3.12/site-packages/airflow/example_dags/example_task_group_decorator.py
[2026-03-22T04:11:18.466+0000] {processor.py:840} INFO - DAG(s) 'example_task_group_decorator' retrieved from /home/airflow/.local/lib/python3.12/site-packages/airflow/example_dags/example_task_group_decorator.py
[2026-03-22T04:11:18.489+0000] {logging_mixin.py:188} INFO - [2026-03-22T04:11:18.488+0000] {dag.py:3096} INFO - Sync 1 DAGs
[2026-03-22T04:11:18.509+0000] {logging_mixin.py:188} INFO - [2026-03-22T04:11:18.509+0000] {dag.py:3954} INFO - Setting next_dagrun for example_task_group_decorator to 2026-03-21 00:00:00+00:00, run_after=2026-03-22 00:00:00+00:00
[2026-03-22T04:11:18.520+0000] {processor.py:183} INFO - Processing /home/airflow/.local/lib/python3.12/site-packages/airflow/example_dags/example_task_group_decorator.py took 0.082 seconds
[2026-03-22T04:11:49.227+0000] {processor.py:161} INFO - Started process (PID=350) to work on /home/airflow/.local/lib/python3.12/site-packages/airflow/example_dags/example_task_group_decorator.py
[2026-03-22T04:11:49.227+0000] {processor.py:830} INFO - Processing file /home/airflow/.local/lib/python3.12/site-packages/airflow/example_dags/example_task_group_decorator.py for tasks to queue
[2026-03-22T04:11:49.229+0000] {logging_mixin.py:188} INFO - [2026-03-22T04:11:49.229+0000] {dagbag.py:545} INFO - Filling up the DagBag from /home/airflow/.local/lib/python3.12/site-packages/airflow/example_dags/example_task_group_decorator.py
[2026-03-22T04:11:49.247+0000] {processor.py:840} INFO - DAG(s) 'example_task_group_decorator' retrieved from /home/airflow/.local/lib/python3.12/site-packages/airflow/example_dags/example_task_group_decorator.py
[2026-03-22T04:11:49.284+0000] {logging_mixin.py:188} INFO - [2026-03-22T04:11:49.283+0000] {dag.py:3096} INFO - Sync 1 DAGs
[2026-03-22T04:11:49.317+0000] {logging_mixin.py:188} INFO - [2026-03-22T04:11:49.317+0000] {dag.py:3954} INFO - Setting next_dagrun for example_task_group_decorator to 2026-03-21 00:00:00+00:00, run_after=2026-03-22 00:00:00+00:00
[2026-03-22T04:11:49.334+0000] {processor.py:183} INFO - Processing /home/airflow/.local/lib/python3.12/site-packages/airflow/example_dags/example_task_group_decorator.py took 0.118 seconds
[2026-03-22T04:12:19.736+0000] {processor.py:161} INFO - Started process (PID=408) to work on /home/airflow/.local/lib/python3.12/site-packages/airflow/example_dags/example_task_group_decorator.py
[2026-03-22T04:12:19.737+0000] {processor.py:830} INFO - Processing file /home/airflow/.local/lib/python3.12/site-packages/airflow/example_dags/example_task_group_decorator.py for tasks to queue
[2026-03-22T04:12:19.739+0000] {logging_mixin.py:188} INFO - [2026-03-22T04:12:19.739+0000] {dagbag.py:545} INFO - Filling up the DagBag from /home/airflow/.local/lib/python3.12/site-packages/airflow/example_dags/example_task_group_decorator.py
[2026-03-22T04:12:19.751+0000] {processor.py:840} INFO - DAG(s) 'example_task_group_decorator' retrieved from /home/airflow/.local/lib/python3.12/site-packages/airflow/example_dags/example_task_group_decorator.py
[2026-03-22T04:12:19.769+0000] {logging_mixin.py:188} INFO - [2026-03-22T04:12:19.768+0000] {dag.py:3096} INFO - Sync 1 DAGs
[2026-03-22T04:12:19.782+0000] {logging_mixin.py:188} INFO - [2026-03-22T04:12:19.782+0000] {dag.py:3954} INFO - Setting next_dagrun for example_task_group_decorator to 2026-03-21 00:00:00+00:00, run_after=2026-03-22 00:00:00+00:00
[2026-03-22T04:12:19.800+0000] {processor.py:183} INFO - Processing /home/airflow/.local/lib/python3.12/site-packages/airflow/example_dags/example_task_group_decorator.py took 0.068 seconds
[2026-03-22T04:12:50.046+0000] {processor.py:161} INFO - Started process (PID=466) to work on /home/airflow/.local/lib/python3.12/site-packages/airflow/example_dags/example_task_group_decorator.py
[2026-03-22T04:12:50.047+0000] {processor.py:830} INFO - Processing file /home/airflow/.local/lib/python3.12/site-packages/airflow/example_dags/example_task_group_decorator.py for tasks to queue
[2026-03-22T04:12:50.053+0000] {logging_mixin.py:188} INFO - [2026-03-22T04:12:50.051+0000] {dagbag.py:545} INFO - Filling up the DagBag from /home/airflow/.local/lib/python3.12/site-packages/airflow/example_dags/example_task_group_decorator.py
[2026-03-22T04:12:50.088+0000] {processor.py:840} INFO - DAG(s) 'example_task_group_decorator' retrieved from /home/airflow/.local/lib/python3.12/site-packages/airflow/example_dags/example_task_group_decorator.py
[2026-03-22T04:12:50.116+0000] {logging_mixin.py:188} INFO - [2026-03-22T04:12:50.115+0000] {dag.py:3096} INFO - Sync 1 DAGs
[2026-03-22T04:12:50.135+0000] {logging_mixin.py:188} INFO - [2026-03-22T04:12:50.134+0000] {dag.py:3954} INFO - Setting next_dagrun for example_task_group_decorator to 2026-03-21 00:00:00+00:00, run_after=2026-03-22 00:00:00+00:00
[2026-03-22T04:12:50.155+0000] {processor.py:183} INFO - Processing /home/airflow/.local/lib/python3.12/site-packages/airflow/example_dags/example_task_group_decorator.py took 0.118 seconds
[2026-03-22T04:13:20.503+0000] {processor.py:161} INFO - Started process (PID=524) to work on /home/airflow/.local/lib/python3.12/site-packages/airflow/example_dags/example_task_group_decorator.py
[2026-03-22T04:13:20.503+0000] {processor.py:830} INFO - Processing file /home/airflow/.local/lib/python3.12/site-packages/airflow/example_dags/example_task_group_decorator.py for tasks to queue
[2026-03-22T04:13:20.504+0000] {logging_mixin.py:188} INFO - [2026-03-22T04:13:20.504+0000] {dagbag.py:545} INFO - Filling up the DagBag from /home/airflow/.local/lib/python3.12/site-packages/airflow/example_dags/example_task_group_decorator.py
[2026-03-22T04:13:20.512+0000] {processor.py:840} INFO - DAG(s) 'example_task_group_decorator' retrieved from /home/airflow/.local/lib/python3.12/site-packages/airflow/example_dags/example_task_group_decorator.py
[2026-03-22T04:13:20.524+0000] {logging_mixin.py:188} INFO - [2026-03-22T04:13:20.524+0000] {dag.py:3096} INFO - Sync 1 DAGs
[2026-03-22T04:13:20.535+0000] {logging_mixin.py:188} INFO - [2026-03-22T04:13:20.534+0000] {dag.py:3954} INFO - Setting next_dagrun for example_task_group_decorator to 2026-03-21 00:00:00+00:00, run_after=2026-03-22 00:00:00+00:00
[2026-03-22T04:13:20.544+0000] {processor.py:183} INFO - Processing /home/airflow/.local/lib/python3.12/site-packages/airflow/example_dags/example_task_group_decorator.py took 0.044 seconds
[2026-03-22T04:13:50.780+0000] {processor.py:161} INFO - Started process (PID=582) to work on /home/airflow/.local/lib/python3.12/site-packages/airflow/example_dags/example_task_group_decorator.py
[2026-03-22T04:13:50.782+0000] {processor.py:830} INFO - Processing file /home/airflow/.local/lib/python3.12/site-packages/airflow/example_dags/example_task_group_decorator.py for tasks to queue
[2026-03-22T04:13:50.783+0000] {logging_mixin.py:188} INFO - [2026-03-22T04:13:50.783+0000] {dagbag.py:545} INFO - Filling up the DagBag from /home/airflow/.local/lib/python3.12/site-packages/airflow/example_dags/example_task_group_decorator.py
[2026-03-22T04:13:50.792+0000] {processor.py:840} INFO - DAG(s) 'example_task_group_decorator' retrieved from /home/airflow/.local/lib/python3.12/site-packages/airflow/example_dags/example_task_group_decorator.py
[2026-03-22T04:13:50.804+0000] {logging_mixin.py:188} INFO - [2026-03-22T04:13:50.804+0000] {dag.py:3096} INFO - Sync 1 DAGs
[2026-03-22T04:13:50.812+0000] {logging_mixin.py:188} INFO - [2026-03-22T04:13:50.812+0000] {dag.py:3954} INFO - Setting next_dagrun for example_task_group_decorator to 2026-03-21 00:00:00+00:00, run_after=2026-03-22 00:00:00+00:00
[2026-03-22T04:13:50.822+0000] {processor.py:183} INFO - Processing /home/airflow/.local/lib/python3.12/site-packages/airflow/example_dags/example_task_group_decorator.py took 0.045 seconds
[2026-03-22T04:14:21.859+0000] {processor.py:161} INFO - Started process (PID=640) to work on /home/airflow/.local/lib/python3.12/site-packages/airflow/example_dags/example_task_group_decorator.py
[2026-03-22T04:14:21.860+0000] {processor.py:830} INFO - Processing file /home/airflow/.local/lib/python3.12/site-packages/airflow/example_dags/example_task_group_decorator.py for tasks to queue
[2026-03-22T04:14:21.861+0000] {logging_mixin.py:188} INFO - [2026-03-22T04:14:21.861+0000] {dagbag.py:545} INFO - Filling up the DagBag from /home/airflow/.local/lib/python3.12/site-packages/airflow/example_dags/example_task_group_decorator.py
[2026-03-22T04:14:21.869+0000] {processor.py:840} INFO - DAG(s) 'example_task_group_decorator' retrieved from /home/airflow/.local/lib/python3.12/site-packages/airflow/example_dags/example_task_group_decorator.py
[2026-03-22T04:14:21.884+0000] {logging_mixin.py:188} INFO - [2026-03-22T04:14:21.884+0000] {dag.py:3096} INFO - Sync 1 DAGs
[2026-03-22T04:14:21.905+0000] {logging_mixin.py:188} INFO - [2026-03-22T04:14:21.905+0000] {dag.py:3954} INFO - Setting next_dagrun for example_task_group_decorator to 2026-03-21 00:00:00+00:00, run_after=2026-03-22 00:00:00+00:00
[2026-03-22T04:14:21.924+0000] {processor.py:183} INFO - Processing /home/airflow/.local/lib/python3.12/site-packages/airflow/example_dags/example_task_group_decorator.py took 0.067 seconds
[2026-03-22T04:14:52.817+0000] {processor.py:161} INFO - Started process (PID=697) to work on /home/airflow/.local/lib/python3.12/site-packages/airflow/example_dags/example_task_group_decorator.py
[2026-03-22T04:14:52.818+0000] {processor.py:830} INFO - Processing file /home/airflow/.local/lib/python3.12/site-packages/airflow/example_dags/example_task_group_decorator.py for tasks to queue
[2026-03-22T04:14:52.822+0000] {logging_mixin.py:188} INFO - [2026-03-22T04:14:52.822+0000] {dagbag.py:545} INFO - Filling up the DagBag from /home/airflow/.local/lib/python3.12/site-packages/airflow/example_dags/example_task_group_decorator.py
[2026-03-22T04:14:52.860+0000] {processor.py:840} INFO - DAG(s) 'example_task_group_decorator' retrieved from /home/airflow/.local/lib/python3.12/site-packages/airflow/example_dags/example_task_group_decorator.py
[2026-03-22T04:14:52.916+0000] {logging_mixin.py:188} INFO - [2026-03-22T04:14:52.915+0000] {dag.py:3096} INFO - Sync 1 DAGs
[2026-03-22T04:14:52.941+0000] {logging_mixin.py:188} INFO - [2026-03-22T04:14:52.941+0000] {dag.py:3954} INFO - Setting next_dagrun for example_task_group_decorator to 2026-03-21 00:00:00+00:00, run_after=2026-03-22 00:00:00+00:00
[2026-03-22T04:14:52.953+0000] {processor.py:183} INFO - Processing /home/airflow/.local/lib/python3.12/site-packages/airflow/example_dags/example_task_group_decorator.py took 0.147 seconds
[2026-03-22T04:15:23.819+0000] {processor.py:161} INFO - Started process (PID=762) to work on /home/airflow/.local/lib/python3.12/site-packages/airflow/example_dags/example_task_group_decorator.py
[2026-03-22T04:15:23.822+0000] {processor.py:830} INFO - Processing file /home/airflow/.local/lib/python3.12/site-packages/airflow/example_dags/example_task_group_decorator.py for tasks to queue
[2026-03-22T04:15:23.827+0000] {logging_mixin.py:188} INFO - [2026-03-22T04:15:23.826+0000] {dagbag.py:545} INFO - Filling up the DagBag from /home/airflow/.local/lib/python3.12/site-packages/airflow/example_dags/example_task_group_decorator.py
[2026-03-22T04:15:23.850+0000] {processor.py:840} INFO - DAG(s) 'example_task_group_decorator' retrieved from /home/airflow/.local/lib/python3.12/site-packages/airflow/example_dags/example_task_group_decorator.py
[2026-03-22T04:15:23.872+0000] {logging_mixin.py:188} INFO - [2026-03-22T04:15:23.872+0000] {dag.py:3096} INFO - Sync 1 DAGs
[2026-03-22T04:15:23.893+0000] {logging_mixin.py:188} INFO - [2026-03-22T04:15:23.892+0000] {dag.py:3954} INFO - Setting next_dagrun for example_task_group_decorator to 2026-03-21 00:00:00+00:00, run_after=2026-03-22 00:00:00+00:00
[2026-03-22T04:15:23.904+0000] {processor.py:183} INFO - Processing /home/airflow/.local/lib/python3.12/site-packages/airflow/example_dags/example_task_group_decorator.py took 0.092 seconds
[2026-03-22T04:15:54.491+0000] {processor.py:161} INFO - Started process (PID=820) to work on /home/airflow/.local/lib/python3.12/site-packages/airflow/example_dags/example_task_group_decorator.py
[2026-03-22T04:15:54.493+0000] {processor.py:830} INFO - Processing file /home/airflow/.local/lib/python3.12/site-packages/airflow/example_dags/example_task_group_decorator.py for tasks to queue
[2026-03-22T04:15:54.495+0000] {logging_mixin.py:188} INFO - [2026-03-22T04:15:54.495+0000] {dagbag.py:545} INFO - Filling up the DagBag from /home/airflow/.local/lib/python3.12/site-packages/airflow/example_dags/example_task_group_decorator.py
[2026-03-22T04:15:54.518+0000] {processor.py:840} INFO - DAG(s) 'example_task_group_decorator' retrieved from /home/airflow/.local/lib/python3.12/site-packages/airflow/example_dags/example_task_group_decorator.py
[2026-03-22T04:15:54.535+0000] {logging_mixin.py:188} INFO - [2026-03-22T04:15:54.535+0000] {dag.py:3096} INFO - Sync 1 DAGs
[2026-03-22T04:15:54.552+0000] {logging_mixin.py:188} INFO - [2026-03-22T04:15:54.552+0000] {dag.py:3954} INFO - Setting next_dagrun for example_task_group_decorator to 2026-03-21 00:00:00+00:00, run_after=2026-03-22 00:00:00+00:00
[2026-03-22T04:15:54.563+0000] {processor.py:183} INFO - Processing /home/airflow/.local/lib/python3.12/site-packages/airflow/example_dags/example_task_group_decorator.py took 0.077 seconds
[2026-03-22T04:16:44.525+0000] {processor.py:161} INFO - Started process (PID=878) to work on /home/airflow/.local/lib/python3.12/site-packages/airflow/example_dags/example_task_group_decorator.py
[2026-03-22T04:16:44.529+0000] {processor.py:830} INFO - Processing file /home/airflow/.local/lib/python3.12/site-packages/airflow/example_dags/example_task_group_decorator.py for tasks to queue
[2026-03-22T04:16:44.534+0000] {logging_mixin.py:188} INFO - [2026-03-22T04:16:44.532+0000] {dagbag.py:545} INFO - Filling up the DagBag from /home/airflow/.local/lib/python3.12/site-packages/airflow/example_dags/example_task_group_decorator.py
[2026-03-22T04:16:44.623+0000] {processor.py:840} INFO - DAG(s) 'example_task_group_decorator' retrieved from /home/airflow/.local/lib/python3.12/site-packages/airflow/example_dags/example_task_group_decorator.py
[2026-03-22T04:16:44.737+0000] {logging_mixin.py:188} INFO - [2026-03-22T04:16:44.737+0000] {dag.py:3096} INFO - Sync 1 DAGs
[2026-03-22T04:16:44.884+0000] {logging_mixin.py:188} INFO - [2026-03-22T04:16:44.882+0000] {dag.py:3954} INFO - Setting next_dagrun for example_task_group_decorator to 2026-03-21 00:00:00+00:00, run_after=2026-03-22 00:00:00+00:00
[2026-03-22T04:16:45.105+0000] {processor.py:183} INFO - Processing /home/airflow/.local/lib/python3.12/site-packages/airflow/example_dags/example_task_group_decorator.py took 0.616 seconds
[2026-03-22T04:17:36.454+0000] {processor.py:161} INFO - Started process (PID=935) to work on /home/airflow/.local/lib/python3.12/site-packages/airflow/example_dags/example_task_group_decorator.py
[2026-03-22T04:17:36.456+0000] {processor.py:830} INFO - Processing file /home/airflow/.local/lib/python3.12/site-packages/airflow/example_dags/example_task_group_decorator.py for tasks to queue
[2026-03-22T04:17:36.458+0000] {logging_mixin.py:188} INFO - [2026-03-22T04:17:36.457+0000] {dagbag.py:545} INFO - Filling up the DagBag from /home/airflow/.local/lib/python3.12/site-packages/airflow/example_dags/example_task_group_decorator.py
[2026-03-22T04:17:36.488+0000] {processor.py:840} INFO - DAG(s) 'example_task_group_decorator' retrieved from /home/airflow/.local/lib/python3.12/site-packages/airflow/example_dags/example_task_group_decorator.py
[2026-03-22T04:17:36.628+0000] {logging_mixin.py:188} INFO - [2026-03-22T04:17:36.626+0000] {dag.py:3096} INFO - Sync 1 DAGs
[2026-03-22T04:17:36.670+0000] {logging_mixin.py:188} INFO - [2026-03-22T04:17:36.670+0000] {dag.py:3954} INFO - Setting next_dagrun for example_task_group_decorator to 2026-03-21 00:00:00+00:00, run_after=2026-03-22 00:00:00+00:00
[2026-03-22T04:17:36.685+0000] {processor.py:183} INFO - Processing /home/airflow/.local/lib/python3.12/site-packages/airflow/example_dags/example_task_group_decorator.py took 0.237 seconds
[2026-03-22T04:18:07.697+0000] {processor.py:161} INFO - Started process (PID=992) to work on /home/airflow/.local/lib/python3.12/site-packages/airflow/example_dags/example_task_group_decorator.py
[2026-03-22T04:18:07.701+0000] {processor.py:830} INFO - Processing file /home/airflow/.local/lib/python3.12/site-packages/airflow/example_dags/example_task_group_decorator.py for tasks to queue
[2026-03-22T04:18:07.704+0000] {logging_mixin.py:188} INFO - [2026-03-22T04:18:07.704+0000] {dagbag.py:545} INFO - Filling up the DagBag from /home/airflow/.local/lib/python3.12/site-packages/airflow/example_dags/example_task_group_decorator.py
[2026-03-22T04:18:07.717+0000] {processor.py:840} INFO - DAG(s) 'example_task_group_decorator' retrieved from /home/airflow/.local/lib/python3.12/site-packages/airflow/example_dags/example_task_group_decorator.py
[2026-03-22T04:18:07.746+0000] {logging_mixin.py:188} INFO - [2026-03-22T04:18:07.746+0000] {dag.py:3096} INFO - Sync 1 DAGs
[2026-03-22T04:18:07.783+0000] {logging_mixin.py:188} INFO - [2026-03-22T04:18:07.782+0000] {dag.py:3954} INFO - Setting next_dagrun for example_task_group_decorator to 2026-03-21 00:00:00+00:00, run_after=2026-03-22 00:00:00+00:00
[2026-03-22T04:18:07.820+0000] {processor.py:183} INFO - Processing /home/airflow/.local/lib/python3.12/site-packages/airflow/example_dags/example_task_group_decorator.py took 0.133 seconds
[2026-03-22T04:18:38.289+0000] {processor.py:161} INFO - Started process (PID=1049) to work on /home/airflow/.local/lib/python3.12/site-packages/airflow/example_dags/example_task_group_decorator.py
[2026-03-22T04:18:38.292+0000] {processor.py:830} INFO - Processing file /home/airflow/.local/lib/python3.12/site-packages/airflow/example_dags/example_task_group_decorator.py for tasks to queue
[2026-03-22T04:18:38.295+0000] {logging_mixin.py:188} INFO - [2026-03-22T04:18:38.294+0000] {dagbag.py:545} INFO - Filling up the DagBag from /home/airflow/.local/lib/python3.12/site-packages/airflow/example_dags/example_task_group_decorator.py
[2026-03-22T04:18:38.333+0000] {processor.py:840} INFO - DAG(s) 'example_task_group_decorator' retrieved from /home/airflow/.local/lib/python3.12/site-packages/airflow/example_dags/example_task_group_decorator.py
[2026-03-22T04:18:38.374+0000] {logging_mixin.py:188} INFO - [2026-03-22T04:18:38.373+0000] {dag.py:3096} INFO - Sync 1 DAGs
[2026-03-22T04:18:38.425+0000] {logging_mixin.py:188} INFO - [2026-03-22T04:18:38.425+0000] {dag.py:3954} INFO - Setting next_dagrun for example_task_group_decorator to 2026-03-21 00:00:00+00:00, run_after=2026-03-22 00:00:00+00:00
[2026-03-22T04:18:38.451+0000] {processor.py:183} INFO - Processing /home/airflow/.local/lib/python3.12/site-packages/airflow/example_dags/example_task_group_decorator.py took 0.173 seconds
[2026-03-22T04:19:08.918+0000] {processor.py:161} INFO - Started process (PID=1107) to work on /home/airflow/.local/lib/python3.12/site-packages/airflow/example_dags/example_task_group_decorator.py
[2026-03-22T04:19:08.921+0000] {processor.py:830} INFO - Processing file /home/airflow/.local/lib/python3.12/site-packages/airflow/example_dags/example_task_group_decorator.py for tasks to queue
[2026-03-22T04:19:08.924+0000] {logging_mixin.py:188} INFO - [2026-03-22T04:19:08.923+0000] {dagbag.py:545} INFO - Filling up the DagBag from /home/airflow/.local/lib/python3.12/site-packages/airflow/example_dags/example_task_group_decorator.py
[2026-03-22T04:19:08.948+0000] {processor.py:840} INFO - DAG(s) 'example_task_group_decorator' retrieved from /home/airflow/.local/lib/python3.12/site-packages/airflow/example_dags/example_task_group_decorator.py
[2026-03-22T04:19:09.005+0000] {logging_mixin.py:188} INFO - [2026-03-22T04:19:09.004+0000] {dag.py:3096} INFO - Sync 1 DAGs
[2026-03-22T04:19:09.032+0000] {logging_mixin.py:188} INFO - [2026-03-22T04:19:09.032+0000] {dag.py:3954} INFO - Setting next_dagrun for example_task_group_decorator to 2026-03-21 00:00:00+00:00, run_after=2026-03-22 00:00:00+00:00
[2026-03-22T04:19:09.044+0000] {processor.py:183} INFO - Processing /home/airflow/.local/lib/python3.12/site-packages/airflow/example_dags/example_task_group_decorator.py took 0.136 seconds
[2026-03-22T04:19:39.246+0000] {processor.py:161} INFO - Started process (PID=1165) to work on /home/airflow/.local/lib/python3.12/site-packages/airflow/example_dags/example_task_group_decorator.py
[2026-03-22T04:19:39.247+0000] {processor.py:830} INFO - Processing file /home/airflow/.local/lib/python3.12/site-packages/airflow/example_dags/example_task_group_decorator.py for tasks to queue
[2026-03-22T04:19:39.248+0000] {logging_mixin.py:188} INFO - [2026-03-22T04:19:39.248+0000] {dagbag.py:545} INFO - Filling up the DagBag from /home/airflow/.local/lib/python3.12/site-packages/airflow/example_dags/example_task_group_decorator.py
[2026-03-22T04:19:39.259+0000] {processor.py:840} INFO - DAG(s) 'example_task_group_decorator' retrieved from /home/airflow/.local/lib/python3.12/site-packages/airflow/example_dags/example_task_group_decorator.py
[2026-03-22T04:19:39.283+0000] {logging_mixin.py:188} INFO - [2026-03-22T04:19:39.283+0000] {dag.py:3096} INFO - Sync 1 DAGs
[2026-03-22T04:19:39.300+0000] {logging_mixin.py:188} INFO - [2026-03-22T04:19:39.300+0000] {dag.py:3954} INFO - Setting next_dagrun for example_task_group_decorator to 2026-03-21 00:00:00+00:00, run_after=2026-03-22 00:00:00+00:00
[2026-03-22T04:19:39.309+0000] {processor.py:183} INFO - Processing /home/airflow/.local/lib/python3.12/site-packages/airflow/example_dags/example_task_group_decorator.py took 0.067 seconds
[2026-03-22T04:20:09.494+0000] {processor.py:161} INFO - Started process (PID=1218) to work on /home/airflow/.local/lib/python3.12/site-packages/airflow/example_dags/example_task_group_decorator.py
[2026-03-22T04:20:09.497+0000] {processor.py:830} INFO - Processing file /home/airflow/.local/lib/python3.12/site-packages/airflow/example_dags/example_task_group_decorator.py for tasks to queue
[2026-03-22T04:20:09.499+0000] {logging_mixin.py:188} INFO - [2026-03-22T04:20:09.499+0000] {dagbag.py:545} INFO - Filling up the DagBag from /home/airflow/.local/lib/python3.12/site-packages/airflow/example_dags/example_task_group_decorator.py
[2026-03-22T04:20:09.513+0000] {processor.py:840} INFO - DAG(s) 'example_task_group_decorator' retrieved from /home/airflow/.local/lib/python3.12/site-packages/airflow/example_dags/example_task_group_decorator.py
[2026-03-22T04:20:09.533+0000] {logging_mixin.py:188} INFO - [2026-03-22T04:20:09.533+0000] {dag.py:3096} INFO - Sync 1 DAGs
[2026-03-22T04:20:09.547+0000] {logging_mixin.py:188} INFO - [2026-03-22T04:20:09.547+0000] {dag.py:3954} INFO - Setting next_dagrun for example_task_group_decorator to 2026-03-21 00:00:00+00:00, run_after=2026-03-22 00:00:00+00:00
[2026-03-22T04:20:09.563+0000] {processor.py:183} INFO - Processing /home/airflow/.local/lib/python3.12/site-packages/airflow/example_dags/example_task_group_decorator.py took 0.074 seconds
[2026-03-22T04:20:40.376+0000] {processor.py:161} INFO - Started process (PID=1274) to work on /home/airflow/.local/lib/python3.12/site-packages/airflow/example_dags/example_task_group_decorator.py
[2026-03-22T04:20:40.376+0000] {processor.py:830} INFO - Processing file /home/airflow/.local/lib/python3.12/site-packages/airflow/example_dags/example_task_group_decorator.py for tasks to queue
[2026-03-22T04:20:40.377+0000] {logging_mixin.py:188} INFO - [2026-03-22T04:20:40.377+0000] {dagbag.py:545} INFO - Filling up the DagBag from /home/airflow/.local/lib/python3.12/site-packages/airflow/example_dags/example_task_group_decorator.py
[2026-03-22T04:20:40.384+0000] {processor.py:840} INFO - DAG(s) 'example_task_group_decorator' retrieved from /home/airflow/.local/lib/python3.12/site-packages/airflow/example_dags/example_task_group_decorator.py
[2026-03-22T04:20:40.394+0000] {logging_mixin.py:188} INFO - [2026-03-22T04:20:40.394+0000] {dag.py:3096} INFO - Sync 1 DAGs
[2026-03-22T04:20:40.410+0000] {logging_mixin.py:188} INFO - [2026-03-22T04:20:40.410+0000] {dag.py:3954} INFO - Setting next_dagrun for example_task_group_decorator to 2026-03-21 00:00:00+00:00, run_after=2026-03-22 00:00:00+00:00
[2026-03-22T04:20:40.418+0000] {processor.py:183} INFO - Processing /home/airflow/.local/lib/python3.12/site-packages/airflow/example_dags/example_task_group_decorator.py took 0.046 seconds
[2026-03-22T04:21:11.322+0000] {processor.py:161} INFO - Started process (PID=1331) to work on /home/airflow/.local/lib/python3.12/site-packages/airflow/example_dags/example_task_group_decorator.py
[2026-03-22T04:21:11.323+0000] {processor.py:830} INFO - Processing file /home/airflow/.local/lib/python3.12/site-packages/airflow/example_dags/example_task_group_decorator.py for tasks to queue
[2026-03-22T04:21:11.324+0000] {logging_mixin.py:188} INFO - [2026-03-22T04:21:11.324+0000] {dagbag.py:545} INFO - Filling up the DagBag from /home/airflow/.local/lib/python3.12/site-packages/airflow/example_dags/example_task_group_decorator.py
[2026-03-22T04:21:11.338+0000] {processor.py:840} INFO - DAG(s) 'example_task_group_decorator' retrieved from /home/airflow/.local/lib/python3.12/site-packages/airflow/example_dags/example_task_group_decorator.py
[2026-03-22T04:21:11.358+0000] {logging_mixin.py:188} INFO - [2026-03-22T04:21:11.358+0000] {dag.py:3096} INFO - Sync 1 DAGs
[2026-03-22T04:21:11.381+0000] {logging_mixin.py:188} INFO - [2026-03-22T04:21:11.381+0000] {dag.py:3954} INFO - Setting next_dagrun for example_task_group_decorator to 2026-03-21 00:00:00+00:00, run_after=2026-03-22 00:00:00+00:00
[2026-03-22T04:21:11.394+0000] {processor.py:183} INFO - Processing /home/airflow/.local/lib/python3.12/site-packages/airflow/example_dags/example_task_group_decorator.py took 0.075 seconds
[2026-03-22T04:21:42.743+0000] {processor.py:161} INFO - Started process (PID=1389) to work on /home/airflow/.local/lib/python3.12/site-packages/airflow/example_dags/example_task_group_decorator.py
[2026-03-22T04:21:42.744+0000] {processor.py:830} INFO - Processing file /home/airflow/.local/lib/python3.12/site-packages/airflow/example_dags/example_task_group_decorator.py for tasks to queue
[2026-03-22T04:21:42.751+0000] {logging_mixin.py:188} INFO - [2026-03-22T04:21:42.750+0000] {dagbag.py:545} INFO - Filling up the DagBag from /home/airflow/.local/lib/python3.12/site-packages/airflow/example_dags/example_task_group_decorator.py
[2026-03-22T04:21:42.761+0000] {processor.py:840} INFO - DAG(s) 'example_task_group_decorator' retrieved from /home/airflow/.local/lib/python3.12/site-packages/airflow/example_dags/example_task_group_decorator.py
[2026-03-22T04:21:42.773+0000] {logging_mixin.py:188} INFO - [2026-03-22T04:21:42.773+0000] {dag.py:3096} INFO - Sync 1 DAGs
[2026-03-22T04:21:42.786+0000] {logging_mixin.py:188} INFO - [2026-03-22T04:21:42.786+0000] {dag.py:3954} INFO - Setting next_dagrun for example_task_group_decorator to 2026-03-21 00:00:00+00:00, run_after=2026-03-22 00:00:00+00:00
[2026-03-22T04:21:42.793+0000] {processor.py:183} INFO - Processing /home/airflow/.local/lib/python3.12/site-packages/airflow/example_dags/example_task_group_decorator.py took 0.054 seconds
[2026-03-22T04:23:00.927+0000] {processor.py:161} INFO - Started process (PID=1454) to work on /home/airflow/.local/lib/python3.12/site-packages/airflow/example_dags/example_task_group_decorator.py
[2026-03-22T04:23:00.969+0000] {processor.py:830} INFO - Processing file /home/airflow/.local/lib/python3.12/site-packages/airflow/example_dags/example_task_group_decorator.py for tasks to queue
[2026-03-22T04:23:01.016+0000] {logging_mixin.py:188} INFO - [2026-03-22T04:23:01.007+0000] {dagbag.py:545} INFO - Filling up the DagBag from /home/airflow/.local/lib/python3.12/site-packages/airflow/example_dags/example_task_group_decorator.py
[2026-03-22T04:23:01.184+0000] {processor.py:840} INFO - DAG(s) 'example_task_group_decorator' retrieved from /home/airflow/.local/lib/python3.12/site-packages/airflow/example_dags/example_task_group_decorator.py
[2026-03-22T04:23:01.488+0000] {logging_mixin.py:188} INFO - [2026-03-22T04:23:01.487+0000] {dag.py:3096} INFO - Sync 1 DAGs
[2026-03-22T04:23:01.641+0000] {logging_mixin.py:188} INFO - [2026-03-22T04:23:01.640+0000] {dag.py:3954} INFO - Setting next_dagrun for example_task_group_decorator to 2026-03-21 00:00:00+00:00, run_after=2026-03-22 00:00:00+00:00
[2026-03-22T04:23:01.767+0000] {processor.py:183} INFO - Processing /home/airflow/.local/lib/python3.12/site-packages/airflow/example_dags/example_task_group_decorator.py took 0.937 seconds
[2026-03-22T04:23:31.864+0000] {processor.py:161} INFO - Started process (PID=1511) to work on /home/airflow/.local/lib/python3.12/site-packages/airflow/example_dags/example_task_group_decorator.py
[2026-03-22T04:23:31.868+0000] {processor.py:830} INFO - Processing file /home/airflow/.local/lib/python3.12/site-packages/airflow/example_dags/example_task_group_decorator.py for tasks to queue
[2026-03-22T04:23:31.869+0000] {logging_mixin.py:188} INFO - [2026-03-22T04:23:31.869+0000] {dagbag.py:545} INFO - Filling up the DagBag from /home/airflow/.local/lib/python3.12/site-packages/airflow/example_dags/example_task_group_decorator.py
[2026-03-22T04:23:31.885+0000] {processor.py:840} INFO - DAG(s) 'example_task_group_decorator' retrieved from /home/airflow/.local/lib/python3.12/site-packages/airflow/example_dags/example_task_group_decorator.py
[2026-03-22T04:23:31.905+0000] {logging_mixin.py:188} INFO - [2026-03-22T04:23:31.905+0000] {dag.py:3096} INFO - Sync 1 DAGs
[2026-03-22T04:23:31.927+0000] {logging_mixin.py:188} INFO - [2026-03-22T04:23:31.927+0000] {dag.py:3954} INFO - Setting next_dagrun for example_task_group_decorator to 2026-03-21 00:00:00+00:00, run_after=2026-03-22 00:00:00+00:00
[2026-03-22T04:23:31.935+0000] {processor.py:183} INFO - Processing /home/airflow/.local/lib/python3.12/site-packages/airflow/example_dags/example_task_group_decorator.py took 0.076 seconds
[2026-03-22T04:24:02.619+0000] {processor.py:161} INFO - Started process (PID=1569) to work on /home/airflow/.local/lib/python3.12/site-packages/airflow/example_dags/example_task_group_decorator.py
[2026-03-22T04:24:02.620+0000] {processor.py:830} INFO - Processing file /home/airflow/.local/lib/python3.12/site-packages/airflow/example_dags/example_task_group_decorator.py for tasks to queue
[2026-03-22T04:24:02.624+0000] {logging_mixin.py:188} INFO - [2026-03-22T04:24:02.623+0000] {dagbag.py:545} INFO - Filling up the DagBag from /home/airflow/.local/lib/python3.12/site-packages/airflow/example_dags/example_task_group_decorator.py
[2026-03-22T04:24:02.653+0000] {processor.py:840} INFO - DAG(s) 'example_task_group_decorator' retrieved from /home/airflow/.local/lib/python3.12/site-packages/airflow/example_dags/example_task_group_decorator.py
[2026-03-22T04:24:02.691+0000] {logging_mixin.py:188} INFO - [2026-03-22T04:24:02.691+0000] {dag.py:3096} INFO - Sync 1 DAGs
[2026-03-22T04:24:02.714+0000] {logging_mixin.py:188} INFO - [2026-03-22T04:24:02.714+0000] {dag.py:3954} INFO - Setting next_dagrun for example_task_group_decorator to 2026-03-21 00:00:00+00:00, run_after=2026-03-22 00:00:00+00:00
[2026-03-22T04:24:02.743+0000] {processor.py:183} INFO - Processing /home/airflow/.local/lib/python3.12/site-packages/airflow/example_dags/example_task_group_decorator.py took 0.134 seconds
[2026-03-22T04:25:09.065+0000] {processor.py:161} INFO - Started process (PID=1627) to work on /home/airflow/.local/lib/python3.12/site-packages/airflow/example_dags/example_task_group_decorator.py
[2026-03-22T04:25:09.098+0000] {processor.py:830} INFO - Processing file /home/airflow/.local/lib/python3.12/site-packages/airflow/example_dags/example_task_group_decorator.py for tasks to queue
[2026-03-22T04:25:09.413+0000] {logging_mixin.py:188} INFO - [2026-03-22T04:25:09.410+0000] {dagbag.py:545} INFO - Filling up the DagBag from /home/airflow/.local/lib/python3.12/site-packages/airflow/example_dags/example_task_group_decorator.py
[2026-03-22T04:25:10.478+0000] {processor.py:840} INFO - DAG(s) 'example_task_group_decorator' retrieved from /home/airflow/.local/lib/python3.12/site-packages/airflow/example_dags/example_task_group_decorator.py
[2026-03-22T04:25:13.889+0000] {logging_mixin.py:188} INFO - [2026-03-22T04:25:13.862+0000] {dag.py:3096} INFO - Sync 1 DAGs
[2026-03-22T04:25:14.689+0000] {logging_mixin.py:188} INFO - [2026-03-22T04:25:14.686+0000] {dag.py:3954} INFO - Setting next_dagrun for example_task_group_decorator to 2026-03-21 00:00:00+00:00, run_after=2026-03-22 00:00:00+00:00
[2026-03-22T04:25:15.119+0000] {processor.py:183} INFO - Processing /home/airflow/.local/lib/python3.12/site-packages/airflow/example_dags/example_task_group_decorator.py took 7.342 seconds
[2026-03-22T04:25:48.204+0000] {processor.py:161} INFO - Started process (PID=1692) to work on /home/airflow/.local/lib/python3.12/site-packages/airflow/example_dags/example_task_group_decorator.py
[2026-03-22T04:25:48.232+0000] {processor.py:830} INFO - Processing file /home/airflow/.local/lib/python3.12/site-packages/airflow/example_dags/example_task_group_decorator.py for tasks to queue
[2026-03-22T04:25:48.262+0000] {logging_mixin.py:188} INFO - [2026-03-22T04:25:48.260+0000] {dagbag.py:545} INFO - Filling up the DagBag from /home/airflow/.local/lib/python3.12/site-packages/airflow/example_dags/example_task_group_decorator.py
[2026-03-22T04:25:48.327+0000] {processor.py:840} INFO - DAG(s) 'example_task_group_decorator' retrieved from /home/airflow/.local/lib/python3.12/site-packages/airflow/example_dags/example_task_group_decorator.py
[2026-03-22T04:25:48.483+0000] {logging_mixin.py:188} INFO - [2026-03-22T04:25:48.482+0000] {dag.py:3096} INFO - Sync 1 DAGs
[2026-03-22T04:25:48.754+0000] {logging_mixin.py:188} INFO - [2026-03-22T04:25:48.751+0000] {dag.py:3954} INFO - Setting next_dagrun for example_task_group_decorator to 2026-03-21 00:00:00+00:00, run_after=2026-03-22 00:00:00+00:00
[2026-03-22T04:25:48.960+0000] {processor.py:183} INFO - Processing /home/airflow/.local/lib/python3.12/site-packages/airflow/example_dags/example_task_group_decorator.py took 0.801 seconds
[2026-03-22T04:27:22.259+0000] {processor.py:161} INFO - Started process (PID=1749) to work on /home/airflow/.local/lib/python3.12/site-packages/airflow/example_dags/example_task_group_decorator.py
[2026-03-22T04:27:22.269+0000] {processor.py:830} INFO - Processing file /home/airflow/.local/lib/python3.12/site-packages/airflow/example_dags/example_task_group_decorator.py for tasks to queue
[2026-03-22T04:27:22.331+0000] {logging_mixin.py:188} INFO - [2026-03-22T04:27:22.329+0000] {dagbag.py:545} INFO - Filling up the DagBag from /home/airflow/.local/lib/python3.12/site-packages/airflow/example_dags/example_task_group_decorator.py
[2026-03-22T04:27:22.559+0000] {processor.py:840} INFO - DAG(s) 'example_task_group_decorator' retrieved from /home/airflow/.local/lib/python3.12/site-packages/airflow/example_dags/example_task_group_decorator.py
[2026-03-22T04:27:22.968+0000] {logging_mixin.py:188} INFO - [2026-03-22T04:27:22.938+0000] {dag.py:3096} INFO - Sync 1 DAGs
[2026-03-22T04:27:27.541+0000] {logging_mixin.py:188} INFO - [2026-03-22T04:27:27.510+0000] {dag.py:3954} INFO - Setting next_dagrun for example_task_group_decorator to 2026-03-21 00:00:00+00:00, run_after=2026-03-22 00:00:00+00:00
[2026-03-22T04:27:28.025+0000] {processor.py:183} INFO - Processing /home/airflow/.local/lib/python3.12/site-packages/airflow/example_dags/example_task_group_decorator.py took 5.832 seconds
[2026-03-22T04:33:23.496+0000] {processor.py:161} INFO - Started process (PID=1831) to work on /home/airflow/.local/lib/python3.12/site-packages/airflow/example_dags/example_task_group_decorator.py
[2026-03-22T04:33:23.614+0000] {processor.py:830} INFO - Processing file /home/airflow/.local/lib/python3.12/site-packages/airflow/example_dags/example_task_group_decorator.py for tasks to queue
[2026-03-22T04:33:23.739+0000] {logging_mixin.py:188} INFO - [2026-03-22T04:33:23.728+0000] {dagbag.py:545} INFO - Filling up the DagBag from /home/airflow/.local/lib/python3.12/site-packages/airflow/example_dags/example_task_group_decorator.py
[2026-03-22T04:33:43.069+0000] {processor.py:840} INFO - DAG(s) 'example_task_group_decorator' retrieved from /home/airflow/.local/lib/python3.12/site-packages/airflow/example_dags/example_task_group_decorator.py
[2026-03-22T04:33:45.018+0000] {logging_mixin.py:188} INFO - [2026-03-22T04:33:45.005+0000] {dag.py:3096} INFO - Sync 1 DAGs
[2026-03-22T04:33:45.429+0000] {logging_mixin.py:188} INFO - [2026-03-22T04:33:45.407+0000] {dag.py:3954} INFO - Setting next_dagrun for example_task_group_decorator to 2026-03-21 00:00:00+00:00, run_after=2026-03-22 00:00:00+00:00
[2026-03-22T04:33:45.708+0000] {processor.py:183} INFO - Processing /home/airflow/.local/lib/python3.12/site-packages/airflow/example_dags/example_task_group_decorator.py took 22.327 seconds
[2026-03-22T04:36:46.018+0000] {processor.py:161} INFO - Started process (PID=1904) to work on /home/airflow/.local/lib/python3.12/site-packages/airflow/example_dags/example_task_group_decorator.py
[2026-03-22T04:36:46.050+0000] {processor.py:830} INFO - Processing file /home/airflow/.local/lib/python3.12/site-packages/airflow/example_dags/example_task_group_decorator.py for tasks to queue
[2026-03-22T04:36:46.133+0000] {logging_mixin.py:188} INFO - [2026-03-22T04:36:46.126+0000] {dagbag.py:545} INFO - Filling up the DagBag from /home/airflow/.local/lib/python3.12/site-packages/airflow/example_dags/example_task_group_decorator.py
[2026-03-22T04:36:46.648+0000] {processor.py:840} INFO - DAG(s) 'example_task_group_decorator' retrieved from /home/airflow/.local/lib/python3.12/site-packages/airflow/example_dags/example_task_group_decorator.py
[2026-03-22T04:36:47.107+0000] {logging_mixin.py:188} INFO - [2026-03-22T04:36:47.099+0000] {dag.py:3096} INFO - Sync 1 DAGs
[2026-03-22T04:36:47.323+0000] {logging_mixin.py:188} INFO - [2026-03-22T04:36:47.321+0000] {dag.py:3954} INFO - Setting next_dagrun for example_task_group_decorator to 2026-03-21 00:00:00+00:00, run_after=2026-03-22 00:00:00+00:00
[2026-03-22T04:36:47.522+0000] {processor.py:183} INFO - Processing /home/airflow/.local/lib/python3.12/site-packages/airflow/example_dags/example_task_group_decorator.py took 2.000 seconds
[2026-03-22T04:38:59.149+0000] {processor.py:161} INFO - Started process (PID=1964) to work on /home/airflow/.local/lib/python3.12/site-packages/airflow/example_dags/example_task_group_decorator.py
[2026-03-22T04:38:59.179+0000] {processor.py:830} INFO - Processing file /home/airflow/.local/lib/python3.12/site-packages/airflow/example_dags/example_task_group_decorator.py for tasks to queue
[2026-03-22T04:38:59.254+0000] {logging_mixin.py:188} INFO - [2026-03-22T04:38:59.211+0000] {dagbag.py:545} INFO - Filling up the DagBag from /home/airflow/.local/lib/python3.12/site-packages/airflow/example_dags/example_task_group_decorator.py
[2026-03-22T04:38:59.920+0000] {processor.py:840} INFO - DAG(s) 'example_task_group_decorator' retrieved from /home/airflow/.local/lib/python3.12/site-packages/airflow/example_dags/example_task_group_decorator.py
[2026-03-22T04:39:00.386+0000] {logging_mixin.py:188} INFO - [2026-03-22T04:39:00.357+0000] {dag.py:3096} INFO - Sync 1 DAGs
[2026-03-22T04:39:00.740+0000] {logging_mixin.py:188} INFO - [2026-03-22T04:39:00.738+0000] {dag.py:3954} INFO - Setting next_dagrun for example_task_group_decorator to 2026-03-21 00:00:00+00:00, run_after=2026-03-22 00:00:00+00:00
[2026-03-22T04:39:00.864+0000] {processor.py:183} INFO - Processing /home/airflow/.local/lib/python3.12/site-packages/airflow/example_dags/example_task_group_decorator.py took 1.878 seconds
[2026-03-22T04:39:44.983+0000] {processor.py:161} INFO - Started process (PID=2008) to work on /home/airflow/.local/lib/python3.12/site-packages/airflow/example_dags/example_task_group_decorator.py
[2026-03-22T04:39:45.010+0000] {processor.py:830} INFO - Processing file /home/airflow/.local/lib/python3.12/site-packages/airflow/example_dags/example_task_group_decorator.py for tasks to queue
[2026-03-22T04:39:45.117+0000] {logging_mixin.py:188} INFO - [2026-03-22T04:39:45.099+0000] {dagbag.py:545} INFO - Filling up the DagBag from /home/airflow/.local/lib/python3.12/site-packages/airflow/example_dags/example_task_group_decorator.py
[2026-03-22T04:39:45.571+0000] {processor.py:840} INFO - DAG(s) 'example_task_group_decorator' retrieved from /home/airflow/.local/lib/python3.12/site-packages/airflow/example_dags/example_task_group_decorator.py
[2026-03-22T04:39:46.101+0000] {logging_mixin.py:188} INFO - [2026-03-22T04:39:46.089+0000] {dag.py:3096} INFO - Sync 1 DAGs
[2026-03-22T04:39:47.108+0000] {logging_mixin.py:188} INFO - [2026-03-22T04:39:47.072+0000] {dag.py:3954} INFO - Setting next_dagrun for example_task_group_decorator to 2026-03-21 00:00:00+00:00, run_after=2026-03-22 00:00:00+00:00
[2026-03-22T04:39:47.988+0000] {processor.py:183} INFO - Processing /home/airflow/.local/lib/python3.12/site-packages/airflow/example_dags/example_task_group_decorator.py took 3.120 seconds
[2026-03-22T04:40:52.043+0000] {processor.py:161} INFO - Started process (PID=2072) to work on /home/airflow/.local/lib/python3.12/site-packages/airflow/example_dags/example_task_group_decorator.py
[2026-03-22T04:40:52.063+0000] {processor.py:830} INFO - Processing file /home/airflow/.local/lib/python3.12/site-packages/airflow/example_dags/example_task_group_decorator.py for tasks to queue
[2026-03-22T04:40:52.089+0000] {logging_mixin.py:188} INFO - [2026-03-22T04:40:52.079+0000] {dagbag.py:545} INFO - Filling up the DagBag from /home/airflow/.local/lib/python3.12/site-packages/airflow/example_dags/example_task_group_decorator.py
[2026-03-22T04:40:52.325+0000] {processor.py:840} INFO - DAG(s) 'example_task_group_decorator' retrieved from /home/airflow/.local/lib/python3.12/site-packages/airflow/example_dags/example_task_group_decorator.py
[2026-03-22T04:40:52.601+0000] {logging_mixin.py:188} INFO - [2026-03-22T04:40:52.598+0000] {dag.py:3096} INFO - Sync 1 DAGs
[2026-03-22T04:40:52.717+0000] {logging_mixin.py:188} INFO - [2026-03-22T04:40:52.716+0000] {dag.py:3954} INFO - Setting next_dagrun for example_task_group_decorator to 2026-03-21 00:00:00+00:00, run_after=2026-03-22 00:00:00+00:00
[2026-03-22T04:40:52.857+0000] {processor.py:183} INFO - Processing /home/airflow/.local/lib/python3.12/site-packages/airflow/example_dags/example_task_group_decorator.py took 0.856 seconds
[2026-03-22T04:41:38.129+0000] {processor.py:161} INFO - Started process (PID=2130) to work on /home/airflow/.local/lib/python3.12/site-packages/airflow/example_dags/example_task_group_decorator.py
[2026-03-22T04:41:38.133+0000] {processor.py:830} INFO - Processing file /home/airflow/.local/lib/python3.12/site-packages/airflow/example_dags/example_task_group_decorator.py for tasks to queue
[2026-03-22T04:41:38.158+0000] {logging_mixin.py:188} INFO - [2026-03-22T04:41:38.157+0000] {dagbag.py:545} INFO - Filling up the DagBag from /home/airflow/.local/lib/python3.12/site-packages/airflow/example_dags/example_task_group_decorator.py
[2026-03-22T04:41:38.462+0000] {processor.py:840} INFO - DAG(s) 'example_task_group_decorator' retrieved from /home/airflow/.local/lib/python3.12/site-packages/airflow/example_dags/example_task_group_decorator.py
[2026-03-22T04:41:39.093+0000] {logging_mixin.py:188} INFO - [2026-03-22T04:41:39.073+0000] {dag.py:3096} INFO - Sync 1 DAGs
[2026-03-22T04:41:41.226+0000] {logging_mixin.py:188} INFO - [2026-03-22T04:41:41.211+0000] {dag.py:3954} INFO - Setting next_dagrun for example_task_group_decorator to 2026-03-21 00:00:00+00:00, run_after=2026-03-22 00:00:00+00:00
[2026-03-22T04:41:41.854+0000] {processor.py:183} INFO - Processing /home/airflow/.local/lib/python3.12/site-packages/airflow/example_dags/example_task_group_decorator.py took 3.746 seconds
[2026-03-22T04:42:29.819+0000] {processor.py:161} INFO - Started process (PID=2181) to work on /home/airflow/.local/lib/python3.12/site-packages/airflow/example_dags/example_task_group_decorator.py
[2026-03-22T04:42:29.825+0000] {processor.py:830} INFO - Processing file /home/airflow/.local/lib/python3.12/site-packages/airflow/example_dags/example_task_group_decorator.py for tasks to queue
[2026-03-22T04:42:29.845+0000] {logging_mixin.py:188} INFO - [2026-03-22T04:42:29.841+0000] {dagbag.py:545} INFO - Filling up the DagBag from /home/airflow/.local/lib/python3.12/site-packages/airflow/example_dags/example_task_group_decorator.py
[2026-03-22T04:42:29.943+0000] {processor.py:840} INFO - DAG(s) 'example_task_group_decorator' retrieved from /home/airflow/.local/lib/python3.12/site-packages/airflow/example_dags/example_task_group_decorator.py
[2026-03-22T04:42:30.489+0000] {logging_mixin.py:188} INFO - [2026-03-22T04:42:30.474+0000] {dag.py:3096} INFO - Sync 1 DAGs
[2026-03-22T04:42:31.385+0000] {logging_mixin.py:188} INFO - [2026-03-22T04:42:31.378+0000] {dag.py:3954} INFO - Setting next_dagrun for example_task_group_decorator to 2026-03-21 00:00:00+00:00, run_after=2026-03-22 00:00:00+00:00
[2026-03-22T04:42:31.726+0000] {processor.py:183} INFO - Processing /home/airflow/.local/lib/python3.12/site-packages/airflow/example_dags/example_task_group_decorator.py took 1.953 seconds
