[2026-03-22T04:09:21.862+0000] {processor.py:161} INFO - Started process (PID=79) to work on /home/airflow/.local/lib/python3.12/site-packages/airflow/example_dags/example_nested_branch_dag.py
[2026-03-22T04:09:21.863+0000] {processor.py:830} INFO - Processing file /home/airflow/.local/lib/python3.12/site-packages/airflow/example_dags/example_nested_branch_dag.py for tasks to queue
[2026-03-22T04:09:21.864+0000] {logging_mixin.py:188} INFO - [2026-03-22T04:09:21.864+0000] {dagbag.py:545} INFO - Filling up the DagBag from /home/airflow/.local/lib/python3.12/site-packages/airflow/example_dags/example_nested_branch_dag.py
[2026-03-22T04:09:21.891+0000] {processor.py:840} INFO - DAG(s) 'example_nested_branch_dag' retrieved from /home/airflow/.local/lib/python3.12/site-packages/airflow/example_dags/example_nested_branch_dag.py
[2026-03-22T04:09:21.988+0000] {logging_mixin.py:188} INFO - [2026-03-22T04:09:21.987+0000] {dag.py:3096} INFO - Sync 1 DAGs
[2026-03-22T04:09:22.014+0000] {logging_mixin.py:188} INFO - [2026-03-22T04:09:22.013+0000] {dag.py:3954} INFO - Setting next_dagrun for example_nested_branch_dag to 2026-03-21 00:00:00+00:00, run_after=2026-03-22 00:00:00+00:00
[2026-03-22T04:09:22.030+0000] {processor.py:183} INFO - Processing /home/airflow/.local/lib/python3.12/site-packages/airflow/example_dags/example_nested_branch_dag.py took 0.172 seconds
[2026-03-22T04:09:53.267+0000] {processor.py:161} INFO - Started process (PID=137) to work on /home/airflow/.local/lib/python3.12/site-packages/airflow/example_dags/example_nested_branch_dag.py
[2026-03-22T04:09:53.270+0000] {processor.py:830} INFO - Processing file /home/airflow/.local/lib/python3.12/site-packages/airflow/example_dags/example_nested_branch_dag.py for tasks to queue
[2026-03-22T04:09:53.278+0000] {logging_mixin.py:188} INFO - [2026-03-22T04:09:53.273+0000] {dagbag.py:545} INFO - Filling up the DagBag from /home/airflow/.local/lib/python3.12/site-packages/airflow/example_dags/example_nested_branch_dag.py
[2026-03-22T04:09:53.308+0000] {processor.py:840} INFO - DAG(s) 'example_nested_branch_dag' retrieved from /home/airflow/.local/lib/python3.12/site-packages/airflow/example_dags/example_nested_branch_dag.py
[2026-03-22T04:09:53.351+0000] {logging_mixin.py:188} INFO - [2026-03-22T04:09:53.351+0000] {dag.py:3096} INFO - Sync 1 DAGs
[2026-03-22T04:09:53.424+0000] {logging_mixin.py:188} INFO - [2026-03-22T04:09:53.423+0000] {dag.py:3954} INFO - Setting next_dagrun for example_nested_branch_dag to 2026-03-21 00:00:00+00:00, run_after=2026-03-22 00:00:00+00:00
[2026-03-22T04:09:53.510+0000] {processor.py:183} INFO - Processing /home/airflow/.local/lib/python3.12/site-packages/airflow/example_dags/example_nested_branch_dag.py took 0.253 seconds
[2026-03-22T04:10:24.384+0000] {processor.py:161} INFO - Started process (PID=195) to work on /home/airflow/.local/lib/python3.12/site-packages/airflow/example_dags/example_nested_branch_dag.py
[2026-03-22T04:10:24.385+0000] {processor.py:830} INFO - Processing file /home/airflow/.local/lib/python3.12/site-packages/airflow/example_dags/example_nested_branch_dag.py for tasks to queue
[2026-03-22T04:10:24.389+0000] {logging_mixin.py:188} INFO - [2026-03-22T04:10:24.388+0000] {dagbag.py:545} INFO - Filling up the DagBag from /home/airflow/.local/lib/python3.12/site-packages/airflow/example_dags/example_nested_branch_dag.py
[2026-03-22T04:10:24.406+0000] {processor.py:840} INFO - DAG(s) 'example_nested_branch_dag' retrieved from /home/airflow/.local/lib/python3.12/site-packages/airflow/example_dags/example_nested_branch_dag.py
[2026-03-22T04:10:24.441+0000] {logging_mixin.py:188} INFO - [2026-03-22T04:10:24.440+0000] {dag.py:3096} INFO - Sync 1 DAGs
[2026-03-22T04:10:24.462+0000] {logging_mixin.py:188} INFO - [2026-03-22T04:10:24.462+0000] {dag.py:3954} INFO - Setting next_dagrun for example_nested_branch_dag to 2026-03-21 00:00:00+00:00, run_after=2026-03-22 00:00:00+00:00
[2026-03-22T04:10:24.477+0000] {processor.py:183} INFO - Processing /home/airflow/.local/lib/python3.12/site-packages/airflow/example_dags/example_nested_branch_dag.py took 0.099 seconds
[2026-03-22T04:10:54.934+0000] {processor.py:161} INFO - Started process (PID=253) to work on /home/airflow/.local/lib/python3.12/site-packages/airflow/example_dags/example_nested_branch_dag.py
[2026-03-22T04:10:54.935+0000] {processor.py:830} INFO - Processing file /home/airflow/.local/lib/python3.12/site-packages/airflow/example_dags/example_nested_branch_dag.py for tasks to queue
[2026-03-22T04:10:54.938+0000] {logging_mixin.py:188} INFO - [2026-03-22T04:10:54.937+0000] {dagbag.py:545} INFO - Filling up the DagBag from /home/airflow/.local/lib/python3.12/site-packages/airflow/example_dags/example_nested_branch_dag.py
[2026-03-22T04:10:54.966+0000] {processor.py:840} INFO - DAG(s) 'example_nested_branch_dag' retrieved from /home/airflow/.local/lib/python3.12/site-packages/airflow/example_dags/example_nested_branch_dag.py
[2026-03-22T04:10:54.988+0000] {logging_mixin.py:188} INFO - [2026-03-22T04:10:54.988+0000] {dag.py:3096} INFO - Sync 1 DAGs
[2026-03-22T04:10:55.011+0000] {logging_mixin.py:188} INFO - [2026-03-22T04:10:55.011+0000] {dag.py:3954} INFO - Setting next_dagrun for example_nested_branch_dag to 2026-03-21 00:00:00+00:00, run_after=2026-03-22 00:00:00+00:00
[2026-03-22T04:10:55.027+0000] {processor.py:183} INFO - Processing /home/airflow/.local/lib/python3.12/site-packages/airflow/example_dags/example_nested_branch_dag.py took 0.109 seconds
[2026-03-22T04:11:25.344+0000] {processor.py:161} INFO - Started process (PID=311) to work on /home/airflow/.local/lib/python3.12/site-packages/airflow/example_dags/example_nested_branch_dag.py
[2026-03-22T04:11:25.348+0000] {processor.py:830} INFO - Processing file /home/airflow/.local/lib/python3.12/site-packages/airflow/example_dags/example_nested_branch_dag.py for tasks to queue
[2026-03-22T04:11:25.355+0000] {logging_mixin.py:188} INFO - [2026-03-22T04:11:25.354+0000] {dagbag.py:545} INFO - Filling up the DagBag from /home/airflow/.local/lib/python3.12/site-packages/airflow/example_dags/example_nested_branch_dag.py
[2026-03-22T04:11:25.396+0000] {processor.py:840} INFO - DAG(s) 'example_nested_branch_dag' retrieved from /home/airflow/.local/lib/python3.12/site-packages/airflow/example_dags/example_nested_branch_dag.py
[2026-03-22T04:11:25.460+0000] {logging_mixin.py:188} INFO - [2026-03-22T04:11:25.460+0000] {dag.py:3096} INFO - Sync 1 DAGs
[2026-03-22T04:11:25.503+0000] {logging_mixin.py:188} INFO - [2026-03-22T04:11:25.503+0000] {dag.py:3954} INFO - Setting next_dagrun for example_nested_branch_dag to 2026-03-21 00:00:00+00:00, run_after=2026-03-22 00:00:00+00:00
[2026-03-22T04:11:25.524+0000] {processor.py:183} INFO - Processing /home/airflow/.local/lib/python3.12/site-packages/airflow/example_dags/example_nested_branch_dag.py took 0.203 seconds
[2026-03-22T04:11:56.026+0000] {processor.py:161} INFO - Started process (PID=369) to work on /home/airflow/.local/lib/python3.12/site-packages/airflow/example_dags/example_nested_branch_dag.py
[2026-03-22T04:11:56.029+0000] {processor.py:830} INFO - Processing file /home/airflow/.local/lib/python3.12/site-packages/airflow/example_dags/example_nested_branch_dag.py for tasks to queue
[2026-03-22T04:11:56.036+0000] {logging_mixin.py:188} INFO - [2026-03-22T04:11:56.035+0000] {dagbag.py:545} INFO - Filling up the DagBag from /home/airflow/.local/lib/python3.12/site-packages/airflow/example_dags/example_nested_branch_dag.py
[2026-03-22T04:11:56.054+0000] {processor.py:840} INFO - DAG(s) 'example_nested_branch_dag' retrieved from /home/airflow/.local/lib/python3.12/site-packages/airflow/example_dags/example_nested_branch_dag.py
[2026-03-22T04:11:56.086+0000] {logging_mixin.py:188} INFO - [2026-03-22T04:11:56.085+0000] {dag.py:3096} INFO - Sync 1 DAGs
[2026-03-22T04:11:56.106+0000] {logging_mixin.py:188} INFO - [2026-03-22T04:11:56.106+0000] {dag.py:3954} INFO - Setting next_dagrun for example_nested_branch_dag to 2026-03-21 00:00:00+00:00, run_after=2026-03-22 00:00:00+00:00
[2026-03-22T04:11:56.126+0000] {processor.py:183} INFO - Processing /home/airflow/.local/lib/python3.12/site-packages/airflow/example_dags/example_nested_branch_dag.py took 0.115 seconds
[2026-03-22T04:12:26.472+0000] {processor.py:161} INFO - Started process (PID=427) to work on /home/airflow/.local/lib/python3.12/site-packages/airflow/example_dags/example_nested_branch_dag.py
[2026-03-22T04:12:26.474+0000] {processor.py:830} INFO - Processing file /home/airflow/.local/lib/python3.12/site-packages/airflow/example_dags/example_nested_branch_dag.py for tasks to queue
[2026-03-22T04:12:26.477+0000] {logging_mixin.py:188} INFO - [2026-03-22T04:12:26.477+0000] {dagbag.py:545} INFO - Filling up the DagBag from /home/airflow/.local/lib/python3.12/site-packages/airflow/example_dags/example_nested_branch_dag.py
[2026-03-22T04:12:26.492+0000] {processor.py:840} INFO - DAG(s) 'example_nested_branch_dag' retrieved from /home/airflow/.local/lib/python3.12/site-packages/airflow/example_dags/example_nested_branch_dag.py
[2026-03-22T04:12:26.541+0000] {logging_mixin.py:188} INFO - [2026-03-22T04:12:26.540+0000] {dag.py:3096} INFO - Sync 1 DAGs
[2026-03-22T04:12:26.561+0000] {logging_mixin.py:188} INFO - [2026-03-22T04:12:26.560+0000] {dag.py:3954} INFO - Setting next_dagrun for example_nested_branch_dag to 2026-03-21 00:00:00+00:00, run_after=2026-03-22 00:00:00+00:00
[2026-03-22T04:12:26.576+0000] {processor.py:183} INFO - Processing /home/airflow/.local/lib/python3.12/site-packages/airflow/example_dags/example_nested_branch_dag.py took 0.114 seconds
[2026-03-22T04:12:57.049+0000] {processor.py:161} INFO - Started process (PID=485) to work on /home/airflow/.local/lib/python3.12/site-packages/airflow/example_dags/example_nested_branch_dag.py
[2026-03-22T04:12:57.052+0000] {processor.py:830} INFO - Processing file /home/airflow/.local/lib/python3.12/site-packages/airflow/example_dags/example_nested_branch_dag.py for tasks to queue
[2026-03-22T04:12:57.057+0000] {logging_mixin.py:188} INFO - [2026-03-22T04:12:57.056+0000] {dagbag.py:545} INFO - Filling up the DagBag from /home/airflow/.local/lib/python3.12/site-packages/airflow/example_dags/example_nested_branch_dag.py
[2026-03-22T04:12:57.072+0000] {processor.py:840} INFO - DAG(s) 'example_nested_branch_dag' retrieved from /home/airflow/.local/lib/python3.12/site-packages/airflow/example_dags/example_nested_branch_dag.py
[2026-03-22T04:12:57.098+0000] {logging_mixin.py:188} INFO - [2026-03-22T04:12:57.098+0000] {dag.py:3096} INFO - Sync 1 DAGs
[2026-03-22T04:12:57.123+0000] {logging_mixin.py:188} INFO - [2026-03-22T04:12:57.123+0000] {dag.py:3954} INFO - Setting next_dagrun for example_nested_branch_dag to 2026-03-21 00:00:00+00:00, run_after=2026-03-22 00:00:00+00:00
[2026-03-22T04:12:57.144+0000] {processor.py:183} INFO - Processing /home/airflow/.local/lib/python3.12/site-packages/airflow/example_dags/example_nested_branch_dag.py took 0.109 seconds
[2026-03-22T04:13:27.205+0000] {processor.py:161} INFO - Started process (PID=543) to work on /home/airflow/.local/lib/python3.12/site-packages/airflow/example_dags/example_nested_branch_dag.py
[2026-03-22T04:13:27.206+0000] {processor.py:830} INFO - Processing file /home/airflow/.local/lib/python3.12/site-packages/airflow/example_dags/example_nested_branch_dag.py for tasks to queue
[2026-03-22T04:13:27.211+0000] {logging_mixin.py:188} INFO - [2026-03-22T04:13:27.210+0000] {dagbag.py:545} INFO - Filling up the DagBag from /home/airflow/.local/lib/python3.12/site-packages/airflow/example_dags/example_nested_branch_dag.py
[2026-03-22T04:13:27.229+0000] {processor.py:840} INFO - DAG(s) 'example_nested_branch_dag' retrieved from /home/airflow/.local/lib/python3.12/site-packages/airflow/example_dags/example_nested_branch_dag.py
[2026-03-22T04:13:27.243+0000] {logging_mixin.py:188} INFO - [2026-03-22T04:13:27.243+0000] {dag.py:3096} INFO - Sync 1 DAGs
[2026-03-22T04:13:27.256+0000] {logging_mixin.py:188} INFO - [2026-03-22T04:13:27.256+0000] {dag.py:3954} INFO - Setting next_dagrun for example_nested_branch_dag to 2026-03-21 00:00:00+00:00, run_after=2026-03-22 00:00:00+00:00
[2026-03-22T04:13:27.265+0000] {processor.py:183} INFO - Processing /home/airflow/.local/lib/python3.12/site-packages/airflow/example_dags/example_nested_branch_dag.py took 0.071 seconds
[2026-03-22T04:13:57.495+0000] {processor.py:161} INFO - Started process (PID=601) to work on /home/airflow/.local/lib/python3.12/site-packages/airflow/example_dags/example_nested_branch_dag.py
[2026-03-22T04:13:57.496+0000] {processor.py:830} INFO - Processing file /home/airflow/.local/lib/python3.12/site-packages/airflow/example_dags/example_nested_branch_dag.py for tasks to queue
[2026-03-22T04:13:57.499+0000] {logging_mixin.py:188} INFO - [2026-03-22T04:13:57.498+0000] {dagbag.py:545} INFO - Filling up the DagBag from /home/airflow/.local/lib/python3.12/site-packages/airflow/example_dags/example_nested_branch_dag.py
[2026-03-22T04:13:57.518+0000] {processor.py:840} INFO - DAG(s) 'example_nested_branch_dag' retrieved from /home/airflow/.local/lib/python3.12/site-packages/airflow/example_dags/example_nested_branch_dag.py
[2026-03-22T04:13:57.541+0000] {logging_mixin.py:188} INFO - [2026-03-22T04:13:57.540+0000] {dag.py:3096} INFO - Sync 1 DAGs
[2026-03-22T04:13:57.564+0000] {logging_mixin.py:188} INFO - [2026-03-22T04:13:57.564+0000] {dag.py:3954} INFO - Setting next_dagrun for example_nested_branch_dag to 2026-03-21 00:00:00+00:00, run_after=2026-03-22 00:00:00+00:00
[2026-03-22T04:13:57.580+0000] {processor.py:183} INFO - Processing /home/airflow/.local/lib/python3.12/site-packages/airflow/example_dags/example_nested_branch_dag.py took 0.094 seconds
[2026-03-22T04:14:27.834+0000] {processor.py:161} INFO - Started process (PID=658) to work on /home/airflow/.local/lib/python3.12/site-packages/airflow/example_dags/example_nested_branch_dag.py
[2026-03-22T04:14:27.836+0000] {processor.py:830} INFO - Processing file /home/airflow/.local/lib/python3.12/site-packages/airflow/example_dags/example_nested_branch_dag.py for tasks to queue
[2026-03-22T04:14:27.838+0000] {logging_mixin.py:188} INFO - [2026-03-22T04:14:27.838+0000] {dagbag.py:545} INFO - Filling up the DagBag from /home/airflow/.local/lib/python3.12/site-packages/airflow/example_dags/example_nested_branch_dag.py
[2026-03-22T04:14:27.853+0000] {processor.py:840} INFO - DAG(s) 'example_nested_branch_dag' retrieved from /home/airflow/.local/lib/python3.12/site-packages/airflow/example_dags/example_nested_branch_dag.py
[2026-03-22T04:14:27.873+0000] {logging_mixin.py:188} INFO - [2026-03-22T04:14:27.873+0000] {dag.py:3096} INFO - Sync 1 DAGs
[2026-03-22T04:14:27.887+0000] {logging_mixin.py:188} INFO - [2026-03-22T04:14:27.887+0000] {dag.py:3954} INFO - Setting next_dagrun for example_nested_branch_dag to 2026-03-21 00:00:00+00:00, run_after=2026-03-22 00:00:00+00:00
[2026-03-22T04:14:27.896+0000] {processor.py:183} INFO - Processing /home/airflow/.local/lib/python3.12/site-packages/airflow/example_dags/example_nested_branch_dag.py took 0.072 seconds
[2026-03-22T04:14:58.864+0000] {processor.py:161} INFO - Started process (PID=717) to work on /home/airflow/.local/lib/python3.12/site-packages/airflow/example_dags/example_nested_branch_dag.py
[2026-03-22T04:14:58.866+0000] {processor.py:830} INFO - Processing file /home/airflow/.local/lib/python3.12/site-packages/airflow/example_dags/example_nested_branch_dag.py for tasks to queue
[2026-03-22T04:14:58.868+0000] {logging_mixin.py:188} INFO - [2026-03-22T04:14:58.868+0000] {dagbag.py:545} INFO - Filling up the DagBag from /home/airflow/.local/lib/python3.12/site-packages/airflow/example_dags/example_nested_branch_dag.py
[2026-03-22T04:14:58.881+0000] {processor.py:840} INFO - DAG(s) 'example_nested_branch_dag' retrieved from /home/airflow/.local/lib/python3.12/site-packages/airflow/example_dags/example_nested_branch_dag.py
[2026-03-22T04:14:58.903+0000] {logging_mixin.py:188} INFO - [2026-03-22T04:14:58.902+0000] {dag.py:3096} INFO - Sync 1 DAGs
[2026-03-22T04:14:58.919+0000] {logging_mixin.py:188} INFO - [2026-03-22T04:14:58.919+0000] {dag.py:3954} INFO - Setting next_dagrun for example_nested_branch_dag to 2026-03-21 00:00:00+00:00, run_after=2026-03-22 00:00:00+00:00
[2026-03-22T04:14:58.945+0000] {processor.py:183} INFO - Processing /home/airflow/.local/lib/python3.12/site-packages/airflow/example_dags/example_nested_branch_dag.py took 0.090 seconds
[2026-03-22T04:15:29.634+0000] {processor.py:161} INFO - Started process (PID=775) to work on /home/airflow/.local/lib/python3.12/site-packages/airflow/example_dags/example_nested_branch_dag.py
[2026-03-22T04:15:29.635+0000] {processor.py:830} INFO - Processing file /home/airflow/.local/lib/python3.12/site-packages/airflow/example_dags/example_nested_branch_dag.py for tasks to queue
[2026-03-22T04:15:29.638+0000] {logging_mixin.py:188} INFO - [2026-03-22T04:15:29.638+0000] {dagbag.py:545} INFO - Filling up the DagBag from /home/airflow/.local/lib/python3.12/site-packages/airflow/example_dags/example_nested_branch_dag.py
[2026-03-22T04:15:29.650+0000] {processor.py:840} INFO - DAG(s) 'example_nested_branch_dag' retrieved from /home/airflow/.local/lib/python3.12/site-packages/airflow/example_dags/example_nested_branch_dag.py
[2026-03-22T04:15:29.664+0000] {logging_mixin.py:188} INFO - [2026-03-22T04:15:29.664+0000] {dag.py:3096} INFO - Sync 1 DAGs
[2026-03-22T04:15:29.680+0000] {logging_mixin.py:188} INFO - [2026-03-22T04:15:29.680+0000] {dag.py:3954} INFO - Setting next_dagrun for example_nested_branch_dag to 2026-03-21 00:00:00+00:00, run_after=2026-03-22 00:00:00+00:00
[2026-03-22T04:15:29.690+0000] {processor.py:183} INFO - Processing /home/airflow/.local/lib/python3.12/site-packages/airflow/example_dags/example_nested_branch_dag.py took 0.060 seconds
[2026-03-22T04:16:00.197+0000] {processor.py:161} INFO - Started process (PID=833) to work on /home/airflow/.local/lib/python3.12/site-packages/airflow/example_dags/example_nested_branch_dag.py
[2026-03-22T04:16:00.199+0000] {processor.py:830} INFO - Processing file /home/airflow/.local/lib/python3.12/site-packages/airflow/example_dags/example_nested_branch_dag.py for tasks to queue
[2026-03-22T04:16:00.201+0000] {logging_mixin.py:188} INFO - [2026-03-22T04:16:00.200+0000] {dagbag.py:545} INFO - Filling up the DagBag from /home/airflow/.local/lib/python3.12/site-packages/airflow/example_dags/example_nested_branch_dag.py
[2026-03-22T04:16:00.215+0000] {processor.py:840} INFO - DAG(s) 'example_nested_branch_dag' retrieved from /home/airflow/.local/lib/python3.12/site-packages/airflow/example_dags/example_nested_branch_dag.py
[2026-03-22T04:16:00.243+0000] {logging_mixin.py:188} INFO - [2026-03-22T04:16:00.243+0000] {dag.py:3096} INFO - Sync 1 DAGs
[2026-03-22T04:16:00.259+0000] {logging_mixin.py:188} INFO - [2026-03-22T04:16:00.258+0000] {dag.py:3954} INFO - Setting next_dagrun for example_nested_branch_dag to 2026-03-21 00:00:00+00:00, run_after=2026-03-22 00:00:00+00:00
[2026-03-22T04:16:00.273+0000] {processor.py:183} INFO - Processing /home/airflow/.local/lib/python3.12/site-packages/airflow/example_dags/example_nested_branch_dag.py took 0.084 seconds
[2026-03-22T04:16:52.736+0000] {processor.py:161} INFO - Started process (PID=891) to work on /home/airflow/.local/lib/python3.12/site-packages/airflow/example_dags/example_nested_branch_dag.py
[2026-03-22T04:16:52.742+0000] {processor.py:830} INFO - Processing file /home/airflow/.local/lib/python3.12/site-packages/airflow/example_dags/example_nested_branch_dag.py for tasks to queue
[2026-03-22T04:16:52.767+0000] {logging_mixin.py:188} INFO - [2026-03-22T04:16:52.766+0000] {dagbag.py:545} INFO - Filling up the DagBag from /home/airflow/.local/lib/python3.12/site-packages/airflow/example_dags/example_nested_branch_dag.py
[2026-03-22T04:16:52.954+0000] {processor.py:840} INFO - DAG(s) 'example_nested_branch_dag' retrieved from /home/airflow/.local/lib/python3.12/site-packages/airflow/example_dags/example_nested_branch_dag.py
[2026-03-22T04:16:53.239+0000] {logging_mixin.py:188} INFO - [2026-03-22T04:16:53.232+0000] {dag.py:3096} INFO - Sync 1 DAGs
[2026-03-22T04:16:53.480+0000] {logging_mixin.py:188} INFO - [2026-03-22T04:16:53.479+0000] {dag.py:3954} INFO - Setting next_dagrun for example_nested_branch_dag to 2026-03-21 00:00:00+00:00, run_after=2026-03-22 00:00:00+00:00
[2026-03-22T04:16:53.669+0000] {processor.py:183} INFO - Processing /home/airflow/.local/lib/python3.12/site-packages/airflow/example_dags/example_nested_branch_dag.py took 1.020 seconds
[2026-03-22T04:17:39.266+0000] {processor.py:161} INFO - Started process (PID=948) to work on /home/airflow/.local/lib/python3.12/site-packages/airflow/example_dags/example_nested_branch_dag.py
[2026-03-22T04:17:39.267+0000] {processor.py:830} INFO - Processing file /home/airflow/.local/lib/python3.12/site-packages/airflow/example_dags/example_nested_branch_dag.py for tasks to queue
[2026-03-22T04:17:39.269+0000] {logging_mixin.py:188} INFO - [2026-03-22T04:17:39.268+0000] {dagbag.py:545} INFO - Filling up the DagBag from /home/airflow/.local/lib/python3.12/site-packages/airflow/example_dags/example_nested_branch_dag.py
[2026-03-22T04:17:39.278+0000] {processor.py:840} INFO - DAG(s) 'example_nested_branch_dag' retrieved from /home/airflow/.local/lib/python3.12/site-packages/airflow/example_dags/example_nested_branch_dag.py
[2026-03-22T04:17:39.310+0000] {logging_mixin.py:188} INFO - [2026-03-22T04:17:39.310+0000] {dag.py:3096} INFO - Sync 1 DAGs
[2026-03-22T04:17:39.353+0000] {logging_mixin.py:188} INFO - [2026-03-22T04:17:39.353+0000] {dag.py:3954} INFO - Setting next_dagrun for example_nested_branch_dag to 2026-03-21 00:00:00+00:00, run_after=2026-03-22 00:00:00+00:00
[2026-03-22T04:17:39.389+0000] {processor.py:183} INFO - Processing /home/airflow/.local/lib/python3.12/site-packages/airflow/example_dags/example_nested_branch_dag.py took 0.126 seconds
[2026-03-22T04:18:10.367+0000] {processor.py:161} INFO - Started process (PID=1005) to work on /home/airflow/.local/lib/python3.12/site-packages/airflow/example_dags/example_nested_branch_dag.py
[2026-03-22T04:18:10.370+0000] {processor.py:830} INFO - Processing file /home/airflow/.local/lib/python3.12/site-packages/airflow/example_dags/example_nested_branch_dag.py for tasks to queue
[2026-03-22T04:18:10.372+0000] {logging_mixin.py:188} INFO - [2026-03-22T04:18:10.372+0000] {dagbag.py:545} INFO - Filling up the DagBag from /home/airflow/.local/lib/python3.12/site-packages/airflow/example_dags/example_nested_branch_dag.py
[2026-03-22T04:18:10.380+0000] {processor.py:840} INFO - DAG(s) 'example_nested_branch_dag' retrieved from /home/airflow/.local/lib/python3.12/site-packages/airflow/example_dags/example_nested_branch_dag.py
[2026-03-22T04:18:10.414+0000] {logging_mixin.py:188} INFO - [2026-03-22T04:18:10.413+0000] {dag.py:3096} INFO - Sync 1 DAGs
[2026-03-22T04:18:10.437+0000] {logging_mixin.py:188} INFO - [2026-03-22T04:18:10.437+0000] {dag.py:3954} INFO - Setting next_dagrun for example_nested_branch_dag to 2026-03-21 00:00:00+00:00, run_after=2026-03-22 00:00:00+00:00
[2026-03-22T04:18:10.450+0000] {processor.py:183} INFO - Processing /home/airflow/.local/lib/python3.12/site-packages/airflow/example_dags/example_nested_branch_dag.py took 0.088 seconds
[2026-03-22T04:18:41.166+0000] {processor.py:161} INFO - Started process (PID=1062) to work on /home/airflow/.local/lib/python3.12/site-packages/airflow/example_dags/example_nested_branch_dag.py
[2026-03-22T04:18:41.170+0000] {processor.py:830} INFO - Processing file /home/airflow/.local/lib/python3.12/site-packages/airflow/example_dags/example_nested_branch_dag.py for tasks to queue
[2026-03-22T04:18:41.177+0000] {logging_mixin.py:188} INFO - [2026-03-22T04:18:41.176+0000] {dagbag.py:545} INFO - Filling up the DagBag from /home/airflow/.local/lib/python3.12/site-packages/airflow/example_dags/example_nested_branch_dag.py
[2026-03-22T04:18:41.192+0000] {processor.py:840} INFO - DAG(s) 'example_nested_branch_dag' retrieved from /home/airflow/.local/lib/python3.12/site-packages/airflow/example_dags/example_nested_branch_dag.py
[2026-03-22T04:18:41.230+0000] {logging_mixin.py:188} INFO - [2026-03-22T04:18:41.230+0000] {dag.py:3096} INFO - Sync 1 DAGs
[2026-03-22T04:18:41.253+0000] {logging_mixin.py:188} INFO - [2026-03-22T04:18:41.253+0000] {dag.py:3954} INFO - Setting next_dagrun for example_nested_branch_dag to 2026-03-21 00:00:00+00:00, run_after=2026-03-22 00:00:00+00:00
[2026-03-22T04:18:41.280+0000] {processor.py:183} INFO - Processing /home/airflow/.local/lib/python3.12/site-packages/airflow/example_dags/example_nested_branch_dag.py took 0.125 seconds
[2026-03-22T04:19:11.584+0000] {processor.py:161} INFO - Started process (PID=1120) to work on /home/airflow/.local/lib/python3.12/site-packages/airflow/example_dags/example_nested_branch_dag.py
[2026-03-22T04:19:11.585+0000] {processor.py:830} INFO - Processing file /home/airflow/.local/lib/python3.12/site-packages/airflow/example_dags/example_nested_branch_dag.py for tasks to queue
[2026-03-22T04:19:11.587+0000] {logging_mixin.py:188} INFO - [2026-03-22T04:19:11.587+0000] {dagbag.py:545} INFO - Filling up the DagBag from /home/airflow/.local/lib/python3.12/site-packages/airflow/example_dags/example_nested_branch_dag.py
[2026-03-22T04:19:11.602+0000] {processor.py:840} INFO - DAG(s) 'example_nested_branch_dag' retrieved from /home/airflow/.local/lib/python3.12/site-packages/airflow/example_dags/example_nested_branch_dag.py
[2026-03-22T04:19:11.627+0000] {logging_mixin.py:188} INFO - [2026-03-22T04:19:11.627+0000] {dag.py:3096} INFO - Sync 1 DAGs
[2026-03-22T04:19:11.639+0000] {logging_mixin.py:188} INFO - [2026-03-22T04:19:11.639+0000] {dag.py:3954} INFO - Setting next_dagrun for example_nested_branch_dag to 2026-03-21 00:00:00+00:00, run_after=2026-03-22 00:00:00+00:00
[2026-03-22T04:19:11.647+0000] {processor.py:183} INFO - Processing /home/airflow/.local/lib/python3.12/site-packages/airflow/example_dags/example_nested_branch_dag.py took 0.069 seconds
[2026-03-22T04:19:41.719+0000] {processor.py:161} INFO - Started process (PID=1178) to work on /home/airflow/.local/lib/python3.12/site-packages/airflow/example_dags/example_nested_branch_dag.py
[2026-03-22T04:19:41.720+0000] {processor.py:830} INFO - Processing file /home/airflow/.local/lib/python3.12/site-packages/airflow/example_dags/example_nested_branch_dag.py for tasks to queue
[2026-03-22T04:19:41.723+0000] {logging_mixin.py:188} INFO - [2026-03-22T04:19:41.722+0000] {dagbag.py:545} INFO - Filling up the DagBag from /home/airflow/.local/lib/python3.12/site-packages/airflow/example_dags/example_nested_branch_dag.py
[2026-03-22T04:19:41.738+0000] {processor.py:840} INFO - DAG(s) 'example_nested_branch_dag' retrieved from /home/airflow/.local/lib/python3.12/site-packages/airflow/example_dags/example_nested_branch_dag.py
[2026-03-22T04:19:41.763+0000] {logging_mixin.py:188} INFO - [2026-03-22T04:19:41.763+0000] {dag.py:3096} INFO - Sync 1 DAGs
[2026-03-22T04:19:41.783+0000] {logging_mixin.py:188} INFO - [2026-03-22T04:19:41.783+0000] {dag.py:3954} INFO - Setting next_dagrun for example_nested_branch_dag to 2026-03-21 00:00:00+00:00, run_after=2026-03-22 00:00:00+00:00
[2026-03-22T04:19:41.794+0000] {processor.py:183} INFO - Processing /home/airflow/.local/lib/python3.12/site-packages/airflow/example_dags/example_nested_branch_dag.py took 0.085 seconds
[2026-03-22T04:20:12.500+0000] {processor.py:161} INFO - Started process (PID=1236) to work on /home/airflow/.local/lib/python3.12/site-packages/airflow/example_dags/example_nested_branch_dag.py
[2026-03-22T04:20:12.502+0000] {processor.py:830} INFO - Processing file /home/airflow/.local/lib/python3.12/site-packages/airflow/example_dags/example_nested_branch_dag.py for tasks to queue
[2026-03-22T04:20:12.505+0000] {logging_mixin.py:188} INFO - [2026-03-22T04:20:12.505+0000] {dagbag.py:545} INFO - Filling up the DagBag from /home/airflow/.local/lib/python3.12/site-packages/airflow/example_dags/example_nested_branch_dag.py
[2026-03-22T04:20:12.515+0000] {processor.py:840} INFO - DAG(s) 'example_nested_branch_dag' retrieved from /home/airflow/.local/lib/python3.12/site-packages/airflow/example_dags/example_nested_branch_dag.py
[2026-03-22T04:20:12.550+0000] {logging_mixin.py:188} INFO - [2026-03-22T04:20:12.550+0000] {dag.py:3096} INFO - Sync 1 DAGs
[2026-03-22T04:20:12.567+0000] {logging_mixin.py:188} INFO - [2026-03-22T04:20:12.567+0000] {dag.py:3954} INFO - Setting next_dagrun for example_nested_branch_dag to 2026-03-21 00:00:00+00:00, run_after=2026-03-22 00:00:00+00:00
[2026-03-22T04:20:12.579+0000] {processor.py:183} INFO - Processing /home/airflow/.local/lib/python3.12/site-packages/airflow/example_dags/example_nested_branch_dag.py took 0.091 seconds
[2026-03-22T04:20:43.209+0000] {processor.py:161} INFO - Started process (PID=1294) to work on /home/airflow/.local/lib/python3.12/site-packages/airflow/example_dags/example_nested_branch_dag.py
[2026-03-22T04:20:43.213+0000] {processor.py:830} INFO - Processing file /home/airflow/.local/lib/python3.12/site-packages/airflow/example_dags/example_nested_branch_dag.py for tasks to queue
[2026-03-22T04:20:43.218+0000] {logging_mixin.py:188} INFO - [2026-03-22T04:20:43.218+0000] {dagbag.py:545} INFO - Filling up the DagBag from /home/airflow/.local/lib/python3.12/site-packages/airflow/example_dags/example_nested_branch_dag.py
[2026-03-22T04:20:43.231+0000] {processor.py:840} INFO - DAG(s) 'example_nested_branch_dag' retrieved from /home/airflow/.local/lib/python3.12/site-packages/airflow/example_dags/example_nested_branch_dag.py
[2026-03-22T04:20:43.261+0000] {logging_mixin.py:188} INFO - [2026-03-22T04:20:43.261+0000] {dag.py:3096} INFO - Sync 1 DAGs
[2026-03-22T04:20:43.286+0000] {logging_mixin.py:188} INFO - [2026-03-22T04:20:43.286+0000] {dag.py:3954} INFO - Setting next_dagrun for example_nested_branch_dag to 2026-03-21 00:00:00+00:00, run_after=2026-03-22 00:00:00+00:00
[2026-03-22T04:20:43.304+0000] {processor.py:183} INFO - Processing /home/airflow/.local/lib/python3.12/site-packages/airflow/example_dags/example_nested_branch_dag.py took 0.102 seconds
[2026-03-22T04:21:14.032+0000] {processor.py:161} INFO - Started process (PID=1351) to work on /home/airflow/.local/lib/python3.12/site-packages/airflow/example_dags/example_nested_branch_dag.py
[2026-03-22T04:21:14.033+0000] {processor.py:830} INFO - Processing file /home/airflow/.local/lib/python3.12/site-packages/airflow/example_dags/example_nested_branch_dag.py for tasks to queue
[2026-03-22T04:21:14.035+0000] {logging_mixin.py:188} INFO - [2026-03-22T04:21:14.035+0000] {dagbag.py:545} INFO - Filling up the DagBag from /home/airflow/.local/lib/python3.12/site-packages/airflow/example_dags/example_nested_branch_dag.py
[2026-03-22T04:21:14.047+0000] {processor.py:840} INFO - DAG(s) 'example_nested_branch_dag' retrieved from /home/airflow/.local/lib/python3.12/site-packages/airflow/example_dags/example_nested_branch_dag.py
[2026-03-22T04:21:14.066+0000] {logging_mixin.py:188} INFO - [2026-03-22T04:21:14.066+0000] {dag.py:3096} INFO - Sync 1 DAGs
[2026-03-22T04:21:14.081+0000] {logging_mixin.py:188} INFO - [2026-03-22T04:21:14.081+0000] {dag.py:3954} INFO - Setting next_dagrun for example_nested_branch_dag to 2026-03-21 00:00:00+00:00, run_after=2026-03-22 00:00:00+00:00
[2026-03-22T04:21:14.091+0000] {processor.py:183} INFO - Processing /home/airflow/.local/lib/python3.12/site-packages/airflow/example_dags/example_nested_branch_dag.py took 0.065 seconds
[2026-03-22T04:21:44.274+0000] {processor.py:161} INFO - Started process (PID=1409) to work on /home/airflow/.local/lib/python3.12/site-packages/airflow/example_dags/example_nested_branch_dag.py
[2026-03-22T04:21:44.276+0000] {processor.py:830} INFO - Processing file /home/airflow/.local/lib/python3.12/site-packages/airflow/example_dags/example_nested_branch_dag.py for tasks to queue
[2026-03-22T04:21:44.281+0000] {logging_mixin.py:188} INFO - [2026-03-22T04:21:44.281+0000] {dagbag.py:545} INFO - Filling up the DagBag from /home/airflow/.local/lib/python3.12/site-packages/airflow/example_dags/example_nested_branch_dag.py
[2026-03-22T04:21:44.291+0000] {processor.py:840} INFO - DAG(s) 'example_nested_branch_dag' retrieved from /home/airflow/.local/lib/python3.12/site-packages/airflow/example_dags/example_nested_branch_dag.py
[2026-03-22T04:21:44.308+0000] {logging_mixin.py:188} INFO - [2026-03-22T04:21:44.308+0000] {dag.py:3096} INFO - Sync 1 DAGs
[2026-03-22T04:21:44.333+0000] {logging_mixin.py:188} INFO - [2026-03-22T04:21:44.332+0000] {dag.py:3954} INFO - Setting next_dagrun for example_nested_branch_dag to 2026-03-21 00:00:00+00:00, run_after=2026-03-22 00:00:00+00:00
[2026-03-22T04:21:44.353+0000] {processor.py:183} INFO - Processing /home/airflow/.local/lib/python3.12/site-packages/airflow/example_dags/example_nested_branch_dag.py took 0.090 seconds
[2026-03-22T04:23:05.893+0000] {processor.py:161} INFO - Started process (PID=1476) to work on /home/airflow/.local/lib/python3.12/site-packages/airflow/example_dags/example_nested_branch_dag.py
[2026-03-22T04:23:05.895+0000] {processor.py:830} INFO - Processing file /home/airflow/.local/lib/python3.12/site-packages/airflow/example_dags/example_nested_branch_dag.py for tasks to queue
[2026-03-22T04:23:05.896+0000] {logging_mixin.py:188} INFO - [2026-03-22T04:23:05.896+0000] {dagbag.py:545} INFO - Filling up the DagBag from /home/airflow/.local/lib/python3.12/site-packages/airflow/example_dags/example_nested_branch_dag.py
[2026-03-22T04:23:05.903+0000] {processor.py:840} INFO - DAG(s) 'example_nested_branch_dag' retrieved from /home/airflow/.local/lib/python3.12/site-packages/airflow/example_dags/example_nested_branch_dag.py
[2026-03-22T04:23:05.917+0000] {logging_mixin.py:188} INFO - [2026-03-22T04:23:05.917+0000] {dag.py:3096} INFO - Sync 1 DAGs
[2026-03-22T04:23:05.930+0000] {logging_mixin.py:188} INFO - [2026-03-22T04:23:05.930+0000] {dag.py:3954} INFO - Setting next_dagrun for example_nested_branch_dag to 2026-03-21 00:00:00+00:00, run_after=2026-03-22 00:00:00+00:00
[2026-03-22T04:23:05.938+0000] {processor.py:183} INFO - Processing /home/airflow/.local/lib/python3.12/site-packages/airflow/example_dags/example_nested_branch_dag.py took 0.050 seconds
[2026-03-22T04:23:36.838+0000] {processor.py:161} INFO - Started process (PID=1526) to work on /home/airflow/.local/lib/python3.12/site-packages/airflow/example_dags/example_nested_branch_dag.py
[2026-03-22T04:23:36.839+0000] {processor.py:830} INFO - Processing file /home/airflow/.local/lib/python3.12/site-packages/airflow/example_dags/example_nested_branch_dag.py for tasks to queue
[2026-03-22T04:23:36.840+0000] {logging_mixin.py:188} INFO - [2026-03-22T04:23:36.840+0000] {dagbag.py:545} INFO - Filling up the DagBag from /home/airflow/.local/lib/python3.12/site-packages/airflow/example_dags/example_nested_branch_dag.py
[2026-03-22T04:23:36.848+0000] {processor.py:840} INFO - DAG(s) 'example_nested_branch_dag' retrieved from /home/airflow/.local/lib/python3.12/site-packages/airflow/example_dags/example_nested_branch_dag.py
[2026-03-22T04:23:36.863+0000] {logging_mixin.py:188} INFO - [2026-03-22T04:23:36.863+0000] {dag.py:3096} INFO - Sync 1 DAGs
[2026-03-22T04:23:36.874+0000] {logging_mixin.py:188} INFO - [2026-03-22T04:23:36.874+0000] {dag.py:3954} INFO - Setting next_dagrun for example_nested_branch_dag to 2026-03-21 00:00:00+00:00, run_after=2026-03-22 00:00:00+00:00
[2026-03-22T04:23:36.884+0000] {processor.py:183} INFO - Processing /home/airflow/.local/lib/python3.12/site-packages/airflow/example_dags/example_nested_branch_dag.py took 0.053 seconds
[2026-03-22T04:24:07.589+0000] {processor.py:161} INFO - Started process (PID=1584) to work on /home/airflow/.local/lib/python3.12/site-packages/airflow/example_dags/example_nested_branch_dag.py
[2026-03-22T04:24:07.591+0000] {processor.py:830} INFO - Processing file /home/airflow/.local/lib/python3.12/site-packages/airflow/example_dags/example_nested_branch_dag.py for tasks to queue
[2026-03-22T04:24:07.598+0000] {logging_mixin.py:188} INFO - [2026-03-22T04:24:07.597+0000] {dagbag.py:545} INFO - Filling up the DagBag from /home/airflow/.local/lib/python3.12/site-packages/airflow/example_dags/example_nested_branch_dag.py
[2026-03-22T04:24:07.620+0000] {processor.py:840} INFO - DAG(s) 'example_nested_branch_dag' retrieved from /home/airflow/.local/lib/python3.12/site-packages/airflow/example_dags/example_nested_branch_dag.py
[2026-03-22T04:24:07.642+0000] {logging_mixin.py:188} INFO - [2026-03-22T04:24:07.642+0000] {dag.py:3096} INFO - Sync 1 DAGs
[2026-03-22T04:24:07.657+0000] {logging_mixin.py:188} INFO - [2026-03-22T04:24:07.657+0000] {dag.py:3954} INFO - Setting next_dagrun for example_nested_branch_dag to 2026-03-21 00:00:00+00:00, run_after=2026-03-22 00:00:00+00:00
[2026-03-22T04:24:07.666+0000] {processor.py:183} INFO - Processing /home/airflow/.local/lib/python3.12/site-packages/airflow/example_dags/example_nested_branch_dag.py took 0.086 seconds
[2026-03-22T04:25:24.816+0000] {processor.py:161} INFO - Started process (PID=1651) to work on /home/airflow/.local/lib/python3.12/site-packages/airflow/example_dags/example_nested_branch_dag.py
[2026-03-22T04:25:24.817+0000] {processor.py:830} INFO - Processing file /home/airflow/.local/lib/python3.12/site-packages/airflow/example_dags/example_nested_branch_dag.py for tasks to queue
[2026-03-22T04:25:24.818+0000] {logging_mixin.py:188} INFO - [2026-03-22T04:25:24.818+0000] {dagbag.py:545} INFO - Filling up the DagBag from /home/airflow/.local/lib/python3.12/site-packages/airflow/example_dags/example_nested_branch_dag.py
[2026-03-22T04:25:24.835+0000] {processor.py:840} INFO - DAG(s) 'example_nested_branch_dag' retrieved from /home/airflow/.local/lib/python3.12/site-packages/airflow/example_dags/example_nested_branch_dag.py
[2026-03-22T04:25:24.867+0000] {logging_mixin.py:188} INFO - [2026-03-22T04:25:24.866+0000] {dag.py:3096} INFO - Sync 1 DAGs
[2026-03-22T04:25:24.910+0000] {logging_mixin.py:188} INFO - [2026-03-22T04:25:24.910+0000] {dag.py:3954} INFO - Setting next_dagrun for example_nested_branch_dag to 2026-03-21 00:00:00+00:00, run_after=2026-03-22 00:00:00+00:00
[2026-03-22T04:25:24.932+0000] {processor.py:183} INFO - Processing /home/airflow/.local/lib/python3.12/site-packages/airflow/example_dags/example_nested_branch_dag.py took 0.123 seconds
[2026-03-22T04:25:55.029+0000] {processor.py:161} INFO - Started process (PID=1710) to work on /home/airflow/.local/lib/python3.12/site-packages/airflow/example_dags/example_nested_branch_dag.py
[2026-03-22T04:25:55.030+0000] {processor.py:830} INFO - Processing file /home/airflow/.local/lib/python3.12/site-packages/airflow/example_dags/example_nested_branch_dag.py for tasks to queue
[2026-03-22T04:25:55.031+0000] {logging_mixin.py:188} INFO - [2026-03-22T04:25:55.031+0000] {dagbag.py:545} INFO - Filling up the DagBag from /home/airflow/.local/lib/python3.12/site-packages/airflow/example_dags/example_nested_branch_dag.py
[2026-03-22T04:25:55.044+0000] {processor.py:840} INFO - DAG(s) 'example_nested_branch_dag' retrieved from /home/airflow/.local/lib/python3.12/site-packages/airflow/example_dags/example_nested_branch_dag.py
[2026-03-22T04:25:55.070+0000] {logging_mixin.py:188} INFO - [2026-03-22T04:25:55.069+0000] {dag.py:3096} INFO - Sync 1 DAGs
[2026-03-22T04:25:55.087+0000] {logging_mixin.py:188} INFO - [2026-03-22T04:25:55.087+0000] {dag.py:3954} INFO - Setting next_dagrun for example_nested_branch_dag to 2026-03-21 00:00:00+00:00, run_after=2026-03-22 00:00:00+00:00
[2026-03-22T04:25:55.122+0000] {processor.py:183} INFO - Processing /home/airflow/.local/lib/python3.12/site-packages/airflow/example_dags/example_nested_branch_dag.py took 0.097 seconds
[2026-03-22T04:28:28.184+0000] {processor.py:161} INFO - Started process (PID=1768) to work on /home/airflow/.local/lib/python3.12/site-packages/airflow/example_dags/example_nested_branch_dag.py
[2026-03-22T04:28:28.237+0000] {processor.py:830} INFO - Processing file /home/airflow/.local/lib/python3.12/site-packages/airflow/example_dags/example_nested_branch_dag.py for tasks to queue
[2026-03-22T04:28:28.273+0000] {logging_mixin.py:188} INFO - [2026-03-22T04:28:28.264+0000] {dagbag.py:545} INFO - Filling up the DagBag from /home/airflow/.local/lib/python3.12/site-packages/airflow/example_dags/example_nested_branch_dag.py
[2026-03-22T04:28:28.481+0000] {processor.py:840} INFO - DAG(s) 'example_nested_branch_dag' retrieved from /home/airflow/.local/lib/python3.12/site-packages/airflow/example_dags/example_nested_branch_dag.py
[2026-03-22T04:28:29.549+0000] {logging_mixin.py:188} INFO - [2026-03-22T04:28:29.539+0000] {dag.py:3096} INFO - Sync 1 DAGs
[2026-03-22T04:28:30.139+0000] {logging_mixin.py:188} INFO - [2026-03-22T04:28:30.097+0000] {dag.py:3954} INFO - Setting next_dagrun for example_nested_branch_dag to 2026-03-21 00:00:00+00:00, run_after=2026-03-22 00:00:00+00:00
[2026-03-22T04:28:30.775+0000] {processor.py:183} INFO - Processing /home/airflow/.local/lib/python3.12/site-packages/airflow/example_dags/example_nested_branch_dag.py took 2.765 seconds
[2026-03-22T04:34:24.209+0000] {processor.py:161} INFO - Started process (PID=1849) to work on /home/airflow/.local/lib/python3.12/site-packages/airflow/example_dags/example_nested_branch_dag.py
[2026-03-22T04:34:24.927+0000] {processor.py:830} INFO - Processing file /home/airflow/.local/lib/python3.12/site-packages/airflow/example_dags/example_nested_branch_dag.py for tasks to queue
[2026-03-22T04:34:25.311+0000] {logging_mixin.py:188} INFO - [2026-03-22T04:34:25.109+0000] {dagbag.py:545} INFO - Filling up the DagBag from /home/airflow/.local/lib/python3.12/site-packages/airflow/example_dags/example_nested_branch_dag.py
[2026-03-22T04:34:27.592+0000] {processor.py:840} INFO - DAG(s) 'example_nested_branch_dag' retrieved from /home/airflow/.local/lib/python3.12/site-packages/airflow/example_dags/example_nested_branch_dag.py
[2026-03-22T04:34:31.953+0000] {logging_mixin.py:188} INFO - [2026-03-22T04:34:31.785+0000] {dag.py:3096} INFO - Sync 1 DAGs
[2026-03-22T04:34:33.554+0000] {logging_mixin.py:188} INFO - [2026-03-22T04:34:33.431+0000] {dag.py:3954} INFO - Setting next_dagrun for example_nested_branch_dag to 2026-03-21 00:00:00+00:00, run_after=2026-03-22 00:00:00+00:00
[2026-03-22T04:34:34.593+0000] {processor.py:183} INFO - Processing /home/airflow/.local/lib/python3.12/site-packages/airflow/example_dags/example_nested_branch_dag.py took 12.021 seconds
[2026-03-22T04:37:29.135+0000] {processor.py:161} INFO - Started process (PID=1923) to work on /home/airflow/.local/lib/python3.12/site-packages/airflow/example_dags/example_nested_branch_dag.py
[2026-03-22T04:37:29.152+0000] {processor.py:830} INFO - Processing file /home/airflow/.local/lib/python3.12/site-packages/airflow/example_dags/example_nested_branch_dag.py for tasks to queue
[2026-03-22T04:37:29.224+0000] {logging_mixin.py:188} INFO - [2026-03-22T04:37:29.222+0000] {dagbag.py:545} INFO - Filling up the DagBag from /home/airflow/.local/lib/python3.12/site-packages/airflow/example_dags/example_nested_branch_dag.py
[2026-03-22T04:37:29.942+0000] {processor.py:840} INFO - DAG(s) 'example_nested_branch_dag' retrieved from /home/airflow/.local/lib/python3.12/site-packages/airflow/example_dags/example_nested_branch_dag.py
[2026-03-22T04:37:31.005+0000] {logging_mixin.py:188} INFO - [2026-03-22T04:37:30.987+0000] {dag.py:3096} INFO - Sync 1 DAGs
[2026-03-22T04:37:31.455+0000] {logging_mixin.py:188} INFO - [2026-03-22T04:37:31.432+0000] {dag.py:3954} INFO - Setting next_dagrun for example_nested_branch_dag to 2026-03-21 00:00:00+00:00, run_after=2026-03-22 00:00:00+00:00
[2026-03-22T04:37:31.824+0000] {processor.py:183} INFO - Processing /home/airflow/.local/lib/python3.12/site-packages/airflow/example_dags/example_nested_branch_dag.py took 2.763 seconds
[2026-03-22T04:39:19.765+0000] {processor.py:161} INFO - Started process (PID=1982) to work on /home/airflow/.local/lib/python3.12/site-packages/airflow/example_dags/example_nested_branch_dag.py
[2026-03-22T04:39:19.779+0000] {processor.py:830} INFO - Processing file /home/airflow/.local/lib/python3.12/site-packages/airflow/example_dags/example_nested_branch_dag.py for tasks to queue
[2026-03-22T04:39:19.867+0000] {logging_mixin.py:188} INFO - [2026-03-22T04:39:19.853+0000] {dagbag.py:545} INFO - Filling up the DagBag from /home/airflow/.local/lib/python3.12/site-packages/airflow/example_dags/example_nested_branch_dag.py
[2026-03-22T04:39:20.327+0000] {processor.py:840} INFO - DAG(s) 'example_nested_branch_dag' retrieved from /home/airflow/.local/lib/python3.12/site-packages/airflow/example_dags/example_nested_branch_dag.py
[2026-03-22T04:39:20.772+0000] {logging_mixin.py:188} INFO - [2026-03-22T04:39:20.762+0000] {dag.py:3096} INFO - Sync 1 DAGs
[2026-03-22T04:39:21.016+0000] {logging_mixin.py:188} INFO - [2026-03-22T04:39:21.014+0000] {dag.py:3954} INFO - Setting next_dagrun for example_nested_branch_dag to 2026-03-21 00:00:00+00:00, run_after=2026-03-22 00:00:00+00:00
[2026-03-22T04:39:21.264+0000] {processor.py:183} INFO - Processing /home/airflow/.local/lib/python3.12/site-packages/airflow/example_dags/example_nested_branch_dag.py took 1.539 seconds
[2026-03-22T04:40:27.803+0000] {processor.py:161} INFO - Started process (PID=2046) to work on /home/airflow/.local/lib/python3.12/site-packages/airflow/example_dags/example_nested_branch_dag.py
[2026-03-22T04:40:27.859+0000] {processor.py:830} INFO - Processing file /home/airflow/.local/lib/python3.12/site-packages/airflow/example_dags/example_nested_branch_dag.py for tasks to queue
[2026-03-22T04:40:27.987+0000] {logging_mixin.py:188} INFO - [2026-03-22T04:40:27.973+0000] {dagbag.py:545} INFO - Filling up the DagBag from /home/airflow/.local/lib/python3.12/site-packages/airflow/example_dags/example_nested_branch_dag.py
[2026-03-22T04:40:28.367+0000] {processor.py:840} INFO - DAG(s) 'example_nested_branch_dag' retrieved from /home/airflow/.local/lib/python3.12/site-packages/airflow/example_dags/example_nested_branch_dag.py
[2026-03-22T04:40:29.110+0000] {logging_mixin.py:188} INFO - [2026-03-22T04:40:29.101+0000] {dag.py:3096} INFO - Sync 1 DAGs
[2026-03-22T04:40:30.115+0000] {logging_mixin.py:188} INFO - [2026-03-22T04:40:30.049+0000] {dag.py:3954} INFO - Setting next_dagrun for example_nested_branch_dag to 2026-03-21 00:00:00+00:00, run_after=2026-03-22 00:00:00+00:00
[2026-03-22T04:40:30.597+0000] {processor.py:183} INFO - Processing /home/airflow/.local/lib/python3.12/site-packages/airflow/example_dags/example_nested_branch_dag.py took 2.899 seconds
[2026-03-22T04:41:26.235+0000] {processor.py:161} INFO - Started process (PID=2112) to work on /home/airflow/.local/lib/python3.12/site-packages/airflow/example_dags/example_nested_branch_dag.py
[2026-03-22T04:41:26.243+0000] {processor.py:830} INFO - Processing file /home/airflow/.local/lib/python3.12/site-packages/airflow/example_dags/example_nested_branch_dag.py for tasks to queue
[2026-03-22T04:41:26.252+0000] {logging_mixin.py:188} INFO - [2026-03-22T04:41:26.251+0000] {dagbag.py:545} INFO - Filling up the DagBag from /home/airflow/.local/lib/python3.12/site-packages/airflow/example_dags/example_nested_branch_dag.py
[2026-03-22T04:41:26.343+0000] {processor.py:840} INFO - DAG(s) 'example_nested_branch_dag' retrieved from /home/airflow/.local/lib/python3.12/site-packages/airflow/example_dags/example_nested_branch_dag.py
[2026-03-22T04:41:26.585+0000] {logging_mixin.py:188} INFO - [2026-03-22T04:41:26.583+0000] {dag.py:3096} INFO - Sync 1 DAGs
[2026-03-22T04:41:27.078+0000] {logging_mixin.py:188} INFO - [2026-03-22T04:41:27.057+0000] {dag.py:3954} INFO - Setting next_dagrun for example_nested_branch_dag to 2026-03-21 00:00:00+00:00, run_after=2026-03-22 00:00:00+00:00
[2026-03-22T04:41:27.646+0000] {processor.py:183} INFO - Processing /home/airflow/.local/lib/python3.12/site-packages/airflow/example_dags/example_nested_branch_dag.py took 1.462 seconds
[2026-03-22T04:42:10.414+0000] {processor.py:161} INFO - Started process (PID=2155) to work on /home/airflow/.local/lib/python3.12/site-packages/airflow/example_dags/example_nested_branch_dag.py
[2026-03-22T04:42:10.427+0000] {processor.py:830} INFO - Processing file /home/airflow/.local/lib/python3.12/site-packages/airflow/example_dags/example_nested_branch_dag.py for tasks to queue
[2026-03-22T04:42:10.443+0000] {logging_mixin.py:188} INFO - [2026-03-22T04:42:10.439+0000] {dagbag.py:545} INFO - Filling up the DagBag from /home/airflow/.local/lib/python3.12/site-packages/airflow/example_dags/example_nested_branch_dag.py
[2026-03-22T04:42:10.562+0000] {processor.py:840} INFO - DAG(s) 'example_nested_branch_dag' retrieved from /home/airflow/.local/lib/python3.12/site-packages/airflow/example_dags/example_nested_branch_dag.py
[2026-03-22T04:42:10.801+0000] {logging_mixin.py:188} INFO - [2026-03-22T04:42:10.793+0000] {dag.py:3096} INFO - Sync 1 DAGs
[2026-03-22T04:42:10.915+0000] {logging_mixin.py:188} INFO - [2026-03-22T04:42:10.913+0000] {dag.py:3954} INFO - Setting next_dagrun for example_nested_branch_dag to 2026-03-21 00:00:00+00:00, run_after=2026-03-22 00:00:00+00:00
[2026-03-22T04:42:10.988+0000] {processor.py:183} INFO - Processing /home/airflow/.local/lib/python3.12/site-packages/airflow/example_dags/example_nested_branch_dag.py took 0.616 seconds
[2026-03-22T04:42:41.924+0000] {processor.py:161} INFO - Started process (PID=2212) to work on /home/airflow/.local/lib/python3.12/site-packages/airflow/example_dags/example_nested_branch_dag.py
[2026-03-22T04:42:41.949+0000] {processor.py:830} INFO - Processing file /home/airflow/.local/lib/python3.12/site-packages/airflow/example_dags/example_nested_branch_dag.py for tasks to queue
[2026-03-22T04:42:41.982+0000] {logging_mixin.py:188} INFO - [2026-03-22T04:42:41.976+0000] {dagbag.py:545} INFO - Filling up the DagBag from /home/airflow/.local/lib/python3.12/site-packages/airflow/example_dags/example_nested_branch_dag.py
[2026-03-22T04:42:42.055+0000] {processor.py:840} INFO - DAG(s) 'example_nested_branch_dag' retrieved from /home/airflow/.local/lib/python3.12/site-packages/airflow/example_dags/example_nested_branch_dag.py
[2026-03-22T04:42:42.647+0000] {logging_mixin.py:188} INFO - [2026-03-22T04:42:42.645+0000] {dag.py:3096} INFO - Sync 1 DAGs
[2026-03-22T04:42:42.723+0000] {logging_mixin.py:188} INFO - [2026-03-22T04:42:42.723+0000] {dag.py:3954} INFO - Setting next_dagrun for example_nested_branch_dag to 2026-03-21 00:00:00+00:00, run_after=2026-03-22 00:00:00+00:00
[2026-03-22T04:42:42.791+0000] {processor.py:183} INFO - Processing /home/airflow/.local/lib/python3.12/site-packages/airflow/example_dags/example_nested_branch_dag.py took 1.000 seconds
[2026-03-22T04:43:13.570+0000] {processor.py:161} INFO - Started process (PID=2271) to work on /home/airflow/.local/lib/python3.12/site-packages/airflow/example_dags/example_nested_branch_dag.py
[2026-03-22T04:43:13.573+0000] {processor.py:830} INFO - Processing file /home/airflow/.local/lib/python3.12/site-packages/airflow/example_dags/example_nested_branch_dag.py for tasks to queue
[2026-03-22T04:43:13.577+0000] {logging_mixin.py:188} INFO - [2026-03-22T04:43:13.576+0000] {dagbag.py:545} INFO - Filling up the DagBag from /home/airflow/.local/lib/python3.12/site-packages/airflow/example_dags/example_nested_branch_dag.py
[2026-03-22T04:43:13.592+0000] {processor.py:840} INFO - DAG(s) 'example_nested_branch_dag' retrieved from /home/airflow/.local/lib/python3.12/site-packages/airflow/example_dags/example_nested_branch_dag.py
[2026-03-22T04:43:13.623+0000] {logging_mixin.py:188} INFO - [2026-03-22T04:43:13.623+0000] {dag.py:3096} INFO - Sync 1 DAGs
[2026-03-22T04:43:13.644+0000] {logging_mixin.py:188} INFO - [2026-03-22T04:43:13.644+0000] {dag.py:3954} INFO - Setting next_dagrun for example_nested_branch_dag to 2026-03-21 00:00:00+00:00, run_after=2026-03-22 00:00:00+00:00
[2026-03-22T04:43:13.656+0000] {processor.py:183} INFO - Processing /home/airflow/.local/lib/python3.12/site-packages/airflow/example_dags/example_nested_branch_dag.py took 0.094 seconds
[2026-03-22T04:43:43.689+0000] {processor.py:161} INFO - Started process (PID=2329) to work on /home/airflow/.local/lib/python3.12/site-packages/airflow/example_dags/example_nested_branch_dag.py
[2026-03-22T04:43:43.690+0000] {processor.py:830} INFO - Processing file /home/airflow/.local/lib/python3.12/site-packages/airflow/example_dags/example_nested_branch_dag.py for tasks to queue
[2026-03-22T04:43:43.691+0000] {logging_mixin.py:188} INFO - [2026-03-22T04:43:43.691+0000] {dagbag.py:545} INFO - Filling up the DagBag from /home/airflow/.local/lib/python3.12/site-packages/airflow/example_dags/example_nested_branch_dag.py
[2026-03-22T04:43:43.699+0000] {processor.py:840} INFO - DAG(s) 'example_nested_branch_dag' retrieved from /home/airflow/.local/lib/python3.12/site-packages/airflow/example_dags/example_nested_branch_dag.py
[2026-03-22T04:43:43.712+0000] {logging_mixin.py:188} INFO - [2026-03-22T04:43:43.712+0000] {dag.py:3096} INFO - Sync 1 DAGs
[2026-03-22T04:43:43.720+0000] {logging_mixin.py:188} INFO - [2026-03-22T04:43:43.720+0000] {dag.py:3954} INFO - Setting next_dagrun for example_nested_branch_dag to 2026-03-21 00:00:00+00:00, run_after=2026-03-22 00:00:00+00:00
[2026-03-22T04:43:43.727+0000] {processor.py:183} INFO - Processing /home/airflow/.local/lib/python3.12/site-packages/airflow/example_dags/example_nested_branch_dag.py took 0.041 seconds
[2026-03-22T04:44:14.655+0000] {processor.py:161} INFO - Started process (PID=2387) to work on /home/airflow/.local/lib/python3.12/site-packages/airflow/example_dags/example_nested_branch_dag.py
[2026-03-22T04:44:14.656+0000] {processor.py:830} INFO - Processing file /home/airflow/.local/lib/python3.12/site-packages/airflow/example_dags/example_nested_branch_dag.py for tasks to queue
[2026-03-22T04:44:14.657+0000] {logging_mixin.py:188} INFO - [2026-03-22T04:44:14.657+0000] {dagbag.py:545} INFO - Filling up the DagBag from /home/airflow/.local/lib/python3.12/site-packages/airflow/example_dags/example_nested_branch_dag.py
[2026-03-22T04:44:14.667+0000] {processor.py:840} INFO - DAG(s) 'example_nested_branch_dag' retrieved from /home/airflow/.local/lib/python3.12/site-packages/airflow/example_dags/example_nested_branch_dag.py
[2026-03-22T04:44:14.692+0000] {logging_mixin.py:188} INFO - [2026-03-22T04:44:14.692+0000] {dag.py:3096} INFO - Sync 1 DAGs
[2026-03-22T04:44:14.722+0000] {logging_mixin.py:188} INFO - [2026-03-22T04:44:14.722+0000] {dag.py:3954} INFO - Setting next_dagrun for example_nested_branch_dag to 2026-03-21 00:00:00+00:00, run_after=2026-03-22 00:00:00+00:00
[2026-03-22T04:44:14.748+0000] {processor.py:183} INFO - Processing /home/airflow/.local/lib/python3.12/site-packages/airflow/example_dags/example_nested_branch_dag.py took 0.108 seconds
[2026-03-22T04:44:45.466+0000] {processor.py:161} INFO - Started process (PID=2445) to work on /home/airflow/.local/lib/python3.12/site-packages/airflow/example_dags/example_nested_branch_dag.py
[2026-03-22T04:44:45.467+0000] {processor.py:830} INFO - Processing file /home/airflow/.local/lib/python3.12/site-packages/airflow/example_dags/example_nested_branch_dag.py for tasks to queue
[2026-03-22T04:44:45.469+0000] {logging_mixin.py:188} INFO - [2026-03-22T04:44:45.469+0000] {dagbag.py:545} INFO - Filling up the DagBag from /home/airflow/.local/lib/python3.12/site-packages/airflow/example_dags/example_nested_branch_dag.py
[2026-03-22T04:44:45.475+0000] {processor.py:840} INFO - DAG(s) 'example_nested_branch_dag' retrieved from /home/airflow/.local/lib/python3.12/site-packages/airflow/example_dags/example_nested_branch_dag.py
[2026-03-22T04:44:45.496+0000] {logging_mixin.py:188} INFO - [2026-03-22T04:44:45.495+0000] {dag.py:3096} INFO - Sync 1 DAGs
[2026-03-22T04:44:45.525+0000] {logging_mixin.py:188} INFO - [2026-03-22T04:44:45.525+0000] {dag.py:3954} INFO - Setting next_dagrun for example_nested_branch_dag to 2026-03-21 00:00:00+00:00, run_after=2026-03-22 00:00:00+00:00
[2026-03-22T04:44:45.547+0000] {processor.py:183} INFO - Processing /home/airflow/.local/lib/python3.12/site-packages/airflow/example_dags/example_nested_branch_dag.py took 0.087 seconds
[2026-03-22T04:45:16.278+0000] {processor.py:161} INFO - Started process (PID=2503) to work on /home/airflow/.local/lib/python3.12/site-packages/airflow/example_dags/example_nested_branch_dag.py
[2026-03-22T04:45:16.279+0000] {processor.py:830} INFO - Processing file /home/airflow/.local/lib/python3.12/site-packages/airflow/example_dags/example_nested_branch_dag.py for tasks to queue
[2026-03-22T04:45:16.280+0000] {logging_mixin.py:188} INFO - [2026-03-22T04:45:16.280+0000] {dagbag.py:545} INFO - Filling up the DagBag from /home/airflow/.local/lib/python3.12/site-packages/airflow/example_dags/example_nested_branch_dag.py
[2026-03-22T04:45:16.286+0000] {processor.py:840} INFO - DAG(s) 'example_nested_branch_dag' retrieved from /home/airflow/.local/lib/python3.12/site-packages/airflow/example_dags/example_nested_branch_dag.py
[2026-03-22T04:45:16.304+0000] {logging_mixin.py:188} INFO - [2026-03-22T04:45:16.304+0000] {dag.py:3096} INFO - Sync 1 DAGs
[2026-03-22T04:45:16.342+0000] {logging_mixin.py:188} INFO - [2026-03-22T04:45:16.342+0000] {dag.py:3954} INFO - Setting next_dagrun for example_nested_branch_dag to 2026-03-21 00:00:00+00:00, run_after=2026-03-22 00:00:00+00:00
[2026-03-22T04:45:16.370+0000] {processor.py:183} INFO - Processing /home/airflow/.local/lib/python3.12/site-packages/airflow/example_dags/example_nested_branch_dag.py took 0.101 seconds
[2026-03-22T04:45:46.413+0000] {processor.py:161} INFO - Started process (PID=2560) to work on /home/airflow/.local/lib/python3.12/site-packages/airflow/example_dags/example_nested_branch_dag.py
[2026-03-22T04:45:46.413+0000] {processor.py:830} INFO - Processing file /home/airflow/.local/lib/python3.12/site-packages/airflow/example_dags/example_nested_branch_dag.py for tasks to queue
[2026-03-22T04:45:46.414+0000] {logging_mixin.py:188} INFO - [2026-03-22T04:45:46.414+0000] {dagbag.py:545} INFO - Filling up the DagBag from /home/airflow/.local/lib/python3.12/site-packages/airflow/example_dags/example_nested_branch_dag.py
[2026-03-22T04:45:46.423+0000] {processor.py:840} INFO - DAG(s) 'example_nested_branch_dag' retrieved from /home/airflow/.local/lib/python3.12/site-packages/airflow/example_dags/example_nested_branch_dag.py
[2026-03-22T04:45:46.444+0000] {logging_mixin.py:188} INFO - [2026-03-22T04:45:46.444+0000] {dag.py:3096} INFO - Sync 1 DAGs
[2026-03-22T04:45:46.459+0000] {logging_mixin.py:188} INFO - [2026-03-22T04:45:46.459+0000] {dag.py:3954} INFO - Setting next_dagrun for example_nested_branch_dag to 2026-03-21 00:00:00+00:00, run_after=2026-03-22 00:00:00+00:00
[2026-03-22T04:45:46.469+0000] {processor.py:183} INFO - Processing /home/airflow/.local/lib/python3.12/site-packages/airflow/example_dags/example_nested_branch_dag.py took 0.060 seconds
[2026-03-22T04:46:19.079+0000] {processor.py:161} INFO - Started process (PID=2618) to work on /home/airflow/.local/lib/python3.12/site-packages/airflow/example_dags/example_nested_branch_dag.py
[2026-03-22T04:46:19.083+0000] {processor.py:830} INFO - Processing file /home/airflow/.local/lib/python3.12/site-packages/airflow/example_dags/example_nested_branch_dag.py for tasks to queue
[2026-03-22T04:46:19.093+0000] {logging_mixin.py:188} INFO - [2026-03-22T04:46:19.092+0000] {dagbag.py:545} INFO - Filling up the DagBag from /home/airflow/.local/lib/python3.12/site-packages/airflow/example_dags/example_nested_branch_dag.py
[2026-03-22T04:46:19.139+0000] {processor.py:840} INFO - DAG(s) 'example_nested_branch_dag' retrieved from /home/airflow/.local/lib/python3.12/site-packages/airflow/example_dags/example_nested_branch_dag.py
[2026-03-22T04:46:19.384+0000] {logging_mixin.py:188} INFO - [2026-03-22T04:46:19.379+0000] {dag.py:3096} INFO - Sync 1 DAGs
[2026-03-22T04:46:19.482+0000] {logging_mixin.py:188} INFO - [2026-03-22T04:46:19.482+0000] {dag.py:3954} INFO - Setting next_dagrun for example_nested_branch_dag to 2026-03-21 00:00:00+00:00, run_after=2026-03-22 00:00:00+00:00
[2026-03-22T04:46:19.611+0000] {processor.py:183} INFO - Processing /home/airflow/.local/lib/python3.12/site-packages/airflow/example_dags/example_nested_branch_dag.py took 0.548 seconds
[2026-03-22T04:46:49.831+0000] {processor.py:161} INFO - Started process (PID=2676) to work on /home/airflow/.local/lib/python3.12/site-packages/airflow/example_dags/example_nested_branch_dag.py
[2026-03-22T04:46:49.832+0000] {processor.py:830} INFO - Processing file /home/airflow/.local/lib/python3.12/site-packages/airflow/example_dags/example_nested_branch_dag.py for tasks to queue
[2026-03-22T04:46:49.834+0000] {logging_mixin.py:188} INFO - [2026-03-22T04:46:49.834+0000] {dagbag.py:545} INFO - Filling up the DagBag from /home/airflow/.local/lib/python3.12/site-packages/airflow/example_dags/example_nested_branch_dag.py
[2026-03-22T04:46:49.845+0000] {processor.py:840} INFO - DAG(s) 'example_nested_branch_dag' retrieved from /home/airflow/.local/lib/python3.12/site-packages/airflow/example_dags/example_nested_branch_dag.py
[2026-03-22T04:46:49.864+0000] {logging_mixin.py:188} INFO - [2026-03-22T04:46:49.863+0000] {dag.py:3096} INFO - Sync 1 DAGs
[2026-03-22T04:46:49.880+0000] {logging_mixin.py:188} INFO - [2026-03-22T04:46:49.880+0000] {dag.py:3954} INFO - Setting next_dagrun for example_nested_branch_dag to 2026-03-21 00:00:00+00:00, run_after=2026-03-22 00:00:00+00:00
[2026-03-22T04:46:49.897+0000] {processor.py:183} INFO - Processing /home/airflow/.local/lib/python3.12/site-packages/airflow/example_dags/example_nested_branch_dag.py took 0.078 seconds
[2026-03-22T04:47:20.831+0000] {processor.py:161} INFO - Started process (PID=2734) to work on /home/airflow/.local/lib/python3.12/site-packages/airflow/example_dags/example_nested_branch_dag.py
[2026-03-22T04:47:20.833+0000] {processor.py:830} INFO - Processing file /home/airflow/.local/lib/python3.12/site-packages/airflow/example_dags/example_nested_branch_dag.py for tasks to queue
[2026-03-22T04:47:20.838+0000] {logging_mixin.py:188} INFO - [2026-03-22T04:47:20.837+0000] {dagbag.py:545} INFO - Filling up the DagBag from /home/airflow/.local/lib/python3.12/site-packages/airflow/example_dags/example_nested_branch_dag.py
[2026-03-22T04:47:20.856+0000] {processor.py:840} INFO - DAG(s) 'example_nested_branch_dag' retrieved from /home/airflow/.local/lib/python3.12/site-packages/airflow/example_dags/example_nested_branch_dag.py
[2026-03-22T04:47:20.887+0000] {logging_mixin.py:188} INFO - [2026-03-22T04:47:20.886+0000] {dag.py:3096} INFO - Sync 1 DAGs
[2026-03-22T04:47:20.952+0000] {logging_mixin.py:188} INFO - [2026-03-22T04:47:20.951+0000] {dag.py:3954} INFO - Setting next_dagrun for example_nested_branch_dag to 2026-03-21 00:00:00+00:00, run_after=2026-03-22 00:00:00+00:00
[2026-03-22T04:47:20.973+0000] {processor.py:183} INFO - Processing /home/airflow/.local/lib/python3.12/site-packages/airflow/example_dags/example_nested_branch_dag.py took 0.151 seconds
[2026-03-22T04:47:51.940+0000] {processor.py:161} INFO - Started process (PID=2792) to work on /home/airflow/.local/lib/python3.12/site-packages/airflow/example_dags/example_nested_branch_dag.py
[2026-03-22T04:47:51.944+0000] {processor.py:830} INFO - Processing file /home/airflow/.local/lib/python3.12/site-packages/airflow/example_dags/example_nested_branch_dag.py for tasks to queue
[2026-03-22T04:47:51.949+0000] {logging_mixin.py:188} INFO - [2026-03-22T04:47:51.948+0000] {dagbag.py:545} INFO - Filling up the DagBag from /home/airflow/.local/lib/python3.12/site-packages/airflow/example_dags/example_nested_branch_dag.py
[2026-03-22T04:47:51.954+0000] {processor.py:840} INFO - DAG(s) 'example_nested_branch_dag' retrieved from /home/airflow/.local/lib/python3.12/site-packages/airflow/example_dags/example_nested_branch_dag.py
[2026-03-22T04:47:51.971+0000] {logging_mixin.py:188} INFO - [2026-03-22T04:47:51.971+0000] {dag.py:3096} INFO - Sync 1 DAGs
[2026-03-22T04:47:51.990+0000] {logging_mixin.py:188} INFO - [2026-03-22T04:47:51.990+0000] {dag.py:3954} INFO - Setting next_dagrun for example_nested_branch_dag to 2026-03-21 00:00:00+00:00, run_after=2026-03-22 00:00:00+00:00
[2026-03-22T04:47:52.000+0000] {processor.py:183} INFO - Processing /home/airflow/.local/lib/python3.12/site-packages/airflow/example_dags/example_nested_branch_dag.py took 0.064 seconds
[2026-03-22T04:48:22.887+0000] {processor.py:161} INFO - Started process (PID=2850) to work on /home/airflow/.local/lib/python3.12/site-packages/airflow/example_dags/example_nested_branch_dag.py
[2026-03-22T04:48:22.889+0000] {processor.py:830} INFO - Processing file /home/airflow/.local/lib/python3.12/site-packages/airflow/example_dags/example_nested_branch_dag.py for tasks to queue
[2026-03-22T04:48:22.890+0000] {logging_mixin.py:188} INFO - [2026-03-22T04:48:22.890+0000] {dagbag.py:545} INFO - Filling up the DagBag from /home/airflow/.local/lib/python3.12/site-packages/airflow/example_dags/example_nested_branch_dag.py
[2026-03-22T04:48:22.904+0000] {processor.py:840} INFO - DAG(s) 'example_nested_branch_dag' retrieved from /home/airflow/.local/lib/python3.12/site-packages/airflow/example_dags/example_nested_branch_dag.py
[2026-03-22T04:48:22.922+0000] {logging_mixin.py:188} INFO - [2026-03-22T04:48:22.922+0000] {dag.py:3096} INFO - Sync 1 DAGs
[2026-03-22T04:48:22.935+0000] {logging_mixin.py:188} INFO - [2026-03-22T04:48:22.935+0000] {dag.py:3954} INFO - Setting next_dagrun for example_nested_branch_dag to 2026-03-21 00:00:00+00:00, run_after=2026-03-22 00:00:00+00:00
[2026-03-22T04:48:22.942+0000] {processor.py:183} INFO - Processing /home/airflow/.local/lib/python3.12/site-packages/airflow/example_dags/example_nested_branch_dag.py took 0.060 seconds
[2026-03-22T04:48:53.860+0000] {processor.py:161} INFO - Started process (PID=2908) to work on /home/airflow/.local/lib/python3.12/site-packages/airflow/example_dags/example_nested_branch_dag.py
[2026-03-22T04:48:53.861+0000] {processor.py:830} INFO - Processing file /home/airflow/.local/lib/python3.12/site-packages/airflow/example_dags/example_nested_branch_dag.py for tasks to queue
[2026-03-22T04:48:53.862+0000] {logging_mixin.py:188} INFO - [2026-03-22T04:48:53.862+0000] {dagbag.py:545} INFO - Filling up the DagBag from /home/airflow/.local/lib/python3.12/site-packages/airflow/example_dags/example_nested_branch_dag.py
[2026-03-22T04:48:53.873+0000] {processor.py:840} INFO - DAG(s) 'example_nested_branch_dag' retrieved from /home/airflow/.local/lib/python3.12/site-packages/airflow/example_dags/example_nested_branch_dag.py
[2026-03-22T04:48:53.892+0000] {logging_mixin.py:188} INFO - [2026-03-22T04:48:53.892+0000] {dag.py:3096} INFO - Sync 1 DAGs
[2026-03-22T04:48:53.921+0000] {logging_mixin.py:188} INFO - [2026-03-22T04:48:53.921+0000] {dag.py:3954} INFO - Setting next_dagrun for example_nested_branch_dag to 2026-03-21 00:00:00+00:00, run_after=2026-03-22 00:00:00+00:00
[2026-03-22T04:48:53.939+0000] {processor.py:183} INFO - Processing /home/airflow/.local/lib/python3.12/site-packages/airflow/example_dags/example_nested_branch_dag.py took 0.086 seconds
[2026-03-22T04:49:24.547+0000] {processor.py:161} INFO - Started process (PID=2967) to work on /home/airflow/.local/lib/python3.12/site-packages/airflow/example_dags/example_nested_branch_dag.py
[2026-03-22T04:49:24.552+0000] {processor.py:830} INFO - Processing file /home/airflow/.local/lib/python3.12/site-packages/airflow/example_dags/example_nested_branch_dag.py for tasks to queue
[2026-03-22T04:49:24.557+0000] {logging_mixin.py:188} INFO - [2026-03-22T04:49:24.556+0000] {dagbag.py:545} INFO - Filling up the DagBag from /home/airflow/.local/lib/python3.12/site-packages/airflow/example_dags/example_nested_branch_dag.py
[2026-03-22T04:49:24.572+0000] {processor.py:840} INFO - DAG(s) 'example_nested_branch_dag' retrieved from /home/airflow/.local/lib/python3.12/site-packages/airflow/example_dags/example_nested_branch_dag.py
[2026-03-22T04:49:24.589+0000] {logging_mixin.py:188} INFO - [2026-03-22T04:49:24.589+0000] {dag.py:3096} INFO - Sync 1 DAGs
[2026-03-22T04:49:24.620+0000] {logging_mixin.py:188} INFO - [2026-03-22T04:49:24.620+0000] {dag.py:3954} INFO - Setting next_dagrun for example_nested_branch_dag to 2026-03-21 00:00:00+00:00, run_after=2026-03-22 00:00:00+00:00
[2026-03-22T04:49:24.636+0000] {processor.py:183} INFO - Processing /home/airflow/.local/lib/python3.12/site-packages/airflow/example_dags/example_nested_branch_dag.py took 0.099 seconds
[2026-03-22T04:49:55.452+0000] {processor.py:161} INFO - Started process (PID=3026) to work on /home/airflow/.local/lib/python3.12/site-packages/airflow/example_dags/example_nested_branch_dag.py
[2026-03-22T04:49:55.453+0000] {processor.py:830} INFO - Processing file /home/airflow/.local/lib/python3.12/site-packages/airflow/example_dags/example_nested_branch_dag.py for tasks to queue
[2026-03-22T04:49:55.455+0000] {logging_mixin.py:188} INFO - [2026-03-22T04:49:55.455+0000] {dagbag.py:545} INFO - Filling up the DagBag from /home/airflow/.local/lib/python3.12/site-packages/airflow/example_dags/example_nested_branch_dag.py
[2026-03-22T04:49:55.468+0000] {processor.py:840} INFO - DAG(s) 'example_nested_branch_dag' retrieved from /home/airflow/.local/lib/python3.12/site-packages/airflow/example_dags/example_nested_branch_dag.py
[2026-03-22T04:49:55.498+0000] {logging_mixin.py:188} INFO - [2026-03-22T04:49:55.498+0000] {dag.py:3096} INFO - Sync 1 DAGs
[2026-03-22T04:49:55.528+0000] {logging_mixin.py:188} INFO - [2026-03-22T04:49:55.527+0000] {dag.py:3954} INFO - Setting next_dagrun for example_nested_branch_dag to 2026-03-21 00:00:00+00:00, run_after=2026-03-22 00:00:00+00:00
[2026-03-22T04:49:55.550+0000] {processor.py:183} INFO - Processing /home/airflow/.local/lib/python3.12/site-packages/airflow/example_dags/example_nested_branch_dag.py took 0.102 seconds
[2026-03-22T04:50:28.661+0000] {processor.py:161} INFO - Started process (PID=3091) to work on /home/airflow/.local/lib/python3.12/site-packages/airflow/example_dags/example_nested_branch_dag.py
[2026-03-22T04:50:28.666+0000] {processor.py:830} INFO - Processing file /home/airflow/.local/lib/python3.12/site-packages/airflow/example_dags/example_nested_branch_dag.py for tasks to queue
[2026-03-22T04:50:28.684+0000] {logging_mixin.py:188} INFO - [2026-03-22T04:50:28.675+0000] {dagbag.py:545} INFO - Filling up the DagBag from /home/airflow/.local/lib/python3.12/site-packages/airflow/example_dags/example_nested_branch_dag.py
[2026-03-22T04:50:28.786+0000] {processor.py:840} INFO - DAG(s) 'example_nested_branch_dag' retrieved from /home/airflow/.local/lib/python3.12/site-packages/airflow/example_dags/example_nested_branch_dag.py
[2026-03-22T04:50:28.861+0000] {logging_mixin.py:188} INFO - [2026-03-22T04:50:28.861+0000] {dag.py:3096} INFO - Sync 1 DAGs
[2026-03-22T04:50:28.895+0000] {logging_mixin.py:188} INFO - [2026-03-22T04:50:28.894+0000] {dag.py:3954} INFO - Setting next_dagrun for example_nested_branch_dag to 2026-03-21 00:00:00+00:00, run_after=2026-03-22 00:00:00+00:00
[2026-03-22T04:50:28.925+0000] {processor.py:183} INFO - Processing /home/airflow/.local/lib/python3.12/site-packages/airflow/example_dags/example_nested_branch_dag.py took 0.293 seconds
[2026-03-22T04:50:59.558+0000] {processor.py:161} INFO - Started process (PID=3149) to work on /home/airflow/.local/lib/python3.12/site-packages/airflow/example_dags/example_nested_branch_dag.py
[2026-03-22T04:50:59.559+0000] {processor.py:830} INFO - Processing file /home/airflow/.local/lib/python3.12/site-packages/airflow/example_dags/example_nested_branch_dag.py for tasks to queue
[2026-03-22T04:50:59.567+0000] {logging_mixin.py:188} INFO - [2026-03-22T04:50:59.566+0000] {dagbag.py:545} INFO - Filling up the DagBag from /home/airflow/.local/lib/python3.12/site-packages/airflow/example_dags/example_nested_branch_dag.py
[2026-03-22T04:50:59.589+0000] {processor.py:840} INFO - DAG(s) 'example_nested_branch_dag' retrieved from /home/airflow/.local/lib/python3.12/site-packages/airflow/example_dags/example_nested_branch_dag.py
[2026-03-22T04:50:59.634+0000] {logging_mixin.py:188} INFO - [2026-03-22T04:50:59.634+0000] {dag.py:3096} INFO - Sync 1 DAGs
[2026-03-22T04:50:59.662+0000] {logging_mixin.py:188} INFO - [2026-03-22T04:50:59.662+0000] {dag.py:3954} INFO - Setting next_dagrun for example_nested_branch_dag to 2026-03-21 00:00:00+00:00, run_after=2026-03-22 00:00:00+00:00
[2026-03-22T04:50:59.680+0000] {processor.py:183} INFO - Processing /home/airflow/.local/lib/python3.12/site-packages/airflow/example_dags/example_nested_branch_dag.py took 0.138 seconds
[2026-03-22T04:51:30.881+0000] {processor.py:161} INFO - Started process (PID=3207) to work on /home/airflow/.local/lib/python3.12/site-packages/airflow/example_dags/example_nested_branch_dag.py
[2026-03-22T04:51:30.884+0000] {processor.py:830} INFO - Processing file /home/airflow/.local/lib/python3.12/site-packages/airflow/example_dags/example_nested_branch_dag.py for tasks to queue
[2026-03-22T04:51:30.891+0000] {logging_mixin.py:188} INFO - [2026-03-22T04:51:30.890+0000] {dagbag.py:545} INFO - Filling up the DagBag from /home/airflow/.local/lib/python3.12/site-packages/airflow/example_dags/example_nested_branch_dag.py
[2026-03-22T04:51:30.955+0000] {processor.py:840} INFO - DAG(s) 'example_nested_branch_dag' retrieved from /home/airflow/.local/lib/python3.12/site-packages/airflow/example_dags/example_nested_branch_dag.py
[2026-03-22T04:51:31.334+0000] {logging_mixin.py:188} INFO - [2026-03-22T04:51:31.331+0000] {dag.py:3096} INFO - Sync 1 DAGs
[2026-03-22T04:51:31.460+0000] {logging_mixin.py:188} INFO - [2026-03-22T04:51:31.459+0000] {dag.py:3954} INFO - Setting next_dagrun for example_nested_branch_dag to 2026-03-21 00:00:00+00:00, run_after=2026-03-22 00:00:00+00:00
[2026-03-22T04:51:31.520+0000] {processor.py:183} INFO - Processing /home/airflow/.local/lib/python3.12/site-packages/airflow/example_dags/example_nested_branch_dag.py took 0.659 seconds
[2026-03-22T04:55:50.272+0000] {processor.py:161} INFO - Started process (PID=133) to work on /home/airflow/.local/lib/python3.12/site-packages/airflow/example_dags/example_nested_branch_dag.py
[2026-03-22T04:55:50.274+0000] {processor.py:830} INFO - Processing file /home/airflow/.local/lib/python3.12/site-packages/airflow/example_dags/example_nested_branch_dag.py for tasks to queue
[2026-03-22T04:55:50.278+0000] {logging_mixin.py:188} INFO - [2026-03-22T04:55:50.277+0000] {dagbag.py:545} INFO - Filling up the DagBag from /home/airflow/.local/lib/python3.12/site-packages/airflow/example_dags/example_nested_branch_dag.py
[2026-03-22T04:55:50.289+0000] {processor.py:840} INFO - DAG(s) 'example_nested_branch_dag' retrieved from /home/airflow/.local/lib/python3.12/site-packages/airflow/example_dags/example_nested_branch_dag.py
[2026-03-22T04:55:50.421+0000] {logging_mixin.py:188} INFO - [2026-03-22T04:55:50.421+0000] {dag.py:3096} INFO - Sync 1 DAGs
[2026-03-22T04:55:50.439+0000] {logging_mixin.py:188} INFO - [2026-03-22T04:55:50.439+0000] {dag.py:3954} INFO - Setting next_dagrun for example_nested_branch_dag to 2026-03-21 00:00:00+00:00, run_after=2026-03-22 00:00:00+00:00
[2026-03-22T04:55:50.470+0000] {processor.py:183} INFO - Processing /home/airflow/.local/lib/python3.12/site-packages/airflow/example_dags/example_nested_branch_dag.py took 0.204 seconds
[2026-03-22T04:56:20.539+0000] {processor.py:161} INFO - Started process (PID=193) to work on /home/airflow/.local/lib/python3.12/site-packages/airflow/example_dags/example_nested_branch_dag.py
[2026-03-22T04:56:20.540+0000] {processor.py:830} INFO - Processing file /home/airflow/.local/lib/python3.12/site-packages/airflow/example_dags/example_nested_branch_dag.py for tasks to queue
[2026-03-22T04:56:20.541+0000] {logging_mixin.py:188} INFO - [2026-03-22T04:56:20.541+0000] {dagbag.py:545} INFO - Filling up the DagBag from /home/airflow/.local/lib/python3.12/site-packages/airflow/example_dags/example_nested_branch_dag.py
[2026-03-22T04:56:20.546+0000] {processor.py:840} INFO - DAG(s) 'example_nested_branch_dag' retrieved from /home/airflow/.local/lib/python3.12/site-packages/airflow/example_dags/example_nested_branch_dag.py
[2026-03-22T04:56:20.566+0000] {logging_mixin.py:188} INFO - [2026-03-22T04:56:20.566+0000] {dag.py:3096} INFO - Sync 1 DAGs
[2026-03-22T04:56:20.577+0000] {logging_mixin.py:188} INFO - [2026-03-22T04:56:20.577+0000] {dag.py:3954} INFO - Setting next_dagrun for example_nested_branch_dag to 2026-03-21 00:00:00+00:00, run_after=2026-03-22 00:00:00+00:00
[2026-03-22T04:56:20.586+0000] {processor.py:183} INFO - Processing /home/airflow/.local/lib/python3.12/site-packages/airflow/example_dags/example_nested_branch_dag.py took 0.050 seconds
[2026-03-22T04:56:52.739+0000] {processor.py:161} INFO - Started process (PID=251) to work on /home/airflow/.local/lib/python3.12/site-packages/airflow/example_dags/example_nested_branch_dag.py
[2026-03-22T04:56:52.740+0000] {processor.py:830} INFO - Processing file /home/airflow/.local/lib/python3.12/site-packages/airflow/example_dags/example_nested_branch_dag.py for tasks to queue
[2026-03-22T04:56:52.741+0000] {logging_mixin.py:188} INFO - [2026-03-22T04:56:52.741+0000] {dagbag.py:545} INFO - Filling up the DagBag from /home/airflow/.local/lib/python3.12/site-packages/airflow/example_dags/example_nested_branch_dag.py
[2026-03-22T04:56:52.749+0000] {processor.py:840} INFO - DAG(s) 'example_nested_branch_dag' retrieved from /home/airflow/.local/lib/python3.12/site-packages/airflow/example_dags/example_nested_branch_dag.py
[2026-03-22T04:56:52.765+0000] {logging_mixin.py:188} INFO - [2026-03-22T04:56:52.765+0000] {dag.py:3096} INFO - Sync 1 DAGs
[2026-03-22T04:56:52.781+0000] {logging_mixin.py:188} INFO - [2026-03-22T04:56:52.781+0000] {dag.py:3954} INFO - Setting next_dagrun for example_nested_branch_dag to 2026-03-21 00:00:00+00:00, run_after=2026-03-22 00:00:00+00:00
[2026-03-22T04:56:52.795+0000] {processor.py:183} INFO - Processing /home/airflow/.local/lib/python3.12/site-packages/airflow/example_dags/example_nested_branch_dag.py took 0.058 seconds
[2026-03-22T05:00:18.564+0000] {processor.py:161} INFO - Started process (PID=339) to work on /home/airflow/.local/lib/python3.12/site-packages/airflow/example_dags/example_nested_branch_dag.py
[2026-03-22T05:00:18.645+0000] {processor.py:830} INFO - Processing file /home/airflow/.local/lib/python3.12/site-packages/airflow/example_dags/example_nested_branch_dag.py for tasks to queue
[2026-03-22T05:00:18.727+0000] {logging_mixin.py:188} INFO - [2026-03-22T05:00:18.726+0000] {dagbag.py:545} INFO - Filling up the DagBag from /home/airflow/.local/lib/python3.12/site-packages/airflow/example_dags/example_nested_branch_dag.py
[2026-03-22T05:00:19.565+0000] {processor.py:840} INFO - DAG(s) 'example_nested_branch_dag' retrieved from /home/airflow/.local/lib/python3.12/site-packages/airflow/example_dags/example_nested_branch_dag.py
[2026-03-22T05:00:27.379+0000] {logging_mixin.py:188} INFO - [2026-03-22T05:00:27.241+0000] {dag.py:3096} INFO - Sync 1 DAGs
[2026-03-22T05:00:28.558+0000] {logging_mixin.py:188} INFO - [2026-03-22T05:00:28.445+0000] {dag.py:3954} INFO - Setting next_dagrun for example_nested_branch_dag to 2026-03-21 00:00:00+00:00, run_after=2026-03-22 00:00:00+00:00
[2026-03-22T05:00:31.365+0000] {processor.py:183} INFO - Processing /home/airflow/.local/lib/python3.12/site-packages/airflow/example_dags/example_nested_branch_dag.py took 10.174 seconds
[2026-03-22T05:06:53.084+0000] {processor.py:161} INFO - Started process (PID=441) to work on /home/airflow/.local/lib/python3.12/site-packages/airflow/example_dags/example_nested_branch_dag.py
[2026-03-22T05:06:53.152+0000] {processor.py:830} INFO - Processing file /home/airflow/.local/lib/python3.12/site-packages/airflow/example_dags/example_nested_branch_dag.py for tasks to queue
[2026-03-22T05:06:53.509+0000] {logging_mixin.py:188} INFO - [2026-03-22T05:06:53.504+0000] {dagbag.py:545} INFO - Filling up the DagBag from /home/airflow/.local/lib/python3.12/site-packages/airflow/example_dags/example_nested_branch_dag.py
[2026-03-22T05:06:55.905+0000] {processor.py:840} INFO - DAG(s) 'example_nested_branch_dag' retrieved from /home/airflow/.local/lib/python3.12/site-packages/airflow/example_dags/example_nested_branch_dag.py
[2026-03-22T05:06:59.763+0000] {logging_mixin.py:188} INFO - [2026-03-22T05:06:59.695+0000] {dag.py:3096} INFO - Sync 1 DAGs
[2026-03-22T05:07:00.623+0000] {logging_mixin.py:188} INFO - [2026-03-22T05:07:00.606+0000] {dag.py:3954} INFO - Setting next_dagrun for example_nested_branch_dag to 2026-03-21 00:00:00+00:00, run_after=2026-03-22 00:00:00+00:00
[2026-03-22T05:07:02.718+0000] {processor.py:183} INFO - Processing /home/airflow/.local/lib/python3.12/site-packages/airflow/example_dags/example_nested_branch_dag.py took 9.959 seconds
