[2026-03-22T04:09:22.546+0000] {processor.py:161} INFO - Started process (PID=85) to work on /home/airflow/.local/lib/python3.12/site-packages/airflow/example_dags/example_xcom.py
[2026-03-22T04:09:22.546+0000] {processor.py:830} INFO - Processing file /home/airflow/.local/lib/python3.12/site-packages/airflow/example_dags/example_xcom.py for tasks to queue
[2026-03-22T04:09:22.549+0000] {logging_mixin.py:188} INFO - [2026-03-22T04:09:22.548+0000] {dagbag.py:545} INFO - Filling up the DagBag from /home/airflow/.local/lib/python3.12/site-packages/airflow/example_dags/example_xcom.py
[2026-03-22T04:09:22.558+0000] {processor.py:840} INFO - DAG(s) 'example_xcom' retrieved from /home/airflow/.local/lib/python3.12/site-packages/airflow/example_dags/example_xcom.py
[2026-03-22T04:09:22.614+0000] {logging_mixin.py:188} INFO - [2026-03-22T04:09:22.614+0000] {dag.py:3096} INFO - Sync 1 DAGs
[2026-03-22T04:09:22.621+0000] {logging_mixin.py:188} INFO - [2026-03-22T04:09:22.621+0000] {dag.py:3954} INFO - Setting next_dagrun for example_xcom to 2021-01-01 00:00:00+00:00, run_after=2021-01-01 00:00:00+00:00
[2026-03-22T04:09:22.633+0000] {processor.py:183} INFO - Processing /home/airflow/.local/lib/python3.12/site-packages/airflow/example_dags/example_xcom.py took 0.091 seconds
[2026-03-22T04:09:53.797+0000] {processor.py:161} INFO - Started process (PID=143) to work on /home/airflow/.local/lib/python3.12/site-packages/airflow/example_dags/example_xcom.py
[2026-03-22T04:09:53.799+0000] {processor.py:830} INFO - Processing file /home/airflow/.local/lib/python3.12/site-packages/airflow/example_dags/example_xcom.py for tasks to queue
[2026-03-22T04:09:53.800+0000] {logging_mixin.py:188} INFO - [2026-03-22T04:09:53.800+0000] {dagbag.py:545} INFO - Filling up the DagBag from /home/airflow/.local/lib/python3.12/site-packages/airflow/example_dags/example_xcom.py
[2026-03-22T04:09:53.806+0000] {processor.py:840} INFO - DAG(s) 'example_xcom' retrieved from /home/airflow/.local/lib/python3.12/site-packages/airflow/example_dags/example_xcom.py
[2026-03-22T04:09:53.820+0000] {logging_mixin.py:188} INFO - [2026-03-22T04:09:53.820+0000] {dag.py:3096} INFO - Sync 1 DAGs
[2026-03-22T04:09:53.835+0000] {logging_mixin.py:188} INFO - [2026-03-22T04:09:53.835+0000] {dag.py:3954} INFO - Setting next_dagrun for example_xcom to 2021-01-01 00:00:00+00:00, run_after=2021-01-01 00:00:00+00:00
[2026-03-22T04:09:53.850+0000] {processor.py:183} INFO - Processing /home/airflow/.local/lib/python3.12/site-packages/airflow/example_dags/example_xcom.py took 0.058 seconds
[2026-03-22T04:10:24.686+0000] {processor.py:161} INFO - Started process (PID=201) to work on /home/airflow/.local/lib/python3.12/site-packages/airflow/example_dags/example_xcom.py
[2026-03-22T04:10:24.687+0000] {processor.py:830} INFO - Processing file /home/airflow/.local/lib/python3.12/site-packages/airflow/example_dags/example_xcom.py for tasks to queue
[2026-03-22T04:10:24.688+0000] {logging_mixin.py:188} INFO - [2026-03-22T04:10:24.688+0000] {dagbag.py:545} INFO - Filling up the DagBag from /home/airflow/.local/lib/python3.12/site-packages/airflow/example_dags/example_xcom.py
[2026-03-22T04:10:24.696+0000] {processor.py:840} INFO - DAG(s) 'example_xcom' retrieved from /home/airflow/.local/lib/python3.12/site-packages/airflow/example_dags/example_xcom.py
[2026-03-22T04:10:24.727+0000] {logging_mixin.py:188} INFO - [2026-03-22T04:10:24.726+0000] {dag.py:3096} INFO - Sync 1 DAGs
[2026-03-22T04:10:24.741+0000] {logging_mixin.py:188} INFO - [2026-03-22T04:10:24.741+0000] {dag.py:3954} INFO - Setting next_dagrun for example_xcom to 2021-01-01 00:00:00+00:00, run_after=2021-01-01 00:00:00+00:00
[2026-03-22T04:10:24.761+0000] {processor.py:183} INFO - Processing /home/airflow/.local/lib/python3.12/site-packages/airflow/example_dags/example_xcom.py took 0.081 seconds
[2026-03-22T04:10:55.236+0000] {processor.py:161} INFO - Started process (PID=259) to work on /home/airflow/.local/lib/python3.12/site-packages/airflow/example_dags/example_xcom.py
[2026-03-22T04:10:55.237+0000] {processor.py:830} INFO - Processing file /home/airflow/.local/lib/python3.12/site-packages/airflow/example_dags/example_xcom.py for tasks to queue
[2026-03-22T04:10:55.251+0000] {logging_mixin.py:188} INFO - [2026-03-22T04:10:55.244+0000] {dagbag.py:545} INFO - Filling up the DagBag from /home/airflow/.local/lib/python3.12/site-packages/airflow/example_dags/example_xcom.py
[2026-03-22T04:10:55.258+0000] {processor.py:840} INFO - DAG(s) 'example_xcom' retrieved from /home/airflow/.local/lib/python3.12/site-packages/airflow/example_dags/example_xcom.py
[2026-03-22T04:10:55.270+0000] {logging_mixin.py:188} INFO - [2026-03-22T04:10:55.270+0000] {dag.py:3096} INFO - Sync 1 DAGs
[2026-03-22T04:10:55.305+0000] {logging_mixin.py:188} INFO - [2026-03-22T04:10:55.303+0000] {dag.py:3954} INFO - Setting next_dagrun for example_xcom to 2021-01-01 00:00:00+00:00, run_after=2021-01-01 00:00:00+00:00
[2026-03-22T04:10:55.321+0000] {processor.py:183} INFO - Processing /home/airflow/.local/lib/python3.12/site-packages/airflow/example_dags/example_xcom.py took 0.087 seconds
[2026-03-22T04:11:26.075+0000] {processor.py:161} INFO - Started process (PID=317) to work on /home/airflow/.local/lib/python3.12/site-packages/airflow/example_dags/example_xcom.py
[2026-03-22T04:11:26.076+0000] {processor.py:830} INFO - Processing file /home/airflow/.local/lib/python3.12/site-packages/airflow/example_dags/example_xcom.py for tasks to queue
[2026-03-22T04:11:26.078+0000] {logging_mixin.py:188} INFO - [2026-03-22T04:11:26.078+0000] {dagbag.py:545} INFO - Filling up the DagBag from /home/airflow/.local/lib/python3.12/site-packages/airflow/example_dags/example_xcom.py
[2026-03-22T04:11:26.089+0000] {processor.py:840} INFO - DAG(s) 'example_xcom' retrieved from /home/airflow/.local/lib/python3.12/site-packages/airflow/example_dags/example_xcom.py
[2026-03-22T04:11:26.123+0000] {logging_mixin.py:188} INFO - [2026-03-22T04:11:26.122+0000] {dag.py:3096} INFO - Sync 1 DAGs
[2026-03-22T04:11:26.148+0000] {logging_mixin.py:188} INFO - [2026-03-22T04:11:26.148+0000] {dag.py:3954} INFO - Setting next_dagrun for example_xcom to 2021-01-01 00:00:00+00:00, run_after=2021-01-01 00:00:00+00:00
[2026-03-22T04:11:26.165+0000] {processor.py:183} INFO - Processing /home/airflow/.local/lib/python3.12/site-packages/airflow/example_dags/example_xcom.py took 0.096 seconds
[2026-03-22T04:11:56.456+0000] {processor.py:161} INFO - Started process (PID=375) to work on /home/airflow/.local/lib/python3.12/site-packages/airflow/example_dags/example_xcom.py
[2026-03-22T04:11:56.457+0000] {processor.py:830} INFO - Processing file /home/airflow/.local/lib/python3.12/site-packages/airflow/example_dags/example_xcom.py for tasks to queue
[2026-03-22T04:11:56.458+0000] {logging_mixin.py:188} INFO - [2026-03-22T04:11:56.457+0000] {dagbag.py:545} INFO - Filling up the DagBag from /home/airflow/.local/lib/python3.12/site-packages/airflow/example_dags/example_xcom.py
[2026-03-22T04:11:56.462+0000] {processor.py:840} INFO - DAG(s) 'example_xcom' retrieved from /home/airflow/.local/lib/python3.12/site-packages/airflow/example_dags/example_xcom.py
[2026-03-22T04:11:56.474+0000] {logging_mixin.py:188} INFO - [2026-03-22T04:11:56.474+0000] {dag.py:3096} INFO - Sync 1 DAGs
[2026-03-22T04:11:56.488+0000] {logging_mixin.py:188} INFO - [2026-03-22T04:11:56.488+0000] {dag.py:3954} INFO - Setting next_dagrun for example_xcom to 2021-01-01 00:00:00+00:00, run_after=2021-01-01 00:00:00+00:00
[2026-03-22T04:11:56.502+0000] {processor.py:183} INFO - Processing /home/airflow/.local/lib/python3.12/site-packages/airflow/example_dags/example_xcom.py took 0.050 seconds
[2026-03-22T04:12:26.885+0000] {processor.py:161} INFO - Started process (PID=433) to work on /home/airflow/.local/lib/python3.12/site-packages/airflow/example_dags/example_xcom.py
[2026-03-22T04:12:26.888+0000] {processor.py:830} INFO - Processing file /home/airflow/.local/lib/python3.12/site-packages/airflow/example_dags/example_xcom.py for tasks to queue
[2026-03-22T04:12:26.891+0000] {logging_mixin.py:188} INFO - [2026-03-22T04:12:26.890+0000] {dagbag.py:545} INFO - Filling up the DagBag from /home/airflow/.local/lib/python3.12/site-packages/airflow/example_dags/example_xcom.py
[2026-03-22T04:12:26.899+0000] {processor.py:840} INFO - DAG(s) 'example_xcom' retrieved from /home/airflow/.local/lib/python3.12/site-packages/airflow/example_dags/example_xcom.py
[2026-03-22T04:12:26.918+0000] {logging_mixin.py:188} INFO - [2026-03-22T04:12:26.917+0000] {dag.py:3096} INFO - Sync 1 DAGs
[2026-03-22T04:12:26.935+0000] {logging_mixin.py:188} INFO - [2026-03-22T04:12:26.935+0000] {dag.py:3954} INFO - Setting next_dagrun for example_xcom to 2021-01-01 00:00:00+00:00, run_after=2021-01-01 00:00:00+00:00
[2026-03-22T04:12:26.944+0000] {processor.py:183} INFO - Processing /home/airflow/.local/lib/python3.12/site-packages/airflow/example_dags/example_xcom.py took 0.065 seconds
[2026-03-22T04:12:57.316+0000] {processor.py:161} INFO - Started process (PID=490) to work on /home/airflow/.local/lib/python3.12/site-packages/airflow/example_dags/example_xcom.py
[2026-03-22T04:12:57.318+0000] {processor.py:830} INFO - Processing file /home/airflow/.local/lib/python3.12/site-packages/airflow/example_dags/example_xcom.py for tasks to queue
[2026-03-22T04:12:57.321+0000] {logging_mixin.py:188} INFO - [2026-03-22T04:12:57.321+0000] {dagbag.py:545} INFO - Filling up the DagBag from /home/airflow/.local/lib/python3.12/site-packages/airflow/example_dags/example_xcom.py
[2026-03-22T04:12:57.334+0000] {processor.py:840} INFO - DAG(s) 'example_xcom' retrieved from /home/airflow/.local/lib/python3.12/site-packages/airflow/example_dags/example_xcom.py
[2026-03-22T04:12:57.354+0000] {logging_mixin.py:188} INFO - [2026-03-22T04:12:57.354+0000] {dag.py:3096} INFO - Sync 1 DAGs
[2026-03-22T04:12:57.372+0000] {logging_mixin.py:188} INFO - [2026-03-22T04:12:57.372+0000] {dag.py:3954} INFO - Setting next_dagrun for example_xcom to 2021-01-01 00:00:00+00:00, run_after=2021-01-01 00:00:00+00:00
[2026-03-22T04:12:57.391+0000] {processor.py:183} INFO - Processing /home/airflow/.local/lib/python3.12/site-packages/airflow/example_dags/example_xcom.py took 0.078 seconds
[2026-03-22T04:13:27.416+0000] {processor.py:161} INFO - Started process (PID=548) to work on /home/airflow/.local/lib/python3.12/site-packages/airflow/example_dags/example_xcom.py
[2026-03-22T04:13:27.417+0000] {processor.py:830} INFO - Processing file /home/airflow/.local/lib/python3.12/site-packages/airflow/example_dags/example_xcom.py for tasks to queue
[2026-03-22T04:13:27.419+0000] {logging_mixin.py:188} INFO - [2026-03-22T04:13:27.419+0000] {dagbag.py:545} INFO - Filling up the DagBag from /home/airflow/.local/lib/python3.12/site-packages/airflow/example_dags/example_xcom.py
[2026-03-22T04:13:27.424+0000] {processor.py:840} INFO - DAG(s) 'example_xcom' retrieved from /home/airflow/.local/lib/python3.12/site-packages/airflow/example_dags/example_xcom.py
[2026-03-22T04:13:27.436+0000] {logging_mixin.py:188} INFO - [2026-03-22T04:13:27.436+0000] {dag.py:3096} INFO - Sync 1 DAGs
[2026-03-22T04:13:27.444+0000] {logging_mixin.py:188} INFO - [2026-03-22T04:13:27.444+0000] {dag.py:3954} INFO - Setting next_dagrun for example_xcom to 2021-01-01 00:00:00+00:00, run_after=2021-01-01 00:00:00+00:00
[2026-03-22T04:13:27.450+0000] {processor.py:183} INFO - Processing /home/airflow/.local/lib/python3.12/site-packages/airflow/example_dags/example_xcom.py took 0.038 seconds
[2026-03-22T04:13:57.766+0000] {processor.py:161} INFO - Started process (PID=606) to work on /home/airflow/.local/lib/python3.12/site-packages/airflow/example_dags/example_xcom.py
[2026-03-22T04:13:57.766+0000] {processor.py:830} INFO - Processing file /home/airflow/.local/lib/python3.12/site-packages/airflow/example_dags/example_xcom.py for tasks to queue
[2026-03-22T04:13:57.768+0000] {logging_mixin.py:188} INFO - [2026-03-22T04:13:57.767+0000] {dagbag.py:545} INFO - Filling up the DagBag from /home/airflow/.local/lib/python3.12/site-packages/airflow/example_dags/example_xcom.py
[2026-03-22T04:13:57.772+0000] {processor.py:840} INFO - DAG(s) 'example_xcom' retrieved from /home/airflow/.local/lib/python3.12/site-packages/airflow/example_dags/example_xcom.py
[2026-03-22T04:13:57.782+0000] {logging_mixin.py:188} INFO - [2026-03-22T04:13:57.782+0000] {dag.py:3096} INFO - Sync 1 DAGs
[2026-03-22T04:13:57.792+0000] {logging_mixin.py:188} INFO - [2026-03-22T04:13:57.791+0000] {dag.py:3954} INFO - Setting next_dagrun for example_xcom to 2021-01-01 00:00:00+00:00, run_after=2021-01-01 00:00:00+00:00
[2026-03-22T04:13:57.799+0000] {processor.py:183} INFO - Processing /home/airflow/.local/lib/python3.12/site-packages/airflow/example_dags/example_xcom.py took 0.036 seconds
[2026-03-22T04:14:28.038+0000] {processor.py:161} INFO - Started process (PID=663) to work on /home/airflow/.local/lib/python3.12/site-packages/airflow/example_dags/example_xcom.py
[2026-03-22T04:14:28.039+0000] {processor.py:830} INFO - Processing file /home/airflow/.local/lib/python3.12/site-packages/airflow/example_dags/example_xcom.py for tasks to queue
[2026-03-22T04:14:28.040+0000] {logging_mixin.py:188} INFO - [2026-03-22T04:14:28.040+0000] {dagbag.py:545} INFO - Filling up the DagBag from /home/airflow/.local/lib/python3.12/site-packages/airflow/example_dags/example_xcom.py
[2026-03-22T04:14:28.048+0000] {processor.py:840} INFO - DAG(s) 'example_xcom' retrieved from /home/airflow/.local/lib/python3.12/site-packages/airflow/example_dags/example_xcom.py
[2026-03-22T04:14:28.059+0000] {logging_mixin.py:188} INFO - [2026-03-22T04:14:28.059+0000] {dag.py:3096} INFO - Sync 1 DAGs
[2026-03-22T04:14:28.074+0000] {logging_mixin.py:188} INFO - [2026-03-22T04:14:28.074+0000] {dag.py:3954} INFO - Setting next_dagrun for example_xcom to 2021-01-01 00:00:00+00:00, run_after=2021-01-01 00:00:00+00:00
[2026-03-22T04:14:28.081+0000] {processor.py:183} INFO - Processing /home/airflow/.local/lib/python3.12/site-packages/airflow/example_dags/example_xcom.py took 0.050 seconds
[2026-03-22T04:14:59.083+0000] {processor.py:161} INFO - Started process (PID=722) to work on /home/airflow/.local/lib/python3.12/site-packages/airflow/example_dags/example_xcom.py
[2026-03-22T04:14:59.084+0000] {processor.py:830} INFO - Processing file /home/airflow/.local/lib/python3.12/site-packages/airflow/example_dags/example_xcom.py for tasks to queue
[2026-03-22T04:14:59.085+0000] {logging_mixin.py:188} INFO - [2026-03-22T04:14:59.085+0000] {dagbag.py:545} INFO - Filling up the DagBag from /home/airflow/.local/lib/python3.12/site-packages/airflow/example_dags/example_xcom.py
[2026-03-22T04:14:59.090+0000] {processor.py:840} INFO - DAG(s) 'example_xcom' retrieved from /home/airflow/.local/lib/python3.12/site-packages/airflow/example_dags/example_xcom.py
[2026-03-22T04:14:59.099+0000] {logging_mixin.py:188} INFO - [2026-03-22T04:14:59.099+0000] {dag.py:3096} INFO - Sync 1 DAGs
[2026-03-22T04:14:59.111+0000] {logging_mixin.py:188} INFO - [2026-03-22T04:14:59.111+0000] {dag.py:3954} INFO - Setting next_dagrun for example_xcom to 2021-01-01 00:00:00+00:00, run_after=2021-01-01 00:00:00+00:00
[2026-03-22T04:14:59.120+0000] {processor.py:183} INFO - Processing /home/airflow/.local/lib/python3.12/site-packages/airflow/example_dags/example_xcom.py took 0.040 seconds
[2026-03-22T04:15:29.864+0000] {processor.py:161} INFO - Started process (PID=780) to work on /home/airflow/.local/lib/python3.12/site-packages/airflow/example_dags/example_xcom.py
[2026-03-22T04:15:29.865+0000] {processor.py:830} INFO - Processing file /home/airflow/.local/lib/python3.12/site-packages/airflow/example_dags/example_xcom.py for tasks to queue
[2026-03-22T04:15:29.866+0000] {logging_mixin.py:188} INFO - [2026-03-22T04:15:29.865+0000] {dagbag.py:545} INFO - Filling up the DagBag from /home/airflow/.local/lib/python3.12/site-packages/airflow/example_dags/example_xcom.py
[2026-03-22T04:15:29.872+0000] {processor.py:840} INFO - DAG(s) 'example_xcom' retrieved from /home/airflow/.local/lib/python3.12/site-packages/airflow/example_dags/example_xcom.py
[2026-03-22T04:15:29.884+0000] {logging_mixin.py:188} INFO - [2026-03-22T04:15:29.884+0000] {dag.py:3096} INFO - Sync 1 DAGs
[2026-03-22T04:15:29.893+0000] {logging_mixin.py:188} INFO - [2026-03-22T04:15:29.893+0000] {dag.py:3954} INFO - Setting next_dagrun for example_xcom to 2021-01-01 00:00:00+00:00, run_after=2021-01-01 00:00:00+00:00
[2026-03-22T04:15:29.900+0000] {processor.py:183} INFO - Processing /home/airflow/.local/lib/python3.12/site-packages/airflow/example_dags/example_xcom.py took 0.038 seconds
[2026-03-22T04:16:00.440+0000] {processor.py:161} INFO - Started process (PID=838) to work on /home/airflow/.local/lib/python3.12/site-packages/airflow/example_dags/example_xcom.py
[2026-03-22T04:16:00.441+0000] {processor.py:830} INFO - Processing file /home/airflow/.local/lib/python3.12/site-packages/airflow/example_dags/example_xcom.py for tasks to queue
[2026-03-22T04:16:00.442+0000] {logging_mixin.py:188} INFO - [2026-03-22T04:16:00.441+0000] {dagbag.py:545} INFO - Filling up the DagBag from /home/airflow/.local/lib/python3.12/site-packages/airflow/example_dags/example_xcom.py
[2026-03-22T04:16:00.445+0000] {processor.py:840} INFO - DAG(s) 'example_xcom' retrieved from /home/airflow/.local/lib/python3.12/site-packages/airflow/example_dags/example_xcom.py
[2026-03-22T04:16:00.454+0000] {logging_mixin.py:188} INFO - [2026-03-22T04:16:00.454+0000] {dag.py:3096} INFO - Sync 1 DAGs
[2026-03-22T04:16:00.464+0000] {logging_mixin.py:188} INFO - [2026-03-22T04:16:00.464+0000] {dag.py:3954} INFO - Setting next_dagrun for example_xcom to 2021-01-01 00:00:00+00:00, run_after=2021-01-01 00:00:00+00:00
[2026-03-22T04:16:00.470+0000] {processor.py:183} INFO - Processing /home/airflow/.local/lib/python3.12/site-packages/airflow/example_dags/example_xcom.py took 0.032 seconds
[2026-03-22T04:16:57.850+0000] {processor.py:161} INFO - Started process (PID=897) to work on /home/airflow/.local/lib/python3.12/site-packages/airflow/example_dags/example_xcom.py
[2026-03-22T04:16:57.869+0000] {processor.py:830} INFO - Processing file /home/airflow/.local/lib/python3.12/site-packages/airflow/example_dags/example_xcom.py for tasks to queue
[2026-03-22T04:16:57.897+0000] {logging_mixin.py:188} INFO - [2026-03-22T04:16:57.893+0000] {dagbag.py:545} INFO - Filling up the DagBag from /home/airflow/.local/lib/python3.12/site-packages/airflow/example_dags/example_xcom.py
[2026-03-22T04:16:58.104+0000] {processor.py:840} INFO - DAG(s) 'example_xcom' retrieved from /home/airflow/.local/lib/python3.12/site-packages/airflow/example_dags/example_xcom.py
[2026-03-22T04:16:59.654+0000] {logging_mixin.py:188} INFO - [2026-03-22T04:16:59.608+0000] {dag.py:3096} INFO - Sync 1 DAGs
[2026-03-22T04:17:00.192+0000] {logging_mixin.py:188} INFO - [2026-03-22T04:17:00.185+0000] {dag.py:3954} INFO - Setting next_dagrun for example_xcom to 2021-01-01 00:00:00+00:00, run_after=2021-01-01 00:00:00+00:00
[2026-03-22T04:17:01.002+0000] {processor.py:183} INFO - Processing /home/airflow/.local/lib/python3.12/site-packages/airflow/example_dags/example_xcom.py took 3.221 seconds
[2026-03-22T04:17:39.959+0000] {processor.py:161} INFO - Started process (PID=954) to work on /home/airflow/.local/lib/python3.12/site-packages/airflow/example_dags/example_xcom.py
[2026-03-22T04:17:39.961+0000] {processor.py:830} INFO - Processing file /home/airflow/.local/lib/python3.12/site-packages/airflow/example_dags/example_xcom.py for tasks to queue
[2026-03-22T04:17:39.965+0000] {logging_mixin.py:188} INFO - [2026-03-22T04:17:39.964+0000] {dagbag.py:545} INFO - Filling up the DagBag from /home/airflow/.local/lib/python3.12/site-packages/airflow/example_dags/example_xcom.py
[2026-03-22T04:17:39.980+0000] {processor.py:840} INFO - DAG(s) 'example_xcom' retrieved from /home/airflow/.local/lib/python3.12/site-packages/airflow/example_dags/example_xcom.py
[2026-03-22T04:17:40.037+0000] {logging_mixin.py:188} INFO - [2026-03-22T04:17:40.036+0000] {dag.py:3096} INFO - Sync 1 DAGs
[2026-03-22T04:17:40.066+0000] {logging_mixin.py:188} INFO - [2026-03-22T04:17:40.066+0000] {dag.py:3954} INFO - Setting next_dagrun for example_xcom to 2021-01-01 00:00:00+00:00, run_after=2021-01-01 00:00:00+00:00
[2026-03-22T04:17:40.100+0000] {processor.py:183} INFO - Processing /home/airflow/.local/lib/python3.12/site-packages/airflow/example_dags/example_xcom.py took 0.149 seconds
[2026-03-22T04:18:10.593+0000] {processor.py:161} INFO - Started process (PID=1010) to work on /home/airflow/.local/lib/python3.12/site-packages/airflow/example_dags/example_xcom.py
[2026-03-22T04:18:10.594+0000] {processor.py:830} INFO - Processing file /home/airflow/.local/lib/python3.12/site-packages/airflow/example_dags/example_xcom.py for tasks to queue
[2026-03-22T04:18:10.598+0000] {logging_mixin.py:188} INFO - [2026-03-22T04:18:10.597+0000] {dagbag.py:545} INFO - Filling up the DagBag from /home/airflow/.local/lib/python3.12/site-packages/airflow/example_dags/example_xcom.py
[2026-03-22T04:18:10.604+0000] {processor.py:840} INFO - DAG(s) 'example_xcom' retrieved from /home/airflow/.local/lib/python3.12/site-packages/airflow/example_dags/example_xcom.py
[2026-03-22T04:18:10.618+0000] {logging_mixin.py:188} INFO - [2026-03-22T04:18:10.618+0000] {dag.py:3096} INFO - Sync 1 DAGs
[2026-03-22T04:18:10.632+0000] {logging_mixin.py:188} INFO - [2026-03-22T04:18:10.632+0000] {dag.py:3954} INFO - Setting next_dagrun for example_xcom to 2021-01-01 00:00:00+00:00, run_after=2021-01-01 00:00:00+00:00
[2026-03-22T04:18:10.642+0000] {processor.py:183} INFO - Processing /home/airflow/.local/lib/python3.12/site-packages/airflow/example_dags/example_xcom.py took 0.053 seconds
[2026-03-22T04:18:41.484+0000] {processor.py:161} INFO - Started process (PID=1067) to work on /home/airflow/.local/lib/python3.12/site-packages/airflow/example_dags/example_xcom.py
[2026-03-22T04:18:41.485+0000] {processor.py:830} INFO - Processing file /home/airflow/.local/lib/python3.12/site-packages/airflow/example_dags/example_xcom.py for tasks to queue
[2026-03-22T04:18:41.486+0000] {logging_mixin.py:188} INFO - [2026-03-22T04:18:41.486+0000] {dagbag.py:545} INFO - Filling up the DagBag from /home/airflow/.local/lib/python3.12/site-packages/airflow/example_dags/example_xcom.py
[2026-03-22T04:18:41.494+0000] {processor.py:840} INFO - DAG(s) 'example_xcom' retrieved from /home/airflow/.local/lib/python3.12/site-packages/airflow/example_dags/example_xcom.py
[2026-03-22T04:18:41.512+0000] {logging_mixin.py:188} INFO - [2026-03-22T04:18:41.512+0000] {dag.py:3096} INFO - Sync 1 DAGs
[2026-03-22T04:18:41.521+0000] {logging_mixin.py:188} INFO - [2026-03-22T04:18:41.521+0000] {dag.py:3954} INFO - Setting next_dagrun for example_xcom to 2021-01-01 00:00:00+00:00, run_after=2021-01-01 00:00:00+00:00
[2026-03-22T04:18:41.530+0000] {processor.py:183} INFO - Processing /home/airflow/.local/lib/python3.12/site-packages/airflow/example_dags/example_xcom.py took 0.049 seconds
[2026-03-22T04:19:11.759+0000] {processor.py:161} INFO - Started process (PID=1125) to work on /home/airflow/.local/lib/python3.12/site-packages/airflow/example_dags/example_xcom.py
[2026-03-22T04:19:11.761+0000] {processor.py:830} INFO - Processing file /home/airflow/.local/lib/python3.12/site-packages/airflow/example_dags/example_xcom.py for tasks to queue
[2026-03-22T04:19:11.762+0000] {logging_mixin.py:188} INFO - [2026-03-22T04:19:11.762+0000] {dagbag.py:545} INFO - Filling up the DagBag from /home/airflow/.local/lib/python3.12/site-packages/airflow/example_dags/example_xcom.py
[2026-03-22T04:19:11.766+0000] {processor.py:840} INFO - DAG(s) 'example_xcom' retrieved from /home/airflow/.local/lib/python3.12/site-packages/airflow/example_dags/example_xcom.py
[2026-03-22T04:19:11.776+0000] {logging_mixin.py:188} INFO - [2026-03-22T04:19:11.776+0000] {dag.py:3096} INFO - Sync 1 DAGs
[2026-03-22T04:19:11.786+0000] {logging_mixin.py:188} INFO - [2026-03-22T04:19:11.786+0000] {dag.py:3954} INFO - Setting next_dagrun for example_xcom to 2021-01-01 00:00:00+00:00, run_after=2021-01-01 00:00:00+00:00
[2026-03-22T04:19:11.793+0000] {processor.py:183} INFO - Processing /home/airflow/.local/lib/python3.12/site-packages/airflow/example_dags/example_xcom.py took 0.037 seconds
[2026-03-22T04:19:41.934+0000] {processor.py:161} INFO - Started process (PID=1183) to work on /home/airflow/.local/lib/python3.12/site-packages/airflow/example_dags/example_xcom.py
[2026-03-22T04:19:41.935+0000] {processor.py:830} INFO - Processing file /home/airflow/.local/lib/python3.12/site-packages/airflow/example_dags/example_xcom.py for tasks to queue
[2026-03-22T04:19:41.936+0000] {logging_mixin.py:188} INFO - [2026-03-22T04:19:41.936+0000] {dagbag.py:545} INFO - Filling up the DagBag from /home/airflow/.local/lib/python3.12/site-packages/airflow/example_dags/example_xcom.py
[2026-03-22T04:19:41.941+0000] {processor.py:840} INFO - DAG(s) 'example_xcom' retrieved from /home/airflow/.local/lib/python3.12/site-packages/airflow/example_dags/example_xcom.py
[2026-03-22T04:19:41.952+0000] {logging_mixin.py:188} INFO - [2026-03-22T04:19:41.951+0000] {dag.py:3096} INFO - Sync 1 DAGs
[2026-03-22T04:19:41.966+0000] {logging_mixin.py:188} INFO - [2026-03-22T04:19:41.966+0000] {dag.py:3954} INFO - Setting next_dagrun for example_xcom to 2021-01-01 00:00:00+00:00, run_after=2021-01-01 00:00:00+00:00
[2026-03-22T04:19:41.974+0000] {processor.py:183} INFO - Processing /home/airflow/.local/lib/python3.12/site-packages/airflow/example_dags/example_xcom.py took 0.043 seconds
[2026-03-22T04:20:12.765+0000] {processor.py:161} INFO - Started process (PID=1241) to work on /home/airflow/.local/lib/python3.12/site-packages/airflow/example_dags/example_xcom.py
[2026-03-22T04:20:12.766+0000] {processor.py:830} INFO - Processing file /home/airflow/.local/lib/python3.12/site-packages/airflow/example_dags/example_xcom.py for tasks to queue
[2026-03-22T04:20:12.767+0000] {logging_mixin.py:188} INFO - [2026-03-22T04:20:12.767+0000] {dagbag.py:545} INFO - Filling up the DagBag from /home/airflow/.local/lib/python3.12/site-packages/airflow/example_dags/example_xcom.py
[2026-03-22T04:20:12.771+0000] {processor.py:840} INFO - DAG(s) 'example_xcom' retrieved from /home/airflow/.local/lib/python3.12/site-packages/airflow/example_dags/example_xcom.py
[2026-03-22T04:20:12.780+0000] {logging_mixin.py:188} INFO - [2026-03-22T04:20:12.779+0000] {dag.py:3096} INFO - Sync 1 DAGs
[2026-03-22T04:20:12.787+0000] {logging_mixin.py:188} INFO - [2026-03-22T04:20:12.786+0000] {dag.py:3954} INFO - Setting next_dagrun for example_xcom to 2021-01-01 00:00:00+00:00, run_after=2021-01-01 00:00:00+00:00
[2026-03-22T04:20:12.792+0000] {processor.py:183} INFO - Processing /home/airflow/.local/lib/python3.12/site-packages/airflow/example_dags/example_xcom.py took 0.031 seconds
[2026-03-22T04:20:43.465+0000] {processor.py:161} INFO - Started process (PID=1299) to work on /home/airflow/.local/lib/python3.12/site-packages/airflow/example_dags/example_xcom.py
[2026-03-22T04:20:43.467+0000] {processor.py:830} INFO - Processing file /home/airflow/.local/lib/python3.12/site-packages/airflow/example_dags/example_xcom.py for tasks to queue
[2026-03-22T04:20:43.468+0000] {logging_mixin.py:188} INFO - [2026-03-22T04:20:43.467+0000] {dagbag.py:545} INFO - Filling up the DagBag from /home/airflow/.local/lib/python3.12/site-packages/airflow/example_dags/example_xcom.py
[2026-03-22T04:20:43.472+0000] {processor.py:840} INFO - DAG(s) 'example_xcom' retrieved from /home/airflow/.local/lib/python3.12/site-packages/airflow/example_dags/example_xcom.py
[2026-03-22T04:20:43.482+0000] {logging_mixin.py:188} INFO - [2026-03-22T04:20:43.481+0000] {dag.py:3096} INFO - Sync 1 DAGs
[2026-03-22T04:20:43.492+0000] {logging_mixin.py:188} INFO - [2026-03-22T04:20:43.491+0000] {dag.py:3954} INFO - Setting next_dagrun for example_xcom to 2021-01-01 00:00:00+00:00, run_after=2021-01-01 00:00:00+00:00
[2026-03-22T04:20:43.498+0000] {processor.py:183} INFO - Processing /home/airflow/.local/lib/python3.12/site-packages/airflow/example_dags/example_xcom.py took 0.036 seconds
[2026-03-22T04:21:14.422+0000] {processor.py:161} INFO - Started process (PID=1356) to work on /home/airflow/.local/lib/python3.12/site-packages/airflow/example_dags/example_xcom.py
[2026-03-22T04:21:14.423+0000] {processor.py:830} INFO - Processing file /home/airflow/.local/lib/python3.12/site-packages/airflow/example_dags/example_xcom.py for tasks to queue
[2026-03-22T04:21:14.425+0000] {logging_mixin.py:188} INFO - [2026-03-22T04:21:14.424+0000] {dagbag.py:545} INFO - Filling up the DagBag from /home/airflow/.local/lib/python3.12/site-packages/airflow/example_dags/example_xcom.py
[2026-03-22T04:21:14.429+0000] {processor.py:840} INFO - DAG(s) 'example_xcom' retrieved from /home/airflow/.local/lib/python3.12/site-packages/airflow/example_dags/example_xcom.py
[2026-03-22T04:21:14.440+0000] {logging_mixin.py:188} INFO - [2026-03-22T04:21:14.440+0000] {dag.py:3096} INFO - Sync 1 DAGs
[2026-03-22T04:21:14.450+0000] {logging_mixin.py:188} INFO - [2026-03-22T04:21:14.450+0000] {dag.py:3954} INFO - Setting next_dagrun for example_xcom to 2021-01-01 00:00:00+00:00, run_after=2021-01-01 00:00:00+00:00
[2026-03-22T04:21:14.456+0000] {processor.py:183} INFO - Processing /home/airflow/.local/lib/python3.12/site-packages/airflow/example_dags/example_xcom.py took 0.037 seconds
[2026-03-22T04:21:44.481+0000] {processor.py:161} INFO - Started process (PID=1414) to work on /home/airflow/.local/lib/python3.12/site-packages/airflow/example_dags/example_xcom.py
[2026-03-22T04:21:44.482+0000] {processor.py:830} INFO - Processing file /home/airflow/.local/lib/python3.12/site-packages/airflow/example_dags/example_xcom.py for tasks to queue
[2026-03-22T04:21:44.483+0000] {logging_mixin.py:188} INFO - [2026-03-22T04:21:44.483+0000] {dagbag.py:545} INFO - Filling up the DagBag from /home/airflow/.local/lib/python3.12/site-packages/airflow/example_dags/example_xcom.py
[2026-03-22T04:21:44.487+0000] {processor.py:840} INFO - DAG(s) 'example_xcom' retrieved from /home/airflow/.local/lib/python3.12/site-packages/airflow/example_dags/example_xcom.py
[2026-03-22T04:21:44.500+0000] {logging_mixin.py:188} INFO - [2026-03-22T04:21:44.500+0000] {dag.py:3096} INFO - Sync 1 DAGs
[2026-03-22T04:21:44.508+0000] {logging_mixin.py:188} INFO - [2026-03-22T04:21:44.508+0000] {dag.py:3954} INFO - Setting next_dagrun for example_xcom to 2021-01-01 00:00:00+00:00, run_after=2021-01-01 00:00:00+00:00
[2026-03-22T04:21:44.515+0000] {processor.py:183} INFO - Processing /home/airflow/.local/lib/python3.12/site-packages/airflow/example_dags/example_xcom.py took 0.036 seconds
[2026-03-22T04:23:06.323+0000] {processor.py:161} INFO - Started process (PID=1482) to work on /home/airflow/.local/lib/python3.12/site-packages/airflow/example_dags/example_xcom.py
[2026-03-22T04:23:06.326+0000] {processor.py:830} INFO - Processing file /home/airflow/.local/lib/python3.12/site-packages/airflow/example_dags/example_xcom.py for tasks to queue
[2026-03-22T04:23:06.332+0000] {logging_mixin.py:188} INFO - [2026-03-22T04:23:06.330+0000] {dagbag.py:545} INFO - Filling up the DagBag from /home/airflow/.local/lib/python3.12/site-packages/airflow/example_dags/example_xcom.py
[2026-03-22T04:23:06.366+0000] {processor.py:840} INFO - DAG(s) 'example_xcom' retrieved from /home/airflow/.local/lib/python3.12/site-packages/airflow/example_dags/example_xcom.py
[2026-03-22T04:23:06.477+0000] {logging_mixin.py:188} INFO - [2026-03-22T04:23:06.476+0000] {dag.py:3096} INFO - Sync 1 DAGs
[2026-03-22T04:23:06.597+0000] {logging_mixin.py:188} INFO - [2026-03-22T04:23:06.596+0000] {dag.py:3954} INFO - Setting next_dagrun for example_xcom to 2021-01-01 00:00:00+00:00, run_after=2021-01-01 00:00:00+00:00
[2026-03-22T04:23:06.632+0000] {processor.py:183} INFO - Processing /home/airflow/.local/lib/python3.12/site-packages/airflow/example_dags/example_xcom.py took 0.322 seconds
[2026-03-22T04:23:37.054+0000] {processor.py:161} INFO - Started process (PID=1531) to work on /home/airflow/.local/lib/python3.12/site-packages/airflow/example_dags/example_xcom.py
[2026-03-22T04:23:37.056+0000] {processor.py:830} INFO - Processing file /home/airflow/.local/lib/python3.12/site-packages/airflow/example_dags/example_xcom.py for tasks to queue
[2026-03-22T04:23:37.058+0000] {logging_mixin.py:188} INFO - [2026-03-22T04:23:37.058+0000] {dagbag.py:545} INFO - Filling up the DagBag from /home/airflow/.local/lib/python3.12/site-packages/airflow/example_dags/example_xcom.py
[2026-03-22T04:23:37.069+0000] {processor.py:840} INFO - DAG(s) 'example_xcom' retrieved from /home/airflow/.local/lib/python3.12/site-packages/airflow/example_dags/example_xcom.py
[2026-03-22T04:23:37.083+0000] {logging_mixin.py:188} INFO - [2026-03-22T04:23:37.082+0000] {dag.py:3096} INFO - Sync 1 DAGs
[2026-03-22T04:23:37.099+0000] {logging_mixin.py:188} INFO - [2026-03-22T04:23:37.099+0000] {dag.py:3954} INFO - Setting next_dagrun for example_xcom to 2021-01-01 00:00:00+00:00, run_after=2021-01-01 00:00:00+00:00
[2026-03-22T04:23:37.112+0000] {processor.py:183} INFO - Processing /home/airflow/.local/lib/python3.12/site-packages/airflow/example_dags/example_xcom.py took 0.062 seconds
[2026-03-22T04:24:07.789+0000] {processor.py:161} INFO - Started process (PID=1589) to work on /home/airflow/.local/lib/python3.12/site-packages/airflow/example_dags/example_xcom.py
[2026-03-22T04:24:07.789+0000] {processor.py:830} INFO - Processing file /home/airflow/.local/lib/python3.12/site-packages/airflow/example_dags/example_xcom.py for tasks to queue
[2026-03-22T04:24:07.791+0000] {logging_mixin.py:188} INFO - [2026-03-22T04:24:07.790+0000] {dagbag.py:545} INFO - Filling up the DagBag from /home/airflow/.local/lib/python3.12/site-packages/airflow/example_dags/example_xcom.py
[2026-03-22T04:24:07.795+0000] {processor.py:840} INFO - DAG(s) 'example_xcom' retrieved from /home/airflow/.local/lib/python3.12/site-packages/airflow/example_dags/example_xcom.py
[2026-03-22T04:24:07.814+0000] {logging_mixin.py:188} INFO - [2026-03-22T04:24:07.814+0000] {dag.py:3096} INFO - Sync 1 DAGs
[2026-03-22T04:24:07.829+0000] {logging_mixin.py:188} INFO - [2026-03-22T04:24:07.829+0000] {dag.py:3954} INFO - Setting next_dagrun for example_xcom to 2021-01-01 00:00:00+00:00, run_after=2021-01-01 00:00:00+00:00
[2026-03-22T04:24:07.841+0000] {processor.py:183} INFO - Processing /home/airflow/.local/lib/python3.12/site-packages/airflow/example_dags/example_xcom.py took 0.056 seconds
[2026-03-22T04:25:25.758+0000] {processor.py:161} INFO - Started process (PID=1657) to work on /home/airflow/.local/lib/python3.12/site-packages/airflow/example_dags/example_xcom.py
[2026-03-22T04:25:25.765+0000] {processor.py:830} INFO - Processing file /home/airflow/.local/lib/python3.12/site-packages/airflow/example_dags/example_xcom.py for tasks to queue
[2026-03-22T04:25:25.779+0000] {logging_mixin.py:188} INFO - [2026-03-22T04:25:25.778+0000] {dagbag.py:545} INFO - Filling up the DagBag from /home/airflow/.local/lib/python3.12/site-packages/airflow/example_dags/example_xcom.py
[2026-03-22T04:25:25.819+0000] {processor.py:840} INFO - DAG(s) 'example_xcom' retrieved from /home/airflow/.local/lib/python3.12/site-packages/airflow/example_dags/example_xcom.py
[2026-03-22T04:25:25.918+0000] {logging_mixin.py:188} INFO - [2026-03-22T04:25:25.917+0000] {dag.py:3096} INFO - Sync 1 DAGs
[2026-03-22T04:25:26.000+0000] {logging_mixin.py:188} INFO - [2026-03-22T04:25:25.999+0000] {dag.py:3954} INFO - Setting next_dagrun for example_xcom to 2021-01-01 00:00:00+00:00, run_after=2021-01-01 00:00:00+00:00
[2026-03-22T04:25:26.060+0000] {processor.py:183} INFO - Processing /home/airflow/.local/lib/python3.12/site-packages/airflow/example_dags/example_xcom.py took 0.343 seconds
[2026-03-22T04:25:56.625+0000] {processor.py:161} INFO - Started process (PID=1714) to work on /home/airflow/.local/lib/python3.12/site-packages/airflow/example_dags/example_xcom.py
[2026-03-22T04:25:56.635+0000] {processor.py:830} INFO - Processing file /home/airflow/.local/lib/python3.12/site-packages/airflow/example_dags/example_xcom.py for tasks to queue
[2026-03-22T04:25:56.662+0000] {logging_mixin.py:188} INFO - [2026-03-22T04:25:56.661+0000] {dagbag.py:545} INFO - Filling up the DagBag from /home/airflow/.local/lib/python3.12/site-packages/airflow/example_dags/example_xcom.py
[2026-03-22T04:25:56.754+0000] {processor.py:840} INFO - DAG(s) 'example_xcom' retrieved from /home/airflow/.local/lib/python3.12/site-packages/airflow/example_dags/example_xcom.py
[2026-03-22T04:25:56.868+0000] {logging_mixin.py:188} INFO - [2026-03-22T04:25:56.868+0000] {dag.py:3096} INFO - Sync 1 DAGs
[2026-03-22T04:25:56.918+0000] {logging_mixin.py:188} INFO - [2026-03-22T04:25:56.918+0000] {dag.py:3954} INFO - Setting next_dagrun for example_xcom to 2021-01-01 00:00:00+00:00, run_after=2021-01-01 00:00:00+00:00
[2026-03-22T04:25:56.949+0000] {processor.py:183} INFO - Processing /home/airflow/.local/lib/python3.12/site-packages/airflow/example_dags/example_xcom.py took 0.357 seconds
[2026-03-22T04:28:50.174+0000] {processor.py:161} INFO - Started process (PID=1774) to work on /home/airflow/.local/lib/python3.12/site-packages/airflow/example_dags/example_xcom.py
[2026-03-22T04:28:50.299+0000] {processor.py:830} INFO - Processing file /home/airflow/.local/lib/python3.12/site-packages/airflow/example_dags/example_xcom.py for tasks to queue
[2026-03-22T04:28:50.415+0000] {logging_mixin.py:188} INFO - [2026-03-22T04:28:50.404+0000] {dagbag.py:545} INFO - Filling up the DagBag from /home/airflow/.local/lib/python3.12/site-packages/airflow/example_dags/example_xcom.py
[2026-03-22T04:28:51.200+0000] {processor.py:840} INFO - DAG(s) 'example_xcom' retrieved from /home/airflow/.local/lib/python3.12/site-packages/airflow/example_dags/example_xcom.py
[2026-03-22T04:28:56.740+0000] {logging_mixin.py:188} INFO - [2026-03-22T04:28:56.671+0000] {dag.py:3096} INFO - Sync 1 DAGs
[2026-03-22T04:29:10.751+0000] {logging_mixin.py:188} INFO - [2026-03-22T04:29:10.651+0000] {dag.py:3954} INFO - Setting next_dagrun for example_xcom to 2021-01-01 00:00:00+00:00, run_after=2021-01-01 00:00:00+00:00
[2026-03-22T04:29:14.583+0000] {processor.py:183} INFO - Processing /home/airflow/.local/lib/python3.12/site-packages/airflow/example_dags/example_xcom.py took 24.697 seconds
[2026-03-22T04:34:56.798+0000] {processor.py:161} INFO - Started process (PID=1861) to work on /home/airflow/.local/lib/python3.12/site-packages/airflow/example_dags/example_xcom.py
[2026-03-22T04:34:56.841+0000] {processor.py:830} INFO - Processing file /home/airflow/.local/lib/python3.12/site-packages/airflow/example_dags/example_xcom.py for tasks to queue
[2026-03-22T04:34:56.882+0000] {logging_mixin.py:188} INFO - [2026-03-22T04:34:56.864+0000] {dagbag.py:545} INFO - Filling up the DagBag from /home/airflow/.local/lib/python3.12/site-packages/airflow/example_dags/example_xcom.py
[2026-03-22T04:34:57.477+0000] {processor.py:840} INFO - DAG(s) 'example_xcom' retrieved from /home/airflow/.local/lib/python3.12/site-packages/airflow/example_dags/example_xcom.py
[2026-03-22T04:34:58.666+0000] {logging_mixin.py:188} INFO - [2026-03-22T04:34:58.641+0000] {dag.py:3096} INFO - Sync 1 DAGs
[2026-03-22T04:34:59.508+0000] {logging_mixin.py:188} INFO - [2026-03-22T04:34:59.366+0000] {dag.py:3954} INFO - Setting next_dagrun for example_xcom to 2021-01-01 00:00:00+00:00, run_after=2021-01-01 00:00:00+00:00
[2026-03-22T04:34:59.799+0000] {processor.py:183} INFO - Processing /home/airflow/.local/lib/python3.12/site-packages/airflow/example_dags/example_xcom.py took 3.469 seconds
[2026-03-22T04:38:19.845+0000] {processor.py:161} INFO - Started process (PID=1934) to work on /home/airflow/.local/lib/python3.12/site-packages/airflow/example_dags/example_xcom.py
[2026-03-22T04:38:19.917+0000] {processor.py:830} INFO - Processing file /home/airflow/.local/lib/python3.12/site-packages/airflow/example_dags/example_xcom.py for tasks to queue
[2026-03-22T04:38:20.037+0000] {logging_mixin.py:188} INFO - [2026-03-22T04:38:20.017+0000] {dagbag.py:545} INFO - Filling up the DagBag from /home/airflow/.local/lib/python3.12/site-packages/airflow/example_dags/example_xcom.py
[2026-03-22T04:38:20.351+0000] {processor.py:840} INFO - DAG(s) 'example_xcom' retrieved from /home/airflow/.local/lib/python3.12/site-packages/airflow/example_dags/example_xcom.py
[2026-03-22T04:38:21.871+0000] {logging_mixin.py:188} INFO - [2026-03-22T04:38:21.869+0000] {dag.py:3096} INFO - Sync 1 DAGs
[2026-03-22T04:38:22.248+0000] {logging_mixin.py:188} INFO - [2026-03-22T04:38:22.242+0000] {dag.py:3954} INFO - Setting next_dagrun for example_xcom to 2021-01-01 00:00:00+00:00, run_after=2021-01-01 00:00:00+00:00
[2026-03-22T04:38:22.686+0000] {processor.py:183} INFO - Processing /home/airflow/.local/lib/python3.12/site-packages/airflow/example_dags/example_xcom.py took 3.263 seconds
[2026-03-22T04:39:52.640+0000] {processor.py:161} INFO - Started process (PID=2013) to work on /home/airflow/.local/lib/python3.12/site-packages/airflow/example_dags/example_xcom.py
[2026-03-22T04:39:52.651+0000] {processor.py:830} INFO - Processing file /home/airflow/.local/lib/python3.12/site-packages/airflow/example_dags/example_xcom.py for tasks to queue
[2026-03-22T04:39:52.677+0000] {logging_mixin.py:188} INFO - [2026-03-22T04:39:52.675+0000] {dagbag.py:545} INFO - Filling up the DagBag from /home/airflow/.local/lib/python3.12/site-packages/airflow/example_dags/example_xcom.py
[2026-03-22T04:39:52.758+0000] {processor.py:840} INFO - DAG(s) 'example_xcom' retrieved from /home/airflow/.local/lib/python3.12/site-packages/airflow/example_dags/example_xcom.py
[2026-03-22T04:39:52.967+0000] {logging_mixin.py:188} INFO - [2026-03-22T04:39:52.963+0000] {dag.py:3096} INFO - Sync 1 DAGs
[2026-03-22T04:39:53.060+0000] {logging_mixin.py:188} INFO - [2026-03-22T04:39:53.060+0000] {dag.py:3954} INFO - Setting next_dagrun for example_xcom to 2021-01-01 00:00:00+00:00, run_after=2021-01-01 00:00:00+00:00
[2026-03-22T04:39:53.220+0000] {processor.py:183} INFO - Processing /home/airflow/.local/lib/python3.12/site-packages/airflow/example_dags/example_xcom.py took 0.674 seconds
[2026-03-22T04:41:03.208+0000] {processor.py:161} INFO - Started process (PID=2081) to work on /home/airflow/.local/lib/python3.12/site-packages/airflow/example_dags/example_xcom.py
[2026-03-22T04:41:03.212+0000] {processor.py:830} INFO - Processing file /home/airflow/.local/lib/python3.12/site-packages/airflow/example_dags/example_xcom.py for tasks to queue
[2026-03-22T04:41:03.300+0000] {logging_mixin.py:188} INFO - [2026-03-22T04:41:03.271+0000] {dagbag.py:545} INFO - Filling up the DagBag from /home/airflow/.local/lib/python3.12/site-packages/airflow/example_dags/example_xcom.py
[2026-03-22T04:41:03.485+0000] {processor.py:840} INFO - DAG(s) 'example_xcom' retrieved from /home/airflow/.local/lib/python3.12/site-packages/airflow/example_dags/example_xcom.py
[2026-03-22T04:41:03.872+0000] {logging_mixin.py:188} INFO - [2026-03-22T04:41:03.867+0000] {dag.py:3096} INFO - Sync 1 DAGs
[2026-03-22T04:41:03.998+0000] {logging_mixin.py:188} INFO - [2026-03-22T04:41:03.997+0000] {dag.py:3954} INFO - Setting next_dagrun for example_xcom to 2021-01-01 00:00:00+00:00, run_after=2021-01-01 00:00:00+00:00
[2026-03-22T04:41:04.347+0000] {processor.py:183} INFO - Processing /home/airflow/.local/lib/python3.12/site-packages/airflow/example_dags/example_xcom.py took 1.290 seconds
[2026-03-22T04:41:55.923+0000] {processor.py:161} INFO - Started process (PID=2145) to work on /home/airflow/.local/lib/python3.12/site-packages/airflow/example_dags/example_xcom.py
[2026-03-22T04:41:55.928+0000] {processor.py:830} INFO - Processing file /home/airflow/.local/lib/python3.12/site-packages/airflow/example_dags/example_xcom.py for tasks to queue
[2026-03-22T04:41:55.935+0000] {logging_mixin.py:188} INFO - [2026-03-22T04:41:55.935+0000] {dagbag.py:545} INFO - Filling up the DagBag from /home/airflow/.local/lib/python3.12/site-packages/airflow/example_dags/example_xcom.py
[2026-03-22T04:41:55.953+0000] {processor.py:840} INFO - DAG(s) 'example_xcom' retrieved from /home/airflow/.local/lib/python3.12/site-packages/airflow/example_dags/example_xcom.py
[2026-03-22T04:41:56.112+0000] {logging_mixin.py:188} INFO - [2026-03-22T04:41:56.109+0000] {dag.py:3096} INFO - Sync 1 DAGs
[2026-03-22T04:41:56.228+0000] {logging_mixin.py:188} INFO - [2026-03-22T04:41:56.226+0000] {dag.py:3954} INFO - Setting next_dagrun for example_xcom to 2021-01-01 00:00:00+00:00, run_after=2021-01-01 00:00:00+00:00
[2026-03-22T04:41:56.469+0000] {processor.py:183} INFO - Processing /home/airflow/.local/lib/python3.12/site-packages/airflow/example_dags/example_xcom.py took 0.562 seconds
[2026-03-22T04:42:37.388+0000] {processor.py:161} INFO - Started process (PID=2205) to work on /home/airflow/.local/lib/python3.12/site-packages/airflow/example_dags/example_xcom.py
[2026-03-22T04:42:37.389+0000] {processor.py:830} INFO - Processing file /home/airflow/.local/lib/python3.12/site-packages/airflow/example_dags/example_xcom.py for tasks to queue
[2026-03-22T04:42:37.398+0000] {logging_mixin.py:188} INFO - [2026-03-22T04:42:37.397+0000] {dagbag.py:545} INFO - Filling up the DagBag from /home/airflow/.local/lib/python3.12/site-packages/airflow/example_dags/example_xcom.py
[2026-03-22T04:42:37.402+0000] {processor.py:840} INFO - DAG(s) 'example_xcom' retrieved from /home/airflow/.local/lib/python3.12/site-packages/airflow/example_dags/example_xcom.py
[2026-03-22T04:42:37.422+0000] {logging_mixin.py:188} INFO - [2026-03-22T04:42:37.421+0000] {dag.py:3096} INFO - Sync 1 DAGs
[2026-03-22T04:42:37.447+0000] {logging_mixin.py:188} INFO - [2026-03-22T04:42:37.446+0000] {dag.py:3954} INFO - Setting next_dagrun for example_xcom to 2021-01-01 00:00:00+00:00, run_after=2021-01-01 00:00:00+00:00
[2026-03-22T04:42:37.460+0000] {processor.py:183} INFO - Processing /home/airflow/.local/lib/python3.12/site-packages/airflow/example_dags/example_xcom.py took 0.077 seconds
