[2026-03-22T04:09:21.157+0000] {processor.py:161} INFO - Started process (PID=72) to work on /home/airflow/.local/lib/python3.12/site-packages/airflow/example_dags/example_latest_only_with_trigger.py
[2026-03-22T04:09:21.158+0000] {processor.py:830} INFO - Processing file /home/airflow/.local/lib/python3.12/site-packages/airflow/example_dags/example_latest_only_with_trigger.py for tasks to queue
[2026-03-22T04:09:21.160+0000] {logging_mixin.py:188} INFO - [2026-03-22T04:09:21.160+0000] {dagbag.py:545} INFO - Filling up the DagBag from /home/airflow/.local/lib/python3.12/site-packages/airflow/example_dags/example_latest_only_with_trigger.py
[2026-03-22T04:09:21.199+0000] {processor.py:840} INFO - DAG(s) 'latest_only_with_trigger' retrieved from /home/airflow/.local/lib/python3.12/site-packages/airflow/example_dags/example_latest_only_with_trigger.py
[2026-03-22T04:09:21.410+0000] {logging_mixin.py:188} INFO - [2026-03-22T04:09:21.410+0000] {dag.py:3096} INFO - Sync 1 DAGs
[2026-03-22T04:09:21.442+0000] {logging_mixin.py:188} INFO - [2026-03-22T04:09:21.442+0000] {dag.py:3954} INFO - Setting next_dagrun for latest_only_with_trigger to 2026-03-22 00:00:00+00:00, run_after=2026-03-22 04:00:00+00:00
[2026-03-22T04:09:21.454+0000] {processor.py:183} INFO - Processing /home/airflow/.local/lib/python3.12/site-packages/airflow/example_dags/example_latest_only_with_trigger.py took 0.304 seconds
[2026-03-22T04:09:52.442+0000] {processor.py:161} INFO - Started process (PID=130) to work on /home/airflow/.local/lib/python3.12/site-packages/airflow/example_dags/example_latest_only_with_trigger.py
[2026-03-22T04:09:52.456+0000] {processor.py:830} INFO - Processing file /home/airflow/.local/lib/python3.12/site-packages/airflow/example_dags/example_latest_only_with_trigger.py for tasks to queue
[2026-03-22T04:09:52.462+0000] {logging_mixin.py:188} INFO - [2026-03-22T04:09:52.461+0000] {dagbag.py:545} INFO - Filling up the DagBag from /home/airflow/.local/lib/python3.12/site-packages/airflow/example_dags/example_latest_only_with_trigger.py
[2026-03-22T04:09:52.485+0000] {processor.py:840} INFO - DAG(s) 'latest_only_with_trigger' retrieved from /home/airflow/.local/lib/python3.12/site-packages/airflow/example_dags/example_latest_only_with_trigger.py
[2026-03-22T04:09:52.569+0000] {logging_mixin.py:188} INFO - [2026-03-22T04:09:52.569+0000] {dag.py:3096} INFO - Sync 1 DAGs
[2026-03-22T04:09:52.611+0000] {logging_mixin.py:188} INFO - [2026-03-22T04:09:52.611+0000] {dag.py:3954} INFO - Setting next_dagrun for latest_only_with_trigger to 2026-03-22 00:00:00+00:00, run_after=2026-03-22 04:00:00+00:00
[2026-03-22T04:09:52.637+0000] {processor.py:183} INFO - Processing /home/airflow/.local/lib/python3.12/site-packages/airflow/example_dags/example_latest_only_with_trigger.py took 0.201 seconds
[2026-03-22T04:10:22.993+0000] {processor.py:161} INFO - Started process (PID=188) to work on /home/airflow/.local/lib/python3.12/site-packages/airflow/example_dags/example_latest_only_with_trigger.py
[2026-03-22T04:10:22.998+0000] {processor.py:830} INFO - Processing file /home/airflow/.local/lib/python3.12/site-packages/airflow/example_dags/example_latest_only_with_trigger.py for tasks to queue
[2026-03-22T04:10:23.004+0000] {logging_mixin.py:188} INFO - [2026-03-22T04:10:23.004+0000] {dagbag.py:545} INFO - Filling up the DagBag from /home/airflow/.local/lib/python3.12/site-packages/airflow/example_dags/example_latest_only_with_trigger.py
[2026-03-22T04:10:23.015+0000] {processor.py:840} INFO - DAG(s) 'latest_only_with_trigger' retrieved from /home/airflow/.local/lib/python3.12/site-packages/airflow/example_dags/example_latest_only_with_trigger.py
[2026-03-22T04:10:23.043+0000] {logging_mixin.py:188} INFO - [2026-03-22T04:10:23.043+0000] {dag.py:3096} INFO - Sync 1 DAGs
[2026-03-22T04:10:23.075+0000] {logging_mixin.py:188} INFO - [2026-03-22T04:10:23.075+0000] {dag.py:3954} INFO - Setting next_dagrun for latest_only_with_trigger to 2026-03-22 00:00:00+00:00, run_after=2026-03-22 04:00:00+00:00
[2026-03-22T04:10:23.089+0000] {processor.py:183} INFO - Processing /home/airflow/.local/lib/python3.12/site-packages/airflow/example_dags/example_latest_only_with_trigger.py took 0.117 seconds
[2026-03-22T04:10:53.494+0000] {processor.py:161} INFO - Started process (PID=246) to work on /home/airflow/.local/lib/python3.12/site-packages/airflow/example_dags/example_latest_only_with_trigger.py
[2026-03-22T04:10:53.499+0000] {processor.py:830} INFO - Processing file /home/airflow/.local/lib/python3.12/site-packages/airflow/example_dags/example_latest_only_with_trigger.py for tasks to queue
[2026-03-22T04:10:53.508+0000] {logging_mixin.py:188} INFO - [2026-03-22T04:10:53.507+0000] {dagbag.py:545} INFO - Filling up the DagBag from /home/airflow/.local/lib/python3.12/site-packages/airflow/example_dags/example_latest_only_with_trigger.py
[2026-03-22T04:10:53.539+0000] {processor.py:840} INFO - DAG(s) 'latest_only_with_trigger' retrieved from /home/airflow/.local/lib/python3.12/site-packages/airflow/example_dags/example_latest_only_with_trigger.py
[2026-03-22T04:10:53.589+0000] {logging_mixin.py:188} INFO - [2026-03-22T04:10:53.588+0000] {dag.py:3096} INFO - Sync 1 DAGs
[2026-03-22T04:10:53.614+0000] {logging_mixin.py:188} INFO - [2026-03-22T04:10:53.614+0000] {dag.py:3954} INFO - Setting next_dagrun for latest_only_with_trigger to 2026-03-22 00:00:00+00:00, run_after=2026-03-22 04:00:00+00:00
[2026-03-22T04:10:53.627+0000] {processor.py:183} INFO - Processing /home/airflow/.local/lib/python3.12/site-packages/airflow/example_dags/example_latest_only_with_trigger.py took 0.152 seconds
[2026-03-22T04:11:23.911+0000] {processor.py:161} INFO - Started process (PID=304) to work on /home/airflow/.local/lib/python3.12/site-packages/airflow/example_dags/example_latest_only_with_trigger.py
[2026-03-22T04:11:23.914+0000] {processor.py:830} INFO - Processing file /home/airflow/.local/lib/python3.12/site-packages/airflow/example_dags/example_latest_only_with_trigger.py for tasks to queue
[2026-03-22T04:11:23.916+0000] {logging_mixin.py:188} INFO - [2026-03-22T04:11:23.916+0000] {dagbag.py:545} INFO - Filling up the DagBag from /home/airflow/.local/lib/python3.12/site-packages/airflow/example_dags/example_latest_only_with_trigger.py
[2026-03-22T04:11:23.927+0000] {processor.py:840} INFO - DAG(s) 'latest_only_with_trigger' retrieved from /home/airflow/.local/lib/python3.12/site-packages/airflow/example_dags/example_latest_only_with_trigger.py
[2026-03-22T04:11:23.975+0000] {logging_mixin.py:188} INFO - [2026-03-22T04:11:23.974+0000] {dag.py:3096} INFO - Sync 1 DAGs
[2026-03-22T04:11:23.990+0000] {logging_mixin.py:188} INFO - [2026-03-22T04:11:23.990+0000] {dag.py:3954} INFO - Setting next_dagrun for latest_only_with_trigger to 2026-03-22 00:00:00+00:00, run_after=2026-03-22 04:00:00+00:00
[2026-03-22T04:11:24.000+0000] {processor.py:183} INFO - Processing /home/airflow/.local/lib/python3.12/site-packages/airflow/example_dags/example_latest_only_with_trigger.py took 0.098 seconds
[2026-03-22T04:11:54.668+0000] {processor.py:161} INFO - Started process (PID=362) to work on /home/airflow/.local/lib/python3.12/site-packages/airflow/example_dags/example_latest_only_with_trigger.py
[2026-03-22T04:11:54.669+0000] {processor.py:830} INFO - Processing file /home/airflow/.local/lib/python3.12/site-packages/airflow/example_dags/example_latest_only_with_trigger.py for tasks to queue
[2026-03-22T04:11:54.674+0000] {logging_mixin.py:188} INFO - [2026-03-22T04:11:54.674+0000] {dagbag.py:545} INFO - Filling up the DagBag from /home/airflow/.local/lib/python3.12/site-packages/airflow/example_dags/example_latest_only_with_trigger.py
[2026-03-22T04:11:54.688+0000] {processor.py:840} INFO - DAG(s) 'latest_only_with_trigger' retrieved from /home/airflow/.local/lib/python3.12/site-packages/airflow/example_dags/example_latest_only_with_trigger.py
[2026-03-22T04:11:54.720+0000] {logging_mixin.py:188} INFO - [2026-03-22T04:11:54.719+0000] {dag.py:3096} INFO - Sync 1 DAGs
[2026-03-22T04:11:54.741+0000] {logging_mixin.py:188} INFO - [2026-03-22T04:11:54.741+0000] {dag.py:3954} INFO - Setting next_dagrun for latest_only_with_trigger to 2026-03-22 00:00:00+00:00, run_after=2026-03-22 04:00:00+00:00
[2026-03-22T04:11:54.754+0000] {processor.py:183} INFO - Processing /home/airflow/.local/lib/python3.12/site-packages/airflow/example_dags/example_latest_only_with_trigger.py took 0.098 seconds
[2026-03-22T04:12:25.078+0000] {processor.py:161} INFO - Started process (PID=420) to work on /home/airflow/.local/lib/python3.12/site-packages/airflow/example_dags/example_latest_only_with_trigger.py
[2026-03-22T04:12:25.080+0000] {processor.py:830} INFO - Processing file /home/airflow/.local/lib/python3.12/site-packages/airflow/example_dags/example_latest_only_with_trigger.py for tasks to queue
[2026-03-22T04:12:25.081+0000] {logging_mixin.py:188} INFO - [2026-03-22T04:12:25.081+0000] {dagbag.py:545} INFO - Filling up the DagBag from /home/airflow/.local/lib/python3.12/site-packages/airflow/example_dags/example_latest_only_with_trigger.py
[2026-03-22T04:12:25.087+0000] {processor.py:840} INFO - DAG(s) 'latest_only_with_trigger' retrieved from /home/airflow/.local/lib/python3.12/site-packages/airflow/example_dags/example_latest_only_with_trigger.py
[2026-03-22T04:12:25.126+0000] {logging_mixin.py:188} INFO - [2026-03-22T04:12:25.125+0000] {dag.py:3096} INFO - Sync 1 DAGs
[2026-03-22T04:12:25.197+0000] {logging_mixin.py:188} INFO - [2026-03-22T04:12:25.196+0000] {dag.py:3954} INFO - Setting next_dagrun for latest_only_with_trigger to 2026-03-22 00:00:00+00:00, run_after=2026-03-22 04:00:00+00:00
[2026-03-22T04:12:25.211+0000] {processor.py:183} INFO - Processing /home/airflow/.local/lib/python3.12/site-packages/airflow/example_dags/example_latest_only_with_trigger.py took 0.138 seconds
[2026-03-22T04:12:55.362+0000] {processor.py:161} INFO - Started process (PID=478) to work on /home/airflow/.local/lib/python3.12/site-packages/airflow/example_dags/example_latest_only_with_trigger.py
[2026-03-22T04:12:55.366+0000] {processor.py:830} INFO - Processing file /home/airflow/.local/lib/python3.12/site-packages/airflow/example_dags/example_latest_only_with_trigger.py for tasks to queue
[2026-03-22T04:12:55.367+0000] {logging_mixin.py:188} INFO - [2026-03-22T04:12:55.367+0000] {dagbag.py:545} INFO - Filling up the DagBag from /home/airflow/.local/lib/python3.12/site-packages/airflow/example_dags/example_latest_only_with_trigger.py
[2026-03-22T04:12:55.373+0000] {processor.py:840} INFO - DAG(s) 'latest_only_with_trigger' retrieved from /home/airflow/.local/lib/python3.12/site-packages/airflow/example_dags/example_latest_only_with_trigger.py
[2026-03-22T04:12:55.399+0000] {logging_mixin.py:188} INFO - [2026-03-22T04:12:55.399+0000] {dag.py:3096} INFO - Sync 1 DAGs
[2026-03-22T04:12:55.415+0000] {logging_mixin.py:188} INFO - [2026-03-22T04:12:55.415+0000] {dag.py:3954} INFO - Setting next_dagrun for latest_only_with_trigger to 2026-03-22 00:00:00+00:00, run_after=2026-03-22 04:00:00+00:00
[2026-03-22T04:12:55.431+0000] {processor.py:183} INFO - Processing /home/airflow/.local/lib/python3.12/site-packages/airflow/example_dags/example_latest_only_with_trigger.py took 0.074 seconds
[2026-03-22T04:13:25.842+0000] {processor.py:161} INFO - Started process (PID=536) to work on /home/airflow/.local/lib/python3.12/site-packages/airflow/example_dags/example_latest_only_with_trigger.py
[2026-03-22T04:13:25.847+0000] {processor.py:830} INFO - Processing file /home/airflow/.local/lib/python3.12/site-packages/airflow/example_dags/example_latest_only_with_trigger.py for tasks to queue
[2026-03-22T04:13:25.852+0000] {logging_mixin.py:188} INFO - [2026-03-22T04:13:25.851+0000] {dagbag.py:545} INFO - Filling up the DagBag from /home/airflow/.local/lib/python3.12/site-packages/airflow/example_dags/example_latest_only_with_trigger.py
[2026-03-22T04:13:25.862+0000] {processor.py:840} INFO - DAG(s) 'latest_only_with_trigger' retrieved from /home/airflow/.local/lib/python3.12/site-packages/airflow/example_dags/example_latest_only_with_trigger.py
[2026-03-22T04:13:25.885+0000] {logging_mixin.py:188} INFO - [2026-03-22T04:13:25.885+0000] {dag.py:3096} INFO - Sync 1 DAGs
[2026-03-22T04:13:25.898+0000] {logging_mixin.py:188} INFO - [2026-03-22T04:13:25.898+0000] {dag.py:3954} INFO - Setting next_dagrun for latest_only_with_trigger to 2026-03-22 00:00:00+00:00, run_after=2026-03-22 04:00:00+00:00
[2026-03-22T04:13:25.907+0000] {processor.py:183} INFO - Processing /home/airflow/.local/lib/python3.12/site-packages/airflow/example_dags/example_latest_only_with_trigger.py took 0.075 seconds
[2026-03-22T04:13:56.099+0000] {processor.py:161} INFO - Started process (PID=594) to work on /home/airflow/.local/lib/python3.12/site-packages/airflow/example_dags/example_latest_only_with_trigger.py
[2026-03-22T04:13:56.101+0000] {processor.py:830} INFO - Processing file /home/airflow/.local/lib/python3.12/site-packages/airflow/example_dags/example_latest_only_with_trigger.py for tasks to queue
[2026-03-22T04:13:56.103+0000] {logging_mixin.py:188} INFO - [2026-03-22T04:13:56.103+0000] {dagbag.py:545} INFO - Filling up the DagBag from /home/airflow/.local/lib/python3.12/site-packages/airflow/example_dags/example_latest_only_with_trigger.py
[2026-03-22T04:13:56.121+0000] {processor.py:840} INFO - DAG(s) 'latest_only_with_trigger' retrieved from /home/airflow/.local/lib/python3.12/site-packages/airflow/example_dags/example_latest_only_with_trigger.py
[2026-03-22T04:13:56.171+0000] {logging_mixin.py:188} INFO - [2026-03-22T04:13:56.171+0000] {dag.py:3096} INFO - Sync 1 DAGs
[2026-03-22T04:13:56.196+0000] {logging_mixin.py:188} INFO - [2026-03-22T04:13:56.196+0000] {dag.py:3954} INFO - Setting next_dagrun for latest_only_with_trigger to 2026-03-22 00:00:00+00:00, run_after=2026-03-22 04:00:00+00:00
[2026-03-22T04:13:56.216+0000] {processor.py:183} INFO - Processing /home/airflow/.local/lib/python3.12/site-packages/airflow/example_dags/example_latest_only_with_trigger.py took 0.124 seconds
[2026-03-22T04:14:26.455+0000] {processor.py:161} INFO - Started process (PID=651) to work on /home/airflow/.local/lib/python3.12/site-packages/airflow/example_dags/example_latest_only_with_trigger.py
[2026-03-22T04:14:26.458+0000] {processor.py:830} INFO - Processing file /home/airflow/.local/lib/python3.12/site-packages/airflow/example_dags/example_latest_only_with_trigger.py for tasks to queue
[2026-03-22T04:14:26.468+0000] {logging_mixin.py:188} INFO - [2026-03-22T04:14:26.467+0000] {dagbag.py:545} INFO - Filling up the DagBag from /home/airflow/.local/lib/python3.12/site-packages/airflow/example_dags/example_latest_only_with_trigger.py
[2026-03-22T04:14:26.480+0000] {processor.py:840} INFO - DAG(s) 'latest_only_with_trigger' retrieved from /home/airflow/.local/lib/python3.12/site-packages/airflow/example_dags/example_latest_only_with_trigger.py
[2026-03-22T04:14:26.523+0000] {logging_mixin.py:188} INFO - [2026-03-22T04:14:26.523+0000] {dag.py:3096} INFO - Sync 1 DAGs
[2026-03-22T04:14:26.556+0000] {logging_mixin.py:188} INFO - [2026-03-22T04:14:26.556+0000] {dag.py:3954} INFO - Setting next_dagrun for latest_only_with_trigger to 2026-03-22 00:00:00+00:00, run_after=2026-03-22 04:00:00+00:00
[2026-03-22T04:14:26.581+0000] {processor.py:183} INFO - Processing /home/airflow/.local/lib/python3.12/site-packages/airflow/example_dags/example_latest_only_with_trigger.py took 0.148 seconds
[2026-03-22T04:14:57.539+0000] {processor.py:161} INFO - Started process (PID=710) to work on /home/airflow/.local/lib/python3.12/site-packages/airflow/example_dags/example_latest_only_with_trigger.py
[2026-03-22T04:14:57.542+0000] {processor.py:830} INFO - Processing file /home/airflow/.local/lib/python3.12/site-packages/airflow/example_dags/example_latest_only_with_trigger.py for tasks to queue
[2026-03-22T04:14:57.545+0000] {logging_mixin.py:188} INFO - [2026-03-22T04:14:57.544+0000] {dagbag.py:545} INFO - Filling up the DagBag from /home/airflow/.local/lib/python3.12/site-packages/airflow/example_dags/example_latest_only_with_trigger.py
[2026-03-22T04:14:57.561+0000] {processor.py:840} INFO - DAG(s) 'latest_only_with_trigger' retrieved from /home/airflow/.local/lib/python3.12/site-packages/airflow/example_dags/example_latest_only_with_trigger.py
[2026-03-22T04:14:57.592+0000] {logging_mixin.py:188} INFO - [2026-03-22T04:14:57.592+0000] {dag.py:3096} INFO - Sync 1 DAGs
[2026-03-22T04:14:57.609+0000] {logging_mixin.py:188} INFO - [2026-03-22T04:14:57.609+0000] {dag.py:3954} INFO - Setting next_dagrun for latest_only_with_trigger to 2026-03-22 00:00:00+00:00, run_after=2026-03-22 04:00:00+00:00
[2026-03-22T04:14:57.618+0000] {processor.py:183} INFO - Processing /home/airflow/.local/lib/python3.12/site-packages/airflow/example_dags/example_latest_only_with_trigger.py took 0.093 seconds
[2026-03-22T04:15:28.244+0000] {processor.py:161} INFO - Started process (PID=768) to work on /home/airflow/.local/lib/python3.12/site-packages/airflow/example_dags/example_latest_only_with_trigger.py
[2026-03-22T04:15:28.248+0000] {processor.py:830} INFO - Processing file /home/airflow/.local/lib/python3.12/site-packages/airflow/example_dags/example_latest_only_with_trigger.py for tasks to queue
[2026-03-22T04:15:28.255+0000] {logging_mixin.py:188} INFO - [2026-03-22T04:15:28.253+0000] {dagbag.py:545} INFO - Filling up the DagBag from /home/airflow/.local/lib/python3.12/site-packages/airflow/example_dags/example_latest_only_with_trigger.py
[2026-03-22T04:15:28.284+0000] {processor.py:840} INFO - DAG(s) 'latest_only_with_trigger' retrieved from /home/airflow/.local/lib/python3.12/site-packages/airflow/example_dags/example_latest_only_with_trigger.py
[2026-03-22T04:15:28.346+0000] {logging_mixin.py:188} INFO - [2026-03-22T04:15:28.346+0000] {dag.py:3096} INFO - Sync 1 DAGs
[2026-03-22T04:15:28.410+0000] {logging_mixin.py:188} INFO - [2026-03-22T04:15:28.410+0000] {dag.py:3954} INFO - Setting next_dagrun for latest_only_with_trigger to 2026-03-22 00:00:00+00:00, run_after=2026-03-22 04:00:00+00:00
[2026-03-22T04:15:28.427+0000] {processor.py:183} INFO - Processing /home/airflow/.local/lib/python3.12/site-packages/airflow/example_dags/example_latest_only_with_trigger.py took 0.193 seconds
[2026-03-22T04:15:58.918+0000] {processor.py:161} INFO - Started process (PID=826) to work on /home/airflow/.local/lib/python3.12/site-packages/airflow/example_dags/example_latest_only_with_trigger.py
[2026-03-22T04:15:58.919+0000] {processor.py:830} INFO - Processing file /home/airflow/.local/lib/python3.12/site-packages/airflow/example_dags/example_latest_only_with_trigger.py for tasks to queue
[2026-03-22T04:15:58.921+0000] {logging_mixin.py:188} INFO - [2026-03-22T04:15:58.920+0000] {dagbag.py:545} INFO - Filling up the DagBag from /home/airflow/.local/lib/python3.12/site-packages/airflow/example_dags/example_latest_only_with_trigger.py
[2026-03-22T04:15:58.925+0000] {processor.py:840} INFO - DAG(s) 'latest_only_with_trigger' retrieved from /home/airflow/.local/lib/python3.12/site-packages/airflow/example_dags/example_latest_only_with_trigger.py
[2026-03-22T04:15:58.946+0000] {logging_mixin.py:188} INFO - [2026-03-22T04:15:58.946+0000] {dag.py:3096} INFO - Sync 1 DAGs
[2026-03-22T04:15:58.958+0000] {logging_mixin.py:188} INFO - [2026-03-22T04:15:58.958+0000] {dag.py:3954} INFO - Setting next_dagrun for latest_only_with_trigger to 2026-03-22 00:00:00+00:00, run_after=2026-03-22 04:00:00+00:00
[2026-03-22T04:15:58.967+0000] {processor.py:183} INFO - Processing /home/airflow/.local/lib/python3.12/site-packages/airflow/example_dags/example_latest_only_with_trigger.py took 0.054 seconds
[2026-03-22T04:16:46.492+0000] {processor.py:161} INFO - Started process (PID=884) to work on /home/airflow/.local/lib/python3.12/site-packages/airflow/example_dags/example_latest_only_with_trigger.py
[2026-03-22T04:16:46.507+0000] {processor.py:830} INFO - Processing file /home/airflow/.local/lib/python3.12/site-packages/airflow/example_dags/example_latest_only_with_trigger.py for tasks to queue
[2026-03-22T04:16:46.530+0000] {logging_mixin.py:188} INFO - [2026-03-22T04:16:46.525+0000] {dagbag.py:545} INFO - Filling up the DagBag from /home/airflow/.local/lib/python3.12/site-packages/airflow/example_dags/example_latest_only_with_trigger.py
[2026-03-22T04:16:46.674+0000] {processor.py:840} INFO - DAG(s) 'latest_only_with_trigger' retrieved from /home/airflow/.local/lib/python3.12/site-packages/airflow/example_dags/example_latest_only_with_trigger.py
[2026-03-22T04:16:46.985+0000] {logging_mixin.py:188} INFO - [2026-03-22T04:16:46.980+0000] {dag.py:3096} INFO - Sync 1 DAGs
[2026-03-22T04:16:47.219+0000] {logging_mixin.py:188} INFO - [2026-03-22T04:16:47.201+0000] {dag.py:3954} INFO - Setting next_dagrun for latest_only_with_trigger to 2026-03-22 00:00:00+00:00, run_after=2026-03-22 04:00:00+00:00
[2026-03-22T04:16:47.820+0000] {processor.py:183} INFO - Processing /home/airflow/.local/lib/python3.12/site-packages/airflow/example_dags/example_latest_only_with_trigger.py took 1.387 seconds
[2026-03-22T04:17:37.835+0000] {processor.py:161} INFO - Started process (PID=941) to work on /home/airflow/.local/lib/python3.12/site-packages/airflow/example_dags/example_latest_only_with_trigger.py
[2026-03-22T04:17:37.840+0000] {processor.py:830} INFO - Processing file /home/airflow/.local/lib/python3.12/site-packages/airflow/example_dags/example_latest_only_with_trigger.py for tasks to queue
[2026-03-22T04:17:37.845+0000] {logging_mixin.py:188} INFO - [2026-03-22T04:17:37.845+0000] {dagbag.py:545} INFO - Filling up the DagBag from /home/airflow/.local/lib/python3.12/site-packages/airflow/example_dags/example_latest_only_with_trigger.py
[2026-03-22T04:17:37.910+0000] {processor.py:840} INFO - DAG(s) 'latest_only_with_trigger' retrieved from /home/airflow/.local/lib/python3.12/site-packages/airflow/example_dags/example_latest_only_with_trigger.py
[2026-03-22T04:17:38.379+0000] {logging_mixin.py:188} INFO - [2026-03-22T04:17:38.367+0000] {dag.py:3096} INFO - Sync 1 DAGs
[2026-03-22T04:17:38.462+0000] {logging_mixin.py:188} INFO - [2026-03-22T04:17:38.461+0000] {dag.py:3954} INFO - Setting next_dagrun for latest_only_with_trigger to 2026-03-22 00:00:00+00:00, run_after=2026-03-22 04:00:00+00:00
[2026-03-22T04:17:38.495+0000] {processor.py:183} INFO - Processing /home/airflow/.local/lib/python3.12/site-packages/airflow/example_dags/example_latest_only_with_trigger.py took 0.677 seconds
[2026-03-22T04:18:09.070+0000] {processor.py:161} INFO - Started process (PID=998) to work on /home/airflow/.local/lib/python3.12/site-packages/airflow/example_dags/example_latest_only_with_trigger.py
[2026-03-22T04:18:09.071+0000] {processor.py:830} INFO - Processing file /home/airflow/.local/lib/python3.12/site-packages/airflow/example_dags/example_latest_only_with_trigger.py for tasks to queue
[2026-03-22T04:18:09.074+0000] {logging_mixin.py:188} INFO - [2026-03-22T04:18:09.074+0000] {dagbag.py:545} INFO - Filling up the DagBag from /home/airflow/.local/lib/python3.12/site-packages/airflow/example_dags/example_latest_only_with_trigger.py
[2026-03-22T04:18:09.082+0000] {processor.py:840} INFO - DAG(s) 'latest_only_with_trigger' retrieved from /home/airflow/.local/lib/python3.12/site-packages/airflow/example_dags/example_latest_only_with_trigger.py
[2026-03-22T04:18:09.103+0000] {logging_mixin.py:188} INFO - [2026-03-22T04:18:09.103+0000] {dag.py:3096} INFO - Sync 1 DAGs
[2026-03-22T04:18:09.117+0000] {logging_mixin.py:188} INFO - [2026-03-22T04:18:09.117+0000] {dag.py:3954} INFO - Setting next_dagrun for latest_only_with_trigger to 2026-03-22 00:00:00+00:00, run_after=2026-03-22 04:00:00+00:00
[2026-03-22T04:18:09.134+0000] {processor.py:183} INFO - Processing /home/airflow/.local/lib/python3.12/site-packages/airflow/example_dags/example_latest_only_with_trigger.py took 0.070 seconds
[2026-03-22T04:18:39.786+0000] {processor.py:161} INFO - Started process (PID=1055) to work on /home/airflow/.local/lib/python3.12/site-packages/airflow/example_dags/example_latest_only_with_trigger.py
[2026-03-22T04:18:39.796+0000] {processor.py:830} INFO - Processing file /home/airflow/.local/lib/python3.12/site-packages/airflow/example_dags/example_latest_only_with_trigger.py for tasks to queue
[2026-03-22T04:18:39.802+0000] {logging_mixin.py:188} INFO - [2026-03-22T04:18:39.801+0000] {dagbag.py:545} INFO - Filling up the DagBag from /home/airflow/.local/lib/python3.12/site-packages/airflow/example_dags/example_latest_only_with_trigger.py
[2026-03-22T04:18:39.829+0000] {processor.py:840} INFO - DAG(s) 'latest_only_with_trigger' retrieved from /home/airflow/.local/lib/python3.12/site-packages/airflow/example_dags/example_latest_only_with_trigger.py
[2026-03-22T04:18:39.883+0000] {logging_mixin.py:188} INFO - [2026-03-22T04:18:39.883+0000] {dag.py:3096} INFO - Sync 1 DAGs
[2026-03-22T04:18:39.915+0000] {logging_mixin.py:188} INFO - [2026-03-22T04:18:39.915+0000] {dag.py:3954} INFO - Setting next_dagrun for latest_only_with_trigger to 2026-03-22 00:00:00+00:00, run_after=2026-03-22 04:00:00+00:00
[2026-03-22T04:18:39.929+0000] {processor.py:183} INFO - Processing /home/airflow/.local/lib/python3.12/site-packages/airflow/example_dags/example_latest_only_with_trigger.py took 0.159 seconds
[2026-03-22T04:19:10.245+0000] {processor.py:161} INFO - Started process (PID=1113) to work on /home/airflow/.local/lib/python3.12/site-packages/airflow/example_dags/example_latest_only_with_trigger.py
[2026-03-22T04:19:10.246+0000] {processor.py:830} INFO - Processing file /home/airflow/.local/lib/python3.12/site-packages/airflow/example_dags/example_latest_only_with_trigger.py for tasks to queue
[2026-03-22T04:19:10.248+0000] {logging_mixin.py:188} INFO - [2026-03-22T04:19:10.248+0000] {dagbag.py:545} INFO - Filling up the DagBag from /home/airflow/.local/lib/python3.12/site-packages/airflow/example_dags/example_latest_only_with_trigger.py
[2026-03-22T04:19:10.257+0000] {processor.py:840} INFO - DAG(s) 'latest_only_with_trigger' retrieved from /home/airflow/.local/lib/python3.12/site-packages/airflow/example_dags/example_latest_only_with_trigger.py
[2026-03-22T04:19:10.289+0000] {logging_mixin.py:188} INFO - [2026-03-22T04:19:10.288+0000] {dag.py:3096} INFO - Sync 1 DAGs
[2026-03-22T04:19:10.308+0000] {logging_mixin.py:188} INFO - [2026-03-22T04:19:10.308+0000] {dag.py:3954} INFO - Setting next_dagrun for latest_only_with_trigger to 2026-03-22 00:00:00+00:00, run_after=2026-03-22 04:00:00+00:00
[2026-03-22T04:19:10.323+0000] {processor.py:183} INFO - Processing /home/airflow/.local/lib/python3.12/site-packages/airflow/example_dags/example_latest_only_with_trigger.py took 0.085 seconds
[2026-03-22T04:19:40.439+0000] {processor.py:161} INFO - Started process (PID=1171) to work on /home/airflow/.local/lib/python3.12/site-packages/airflow/example_dags/example_latest_only_with_trigger.py
[2026-03-22T04:19:40.441+0000] {processor.py:830} INFO - Processing file /home/airflow/.local/lib/python3.12/site-packages/airflow/example_dags/example_latest_only_with_trigger.py for tasks to queue
[2026-03-22T04:19:40.442+0000] {logging_mixin.py:188} INFO - [2026-03-22T04:19:40.442+0000] {dagbag.py:545} INFO - Filling up the DagBag from /home/airflow/.local/lib/python3.12/site-packages/airflow/example_dags/example_latest_only_with_trigger.py
[2026-03-22T04:19:40.451+0000] {processor.py:840} INFO - DAG(s) 'latest_only_with_trigger' retrieved from /home/airflow/.local/lib/python3.12/site-packages/airflow/example_dags/example_latest_only_with_trigger.py
[2026-03-22T04:19:40.464+0000] {logging_mixin.py:188} INFO - [2026-03-22T04:19:40.464+0000] {dag.py:3096} INFO - Sync 1 DAGs
[2026-03-22T04:19:40.476+0000] {logging_mixin.py:188} INFO - [2026-03-22T04:19:40.476+0000] {dag.py:3954} INFO - Setting next_dagrun for latest_only_with_trigger to 2026-03-22 00:00:00+00:00, run_after=2026-03-22 04:00:00+00:00
[2026-03-22T04:19:40.484+0000] {processor.py:183} INFO - Processing /home/airflow/.local/lib/python3.12/site-packages/airflow/example_dags/example_latest_only_with_trigger.py took 0.049 seconds
[2026-03-22T04:20:11.110+0000] {processor.py:161} INFO - Started process (PID=1229) to work on /home/airflow/.local/lib/python3.12/site-packages/airflow/example_dags/example_latest_only_with_trigger.py
[2026-03-22T04:20:11.111+0000] {processor.py:830} INFO - Processing file /home/airflow/.local/lib/python3.12/site-packages/airflow/example_dags/example_latest_only_with_trigger.py for tasks to queue
[2026-03-22T04:20:11.113+0000] {logging_mixin.py:188} INFO - [2026-03-22T04:20:11.113+0000] {dagbag.py:545} INFO - Filling up the DagBag from /home/airflow/.local/lib/python3.12/site-packages/airflow/example_dags/example_latest_only_with_trigger.py
[2026-03-22T04:20:11.121+0000] {processor.py:840} INFO - DAG(s) 'latest_only_with_trigger' retrieved from /home/airflow/.local/lib/python3.12/site-packages/airflow/example_dags/example_latest_only_with_trigger.py
[2026-03-22T04:20:11.142+0000] {logging_mixin.py:188} INFO - [2026-03-22T04:20:11.142+0000] {dag.py:3096} INFO - Sync 1 DAGs
[2026-03-22T04:20:11.159+0000] {logging_mixin.py:188} INFO - [2026-03-22T04:20:11.159+0000] {dag.py:3954} INFO - Setting next_dagrun for latest_only_with_trigger to 2026-03-22 00:00:00+00:00, run_after=2026-03-22 04:00:00+00:00
[2026-03-22T04:20:11.168+0000] {processor.py:183} INFO - Processing /home/airflow/.local/lib/python3.12/site-packages/airflow/example_dags/example_latest_only_with_trigger.py took 0.064 seconds
[2026-03-22T04:20:41.723+0000] {processor.py:161} INFO - Started process (PID=1287) to work on /home/airflow/.local/lib/python3.12/site-packages/airflow/example_dags/example_latest_only_with_trigger.py
[2026-03-22T04:20:41.725+0000] {processor.py:830} INFO - Processing file /home/airflow/.local/lib/python3.12/site-packages/airflow/example_dags/example_latest_only_with_trigger.py for tasks to queue
[2026-03-22T04:20:41.726+0000] {logging_mixin.py:188} INFO - [2026-03-22T04:20:41.726+0000] {dagbag.py:545} INFO - Filling up the DagBag from /home/airflow/.local/lib/python3.12/site-packages/airflow/example_dags/example_latest_only_with_trigger.py
[2026-03-22T04:20:41.733+0000] {processor.py:840} INFO - DAG(s) 'latest_only_with_trigger' retrieved from /home/airflow/.local/lib/python3.12/site-packages/airflow/example_dags/example_latest_only_with_trigger.py
[2026-03-22T04:20:41.771+0000] {logging_mixin.py:188} INFO - [2026-03-22T04:20:41.771+0000] {dag.py:3096} INFO - Sync 1 DAGs
[2026-03-22T04:20:41.794+0000] {logging_mixin.py:188} INFO - [2026-03-22T04:20:41.794+0000] {dag.py:3954} INFO - Setting next_dagrun for latest_only_with_trigger to 2026-03-22 00:00:00+00:00, run_after=2026-03-22 04:00:00+00:00
[2026-03-22T04:20:41.804+0000] {processor.py:183} INFO - Processing /home/airflow/.local/lib/python3.12/site-packages/airflow/example_dags/example_latest_only_with_trigger.py took 0.088 seconds
[2026-03-22T04:21:12.737+0000] {processor.py:161} INFO - Started process (PID=1344) to work on /home/airflow/.local/lib/python3.12/site-packages/airflow/example_dags/example_latest_only_with_trigger.py
[2026-03-22T04:21:12.739+0000] {processor.py:830} INFO - Processing file /home/airflow/.local/lib/python3.12/site-packages/airflow/example_dags/example_latest_only_with_trigger.py for tasks to queue
[2026-03-22T04:21:12.740+0000] {logging_mixin.py:188} INFO - [2026-03-22T04:21:12.740+0000] {dagbag.py:545} INFO - Filling up the DagBag from /home/airflow/.local/lib/python3.12/site-packages/airflow/example_dags/example_latest_only_with_trigger.py
[2026-03-22T04:21:12.746+0000] {processor.py:840} INFO - DAG(s) 'latest_only_with_trigger' retrieved from /home/airflow/.local/lib/python3.12/site-packages/airflow/example_dags/example_latest_only_with_trigger.py
[2026-03-22T04:21:12.763+0000] {logging_mixin.py:188} INFO - [2026-03-22T04:21:12.763+0000] {dag.py:3096} INFO - Sync 1 DAGs
[2026-03-22T04:21:12.799+0000] {logging_mixin.py:188} INFO - [2026-03-22T04:21:12.798+0000] {dag.py:3954} INFO - Setting next_dagrun for latest_only_with_trigger to 2026-03-22 00:00:00+00:00, run_after=2026-03-22 04:00:00+00:00
[2026-03-22T04:21:12.815+0000] {processor.py:183} INFO - Processing /home/airflow/.local/lib/python3.12/site-packages/airflow/example_dags/example_latest_only_with_trigger.py took 0.083 seconds
[2026-03-22T04:21:42.922+0000] {processor.py:161} INFO - Started process (PID=1395) to work on /home/airflow/.local/lib/python3.12/site-packages/airflow/example_dags/example_latest_only_with_trigger.py
[2026-03-22T04:21:42.923+0000] {processor.py:830} INFO - Processing file /home/airflow/.local/lib/python3.12/site-packages/airflow/example_dags/example_latest_only_with_trigger.py for tasks to queue
[2026-03-22T04:21:42.923+0000] {logging_mixin.py:188} INFO - [2026-03-22T04:21:42.923+0000] {dagbag.py:545} INFO - Filling up the DagBag from /home/airflow/.local/lib/python3.12/site-packages/airflow/example_dags/example_latest_only_with_trigger.py
[2026-03-22T04:21:42.926+0000] {processor.py:840} INFO - DAG(s) 'latest_only_with_trigger' retrieved from /home/airflow/.local/lib/python3.12/site-packages/airflow/example_dags/example_latest_only_with_trigger.py
[2026-03-22T04:21:42.937+0000] {logging_mixin.py:188} INFO - [2026-03-22T04:21:42.937+0000] {dag.py:3096} INFO - Sync 1 DAGs
[2026-03-22T04:21:42.945+0000] {logging_mixin.py:188} INFO - [2026-03-22T04:21:42.945+0000] {dag.py:3954} INFO - Setting next_dagrun for latest_only_with_trigger to 2026-03-22 00:00:00+00:00, run_after=2026-03-22 04:00:00+00:00
[2026-03-22T04:21:42.952+0000] {processor.py:183} INFO - Processing /home/airflow/.local/lib/python3.12/site-packages/airflow/example_dags/example_latest_only_with_trigger.py took 0.034 seconds
[2026-03-22T04:23:03.443+0000] {processor.py:161} INFO - Started process (PID=1460) to work on /home/airflow/.local/lib/python3.12/site-packages/airflow/example_dags/example_latest_only_with_trigger.py
[2026-03-22T04:23:03.448+0000] {processor.py:830} INFO - Processing file /home/airflow/.local/lib/python3.12/site-packages/airflow/example_dags/example_latest_only_with_trigger.py for tasks to queue
[2026-03-22T04:23:03.457+0000] {logging_mixin.py:188} INFO - [2026-03-22T04:23:03.456+0000] {dagbag.py:545} INFO - Filling up the DagBag from /home/airflow/.local/lib/python3.12/site-packages/airflow/example_dags/example_latest_only_with_trigger.py
[2026-03-22T04:23:03.477+0000] {processor.py:840} INFO - DAG(s) 'latest_only_with_trigger' retrieved from /home/airflow/.local/lib/python3.12/site-packages/airflow/example_dags/example_latest_only_with_trigger.py
[2026-03-22T04:23:03.584+0000] {logging_mixin.py:188} INFO - [2026-03-22T04:23:03.584+0000] {dag.py:3096} INFO - Sync 1 DAGs
[2026-03-22T04:23:03.666+0000] {logging_mixin.py:188} INFO - [2026-03-22T04:23:03.662+0000] {dag.py:3954} INFO - Setting next_dagrun for latest_only_with_trigger to 2026-03-22 00:00:00+00:00, run_after=2026-03-22 04:00:00+00:00
[2026-03-22T04:23:03.789+0000] {processor.py:183} INFO - Processing /home/airflow/.local/lib/python3.12/site-packages/airflow/example_dags/example_latest_only_with_trigger.py took 0.388 seconds
[2026-03-22T04:23:34.252+0000] {processor.py:161} INFO - Started process (PID=1517) to work on /home/airflow/.local/lib/python3.12/site-packages/airflow/example_dags/example_latest_only_with_trigger.py
[2026-03-22T04:23:34.253+0000] {processor.py:830} INFO - Processing file /home/airflow/.local/lib/python3.12/site-packages/airflow/example_dags/example_latest_only_with_trigger.py for tasks to queue
[2026-03-22T04:23:34.254+0000] {logging_mixin.py:188} INFO - [2026-03-22T04:23:34.254+0000] {dagbag.py:545} INFO - Filling up the DagBag from /home/airflow/.local/lib/python3.12/site-packages/airflow/example_dags/example_latest_only_with_trigger.py
[2026-03-22T04:23:34.258+0000] {processor.py:840} INFO - DAG(s) 'latest_only_with_trigger' retrieved from /home/airflow/.local/lib/python3.12/site-packages/airflow/example_dags/example_latest_only_with_trigger.py
[2026-03-22T04:23:34.279+0000] {logging_mixin.py:188} INFO - [2026-03-22T04:23:34.279+0000] {dag.py:3096} INFO - Sync 1 DAGs
[2026-03-22T04:23:34.291+0000] {logging_mixin.py:188} INFO - [2026-03-22T04:23:34.290+0000] {dag.py:3954} INFO - Setting next_dagrun for latest_only_with_trigger to 2026-03-22 00:00:00+00:00, run_after=2026-03-22 04:00:00+00:00
[2026-03-22T04:23:34.301+0000] {processor.py:183} INFO - Processing /home/airflow/.local/lib/python3.12/site-packages/airflow/example_dags/example_latest_only_with_trigger.py took 0.054 seconds
[2026-03-22T04:24:05.101+0000] {processor.py:161} INFO - Started process (PID=1575) to work on /home/airflow/.local/lib/python3.12/site-packages/airflow/example_dags/example_latest_only_with_trigger.py
[2026-03-22T04:24:05.108+0000] {processor.py:830} INFO - Processing file /home/airflow/.local/lib/python3.12/site-packages/airflow/example_dags/example_latest_only_with_trigger.py for tasks to queue
[2026-03-22T04:24:05.110+0000] {logging_mixin.py:188} INFO - [2026-03-22T04:24:05.110+0000] {dagbag.py:545} INFO - Filling up the DagBag from /home/airflow/.local/lib/python3.12/site-packages/airflow/example_dags/example_latest_only_with_trigger.py
[2026-03-22T04:24:05.113+0000] {processor.py:840} INFO - DAG(s) 'latest_only_with_trigger' retrieved from /home/airflow/.local/lib/python3.12/site-packages/airflow/example_dags/example_latest_only_with_trigger.py
[2026-03-22T04:24:05.126+0000] {logging_mixin.py:188} INFO - [2026-03-22T04:24:05.126+0000] {dag.py:3096} INFO - Sync 1 DAGs
[2026-03-22T04:24:05.141+0000] {logging_mixin.py:188} INFO - [2026-03-22T04:24:05.141+0000] {dag.py:3954} INFO - Setting next_dagrun for latest_only_with_trigger to 2026-03-22 00:00:00+00:00, run_after=2026-03-22 04:00:00+00:00
[2026-03-22T04:24:05.149+0000] {processor.py:183} INFO - Processing /home/airflow/.local/lib/python3.12/site-packages/airflow/example_dags/example_latest_only_with_trigger.py took 0.053 seconds
[2026-03-22T04:25:22.188+0000] {processor.py:161} INFO - Started process (PID=1644) to work on /home/airflow/.local/lib/python3.12/site-packages/airflow/example_dags/example_latest_only_with_trigger.py
[2026-03-22T04:25:22.192+0000] {processor.py:830} INFO - Processing file /home/airflow/.local/lib/python3.12/site-packages/airflow/example_dags/example_latest_only_with_trigger.py for tasks to queue
[2026-03-22T04:25:22.195+0000] {logging_mixin.py:188} INFO - [2026-03-22T04:25:22.195+0000] {dagbag.py:545} INFO - Filling up the DagBag from /home/airflow/.local/lib/python3.12/site-packages/airflow/example_dags/example_latest_only_with_trigger.py
[2026-03-22T04:25:22.211+0000] {processor.py:840} INFO - DAG(s) 'latest_only_with_trigger' retrieved from /home/airflow/.local/lib/python3.12/site-packages/airflow/example_dags/example_latest_only_with_trigger.py
[2026-03-22T04:25:22.309+0000] {logging_mixin.py:188} INFO - [2026-03-22T04:25:22.307+0000] {dag.py:3096} INFO - Sync 1 DAGs
[2026-03-22T04:25:22.461+0000] {logging_mixin.py:188} INFO - [2026-03-22T04:25:22.460+0000] {dag.py:3954} INFO - Setting next_dagrun for latest_only_with_trigger to 2026-03-22 00:00:00+00:00, run_after=2026-03-22 04:00:00+00:00
[2026-03-22T04:25:22.637+0000] {processor.py:183} INFO - Processing /home/airflow/.local/lib/python3.12/site-packages/airflow/example_dags/example_latest_only_with_trigger.py took 0.466 seconds
[2026-03-22T04:25:53.086+0000] {processor.py:161} INFO - Started process (PID=1703) to work on /home/airflow/.local/lib/python3.12/site-packages/airflow/example_dags/example_latest_only_with_trigger.py
[2026-03-22T04:25:53.086+0000] {processor.py:830} INFO - Processing file /home/airflow/.local/lib/python3.12/site-packages/airflow/example_dags/example_latest_only_with_trigger.py for tasks to queue
[2026-03-22T04:25:53.088+0000] {logging_mixin.py:188} INFO - [2026-03-22T04:25:53.088+0000] {dagbag.py:545} INFO - Filling up the DagBag from /home/airflow/.local/lib/python3.12/site-packages/airflow/example_dags/example_latest_only_with_trigger.py
[2026-03-22T04:25:53.091+0000] {processor.py:840} INFO - DAG(s) 'latest_only_with_trigger' retrieved from /home/airflow/.local/lib/python3.12/site-packages/airflow/example_dags/example_latest_only_with_trigger.py
[2026-03-22T04:25:53.103+0000] {logging_mixin.py:188} INFO - [2026-03-22T04:25:53.103+0000] {dag.py:3096} INFO - Sync 1 DAGs
[2026-03-22T04:25:53.116+0000] {logging_mixin.py:188} INFO - [2026-03-22T04:25:53.116+0000] {dag.py:3954} INFO - Setting next_dagrun for latest_only_with_trigger to 2026-03-22 00:00:00+00:00, run_after=2026-03-22 04:00:00+00:00
[2026-03-22T04:25:53.127+0000] {processor.py:183} INFO - Processing /home/airflow/.local/lib/python3.12/site-packages/airflow/example_dags/example_latest_only_with_trigger.py took 0.044 seconds
[2026-03-22T04:27:48.413+0000] {processor.py:161} INFO - Started process (PID=1755) to work on /home/airflow/.local/lib/python3.12/site-packages/airflow/example_dags/example_latest_only_with_trigger.py
[2026-03-22T04:27:48.474+0000] {processor.py:830} INFO - Processing file /home/airflow/.local/lib/python3.12/site-packages/airflow/example_dags/example_latest_only_with_trigger.py for tasks to queue
[2026-03-22T04:27:48.621+0000] {logging_mixin.py:188} INFO - [2026-03-22T04:27:48.594+0000] {dagbag.py:545} INFO - Filling up the DagBag from /home/airflow/.local/lib/python3.12/site-packages/airflow/example_dags/example_latest_only_with_trigger.py
[2026-03-22T04:27:48.955+0000] {processor.py:840} INFO - DAG(s) 'latest_only_with_trigger' retrieved from /home/airflow/.local/lib/python3.12/site-packages/airflow/example_dags/example_latest_only_with_trigger.py
[2026-03-22T04:27:51.174+0000] {logging_mixin.py:188} INFO - [2026-03-22T04:27:51.051+0000] {dag.py:3096} INFO - Sync 1 DAGs
[2026-03-22T04:28:04.472+0000] {logging_mixin.py:188} INFO - [2026-03-22T04:28:03.841+0000] {dag.py:3954} INFO - Setting next_dagrun for latest_only_with_trigger to 2026-03-22 00:00:00+00:00, run_after=2026-03-22 04:00:00+00:00
[2026-03-22T04:28:17.401+0000] {processor.py:183} INFO - Processing /home/airflow/.local/lib/python3.12/site-packages/airflow/example_dags/example_latest_only_with_trigger.py took 30.527 seconds
[2026-03-22T04:33:57.303+0000] {processor.py:161} INFO - Started process (PID=1842) to work on /home/airflow/.local/lib/python3.12/site-packages/airflow/example_dags/example_latest_only_with_trigger.py
[2026-03-22T04:33:57.313+0000] {processor.py:830} INFO - Processing file /home/airflow/.local/lib/python3.12/site-packages/airflow/example_dags/example_latest_only_with_trigger.py for tasks to queue
[2026-03-22T04:33:57.339+0000] {logging_mixin.py:188} INFO - [2026-03-22T04:33:57.338+0000] {dagbag.py:545} INFO - Filling up the DagBag from /home/airflow/.local/lib/python3.12/site-packages/airflow/example_dags/example_latest_only_with_trigger.py
[2026-03-22T04:33:57.446+0000] {processor.py:840} INFO - DAG(s) 'latest_only_with_trigger' retrieved from /home/airflow/.local/lib/python3.12/site-packages/airflow/example_dags/example_latest_only_with_trigger.py
[2026-03-22T04:33:58.161+0000] {logging_mixin.py:188} INFO - [2026-03-22T04:33:58.146+0000] {dag.py:3096} INFO - Sync 1 DAGs
[2026-03-22T04:33:58.676+0000] {logging_mixin.py:188} INFO - [2026-03-22T04:33:58.660+0000] {dag.py:3954} INFO - Setting next_dagrun for latest_only_with_trigger to 2026-03-22 00:00:00+00:00, run_after=2026-03-22 04:00:00+00:00
[2026-03-22T04:33:58.895+0000] {processor.py:183} INFO - Processing /home/airflow/.local/lib/python3.12/site-packages/airflow/example_dags/example_latest_only_with_trigger.py took 1.725 seconds
[2026-03-22T04:36:53.677+0000] {processor.py:161} INFO - Started process (PID=1910) to work on /home/airflow/.local/lib/python3.12/site-packages/airflow/example_dags/example_latest_only_with_trigger.py
[2026-03-22T04:36:53.698+0000] {processor.py:830} INFO - Processing file /home/airflow/.local/lib/python3.12/site-packages/airflow/example_dags/example_latest_only_with_trigger.py for tasks to queue
[2026-03-22T04:36:53.742+0000] {logging_mixin.py:188} INFO - [2026-03-22T04:36:53.731+0000] {dagbag.py:545} INFO - Filling up the DagBag from /home/airflow/.local/lib/python3.12/site-packages/airflow/example_dags/example_latest_only_with_trigger.py
[2026-03-22T04:36:54.338+0000] {processor.py:840} INFO - DAG(s) 'latest_only_with_trigger' retrieved from /home/airflow/.local/lib/python3.12/site-packages/airflow/example_dags/example_latest_only_with_trigger.py
[2026-03-22T04:36:57.610+0000] {logging_mixin.py:188} INFO - [2026-03-22T04:36:57.533+0000] {dag.py:3096} INFO - Sync 1 DAGs
[2026-03-22T04:37:00.311+0000] {logging_mixin.py:188} INFO - [2026-03-22T04:37:00.277+0000] {dag.py:3954} INFO - Setting next_dagrun for latest_only_with_trigger to 2026-03-22 00:00:00+00:00, run_after=2026-03-22 04:00:00+00:00
[2026-03-22T04:37:06.146+0000] {processor.py:183} INFO - Processing /home/airflow/.local/lib/python3.12/site-packages/airflow/example_dags/example_latest_only_with_trigger.py took 12.574 seconds
[2026-03-22T04:39:08.441+0000] {processor.py:161} INFO - Started process (PID=1970) to work on /home/airflow/.local/lib/python3.12/site-packages/airflow/example_dags/example_latest_only_with_trigger.py
[2026-03-22T04:39:08.460+0000] {processor.py:830} INFO - Processing file /home/airflow/.local/lib/python3.12/site-packages/airflow/example_dags/example_latest_only_with_trigger.py for tasks to queue
[2026-03-22T04:39:08.484+0000] {logging_mixin.py:188} INFO - [2026-03-22T04:39:08.481+0000] {dagbag.py:545} INFO - Filling up the DagBag from /home/airflow/.local/lib/python3.12/site-packages/airflow/example_dags/example_latest_only_with_trigger.py
[2026-03-22T04:39:08.665+0000] {processor.py:840} INFO - DAG(s) 'latest_only_with_trigger' retrieved from /home/airflow/.local/lib/python3.12/site-packages/airflow/example_dags/example_latest_only_with_trigger.py
[2026-03-22T04:39:09.646+0000] {logging_mixin.py:188} INFO - [2026-03-22T04:39:09.642+0000] {dag.py:3096} INFO - Sync 1 DAGs
[2026-03-22T04:39:09.884+0000] {logging_mixin.py:188} INFO - [2026-03-22T04:39:09.880+0000] {dag.py:3954} INFO - Setting next_dagrun for latest_only_with_trigger to 2026-03-22 00:00:00+00:00, run_after=2026-03-22 04:00:00+00:00
[2026-03-22T04:39:10.029+0000] {processor.py:183} INFO - Processing /home/airflow/.local/lib/python3.12/site-packages/airflow/example_dags/example_latest_only_with_trigger.py took 1.709 seconds
[2026-03-22T04:40:15.468+0000] {processor.py:161} INFO - Started process (PID=2039) to work on /home/airflow/.local/lib/python3.12/site-packages/airflow/example_dags/example_latest_only_with_trigger.py
[2026-03-22T04:40:15.476+0000] {processor.py:830} INFO - Processing file /home/airflow/.local/lib/python3.12/site-packages/airflow/example_dags/example_latest_only_with_trigger.py for tasks to queue
[2026-03-22T04:40:15.489+0000] {logging_mixin.py:188} INFO - [2026-03-22T04:40:15.487+0000] {dagbag.py:545} INFO - Filling up the DagBag from /home/airflow/.local/lib/python3.12/site-packages/airflow/example_dags/example_latest_only_with_trigger.py
[2026-03-22T04:40:15.540+0000] {processor.py:840} INFO - DAG(s) 'latest_only_with_trigger' retrieved from /home/airflow/.local/lib/python3.12/site-packages/airflow/example_dags/example_latest_only_with_trigger.py
[2026-03-22T04:40:15.818+0000] {logging_mixin.py:188} INFO - [2026-03-22T04:40:15.812+0000] {dag.py:3096} INFO - Sync 1 DAGs
[2026-03-22T04:40:16.019+0000] {logging_mixin.py:188} INFO - [2026-03-22T04:40:16.018+0000] {dag.py:3954} INFO - Setting next_dagrun for latest_only_with_trigger to 2026-03-22 00:00:00+00:00, run_after=2026-03-22 04:00:00+00:00
[2026-03-22T04:40:16.685+0000] {processor.py:183} INFO - Processing /home/airflow/.local/lib/python3.12/site-packages/airflow/example_dags/example_latest_only_with_trigger.py took 1.293 seconds
[2026-03-22T04:40:55.503+0000] {processor.py:161} INFO - Started process (PID=2078) to work on /home/airflow/.local/lib/python3.12/site-packages/airflow/example_dags/example_latest_only_with_trigger.py
[2026-03-22T04:40:55.507+0000] {processor.py:830} INFO - Processing file /home/airflow/.local/lib/python3.12/site-packages/airflow/example_dags/example_latest_only_with_trigger.py for tasks to queue
[2026-03-22T04:40:55.584+0000] {logging_mixin.py:188} INFO - [2026-03-22T04:40:55.581+0000] {dagbag.py:545} INFO - Filling up the DagBag from /home/airflow/.local/lib/python3.12/site-packages/airflow/example_dags/example_latest_only_with_trigger.py
[2026-03-22T04:40:55.734+0000] {processor.py:840} INFO - DAG(s) 'latest_only_with_trigger' retrieved from /home/airflow/.local/lib/python3.12/site-packages/airflow/example_dags/example_latest_only_with_trigger.py
[2026-03-22T04:40:56.336+0000] {logging_mixin.py:188} INFO - [2026-03-22T04:40:56.322+0000] {dag.py:3096} INFO - Sync 1 DAGs
[2026-03-22T04:40:57.243+0000] {logging_mixin.py:188} INFO - [2026-03-22T04:40:57.241+0000] {dag.py:3954} INFO - Setting next_dagrun for latest_only_with_trigger to 2026-03-22 00:00:00+00:00, run_after=2026-03-22 04:00:00+00:00
[2026-03-22T04:40:57.391+0000] {processor.py:183} INFO - Processing /home/airflow/.local/lib/python3.12/site-packages/airflow/example_dags/example_latest_only_with_trigger.py took 1.940 seconds
[2026-03-22T04:41:54.844+0000] {processor.py:161} INFO - Started process (PID=2142) to work on /home/airflow/.local/lib/python3.12/site-packages/airflow/example_dags/example_latest_only_with_trigger.py
[2026-03-22T04:41:54.871+0000] {processor.py:830} INFO - Processing file /home/airflow/.local/lib/python3.12/site-packages/airflow/example_dags/example_latest_only_with_trigger.py for tasks to queue
[2026-03-22T04:41:54.904+0000] {logging_mixin.py:188} INFO - [2026-03-22T04:41:54.897+0000] {dagbag.py:545} INFO - Filling up the DagBag from /home/airflow/.local/lib/python3.12/site-packages/airflow/example_dags/example_latest_only_with_trigger.py
[2026-03-22T04:41:54.962+0000] {processor.py:840} INFO - DAG(s) 'latest_only_with_trigger' retrieved from /home/airflow/.local/lib/python3.12/site-packages/airflow/example_dags/example_latest_only_with_trigger.py
[2026-03-22T04:41:55.185+0000] {logging_mixin.py:188} INFO - [2026-03-22T04:41:55.178+0000] {dag.py:3096} INFO - Sync 1 DAGs
[2026-03-22T04:41:55.345+0000] {logging_mixin.py:188} INFO - [2026-03-22T04:41:55.343+0000] {dag.py:3954} INFO - Setting next_dagrun for latest_only_with_trigger to 2026-03-22 00:00:00+00:00, run_after=2026-03-22 04:00:00+00:00
[2026-03-22T04:41:55.462+0000] {processor.py:183} INFO - Processing /home/airflow/.local/lib/python3.12/site-packages/airflow/example_dags/example_latest_only_with_trigger.py took 0.724 seconds
[2026-03-22T04:42:37.170+0000] {processor.py:161} INFO - Started process (PID=2202) to work on /home/airflow/.local/lib/python3.12/site-packages/airflow/example_dags/example_latest_only_with_trigger.py
[2026-03-22T04:42:37.171+0000] {processor.py:830} INFO - Processing file /home/airflow/.local/lib/python3.12/site-packages/airflow/example_dags/example_latest_only_with_trigger.py for tasks to queue
[2026-03-22T04:42:37.174+0000] {logging_mixin.py:188} INFO - [2026-03-22T04:42:37.174+0000] {dagbag.py:545} INFO - Filling up the DagBag from /home/airflow/.local/lib/python3.12/site-packages/airflow/example_dags/example_latest_only_with_trigger.py
[2026-03-22T04:42:37.182+0000] {processor.py:840} INFO - DAG(s) 'latest_only_with_trigger' retrieved from /home/airflow/.local/lib/python3.12/site-packages/airflow/example_dags/example_latest_only_with_trigger.py
[2026-03-22T04:42:37.210+0000] {logging_mixin.py:188} INFO - [2026-03-22T04:42:37.210+0000] {dag.py:3096} INFO - Sync 1 DAGs
[2026-03-22T04:42:37.227+0000] {logging_mixin.py:188} INFO - [2026-03-22T04:42:37.227+0000] {dag.py:3954} INFO - Setting next_dagrun for latest_only_with_trigger to 2026-03-22 00:00:00+00:00, run_after=2026-03-22 04:00:00+00:00
[2026-03-22T04:42:37.259+0000] {processor.py:183} INFO - Processing /home/airflow/.local/lib/python3.12/site-packages/airflow/example_dags/example_latest_only_with_trigger.py took 0.098 seconds
