[2026-03-22T04:09:15.559+0000] {processor.py:161} INFO - Started process (PID=57) to work on /home/airflow/.local/lib/python3.12/site-packages/airflow/example_dags/example_sensors.py
[2026-03-22T04:09:15.561+0000] {processor.py:830} INFO - Processing file /home/airflow/.local/lib/python3.12/site-packages/airflow/example_dags/example_sensors.py for tasks to queue
[2026-03-22T04:09:15.563+0000] {logging_mixin.py:188} INFO - [2026-03-22T04:09:15.563+0000] {dagbag.py:545} INFO - Filling up the DagBag from /home/airflow/.local/lib/python3.12/site-packages/airflow/example_dags/example_sensors.py
[2026-03-22T04:09:15.587+0000] {processor.py:840} INFO - DAG(s) 'example_sensors' retrieved from /home/airflow/.local/lib/python3.12/site-packages/airflow/example_dags/example_sensors.py
[2026-03-22T04:09:15.622+0000] {logging_mixin.py:188} INFO - [2026-03-22T04:09:15.622+0000] {dag.py:3096} INFO - Sync 1 DAGs
[2026-03-22T04:09:15.648+0000] {logging_mixin.py:188} INFO - [2026-03-22T04:09:15.648+0000] {dag.py:3954} INFO - Setting next_dagrun for example_sensors to None, run_after=None
[2026-03-22T04:09:15.687+0000] {processor.py:183} INFO - Processing /home/airflow/.local/lib/python3.12/site-packages/airflow/example_dags/example_sensors.py took 0.138 seconds
[2026-03-22T04:09:45.850+0000] {processor.py:161} INFO - Started process (PID=114) to work on /home/airflow/.local/lib/python3.12/site-packages/airflow/example_dags/example_sensors.py
[2026-03-22T04:09:45.851+0000] {processor.py:830} INFO - Processing file /home/airflow/.local/lib/python3.12/site-packages/airflow/example_dags/example_sensors.py for tasks to queue
[2026-03-22T04:09:45.853+0000] {logging_mixin.py:188} INFO - [2026-03-22T04:09:45.852+0000] {dagbag.py:545} INFO - Filling up the DagBag from /home/airflow/.local/lib/python3.12/site-packages/airflow/example_dags/example_sensors.py
[2026-03-22T04:09:45.858+0000] {processor.py:840} INFO - DAG(s) 'example_sensors' retrieved from /home/airflow/.local/lib/python3.12/site-packages/airflow/example_dags/example_sensors.py
[2026-03-22T04:09:45.899+0000] {logging_mixin.py:188} INFO - [2026-03-22T04:09:45.899+0000] {dag.py:3096} INFO - Sync 1 DAGs
[2026-03-22T04:09:45.903+0000] {logging_mixin.py:188} INFO - [2026-03-22T04:09:45.903+0000] {dag.py:3954} INFO - Setting next_dagrun for example_sensors to None, run_after=None
[2026-03-22T04:09:45.909+0000] {processor.py:183} INFO - Processing /home/airflow/.local/lib/python3.12/site-packages/airflow/example_dags/example_sensors.py took 0.062 seconds
[2026-03-22T04:10:16.271+0000] {processor.py:161} INFO - Started process (PID=172) to work on /home/airflow/.local/lib/python3.12/site-packages/airflow/example_dags/example_sensors.py
[2026-03-22T04:10:16.271+0000] {processor.py:830} INFO - Processing file /home/airflow/.local/lib/python3.12/site-packages/airflow/example_dags/example_sensors.py for tasks to queue
[2026-03-22T04:10:16.272+0000] {logging_mixin.py:188} INFO - [2026-03-22T04:10:16.272+0000] {dagbag.py:545} INFO - Filling up the DagBag from /home/airflow/.local/lib/python3.12/site-packages/airflow/example_dags/example_sensors.py
[2026-03-22T04:10:16.278+0000] {processor.py:840} INFO - DAG(s) 'example_sensors' retrieved from /home/airflow/.local/lib/python3.12/site-packages/airflow/example_dags/example_sensors.py
[2026-03-22T04:10:16.291+0000] {logging_mixin.py:188} INFO - [2026-03-22T04:10:16.290+0000] {dag.py:3096} INFO - Sync 1 DAGs
[2026-03-22T04:10:16.296+0000] {logging_mixin.py:188} INFO - [2026-03-22T04:10:16.296+0000] {dag.py:3954} INFO - Setting next_dagrun for example_sensors to None, run_after=None
[2026-03-22T04:10:16.312+0000] {processor.py:183} INFO - Processing /home/airflow/.local/lib/python3.12/site-packages/airflow/example_dags/example_sensors.py took 0.044 seconds
[2026-03-22T04:10:46.739+0000] {processor.py:161} INFO - Started process (PID=230) to work on /home/airflow/.local/lib/python3.12/site-packages/airflow/example_dags/example_sensors.py
[2026-03-22T04:10:46.741+0000] {processor.py:830} INFO - Processing file /home/airflow/.local/lib/python3.12/site-packages/airflow/example_dags/example_sensors.py for tasks to queue
[2026-03-22T04:10:46.743+0000] {logging_mixin.py:188} INFO - [2026-03-22T04:10:46.743+0000] {dagbag.py:545} INFO - Filling up the DagBag from /home/airflow/.local/lib/python3.12/site-packages/airflow/example_dags/example_sensors.py
[2026-03-22T04:10:46.765+0000] {processor.py:840} INFO - DAG(s) 'example_sensors' retrieved from /home/airflow/.local/lib/python3.12/site-packages/airflow/example_dags/example_sensors.py
[2026-03-22T04:10:46.825+0000] {logging_mixin.py:188} INFO - [2026-03-22T04:10:46.825+0000] {dag.py:3096} INFO - Sync 1 DAGs
[2026-03-22T04:10:46.852+0000] {logging_mixin.py:188} INFO - [2026-03-22T04:10:46.850+0000] {dag.py:3954} INFO - Setting next_dagrun for example_sensors to None, run_after=None
[2026-03-22T04:10:46.877+0000] {processor.py:183} INFO - Processing /home/airflow/.local/lib/python3.12/site-packages/airflow/example_dags/example_sensors.py took 0.148 seconds
[2026-03-22T04:11:17.249+0000] {processor.py:161} INFO - Started process (PID=288) to work on /home/airflow/.local/lib/python3.12/site-packages/airflow/example_dags/example_sensors.py
[2026-03-22T04:11:17.250+0000] {processor.py:830} INFO - Processing file /home/airflow/.local/lib/python3.12/site-packages/airflow/example_dags/example_sensors.py for tasks to queue
[2026-03-22T04:11:17.251+0000] {logging_mixin.py:188} INFO - [2026-03-22T04:11:17.251+0000] {dagbag.py:545} INFO - Filling up the DagBag from /home/airflow/.local/lib/python3.12/site-packages/airflow/example_dags/example_sensors.py
[2026-03-22T04:11:17.258+0000] {processor.py:840} INFO - DAG(s) 'example_sensors' retrieved from /home/airflow/.local/lib/python3.12/site-packages/airflow/example_dags/example_sensors.py
[2026-03-22T04:11:17.278+0000] {logging_mixin.py:188} INFO - [2026-03-22T04:11:17.277+0000] {dag.py:3096} INFO - Sync 1 DAGs
[2026-03-22T04:11:17.285+0000] {logging_mixin.py:188} INFO - [2026-03-22T04:11:17.285+0000] {dag.py:3954} INFO - Setting next_dagrun for example_sensors to None, run_after=None
[2026-03-22T04:11:17.293+0000] {processor.py:183} INFO - Processing /home/airflow/.local/lib/python3.12/site-packages/airflow/example_dags/example_sensors.py took 0.050 seconds
[2026-03-22T04:11:47.841+0000] {processor.py:161} INFO - Started process (PID=346) to work on /home/airflow/.local/lib/python3.12/site-packages/airflow/example_dags/example_sensors.py
[2026-03-22T04:11:47.842+0000] {processor.py:830} INFO - Processing file /home/airflow/.local/lib/python3.12/site-packages/airflow/example_dags/example_sensors.py for tasks to queue
[2026-03-22T04:11:47.843+0000] {logging_mixin.py:188} INFO - [2026-03-22T04:11:47.843+0000] {dagbag.py:545} INFO - Filling up the DagBag from /home/airflow/.local/lib/python3.12/site-packages/airflow/example_dags/example_sensors.py
[2026-03-22T04:11:47.848+0000] {processor.py:840} INFO - DAG(s) 'example_sensors' retrieved from /home/airflow/.local/lib/python3.12/site-packages/airflow/example_dags/example_sensors.py
[2026-03-22T04:11:47.870+0000] {logging_mixin.py:188} INFO - [2026-03-22T04:11:47.870+0000] {dag.py:3096} INFO - Sync 1 DAGs
[2026-03-22T04:11:47.877+0000] {logging_mixin.py:188} INFO - [2026-03-22T04:11:47.877+0000] {dag.py:3954} INFO - Setting next_dagrun for example_sensors to None, run_after=None
[2026-03-22T04:11:47.885+0000] {processor.py:183} INFO - Processing /home/airflow/.local/lib/python3.12/site-packages/airflow/example_dags/example_sensors.py took 0.051 seconds
[2026-03-22T04:12:18.626+0000] {processor.py:161} INFO - Started process (PID=404) to work on /home/airflow/.local/lib/python3.12/site-packages/airflow/example_dags/example_sensors.py
[2026-03-22T04:12:18.627+0000] {processor.py:830} INFO - Processing file /home/airflow/.local/lib/python3.12/site-packages/airflow/example_dags/example_sensors.py for tasks to queue
[2026-03-22T04:12:18.628+0000] {logging_mixin.py:188} INFO - [2026-03-22T04:12:18.628+0000] {dagbag.py:545} INFO - Filling up the DagBag from /home/airflow/.local/lib/python3.12/site-packages/airflow/example_dags/example_sensors.py
[2026-03-22T04:12:18.634+0000] {processor.py:840} INFO - DAG(s) 'example_sensors' retrieved from /home/airflow/.local/lib/python3.12/site-packages/airflow/example_dags/example_sensors.py
[2026-03-22T04:12:18.654+0000] {logging_mixin.py:188} INFO - [2026-03-22T04:12:18.654+0000] {dag.py:3096} INFO - Sync 1 DAGs
[2026-03-22T04:12:18.661+0000] {logging_mixin.py:188} INFO - [2026-03-22T04:12:18.661+0000] {dag.py:3954} INFO - Setting next_dagrun for example_sensors to None, run_after=None
[2026-03-22T04:12:18.668+0000] {processor.py:183} INFO - Processing /home/airflow/.local/lib/python3.12/site-packages/airflow/example_dags/example_sensors.py took 0.045 seconds
[2026-03-22T04:12:49.793+0000] {processor.py:161} INFO - Started process (PID=462) to work on /home/airflow/.local/lib/python3.12/site-packages/airflow/example_dags/example_sensors.py
[2026-03-22T04:12:49.795+0000] {processor.py:830} INFO - Processing file /home/airflow/.local/lib/python3.12/site-packages/airflow/example_dags/example_sensors.py for tasks to queue
[2026-03-22T04:12:49.798+0000] {logging_mixin.py:188} INFO - [2026-03-22T04:12:49.797+0000] {dagbag.py:545} INFO - Filling up the DagBag from /home/airflow/.local/lib/python3.12/site-packages/airflow/example_dags/example_sensors.py
[2026-03-22T04:12:49.811+0000] {processor.py:840} INFO - DAG(s) 'example_sensors' retrieved from /home/airflow/.local/lib/python3.12/site-packages/airflow/example_dags/example_sensors.py
[2026-03-22T04:12:49.836+0000] {logging_mixin.py:188} INFO - [2026-03-22T04:12:49.835+0000] {dag.py:3096} INFO - Sync 1 DAGs
[2026-03-22T04:12:49.854+0000] {logging_mixin.py:188} INFO - [2026-03-22T04:12:49.854+0000] {dag.py:3954} INFO - Setting next_dagrun for example_sensors to None, run_after=None
[2026-03-22T04:12:49.880+0000] {processor.py:183} INFO - Processing /home/airflow/.local/lib/python3.12/site-packages/airflow/example_dags/example_sensors.py took 0.094 seconds
[2026-03-22T04:13:20.334+0000] {processor.py:161} INFO - Started process (PID=520) to work on /home/airflow/.local/lib/python3.12/site-packages/airflow/example_dags/example_sensors.py
[2026-03-22T04:13:20.335+0000] {processor.py:830} INFO - Processing file /home/airflow/.local/lib/python3.12/site-packages/airflow/example_dags/example_sensors.py for tasks to queue
[2026-03-22T04:13:20.340+0000] {logging_mixin.py:188} INFO - [2026-03-22T04:13:20.339+0000] {dagbag.py:545} INFO - Filling up the DagBag from /home/airflow/.local/lib/python3.12/site-packages/airflow/example_dags/example_sensors.py
[2026-03-22T04:13:20.350+0000] {processor.py:840} INFO - DAG(s) 'example_sensors' retrieved from /home/airflow/.local/lib/python3.12/site-packages/airflow/example_dags/example_sensors.py
[2026-03-22T04:13:20.383+0000] {logging_mixin.py:188} INFO - [2026-03-22T04:13:20.382+0000] {dag.py:3096} INFO - Sync 1 DAGs
[2026-03-22T04:13:20.398+0000] {logging_mixin.py:188} INFO - [2026-03-22T04:13:20.398+0000] {dag.py:3954} INFO - Setting next_dagrun for example_sensors to None, run_after=None
[2026-03-22T04:13:20.414+0000] {processor.py:183} INFO - Processing /home/airflow/.local/lib/python3.12/site-packages/airflow/example_dags/example_sensors.py took 0.087 seconds
[2026-03-22T04:13:50.644+0000] {processor.py:161} INFO - Started process (PID=578) to work on /home/airflow/.local/lib/python3.12/site-packages/airflow/example_dags/example_sensors.py
[2026-03-22T04:13:50.645+0000] {processor.py:830} INFO - Processing file /home/airflow/.local/lib/python3.12/site-packages/airflow/example_dags/example_sensors.py for tasks to queue
[2026-03-22T04:13:50.648+0000] {logging_mixin.py:188} INFO - [2026-03-22T04:13:50.648+0000] {dagbag.py:545} INFO - Filling up the DagBag from /home/airflow/.local/lib/python3.12/site-packages/airflow/example_dags/example_sensors.py
[2026-03-22T04:13:50.654+0000] {processor.py:840} INFO - DAG(s) 'example_sensors' retrieved from /home/airflow/.local/lib/python3.12/site-packages/airflow/example_dags/example_sensors.py
[2026-03-22T04:13:50.680+0000] {logging_mixin.py:188} INFO - [2026-03-22T04:13:50.680+0000] {dag.py:3096} INFO - Sync 1 DAGs
[2026-03-22T04:13:50.689+0000] {logging_mixin.py:188} INFO - [2026-03-22T04:13:50.689+0000] {dag.py:3954} INFO - Setting next_dagrun for example_sensors to None, run_after=None
[2026-03-22T04:13:50.700+0000] {processor.py:183} INFO - Processing /home/airflow/.local/lib/python3.12/site-packages/airflow/example_dags/example_sensors.py took 0.061 seconds
[2026-03-22T04:14:21.647+0000] {processor.py:161} INFO - Started process (PID=636) to work on /home/airflow/.local/lib/python3.12/site-packages/airflow/example_dags/example_sensors.py
[2026-03-22T04:14:21.648+0000] {processor.py:830} INFO - Processing file /home/airflow/.local/lib/python3.12/site-packages/airflow/example_dags/example_sensors.py for tasks to queue
[2026-03-22T04:14:21.649+0000] {logging_mixin.py:188} INFO - [2026-03-22T04:14:21.649+0000] {dagbag.py:545} INFO - Filling up the DagBag from /home/airflow/.local/lib/python3.12/site-packages/airflow/example_dags/example_sensors.py
[2026-03-22T04:14:21.656+0000] {processor.py:840} INFO - DAG(s) 'example_sensors' retrieved from /home/airflow/.local/lib/python3.12/site-packages/airflow/example_dags/example_sensors.py
[2026-03-22T04:14:21.691+0000] {logging_mixin.py:188} INFO - [2026-03-22T04:14:21.690+0000] {dag.py:3096} INFO - Sync 1 DAGs
[2026-03-22T04:14:21.698+0000] {logging_mixin.py:188} INFO - [2026-03-22T04:14:21.698+0000] {dag.py:3954} INFO - Setting next_dagrun for example_sensors to None, run_after=None
[2026-03-22T04:14:21.725+0000] {processor.py:183} INFO - Processing /home/airflow/.local/lib/python3.12/site-packages/airflow/example_dags/example_sensors.py took 0.083 seconds
[2026-03-22T04:14:52.353+0000] {processor.py:161} INFO - Started process (PID=693) to work on /home/airflow/.local/lib/python3.12/site-packages/airflow/example_dags/example_sensors.py
[2026-03-22T04:14:52.355+0000] {processor.py:830} INFO - Processing file /home/airflow/.local/lib/python3.12/site-packages/airflow/example_dags/example_sensors.py for tasks to queue
[2026-03-22T04:14:52.358+0000] {logging_mixin.py:188} INFO - [2026-03-22T04:14:52.358+0000] {dagbag.py:545} INFO - Filling up the DagBag from /home/airflow/.local/lib/python3.12/site-packages/airflow/example_dags/example_sensors.py
[2026-03-22T04:14:52.382+0000] {processor.py:840} INFO - DAG(s) 'example_sensors' retrieved from /home/airflow/.local/lib/python3.12/site-packages/airflow/example_dags/example_sensors.py
[2026-03-22T04:14:52.428+0000] {logging_mixin.py:188} INFO - [2026-03-22T04:14:52.427+0000] {dag.py:3096} INFO - Sync 1 DAGs
[2026-03-22T04:14:52.448+0000] {logging_mixin.py:188} INFO - [2026-03-22T04:14:52.447+0000] {dag.py:3954} INFO - Setting next_dagrun for example_sensors to None, run_after=None
[2026-03-22T04:14:52.471+0000] {processor.py:183} INFO - Processing /home/airflow/.local/lib/python3.12/site-packages/airflow/example_dags/example_sensors.py took 0.129 seconds
[2026-03-22T04:15:22.731+0000] {processor.py:161} INFO - Started process (PID=752) to work on /home/airflow/.local/lib/python3.12/site-packages/airflow/example_dags/example_sensors.py
[2026-03-22T04:15:22.732+0000] {processor.py:830} INFO - Processing file /home/airflow/.local/lib/python3.12/site-packages/airflow/example_dags/example_sensors.py for tasks to queue
[2026-03-22T04:15:22.733+0000] {logging_mixin.py:188} INFO - [2026-03-22T04:15:22.733+0000] {dagbag.py:545} INFO - Filling up the DagBag from /home/airflow/.local/lib/python3.12/site-packages/airflow/example_dags/example_sensors.py
[2026-03-22T04:15:22.739+0000] {processor.py:840} INFO - DAG(s) 'example_sensors' retrieved from /home/airflow/.local/lib/python3.12/site-packages/airflow/example_dags/example_sensors.py
[2026-03-22T04:15:22.755+0000] {logging_mixin.py:188} INFO - [2026-03-22T04:15:22.755+0000] {dag.py:3096} INFO - Sync 1 DAGs
[2026-03-22T04:15:22.761+0000] {logging_mixin.py:188} INFO - [2026-03-22T04:15:22.761+0000] {dag.py:3954} INFO - Setting next_dagrun for example_sensors to None, run_after=None
[2026-03-22T04:15:22.769+0000] {processor.py:183} INFO - Processing /home/airflow/.local/lib/python3.12/site-packages/airflow/example_dags/example_sensors.py took 0.042 seconds
[2026-03-22T04:15:53.341+0000] {processor.py:161} INFO - Started process (PID=810) to work on /home/airflow/.local/lib/python3.12/site-packages/airflow/example_dags/example_sensors.py
[2026-03-22T04:15:53.344+0000] {processor.py:830} INFO - Processing file /home/airflow/.local/lib/python3.12/site-packages/airflow/example_dags/example_sensors.py for tasks to queue
[2026-03-22T04:15:53.348+0000] {logging_mixin.py:188} INFO - [2026-03-22T04:15:53.348+0000] {dagbag.py:545} INFO - Filling up the DagBag from /home/airflow/.local/lib/python3.12/site-packages/airflow/example_dags/example_sensors.py
[2026-03-22T04:15:53.366+0000] {processor.py:840} INFO - DAG(s) 'example_sensors' retrieved from /home/airflow/.local/lib/python3.12/site-packages/airflow/example_dags/example_sensors.py
[2026-03-22T04:15:53.399+0000] {logging_mixin.py:188} INFO - [2026-03-22T04:15:53.398+0000] {dag.py:3096} INFO - Sync 1 DAGs
[2026-03-22T04:15:53.410+0000] {logging_mixin.py:188} INFO - [2026-03-22T04:15:53.409+0000] {dag.py:3954} INFO - Setting next_dagrun for example_sensors to None, run_after=None
[2026-03-22T04:15:53.421+0000] {processor.py:183} INFO - Processing /home/airflow/.local/lib/python3.12/site-packages/airflow/example_dags/example_sensors.py took 0.083 seconds
[2026-03-22T04:16:42.077+0000] {processor.py:161} INFO - Started process (PID=874) to work on /home/airflow/.local/lib/python3.12/site-packages/airflow/example_dags/example_sensors.py
[2026-03-22T04:16:42.092+0000] {processor.py:830} INFO - Processing file /home/airflow/.local/lib/python3.12/site-packages/airflow/example_dags/example_sensors.py for tasks to queue
[2026-03-22T04:16:42.114+0000] {logging_mixin.py:188} INFO - [2026-03-22T04:16:42.111+0000] {dagbag.py:545} INFO - Filling up the DagBag from /home/airflow/.local/lib/python3.12/site-packages/airflow/example_dags/example_sensors.py
[2026-03-22T04:16:42.216+0000] {processor.py:840} INFO - DAG(s) 'example_sensors' retrieved from /home/airflow/.local/lib/python3.12/site-packages/airflow/example_dags/example_sensors.py
[2026-03-22T04:16:43.069+0000] {logging_mixin.py:188} INFO - [2026-03-22T04:16:43.059+0000] {dag.py:3096} INFO - Sync 1 DAGs
[2026-03-22T04:16:43.198+0000] {logging_mixin.py:188} INFO - [2026-03-22T04:16:43.196+0000] {dag.py:3954} INFO - Setting next_dagrun for example_sensors to None, run_after=None
[2026-03-22T04:16:43.423+0000] {processor.py:183} INFO - Processing /home/airflow/.local/lib/python3.12/site-packages/airflow/example_dags/example_sensors.py took 1.445 seconds
[2026-03-22T04:17:35.777+0000] {processor.py:161} INFO - Started process (PID=931) to work on /home/airflow/.local/lib/python3.12/site-packages/airflow/example_dags/example_sensors.py
[2026-03-22T04:17:35.783+0000] {processor.py:830} INFO - Processing file /home/airflow/.local/lib/python3.12/site-packages/airflow/example_dags/example_sensors.py for tasks to queue
[2026-03-22T04:17:35.789+0000] {logging_mixin.py:188} INFO - [2026-03-22T04:17:35.788+0000] {dagbag.py:545} INFO - Filling up the DagBag from /home/airflow/.local/lib/python3.12/site-packages/airflow/example_dags/example_sensors.py
[2026-03-22T04:17:35.827+0000] {processor.py:840} INFO - DAG(s) 'example_sensors' retrieved from /home/airflow/.local/lib/python3.12/site-packages/airflow/example_dags/example_sensors.py
[2026-03-22T04:17:35.893+0000] {logging_mixin.py:188} INFO - [2026-03-22T04:17:35.893+0000] {dag.py:3096} INFO - Sync 1 DAGs
[2026-03-22T04:17:35.971+0000] {logging_mixin.py:188} INFO - [2026-03-22T04:17:35.971+0000] {dag.py:3954} INFO - Setting next_dagrun for example_sensors to None, run_after=None
[2026-03-22T04:17:36.044+0000] {processor.py:183} INFO - Processing /home/airflow/.local/lib/python3.12/site-packages/airflow/example_dags/example_sensors.py took 0.279 seconds
[2026-03-22T04:18:06.384+0000] {processor.py:161} INFO - Started process (PID=981) to work on /home/airflow/.local/lib/python3.12/site-packages/airflow/example_dags/example_sensors.py
[2026-03-22T04:18:06.385+0000] {processor.py:830} INFO - Processing file /home/airflow/.local/lib/python3.12/site-packages/airflow/example_dags/example_sensors.py for tasks to queue
[2026-03-22T04:18:06.386+0000] {logging_mixin.py:188} INFO - [2026-03-22T04:18:06.385+0000] {dagbag.py:545} INFO - Filling up the DagBag from /home/airflow/.local/lib/python3.12/site-packages/airflow/example_dags/example_sensors.py
[2026-03-22T04:18:06.390+0000] {processor.py:840} INFO - DAG(s) 'example_sensors' retrieved from /home/airflow/.local/lib/python3.12/site-packages/airflow/example_dags/example_sensors.py
[2026-03-22T04:18:06.405+0000] {logging_mixin.py:188} INFO - [2026-03-22T04:18:06.405+0000] {dag.py:3096} INFO - Sync 1 DAGs
[2026-03-22T04:18:06.414+0000] {logging_mixin.py:188} INFO - [2026-03-22T04:18:06.414+0000] {dag.py:3954} INFO - Setting next_dagrun for example_sensors to None, run_after=None
[2026-03-22T04:18:06.422+0000] {processor.py:183} INFO - Processing /home/airflow/.local/lib/python3.12/site-packages/airflow/example_dags/example_sensors.py took 0.041 seconds
[2026-03-22T04:18:36.999+0000] {processor.py:161} INFO - Started process (PID=1038) to work on /home/airflow/.local/lib/python3.12/site-packages/airflow/example_dags/example_sensors.py
[2026-03-22T04:18:37.000+0000] {processor.py:830} INFO - Processing file /home/airflow/.local/lib/python3.12/site-packages/airflow/example_dags/example_sensors.py for tasks to queue
[2026-03-22T04:18:37.001+0000] {logging_mixin.py:188} INFO - [2026-03-22T04:18:37.001+0000] {dagbag.py:545} INFO - Filling up the DagBag from /home/airflow/.local/lib/python3.12/site-packages/airflow/example_dags/example_sensors.py
[2026-03-22T04:18:37.008+0000] {processor.py:840} INFO - DAG(s) 'example_sensors' retrieved from /home/airflow/.local/lib/python3.12/site-packages/airflow/example_dags/example_sensors.py
[2026-03-22T04:18:37.023+0000] {logging_mixin.py:188} INFO - [2026-03-22T04:18:37.023+0000] {dag.py:3096} INFO - Sync 1 DAGs
[2026-03-22T04:18:37.029+0000] {logging_mixin.py:188} INFO - [2026-03-22T04:18:37.029+0000] {dag.py:3954} INFO - Setting next_dagrun for example_sensors to None, run_after=None
[2026-03-22T04:18:37.038+0000] {processor.py:183} INFO - Processing /home/airflow/.local/lib/python3.12/site-packages/airflow/example_dags/example_sensors.py took 0.049 seconds
[2026-03-22T04:19:07.626+0000] {processor.py:161} INFO - Started process (PID=1096) to work on /home/airflow/.local/lib/python3.12/site-packages/airflow/example_dags/example_sensors.py
[2026-03-22T04:19:07.627+0000] {processor.py:830} INFO - Processing file /home/airflow/.local/lib/python3.12/site-packages/airflow/example_dags/example_sensors.py for tasks to queue
[2026-03-22T04:19:07.629+0000] {logging_mixin.py:188} INFO - [2026-03-22T04:19:07.629+0000] {dagbag.py:545} INFO - Filling up the DagBag from /home/airflow/.local/lib/python3.12/site-packages/airflow/example_dags/example_sensors.py
[2026-03-22T04:19:07.637+0000] {processor.py:840} INFO - DAG(s) 'example_sensors' retrieved from /home/airflow/.local/lib/python3.12/site-packages/airflow/example_dags/example_sensors.py
[2026-03-22T04:19:07.657+0000] {logging_mixin.py:188} INFO - [2026-03-22T04:19:07.657+0000] {dag.py:3096} INFO - Sync 1 DAGs
[2026-03-22T04:19:07.663+0000] {logging_mixin.py:188} INFO - [2026-03-22T04:19:07.663+0000] {dag.py:3954} INFO - Setting next_dagrun for example_sensors to None, run_after=None
[2026-03-22T04:19:07.673+0000] {processor.py:183} INFO - Processing /home/airflow/.local/lib/python3.12/site-packages/airflow/example_dags/example_sensors.py took 0.052 seconds
[2026-03-22T04:19:38.631+0000] {processor.py:161} INFO - Started process (PID=1154) to work on /home/airflow/.local/lib/python3.12/site-packages/airflow/example_dags/example_sensors.py
[2026-03-22T04:19:38.646+0000] {processor.py:830} INFO - Processing file /home/airflow/.local/lib/python3.12/site-packages/airflow/example_dags/example_sensors.py for tasks to queue
[2026-03-22T04:19:38.661+0000] {logging_mixin.py:188} INFO - [2026-03-22T04:19:38.654+0000] {dagbag.py:545} INFO - Filling up the DagBag from /home/airflow/.local/lib/python3.12/site-packages/airflow/example_dags/example_sensors.py
[2026-03-22T04:19:38.701+0000] {processor.py:840} INFO - DAG(s) 'example_sensors' retrieved from /home/airflow/.local/lib/python3.12/site-packages/airflow/example_dags/example_sensors.py
[2026-03-22T04:19:38.853+0000] {logging_mixin.py:188} INFO - [2026-03-22T04:19:38.851+0000] {dag.py:3096} INFO - Sync 1 DAGs
[2026-03-22T04:19:38.888+0000] {logging_mixin.py:188} INFO - [2026-03-22T04:19:38.888+0000] {dag.py:3954} INFO - Setting next_dagrun for example_sensors to None, run_after=None
[2026-03-22T04:19:38.912+0000] {processor.py:183} INFO - Processing /home/airflow/.local/lib/python3.12/site-packages/airflow/example_dags/example_sensors.py took 0.293 seconds
[2026-03-22T04:20:09.293+0000] {processor.py:161} INFO - Started process (PID=1212) to work on /home/airflow/.local/lib/python3.12/site-packages/airflow/example_dags/example_sensors.py
[2026-03-22T04:20:09.293+0000] {processor.py:830} INFO - Processing file /home/airflow/.local/lib/python3.12/site-packages/airflow/example_dags/example_sensors.py for tasks to queue
[2026-03-22T04:20:09.295+0000] {logging_mixin.py:188} INFO - [2026-03-22T04:20:09.295+0000] {dagbag.py:545} INFO - Filling up the DagBag from /home/airflow/.local/lib/python3.12/site-packages/airflow/example_dags/example_sensors.py
[2026-03-22T04:20:09.300+0000] {processor.py:840} INFO - DAG(s) 'example_sensors' retrieved from /home/airflow/.local/lib/python3.12/site-packages/airflow/example_dags/example_sensors.py
[2026-03-22T04:20:09.312+0000] {logging_mixin.py:188} INFO - [2026-03-22T04:20:09.312+0000] {dag.py:3096} INFO - Sync 1 DAGs
[2026-03-22T04:20:09.317+0000] {logging_mixin.py:188} INFO - [2026-03-22T04:20:09.317+0000] {dag.py:3954} INFO - Setting next_dagrun for example_sensors to None, run_after=None
[2026-03-22T04:20:09.326+0000] {processor.py:183} INFO - Processing /home/airflow/.local/lib/python3.12/site-packages/airflow/example_dags/example_sensors.py took 0.037 seconds
[2026-03-22T04:20:40.245+0000] {processor.py:161} INFO - Started process (PID=1270) to work on /home/airflow/.local/lib/python3.12/site-packages/airflow/example_dags/example_sensors.py
[2026-03-22T04:20:40.246+0000] {processor.py:830} INFO - Processing file /home/airflow/.local/lib/python3.12/site-packages/airflow/example_dags/example_sensors.py for tasks to queue
[2026-03-22T04:20:40.247+0000] {logging_mixin.py:188} INFO - [2026-03-22T04:20:40.247+0000] {dagbag.py:545} INFO - Filling up the DagBag from /home/airflow/.local/lib/python3.12/site-packages/airflow/example_dags/example_sensors.py
[2026-03-22T04:20:40.252+0000] {processor.py:840} INFO - DAG(s) 'example_sensors' retrieved from /home/airflow/.local/lib/python3.12/site-packages/airflow/example_dags/example_sensors.py
[2026-03-22T04:20:40.263+0000] {logging_mixin.py:188} INFO - [2026-03-22T04:20:40.263+0000] {dag.py:3096} INFO - Sync 1 DAGs
[2026-03-22T04:20:40.268+0000] {logging_mixin.py:188} INFO - [2026-03-22T04:20:40.268+0000] {dag.py:3954} INFO - Setting next_dagrun for example_sensors to None, run_after=None
[2026-03-22T04:20:40.275+0000] {processor.py:183} INFO - Processing /home/airflow/.local/lib/python3.12/site-packages/airflow/example_dags/example_sensors.py took 0.033 seconds
[2026-03-22T04:21:11.146+0000] {processor.py:161} INFO - Started process (PID=1327) to work on /home/airflow/.local/lib/python3.12/site-packages/airflow/example_dags/example_sensors.py
[2026-03-22T04:21:11.150+0000] {processor.py:830} INFO - Processing file /home/airflow/.local/lib/python3.12/site-packages/airflow/example_dags/example_sensors.py for tasks to queue
[2026-03-22T04:21:11.151+0000] {logging_mixin.py:188} INFO - [2026-03-22T04:21:11.151+0000] {dagbag.py:545} INFO - Filling up the DagBag from /home/airflow/.local/lib/python3.12/site-packages/airflow/example_dags/example_sensors.py
[2026-03-22T04:21:11.161+0000] {processor.py:840} INFO - DAG(s) 'example_sensors' retrieved from /home/airflow/.local/lib/python3.12/site-packages/airflow/example_dags/example_sensors.py
[2026-03-22T04:21:11.191+0000] {logging_mixin.py:188} INFO - [2026-03-22T04:21:11.191+0000] {dag.py:3096} INFO - Sync 1 DAGs
[2026-03-22T04:21:11.202+0000] {logging_mixin.py:188} INFO - [2026-03-22T04:21:11.201+0000] {dag.py:3954} INFO - Setting next_dagrun for example_sensors to None, run_after=None
[2026-03-22T04:21:11.216+0000] {processor.py:183} INFO - Processing /home/airflow/.local/lib/python3.12/site-packages/airflow/example_dags/example_sensors.py took 0.077 seconds
[2026-03-22T04:21:42.580+0000] {processor.py:161} INFO - Started process (PID=1385) to work on /home/airflow/.local/lib/python3.12/site-packages/airflow/example_dags/example_sensors.py
[2026-03-22T04:21:42.583+0000] {processor.py:830} INFO - Processing file /home/airflow/.local/lib/python3.12/site-packages/airflow/example_dags/example_sensors.py for tasks to queue
[2026-03-22T04:21:42.586+0000] {logging_mixin.py:188} INFO - [2026-03-22T04:21:42.586+0000] {dagbag.py:545} INFO - Filling up the DagBag from /home/airflow/.local/lib/python3.12/site-packages/airflow/example_dags/example_sensors.py
[2026-03-22T04:21:42.599+0000] {processor.py:840} INFO - DAG(s) 'example_sensors' retrieved from /home/airflow/.local/lib/python3.12/site-packages/airflow/example_dags/example_sensors.py
[2026-03-22T04:21:42.628+0000] {logging_mixin.py:188} INFO - [2026-03-22T04:21:42.628+0000] {dag.py:3096} INFO - Sync 1 DAGs
[2026-03-22T04:21:42.644+0000] {logging_mixin.py:188} INFO - [2026-03-22T04:21:42.644+0000] {dag.py:3954} INFO - Setting next_dagrun for example_sensors to None, run_after=None
[2026-03-22T04:21:42.660+0000] {processor.py:183} INFO - Processing /home/airflow/.local/lib/python3.12/site-packages/airflow/example_dags/example_sensors.py took 0.092 seconds
[2026-03-22T04:22:14.829+0000] {processor.py:161} INFO - Started process (PID=1444) to work on /home/airflow/.local/lib/python3.12/site-packages/airflow/example_dags/example_sensors.py
[2026-03-22T04:22:14.848+0000] {processor.py:830} INFO - Processing file /home/airflow/.local/lib/python3.12/site-packages/airflow/example_dags/example_sensors.py for tasks to queue
[2026-03-22T04:22:14.868+0000] {logging_mixin.py:188} INFO - [2026-03-22T04:22:14.862+0000] {dagbag.py:545} INFO - Filling up the DagBag from /home/airflow/.local/lib/python3.12/site-packages/airflow/example_dags/example_sensors.py
[2026-03-22T04:22:15.004+0000] {processor.py:840} INFO - DAG(s) 'example_sensors' retrieved from /home/airflow/.local/lib/python3.12/site-packages/airflow/example_dags/example_sensors.py
[2026-03-22T04:22:17.175+0000] {logging_mixin.py:188} INFO - [2026-03-22T04:22:17.154+0000] {dag.py:3096} INFO - Sync 1 DAGs
[2026-03-22T04:22:18.318+0000] {logging_mixin.py:188} INFO - [2026-03-22T04:22:18.310+0000] {dag.py:3954} INFO - Setting next_dagrun for example_sensors to None, run_after=None
[2026-03-22T04:22:45.546+0000] {processor.py:183} INFO - Processing /home/airflow/.local/lib/python3.12/site-packages/airflow/example_dags/example_sensors.py took 31.603 seconds
[2026-03-22T04:23:17.443+0000] {processor.py:161} INFO - Started process (PID=1502) to work on /home/airflow/.local/lib/python3.12/site-packages/airflow/example_dags/example_sensors.py
[2026-03-22T04:23:17.448+0000] {processor.py:830} INFO - Processing file /home/airflow/.local/lib/python3.12/site-packages/airflow/example_dags/example_sensors.py for tasks to queue
[2026-03-22T04:23:17.457+0000] {logging_mixin.py:188} INFO - [2026-03-22T04:23:17.455+0000] {dagbag.py:545} INFO - Filling up the DagBag from /home/airflow/.local/lib/python3.12/site-packages/airflow/example_dags/example_sensors.py
[2026-03-22T04:23:17.504+0000] {processor.py:840} INFO - DAG(s) 'example_sensors' retrieved from /home/airflow/.local/lib/python3.12/site-packages/airflow/example_dags/example_sensors.py
[2026-03-22T04:23:17.698+0000] {logging_mixin.py:188} INFO - [2026-03-22T04:23:17.691+0000] {dag.py:3096} INFO - Sync 1 DAGs
[2026-03-22T04:23:17.794+0000] {logging_mixin.py:188} INFO - [2026-03-22T04:23:17.791+0000] {dag.py:3954} INFO - Setting next_dagrun for example_sensors to None, run_after=None
[2026-03-22T04:23:17.994+0000] {processor.py:183} INFO - Processing /home/airflow/.local/lib/python3.12/site-packages/airflow/example_dags/example_sensors.py took 0.576 seconds
[2026-03-22T04:23:48.166+0000] {processor.py:161} INFO - Started process (PID=1559) to work on /home/airflow/.local/lib/python3.12/site-packages/airflow/example_dags/example_sensors.py
[2026-03-22T04:23:48.168+0000] {processor.py:830} INFO - Processing file /home/airflow/.local/lib/python3.12/site-packages/airflow/example_dags/example_sensors.py for tasks to queue
[2026-03-22T04:23:48.172+0000] {logging_mixin.py:188} INFO - [2026-03-22T04:23:48.171+0000] {dagbag.py:545} INFO - Filling up the DagBag from /home/airflow/.local/lib/python3.12/site-packages/airflow/example_dags/example_sensors.py
[2026-03-22T04:23:48.201+0000] {processor.py:840} INFO - DAG(s) 'example_sensors' retrieved from /home/airflow/.local/lib/python3.12/site-packages/airflow/example_dags/example_sensors.py
[2026-03-22T04:23:48.253+0000] {logging_mixin.py:188} INFO - [2026-03-22T04:23:48.253+0000] {dag.py:3096} INFO - Sync 1 DAGs
[2026-03-22T04:23:48.265+0000] {logging_mixin.py:188} INFO - [2026-03-22T04:23:48.265+0000] {dag.py:3954} INFO - Setting next_dagrun for example_sensors to None, run_after=None
[2026-03-22T04:23:48.283+0000] {processor.py:183} INFO - Processing /home/airflow/.local/lib/python3.12/site-packages/airflow/example_dags/example_sensors.py took 0.142 seconds
[2026-03-22T04:24:18.579+0000] {processor.py:161} INFO - Started process (PID=1617) to work on /home/airflow/.local/lib/python3.12/site-packages/airflow/example_dags/example_sensors.py
[2026-03-22T04:24:18.580+0000] {processor.py:830} INFO - Processing file /home/airflow/.local/lib/python3.12/site-packages/airflow/example_dags/example_sensors.py for tasks to queue
[2026-03-22T04:24:18.584+0000] {logging_mixin.py:188} INFO - [2026-03-22T04:24:18.583+0000] {dagbag.py:545} INFO - Filling up the DagBag from /home/airflow/.local/lib/python3.12/site-packages/airflow/example_dags/example_sensors.py
[2026-03-22T04:24:18.601+0000] {processor.py:840} INFO - DAG(s) 'example_sensors' retrieved from /home/airflow/.local/lib/python3.12/site-packages/airflow/example_dags/example_sensors.py
[2026-03-22T04:24:18.647+0000] {logging_mixin.py:188} INFO - [2026-03-22T04:24:18.647+0000] {dag.py:3096} INFO - Sync 1 DAGs
[2026-03-22T04:24:18.665+0000] {logging_mixin.py:188} INFO - [2026-03-22T04:24:18.664+0000] {dag.py:3954} INFO - Setting next_dagrun for example_sensors to None, run_after=None
[2026-03-22T04:24:18.678+0000] {processor.py:183} INFO - Processing /home/airflow/.local/lib/python3.12/site-packages/airflow/example_dags/example_sensors.py took 0.113 seconds
[2026-03-22T04:25:18.170+0000] {processor.py:161} INFO - Started process (PID=1638) to work on /home/airflow/.local/lib/python3.12/site-packages/airflow/example_dags/example_sensors.py
[2026-03-22T04:25:18.173+0000] {processor.py:830} INFO - Processing file /home/airflow/.local/lib/python3.12/site-packages/airflow/example_dags/example_sensors.py for tasks to queue
[2026-03-22T04:25:18.208+0000] {logging_mixin.py:188} INFO - [2026-03-22T04:25:18.192+0000] {dagbag.py:545} INFO - Filling up the DagBag from /home/airflow/.local/lib/python3.12/site-packages/airflow/example_dags/example_sensors.py
[2026-03-22T04:25:18.465+0000] {processor.py:840} INFO - DAG(s) 'example_sensors' retrieved from /home/airflow/.local/lib/python3.12/site-packages/airflow/example_dags/example_sensors.py
[2026-03-22T04:25:19.047+0000] {logging_mixin.py:188} INFO - [2026-03-22T04:25:19.042+0000] {dag.py:3096} INFO - Sync 1 DAGs
[2026-03-22T04:25:19.198+0000] {logging_mixin.py:188} INFO - [2026-03-22T04:25:19.197+0000] {dag.py:3954} INFO - Setting next_dagrun for example_sensors to None, run_after=None
[2026-03-22T04:25:19.407+0000] {processor.py:183} INFO - Processing /home/airflow/.local/lib/python3.12/site-packages/airflow/example_dags/example_sensors.py took 1.254 seconds
[2026-03-22T04:25:51.491+0000] {processor.py:161} INFO - Started process (PID=1696) to work on /home/airflow/.local/lib/python3.12/site-packages/airflow/example_dags/example_sensors.py
[2026-03-22T04:25:51.515+0000] {processor.py:830} INFO - Processing file /home/airflow/.local/lib/python3.12/site-packages/airflow/example_dags/example_sensors.py for tasks to queue
[2026-03-22T04:25:51.553+0000] {logging_mixin.py:188} INFO - [2026-03-22T04:25:51.541+0000] {dagbag.py:545} INFO - Filling up the DagBag from /home/airflow/.local/lib/python3.12/site-packages/airflow/example_dags/example_sensors.py
[2026-03-22T04:25:51.672+0000] {processor.py:840} INFO - DAG(s) 'example_sensors' retrieved from /home/airflow/.local/lib/python3.12/site-packages/airflow/example_dags/example_sensors.py
[2026-03-22T04:25:52.086+0000] {logging_mixin.py:188} INFO - [2026-03-22T04:25:52.084+0000] {dag.py:3096} INFO - Sync 1 DAGs
[2026-03-22T04:25:52.120+0000] {logging_mixin.py:188} INFO - [2026-03-22T04:25:52.120+0000] {dag.py:3954} INFO - Setting next_dagrun for example_sensors to None, run_after=None
[2026-03-22T04:25:52.238+0000] {processor.py:183} INFO - Processing /home/airflow/.local/lib/python3.12/site-packages/airflow/example_dags/example_sensors.py took 0.794 seconds
[2026-03-22T04:27:10.751+0000] {processor.py:161} INFO - Started process (PID=1739) to work on /home/airflow/.local/lib/python3.12/site-packages/airflow/example_dags/example_sensors.py
[2026-03-22T04:27:10.761+0000] {processor.py:830} INFO - Processing file /home/airflow/.local/lib/python3.12/site-packages/airflow/example_dags/example_sensors.py for tasks to queue
[2026-03-22T04:27:10.793+0000] {logging_mixin.py:188} INFO - [2026-03-22T04:27:10.785+0000] {dagbag.py:545} INFO - Filling up the DagBag from /home/airflow/.local/lib/python3.12/site-packages/airflow/example_dags/example_sensors.py
[2026-03-22T04:27:10.911+0000] {processor.py:840} INFO - DAG(s) 'example_sensors' retrieved from /home/airflow/.local/lib/python3.12/site-packages/airflow/example_dags/example_sensors.py
[2026-03-22T04:27:11.296+0000] {logging_mixin.py:188} INFO - [2026-03-22T04:27:11.295+0000] {dag.py:3096} INFO - Sync 1 DAGs
[2026-03-22T04:27:11.379+0000] {logging_mixin.py:188} INFO - [2026-03-22T04:27:11.376+0000] {dag.py:3954} INFO - Setting next_dagrun for example_sensors to None, run_after=None
[2026-03-22T04:27:14.464+0000] {processor.py:183} INFO - Processing /home/airflow/.local/lib/python3.12/site-packages/airflow/example_dags/example_sensors.py took 3.745 seconds
[2026-03-22T04:32:24.232+0000] {processor.py:161} INFO - Started process (PID=1821) to work on /home/airflow/.local/lib/python3.12/site-packages/airflow/example_dags/example_sensors.py
[2026-03-22T04:32:24.247+0000] {processor.py:830} INFO - Processing file /home/airflow/.local/lib/python3.12/site-packages/airflow/example_dags/example_sensors.py for tasks to queue
[2026-03-22T04:32:24.299+0000] {logging_mixin.py:188} INFO - [2026-03-22T04:32:24.260+0000] {dagbag.py:545} INFO - Filling up the DagBag from /home/airflow/.local/lib/python3.12/site-packages/airflow/example_dags/example_sensors.py
[2026-03-22T04:32:24.517+0000] {processor.py:840} INFO - DAG(s) 'example_sensors' retrieved from /home/airflow/.local/lib/python3.12/site-packages/airflow/example_dags/example_sensors.py
[2026-03-22T04:32:34.908+0000] {logging_mixin.py:188} INFO - [2026-03-22T04:32:34.748+0000] {dag.py:3096} INFO - Sync 1 DAGs
[2026-03-22T04:32:35.305+0000] {logging_mixin.py:188} INFO - [2026-03-22T04:32:35.263+0000] {dag.py:3954} INFO - Setting next_dagrun for example_sensors to None, run_after=None
[2026-03-22T04:32:42.982+0000] {processor.py:183} INFO - Processing /home/airflow/.local/lib/python3.12/site-packages/airflow/example_dags/example_sensors.py took 19.294 seconds
[2026-03-22T04:36:29.603+0000] {processor.py:161} INFO - Started process (PID=1900) to work on /home/airflow/.local/lib/python3.12/site-packages/airflow/example_dags/example_sensors.py
[2026-03-22T04:36:29.763+0000] {processor.py:830} INFO - Processing file /home/airflow/.local/lib/python3.12/site-packages/airflow/example_dags/example_sensors.py for tasks to queue
[2026-03-22T04:36:30.285+0000] {logging_mixin.py:188} INFO - [2026-03-22T04:36:30.148+0000] {dagbag.py:545} INFO - Filling up the DagBag from /home/airflow/.local/lib/python3.12/site-packages/airflow/example_dags/example_sensors.py
[2026-03-22T04:36:31.346+0000] {processor.py:840} INFO - DAG(s) 'example_sensors' retrieved from /home/airflow/.local/lib/python3.12/site-packages/airflow/example_dags/example_sensors.py
[2026-03-22T04:36:34.455+0000] {logging_mixin.py:188} INFO - [2026-03-22T04:36:34.409+0000] {dag.py:3096} INFO - Sync 1 DAGs
[2026-03-22T04:36:35.370+0000] {logging_mixin.py:188} INFO - [2026-03-22T04:36:35.288+0000] {dag.py:3954} INFO - Setting next_dagrun for example_sensors to None, run_after=None
[2026-03-22T04:36:39.038+0000] {processor.py:183} INFO - Processing /home/airflow/.local/lib/python3.12/site-packages/airflow/example_dags/example_sensors.py took 10.233 seconds
[2026-03-22T04:38:49.376+0000] {processor.py:161} INFO - Started process (PID=1960) to work on /home/airflow/.local/lib/python3.12/site-packages/airflow/example_dags/example_sensors.py
[2026-03-22T04:38:49.410+0000] {processor.py:830} INFO - Processing file /home/airflow/.local/lib/python3.12/site-packages/airflow/example_dags/example_sensors.py for tasks to queue
[2026-03-22T04:38:49.434+0000] {logging_mixin.py:188} INFO - [2026-03-22T04:38:49.431+0000] {dagbag.py:545} INFO - Filling up the DagBag from /home/airflow/.local/lib/python3.12/site-packages/airflow/example_dags/example_sensors.py
[2026-03-22T04:38:49.513+0000] {processor.py:840} INFO - DAG(s) 'example_sensors' retrieved from /home/airflow/.local/lib/python3.12/site-packages/airflow/example_dags/example_sensors.py
[2026-03-22T04:38:49.826+0000] {logging_mixin.py:188} INFO - [2026-03-22T04:38:49.814+0000] {dag.py:3096} INFO - Sync 1 DAGs
[2026-03-22T04:38:50.404+0000] {logging_mixin.py:188} INFO - [2026-03-22T04:38:50.395+0000] {dag.py:3954} INFO - Setting next_dagrun for example_sensors to None, run_after=None
[2026-03-22T04:38:50.966+0000] {processor.py:183} INFO - Processing /home/airflow/.local/lib/python3.12/site-packages/airflow/example_dags/example_sensors.py took 1.639 seconds
[2026-03-22T04:39:40.821+0000] {processor.py:161} INFO - Started process (PID=2004) to work on /home/airflow/.local/lib/python3.12/site-packages/airflow/example_dags/example_sensors.py
[2026-03-22T04:39:40.830+0000] {processor.py:830} INFO - Processing file /home/airflow/.local/lib/python3.12/site-packages/airflow/example_dags/example_sensors.py for tasks to queue
[2026-03-22T04:39:40.893+0000] {logging_mixin.py:188} INFO - [2026-03-22T04:39:40.892+0000] {dagbag.py:545} INFO - Filling up the DagBag from /home/airflow/.local/lib/python3.12/site-packages/airflow/example_dags/example_sensors.py
[2026-03-22T04:39:41.170+0000] {processor.py:840} INFO - DAG(s) 'example_sensors' retrieved from /home/airflow/.local/lib/python3.12/site-packages/airflow/example_dags/example_sensors.py
[2026-03-22T04:39:41.485+0000] {logging_mixin.py:188} INFO - [2026-03-22T04:39:41.480+0000] {dag.py:3096} INFO - Sync 1 DAGs
[2026-03-22T04:39:41.760+0000] {logging_mixin.py:188} INFO - [2026-03-22T04:39:41.759+0000] {dag.py:3954} INFO - Setting next_dagrun for example_sensors to None, run_after=None
[2026-03-22T04:39:42.212+0000] {processor.py:183} INFO - Processing /home/airflow/.local/lib/python3.12/site-packages/airflow/example_dags/example_sensors.py took 1.524 seconds
[2026-03-22T04:40:48.812+0000] {processor.py:161} INFO - Started process (PID=2068) to work on /home/airflow/.local/lib/python3.12/site-packages/airflow/example_dags/example_sensors.py
[2026-03-22T04:40:48.819+0000] {processor.py:830} INFO - Processing file /home/airflow/.local/lib/python3.12/site-packages/airflow/example_dags/example_sensors.py for tasks to queue
[2026-03-22T04:40:48.833+0000] {logging_mixin.py:188} INFO - [2026-03-22T04:40:48.830+0000] {dagbag.py:545} INFO - Filling up the DagBag from /home/airflow/.local/lib/python3.12/site-packages/airflow/example_dags/example_sensors.py
[2026-03-22T04:40:48.918+0000] {processor.py:840} INFO - DAG(s) 'example_sensors' retrieved from /home/airflow/.local/lib/python3.12/site-packages/airflow/example_dags/example_sensors.py
[2026-03-22T04:40:49.256+0000] {logging_mixin.py:188} INFO - [2026-03-22T04:40:49.250+0000] {dag.py:3096} INFO - Sync 1 DAGs
[2026-03-22T04:40:49.474+0000] {logging_mixin.py:188} INFO - [2026-03-22T04:40:49.472+0000] {dag.py:3954} INFO - Setting next_dagrun for example_sensors to None, run_after=None
[2026-03-22T04:40:50.166+0000] {processor.py:183} INFO - Processing /home/airflow/.local/lib/python3.12/site-packages/airflow/example_dags/example_sensors.py took 1.404 seconds
[2026-03-22T04:41:37.682+0000] {processor.py:161} INFO - Started process (PID=2126) to work on /home/airflow/.local/lib/python3.12/site-packages/airflow/example_dags/example_sensors.py
[2026-03-22T04:41:37.689+0000] {processor.py:830} INFO - Processing file /home/airflow/.local/lib/python3.12/site-packages/airflow/example_dags/example_sensors.py for tasks to queue
[2026-03-22T04:41:37.696+0000] {logging_mixin.py:188} INFO - [2026-03-22T04:41:37.695+0000] {dagbag.py:545} INFO - Filling up the DagBag from /home/airflow/.local/lib/python3.12/site-packages/airflow/example_dags/example_sensors.py
[2026-03-22T04:41:37.727+0000] {processor.py:840} INFO - DAG(s) 'example_sensors' retrieved from /home/airflow/.local/lib/python3.12/site-packages/airflow/example_dags/example_sensors.py
[2026-03-22T04:41:37.816+0000] {logging_mixin.py:188} INFO - [2026-03-22T04:41:37.815+0000] {dag.py:3096} INFO - Sync 1 DAGs
[2026-03-22T04:41:37.849+0000] {logging_mixin.py:188} INFO - [2026-03-22T04:41:37.848+0000] {dag.py:3954} INFO - Setting next_dagrun for example_sensors to None, run_after=None
[2026-03-22T04:41:37.877+0000] {processor.py:183} INFO - Processing /home/airflow/.local/lib/python3.12/site-packages/airflow/example_dags/example_sensors.py took 0.228 seconds
[2026-03-22T04:42:25.836+0000] {processor.py:161} INFO - Started process (PID=2177) to work on /home/airflow/.local/lib/python3.12/site-packages/airflow/example_dags/example_sensors.py
[2026-03-22T04:42:25.839+0000] {processor.py:830} INFO - Processing file /home/airflow/.local/lib/python3.12/site-packages/airflow/example_dags/example_sensors.py for tasks to queue
[2026-03-22T04:42:25.846+0000] {logging_mixin.py:188} INFO - [2026-03-22T04:42:25.845+0000] {dagbag.py:545} INFO - Filling up the DagBag from /home/airflow/.local/lib/python3.12/site-packages/airflow/example_dags/example_sensors.py
[2026-03-22T04:42:25.872+0000] {processor.py:840} INFO - DAG(s) 'example_sensors' retrieved from /home/airflow/.local/lib/python3.12/site-packages/airflow/example_dags/example_sensors.py
[2026-03-22T04:42:25.947+0000] {logging_mixin.py:188} INFO - [2026-03-22T04:42:25.946+0000] {dag.py:3096} INFO - Sync 1 DAGs
[2026-03-22T04:42:25.977+0000] {logging_mixin.py:188} INFO - [2026-03-22T04:42:25.977+0000] {dag.py:3954} INFO - Setting next_dagrun for example_sensors to None, run_after=None
[2026-03-22T04:42:26.048+0000] {processor.py:183} INFO - Processing /home/airflow/.local/lib/python3.12/site-packages/airflow/example_dags/example_sensors.py took 0.233 seconds
[2026-03-22T04:42:56.172+0000] {processor.py:161} INFO - Started process (PID=2233) to work on /home/airflow/.local/lib/python3.12/site-packages/airflow/example_dags/example_sensors.py
[2026-03-22T04:42:56.174+0000] {processor.py:830} INFO - Processing file /home/airflow/.local/lib/python3.12/site-packages/airflow/example_dags/example_sensors.py for tasks to queue
[2026-03-22T04:42:56.178+0000] {logging_mixin.py:188} INFO - [2026-03-22T04:42:56.177+0000] {dagbag.py:545} INFO - Filling up the DagBag from /home/airflow/.local/lib/python3.12/site-packages/airflow/example_dags/example_sensors.py
[2026-03-22T04:42:56.213+0000] {processor.py:840} INFO - DAG(s) 'example_sensors' retrieved from /home/airflow/.local/lib/python3.12/site-packages/airflow/example_dags/example_sensors.py
[2026-03-22T04:42:56.250+0000] {logging_mixin.py:188} INFO - [2026-03-22T04:42:56.250+0000] {dag.py:3096} INFO - Sync 1 DAGs
[2026-03-22T04:42:56.263+0000] {logging_mixin.py:188} INFO - [2026-03-22T04:42:56.263+0000] {dag.py:3954} INFO - Setting next_dagrun for example_sensors to None, run_after=None
[2026-03-22T04:42:56.277+0000] {processor.py:183} INFO - Processing /home/airflow/.local/lib/python3.12/site-packages/airflow/example_dags/example_sensors.py took 0.118 seconds
[2026-03-22T04:43:26.723+0000] {processor.py:161} INFO - Started process (PID=2290) to work on /home/airflow/.local/lib/python3.12/site-packages/airflow/example_dags/example_sensors.py
[2026-03-22T04:43:26.724+0000] {processor.py:830} INFO - Processing file /home/airflow/.local/lib/python3.12/site-packages/airflow/example_dags/example_sensors.py for tasks to queue
[2026-03-22T04:43:26.728+0000] {logging_mixin.py:188} INFO - [2026-03-22T04:43:26.728+0000] {dagbag.py:545} INFO - Filling up the DagBag from /home/airflow/.local/lib/python3.12/site-packages/airflow/example_dags/example_sensors.py
[2026-03-22T04:43:26.749+0000] {processor.py:840} INFO - DAG(s) 'example_sensors' retrieved from /home/airflow/.local/lib/python3.12/site-packages/airflow/example_dags/example_sensors.py
[2026-03-22T04:43:26.814+0000] {logging_mixin.py:188} INFO - [2026-03-22T04:43:26.814+0000] {dag.py:3096} INFO - Sync 1 DAGs
[2026-03-22T04:43:26.832+0000] {logging_mixin.py:188} INFO - [2026-03-22T04:43:26.831+0000] {dag.py:3954} INFO - Setting next_dagrun for example_sensors to None, run_after=None
[2026-03-22T04:43:26.847+0000] {processor.py:183} INFO - Processing /home/airflow/.local/lib/python3.12/site-packages/airflow/example_dags/example_sensors.py took 0.137 seconds
[2026-03-22T04:43:57.234+0000] {processor.py:161} INFO - Started process (PID=2348) to work on /home/airflow/.local/lib/python3.12/site-packages/airflow/example_dags/example_sensors.py
[2026-03-22T04:43:57.238+0000] {processor.py:830} INFO - Processing file /home/airflow/.local/lib/python3.12/site-packages/airflow/example_dags/example_sensors.py for tasks to queue
[2026-03-22T04:43:57.246+0000] {logging_mixin.py:188} INFO - [2026-03-22T04:43:57.246+0000] {dagbag.py:545} INFO - Filling up the DagBag from /home/airflow/.local/lib/python3.12/site-packages/airflow/example_dags/example_sensors.py
[2026-03-22T04:43:57.271+0000] {processor.py:840} INFO - DAG(s) 'example_sensors' retrieved from /home/airflow/.local/lib/python3.12/site-packages/airflow/example_dags/example_sensors.py
[2026-03-22T04:43:57.313+0000] {logging_mixin.py:188} INFO - [2026-03-22T04:43:57.313+0000] {dag.py:3096} INFO - Sync 1 DAGs
[2026-03-22T04:43:57.323+0000] {logging_mixin.py:188} INFO - [2026-03-22T04:43:57.323+0000] {dag.py:3954} INFO - Setting next_dagrun for example_sensors to None, run_after=None
[2026-03-22T04:43:57.336+0000] {processor.py:183} INFO - Processing /home/airflow/.local/lib/python3.12/site-packages/airflow/example_dags/example_sensors.py took 0.118 seconds
[2026-03-22T04:44:28.066+0000] {processor.py:161} INFO - Started process (PID=2406) to work on /home/airflow/.local/lib/python3.12/site-packages/airflow/example_dags/example_sensors.py
[2026-03-22T04:44:28.068+0000] {processor.py:830} INFO - Processing file /home/airflow/.local/lib/python3.12/site-packages/airflow/example_dags/example_sensors.py for tasks to queue
[2026-03-22T04:44:28.072+0000] {logging_mixin.py:188} INFO - [2026-03-22T04:44:28.072+0000] {dagbag.py:545} INFO - Filling up the DagBag from /home/airflow/.local/lib/python3.12/site-packages/airflow/example_dags/example_sensors.py
[2026-03-22T04:44:28.091+0000] {processor.py:840} INFO - DAG(s) 'example_sensors' retrieved from /home/airflow/.local/lib/python3.12/site-packages/airflow/example_dags/example_sensors.py
[2026-03-22T04:44:28.134+0000] {logging_mixin.py:188} INFO - [2026-03-22T04:44:28.134+0000] {dag.py:3096} INFO - Sync 1 DAGs
[2026-03-22T04:44:28.144+0000] {logging_mixin.py:188} INFO - [2026-03-22T04:44:28.144+0000] {dag.py:3954} INFO - Setting next_dagrun for example_sensors to None, run_after=None
[2026-03-22T04:44:28.154+0000] {processor.py:183} INFO - Processing /home/airflow/.local/lib/python3.12/site-packages/airflow/example_dags/example_sensors.py took 0.103 seconds
[2026-03-22T04:44:58.552+0000] {processor.py:161} INFO - Started process (PID=2464) to work on /home/airflow/.local/lib/python3.12/site-packages/airflow/example_dags/example_sensors.py
[2026-03-22T04:44:58.554+0000] {processor.py:830} INFO - Processing file /home/airflow/.local/lib/python3.12/site-packages/airflow/example_dags/example_sensors.py for tasks to queue
[2026-03-22T04:44:58.559+0000] {logging_mixin.py:188} INFO - [2026-03-22T04:44:58.558+0000] {dagbag.py:545} INFO - Filling up the DagBag from /home/airflow/.local/lib/python3.12/site-packages/airflow/example_dags/example_sensors.py
[2026-03-22T04:44:58.592+0000] {processor.py:840} INFO - DAG(s) 'example_sensors' retrieved from /home/airflow/.local/lib/python3.12/site-packages/airflow/example_dags/example_sensors.py
[2026-03-22T04:44:58.657+0000] {logging_mixin.py:188} INFO - [2026-03-22T04:44:58.657+0000] {dag.py:3096} INFO - Sync 1 DAGs
[2026-03-22T04:44:58.672+0000] {logging_mixin.py:188} INFO - [2026-03-22T04:44:58.672+0000] {dag.py:3954} INFO - Setting next_dagrun for example_sensors to None, run_after=None
[2026-03-22T04:44:58.684+0000] {processor.py:183} INFO - Processing /home/airflow/.local/lib/python3.12/site-packages/airflow/example_dags/example_sensors.py took 0.145 seconds
[2026-03-22T04:45:29.147+0000] {processor.py:161} INFO - Started process (PID=2521) to work on /home/airflow/.local/lib/python3.12/site-packages/airflow/example_dags/example_sensors.py
[2026-03-22T04:45:29.148+0000] {processor.py:830} INFO - Processing file /home/airflow/.local/lib/python3.12/site-packages/airflow/example_dags/example_sensors.py for tasks to queue
[2026-03-22T04:45:29.150+0000] {logging_mixin.py:188} INFO - [2026-03-22T04:45:29.149+0000] {dagbag.py:545} INFO - Filling up the DagBag from /home/airflow/.local/lib/python3.12/site-packages/airflow/example_dags/example_sensors.py
[2026-03-22T04:45:29.165+0000] {processor.py:840} INFO - DAG(s) 'example_sensors' retrieved from /home/airflow/.local/lib/python3.12/site-packages/airflow/example_dags/example_sensors.py
[2026-03-22T04:45:29.197+0000] {logging_mixin.py:188} INFO - [2026-03-22T04:45:29.197+0000] {dag.py:3096} INFO - Sync 1 DAGs
[2026-03-22T04:45:29.208+0000] {logging_mixin.py:188} INFO - [2026-03-22T04:45:29.208+0000] {dag.py:3954} INFO - Setting next_dagrun for example_sensors to None, run_after=None
[2026-03-22T04:45:29.223+0000] {processor.py:183} INFO - Processing /home/airflow/.local/lib/python3.12/site-packages/airflow/example_dags/example_sensors.py took 0.082 seconds
[2026-03-22T04:45:59.863+0000] {processor.py:161} INFO - Started process (PID=2579) to work on /home/airflow/.local/lib/python3.12/site-packages/airflow/example_dags/example_sensors.py
[2026-03-22T04:45:59.865+0000] {processor.py:830} INFO - Processing file /home/airflow/.local/lib/python3.12/site-packages/airflow/example_dags/example_sensors.py for tasks to queue
[2026-03-22T04:45:59.868+0000] {logging_mixin.py:188} INFO - [2026-03-22T04:45:59.867+0000] {dagbag.py:545} INFO - Filling up the DagBag from /home/airflow/.local/lib/python3.12/site-packages/airflow/example_dags/example_sensors.py
[2026-03-22T04:45:59.889+0000] {processor.py:840} INFO - DAG(s) 'example_sensors' retrieved from /home/airflow/.local/lib/python3.12/site-packages/airflow/example_dags/example_sensors.py
[2026-03-22T04:45:59.926+0000] {logging_mixin.py:188} INFO - [2026-03-22T04:45:59.926+0000] {dag.py:3096} INFO - Sync 1 DAGs
[2026-03-22T04:45:59.939+0000] {logging_mixin.py:188} INFO - [2026-03-22T04:45:59.939+0000] {dag.py:3954} INFO - Setting next_dagrun for example_sensors to None, run_after=None
[2026-03-22T04:45:59.949+0000] {processor.py:183} INFO - Processing /home/airflow/.local/lib/python3.12/site-packages/airflow/example_dags/example_sensors.py took 0.103 seconds
[2026-03-22T04:46:30.412+0000] {processor.py:161} INFO - Started process (PID=2637) to work on /home/airflow/.local/lib/python3.12/site-packages/airflow/example_dags/example_sensors.py
[2026-03-22T04:46:30.416+0000] {processor.py:830} INFO - Processing file /home/airflow/.local/lib/python3.12/site-packages/airflow/example_dags/example_sensors.py for tasks to queue
[2026-03-22T04:46:30.420+0000] {logging_mixin.py:188} INFO - [2026-03-22T04:46:30.420+0000] {dagbag.py:545} INFO - Filling up the DagBag from /home/airflow/.local/lib/python3.12/site-packages/airflow/example_dags/example_sensors.py
[2026-03-22T04:46:30.442+0000] {processor.py:840} INFO - DAG(s) 'example_sensors' retrieved from /home/airflow/.local/lib/python3.12/site-packages/airflow/example_dags/example_sensors.py
[2026-03-22T04:46:30.484+0000] {logging_mixin.py:188} INFO - [2026-03-22T04:46:30.484+0000] {dag.py:3096} INFO - Sync 1 DAGs
[2026-03-22T04:46:30.494+0000] {logging_mixin.py:188} INFO - [2026-03-22T04:46:30.493+0000] {dag.py:3954} INFO - Setting next_dagrun for example_sensors to None, run_after=None
[2026-03-22T04:46:30.503+0000] {processor.py:183} INFO - Processing /home/airflow/.local/lib/python3.12/site-packages/airflow/example_dags/example_sensors.py took 0.119 seconds
[2026-03-22T04:47:01.330+0000] {processor.py:161} INFO - Started process (PID=2695) to work on /home/airflow/.local/lib/python3.12/site-packages/airflow/example_dags/example_sensors.py
[2026-03-22T04:47:01.332+0000] {processor.py:830} INFO - Processing file /home/airflow/.local/lib/python3.12/site-packages/airflow/example_dags/example_sensors.py for tasks to queue
[2026-03-22T04:47:01.357+0000] {logging_mixin.py:188} INFO - [2026-03-22T04:47:01.351+0000] {dagbag.py:545} INFO - Filling up the DagBag from /home/airflow/.local/lib/python3.12/site-packages/airflow/example_dags/example_sensors.py
[2026-03-22T04:47:01.400+0000] {processor.py:840} INFO - DAG(s) 'example_sensors' retrieved from /home/airflow/.local/lib/python3.12/site-packages/airflow/example_dags/example_sensors.py
[2026-03-22T04:47:01.449+0000] {logging_mixin.py:188} INFO - [2026-03-22T04:47:01.449+0000] {dag.py:3096} INFO - Sync 1 DAGs
[2026-03-22T04:47:01.470+0000] {logging_mixin.py:188} INFO - [2026-03-22T04:47:01.470+0000] {dag.py:3954} INFO - Setting next_dagrun for example_sensors to None, run_after=None
[2026-03-22T04:47:01.489+0000] {processor.py:183} INFO - Processing /home/airflow/.local/lib/python3.12/site-packages/airflow/example_dags/example_sensors.py took 0.190 seconds
[2026-03-22T04:47:31.819+0000] {processor.py:161} INFO - Started process (PID=2753) to work on /home/airflow/.local/lib/python3.12/site-packages/airflow/example_dags/example_sensors.py
[2026-03-22T04:47:31.828+0000] {processor.py:830} INFO - Processing file /home/airflow/.local/lib/python3.12/site-packages/airflow/example_dags/example_sensors.py for tasks to queue
[2026-03-22T04:47:31.840+0000] {logging_mixin.py:188} INFO - [2026-03-22T04:47:31.839+0000] {dagbag.py:545} INFO - Filling up the DagBag from /home/airflow/.local/lib/python3.12/site-packages/airflow/example_dags/example_sensors.py
[2026-03-22T04:47:31.890+0000] {processor.py:840} INFO - DAG(s) 'example_sensors' retrieved from /home/airflow/.local/lib/python3.12/site-packages/airflow/example_dags/example_sensors.py
[2026-03-22T04:47:31.965+0000] {logging_mixin.py:188} INFO - [2026-03-22T04:47:31.964+0000] {dag.py:3096} INFO - Sync 1 DAGs
[2026-03-22T04:47:31.991+0000] {logging_mixin.py:188} INFO - [2026-03-22T04:47:31.990+0000] {dag.py:3954} INFO - Setting next_dagrun for example_sensors to None, run_after=None
[2026-03-22T04:47:32.014+0000] {processor.py:183} INFO - Processing /home/airflow/.local/lib/python3.12/site-packages/airflow/example_dags/example_sensors.py took 0.241 seconds
[2026-03-22T04:48:02.071+0000] {processor.py:161} INFO - Started process (PID=2811) to work on /home/airflow/.local/lib/python3.12/site-packages/airflow/example_dags/example_sensors.py
[2026-03-22T04:48:02.077+0000] {processor.py:830} INFO - Processing file /home/airflow/.local/lib/python3.12/site-packages/airflow/example_dags/example_sensors.py for tasks to queue
[2026-03-22T04:48:02.085+0000] {logging_mixin.py:188} INFO - [2026-03-22T04:48:02.084+0000] {dagbag.py:545} INFO - Filling up the DagBag from /home/airflow/.local/lib/python3.12/site-packages/airflow/example_dags/example_sensors.py
[2026-03-22T04:48:02.192+0000] {processor.py:840} INFO - DAG(s) 'example_sensors' retrieved from /home/airflow/.local/lib/python3.12/site-packages/airflow/example_dags/example_sensors.py
[2026-03-22T04:48:02.330+0000] {logging_mixin.py:188} INFO - [2026-03-22T04:48:02.328+0000] {dag.py:3096} INFO - Sync 1 DAGs
[2026-03-22T04:48:02.392+0000] {logging_mixin.py:188} INFO - [2026-03-22T04:48:02.391+0000] {dag.py:3954} INFO - Setting next_dagrun for example_sensors to None, run_after=None
[2026-03-22T04:48:02.494+0000] {processor.py:183} INFO - Processing /home/airflow/.local/lib/python3.12/site-packages/airflow/example_dags/example_sensors.py took 0.433 seconds
[2026-03-22T04:48:32.749+0000] {processor.py:161} INFO - Started process (PID=2870) to work on /home/airflow/.local/lib/python3.12/site-packages/airflow/example_dags/example_sensors.py
[2026-03-22T04:48:32.752+0000] {processor.py:830} INFO - Processing file /home/airflow/.local/lib/python3.12/site-packages/airflow/example_dags/example_sensors.py for tasks to queue
[2026-03-22T04:48:32.754+0000] {logging_mixin.py:188} INFO - [2026-03-22T04:48:32.753+0000] {dagbag.py:545} INFO - Filling up the DagBag from /home/airflow/.local/lib/python3.12/site-packages/airflow/example_dags/example_sensors.py
[2026-03-22T04:48:32.770+0000] {processor.py:840} INFO - DAG(s) 'example_sensors' retrieved from /home/airflow/.local/lib/python3.12/site-packages/airflow/example_dags/example_sensors.py
[2026-03-22T04:48:32.789+0000] {logging_mixin.py:188} INFO - [2026-03-22T04:48:32.788+0000] {dag.py:3096} INFO - Sync 1 DAGs
[2026-03-22T04:48:32.799+0000] {logging_mixin.py:188} INFO - [2026-03-22T04:48:32.799+0000] {dag.py:3954} INFO - Setting next_dagrun for example_sensors to None, run_after=None
[2026-03-22T04:48:32.808+0000] {processor.py:183} INFO - Processing /home/airflow/.local/lib/python3.12/site-packages/airflow/example_dags/example_sensors.py took 0.068 seconds
[2026-03-22T04:49:03.261+0000] {processor.py:161} INFO - Started process (PID=2926) to work on /home/airflow/.local/lib/python3.12/site-packages/airflow/example_dags/example_sensors.py
[2026-03-22T04:49:03.263+0000] {processor.py:830} INFO - Processing file /home/airflow/.local/lib/python3.12/site-packages/airflow/example_dags/example_sensors.py for tasks to queue
[2026-03-22T04:49:03.267+0000] {logging_mixin.py:188} INFO - [2026-03-22T04:49:03.266+0000] {dagbag.py:545} INFO - Filling up the DagBag from /home/airflow/.local/lib/python3.12/site-packages/airflow/example_dags/example_sensors.py
[2026-03-22T04:49:03.291+0000] {processor.py:840} INFO - DAG(s) 'example_sensors' retrieved from /home/airflow/.local/lib/python3.12/site-packages/airflow/example_dags/example_sensors.py
[2026-03-22T04:49:03.325+0000] {logging_mixin.py:188} INFO - [2026-03-22T04:49:03.324+0000] {dag.py:3096} INFO - Sync 1 DAGs
[2026-03-22T04:49:03.339+0000] {logging_mixin.py:188} INFO - [2026-03-22T04:49:03.339+0000] {dag.py:3954} INFO - Setting next_dagrun for example_sensors to None, run_after=None
[2026-03-22T04:49:03.362+0000] {processor.py:183} INFO - Processing /home/airflow/.local/lib/python3.12/site-packages/airflow/example_dags/example_sensors.py took 0.121 seconds
[2026-03-22T04:49:33.720+0000] {processor.py:161} INFO - Started process (PID=2985) to work on /home/airflow/.local/lib/python3.12/site-packages/airflow/example_dags/example_sensors.py
[2026-03-22T04:49:33.727+0000] {processor.py:830} INFO - Processing file /home/airflow/.local/lib/python3.12/site-packages/airflow/example_dags/example_sensors.py for tasks to queue
[2026-03-22T04:49:33.735+0000] {logging_mixin.py:188} INFO - [2026-03-22T04:49:33.734+0000] {dagbag.py:545} INFO - Filling up the DagBag from /home/airflow/.local/lib/python3.12/site-packages/airflow/example_dags/example_sensors.py
[2026-03-22T04:49:33.756+0000] {processor.py:840} INFO - DAG(s) 'example_sensors' retrieved from /home/airflow/.local/lib/python3.12/site-packages/airflow/example_dags/example_sensors.py
[2026-03-22T04:49:33.835+0000] {logging_mixin.py:188} INFO - [2026-03-22T04:49:33.835+0000] {dag.py:3096} INFO - Sync 1 DAGs
[2026-03-22T04:49:33.879+0000] {logging_mixin.py:188} INFO - [2026-03-22T04:49:33.879+0000] {dag.py:3954} INFO - Setting next_dagrun for example_sensors to None, run_after=None
[2026-03-22T04:49:33.937+0000] {processor.py:183} INFO - Processing /home/airflow/.local/lib/python3.12/site-packages/airflow/example_dags/example_sensors.py took 0.234 seconds
[2026-03-22T04:50:04.050+0000] {processor.py:161} INFO - Started process (PID=3045) to work on /home/airflow/.local/lib/python3.12/site-packages/airflow/example_dags/example_sensors.py
[2026-03-22T04:50:04.051+0000] {processor.py:830} INFO - Processing file /home/airflow/.local/lib/python3.12/site-packages/airflow/example_dags/example_sensors.py for tasks to queue
[2026-03-22T04:50:04.053+0000] {logging_mixin.py:188} INFO - [2026-03-22T04:50:04.053+0000] {dagbag.py:545} INFO - Filling up the DagBag from /home/airflow/.local/lib/python3.12/site-packages/airflow/example_dags/example_sensors.py
[2026-03-22T04:50:04.086+0000] {processor.py:840} INFO - DAG(s) 'example_sensors' retrieved from /home/airflow/.local/lib/python3.12/site-packages/airflow/example_dags/example_sensors.py
[2026-03-22T04:50:04.175+0000] {logging_mixin.py:188} INFO - [2026-03-22T04:50:04.175+0000] {dag.py:3096} INFO - Sync 1 DAGs
[2026-03-22T04:50:04.201+0000] {logging_mixin.py:188} INFO - [2026-03-22T04:50:04.201+0000] {dag.py:3954} INFO - Setting next_dagrun for example_sensors to None, run_after=None
[2026-03-22T04:50:04.219+0000] {processor.py:183} INFO - Processing /home/airflow/.local/lib/python3.12/site-packages/airflow/example_dags/example_sensors.py took 0.186 seconds
[2026-03-22T04:50:35.230+0000] {processor.py:161} INFO - Started process (PID=3104) to work on /home/airflow/.local/lib/python3.12/site-packages/airflow/example_dags/example_sensors.py
[2026-03-22T04:50:35.232+0000] {processor.py:830} INFO - Processing file /home/airflow/.local/lib/python3.12/site-packages/airflow/example_dags/example_sensors.py for tasks to queue
[2026-03-22T04:50:35.242+0000] {logging_mixin.py:188} INFO - [2026-03-22T04:50:35.236+0000] {dagbag.py:545} INFO - Filling up the DagBag from /home/airflow/.local/lib/python3.12/site-packages/airflow/example_dags/example_sensors.py
[2026-03-22T04:50:35.281+0000] {processor.py:840} INFO - DAG(s) 'example_sensors' retrieved from /home/airflow/.local/lib/python3.12/site-packages/airflow/example_dags/example_sensors.py
[2026-03-22T04:50:35.337+0000] {logging_mixin.py:188} INFO - [2026-03-22T04:50:35.337+0000] {dag.py:3096} INFO - Sync 1 DAGs
[2026-03-22T04:50:35.356+0000] {logging_mixin.py:188} INFO - [2026-03-22T04:50:35.355+0000] {dag.py:3954} INFO - Setting next_dagrun for example_sensors to None, run_after=None
[2026-03-22T04:50:35.368+0000] {processor.py:183} INFO - Processing /home/airflow/.local/lib/python3.12/site-packages/airflow/example_dags/example_sensors.py took 0.186 seconds
[2026-03-22T04:51:05.805+0000] {processor.py:161} INFO - Started process (PID=3162) to work on /home/airflow/.local/lib/python3.12/site-packages/airflow/example_dags/example_sensors.py
[2026-03-22T04:51:05.811+0000] {processor.py:830} INFO - Processing file /home/airflow/.local/lib/python3.12/site-packages/airflow/example_dags/example_sensors.py for tasks to queue
[2026-03-22T04:51:05.815+0000] {logging_mixin.py:188} INFO - [2026-03-22T04:51:05.815+0000] {dagbag.py:545} INFO - Filling up the DagBag from /home/airflow/.local/lib/python3.12/site-packages/airflow/example_dags/example_sensors.py
[2026-03-22T04:51:05.840+0000] {processor.py:840} INFO - DAG(s) 'example_sensors' retrieved from /home/airflow/.local/lib/python3.12/site-packages/airflow/example_dags/example_sensors.py
[2026-03-22T04:51:05.901+0000] {logging_mixin.py:188} INFO - [2026-03-22T04:51:05.900+0000] {dag.py:3096} INFO - Sync 1 DAGs
[2026-03-22T04:51:05.926+0000] {logging_mixin.py:188} INFO - [2026-03-22T04:51:05.926+0000] {dag.py:3954} INFO - Setting next_dagrun for example_sensors to None, run_after=None
[2026-03-22T04:51:05.947+0000] {processor.py:183} INFO - Processing /home/airflow/.local/lib/python3.12/site-packages/airflow/example_dags/example_sensors.py took 0.182 seconds
[2026-03-22T04:51:36.756+0000] {processor.py:161} INFO - Started process (PID=3221) to work on /home/airflow/.local/lib/python3.12/site-packages/airflow/example_dags/example_sensors.py
[2026-03-22T04:51:36.762+0000] {processor.py:830} INFO - Processing file /home/airflow/.local/lib/python3.12/site-packages/airflow/example_dags/example_sensors.py for tasks to queue
[2026-03-22T04:51:36.774+0000] {logging_mixin.py:188} INFO - [2026-03-22T04:51:36.773+0000] {dagbag.py:545} INFO - Filling up the DagBag from /home/airflow/.local/lib/python3.12/site-packages/airflow/example_dags/example_sensors.py
[2026-03-22T04:51:36.810+0000] {processor.py:840} INFO - DAG(s) 'example_sensors' retrieved from /home/airflow/.local/lib/python3.12/site-packages/airflow/example_dags/example_sensors.py
[2026-03-22T04:51:36.869+0000] {logging_mixin.py:188} INFO - [2026-03-22T04:51:36.869+0000] {dag.py:3096} INFO - Sync 1 DAGs
[2026-03-22T04:51:36.886+0000] {logging_mixin.py:188} INFO - [2026-03-22T04:51:36.886+0000] {dag.py:3954} INFO - Setting next_dagrun for example_sensors to None, run_after=None
[2026-03-22T04:51:36.904+0000] {processor.py:183} INFO - Processing /home/airflow/.local/lib/python3.12/site-packages/airflow/example_dags/example_sensors.py took 0.176 seconds
[2026-03-22T04:55:44.814+0000] {processor.py:161} INFO - Started process (PID=116) to work on /home/airflow/.local/lib/python3.12/site-packages/airflow/example_dags/example_sensors.py
[2026-03-22T04:55:44.817+0000] {processor.py:830} INFO - Processing file /home/airflow/.local/lib/python3.12/site-packages/airflow/example_dags/example_sensors.py for tasks to queue
[2026-03-22T04:55:44.820+0000] {logging_mixin.py:188} INFO - [2026-03-22T04:55:44.819+0000] {dagbag.py:545} INFO - Filling up the DagBag from /home/airflow/.local/lib/python3.12/site-packages/airflow/example_dags/example_sensors.py
[2026-03-22T04:55:44.835+0000] {processor.py:840} INFO - DAG(s) 'example_sensors' retrieved from /home/airflow/.local/lib/python3.12/site-packages/airflow/example_dags/example_sensors.py
[2026-03-22T04:55:44.933+0000] {logging_mixin.py:188} INFO - [2026-03-22T04:55:44.933+0000] {dag.py:3096} INFO - Sync 1 DAGs
[2026-03-22T04:55:44.954+0000] {logging_mixin.py:188} INFO - [2026-03-22T04:55:44.953+0000] {dag.py:3954} INFO - Setting next_dagrun for example_sensors to None, run_after=None
[2026-03-22T04:55:45.000+0000] {processor.py:183} INFO - Processing /home/airflow/.local/lib/python3.12/site-packages/airflow/example_dags/example_sensors.py took 0.193 seconds
[2026-03-22T04:56:16.069+0000] {processor.py:161} INFO - Started process (PID=175) to work on /home/airflow/.local/lib/python3.12/site-packages/airflow/example_dags/example_sensors.py
[2026-03-22T04:56:16.069+0000] {processor.py:830} INFO - Processing file /home/airflow/.local/lib/python3.12/site-packages/airflow/example_dags/example_sensors.py for tasks to queue
[2026-03-22T04:56:16.071+0000] {logging_mixin.py:188} INFO - [2026-03-22T04:56:16.070+0000] {dagbag.py:545} INFO - Filling up the DagBag from /home/airflow/.local/lib/python3.12/site-packages/airflow/example_dags/example_sensors.py
[2026-03-22T04:56:16.082+0000] {processor.py:840} INFO - DAG(s) 'example_sensors' retrieved from /home/airflow/.local/lib/python3.12/site-packages/airflow/example_dags/example_sensors.py
[2026-03-22T04:56:16.121+0000] {logging_mixin.py:188} INFO - [2026-03-22T04:56:16.121+0000] {dag.py:3096} INFO - Sync 1 DAGs
[2026-03-22T04:56:16.139+0000] {logging_mixin.py:188} INFO - [2026-03-22T04:56:16.138+0000] {dag.py:3954} INFO - Setting next_dagrun for example_sensors to None, run_after=None
[2026-03-22T04:56:16.156+0000] {processor.py:183} INFO - Processing /home/airflow/.local/lib/python3.12/site-packages/airflow/example_dags/example_sensors.py took 0.097 seconds
[2026-03-22T04:56:48.870+0000] {processor.py:161} INFO - Started process (PID=234) to work on /home/airflow/.local/lib/python3.12/site-packages/airflow/example_dags/example_sensors.py
[2026-03-22T04:56:48.875+0000] {processor.py:830} INFO - Processing file /home/airflow/.local/lib/python3.12/site-packages/airflow/example_dags/example_sensors.py for tasks to queue
[2026-03-22T04:56:48.880+0000] {logging_mixin.py:188} INFO - [2026-03-22T04:56:48.879+0000] {dagbag.py:545} INFO - Filling up the DagBag from /home/airflow/.local/lib/python3.12/site-packages/airflow/example_dags/example_sensors.py
[2026-03-22T04:56:48.923+0000] {processor.py:840} INFO - DAG(s) 'example_sensors' retrieved from /home/airflow/.local/lib/python3.12/site-packages/airflow/example_dags/example_sensors.py
[2026-03-22T04:56:49.044+0000] {logging_mixin.py:188} INFO - [2026-03-22T04:56:49.041+0000] {dag.py:3096} INFO - Sync 1 DAGs
[2026-03-22T04:56:49.129+0000] {logging_mixin.py:188} INFO - [2026-03-22T04:56:49.129+0000] {dag.py:3954} INFO - Setting next_dagrun for example_sensors to None, run_after=None
[2026-03-22T04:56:49.223+0000] {processor.py:183} INFO - Processing /home/airflow/.local/lib/python3.12/site-packages/airflow/example_dags/example_sensors.py took 0.367 seconds
[2026-03-22T04:57:53.497+0000] {processor.py:161} INFO - Started process (PID=299) to work on /home/airflow/.local/lib/python3.12/site-packages/airflow/example_dags/example_sensors.py
[2026-03-22T04:57:53.566+0000] {processor.py:830} INFO - Processing file /home/airflow/.local/lib/python3.12/site-packages/airflow/example_dags/example_sensors.py for tasks to queue
[2026-03-22T04:57:53.662+0000] {logging_mixin.py:188} INFO - [2026-03-22T04:57:53.638+0000] {dagbag.py:545} INFO - Filling up the DagBag from /home/airflow/.local/lib/python3.12/site-packages/airflow/example_dags/example_sensors.py
[2026-03-22T04:57:53.831+0000] {processor.py:840} INFO - DAG(s) 'example_sensors' retrieved from /home/airflow/.local/lib/python3.12/site-packages/airflow/example_dags/example_sensors.py
[2026-03-22T04:57:54.341+0000] {logging_mixin.py:188} INFO - [2026-03-22T04:57:54.337+0000] {dag.py:3096} INFO - Sync 1 DAGs
[2026-03-22T04:57:54.440+0000] {logging_mixin.py:188} INFO - [2026-03-22T04:57:54.439+0000] {dag.py:3954} INFO - Setting next_dagrun for example_sensors to None, run_after=None
[2026-03-22T04:57:54.737+0000] {processor.py:183} INFO - Processing /home/airflow/.local/lib/python3.12/site-packages/airflow/example_dags/example_sensors.py took 1.420 seconds
[2026-03-22T04:59:00.906+0000] {processor.py:161} INFO - Started process (PID=319) to work on /home/airflow/.local/lib/python3.12/site-packages/airflow/example_dags/example_sensors.py
[2026-03-22T04:59:00.936+0000] {processor.py:830} INFO - Processing file /home/airflow/.local/lib/python3.12/site-packages/airflow/example_dags/example_sensors.py for tasks to queue
[2026-03-22T04:59:01.020+0000] {logging_mixin.py:188} INFO - [2026-03-22T04:59:00.978+0000] {dagbag.py:545} INFO - Filling up the DagBag from /home/airflow/.local/lib/python3.12/site-packages/airflow/example_dags/example_sensors.py
[2026-03-22T04:59:02.105+0000] {processor.py:840} INFO - DAG(s) 'example_sensors' retrieved from /home/airflow/.local/lib/python3.12/site-packages/airflow/example_dags/example_sensors.py
[2026-03-22T04:59:10.863+0000] {logging_mixin.py:188} INFO - [2026-03-22T04:59:10.585+0000] {dag.py:3096} INFO - Sync 1 DAGs
[2026-03-22T04:59:12.039+0000] {logging_mixin.py:188} INFO - [2026-03-22T04:59:11.733+0000] {dag.py:3954} INFO - Setting next_dagrun for example_sensors to None, run_after=None
[2026-03-22T04:59:13.923+0000] {processor.py:183} INFO - Processing /home/airflow/.local/lib/python3.12/site-packages/airflow/example_dags/example_sensors.py took 12.719 seconds
[2026-03-22T05:05:02.817+0000] {processor.py:161} INFO - Started process (PID=412) to work on /home/airflow/.local/lib/python3.12/site-packages/airflow/example_dags/example_sensors.py
[2026-03-22T05:05:03.050+0000] {processor.py:830} INFO - Processing file /home/airflow/.local/lib/python3.12/site-packages/airflow/example_dags/example_sensors.py for tasks to queue
[2026-03-22T05:05:03.327+0000] {logging_mixin.py:188} INFO - [2026-03-22T05:05:03.233+0000] {dagbag.py:545} INFO - Filling up the DagBag from /home/airflow/.local/lib/python3.12/site-packages/airflow/example_dags/example_sensors.py
[2026-03-22T05:05:05.179+0000] {processor.py:840} INFO - DAG(s) 'example_sensors' retrieved from /home/airflow/.local/lib/python3.12/site-packages/airflow/example_dags/example_sensors.py
[2026-03-22T05:05:24.236+0000] {logging_mixin.py:188} INFO - [2026-03-22T05:05:23.759+0000] {dag.py:3096} INFO - Sync 1 DAGs
[2026-03-22T05:05:24.850+0000] {logging_mixin.py:188} INFO - [2026-03-22T05:05:24.734+0000] {dag.py:3954} INFO - Setting next_dagrun for example_sensors to None, run_after=None
[2026-03-22T05:05:27.708+0000] {processor.py:183} INFO - Processing /home/airflow/.local/lib/python3.12/site-packages/airflow/example_dags/example_sensors.py took 26.781 seconds
[2026-03-22T05:28:37.389+0000] {processor.py:161} INFO - Started process (PID=68) to work on /home/airflow/.local/lib/python3.12/site-packages/airflow/example_dags/example_sensors.py
[2026-03-22T05:28:37.398+0000] {processor.py:830} INFO - Processing file /home/airflow/.local/lib/python3.12/site-packages/airflow/example_dags/example_sensors.py for tasks to queue
[2026-03-22T05:28:37.414+0000] {logging_mixin.py:188} INFO - [2026-03-22T05:28:37.412+0000] {dagbag.py:545} INFO - Filling up the DagBag from /home/airflow/.local/lib/python3.12/site-packages/airflow/example_dags/example_sensors.py
[2026-03-22T05:28:37.493+0000] {processor.py:840} INFO - DAG(s) 'example_sensors' retrieved from /home/airflow/.local/lib/python3.12/site-packages/airflow/example_dags/example_sensors.py
[2026-03-22T05:28:38.069+0000] {logging_mixin.py:188} INFO - [2026-03-22T05:28:38.066+0000] {dag.py:3096} INFO - Sync 1 DAGs
[2026-03-22T05:28:38.170+0000] {logging_mixin.py:188} INFO - [2026-03-22T05:28:38.169+0000] {dag.py:3954} INFO - Setting next_dagrun for example_sensors to None, run_after=None
[2026-03-22T05:28:38.277+0000] {processor.py:183} INFO - Processing /home/airflow/.local/lib/python3.12/site-packages/airflow/example_dags/example_sensors.py took 0.920 seconds
[2026-03-22T05:29:15.737+0000] {processor.py:161} INFO - Started process (PID=126) to work on /home/airflow/.local/lib/python3.12/site-packages/airflow/example_dags/example_sensors.py
[2026-03-22T05:29:15.741+0000] {processor.py:830} INFO - Processing file /home/airflow/.local/lib/python3.12/site-packages/airflow/example_dags/example_sensors.py for tasks to queue
[2026-03-22T05:29:15.747+0000] {logging_mixin.py:188} INFO - [2026-03-22T05:29:15.744+0000] {dagbag.py:545} INFO - Filling up the DagBag from /home/airflow/.local/lib/python3.12/site-packages/airflow/example_dags/example_sensors.py
[2026-03-22T05:29:15.802+0000] {processor.py:840} INFO - DAG(s) 'example_sensors' retrieved from /home/airflow/.local/lib/python3.12/site-packages/airflow/example_dags/example_sensors.py
[2026-03-22T05:29:15.894+0000] {logging_mixin.py:188} INFO - [2026-03-22T05:29:15.893+0000] {dag.py:3096} INFO - Sync 1 DAGs
[2026-03-22T05:29:15.931+0000] {logging_mixin.py:188} INFO - [2026-03-22T05:29:15.930+0000] {dag.py:3954} INFO - Setting next_dagrun for example_sensors to None, run_after=None
[2026-03-22T05:29:16.059+0000] {processor.py:183} INFO - Processing /home/airflow/.local/lib/python3.12/site-packages/airflow/example_dags/example_sensors.py took 0.337 seconds
[2026-03-22T05:29:46.448+0000] {processor.py:161} INFO - Started process (PID=183) to work on /home/airflow/.local/lib/python3.12/site-packages/airflow/example_dags/example_sensors.py
[2026-03-22T05:29:46.451+0000] {processor.py:830} INFO - Processing file /home/airflow/.local/lib/python3.12/site-packages/airflow/example_dags/example_sensors.py for tasks to queue
[2026-03-22T05:29:46.454+0000] {logging_mixin.py:188} INFO - [2026-03-22T05:29:46.453+0000] {dagbag.py:545} INFO - Filling up the DagBag from /home/airflow/.local/lib/python3.12/site-packages/airflow/example_dags/example_sensors.py
[2026-03-22T05:29:46.483+0000] {processor.py:840} INFO - DAG(s) 'example_sensors' retrieved from /home/airflow/.local/lib/python3.12/site-packages/airflow/example_dags/example_sensors.py
[2026-03-22T05:29:46.556+0000] {logging_mixin.py:188} INFO - [2026-03-22T05:29:46.556+0000] {dag.py:3096} INFO - Sync 1 DAGs
[2026-03-22T05:29:46.614+0000] {logging_mixin.py:188} INFO - [2026-03-22T05:29:46.614+0000] {dag.py:3954} INFO - Setting next_dagrun for example_sensors to None, run_after=None
[2026-03-22T05:29:46.730+0000] {processor.py:183} INFO - Processing /home/airflow/.local/lib/python3.12/site-packages/airflow/example_dags/example_sensors.py took 0.290 seconds
[2026-03-22T05:30:17.761+0000] {processor.py:161} INFO - Started process (PID=240) to work on /home/airflow/.local/lib/python3.12/site-packages/airflow/example_dags/example_sensors.py
[2026-03-22T05:30:17.763+0000] {processor.py:830} INFO - Processing file /home/airflow/.local/lib/python3.12/site-packages/airflow/example_dags/example_sensors.py for tasks to queue
[2026-03-22T05:30:17.766+0000] {logging_mixin.py:188} INFO - [2026-03-22T05:30:17.765+0000] {dagbag.py:545} INFO - Filling up the DagBag from /home/airflow/.local/lib/python3.12/site-packages/airflow/example_dags/example_sensors.py
[2026-03-22T05:30:17.796+0000] {processor.py:840} INFO - DAG(s) 'example_sensors' retrieved from /home/airflow/.local/lib/python3.12/site-packages/airflow/example_dags/example_sensors.py
[2026-03-22T05:30:17.938+0000] {logging_mixin.py:188} INFO - [2026-03-22T05:30:17.937+0000] {dag.py:3096} INFO - Sync 1 DAGs
[2026-03-22T05:30:17.986+0000] {logging_mixin.py:188} INFO - [2026-03-22T05:30:17.985+0000] {dag.py:3954} INFO - Setting next_dagrun for example_sensors to None, run_after=None
[2026-03-22T05:30:18.049+0000] {processor.py:183} INFO - Processing /home/airflow/.local/lib/python3.12/site-packages/airflow/example_dags/example_sensors.py took 0.310 seconds
[2026-03-22T05:30:49.012+0000] {processor.py:161} INFO - Started process (PID=300) to work on /home/airflow/.local/lib/python3.12/site-packages/airflow/example_dags/example_sensors.py
[2026-03-22T05:30:49.013+0000] {processor.py:830} INFO - Processing file /home/airflow/.local/lib/python3.12/site-packages/airflow/example_dags/example_sensors.py for tasks to queue
[2026-03-22T05:30:49.031+0000] {logging_mixin.py:188} INFO - [2026-03-22T05:30:49.027+0000] {dagbag.py:545} INFO - Filling up the DagBag from /home/airflow/.local/lib/python3.12/site-packages/airflow/example_dags/example_sensors.py
[2026-03-22T05:30:49.063+0000] {processor.py:840} INFO - DAG(s) 'example_sensors' retrieved from /home/airflow/.local/lib/python3.12/site-packages/airflow/example_dags/example_sensors.py
[2026-03-22T05:30:49.364+0000] {logging_mixin.py:188} INFO - [2026-03-22T05:30:49.361+0000] {dag.py:3096} INFO - Sync 1 DAGs
[2026-03-22T05:30:49.491+0000] {logging_mixin.py:188} INFO - [2026-03-22T05:30:49.490+0000] {dag.py:3954} INFO - Setting next_dagrun for example_sensors to None, run_after=None
[2026-03-22T05:30:49.607+0000] {processor.py:183} INFO - Processing /home/airflow/.local/lib/python3.12/site-packages/airflow/example_dags/example_sensors.py took 0.604 seconds
[2026-03-22T05:31:20.330+0000] {processor.py:161} INFO - Started process (PID=358) to work on /home/airflow/.local/lib/python3.12/site-packages/airflow/example_dags/example_sensors.py
[2026-03-22T05:31:20.335+0000] {processor.py:830} INFO - Processing file /home/airflow/.local/lib/python3.12/site-packages/airflow/example_dags/example_sensors.py for tasks to queue
[2026-03-22T05:31:20.357+0000] {logging_mixin.py:188} INFO - [2026-03-22T05:31:20.348+0000] {dagbag.py:545} INFO - Filling up the DagBag from /home/airflow/.local/lib/python3.12/site-packages/airflow/example_dags/example_sensors.py
[2026-03-22T05:31:20.407+0000] {processor.py:840} INFO - DAG(s) 'example_sensors' retrieved from /home/airflow/.local/lib/python3.12/site-packages/airflow/example_dags/example_sensors.py
[2026-03-22T05:31:20.490+0000] {logging_mixin.py:188} INFO - [2026-03-22T05:31:20.489+0000] {dag.py:3096} INFO - Sync 1 DAGs
[2026-03-22T05:31:20.524+0000] {logging_mixin.py:188} INFO - [2026-03-22T05:31:20.523+0000] {dag.py:3954} INFO - Setting next_dagrun for example_sensors to None, run_after=None
[2026-03-22T05:31:20.600+0000] {processor.py:183} INFO - Processing /home/airflow/.local/lib/python3.12/site-packages/airflow/example_dags/example_sensors.py took 0.292 seconds
[2026-03-22T05:31:51.037+0000] {processor.py:161} INFO - Started process (PID=416) to work on /home/airflow/.local/lib/python3.12/site-packages/airflow/example_dags/example_sensors.py
[2026-03-22T05:31:51.043+0000] {processor.py:830} INFO - Processing file /home/airflow/.local/lib/python3.12/site-packages/airflow/example_dags/example_sensors.py for tasks to queue
[2026-03-22T05:31:51.052+0000] {logging_mixin.py:188} INFO - [2026-03-22T05:31:51.051+0000] {dagbag.py:545} INFO - Filling up the DagBag from /home/airflow/.local/lib/python3.12/site-packages/airflow/example_dags/example_sensors.py
[2026-03-22T05:31:51.093+0000] {processor.py:840} INFO - DAG(s) 'example_sensors' retrieved from /home/airflow/.local/lib/python3.12/site-packages/airflow/example_dags/example_sensors.py
[2026-03-22T05:31:51.224+0000] {logging_mixin.py:188} INFO - [2026-03-22T05:31:51.222+0000] {dag.py:3096} INFO - Sync 1 DAGs
[2026-03-22T05:31:51.265+0000] {logging_mixin.py:188} INFO - [2026-03-22T05:31:51.265+0000] {dag.py:3954} INFO - Setting next_dagrun for example_sensors to None, run_after=None
[2026-03-22T05:31:51.316+0000] {processor.py:183} INFO - Processing /home/airflow/.local/lib/python3.12/site-packages/airflow/example_dags/example_sensors.py took 0.288 seconds
[2026-03-22T05:32:35.667+0000] {processor.py:161} INFO - Started process (PID=476) to work on /home/airflow/.local/lib/python3.12/site-packages/airflow/example_dags/example_sensors.py
[2026-03-22T05:32:35.831+0000] {processor.py:830} INFO - Processing file /home/airflow/.local/lib/python3.12/site-packages/airflow/example_dags/example_sensors.py for tasks to queue
[2026-03-22T05:32:35.893+0000] {logging_mixin.py:188} INFO - [2026-03-22T05:32:35.882+0000] {dagbag.py:545} INFO - Filling up the DagBag from /home/airflow/.local/lib/python3.12/site-packages/airflow/example_dags/example_sensors.py
[2026-03-22T05:32:36.279+0000] {processor.py:840} INFO - DAG(s) 'example_sensors' retrieved from /home/airflow/.local/lib/python3.12/site-packages/airflow/example_dags/example_sensors.py
[2026-03-22T05:32:37.959+0000] {logging_mixin.py:188} INFO - [2026-03-22T05:32:37.954+0000] {dag.py:3096} INFO - Sync 1 DAGs
[2026-03-22T05:32:38.163+0000] {logging_mixin.py:188} INFO - [2026-03-22T05:32:38.158+0000] {dag.py:3954} INFO - Setting next_dagrun for example_sensors to None, run_after=None
[2026-03-22T05:32:38.744+0000] {processor.py:183} INFO - Processing /home/airflow/.local/lib/python3.12/site-packages/airflow/example_dags/example_sensors.py took 3.452 seconds
[2026-03-22T05:34:01.092+0000] {processor.py:161} INFO - Started process (PID=535) to work on /home/airflow/.local/lib/python3.12/site-packages/airflow/example_dags/example_sensors.py
[2026-03-22T05:34:01.129+0000] {processor.py:830} INFO - Processing file /home/airflow/.local/lib/python3.12/site-packages/airflow/example_dags/example_sensors.py for tasks to queue
[2026-03-22T05:34:01.240+0000] {logging_mixin.py:188} INFO - [2026-03-22T05:34:01.189+0000] {dagbag.py:545} INFO - Filling up the DagBag from /home/airflow/.local/lib/python3.12/site-packages/airflow/example_dags/example_sensors.py
[2026-03-22T05:34:01.754+0000] {processor.py:840} INFO - DAG(s) 'example_sensors' retrieved from /home/airflow/.local/lib/python3.12/site-packages/airflow/example_dags/example_sensors.py
[2026-03-22T05:34:03.675+0000] {logging_mixin.py:188} INFO - [2026-03-22T05:34:03.522+0000] {dag.py:3096} INFO - Sync 1 DAGs
[2026-03-22T05:34:04.355+0000] {logging_mixin.py:188} INFO - [2026-03-22T05:34:04.278+0000] {dag.py:3954} INFO - Setting next_dagrun for example_sensors to None, run_after=None
[2026-03-22T05:34:05.003+0000] {processor.py:183} INFO - Processing /home/airflow/.local/lib/python3.12/site-packages/airflow/example_dags/example_sensors.py took 3.500 seconds
[2026-03-22T05:37:27.804+0000] {processor.py:161} INFO - Started process (PID=600) to work on /home/airflow/.local/lib/python3.12/site-packages/airflow/example_dags/example_sensors.py
[2026-03-22T05:37:27.880+0000] {processor.py:830} INFO - Processing file /home/airflow/.local/lib/python3.12/site-packages/airflow/example_dags/example_sensors.py for tasks to queue
[2026-03-22T05:37:27.914+0000] {logging_mixin.py:188} INFO - [2026-03-22T05:37:27.898+0000] {dagbag.py:545} INFO - Filling up the DagBag from /home/airflow/.local/lib/python3.12/site-packages/airflow/example_dags/example_sensors.py
[2026-03-22T05:37:28.428+0000] {processor.py:840} INFO - DAG(s) 'example_sensors' retrieved from /home/airflow/.local/lib/python3.12/site-packages/airflow/example_dags/example_sensors.py
[2026-03-22T05:37:31.663+0000] {logging_mixin.py:188} INFO - [2026-03-22T05:37:31.550+0000] {dag.py:3096} INFO - Sync 1 DAGs
[2026-03-22T05:37:32.046+0000] {logging_mixin.py:188} INFO - [2026-03-22T05:37:31.981+0000] {dag.py:3954} INFO - Setting next_dagrun for example_sensors to None, run_after=None
[2026-03-22T05:37:33.029+0000] {processor.py:183} INFO - Processing /home/airflow/.local/lib/python3.12/site-packages/airflow/example_dags/example_sensors.py took 5.295 seconds
[2026-03-22T05:40:49.709+0000] {processor.py:161} INFO - Started process (PID=664) to work on /home/airflow/.local/lib/python3.12/site-packages/airflow/example_dags/example_sensors.py
[2026-03-22T05:40:49.789+0000] {processor.py:830} INFO - Processing file /home/airflow/.local/lib/python3.12/site-packages/airflow/example_dags/example_sensors.py for tasks to queue
[2026-03-22T05:40:49.983+0000] {logging_mixin.py:188} INFO - [2026-03-22T05:40:49.903+0000] {dagbag.py:545} INFO - Filling up the DagBag from /home/airflow/.local/lib/python3.12/site-packages/airflow/example_dags/example_sensors.py
[2026-03-22T05:40:50.676+0000] {processor.py:840} INFO - DAG(s) 'example_sensors' retrieved from /home/airflow/.local/lib/python3.12/site-packages/airflow/example_dags/example_sensors.py
[2026-03-22T05:40:54.201+0000] {logging_mixin.py:188} INFO - [2026-03-22T05:40:54.085+0000] {dag.py:3096} INFO - Sync 1 DAGs
[2026-03-22T05:40:54.287+0000] {logging_mixin.py:188} INFO - [2026-03-22T05:40:54.286+0000] {dag.py:3954} INFO - Setting next_dagrun for example_sensors to None, run_after=None
[2026-03-22T05:40:54.828+0000] {processor.py:183} INFO - Processing /home/airflow/.local/lib/python3.12/site-packages/airflow/example_dags/example_sensors.py took 5.242 seconds
[2026-03-22T05:44:55.273+0000] {processor.py:161} INFO - Started process (PID=738) to work on /home/airflow/.local/lib/python3.12/site-packages/airflow/example_dags/example_sensors.py
[2026-03-22T05:44:55.329+0000] {processor.py:830} INFO - Processing file /home/airflow/.local/lib/python3.12/site-packages/airflow/example_dags/example_sensors.py for tasks to queue
[2026-03-22T05:44:55.339+0000] {logging_mixin.py:188} INFO - [2026-03-22T05:44:55.333+0000] {dagbag.py:545} INFO - Filling up the DagBag from /home/airflow/.local/lib/python3.12/site-packages/airflow/example_dags/example_sensors.py
[2026-03-22T05:44:55.553+0000] {processor.py:840} INFO - DAG(s) 'example_sensors' retrieved from /home/airflow/.local/lib/python3.12/site-packages/airflow/example_dags/example_sensors.py
[2026-03-22T05:44:56.768+0000] {logging_mixin.py:188} INFO - [2026-03-22T05:44:56.759+0000] {dag.py:3096} INFO - Sync 1 DAGs
[2026-03-22T05:44:56.958+0000] {logging_mixin.py:188} INFO - [2026-03-22T05:44:56.949+0000] {dag.py:3954} INFO - Setting next_dagrun for example_sensors to None, run_after=None
[2026-03-22T05:44:57.649+0000] {processor.py:183} INFO - Processing /home/airflow/.local/lib/python3.12/site-packages/airflow/example_dags/example_sensors.py took 2.556 seconds
