[2026-03-22T04:09:21.256+0000] {processor.py:161} INFO - Started process (PID=73) to work on /home/airflow/.local/lib/python3.12/site-packages/airflow/example_dags/example_setup_teardown.py
[2026-03-22T04:09:21.257+0000] {processor.py:830} INFO - Processing file /home/airflow/.local/lib/python3.12/site-packages/airflow/example_dags/example_setup_teardown.py for tasks to queue
[2026-03-22T04:09:21.260+0000] {logging_mixin.py:188} INFO - [2026-03-22T04:09:21.259+0000] {dagbag.py:545} INFO - Filling up the DagBag from /home/airflow/.local/lib/python3.12/site-packages/airflow/example_dags/example_setup_teardown.py
[2026-03-22T04:09:21.275+0000] {processor.py:840} INFO - DAG(s) 'example_setup_teardown' retrieved from /home/airflow/.local/lib/python3.12/site-packages/airflow/example_dags/example_setup_teardown.py
[2026-03-22T04:09:21.445+0000] {logging_mixin.py:188} INFO - [2026-03-22T04:09:21.444+0000] {dag.py:3096} INFO - Sync 1 DAGs
[2026-03-22T04:09:21.468+0000] {logging_mixin.py:188} INFO - [2026-03-22T04:09:21.468+0000] {dag.py:3954} INFO - Setting next_dagrun for example_setup_teardown to 2026-03-21 00:00:00+00:00, run_after=2026-03-22 00:00:00+00:00
[2026-03-22T04:09:21.492+0000] {processor.py:183} INFO - Processing /home/airflow/.local/lib/python3.12/site-packages/airflow/example_dags/example_setup_teardown.py took 0.242 seconds
[2026-03-22T04:09:52.442+0000] {processor.py:161} INFO - Started process (PID=131) to work on /home/airflow/.local/lib/python3.12/site-packages/airflow/example_dags/example_setup_teardown.py
[2026-03-22T04:09:52.456+0000] {processor.py:830} INFO - Processing file /home/airflow/.local/lib/python3.12/site-packages/airflow/example_dags/example_setup_teardown.py for tasks to queue
[2026-03-22T04:09:52.461+0000] {logging_mixin.py:188} INFO - [2026-03-22T04:09:52.460+0000] {dagbag.py:545} INFO - Filling up the DagBag from /home/airflow/.local/lib/python3.12/site-packages/airflow/example_dags/example_setup_teardown.py
[2026-03-22T04:09:52.485+0000] {processor.py:840} INFO - DAG(s) 'example_setup_teardown' retrieved from /home/airflow/.local/lib/python3.12/site-packages/airflow/example_dags/example_setup_teardown.py
[2026-03-22T04:09:52.546+0000] {logging_mixin.py:188} INFO - [2026-03-22T04:09:52.546+0000] {dag.py:3096} INFO - Sync 1 DAGs
[2026-03-22T04:09:52.602+0000] {logging_mixin.py:188} INFO - [2026-03-22T04:09:52.601+0000] {dag.py:3954} INFO - Setting next_dagrun for example_setup_teardown to 2026-03-21 00:00:00+00:00, run_after=2026-03-22 00:00:00+00:00
[2026-03-22T04:09:52.637+0000] {processor.py:183} INFO - Processing /home/airflow/.local/lib/python3.12/site-packages/airflow/example_dags/example_setup_teardown.py took 0.200 seconds
[2026-03-22T04:10:22.999+0000] {processor.py:161} INFO - Started process (PID=189) to work on /home/airflow/.local/lib/python3.12/site-packages/airflow/example_dags/example_setup_teardown.py
[2026-03-22T04:10:23.001+0000] {processor.py:830} INFO - Processing file /home/airflow/.local/lib/python3.12/site-packages/airflow/example_dags/example_setup_teardown.py for tasks to queue
[2026-03-22T04:10:23.004+0000] {logging_mixin.py:188} INFO - [2026-03-22T04:10:23.004+0000] {dagbag.py:545} INFO - Filling up the DagBag from /home/airflow/.local/lib/python3.12/site-packages/airflow/example_dags/example_setup_teardown.py
[2026-03-22T04:10:23.020+0000] {processor.py:840} INFO - DAG(s) 'example_setup_teardown' retrieved from /home/airflow/.local/lib/python3.12/site-packages/airflow/example_dags/example_setup_teardown.py
[2026-03-22T04:10:23.043+0000] {logging_mixin.py:188} INFO - [2026-03-22T04:10:23.043+0000] {dag.py:3096} INFO - Sync 1 DAGs
[2026-03-22T04:10:23.075+0000] {logging_mixin.py:188} INFO - [2026-03-22T04:10:23.075+0000] {dag.py:3954} INFO - Setting next_dagrun for example_setup_teardown to 2026-03-21 00:00:00+00:00, run_after=2026-03-22 00:00:00+00:00
[2026-03-22T04:10:23.089+0000] {processor.py:183} INFO - Processing /home/airflow/.local/lib/python3.12/site-packages/airflow/example_dags/example_setup_teardown.py took 0.104 seconds
[2026-03-22T04:10:53.494+0000] {processor.py:161} INFO - Started process (PID=247) to work on /home/airflow/.local/lib/python3.12/site-packages/airflow/example_dags/example_setup_teardown.py
[2026-03-22T04:10:53.499+0000] {processor.py:830} INFO - Processing file /home/airflow/.local/lib/python3.12/site-packages/airflow/example_dags/example_setup_teardown.py for tasks to queue
[2026-03-22T04:10:53.508+0000] {logging_mixin.py:188} INFO - [2026-03-22T04:10:53.507+0000] {dagbag.py:545} INFO - Filling up the DagBag from /home/airflow/.local/lib/python3.12/site-packages/airflow/example_dags/example_setup_teardown.py
[2026-03-22T04:10:53.543+0000] {processor.py:840} INFO - DAG(s) 'example_setup_teardown' retrieved from /home/airflow/.local/lib/python3.12/site-packages/airflow/example_dags/example_setup_teardown.py
[2026-03-22T04:10:53.589+0000] {logging_mixin.py:188} INFO - [2026-03-22T04:10:53.588+0000] {dag.py:3096} INFO - Sync 1 DAGs
[2026-03-22T04:10:53.614+0000] {logging_mixin.py:188} INFO - [2026-03-22T04:10:53.614+0000] {dag.py:3954} INFO - Setting next_dagrun for example_setup_teardown to 2026-03-21 00:00:00+00:00, run_after=2026-03-22 00:00:00+00:00
[2026-03-22T04:10:53.628+0000] {processor.py:183} INFO - Processing /home/airflow/.local/lib/python3.12/site-packages/airflow/example_dags/example_setup_teardown.py took 0.150 seconds
[2026-03-22T04:11:23.913+0000] {processor.py:161} INFO - Started process (PID=305) to work on /home/airflow/.local/lib/python3.12/site-packages/airflow/example_dags/example_setup_teardown.py
[2026-03-22T04:11:23.916+0000] {processor.py:830} INFO - Processing file /home/airflow/.local/lib/python3.12/site-packages/airflow/example_dags/example_setup_teardown.py for tasks to queue
[2026-03-22T04:11:23.919+0000] {logging_mixin.py:188} INFO - [2026-03-22T04:11:23.919+0000] {dagbag.py:545} INFO - Filling up the DagBag from /home/airflow/.local/lib/python3.12/site-packages/airflow/example_dags/example_setup_teardown.py
[2026-03-22T04:11:23.930+0000] {processor.py:840} INFO - DAG(s) 'example_setup_teardown' retrieved from /home/airflow/.local/lib/python3.12/site-packages/airflow/example_dags/example_setup_teardown.py
[2026-03-22T04:11:23.975+0000] {logging_mixin.py:188} INFO - [2026-03-22T04:11:23.974+0000] {dag.py:3096} INFO - Sync 1 DAGs
[2026-03-22T04:11:23.992+0000] {logging_mixin.py:188} INFO - [2026-03-22T04:11:23.992+0000] {dag.py:3954} INFO - Setting next_dagrun for example_setup_teardown to 2026-03-21 00:00:00+00:00, run_after=2026-03-22 00:00:00+00:00
[2026-03-22T04:11:24.001+0000] {processor.py:183} INFO - Processing /home/airflow/.local/lib/python3.12/site-packages/airflow/example_dags/example_setup_teardown.py took 0.097 seconds
[2026-03-22T04:11:54.675+0000] {processor.py:161} INFO - Started process (PID=363) to work on /home/airflow/.local/lib/python3.12/site-packages/airflow/example_dags/example_setup_teardown.py
[2026-03-22T04:11:54.676+0000] {processor.py:830} INFO - Processing file /home/airflow/.local/lib/python3.12/site-packages/airflow/example_dags/example_setup_teardown.py for tasks to queue
[2026-03-22T04:11:54.678+0000] {logging_mixin.py:188} INFO - [2026-03-22T04:11:54.678+0000] {dagbag.py:545} INFO - Filling up the DagBag from /home/airflow/.local/lib/python3.12/site-packages/airflow/example_dags/example_setup_teardown.py
[2026-03-22T04:11:54.688+0000] {processor.py:840} INFO - DAG(s) 'example_setup_teardown' retrieved from /home/airflow/.local/lib/python3.12/site-packages/airflow/example_dags/example_setup_teardown.py
[2026-03-22T04:11:54.721+0000] {logging_mixin.py:188} INFO - [2026-03-22T04:11:54.721+0000] {dag.py:3096} INFO - Sync 1 DAGs
[2026-03-22T04:11:54.741+0000] {logging_mixin.py:188} INFO - [2026-03-22T04:11:54.741+0000] {dag.py:3954} INFO - Setting next_dagrun for example_setup_teardown to 2026-03-21 00:00:00+00:00, run_after=2026-03-22 00:00:00+00:00
[2026-03-22T04:11:54.754+0000] {processor.py:183} INFO - Processing /home/airflow/.local/lib/python3.12/site-packages/airflow/example_dags/example_setup_teardown.py took 0.088 seconds
[2026-03-22T04:12:25.086+0000] {processor.py:161} INFO - Started process (PID=421) to work on /home/airflow/.local/lib/python3.12/site-packages/airflow/example_dags/example_setup_teardown.py
[2026-03-22T04:12:25.088+0000] {processor.py:830} INFO - Processing file /home/airflow/.local/lib/python3.12/site-packages/airflow/example_dags/example_setup_teardown.py for tasks to queue
[2026-03-22T04:12:25.089+0000] {logging_mixin.py:188} INFO - [2026-03-22T04:12:25.089+0000] {dagbag.py:545} INFO - Filling up the DagBag from /home/airflow/.local/lib/python3.12/site-packages/airflow/example_dags/example_setup_teardown.py
[2026-03-22T04:12:25.098+0000] {processor.py:840} INFO - DAG(s) 'example_setup_teardown' retrieved from /home/airflow/.local/lib/python3.12/site-packages/airflow/example_dags/example_setup_teardown.py
[2026-03-22T04:12:25.191+0000] {logging_mixin.py:188} INFO - [2026-03-22T04:12:25.191+0000] {dag.py:3096} INFO - Sync 1 DAGs
[2026-03-22T04:12:25.207+0000] {logging_mixin.py:188} INFO - [2026-03-22T04:12:25.207+0000] {dag.py:3954} INFO - Setting next_dagrun for example_setup_teardown to 2026-03-21 00:00:00+00:00, run_after=2026-03-22 00:00:00+00:00
[2026-03-22T04:12:25.225+0000] {processor.py:183} INFO - Processing /home/airflow/.local/lib/python3.12/site-packages/airflow/example_dags/example_setup_teardown.py took 0.144 seconds
[2026-03-22T04:12:55.366+0000] {processor.py:161} INFO - Started process (PID=479) to work on /home/airflow/.local/lib/python3.12/site-packages/airflow/example_dags/example_setup_teardown.py
[2026-03-22T04:12:55.367+0000] {processor.py:830} INFO - Processing file /home/airflow/.local/lib/python3.12/site-packages/airflow/example_dags/example_setup_teardown.py for tasks to queue
[2026-03-22T04:12:55.368+0000] {logging_mixin.py:188} INFO - [2026-03-22T04:12:55.368+0000] {dagbag.py:545} INFO - Filling up the DagBag from /home/airflow/.local/lib/python3.12/site-packages/airflow/example_dags/example_setup_teardown.py
[2026-03-22T04:12:55.374+0000] {processor.py:840} INFO - DAG(s) 'example_setup_teardown' retrieved from /home/airflow/.local/lib/python3.12/site-packages/airflow/example_dags/example_setup_teardown.py
[2026-03-22T04:12:55.399+0000] {logging_mixin.py:188} INFO - [2026-03-22T04:12:55.399+0000] {dag.py:3096} INFO - Sync 1 DAGs
[2026-03-22T04:12:55.415+0000] {logging_mixin.py:188} INFO - [2026-03-22T04:12:55.414+0000] {dag.py:3954} INFO - Setting next_dagrun for example_setup_teardown to 2026-03-21 00:00:00+00:00, run_after=2026-03-22 00:00:00+00:00
[2026-03-22T04:12:55.431+0000] {processor.py:183} INFO - Processing /home/airflow/.local/lib/python3.12/site-packages/airflow/example_dags/example_setup_teardown.py took 0.068 seconds
[2026-03-22T04:13:25.852+0000] {processor.py:161} INFO - Started process (PID=537) to work on /home/airflow/.local/lib/python3.12/site-packages/airflow/example_dags/example_setup_teardown.py
[2026-03-22T04:13:25.855+0000] {processor.py:830} INFO - Processing file /home/airflow/.local/lib/python3.12/site-packages/airflow/example_dags/example_setup_teardown.py for tasks to queue
[2026-03-22T04:13:25.857+0000] {logging_mixin.py:188} INFO - [2026-03-22T04:13:25.856+0000] {dagbag.py:545} INFO - Filling up the DagBag from /home/airflow/.local/lib/python3.12/site-packages/airflow/example_dags/example_setup_teardown.py
[2026-03-22T04:13:25.866+0000] {processor.py:840} INFO - DAG(s) 'example_setup_teardown' retrieved from /home/airflow/.local/lib/python3.12/site-packages/airflow/example_dags/example_setup_teardown.py
[2026-03-22T04:13:25.885+0000] {logging_mixin.py:188} INFO - [2026-03-22T04:13:25.885+0000] {dag.py:3096} INFO - Sync 1 DAGs
[2026-03-22T04:13:25.898+0000] {logging_mixin.py:188} INFO - [2026-03-22T04:13:25.898+0000] {dag.py:3954} INFO - Setting next_dagrun for example_setup_teardown to 2026-03-21 00:00:00+00:00, run_after=2026-03-22 00:00:00+00:00
[2026-03-22T04:13:25.907+0000] {processor.py:183} INFO - Processing /home/airflow/.local/lib/python3.12/site-packages/airflow/example_dags/example_setup_teardown.py took 0.068 seconds
[2026-03-22T04:13:56.102+0000] {processor.py:161} INFO - Started process (PID=595) to work on /home/airflow/.local/lib/python3.12/site-packages/airflow/example_dags/example_setup_teardown.py
[2026-03-22T04:13:56.106+0000] {processor.py:830} INFO - Processing file /home/airflow/.local/lib/python3.12/site-packages/airflow/example_dags/example_setup_teardown.py for tasks to queue
[2026-03-22T04:13:56.114+0000] {logging_mixin.py:188} INFO - [2026-03-22T04:13:56.113+0000] {dagbag.py:545} INFO - Filling up the DagBag from /home/airflow/.local/lib/python3.12/site-packages/airflow/example_dags/example_setup_teardown.py
[2026-03-22T04:13:56.140+0000] {processor.py:840} INFO - DAG(s) 'example_setup_teardown' retrieved from /home/airflow/.local/lib/python3.12/site-packages/airflow/example_dags/example_setup_teardown.py
[2026-03-22T04:13:56.171+0000] {logging_mixin.py:188} INFO - [2026-03-22T04:13:56.171+0000] {dag.py:3096} INFO - Sync 1 DAGs
[2026-03-22T04:13:56.196+0000] {logging_mixin.py:188} INFO - [2026-03-22T04:13:56.196+0000] {dag.py:3954} INFO - Setting next_dagrun for example_setup_teardown to 2026-03-21 00:00:00+00:00, run_after=2026-03-22 00:00:00+00:00
[2026-03-22T04:13:56.216+0000] {processor.py:183} INFO - Processing /home/airflow/.local/lib/python3.12/site-packages/airflow/example_dags/example_setup_teardown.py took 0.120 seconds
[2026-03-22T04:14:26.482+0000] {processor.py:161} INFO - Started process (PID=652) to work on /home/airflow/.local/lib/python3.12/site-packages/airflow/example_dags/example_setup_teardown.py
[2026-03-22T04:14:26.483+0000] {processor.py:830} INFO - Processing file /home/airflow/.local/lib/python3.12/site-packages/airflow/example_dags/example_setup_teardown.py for tasks to queue
[2026-03-22T04:14:26.486+0000] {logging_mixin.py:188} INFO - [2026-03-22T04:14:26.486+0000] {dagbag.py:545} INFO - Filling up the DagBag from /home/airflow/.local/lib/python3.12/site-packages/airflow/example_dags/example_setup_teardown.py
[2026-03-22T04:14:26.504+0000] {processor.py:840} INFO - DAG(s) 'example_setup_teardown' retrieved from /home/airflow/.local/lib/python3.12/site-packages/airflow/example_dags/example_setup_teardown.py
[2026-03-22T04:14:26.539+0000] {logging_mixin.py:188} INFO - [2026-03-22T04:14:26.539+0000] {dag.py:3096} INFO - Sync 1 DAGs
[2026-03-22T04:14:26.568+0000] {logging_mixin.py:188} INFO - [2026-03-22T04:14:26.567+0000] {dag.py:3954} INFO - Setting next_dagrun for example_setup_teardown to 2026-03-21 00:00:00+00:00, run_after=2026-03-22 00:00:00+00:00
[2026-03-22T04:14:26.599+0000] {processor.py:183} INFO - Processing /home/airflow/.local/lib/python3.12/site-packages/airflow/example_dags/example_setup_teardown.py took 0.128 seconds
[2026-03-22T04:14:57.542+0000] {processor.py:161} INFO - Started process (PID=711) to work on /home/airflow/.local/lib/python3.12/site-packages/airflow/example_dags/example_setup_teardown.py
[2026-03-22T04:14:57.544+0000] {processor.py:830} INFO - Processing file /home/airflow/.local/lib/python3.12/site-packages/airflow/example_dags/example_setup_teardown.py for tasks to queue
[2026-03-22T04:14:57.553+0000] {logging_mixin.py:188} INFO - [2026-03-22T04:14:57.552+0000] {dagbag.py:545} INFO - Filling up the DagBag from /home/airflow/.local/lib/python3.12/site-packages/airflow/example_dags/example_setup_teardown.py
[2026-03-22T04:14:57.562+0000] {processor.py:840} INFO - DAG(s) 'example_setup_teardown' retrieved from /home/airflow/.local/lib/python3.12/site-packages/airflow/example_dags/example_setup_teardown.py
[2026-03-22T04:14:57.592+0000] {logging_mixin.py:188} INFO - [2026-03-22T04:14:57.592+0000] {dag.py:3096} INFO - Sync 1 DAGs
[2026-03-22T04:14:57.609+0000] {logging_mixin.py:188} INFO - [2026-03-22T04:14:57.609+0000] {dag.py:3954} INFO - Setting next_dagrun for example_setup_teardown to 2026-03-21 00:00:00+00:00, run_after=2026-03-22 00:00:00+00:00
[2026-03-22T04:14:57.618+0000] {processor.py:183} INFO - Processing /home/airflow/.local/lib/python3.12/site-packages/airflow/example_dags/example_setup_teardown.py took 0.083 seconds
[2026-03-22T04:15:28.254+0000] {processor.py:161} INFO - Started process (PID=769) to work on /home/airflow/.local/lib/python3.12/site-packages/airflow/example_dags/example_setup_teardown.py
[2026-03-22T04:15:28.255+0000] {processor.py:830} INFO - Processing file /home/airflow/.local/lib/python3.12/site-packages/airflow/example_dags/example_setup_teardown.py for tasks to queue
[2026-03-22T04:15:28.258+0000] {logging_mixin.py:188} INFO - [2026-03-22T04:15:28.258+0000] {dagbag.py:545} INFO - Filling up the DagBag from /home/airflow/.local/lib/python3.12/site-packages/airflow/example_dags/example_setup_teardown.py
[2026-03-22T04:15:28.276+0000] {processor.py:840} INFO - DAG(s) 'example_setup_teardown' retrieved from /home/airflow/.local/lib/python3.12/site-packages/airflow/example_dags/example_setup_teardown.py
[2026-03-22T04:15:28.354+0000] {logging_mixin.py:188} INFO - [2026-03-22T04:15:28.354+0000] {dag.py:3096} INFO - Sync 1 DAGs
[2026-03-22T04:15:28.411+0000] {logging_mixin.py:188} INFO - [2026-03-22T04:15:28.410+0000] {dag.py:3954} INFO - Setting next_dagrun for example_setup_teardown to 2026-03-21 00:00:00+00:00, run_after=2026-03-22 00:00:00+00:00
[2026-03-22T04:15:28.427+0000] {processor.py:183} INFO - Processing /home/airflow/.local/lib/python3.12/site-packages/airflow/example_dags/example_setup_teardown.py took 0.186 seconds
[2026-03-22T04:15:58.918+0000] {processor.py:161} INFO - Started process (PID=827) to work on /home/airflow/.local/lib/python3.12/site-packages/airflow/example_dags/example_setup_teardown.py
[2026-03-22T04:15:58.919+0000] {processor.py:830} INFO - Processing file /home/airflow/.local/lib/python3.12/site-packages/airflow/example_dags/example_setup_teardown.py for tasks to queue
[2026-03-22T04:15:58.921+0000] {logging_mixin.py:188} INFO - [2026-03-22T04:15:58.920+0000] {dagbag.py:545} INFO - Filling up the DagBag from /home/airflow/.local/lib/python3.12/site-packages/airflow/example_dags/example_setup_teardown.py
[2026-03-22T04:15:58.926+0000] {processor.py:840} INFO - DAG(s) 'example_setup_teardown' retrieved from /home/airflow/.local/lib/python3.12/site-packages/airflow/example_dags/example_setup_teardown.py
[2026-03-22T04:15:58.946+0000] {logging_mixin.py:188} INFO - [2026-03-22T04:15:58.946+0000] {dag.py:3096} INFO - Sync 1 DAGs
[2026-03-22T04:15:58.958+0000] {logging_mixin.py:188} INFO - [2026-03-22T04:15:58.958+0000] {dag.py:3954} INFO - Setting next_dagrun for example_setup_teardown to 2026-03-21 00:00:00+00:00, run_after=2026-03-22 00:00:00+00:00
[2026-03-22T04:15:58.967+0000] {processor.py:183} INFO - Processing /home/airflow/.local/lib/python3.12/site-packages/airflow/example_dags/example_setup_teardown.py took 0.053 seconds
[2026-03-22T04:16:48.266+0000] {processor.py:161} INFO - Started process (PID=885) to work on /home/airflow/.local/lib/python3.12/site-packages/airflow/example_dags/example_setup_teardown.py
[2026-03-22T04:16:48.285+0000] {processor.py:830} INFO - Processing file /home/airflow/.local/lib/python3.12/site-packages/airflow/example_dags/example_setup_teardown.py for tasks to queue
[2026-03-22T04:16:48.368+0000] {logging_mixin.py:188} INFO - [2026-03-22T04:16:48.358+0000] {dagbag.py:545} INFO - Filling up the DagBag from /home/airflow/.local/lib/python3.12/site-packages/airflow/example_dags/example_setup_teardown.py
[2026-03-22T04:16:48.636+0000] {processor.py:840} INFO - DAG(s) 'example_setup_teardown' retrieved from /home/airflow/.local/lib/python3.12/site-packages/airflow/example_dags/example_setup_teardown.py
[2026-03-22T04:16:49.142+0000] {logging_mixin.py:188} INFO - [2026-03-22T04:16:49.105+0000] {dag.py:3096} INFO - Sync 1 DAGs
[2026-03-22T04:16:49.545+0000] {logging_mixin.py:188} INFO - [2026-03-22T04:16:49.543+0000] {dag.py:3954} INFO - Setting next_dagrun for example_setup_teardown to 2026-03-21 00:00:00+00:00, run_after=2026-03-22 00:00:00+00:00
[2026-03-22T04:16:49.827+0000] {processor.py:183} INFO - Processing /home/airflow/.local/lib/python3.12/site-packages/airflow/example_dags/example_setup_teardown.py took 1.604 seconds
[2026-03-22T04:17:38.564+0000] {processor.py:161} INFO - Started process (PID=942) to work on /home/airflow/.local/lib/python3.12/site-packages/airflow/example_dags/example_setup_teardown.py
[2026-03-22T04:17:38.566+0000] {processor.py:830} INFO - Processing file /home/airflow/.local/lib/python3.12/site-packages/airflow/example_dags/example_setup_teardown.py for tasks to queue
[2026-03-22T04:17:38.570+0000] {logging_mixin.py:188} INFO - [2026-03-22T04:17:38.570+0000] {dagbag.py:545} INFO - Filling up the DagBag from /home/airflow/.local/lib/python3.12/site-packages/airflow/example_dags/example_setup_teardown.py
[2026-03-22T04:17:38.586+0000] {processor.py:840} INFO - DAG(s) 'example_setup_teardown' retrieved from /home/airflow/.local/lib/python3.12/site-packages/airflow/example_dags/example_setup_teardown.py
[2026-03-22T04:17:38.657+0000] {logging_mixin.py:188} INFO - [2026-03-22T04:17:38.656+0000] {dag.py:3096} INFO - Sync 1 DAGs
[2026-03-22T04:17:38.714+0000] {logging_mixin.py:188} INFO - [2026-03-22T04:17:38.714+0000] {dag.py:3954} INFO - Setting next_dagrun for example_setup_teardown to 2026-03-21 00:00:00+00:00, run_after=2026-03-22 00:00:00+00:00
[2026-03-22T04:17:38.767+0000] {processor.py:183} INFO - Processing /home/airflow/.local/lib/python3.12/site-packages/airflow/example_dags/example_setup_teardown.py took 0.214 seconds
[2026-03-22T04:18:09.144+0000] {processor.py:161} INFO - Started process (PID=999) to work on /home/airflow/.local/lib/python3.12/site-packages/airflow/example_dags/example_setup_teardown.py
[2026-03-22T04:18:09.146+0000] {processor.py:830} INFO - Processing file /home/airflow/.local/lib/python3.12/site-packages/airflow/example_dags/example_setup_teardown.py for tasks to queue
[2026-03-22T04:18:09.147+0000] {logging_mixin.py:188} INFO - [2026-03-22T04:18:09.146+0000] {dagbag.py:545} INFO - Filling up the DagBag from /home/airflow/.local/lib/python3.12/site-packages/airflow/example_dags/example_setup_teardown.py
[2026-03-22T04:18:09.152+0000] {processor.py:840} INFO - DAG(s) 'example_setup_teardown' retrieved from /home/airflow/.local/lib/python3.12/site-packages/airflow/example_dags/example_setup_teardown.py
[2026-03-22T04:18:09.166+0000] {logging_mixin.py:188} INFO - [2026-03-22T04:18:09.166+0000] {dag.py:3096} INFO - Sync 1 DAGs
[2026-03-22T04:18:09.178+0000] {logging_mixin.py:188} INFO - [2026-03-22T04:18:09.177+0000] {dag.py:3954} INFO - Setting next_dagrun for example_setup_teardown to 2026-03-21 00:00:00+00:00, run_after=2026-03-22 00:00:00+00:00
[2026-03-22T04:18:09.185+0000] {processor.py:183} INFO - Processing /home/airflow/.local/lib/python3.12/site-packages/airflow/example_dags/example_setup_teardown.py took 0.045 seconds
[2026-03-22T04:18:39.944+0000] {processor.py:161} INFO - Started process (PID=1056) to work on /home/airflow/.local/lib/python3.12/site-packages/airflow/example_dags/example_setup_teardown.py
[2026-03-22T04:18:39.947+0000] {processor.py:830} INFO - Processing file /home/airflow/.local/lib/python3.12/site-packages/airflow/example_dags/example_setup_teardown.py for tasks to queue
[2026-03-22T04:18:39.949+0000] {logging_mixin.py:188} INFO - [2026-03-22T04:18:39.949+0000] {dagbag.py:545} INFO - Filling up the DagBag from /home/airflow/.local/lib/python3.12/site-packages/airflow/example_dags/example_setup_teardown.py
[2026-03-22T04:18:39.953+0000] {processor.py:840} INFO - DAG(s) 'example_setup_teardown' retrieved from /home/airflow/.local/lib/python3.12/site-packages/airflow/example_dags/example_setup_teardown.py
[2026-03-22T04:18:39.964+0000] {logging_mixin.py:188} INFO - [2026-03-22T04:18:39.963+0000] {dag.py:3096} INFO - Sync 1 DAGs
[2026-03-22T04:18:39.975+0000] {logging_mixin.py:188} INFO - [2026-03-22T04:18:39.975+0000] {dag.py:3954} INFO - Setting next_dagrun for example_setup_teardown to 2026-03-21 00:00:00+00:00, run_after=2026-03-22 00:00:00+00:00
[2026-03-22T04:18:39.986+0000] {processor.py:183} INFO - Processing /home/airflow/.local/lib/python3.12/site-packages/airflow/example_dags/example_setup_teardown.py took 0.047 seconds
[2026-03-22T04:19:10.338+0000] {processor.py:161} INFO - Started process (PID=1114) to work on /home/airflow/.local/lib/python3.12/site-packages/airflow/example_dags/example_setup_teardown.py
[2026-03-22T04:19:10.339+0000] {processor.py:830} INFO - Processing file /home/airflow/.local/lib/python3.12/site-packages/airflow/example_dags/example_setup_teardown.py for tasks to queue
[2026-03-22T04:19:10.341+0000] {logging_mixin.py:188} INFO - [2026-03-22T04:19:10.340+0000] {dagbag.py:545} INFO - Filling up the DagBag from /home/airflow/.local/lib/python3.12/site-packages/airflow/example_dags/example_setup_teardown.py
[2026-03-22T04:19:10.347+0000] {processor.py:840} INFO - DAG(s) 'example_setup_teardown' retrieved from /home/airflow/.local/lib/python3.12/site-packages/airflow/example_dags/example_setup_teardown.py
[2026-03-22T04:19:10.366+0000] {logging_mixin.py:188} INFO - [2026-03-22T04:19:10.366+0000] {dag.py:3096} INFO - Sync 1 DAGs
[2026-03-22T04:19:10.379+0000] {logging_mixin.py:188} INFO - [2026-03-22T04:19:10.379+0000] {dag.py:3954} INFO - Setting next_dagrun for example_setup_teardown to 2026-03-21 00:00:00+00:00, run_after=2026-03-22 00:00:00+00:00
[2026-03-22T04:19:10.388+0000] {processor.py:183} INFO - Processing /home/airflow/.local/lib/python3.12/site-packages/airflow/example_dags/example_setup_teardown.py took 0.054 seconds
[2026-03-22T04:19:40.491+0000] {processor.py:161} INFO - Started process (PID=1172) to work on /home/airflow/.local/lib/python3.12/site-packages/airflow/example_dags/example_setup_teardown.py
[2026-03-22T04:19:40.492+0000] {processor.py:830} INFO - Processing file /home/airflow/.local/lib/python3.12/site-packages/airflow/example_dags/example_setup_teardown.py for tasks to queue
[2026-03-22T04:19:40.495+0000] {logging_mixin.py:188} INFO - [2026-03-22T04:19:40.495+0000] {dagbag.py:545} INFO - Filling up the DagBag from /home/airflow/.local/lib/python3.12/site-packages/airflow/example_dags/example_setup_teardown.py
[2026-03-22T04:19:40.499+0000] {processor.py:840} INFO - DAG(s) 'example_setup_teardown' retrieved from /home/airflow/.local/lib/python3.12/site-packages/airflow/example_dags/example_setup_teardown.py
[2026-03-22T04:19:40.511+0000] {logging_mixin.py:188} INFO - [2026-03-22T04:19:40.511+0000] {dag.py:3096} INFO - Sync 1 DAGs
[2026-03-22T04:19:40.527+0000] {logging_mixin.py:188} INFO - [2026-03-22T04:19:40.527+0000] {dag.py:3954} INFO - Setting next_dagrun for example_setup_teardown to 2026-03-21 00:00:00+00:00, run_after=2026-03-22 00:00:00+00:00
[2026-03-22T04:19:40.536+0000] {processor.py:183} INFO - Processing /home/airflow/.local/lib/python3.12/site-packages/airflow/example_dags/example_setup_teardown.py took 0.048 seconds
[2026-03-22T04:20:11.182+0000] {processor.py:161} INFO - Started process (PID=1230) to work on /home/airflow/.local/lib/python3.12/site-packages/airflow/example_dags/example_setup_teardown.py
[2026-03-22T04:20:11.183+0000] {processor.py:830} INFO - Processing file /home/airflow/.local/lib/python3.12/site-packages/airflow/example_dags/example_setup_teardown.py for tasks to queue
[2026-03-22T04:20:11.184+0000] {logging_mixin.py:188} INFO - [2026-03-22T04:20:11.184+0000] {dagbag.py:545} INFO - Filling up the DagBag from /home/airflow/.local/lib/python3.12/site-packages/airflow/example_dags/example_setup_teardown.py
[2026-03-22T04:20:11.194+0000] {processor.py:840} INFO - DAG(s) 'example_setup_teardown' retrieved from /home/airflow/.local/lib/python3.12/site-packages/airflow/example_dags/example_setup_teardown.py
[2026-03-22T04:20:11.210+0000] {logging_mixin.py:188} INFO - [2026-03-22T04:20:11.209+0000] {dag.py:3096} INFO - Sync 1 DAGs
[2026-03-22T04:20:11.222+0000] {logging_mixin.py:188} INFO - [2026-03-22T04:20:11.222+0000] {dag.py:3954} INFO - Setting next_dagrun for example_setup_teardown to 2026-03-21 00:00:00+00:00, run_after=2026-03-22 00:00:00+00:00
[2026-03-22T04:20:11.235+0000] {processor.py:183} INFO - Processing /home/airflow/.local/lib/python3.12/site-packages/airflow/example_dags/example_setup_teardown.py took 0.057 seconds
[2026-03-22T04:20:41.819+0000] {processor.py:161} INFO - Started process (PID=1288) to work on /home/airflow/.local/lib/python3.12/site-packages/airflow/example_dags/example_setup_teardown.py
[2026-03-22T04:20:41.822+0000] {processor.py:830} INFO - Processing file /home/airflow/.local/lib/python3.12/site-packages/airflow/example_dags/example_setup_teardown.py for tasks to queue
[2026-03-22T04:20:41.825+0000] {logging_mixin.py:188} INFO - [2026-03-22T04:20:41.825+0000] {dagbag.py:545} INFO - Filling up the DagBag from /home/airflow/.local/lib/python3.12/site-packages/airflow/example_dags/example_setup_teardown.py
[2026-03-22T04:20:41.831+0000] {processor.py:840} INFO - DAG(s) 'example_setup_teardown' retrieved from /home/airflow/.local/lib/python3.12/site-packages/airflow/example_dags/example_setup_teardown.py
[2026-03-22T04:20:41.850+0000] {logging_mixin.py:188} INFO - [2026-03-22T04:20:41.849+0000] {dag.py:3096} INFO - Sync 1 DAGs
[2026-03-22T04:20:41.866+0000] {logging_mixin.py:188} INFO - [2026-03-22T04:20:41.866+0000] {dag.py:3954} INFO - Setting next_dagrun for example_setup_teardown to 2026-03-21 00:00:00+00:00, run_after=2026-03-22 00:00:00+00:00
[2026-03-22T04:20:41.891+0000] {processor.py:183} INFO - Processing /home/airflow/.local/lib/python3.12/site-packages/airflow/example_dags/example_setup_teardown.py took 0.077 seconds
[2026-03-22T04:21:12.827+0000] {processor.py:161} INFO - Started process (PID=1345) to work on /home/airflow/.local/lib/python3.12/site-packages/airflow/example_dags/example_setup_teardown.py
[2026-03-22T04:21:12.829+0000] {processor.py:830} INFO - Processing file /home/airflow/.local/lib/python3.12/site-packages/airflow/example_dags/example_setup_teardown.py for tasks to queue
[2026-03-22T04:21:12.831+0000] {logging_mixin.py:188} INFO - [2026-03-22T04:21:12.830+0000] {dagbag.py:545} INFO - Filling up the DagBag from /home/airflow/.local/lib/python3.12/site-packages/airflow/example_dags/example_setup_teardown.py
[2026-03-22T04:21:12.835+0000] {processor.py:840} INFO - DAG(s) 'example_setup_teardown' retrieved from /home/airflow/.local/lib/python3.12/site-packages/airflow/example_dags/example_setup_teardown.py
[2026-03-22T04:21:12.857+0000] {logging_mixin.py:188} INFO - [2026-03-22T04:21:12.856+0000] {dag.py:3096} INFO - Sync 1 DAGs
[2026-03-22T04:21:12.876+0000] {logging_mixin.py:188} INFO - [2026-03-22T04:21:12.876+0000] {dag.py:3954} INFO - Setting next_dagrun for example_setup_teardown to 2026-03-21 00:00:00+00:00, run_after=2026-03-22 00:00:00+00:00
[2026-03-22T04:21:12.887+0000] {processor.py:183} INFO - Processing /home/airflow/.local/lib/python3.12/site-packages/airflow/example_dags/example_setup_teardown.py took 0.066 seconds
[2026-03-22T04:21:43.066+0000] {processor.py:161} INFO - Started process (PID=1403) to work on /home/airflow/.local/lib/python3.12/site-packages/airflow/example_dags/example_setup_teardown.py
[2026-03-22T04:21:43.069+0000] {processor.py:830} INFO - Processing file /home/airflow/.local/lib/python3.12/site-packages/airflow/example_dags/example_setup_teardown.py for tasks to queue
[2026-03-22T04:21:43.073+0000] {logging_mixin.py:188} INFO - [2026-03-22T04:21:43.072+0000] {dagbag.py:545} INFO - Filling up the DagBag from /home/airflow/.local/lib/python3.12/site-packages/airflow/example_dags/example_setup_teardown.py
[2026-03-22T04:21:43.079+0000] {processor.py:840} INFO - DAG(s) 'example_setup_teardown' retrieved from /home/airflow/.local/lib/python3.12/site-packages/airflow/example_dags/example_setup_teardown.py
[2026-03-22T04:21:43.093+0000] {logging_mixin.py:188} INFO - [2026-03-22T04:21:43.092+0000] {dag.py:3096} INFO - Sync 1 DAGs
[2026-03-22T04:21:43.104+0000] {logging_mixin.py:188} INFO - [2026-03-22T04:21:43.104+0000] {dag.py:3954} INFO - Setting next_dagrun for example_setup_teardown to 2026-03-21 00:00:00+00:00, run_after=2026-03-22 00:00:00+00:00
[2026-03-22T04:21:43.111+0000] {processor.py:183} INFO - Processing /home/airflow/.local/lib/python3.12/site-packages/airflow/example_dags/example_setup_teardown.py took 0.053 seconds
[2026-03-22T04:23:03.499+0000] {processor.py:161} INFO - Started process (PID=1461) to work on /home/airflow/.local/lib/python3.12/site-packages/airflow/example_dags/example_setup_teardown.py
[2026-03-22T04:23:03.501+0000] {processor.py:830} INFO - Processing file /home/airflow/.local/lib/python3.12/site-packages/airflow/example_dags/example_setup_teardown.py for tasks to queue
[2026-03-22T04:23:03.507+0000] {logging_mixin.py:188} INFO - [2026-03-22T04:23:03.506+0000] {dagbag.py:545} INFO - Filling up the DagBag from /home/airflow/.local/lib/python3.12/site-packages/airflow/example_dags/example_setup_teardown.py
[2026-03-22T04:23:03.525+0000] {processor.py:840} INFO - DAG(s) 'example_setup_teardown' retrieved from /home/airflow/.local/lib/python3.12/site-packages/airflow/example_dags/example_setup_teardown.py
[2026-03-22T04:23:03.587+0000] {logging_mixin.py:188} INFO - [2026-03-22T04:23:03.587+0000] {dag.py:3096} INFO - Sync 1 DAGs
[2026-03-22T04:23:03.651+0000] {logging_mixin.py:188} INFO - [2026-03-22T04:23:03.651+0000] {dag.py:3954} INFO - Setting next_dagrun for example_setup_teardown to 2026-03-21 00:00:00+00:00, run_after=2026-03-22 00:00:00+00:00
[2026-03-22T04:23:03.789+0000] {processor.py:183} INFO - Processing /home/airflow/.local/lib/python3.12/site-packages/airflow/example_dags/example_setup_teardown.py took 0.303 seconds
[2026-03-22T04:23:34.320+0000] {processor.py:161} INFO - Started process (PID=1518) to work on /home/airflow/.local/lib/python3.12/site-packages/airflow/example_dags/example_setup_teardown.py
[2026-03-22T04:23:34.321+0000] {processor.py:830} INFO - Processing file /home/airflow/.local/lib/python3.12/site-packages/airflow/example_dags/example_setup_teardown.py for tasks to queue
[2026-03-22T04:23:34.323+0000] {logging_mixin.py:188} INFO - [2026-03-22T04:23:34.322+0000] {dagbag.py:545} INFO - Filling up the DagBag from /home/airflow/.local/lib/python3.12/site-packages/airflow/example_dags/example_setup_teardown.py
[2026-03-22T04:23:34.329+0000] {processor.py:840} INFO - DAG(s) 'example_setup_teardown' retrieved from /home/airflow/.local/lib/python3.12/site-packages/airflow/example_dags/example_setup_teardown.py
[2026-03-22T04:23:34.343+0000] {logging_mixin.py:188} INFO - [2026-03-22T04:23:34.343+0000] {dag.py:3096} INFO - Sync 1 DAGs
[2026-03-22T04:23:34.356+0000] {logging_mixin.py:188} INFO - [2026-03-22T04:23:34.356+0000] {dag.py:3954} INFO - Setting next_dagrun for example_setup_teardown to 2026-03-21 00:00:00+00:00, run_after=2026-03-22 00:00:00+00:00
[2026-03-22T04:23:34.364+0000] {processor.py:183} INFO - Processing /home/airflow/.local/lib/python3.12/site-packages/airflow/example_dags/example_setup_teardown.py took 0.049 seconds
[2026-03-22T04:24:05.115+0000] {processor.py:161} INFO - Started process (PID=1576) to work on /home/airflow/.local/lib/python3.12/site-packages/airflow/example_dags/example_setup_teardown.py
[2026-03-22T04:24:05.116+0000] {processor.py:830} INFO - Processing file /home/airflow/.local/lib/python3.12/site-packages/airflow/example_dags/example_setup_teardown.py for tasks to queue
[2026-03-22T04:24:05.118+0000] {logging_mixin.py:188} INFO - [2026-03-22T04:24:05.118+0000] {dagbag.py:545} INFO - Filling up the DagBag from /home/airflow/.local/lib/python3.12/site-packages/airflow/example_dags/example_setup_teardown.py
[2026-03-22T04:24:05.124+0000] {processor.py:840} INFO - DAG(s) 'example_setup_teardown' retrieved from /home/airflow/.local/lib/python3.12/site-packages/airflow/example_dags/example_setup_teardown.py
[2026-03-22T04:24:05.137+0000] {logging_mixin.py:188} INFO - [2026-03-22T04:24:05.136+0000] {dag.py:3096} INFO - Sync 1 DAGs
[2026-03-22T04:24:05.148+0000] {logging_mixin.py:188} INFO - [2026-03-22T04:24:05.148+0000] {dag.py:3954} INFO - Setting next_dagrun for example_setup_teardown to 2026-03-21 00:00:00+00:00, run_after=2026-03-22 00:00:00+00:00
[2026-03-22T04:24:05.161+0000] {processor.py:183} INFO - Processing /home/airflow/.local/lib/python3.12/site-packages/airflow/example_dags/example_setup_teardown.py took 0.050 seconds
[2026-03-22T04:25:22.193+0000] {processor.py:161} INFO - Started process (PID=1645) to work on /home/airflow/.local/lib/python3.12/site-packages/airflow/example_dags/example_setup_teardown.py
[2026-03-22T04:25:22.194+0000] {processor.py:830} INFO - Processing file /home/airflow/.local/lib/python3.12/site-packages/airflow/example_dags/example_setup_teardown.py for tasks to queue
[2026-03-22T04:25:22.196+0000] {logging_mixin.py:188} INFO - [2026-03-22T04:25:22.196+0000] {dagbag.py:545} INFO - Filling up the DagBag from /home/airflow/.local/lib/python3.12/site-packages/airflow/example_dags/example_setup_teardown.py
[2026-03-22T04:25:22.213+0000] {processor.py:840} INFO - DAG(s) 'example_setup_teardown' retrieved from /home/airflow/.local/lib/python3.12/site-packages/airflow/example_dags/example_setup_teardown.py
[2026-03-22T04:25:22.300+0000] {logging_mixin.py:188} INFO - [2026-03-22T04:25:22.296+0000] {dag.py:3096} INFO - Sync 1 DAGs
[2026-03-22T04:25:22.479+0000] {logging_mixin.py:188} INFO - [2026-03-22T04:25:22.478+0000] {dag.py:3954} INFO - Setting next_dagrun for example_setup_teardown to 2026-03-21 00:00:00+00:00, run_after=2026-03-22 00:00:00+00:00
[2026-03-22T04:25:22.610+0000] {processor.py:183} INFO - Processing /home/airflow/.local/lib/python3.12/site-packages/airflow/example_dags/example_setup_teardown.py took 0.415 seconds
[2026-03-22T04:25:53.001+0000] {processor.py:161} INFO - Started process (PID=1702) to work on /home/airflow/.local/lib/python3.12/site-packages/airflow/example_dags/example_setup_teardown.py
[2026-03-22T04:25:53.004+0000] {processor.py:830} INFO - Processing file /home/airflow/.local/lib/python3.12/site-packages/airflow/example_dags/example_setup_teardown.py for tasks to queue
[2026-03-22T04:25:53.005+0000] {logging_mixin.py:188} INFO - [2026-03-22T04:25:53.005+0000] {dagbag.py:545} INFO - Filling up the DagBag from /home/airflow/.local/lib/python3.12/site-packages/airflow/example_dags/example_setup_teardown.py
[2026-03-22T04:25:53.012+0000] {processor.py:840} INFO - DAG(s) 'example_setup_teardown' retrieved from /home/airflow/.local/lib/python3.12/site-packages/airflow/example_dags/example_setup_teardown.py
[2026-03-22T04:25:53.038+0000] {logging_mixin.py:188} INFO - [2026-03-22T04:25:53.037+0000] {dag.py:3096} INFO - Sync 1 DAGs
[2026-03-22T04:25:53.055+0000] {logging_mixin.py:188} INFO - [2026-03-22T04:25:53.055+0000] {dag.py:3954} INFO - Setting next_dagrun for example_setup_teardown to 2026-03-21 00:00:00+00:00, run_after=2026-03-22 00:00:00+00:00
[2026-03-22T04:25:53.072+0000] {processor.py:183} INFO - Processing /home/airflow/.local/lib/python3.12/site-packages/airflow/example_dags/example_setup_teardown.py took 0.076 seconds
[2026-03-22T04:28:17.115+0000] {processor.py:161} INFO - Started process (PID=1756) to work on /home/airflow/.local/lib/python3.12/site-packages/airflow/example_dags/example_setup_teardown.py
[2026-03-22T04:28:17.134+0000] {processor.py:830} INFO - Processing file /home/airflow/.local/lib/python3.12/site-packages/airflow/example_dags/example_setup_teardown.py for tasks to queue
[2026-03-22T04:28:17.195+0000] {logging_mixin.py:188} INFO - [2026-03-22T04:28:17.178+0000] {dagbag.py:545} INFO - Filling up the DagBag from /home/airflow/.local/lib/python3.12/site-packages/airflow/example_dags/example_setup_teardown.py
[2026-03-22T04:28:17.511+0000] {processor.py:840} INFO - DAG(s) 'example_setup_teardown' retrieved from /home/airflow/.local/lib/python3.12/site-packages/airflow/example_dags/example_setup_teardown.py
[2026-03-22T04:28:19.339+0000] {logging_mixin.py:188} INFO - [2026-03-22T04:28:19.295+0000] {dag.py:3096} INFO - Sync 1 DAGs
[2026-03-22T04:28:19.822+0000] {logging_mixin.py:188} INFO - [2026-03-22T04:28:19.782+0000] {dag.py:3954} INFO - Setting next_dagrun for example_setup_teardown to 2026-03-21 00:00:00+00:00, run_after=2026-03-22 00:00:00+00:00
[2026-03-22T04:28:20.768+0000] {processor.py:183} INFO - Processing /home/airflow/.local/lib/python3.12/site-packages/airflow/example_dags/example_setup_teardown.py took 4.108 seconds
[2026-03-22T04:33:59.379+0000] {processor.py:161} INFO - Started process (PID=1843) to work on /home/airflow/.local/lib/python3.12/site-packages/airflow/example_dags/example_setup_teardown.py
[2026-03-22T04:33:59.392+0000] {processor.py:830} INFO - Processing file /home/airflow/.local/lib/python3.12/site-packages/airflow/example_dags/example_setup_teardown.py for tasks to queue
[2026-03-22T04:33:59.506+0000] {logging_mixin.py:188} INFO - [2026-03-22T04:33:59.486+0000] {dagbag.py:545} INFO - Filling up the DagBag from /home/airflow/.local/lib/python3.12/site-packages/airflow/example_dags/example_setup_teardown.py
[2026-03-22T04:33:59.814+0000] {processor.py:840} INFO - DAG(s) 'example_setup_teardown' retrieved from /home/airflow/.local/lib/python3.12/site-packages/airflow/example_dags/example_setup_teardown.py
[2026-03-22T04:34:00.609+0000] {logging_mixin.py:188} INFO - [2026-03-22T04:34:00.601+0000] {dag.py:3096} INFO - Sync 1 DAGs
[2026-03-22T04:34:01.046+0000] {logging_mixin.py:188} INFO - [2026-03-22T04:34:01.034+0000] {dag.py:3954} INFO - Setting next_dagrun for example_setup_teardown to 2026-03-21 00:00:00+00:00, run_after=2026-03-22 00:00:00+00:00
[2026-03-22T04:34:01.662+0000] {processor.py:183} INFO - Processing /home/airflow/.local/lib/python3.12/site-packages/airflow/example_dags/example_setup_teardown.py took 2.396 seconds
[2026-03-22T04:36:54.794+0000] {processor.py:161} INFO - Started process (PID=1911) to work on /home/airflow/.local/lib/python3.12/site-packages/airflow/example_dags/example_setup_teardown.py
[2026-03-22T04:36:54.810+0000] {processor.py:830} INFO - Processing file /home/airflow/.local/lib/python3.12/site-packages/airflow/example_dags/example_setup_teardown.py for tasks to queue
[2026-03-22T04:36:54.904+0000] {logging_mixin.py:188} INFO - [2026-03-22T04:36:54.864+0000] {dagbag.py:545} INFO - Filling up the DagBag from /home/airflow/.local/lib/python3.12/site-packages/airflow/example_dags/example_setup_teardown.py
[2026-03-22T04:36:55.327+0000] {processor.py:840} INFO - DAG(s) 'example_setup_teardown' retrieved from /home/airflow/.local/lib/python3.12/site-packages/airflow/example_dags/example_setup_teardown.py
[2026-03-22T04:37:00.302+0000] {logging_mixin.py:188} INFO - [2026-03-22T04:37:00.190+0000] {dag.py:3096} INFO - Sync 1 DAGs
[2026-03-22T04:37:03.814+0000] {logging_mixin.py:188} INFO - [2026-03-22T04:37:03.483+0000] {dag.py:3954} INFO - Setting next_dagrun for example_setup_teardown to 2026-03-21 00:00:00+00:00, run_after=2026-03-22 00:00:00+00:00
[2026-03-22T04:37:11.625+0000] {processor.py:183} INFO - Processing /home/airflow/.local/lib/python3.12/site-packages/airflow/example_dags/example_setup_teardown.py took 16.921 seconds
[2026-03-22T04:39:10.584+0000] {processor.py:161} INFO - Started process (PID=1976) to work on /home/airflow/.local/lib/python3.12/site-packages/airflow/example_dags/example_setup_teardown.py
[2026-03-22T04:39:10.616+0000] {processor.py:830} INFO - Processing file /home/airflow/.local/lib/python3.12/site-packages/airflow/example_dags/example_setup_teardown.py for tasks to queue
[2026-03-22T04:39:10.668+0000] {logging_mixin.py:188} INFO - [2026-03-22T04:39:10.657+0000] {dagbag.py:545} INFO - Filling up the DagBag from /home/airflow/.local/lib/python3.12/site-packages/airflow/example_dags/example_setup_teardown.py
[2026-03-22T04:39:11.020+0000] {processor.py:840} INFO - DAG(s) 'example_setup_teardown' retrieved from /home/airflow/.local/lib/python3.12/site-packages/airflow/example_dags/example_setup_teardown.py
[2026-03-22T04:39:11.961+0000] {logging_mixin.py:188} INFO - [2026-03-22T04:39:11.952+0000] {dag.py:3096} INFO - Sync 1 DAGs
[2026-03-22T04:39:12.312+0000] {logging_mixin.py:188} INFO - [2026-03-22T04:39:12.303+0000] {dag.py:3954} INFO - Setting next_dagrun for example_setup_teardown to 2026-03-21 00:00:00+00:00, run_after=2026-03-22 00:00:00+00:00
[2026-03-22T04:39:13.169+0000] {processor.py:183} INFO - Processing /home/airflow/.local/lib/python3.12/site-packages/airflow/example_dags/example_setup_teardown.py took 2.694 seconds
[2026-03-22T04:40:16.002+0000] {processor.py:161} INFO - Started process (PID=2040) to work on /home/airflow/.local/lib/python3.12/site-packages/airflow/example_dags/example_setup_teardown.py
[2026-03-22T04:40:16.028+0000] {processor.py:830} INFO - Processing file /home/airflow/.local/lib/python3.12/site-packages/airflow/example_dags/example_setup_teardown.py for tasks to queue
[2026-03-22T04:40:16.093+0000] {logging_mixin.py:188} INFO - [2026-03-22T04:40:16.081+0000] {dagbag.py:545} INFO - Filling up the DagBag from /home/airflow/.local/lib/python3.12/site-packages/airflow/example_dags/example_setup_teardown.py
[2026-03-22T04:40:16.351+0000] {processor.py:840} INFO - DAG(s) 'example_setup_teardown' retrieved from /home/airflow/.local/lib/python3.12/site-packages/airflow/example_dags/example_setup_teardown.py
[2026-03-22T04:40:17.100+0000] {logging_mixin.py:188} INFO - [2026-03-22T04:40:17.096+0000] {dag.py:3096} INFO - Sync 1 DAGs
[2026-03-22T04:40:17.332+0000] {logging_mixin.py:188} INFO - [2026-03-22T04:40:17.320+0000] {dag.py:3954} INFO - Setting next_dagrun for example_setup_teardown to 2026-03-21 00:00:00+00:00, run_after=2026-03-22 00:00:00+00:00
[2026-03-22T04:40:17.751+0000] {processor.py:183} INFO - Processing /home/airflow/.local/lib/python3.12/site-packages/airflow/example_dags/example_setup_teardown.py took 1.883 seconds
[2026-03-22T04:41:22.040+0000] {processor.py:161} INFO - Started process (PID=2106) to work on /home/airflow/.local/lib/python3.12/site-packages/airflow/example_dags/example_setup_teardown.py
[2026-03-22T04:41:22.045+0000] {processor.py:830} INFO - Processing file /home/airflow/.local/lib/python3.12/site-packages/airflow/example_dags/example_setup_teardown.py for tasks to queue
[2026-03-22T04:41:22.064+0000] {logging_mixin.py:188} INFO - [2026-03-22T04:41:22.061+0000] {dagbag.py:545} INFO - Filling up the DagBag from /home/airflow/.local/lib/python3.12/site-packages/airflow/example_dags/example_setup_teardown.py
[2026-03-22T04:41:22.128+0000] {processor.py:840} INFO - DAG(s) 'example_setup_teardown' retrieved from /home/airflow/.local/lib/python3.12/site-packages/airflow/example_dags/example_setup_teardown.py
[2026-03-22T04:41:22.344+0000] {logging_mixin.py:188} INFO - [2026-03-22T04:41:22.341+0000] {dag.py:3096} INFO - Sync 1 DAGs
[2026-03-22T04:41:22.514+0000] {logging_mixin.py:188} INFO - [2026-03-22T04:41:22.511+0000] {dag.py:3954} INFO - Setting next_dagrun for example_setup_teardown to 2026-03-21 00:00:00+00:00, run_after=2026-03-22 00:00:00+00:00
[2026-03-22T04:41:22.934+0000] {processor.py:183} INFO - Processing /home/airflow/.local/lib/python3.12/site-packages/airflow/example_dags/example_setup_teardown.py took 0.941 seconds
[2026-03-22T04:42:03.449+0000] {processor.py:161} INFO - Started process (PID=2149) to work on /home/airflow/.local/lib/python3.12/site-packages/airflow/example_dags/example_setup_teardown.py
[2026-03-22T04:42:03.491+0000] {processor.py:830} INFO - Processing file /home/airflow/.local/lib/python3.12/site-packages/airflow/example_dags/example_setup_teardown.py for tasks to queue
[2026-03-22T04:42:03.700+0000] {logging_mixin.py:188} INFO - [2026-03-22T04:42:03.674+0000] {dagbag.py:545} INFO - Filling up the DagBag from /home/airflow/.local/lib/python3.12/site-packages/airflow/example_dags/example_setup_teardown.py
[2026-03-22T04:42:04.097+0000] {processor.py:840} INFO - DAG(s) 'example_setup_teardown' retrieved from /home/airflow/.local/lib/python3.12/site-packages/airflow/example_dags/example_setup_teardown.py
[2026-03-22T04:42:05.845+0000] {logging_mixin.py:188} INFO - [2026-03-22T04:42:05.800+0000] {dag.py:3096} INFO - Sync 1 DAGs
[2026-03-22T04:42:06.541+0000] {logging_mixin.py:188} INFO - [2026-03-22T04:42:06.531+0000] {dag.py:3954} INFO - Setting next_dagrun for example_setup_teardown to 2026-03-21 00:00:00+00:00, run_after=2026-03-22 00:00:00+00:00
[2026-03-22T04:42:07.061+0000] {processor.py:183} INFO - Processing /home/airflow/.local/lib/python3.12/site-packages/airflow/example_dags/example_setup_teardown.py took 3.939 seconds
[2026-03-22T04:42:37.614+0000] {processor.py:161} INFO - Started process (PID=2207) to work on /home/airflow/.local/lib/python3.12/site-packages/airflow/example_dags/example_setup_teardown.py
[2026-03-22T04:42:37.617+0000] {processor.py:830} INFO - Processing file /home/airflow/.local/lib/python3.12/site-packages/airflow/example_dags/example_setup_teardown.py for tasks to queue
[2026-03-22T04:42:37.623+0000] {logging_mixin.py:188} INFO - [2026-03-22T04:42:37.619+0000] {dagbag.py:545} INFO - Filling up the DagBag from /home/airflow/.local/lib/python3.12/site-packages/airflow/example_dags/example_setup_teardown.py
[2026-03-22T04:42:37.633+0000] {processor.py:840} INFO - DAG(s) 'example_setup_teardown' retrieved from /home/airflow/.local/lib/python3.12/site-packages/airflow/example_dags/example_setup_teardown.py
[2026-03-22T04:42:37.664+0000] {logging_mixin.py:188} INFO - [2026-03-22T04:42:37.663+0000] {dag.py:3096} INFO - Sync 1 DAGs
[2026-03-22T04:42:37.679+0000] {logging_mixin.py:188} INFO - [2026-03-22T04:42:37.679+0000] {dag.py:3954} INFO - Setting next_dagrun for example_setup_teardown to 2026-03-21 00:00:00+00:00, run_after=2026-03-22 00:00:00+00:00
[2026-03-22T04:42:37.697+0000] {processor.py:183} INFO - Processing /home/airflow/.local/lib/python3.12/site-packages/airflow/example_dags/example_setup_teardown.py took 0.090 seconds
