[2026-03-22T04:09:22.756+0000] {processor.py:161} INFO - Started process (PID=88) to work on /home/airflow/.local/lib/python3.12/site-packages/airflow/example_dags/example_subdag_operator.py
[2026-03-22T04:09:22.757+0000] {processor.py:830} INFO - Processing file /home/airflow/.local/lib/python3.12/site-packages/airflow/example_dags/example_subdag_operator.py for tasks to queue
[2026-03-22T04:09:22.759+0000] {logging_mixin.py:188} INFO - [2026-03-22T04:09:22.758+0000] {dagbag.py:545} INFO - Filling up the DagBag from /home/airflow/.local/lib/python3.12/site-packages/airflow/example_dags/example_subdag_operator.py
[2026-03-22T04:09:22.777+0000] {processor.py:840} INFO - DAG(s) 'example_subdag_operator.section-1', 'example_subdag_operator.section-2', 'example_subdag_operator' retrieved from /home/airflow/.local/lib/python3.12/site-packages/airflow/example_dags/example_subdag_operator.py
[2026-03-22T04:09:22.832+0000] {logging_mixin.py:188} INFO - [2026-03-22T04:09:22.832+0000] {dag.py:3096} INFO - Sync 3 DAGs
[2026-03-22T04:09:22.844+0000] {logging_mixin.py:188} INFO - [2026-03-22T04:09:22.843+0000] {dag.py:3954} INFO - Setting next_dagrun for example_subdag_operator to 2022-01-01 00:00:00+00:00, run_after=2022-01-01 00:00:00+00:00
[2026-03-22T04:09:22.845+0000] {logging_mixin.py:188} INFO - [2026-03-22T04:09:22.845+0000] {dag.py:3954} INFO - Setting next_dagrun for example_subdag_operator.section-1 to None, run_after=None
[2026-03-22T04:09:22.846+0000] {logging_mixin.py:188} INFO - [2026-03-22T04:09:22.845+0000] {dag.py:3954} INFO - Setting next_dagrun for example_subdag_operator.section-2 to None, run_after=None
[2026-03-22T04:09:22.850+0000] {logging_mixin.py:188} INFO - [2026-03-22T04:09:22.850+0000] {dag.py:3096} INFO - Sync 2 DAGs
[2026-03-22T04:09:22.853+0000] {logging_mixin.py:188} INFO - [2026-03-22T04:09:22.853+0000] {dag.py:3954} INFO - Setting next_dagrun for example_subdag_operator.section-1 to None, run_after=None
[2026-03-22T04:09:22.853+0000] {logging_mixin.py:188} INFO - [2026-03-22T04:09:22.853+0000] {dag.py:3954} INFO - Setting next_dagrun for example_subdag_operator.section-2 to None, run_after=None
[2026-03-22T04:09:22.860+0000] {processor.py:183} INFO - Processing /home/airflow/.local/lib/python3.12/site-packages/airflow/example_dags/example_subdag_operator.py took 0.109 seconds
[2026-03-22T04:09:53.960+0000] {processor.py:161} INFO - Started process (PID=146) to work on /home/airflow/.local/lib/python3.12/site-packages/airflow/example_dags/example_subdag_operator.py
[2026-03-22T04:09:53.961+0000] {processor.py:830} INFO - Processing file /home/airflow/.local/lib/python3.12/site-packages/airflow/example_dags/example_subdag_operator.py for tasks to queue
[2026-03-22T04:09:53.962+0000] {logging_mixin.py:188} INFO - [2026-03-22T04:09:53.962+0000] {dagbag.py:545} INFO - Filling up the DagBag from /home/airflow/.local/lib/python3.12/site-packages/airflow/example_dags/example_subdag_operator.py
[2026-03-22T04:09:53.976+0000] {processor.py:840} INFO - DAG(s) 'example_subdag_operator.section-1', 'example_subdag_operator.section-2', 'example_subdag_operator' retrieved from /home/airflow/.local/lib/python3.12/site-packages/airflow/example_dags/example_subdag_operator.py
[2026-03-22T04:09:53.984+0000] {logging_mixin.py:188} INFO - [2026-03-22T04:09:53.984+0000] {dag.py:3096} INFO - Sync 3 DAGs
[2026-03-22T04:09:53.999+0000] {logging_mixin.py:188} INFO - [2026-03-22T04:09:53.998+0000] {dag.py:3954} INFO - Setting next_dagrun for example_subdag_operator to 2022-01-01 00:00:00+00:00, run_after=2022-01-01 00:00:00+00:00
[2026-03-22T04:09:54.001+0000] {logging_mixin.py:188} INFO - [2026-03-22T04:09:54.001+0000] {dag.py:3954} INFO - Setting next_dagrun for example_subdag_operator.section-1 to None, run_after=None
[2026-03-22T04:09:54.002+0000] {logging_mixin.py:188} INFO - [2026-03-22T04:09:54.002+0000] {dag.py:3954} INFO - Setting next_dagrun for example_subdag_operator.section-2 to None, run_after=None
[2026-03-22T04:09:54.007+0000] {logging_mixin.py:188} INFO - [2026-03-22T04:09:54.007+0000] {dag.py:3096} INFO - Sync 2 DAGs
[2026-03-22T04:09:54.010+0000] {logging_mixin.py:188} INFO - [2026-03-22T04:09:54.010+0000] {dag.py:3954} INFO - Setting next_dagrun for example_subdag_operator.section-1 to None, run_after=None
[2026-03-22T04:09:54.010+0000] {logging_mixin.py:188} INFO - [2026-03-22T04:09:54.010+0000] {dag.py:3954} INFO - Setting next_dagrun for example_subdag_operator.section-2 to None, run_after=None
[2026-03-22T04:09:54.017+0000] {processor.py:183} INFO - Processing /home/airflow/.local/lib/python3.12/site-packages/airflow/example_dags/example_subdag_operator.py took 0.060 seconds
[2026-03-22T04:10:24.882+0000] {processor.py:161} INFO - Started process (PID=204) to work on /home/airflow/.local/lib/python3.12/site-packages/airflow/example_dags/example_subdag_operator.py
[2026-03-22T04:10:24.883+0000] {processor.py:830} INFO - Processing file /home/airflow/.local/lib/python3.12/site-packages/airflow/example_dags/example_subdag_operator.py for tasks to queue
[2026-03-22T04:10:24.885+0000] {logging_mixin.py:188} INFO - [2026-03-22T04:10:24.885+0000] {dagbag.py:545} INFO - Filling up the DagBag from /home/airflow/.local/lib/python3.12/site-packages/airflow/example_dags/example_subdag_operator.py
[2026-03-22T04:10:24.900+0000] {processor.py:840} INFO - DAG(s) 'example_subdag_operator.section-1', 'example_subdag_operator.section-2', 'example_subdag_operator' retrieved from /home/airflow/.local/lib/python3.12/site-packages/airflow/example_dags/example_subdag_operator.py
[2026-03-22T04:10:24.910+0000] {logging_mixin.py:188} INFO - [2026-03-22T04:10:24.910+0000] {dag.py:3096} INFO - Sync 3 DAGs
[2026-03-22T04:10:24.923+0000] {logging_mixin.py:188} INFO - [2026-03-22T04:10:24.922+0000] {dag.py:3954} INFO - Setting next_dagrun for example_subdag_operator to 2022-01-01 00:00:00+00:00, run_after=2022-01-01 00:00:00+00:00
[2026-03-22T04:10:24.925+0000] {logging_mixin.py:188} INFO - [2026-03-22T04:10:24.925+0000] {dag.py:3954} INFO - Setting next_dagrun for example_subdag_operator.section-1 to None, run_after=None
[2026-03-22T04:10:24.926+0000] {logging_mixin.py:188} INFO - [2026-03-22T04:10:24.926+0000] {dag.py:3954} INFO - Setting next_dagrun for example_subdag_operator.section-2 to None, run_after=None
[2026-03-22T04:10:24.930+0000] {logging_mixin.py:188} INFO - [2026-03-22T04:10:24.930+0000] {dag.py:3096} INFO - Sync 2 DAGs
[2026-03-22T04:10:24.932+0000] {logging_mixin.py:188} INFO - [2026-03-22T04:10:24.932+0000] {dag.py:3954} INFO - Setting next_dagrun for example_subdag_operator.section-1 to None, run_after=None
[2026-03-22T04:10:24.932+0000] {logging_mixin.py:188} INFO - [2026-03-22T04:10:24.932+0000] {dag.py:3954} INFO - Setting next_dagrun for example_subdag_operator.section-2 to None, run_after=None
[2026-03-22T04:10:24.936+0000] {processor.py:183} INFO - Processing /home/airflow/.local/lib/python3.12/site-packages/airflow/example_dags/example_subdag_operator.py took 0.056 seconds
[2026-03-22T04:10:55.414+0000] {processor.py:161} INFO - Started process (PID=262) to work on /home/airflow/.local/lib/python3.12/site-packages/airflow/example_dags/example_subdag_operator.py
[2026-03-22T04:10:55.415+0000] {processor.py:830} INFO - Processing file /home/airflow/.local/lib/python3.12/site-packages/airflow/example_dags/example_subdag_operator.py for tasks to queue
[2026-03-22T04:10:55.416+0000] {logging_mixin.py:188} INFO - [2026-03-22T04:10:55.416+0000] {dagbag.py:545} INFO - Filling up the DagBag from /home/airflow/.local/lib/python3.12/site-packages/airflow/example_dags/example_subdag_operator.py
[2026-03-22T04:10:55.433+0000] {processor.py:840} INFO - DAG(s) 'example_subdag_operator.section-1', 'example_subdag_operator.section-2', 'example_subdag_operator' retrieved from /home/airflow/.local/lib/python3.12/site-packages/airflow/example_dags/example_subdag_operator.py
[2026-03-22T04:10:55.441+0000] {logging_mixin.py:188} INFO - [2026-03-22T04:10:55.441+0000] {dag.py:3096} INFO - Sync 3 DAGs
[2026-03-22T04:10:55.450+0000] {logging_mixin.py:188} INFO - [2026-03-22T04:10:55.450+0000] {dag.py:3954} INFO - Setting next_dagrun for example_subdag_operator to 2022-01-01 00:00:00+00:00, run_after=2022-01-01 00:00:00+00:00
[2026-03-22T04:10:55.454+0000] {logging_mixin.py:188} INFO - [2026-03-22T04:10:55.454+0000] {dag.py:3954} INFO - Setting next_dagrun for example_subdag_operator.section-1 to None, run_after=None
[2026-03-22T04:10:55.456+0000] {logging_mixin.py:188} INFO - [2026-03-22T04:10:55.456+0000] {dag.py:3954} INFO - Setting next_dagrun for example_subdag_operator.section-2 to None, run_after=None
[2026-03-22T04:10:55.459+0000] {logging_mixin.py:188} INFO - [2026-03-22T04:10:55.459+0000] {dag.py:3096} INFO - Sync 2 DAGs
[2026-03-22T04:10:55.461+0000] {logging_mixin.py:188} INFO - [2026-03-22T04:10:55.461+0000] {dag.py:3954} INFO - Setting next_dagrun for example_subdag_operator.section-1 to None, run_after=None
[2026-03-22T04:10:55.461+0000] {logging_mixin.py:188} INFO - [2026-03-22T04:10:55.461+0000] {dag.py:3954} INFO - Setting next_dagrun for example_subdag_operator.section-2 to None, run_after=None
[2026-03-22T04:10:55.465+0000] {processor.py:183} INFO - Processing /home/airflow/.local/lib/python3.12/site-packages/airflow/example_dags/example_subdag_operator.py took 0.054 seconds
[2026-03-22T04:11:26.214+0000] {processor.py:161} INFO - Started process (PID=320) to work on /home/airflow/.local/lib/python3.12/site-packages/airflow/example_dags/example_subdag_operator.py
[2026-03-22T04:11:26.216+0000] {processor.py:830} INFO - Processing file /home/airflow/.local/lib/python3.12/site-packages/airflow/example_dags/example_subdag_operator.py for tasks to queue
[2026-03-22T04:11:26.217+0000] {logging_mixin.py:188} INFO - [2026-03-22T04:11:26.217+0000] {dagbag.py:545} INFO - Filling up the DagBag from /home/airflow/.local/lib/python3.12/site-packages/airflow/example_dags/example_subdag_operator.py
[2026-03-22T04:11:26.237+0000] {processor.py:840} INFO - DAG(s) 'example_subdag_operator.section-1', 'example_subdag_operator.section-2', 'example_subdag_operator' retrieved from /home/airflow/.local/lib/python3.12/site-packages/airflow/example_dags/example_subdag_operator.py
[2026-03-22T04:11:26.251+0000] {logging_mixin.py:188} INFO - [2026-03-22T04:11:26.251+0000] {dag.py:3096} INFO - Sync 3 DAGs
[2026-03-22T04:11:26.273+0000] {logging_mixin.py:188} INFO - [2026-03-22T04:11:26.273+0000] {dag.py:3954} INFO - Setting next_dagrun for example_subdag_operator to 2022-01-01 00:00:00+00:00, run_after=2022-01-01 00:00:00+00:00
[2026-03-22T04:11:26.276+0000] {logging_mixin.py:188} INFO - [2026-03-22T04:11:26.276+0000] {dag.py:3954} INFO - Setting next_dagrun for example_subdag_operator.section-1 to None, run_after=None
[2026-03-22T04:11:26.277+0000] {logging_mixin.py:188} INFO - [2026-03-22T04:11:26.276+0000] {dag.py:3954} INFO - Setting next_dagrun for example_subdag_operator.section-2 to None, run_after=None
[2026-03-22T04:11:26.281+0000] {logging_mixin.py:188} INFO - [2026-03-22T04:11:26.281+0000] {dag.py:3096} INFO - Sync 2 DAGs
[2026-03-22T04:11:26.284+0000] {logging_mixin.py:188} INFO - [2026-03-22T04:11:26.284+0000] {dag.py:3954} INFO - Setting next_dagrun for example_subdag_operator.section-1 to None, run_after=None
[2026-03-22T04:11:26.285+0000] {logging_mixin.py:188} INFO - [2026-03-22T04:11:26.285+0000] {dag.py:3954} INFO - Setting next_dagrun for example_subdag_operator.section-2 to None, run_after=None
[2026-03-22T04:11:26.292+0000] {processor.py:183} INFO - Processing /home/airflow/.local/lib/python3.12/site-packages/airflow/example_dags/example_subdag_operator.py took 0.081 seconds
[2026-03-22T04:11:56.539+0000] {processor.py:161} INFO - Started process (PID=378) to work on /home/airflow/.local/lib/python3.12/site-packages/airflow/example_dags/example_subdag_operator.py
[2026-03-22T04:11:56.540+0000] {processor.py:830} INFO - Processing file /home/airflow/.local/lib/python3.12/site-packages/airflow/example_dags/example_subdag_operator.py for tasks to queue
[2026-03-22T04:11:56.543+0000] {logging_mixin.py:188} INFO - [2026-03-22T04:11:56.543+0000] {dagbag.py:545} INFO - Filling up the DagBag from /home/airflow/.local/lib/python3.12/site-packages/airflow/example_dags/example_subdag_operator.py
[2026-03-22T04:11:56.556+0000] {processor.py:840} INFO - DAG(s) 'example_subdag_operator.section-1', 'example_subdag_operator.section-2', 'example_subdag_operator' retrieved from /home/airflow/.local/lib/python3.12/site-packages/airflow/example_dags/example_subdag_operator.py
[2026-03-22T04:11:56.563+0000] {logging_mixin.py:188} INFO - [2026-03-22T04:11:56.563+0000] {dag.py:3096} INFO - Sync 3 DAGs
[2026-03-22T04:11:56.580+0000] {logging_mixin.py:188} INFO - [2026-03-22T04:11:56.580+0000] {dag.py:3954} INFO - Setting next_dagrun for example_subdag_operator to 2022-01-01 00:00:00+00:00, run_after=2022-01-01 00:00:00+00:00
[2026-03-22T04:11:56.582+0000] {logging_mixin.py:188} INFO - [2026-03-22T04:11:56.582+0000] {dag.py:3954} INFO - Setting next_dagrun for example_subdag_operator.section-1 to None, run_after=None
[2026-03-22T04:11:56.583+0000] {logging_mixin.py:188} INFO - [2026-03-22T04:11:56.583+0000] {dag.py:3954} INFO - Setting next_dagrun for example_subdag_operator.section-2 to None, run_after=None
[2026-03-22T04:11:56.588+0000] {logging_mixin.py:188} INFO - [2026-03-22T04:11:56.588+0000] {dag.py:3096} INFO - Sync 2 DAGs
[2026-03-22T04:11:56.592+0000] {logging_mixin.py:188} INFO - [2026-03-22T04:11:56.592+0000] {dag.py:3954} INFO - Setting next_dagrun for example_subdag_operator.section-1 to None, run_after=None
[2026-03-22T04:11:56.592+0000] {logging_mixin.py:188} INFO - [2026-03-22T04:11:56.592+0000] {dag.py:3954} INFO - Setting next_dagrun for example_subdag_operator.section-2 to None, run_after=None
[2026-03-22T04:11:56.601+0000] {processor.py:183} INFO - Processing /home/airflow/.local/lib/python3.12/site-packages/airflow/example_dags/example_subdag_operator.py took 0.067 seconds
[2026-03-22T04:12:27.064+0000] {processor.py:161} INFO - Started process (PID=436) to work on /home/airflow/.local/lib/python3.12/site-packages/airflow/example_dags/example_subdag_operator.py
[2026-03-22T04:12:27.065+0000] {processor.py:830} INFO - Processing file /home/airflow/.local/lib/python3.12/site-packages/airflow/example_dags/example_subdag_operator.py for tasks to queue
[2026-03-22T04:12:27.066+0000] {logging_mixin.py:188} INFO - [2026-03-22T04:12:27.066+0000] {dagbag.py:545} INFO - Filling up the DagBag from /home/airflow/.local/lib/python3.12/site-packages/airflow/example_dags/example_subdag_operator.py
[2026-03-22T04:12:27.081+0000] {processor.py:840} INFO - DAG(s) 'example_subdag_operator.section-1', 'example_subdag_operator.section-2', 'example_subdag_operator' retrieved from /home/airflow/.local/lib/python3.12/site-packages/airflow/example_dags/example_subdag_operator.py
[2026-03-22T04:12:27.093+0000] {logging_mixin.py:188} INFO - [2026-03-22T04:12:27.093+0000] {dag.py:3096} INFO - Sync 3 DAGs
[2026-03-22T04:12:27.106+0000] {logging_mixin.py:188} INFO - [2026-03-22T04:12:27.105+0000] {dag.py:3954} INFO - Setting next_dagrun for example_subdag_operator to 2022-01-01 00:00:00+00:00, run_after=2022-01-01 00:00:00+00:00
[2026-03-22T04:12:27.109+0000] {logging_mixin.py:188} INFO - [2026-03-22T04:12:27.109+0000] {dag.py:3954} INFO - Setting next_dagrun for example_subdag_operator.section-1 to None, run_after=None
[2026-03-22T04:12:27.110+0000] {logging_mixin.py:188} INFO - [2026-03-22T04:12:27.110+0000] {dag.py:3954} INFO - Setting next_dagrun for example_subdag_operator.section-2 to None, run_after=None
[2026-03-22T04:12:27.113+0000] {logging_mixin.py:188} INFO - [2026-03-22T04:12:27.113+0000] {dag.py:3096} INFO - Sync 2 DAGs
[2026-03-22T04:12:27.117+0000] {logging_mixin.py:188} INFO - [2026-03-22T04:12:27.116+0000] {dag.py:3954} INFO - Setting next_dagrun for example_subdag_operator.section-1 to None, run_after=None
[2026-03-22T04:12:27.117+0000] {logging_mixin.py:188} INFO - [2026-03-22T04:12:27.117+0000] {dag.py:3954} INFO - Setting next_dagrun for example_subdag_operator.section-2 to None, run_after=None
[2026-03-22T04:12:27.122+0000] {processor.py:183} INFO - Processing /home/airflow/.local/lib/python3.12/site-packages/airflow/example_dags/example_subdag_operator.py took 0.065 seconds
[2026-03-22T04:12:57.589+0000] {processor.py:161} INFO - Started process (PID=494) to work on /home/airflow/.local/lib/python3.12/site-packages/airflow/example_dags/example_subdag_operator.py
[2026-03-22T04:12:57.591+0000] {processor.py:830} INFO - Processing file /home/airflow/.local/lib/python3.12/site-packages/airflow/example_dags/example_subdag_operator.py for tasks to queue
[2026-03-22T04:12:57.592+0000] {logging_mixin.py:188} INFO - [2026-03-22T04:12:57.591+0000] {dagbag.py:545} INFO - Filling up the DagBag from /home/airflow/.local/lib/python3.12/site-packages/airflow/example_dags/example_subdag_operator.py
[2026-03-22T04:12:57.604+0000] {processor.py:840} INFO - DAG(s) 'example_subdag_operator.section-1', 'example_subdag_operator.section-2', 'example_subdag_operator' retrieved from /home/airflow/.local/lib/python3.12/site-packages/airflow/example_dags/example_subdag_operator.py
[2026-03-22T04:12:57.611+0000] {logging_mixin.py:188} INFO - [2026-03-22T04:12:57.611+0000] {dag.py:3096} INFO - Sync 3 DAGs
[2026-03-22T04:12:57.625+0000] {logging_mixin.py:188} INFO - [2026-03-22T04:12:57.625+0000] {dag.py:3954} INFO - Setting next_dagrun for example_subdag_operator to 2022-01-01 00:00:00+00:00, run_after=2022-01-01 00:00:00+00:00
[2026-03-22T04:12:57.628+0000] {logging_mixin.py:188} INFO - [2026-03-22T04:12:57.628+0000] {dag.py:3954} INFO - Setting next_dagrun for example_subdag_operator.section-1 to None, run_after=None
[2026-03-22T04:12:57.628+0000] {logging_mixin.py:188} INFO - [2026-03-22T04:12:57.628+0000] {dag.py:3954} INFO - Setting next_dagrun for example_subdag_operator.section-2 to None, run_after=None
[2026-03-22T04:12:57.632+0000] {logging_mixin.py:188} INFO - [2026-03-22T04:12:57.631+0000] {dag.py:3096} INFO - Sync 2 DAGs
[2026-03-22T04:12:57.634+0000] {logging_mixin.py:188} INFO - [2026-03-22T04:12:57.634+0000] {dag.py:3954} INFO - Setting next_dagrun for example_subdag_operator.section-1 to None, run_after=None
[2026-03-22T04:12:57.634+0000] {logging_mixin.py:188} INFO - [2026-03-22T04:12:57.634+0000] {dag.py:3954} INFO - Setting next_dagrun for example_subdag_operator.section-2 to None, run_after=None
[2026-03-22T04:12:57.638+0000] {processor.py:183} INFO - Processing /home/airflow/.local/lib/python3.12/site-packages/airflow/example_dags/example_subdag_operator.py took 0.052 seconds
[2026-03-22T04:13:28.595+0000] {processor.py:161} INFO - Started process (PID=552) to work on /home/airflow/.local/lib/python3.12/site-packages/airflow/example_dags/example_subdag_operator.py
[2026-03-22T04:13:28.595+0000] {processor.py:830} INFO - Processing file /home/airflow/.local/lib/python3.12/site-packages/airflow/example_dags/example_subdag_operator.py for tasks to queue
[2026-03-22T04:13:28.596+0000] {logging_mixin.py:188} INFO - [2026-03-22T04:13:28.596+0000] {dagbag.py:545} INFO - Filling up the DagBag from /home/airflow/.local/lib/python3.12/site-packages/airflow/example_dags/example_subdag_operator.py
[2026-03-22T04:13:28.611+0000] {processor.py:840} INFO - DAG(s) 'example_subdag_operator.section-1', 'example_subdag_operator.section-2', 'example_subdag_operator' retrieved from /home/airflow/.local/lib/python3.12/site-packages/airflow/example_dags/example_subdag_operator.py
[2026-03-22T04:13:28.619+0000] {logging_mixin.py:188} INFO - [2026-03-22T04:13:28.619+0000] {dag.py:3096} INFO - Sync 3 DAGs
[2026-03-22T04:13:28.635+0000] {logging_mixin.py:188} INFO - [2026-03-22T04:13:28.635+0000] {dag.py:3954} INFO - Setting next_dagrun for example_subdag_operator to 2022-01-01 00:00:00+00:00, run_after=2022-01-01 00:00:00+00:00
[2026-03-22T04:13:28.638+0000] {logging_mixin.py:188} INFO - [2026-03-22T04:13:28.638+0000] {dag.py:3954} INFO - Setting next_dagrun for example_subdag_operator.section-1 to None, run_after=None
[2026-03-22T04:13:28.638+0000] {logging_mixin.py:188} INFO - [2026-03-22T04:13:28.638+0000] {dag.py:3954} INFO - Setting next_dagrun for example_subdag_operator.section-2 to None, run_after=None
[2026-03-22T04:13:28.642+0000] {logging_mixin.py:188} INFO - [2026-03-22T04:13:28.642+0000] {dag.py:3096} INFO - Sync 2 DAGs
[2026-03-22T04:13:28.644+0000] {logging_mixin.py:188} INFO - [2026-03-22T04:13:28.644+0000] {dag.py:3954} INFO - Setting next_dagrun for example_subdag_operator.section-1 to None, run_after=None
[2026-03-22T04:13:28.644+0000] {logging_mixin.py:188} INFO - [2026-03-22T04:13:28.644+0000] {dag.py:3954} INFO - Setting next_dagrun for example_subdag_operator.section-2 to None, run_after=None
[2026-03-22T04:13:28.649+0000] {processor.py:183} INFO - Processing /home/airflow/.local/lib/python3.12/site-packages/airflow/example_dags/example_subdag_operator.py took 0.059 seconds
[2026-03-22T04:13:59.170+0000] {processor.py:161} INFO - Started process (PID=610) to work on /home/airflow/.local/lib/python3.12/site-packages/airflow/example_dags/example_subdag_operator.py
[2026-03-22T04:13:59.171+0000] {processor.py:830} INFO - Processing file /home/airflow/.local/lib/python3.12/site-packages/airflow/example_dags/example_subdag_operator.py for tasks to queue
[2026-03-22T04:13:59.173+0000] {logging_mixin.py:188} INFO - [2026-03-22T04:13:59.172+0000] {dagbag.py:545} INFO - Filling up the DagBag from /home/airflow/.local/lib/python3.12/site-packages/airflow/example_dags/example_subdag_operator.py
[2026-03-22T04:13:59.197+0000] {processor.py:840} INFO - DAG(s) 'example_subdag_operator.section-1', 'example_subdag_operator.section-2', 'example_subdag_operator' retrieved from /home/airflow/.local/lib/python3.12/site-packages/airflow/example_dags/example_subdag_operator.py
[2026-03-22T04:13:59.210+0000] {logging_mixin.py:188} INFO - [2026-03-22T04:13:59.210+0000] {dag.py:3096} INFO - Sync 3 DAGs
[2026-03-22T04:13:59.229+0000] {logging_mixin.py:188} INFO - [2026-03-22T04:13:59.229+0000] {dag.py:3954} INFO - Setting next_dagrun for example_subdag_operator to 2022-01-01 00:00:00+00:00, run_after=2022-01-01 00:00:00+00:00
[2026-03-22T04:13:59.231+0000] {logging_mixin.py:188} INFO - [2026-03-22T04:13:59.231+0000] {dag.py:3954} INFO - Setting next_dagrun for example_subdag_operator.section-1 to None, run_after=None
[2026-03-22T04:13:59.232+0000] {logging_mixin.py:188} INFO - [2026-03-22T04:13:59.232+0000] {dag.py:3954} INFO - Setting next_dagrun for example_subdag_operator.section-2 to None, run_after=None
[2026-03-22T04:13:59.235+0000] {logging_mixin.py:188} INFO - [2026-03-22T04:13:59.235+0000] {dag.py:3096} INFO - Sync 2 DAGs
[2026-03-22T04:13:59.238+0000] {logging_mixin.py:188} INFO - [2026-03-22T04:13:59.238+0000] {dag.py:3954} INFO - Setting next_dagrun for example_subdag_operator.section-1 to None, run_after=None
[2026-03-22T04:13:59.238+0000] {logging_mixin.py:188} INFO - [2026-03-22T04:13:59.238+0000] {dag.py:3954} INFO - Setting next_dagrun for example_subdag_operator.section-2 to None, run_after=None
[2026-03-22T04:13:59.243+0000] {processor.py:183} INFO - Processing /home/airflow/.local/lib/python3.12/site-packages/airflow/example_dags/example_subdag_operator.py took 0.080 seconds
[2026-03-22T04:14:30.187+0000] {processor.py:161} INFO - Started process (PID=667) to work on /home/airflow/.local/lib/python3.12/site-packages/airflow/example_dags/example_subdag_operator.py
[2026-03-22T04:14:30.188+0000] {processor.py:830} INFO - Processing file /home/airflow/.local/lib/python3.12/site-packages/airflow/example_dags/example_subdag_operator.py for tasks to queue
[2026-03-22T04:14:30.189+0000] {logging_mixin.py:188} INFO - [2026-03-22T04:14:30.189+0000] {dagbag.py:545} INFO - Filling up the DagBag from /home/airflow/.local/lib/python3.12/site-packages/airflow/example_dags/example_subdag_operator.py
[2026-03-22T04:14:30.210+0000] {processor.py:840} INFO - DAG(s) 'example_subdag_operator.section-1', 'example_subdag_operator.section-2', 'example_subdag_operator' retrieved from /home/airflow/.local/lib/python3.12/site-packages/airflow/example_dags/example_subdag_operator.py
[2026-03-22T04:14:30.220+0000] {logging_mixin.py:188} INFO - [2026-03-22T04:14:30.220+0000] {dag.py:3096} INFO - Sync 3 DAGs
[2026-03-22T04:14:30.236+0000] {logging_mixin.py:188} INFO - [2026-03-22T04:14:30.236+0000] {dag.py:3954} INFO - Setting next_dagrun for example_subdag_operator to 2022-01-01 00:00:00+00:00, run_after=2022-01-01 00:00:00+00:00
[2026-03-22T04:14:30.238+0000] {logging_mixin.py:188} INFO - [2026-03-22T04:14:30.238+0000] {dag.py:3954} INFO - Setting next_dagrun for example_subdag_operator.section-1 to None, run_after=None
[2026-03-22T04:14:30.238+0000] {logging_mixin.py:188} INFO - [2026-03-22T04:14:30.238+0000] {dag.py:3954} INFO - Setting next_dagrun for example_subdag_operator.section-2 to None, run_after=None
[2026-03-22T04:14:30.242+0000] {logging_mixin.py:188} INFO - [2026-03-22T04:14:30.242+0000] {dag.py:3096} INFO - Sync 2 DAGs
[2026-03-22T04:14:30.246+0000] {logging_mixin.py:188} INFO - [2026-03-22T04:14:30.245+0000] {dag.py:3954} INFO - Setting next_dagrun for example_subdag_operator.section-1 to None, run_after=None
[2026-03-22T04:14:30.246+0000] {logging_mixin.py:188} INFO - [2026-03-22T04:14:30.246+0000] {dag.py:3954} INFO - Setting next_dagrun for example_subdag_operator.section-2 to None, run_after=None
[2026-03-22T04:14:30.255+0000] {processor.py:183} INFO - Processing /home/airflow/.local/lib/python3.12/site-packages/airflow/example_dags/example_subdag_operator.py took 0.072 seconds
[2026-03-22T04:15:00.288+0000] {processor.py:161} INFO - Started process (PID=725) to work on /home/airflow/.local/lib/python3.12/site-packages/airflow/example_dags/example_subdag_operator.py
[2026-03-22T04:15:00.289+0000] {processor.py:830} INFO - Processing file /home/airflow/.local/lib/python3.12/site-packages/airflow/example_dags/example_subdag_operator.py for tasks to queue
[2026-03-22T04:15:00.291+0000] {logging_mixin.py:188} INFO - [2026-03-22T04:15:00.290+0000] {dagbag.py:545} INFO - Filling up the DagBag from /home/airflow/.local/lib/python3.12/site-packages/airflow/example_dags/example_subdag_operator.py
[2026-03-22T04:15:00.349+0000] {processor.py:840} INFO - DAG(s) 'example_subdag_operator.section-1', 'example_subdag_operator.section-2', 'example_subdag_operator' retrieved from /home/airflow/.local/lib/python3.12/site-packages/airflow/example_dags/example_subdag_operator.py
[2026-03-22T04:15:00.371+0000] {logging_mixin.py:188} INFO - [2026-03-22T04:15:00.370+0000] {dag.py:3096} INFO - Sync 3 DAGs
[2026-03-22T04:15:00.393+0000] {logging_mixin.py:188} INFO - [2026-03-22T04:15:00.393+0000] {dag.py:3954} INFO - Setting next_dagrun for example_subdag_operator to 2022-01-01 00:00:00+00:00, run_after=2022-01-01 00:00:00+00:00
[2026-03-22T04:15:00.398+0000] {logging_mixin.py:188} INFO - [2026-03-22T04:15:00.397+0000] {dag.py:3954} INFO - Setting next_dagrun for example_subdag_operator.section-1 to None, run_after=None
[2026-03-22T04:15:00.399+0000] {logging_mixin.py:188} INFO - [2026-03-22T04:15:00.399+0000] {dag.py:3954} INFO - Setting next_dagrun for example_subdag_operator.section-2 to None, run_after=None
[2026-03-22T04:15:00.408+0000] {logging_mixin.py:188} INFO - [2026-03-22T04:15:00.407+0000] {dag.py:3096} INFO - Sync 2 DAGs
[2026-03-22T04:15:00.412+0000] {logging_mixin.py:188} INFO - [2026-03-22T04:15:00.412+0000] {dag.py:3954} INFO - Setting next_dagrun for example_subdag_operator.section-1 to None, run_after=None
[2026-03-22T04:15:00.413+0000] {logging_mixin.py:188} INFO - [2026-03-22T04:15:00.413+0000] {dag.py:3954} INFO - Setting next_dagrun for example_subdag_operator.section-2 to None, run_after=None
[2026-03-22T04:15:00.446+0000] {processor.py:183} INFO - Processing /home/airflow/.local/lib/python3.12/site-packages/airflow/example_dags/example_subdag_operator.py took 0.167 seconds
[2026-03-22T04:15:31.037+0000] {processor.py:161} INFO - Started process (PID=783) to work on /home/airflow/.local/lib/python3.12/site-packages/airflow/example_dags/example_subdag_operator.py
[2026-03-22T04:15:31.039+0000] {processor.py:830} INFO - Processing file /home/airflow/.local/lib/python3.12/site-packages/airflow/example_dags/example_subdag_operator.py for tasks to queue
[2026-03-22T04:15:31.040+0000] {logging_mixin.py:188} INFO - [2026-03-22T04:15:31.040+0000] {dagbag.py:545} INFO - Filling up the DagBag from /home/airflow/.local/lib/python3.12/site-packages/airflow/example_dags/example_subdag_operator.py
[2026-03-22T04:15:31.057+0000] {processor.py:840} INFO - DAG(s) 'example_subdag_operator.section-1', 'example_subdag_operator.section-2', 'example_subdag_operator' retrieved from /home/airflow/.local/lib/python3.12/site-packages/airflow/example_dags/example_subdag_operator.py
[2026-03-22T04:15:31.069+0000] {logging_mixin.py:188} INFO - [2026-03-22T04:15:31.069+0000] {dag.py:3096} INFO - Sync 3 DAGs
[2026-03-22T04:15:31.083+0000] {logging_mixin.py:188} INFO - [2026-03-22T04:15:31.083+0000] {dag.py:3954} INFO - Setting next_dagrun for example_subdag_operator to 2022-01-01 00:00:00+00:00, run_after=2022-01-01 00:00:00+00:00
[2026-03-22T04:15:31.085+0000] {logging_mixin.py:188} INFO - [2026-03-22T04:15:31.085+0000] {dag.py:3954} INFO - Setting next_dagrun for example_subdag_operator.section-1 to None, run_after=None
[2026-03-22T04:15:31.086+0000] {logging_mixin.py:188} INFO - [2026-03-22T04:15:31.086+0000] {dag.py:3954} INFO - Setting next_dagrun for example_subdag_operator.section-2 to None, run_after=None
[2026-03-22T04:15:31.091+0000] {logging_mixin.py:188} INFO - [2026-03-22T04:15:31.091+0000] {dag.py:3096} INFO - Sync 2 DAGs
[2026-03-22T04:15:31.093+0000] {logging_mixin.py:188} INFO - [2026-03-22T04:15:31.093+0000] {dag.py:3954} INFO - Setting next_dagrun for example_subdag_operator.section-1 to None, run_after=None
[2026-03-22T04:15:31.094+0000] {logging_mixin.py:188} INFO - [2026-03-22T04:15:31.093+0000] {dag.py:3954} INFO - Setting next_dagrun for example_subdag_operator.section-2 to None, run_after=None
[2026-03-22T04:15:31.100+0000] {processor.py:183} INFO - Processing /home/airflow/.local/lib/python3.12/site-packages/airflow/example_dags/example_subdag_operator.py took 0.067 seconds
[2026-03-22T04:16:01.614+0000] {processor.py:161} INFO - Started process (PID=841) to work on /home/airflow/.local/lib/python3.12/site-packages/airflow/example_dags/example_subdag_operator.py
[2026-03-22T04:16:01.616+0000] {processor.py:830} INFO - Processing file /home/airflow/.local/lib/python3.12/site-packages/airflow/example_dags/example_subdag_operator.py for tasks to queue
[2026-03-22T04:16:01.618+0000] {logging_mixin.py:188} INFO - [2026-03-22T04:16:01.617+0000] {dagbag.py:545} INFO - Filling up the DagBag from /home/airflow/.local/lib/python3.12/site-packages/airflow/example_dags/example_subdag_operator.py
[2026-03-22T04:16:01.639+0000] {processor.py:840} INFO - DAG(s) 'example_subdag_operator.section-1', 'example_subdag_operator.section-2', 'example_subdag_operator' retrieved from /home/airflow/.local/lib/python3.12/site-packages/airflow/example_dags/example_subdag_operator.py
[2026-03-22T04:16:01.654+0000] {logging_mixin.py:188} INFO - [2026-03-22T04:16:01.654+0000] {dag.py:3096} INFO - Sync 3 DAGs
[2026-03-22T04:16:01.681+0000] {logging_mixin.py:188} INFO - [2026-03-22T04:16:01.681+0000] {dag.py:3954} INFO - Setting next_dagrun for example_subdag_operator to 2022-01-01 00:00:00+00:00, run_after=2022-01-01 00:00:00+00:00
[2026-03-22T04:16:01.686+0000] {logging_mixin.py:188} INFO - [2026-03-22T04:16:01.686+0000] {dag.py:3954} INFO - Setting next_dagrun for example_subdag_operator.section-1 to None, run_after=None
[2026-03-22T04:16:01.688+0000] {logging_mixin.py:188} INFO - [2026-03-22T04:16:01.688+0000] {dag.py:3954} INFO - Setting next_dagrun for example_subdag_operator.section-2 to None, run_after=None
[2026-03-22T04:16:01.694+0000] {logging_mixin.py:188} INFO - [2026-03-22T04:16:01.694+0000] {dag.py:3096} INFO - Sync 2 DAGs
[2026-03-22T04:16:01.705+0000] {logging_mixin.py:188} INFO - [2026-03-22T04:16:01.705+0000] {dag.py:3954} INFO - Setting next_dagrun for example_subdag_operator.section-1 to None, run_after=None
[2026-03-22T04:16:01.706+0000] {logging_mixin.py:188} INFO - [2026-03-22T04:16:01.706+0000] {dag.py:3954} INFO - Setting next_dagrun for example_subdag_operator.section-2 to None, run_after=None
[2026-03-22T04:16:01.719+0000] {processor.py:183} INFO - Processing /home/airflow/.local/lib/python3.12/site-packages/airflow/example_dags/example_subdag_operator.py took 0.109 seconds
[2026-03-22T04:17:02.603+0000] {processor.py:161} INFO - Started process (PID=900) to work on /home/airflow/.local/lib/python3.12/site-packages/airflow/example_dags/example_subdag_operator.py
[2026-03-22T04:17:02.604+0000] {processor.py:830} INFO - Processing file /home/airflow/.local/lib/python3.12/site-packages/airflow/example_dags/example_subdag_operator.py for tasks to queue
[2026-03-22T04:17:02.613+0000] {logging_mixin.py:188} INFO - [2026-03-22T04:17:02.607+0000] {dagbag.py:545} INFO - Filling up the DagBag from /home/airflow/.local/lib/python3.12/site-packages/airflow/example_dags/example_subdag_operator.py
[2026-03-22T04:17:03.457+0000] {processor.py:840} INFO - DAG(s) 'example_subdag_operator.section-1', 'example_subdag_operator.section-2', 'example_subdag_operator' retrieved from /home/airflow/.local/lib/python3.12/site-packages/airflow/example_dags/example_subdag_operator.py
[2026-03-22T04:17:03.892+0000] {logging_mixin.py:188} INFO - [2026-03-22T04:17:03.830+0000] {dag.py:3096} INFO - Sync 3 DAGs
[2026-03-22T04:17:04.138+0000] {logging_mixin.py:188} INFO - [2026-03-22T04:17:04.122+0000] {dag.py:3954} INFO - Setting next_dagrun for example_subdag_operator to 2022-01-01 00:00:00+00:00, run_after=2022-01-01 00:00:00+00:00
[2026-03-22T04:17:04.401+0000] {logging_mixin.py:188} INFO - [2026-03-22T04:17:04.377+0000] {dag.py:3954} INFO - Setting next_dagrun for example_subdag_operator.section-1 to None, run_after=None
[2026-03-22T04:17:04.434+0000] {logging_mixin.py:188} INFO - [2026-03-22T04:17:04.433+0000] {dag.py:3954} INFO - Setting next_dagrun for example_subdag_operator.section-2 to None, run_after=None
[2026-03-22T04:17:04.658+0000] {logging_mixin.py:188} INFO - [2026-03-22T04:17:04.649+0000] {dag.py:3096} INFO - Sync 2 DAGs
[2026-03-22T04:17:04.906+0000] {logging_mixin.py:188} INFO - [2026-03-22T04:17:04.885+0000] {dag.py:3954} INFO - Setting next_dagrun for example_subdag_operator.section-1 to None, run_after=None
[2026-03-22T04:17:04.921+0000] {logging_mixin.py:188} INFO - [2026-03-22T04:17:04.921+0000] {dag.py:3954} INFO - Setting next_dagrun for example_subdag_operator.section-2 to None, run_after=None
[2026-03-22T04:17:05.205+0000] {processor.py:183} INFO - Processing /home/airflow/.local/lib/python3.12/site-packages/airflow/example_dags/example_subdag_operator.py took 2.617 seconds
[2026-03-22T04:17:40.725+0000] {processor.py:161} INFO - Started process (PID=957) to work on /home/airflow/.local/lib/python3.12/site-packages/airflow/example_dags/example_subdag_operator.py
[2026-03-22T04:17:40.727+0000] {processor.py:830} INFO - Processing file /home/airflow/.local/lib/python3.12/site-packages/airflow/example_dags/example_subdag_operator.py for tasks to queue
[2026-03-22T04:17:40.731+0000] {logging_mixin.py:188} INFO - [2026-03-22T04:17:40.730+0000] {dagbag.py:545} INFO - Filling up the DagBag from /home/airflow/.local/lib/python3.12/site-packages/airflow/example_dags/example_subdag_operator.py
[2026-03-22T04:17:40.853+0000] {processor.py:840} INFO - DAG(s) 'example_subdag_operator.section-1', 'example_subdag_operator.section-2', 'example_subdag_operator' retrieved from /home/airflow/.local/lib/python3.12/site-packages/airflow/example_dags/example_subdag_operator.py
[2026-03-22T04:17:41.012+0000] {logging_mixin.py:188} INFO - [2026-03-22T04:17:40.998+0000] {dag.py:3096} INFO - Sync 3 DAGs
[2026-03-22T04:17:41.402+0000] {logging_mixin.py:188} INFO - [2026-03-22T04:17:41.346+0000] {dag.py:3954} INFO - Setting next_dagrun for example_subdag_operator to 2022-01-01 00:00:00+00:00, run_after=2022-01-01 00:00:00+00:00
[2026-03-22T04:17:41.430+0000] {logging_mixin.py:188} INFO - [2026-03-22T04:17:41.429+0000] {dag.py:3954} INFO - Setting next_dagrun for example_subdag_operator.section-1 to None, run_after=None
[2026-03-22T04:17:41.433+0000] {logging_mixin.py:188} INFO - [2026-03-22T04:17:41.433+0000] {dag.py:3954} INFO - Setting next_dagrun for example_subdag_operator.section-2 to None, run_after=None
[2026-03-22T04:17:41.523+0000] {logging_mixin.py:188} INFO - [2026-03-22T04:17:41.512+0000] {dag.py:3096} INFO - Sync 2 DAGs
[2026-03-22T04:17:41.621+0000] {logging_mixin.py:188} INFO - [2026-03-22T04:17:41.610+0000] {dag.py:3954} INFO - Setting next_dagrun for example_subdag_operator.section-1 to None, run_after=None
[2026-03-22T04:17:41.639+0000] {logging_mixin.py:188} INFO - [2026-03-22T04:17:41.631+0000] {dag.py:3954} INFO - Setting next_dagrun for example_subdag_operator.section-2 to None, run_after=None
[2026-03-22T04:17:41.893+0000] {processor.py:183} INFO - Processing /home/airflow/.local/lib/python3.12/site-packages/airflow/example_dags/example_subdag_operator.py took 1.171 seconds
[2026-03-22T04:18:12.794+0000] {processor.py:161} INFO - Started process (PID=1014) to work on /home/airflow/.local/lib/python3.12/site-packages/airflow/example_dags/example_subdag_operator.py
[2026-03-22T04:18:12.796+0000] {processor.py:830} INFO - Processing file /home/airflow/.local/lib/python3.12/site-packages/airflow/example_dags/example_subdag_operator.py for tasks to queue
[2026-03-22T04:18:12.799+0000] {logging_mixin.py:188} INFO - [2026-03-22T04:18:12.798+0000] {dagbag.py:545} INFO - Filling up the DagBag from /home/airflow/.local/lib/python3.12/site-packages/airflow/example_dags/example_subdag_operator.py
[2026-03-22T04:18:12.867+0000] {processor.py:840} INFO - DAG(s) 'example_subdag_operator.section-1', 'example_subdag_operator.section-2', 'example_subdag_operator' retrieved from /home/airflow/.local/lib/python3.12/site-packages/airflow/example_dags/example_subdag_operator.py
[2026-03-22T04:18:12.914+0000] {logging_mixin.py:188} INFO - [2026-03-22T04:18:12.912+0000] {dag.py:3096} INFO - Sync 3 DAGs
[2026-03-22T04:18:12.964+0000] {logging_mixin.py:188} INFO - [2026-03-22T04:18:12.959+0000] {dag.py:3954} INFO - Setting next_dagrun for example_subdag_operator to 2022-01-01 00:00:00+00:00, run_after=2022-01-01 00:00:00+00:00
[2026-03-22T04:18:12.968+0000] {logging_mixin.py:188} INFO - [2026-03-22T04:18:12.968+0000] {dag.py:3954} INFO - Setting next_dagrun for example_subdag_operator.section-1 to None, run_after=None
[2026-03-22T04:18:12.969+0000] {logging_mixin.py:188} INFO - [2026-03-22T04:18:12.969+0000] {dag.py:3954} INFO - Setting next_dagrun for example_subdag_operator.section-2 to None, run_after=None
[2026-03-22T04:18:13.011+0000] {logging_mixin.py:188} INFO - [2026-03-22T04:18:13.005+0000] {dag.py:3096} INFO - Sync 2 DAGs
[2026-03-22T04:18:13.064+0000] {logging_mixin.py:188} INFO - [2026-03-22T04:18:13.059+0000] {dag.py:3954} INFO - Setting next_dagrun for example_subdag_operator.section-1 to None, run_after=None
[2026-03-22T04:18:13.065+0000] {logging_mixin.py:188} INFO - [2026-03-22T04:18:13.065+0000] {dag.py:3954} INFO - Setting next_dagrun for example_subdag_operator.section-2 to None, run_after=None
[2026-03-22T04:18:13.139+0000] {processor.py:183} INFO - Processing /home/airflow/.local/lib/python3.12/site-packages/airflow/example_dags/example_subdag_operator.py took 0.353 seconds
[2026-03-22T04:18:43.605+0000] {processor.py:161} INFO - Started process (PID=1070) to work on /home/airflow/.local/lib/python3.12/site-packages/airflow/example_dags/example_subdag_operator.py
[2026-03-22T04:18:43.608+0000] {processor.py:830} INFO - Processing file /home/airflow/.local/lib/python3.12/site-packages/airflow/example_dags/example_subdag_operator.py for tasks to queue
[2026-03-22T04:18:43.611+0000] {logging_mixin.py:188} INFO - [2026-03-22T04:18:43.610+0000] {dagbag.py:545} INFO - Filling up the DagBag from /home/airflow/.local/lib/python3.12/site-packages/airflow/example_dags/example_subdag_operator.py
[2026-03-22T04:18:43.656+0000] {processor.py:840} INFO - DAG(s) 'example_subdag_operator.section-1', 'example_subdag_operator.section-2', 'example_subdag_operator' retrieved from /home/airflow/.local/lib/python3.12/site-packages/airflow/example_dags/example_subdag_operator.py
[2026-03-22T04:18:43.665+0000] {logging_mixin.py:188} INFO - [2026-03-22T04:18:43.665+0000] {dag.py:3096} INFO - Sync 3 DAGs
[2026-03-22T04:18:43.683+0000] {logging_mixin.py:188} INFO - [2026-03-22T04:18:43.683+0000] {dag.py:3954} INFO - Setting next_dagrun for example_subdag_operator to 2022-01-01 00:00:00+00:00, run_after=2022-01-01 00:00:00+00:00
[2026-03-22T04:18:43.686+0000] {logging_mixin.py:188} INFO - [2026-03-22T04:18:43.685+0000] {dag.py:3954} INFO - Setting next_dagrun for example_subdag_operator.section-1 to None, run_after=None
[2026-03-22T04:18:43.686+0000] {logging_mixin.py:188} INFO - [2026-03-22T04:18:43.686+0000] {dag.py:3954} INFO - Setting next_dagrun for example_subdag_operator.section-2 to None, run_after=None
[2026-03-22T04:18:43.690+0000] {logging_mixin.py:188} INFO - [2026-03-22T04:18:43.690+0000] {dag.py:3096} INFO - Sync 2 DAGs
[2026-03-22T04:18:43.692+0000] {logging_mixin.py:188} INFO - [2026-03-22T04:18:43.692+0000] {dag.py:3954} INFO - Setting next_dagrun for example_subdag_operator.section-1 to None, run_after=None
[2026-03-22T04:18:43.692+0000] {logging_mixin.py:188} INFO - [2026-03-22T04:18:43.692+0000] {dag.py:3954} INFO - Setting next_dagrun for example_subdag_operator.section-2 to None, run_after=None
[2026-03-22T04:18:43.698+0000] {processor.py:183} INFO - Processing /home/airflow/.local/lib/python3.12/site-packages/airflow/example_dags/example_subdag_operator.py took 0.104 seconds
[2026-03-22T04:19:13.876+0000] {processor.py:161} INFO - Started process (PID=1128) to work on /home/airflow/.local/lib/python3.12/site-packages/airflow/example_dags/example_subdag_operator.py
[2026-03-22T04:19:13.878+0000] {processor.py:830} INFO - Processing file /home/airflow/.local/lib/python3.12/site-packages/airflow/example_dags/example_subdag_operator.py for tasks to queue
[2026-03-22T04:19:13.880+0000] {logging_mixin.py:188} INFO - [2026-03-22T04:19:13.879+0000] {dagbag.py:545} INFO - Filling up the DagBag from /home/airflow/.local/lib/python3.12/site-packages/airflow/example_dags/example_subdag_operator.py
[2026-03-22T04:19:13.902+0000] {processor.py:840} INFO - DAG(s) 'example_subdag_operator.section-1', 'example_subdag_operator.section-2', 'example_subdag_operator' retrieved from /home/airflow/.local/lib/python3.12/site-packages/airflow/example_dags/example_subdag_operator.py
[2026-03-22T04:19:13.917+0000] {logging_mixin.py:188} INFO - [2026-03-22T04:19:13.916+0000] {dag.py:3096} INFO - Sync 3 DAGs
[2026-03-22T04:19:13.928+0000] {logging_mixin.py:188} INFO - [2026-03-22T04:19:13.928+0000] {dag.py:3954} INFO - Setting next_dagrun for example_subdag_operator to 2022-01-01 00:00:00+00:00, run_after=2022-01-01 00:00:00+00:00
[2026-03-22T04:19:13.929+0000] {logging_mixin.py:188} INFO - [2026-03-22T04:19:13.929+0000] {dag.py:3954} INFO - Setting next_dagrun for example_subdag_operator.section-1 to None, run_after=None
[2026-03-22T04:19:13.930+0000] {logging_mixin.py:188} INFO - [2026-03-22T04:19:13.930+0000] {dag.py:3954} INFO - Setting next_dagrun for example_subdag_operator.section-2 to None, run_after=None
[2026-03-22T04:19:13.933+0000] {logging_mixin.py:188} INFO - [2026-03-22T04:19:13.933+0000] {dag.py:3096} INFO - Sync 2 DAGs
[2026-03-22T04:19:13.935+0000] {logging_mixin.py:188} INFO - [2026-03-22T04:19:13.935+0000] {dag.py:3954} INFO - Setting next_dagrun for example_subdag_operator.section-1 to None, run_after=None
[2026-03-22T04:19:13.935+0000] {logging_mixin.py:188} INFO - [2026-03-22T04:19:13.935+0000] {dag.py:3954} INFO - Setting next_dagrun for example_subdag_operator.section-2 to None, run_after=None
[2026-03-22T04:19:13.940+0000] {processor.py:183} INFO - Processing /home/airflow/.local/lib/python3.12/site-packages/airflow/example_dags/example_subdag_operator.py took 0.078 seconds
[2026-03-22T04:19:44.057+0000] {processor.py:161} INFO - Started process (PID=1186) to work on /home/airflow/.local/lib/python3.12/site-packages/airflow/example_dags/example_subdag_operator.py
[2026-03-22T04:19:44.057+0000] {processor.py:830} INFO - Processing file /home/airflow/.local/lib/python3.12/site-packages/airflow/example_dags/example_subdag_operator.py for tasks to queue
[2026-03-22T04:19:44.059+0000] {logging_mixin.py:188} INFO - [2026-03-22T04:19:44.058+0000] {dagbag.py:545} INFO - Filling up the DagBag from /home/airflow/.local/lib/python3.12/site-packages/airflow/example_dags/example_subdag_operator.py
[2026-03-22T04:19:44.075+0000] {processor.py:840} INFO - DAG(s) 'example_subdag_operator.section-1', 'example_subdag_operator.section-2', 'example_subdag_operator' retrieved from /home/airflow/.local/lib/python3.12/site-packages/airflow/example_dags/example_subdag_operator.py
[2026-03-22T04:19:44.083+0000] {logging_mixin.py:188} INFO - [2026-03-22T04:19:44.083+0000] {dag.py:3096} INFO - Sync 3 DAGs
[2026-03-22T04:19:44.101+0000] {logging_mixin.py:188} INFO - [2026-03-22T04:19:44.101+0000] {dag.py:3954} INFO - Setting next_dagrun for example_subdag_operator to 2022-01-01 00:00:00+00:00, run_after=2022-01-01 00:00:00+00:00
[2026-03-22T04:19:44.103+0000] {logging_mixin.py:188} INFO - [2026-03-22T04:19:44.103+0000] {dag.py:3954} INFO - Setting next_dagrun for example_subdag_operator.section-1 to None, run_after=None
[2026-03-22T04:19:44.103+0000] {logging_mixin.py:188} INFO - [2026-03-22T04:19:44.103+0000] {dag.py:3954} INFO - Setting next_dagrun for example_subdag_operator.section-2 to None, run_after=None
[2026-03-22T04:19:44.109+0000] {logging_mixin.py:188} INFO - [2026-03-22T04:19:44.109+0000] {dag.py:3096} INFO - Sync 2 DAGs
[2026-03-22T04:19:44.113+0000] {logging_mixin.py:188} INFO - [2026-03-22T04:19:44.113+0000] {dag.py:3954} INFO - Setting next_dagrun for example_subdag_operator.section-1 to None, run_after=None
[2026-03-22T04:19:44.113+0000] {logging_mixin.py:188} INFO - [2026-03-22T04:19:44.113+0000] {dag.py:3954} INFO - Setting next_dagrun for example_subdag_operator.section-2 to None, run_after=None
[2026-03-22T04:19:44.117+0000] {processor.py:183} INFO - Processing /home/airflow/.local/lib/python3.12/site-packages/airflow/example_dags/example_subdag_operator.py took 0.065 seconds
[2026-03-22T04:20:14.884+0000] {processor.py:161} INFO - Started process (PID=1244) to work on /home/airflow/.local/lib/python3.12/site-packages/airflow/example_dags/example_subdag_operator.py
[2026-03-22T04:20:14.886+0000] {processor.py:830} INFO - Processing file /home/airflow/.local/lib/python3.12/site-packages/airflow/example_dags/example_subdag_operator.py for tasks to queue
[2026-03-22T04:20:14.888+0000] {logging_mixin.py:188} INFO - [2026-03-22T04:20:14.888+0000] {dagbag.py:545} INFO - Filling up the DagBag from /home/airflow/.local/lib/python3.12/site-packages/airflow/example_dags/example_subdag_operator.py
[2026-03-22T04:20:14.910+0000] {processor.py:840} INFO - DAG(s) 'example_subdag_operator.section-1', 'example_subdag_operator.section-2', 'example_subdag_operator' retrieved from /home/airflow/.local/lib/python3.12/site-packages/airflow/example_dags/example_subdag_operator.py
[2026-03-22T04:20:14.921+0000] {logging_mixin.py:188} INFO - [2026-03-22T04:20:14.920+0000] {dag.py:3096} INFO - Sync 3 DAGs
[2026-03-22T04:20:14.938+0000] {logging_mixin.py:188} INFO - [2026-03-22T04:20:14.938+0000] {dag.py:3954} INFO - Setting next_dagrun for example_subdag_operator to 2022-01-01 00:00:00+00:00, run_after=2022-01-01 00:00:00+00:00
[2026-03-22T04:20:14.940+0000] {logging_mixin.py:188} INFO - [2026-03-22T04:20:14.940+0000] {dag.py:3954} INFO - Setting next_dagrun for example_subdag_operator.section-1 to None, run_after=None
[2026-03-22T04:20:14.940+0000] {logging_mixin.py:188} INFO - [2026-03-22T04:20:14.940+0000] {dag.py:3954} INFO - Setting next_dagrun for example_subdag_operator.section-2 to None, run_after=None
[2026-03-22T04:20:14.944+0000] {logging_mixin.py:188} INFO - [2026-03-22T04:20:14.944+0000] {dag.py:3096} INFO - Sync 2 DAGs
[2026-03-22T04:20:14.946+0000] {logging_mixin.py:188} INFO - [2026-03-22T04:20:14.946+0000] {dag.py:3954} INFO - Setting next_dagrun for example_subdag_operator.section-1 to None, run_after=None
[2026-03-22T04:20:14.946+0000] {logging_mixin.py:188} INFO - [2026-03-22T04:20:14.946+0000] {dag.py:3954} INFO - Setting next_dagrun for example_subdag_operator.section-2 to None, run_after=None
[2026-03-22T04:20:14.950+0000] {processor.py:183} INFO - Processing /home/airflow/.local/lib/python3.12/site-packages/airflow/example_dags/example_subdag_operator.py took 0.075 seconds
[2026-03-22T04:20:45.545+0000] {processor.py:161} INFO - Started process (PID=1302) to work on /home/airflow/.local/lib/python3.12/site-packages/airflow/example_dags/example_subdag_operator.py
[2026-03-22T04:20:45.546+0000] {processor.py:830} INFO - Processing file /home/airflow/.local/lib/python3.12/site-packages/airflow/example_dags/example_subdag_operator.py for tasks to queue
[2026-03-22T04:20:45.548+0000] {logging_mixin.py:188} INFO - [2026-03-22T04:20:45.547+0000] {dagbag.py:545} INFO - Filling up the DagBag from /home/airflow/.local/lib/python3.12/site-packages/airflow/example_dags/example_subdag_operator.py
[2026-03-22T04:20:45.570+0000] {processor.py:840} INFO - DAG(s) 'example_subdag_operator.section-1', 'example_subdag_operator.section-2', 'example_subdag_operator' retrieved from /home/airflow/.local/lib/python3.12/site-packages/airflow/example_dags/example_subdag_operator.py
[2026-03-22T04:20:45.581+0000] {logging_mixin.py:188} INFO - [2026-03-22T04:20:45.580+0000] {dag.py:3096} INFO - Sync 3 DAGs
[2026-03-22T04:20:45.592+0000] {logging_mixin.py:188} INFO - [2026-03-22T04:20:45.592+0000] {dag.py:3954} INFO - Setting next_dagrun for example_subdag_operator to 2022-01-01 00:00:00+00:00, run_after=2022-01-01 00:00:00+00:00
[2026-03-22T04:20:45.593+0000] {logging_mixin.py:188} INFO - [2026-03-22T04:20:45.593+0000] {dag.py:3954} INFO - Setting next_dagrun for example_subdag_operator.section-1 to None, run_after=None
[2026-03-22T04:20:45.594+0000] {logging_mixin.py:188} INFO - [2026-03-22T04:20:45.594+0000] {dag.py:3954} INFO - Setting next_dagrun for example_subdag_operator.section-2 to None, run_after=None
[2026-03-22T04:20:45.597+0000] {logging_mixin.py:188} INFO - [2026-03-22T04:20:45.597+0000] {dag.py:3096} INFO - Sync 2 DAGs
[2026-03-22T04:20:45.599+0000] {logging_mixin.py:188} INFO - [2026-03-22T04:20:45.599+0000] {dag.py:3954} INFO - Setting next_dagrun for example_subdag_operator.section-1 to None, run_after=None
[2026-03-22T04:20:45.599+0000] {logging_mixin.py:188} INFO - [2026-03-22T04:20:45.599+0000] {dag.py:3954} INFO - Setting next_dagrun for example_subdag_operator.section-2 to None, run_after=None
[2026-03-22T04:20:45.603+0000] {processor.py:183} INFO - Processing /home/airflow/.local/lib/python3.12/site-packages/airflow/example_dags/example_subdag_operator.py took 0.063 seconds
[2026-03-22T04:21:16.499+0000] {processor.py:161} INFO - Started process (PID=1359) to work on /home/airflow/.local/lib/python3.12/site-packages/airflow/example_dags/example_subdag_operator.py
[2026-03-22T04:21:16.501+0000] {processor.py:830} INFO - Processing file /home/airflow/.local/lib/python3.12/site-packages/airflow/example_dags/example_subdag_operator.py for tasks to queue
[2026-03-22T04:21:16.503+0000] {logging_mixin.py:188} INFO - [2026-03-22T04:21:16.502+0000] {dagbag.py:545} INFO - Filling up the DagBag from /home/airflow/.local/lib/python3.12/site-packages/airflow/example_dags/example_subdag_operator.py
[2026-03-22T04:21:16.530+0000] {processor.py:840} INFO - DAG(s) 'example_subdag_operator.section-1', 'example_subdag_operator.section-2', 'example_subdag_operator' retrieved from /home/airflow/.local/lib/python3.12/site-packages/airflow/example_dags/example_subdag_operator.py
[2026-03-22T04:21:16.540+0000] {logging_mixin.py:188} INFO - [2026-03-22T04:21:16.540+0000] {dag.py:3096} INFO - Sync 3 DAGs
[2026-03-22T04:21:16.559+0000] {logging_mixin.py:188} INFO - [2026-03-22T04:21:16.558+0000] {dag.py:3954} INFO - Setting next_dagrun for example_subdag_operator to 2022-01-01 00:00:00+00:00, run_after=2022-01-01 00:00:00+00:00
[2026-03-22T04:21:16.562+0000] {logging_mixin.py:188} INFO - [2026-03-22T04:21:16.562+0000] {dag.py:3954} INFO - Setting next_dagrun for example_subdag_operator.section-1 to None, run_after=None
[2026-03-22T04:21:16.563+0000] {logging_mixin.py:188} INFO - [2026-03-22T04:21:16.563+0000] {dag.py:3954} INFO - Setting next_dagrun for example_subdag_operator.section-2 to None, run_after=None
[2026-03-22T04:21:16.567+0000] {logging_mixin.py:188} INFO - [2026-03-22T04:21:16.567+0000] {dag.py:3096} INFO - Sync 2 DAGs
[2026-03-22T04:21:16.569+0000] {logging_mixin.py:188} INFO - [2026-03-22T04:21:16.569+0000] {dag.py:3954} INFO - Setting next_dagrun for example_subdag_operator.section-1 to None, run_after=None
[2026-03-22T04:21:16.569+0000] {logging_mixin.py:188} INFO - [2026-03-22T04:21:16.569+0000] {dag.py:3954} INFO - Setting next_dagrun for example_subdag_operator.section-2 to None, run_after=None
[2026-03-22T04:21:16.573+0000] {processor.py:183} INFO - Processing /home/airflow/.local/lib/python3.12/site-packages/airflow/example_dags/example_subdag_operator.py took 0.079 seconds
[2026-03-22T04:21:46.612+0000] {processor.py:161} INFO - Started process (PID=1417) to work on /home/airflow/.local/lib/python3.12/site-packages/airflow/example_dags/example_subdag_operator.py
[2026-03-22T04:21:46.614+0000] {processor.py:830} INFO - Processing file /home/airflow/.local/lib/python3.12/site-packages/airflow/example_dags/example_subdag_operator.py for tasks to queue
[2026-03-22T04:21:46.616+0000] {logging_mixin.py:188} INFO - [2026-03-22T04:21:46.615+0000] {dagbag.py:545} INFO - Filling up the DagBag from /home/airflow/.local/lib/python3.12/site-packages/airflow/example_dags/example_subdag_operator.py
[2026-03-22T04:21:46.632+0000] {processor.py:840} INFO - DAG(s) 'example_subdag_operator.section-1', 'example_subdag_operator.section-2', 'example_subdag_operator' retrieved from /home/airflow/.local/lib/python3.12/site-packages/airflow/example_dags/example_subdag_operator.py
[2026-03-22T04:21:46.647+0000] {logging_mixin.py:188} INFO - [2026-03-22T04:21:46.647+0000] {dag.py:3096} INFO - Sync 3 DAGs
[2026-03-22T04:21:46.659+0000] {logging_mixin.py:188} INFO - [2026-03-22T04:21:46.659+0000] {dag.py:3954} INFO - Setting next_dagrun for example_subdag_operator to 2022-01-01 00:00:00+00:00, run_after=2022-01-01 00:00:00+00:00
[2026-03-22T04:21:46.661+0000] {logging_mixin.py:188} INFO - [2026-03-22T04:21:46.661+0000] {dag.py:3954} INFO - Setting next_dagrun for example_subdag_operator.section-1 to None, run_after=None
[2026-03-22T04:21:46.662+0000] {logging_mixin.py:188} INFO - [2026-03-22T04:21:46.662+0000] {dag.py:3954} INFO - Setting next_dagrun for example_subdag_operator.section-2 to None, run_after=None
[2026-03-22T04:21:46.666+0000] {logging_mixin.py:188} INFO - [2026-03-22T04:21:46.666+0000] {dag.py:3096} INFO - Sync 2 DAGs
[2026-03-22T04:21:46.669+0000] {logging_mixin.py:188} INFO - [2026-03-22T04:21:46.669+0000] {dag.py:3954} INFO - Setting next_dagrun for example_subdag_operator.section-1 to None, run_after=None
[2026-03-22T04:21:46.669+0000] {logging_mixin.py:188} INFO - [2026-03-22T04:21:46.669+0000] {dag.py:3954} INFO - Setting next_dagrun for example_subdag_operator.section-2 to None, run_after=None
[2026-03-22T04:21:46.674+0000] {processor.py:183} INFO - Processing /home/airflow/.local/lib/python3.12/site-packages/airflow/example_dags/example_subdag_operator.py took 0.066 seconds
[2026-03-22T04:23:08.033+0000] {processor.py:161} INFO - Started process (PID=1485) to work on /home/airflow/.local/lib/python3.12/site-packages/airflow/example_dags/example_subdag_operator.py
[2026-03-22T04:23:08.036+0000] {processor.py:830} INFO - Processing file /home/airflow/.local/lib/python3.12/site-packages/airflow/example_dags/example_subdag_operator.py for tasks to queue
[2026-03-22T04:23:08.046+0000] {logging_mixin.py:188} INFO - [2026-03-22T04:23:08.045+0000] {dagbag.py:545} INFO - Filling up the DagBag from /home/airflow/.local/lib/python3.12/site-packages/airflow/example_dags/example_subdag_operator.py
[2026-03-22T04:23:08.165+0000] {processor.py:840} INFO - DAG(s) 'example_subdag_operator.section-1', 'example_subdag_operator.section-2', 'example_subdag_operator' retrieved from /home/airflow/.local/lib/python3.12/site-packages/airflow/example_dags/example_subdag_operator.py
[2026-03-22T04:23:08.217+0000] {logging_mixin.py:188} INFO - [2026-03-22T04:23:08.215+0000] {dag.py:3096} INFO - Sync 3 DAGs
[2026-03-22T04:23:08.269+0000] {logging_mixin.py:188} INFO - [2026-03-22T04:23:08.268+0000] {dag.py:3954} INFO - Setting next_dagrun for example_subdag_operator to 2022-01-01 00:00:00+00:00, run_after=2022-01-01 00:00:00+00:00
[2026-03-22T04:23:08.278+0000] {logging_mixin.py:188} INFO - [2026-03-22T04:23:08.278+0000] {dag.py:3954} INFO - Setting next_dagrun for example_subdag_operator.section-1 to None, run_after=None
[2026-03-22T04:23:08.280+0000] {logging_mixin.py:188} INFO - [2026-03-22T04:23:08.280+0000] {dag.py:3954} INFO - Setting next_dagrun for example_subdag_operator.section-2 to None, run_after=None
[2026-03-22T04:23:08.293+0000] {logging_mixin.py:188} INFO - [2026-03-22T04:23:08.292+0000] {dag.py:3096} INFO - Sync 2 DAGs
[2026-03-22T04:23:08.304+0000] {logging_mixin.py:188} INFO - [2026-03-22T04:23:08.303+0000] {dag.py:3954} INFO - Setting next_dagrun for example_subdag_operator.section-1 to None, run_after=None
[2026-03-22T04:23:08.307+0000] {logging_mixin.py:188} INFO - [2026-03-22T04:23:08.307+0000] {dag.py:3954} INFO - Setting next_dagrun for example_subdag_operator.section-2 to None, run_after=None
[2026-03-22T04:23:08.340+0000] {processor.py:183} INFO - Processing /home/airflow/.local/lib/python3.12/site-packages/airflow/example_dags/example_subdag_operator.py took 0.355 seconds
[2026-03-22T04:23:39.041+0000] {processor.py:161} INFO - Started process (PID=1542) to work on /home/airflow/.local/lib/python3.12/site-packages/airflow/example_dags/example_subdag_operator.py
[2026-03-22T04:23:39.043+0000] {processor.py:830} INFO - Processing file /home/airflow/.local/lib/python3.12/site-packages/airflow/example_dags/example_subdag_operator.py for tasks to queue
[2026-03-22T04:23:39.047+0000] {logging_mixin.py:188} INFO - [2026-03-22T04:23:39.046+0000] {dagbag.py:545} INFO - Filling up the DagBag from /home/airflow/.local/lib/python3.12/site-packages/airflow/example_dags/example_subdag_operator.py
[2026-03-22T04:23:39.086+0000] {processor.py:840} INFO - DAG(s) 'example_subdag_operator.section-1', 'example_subdag_operator.section-2', 'example_subdag_operator' retrieved from /home/airflow/.local/lib/python3.12/site-packages/airflow/example_dags/example_subdag_operator.py
[2026-03-22T04:23:39.116+0000] {logging_mixin.py:188} INFO - [2026-03-22T04:23:39.116+0000] {dag.py:3096} INFO - Sync 3 DAGs
[2026-03-22T04:23:39.162+0000] {logging_mixin.py:188} INFO - [2026-03-22T04:23:39.162+0000] {dag.py:3954} INFO - Setting next_dagrun for example_subdag_operator to 2022-01-01 00:00:00+00:00, run_after=2022-01-01 00:00:00+00:00
[2026-03-22T04:23:39.175+0000] {logging_mixin.py:188} INFO - [2026-03-22T04:23:39.175+0000] {dag.py:3954} INFO - Setting next_dagrun for example_subdag_operator.section-1 to None, run_after=None
[2026-03-22T04:23:39.181+0000] {logging_mixin.py:188} INFO - [2026-03-22T04:23:39.181+0000] {dag.py:3954} INFO - Setting next_dagrun for example_subdag_operator.section-2 to None, run_after=None
[2026-03-22T04:23:39.201+0000] {logging_mixin.py:188} INFO - [2026-03-22T04:23:39.201+0000] {dag.py:3096} INFO - Sync 2 DAGs
[2026-03-22T04:23:39.724+0000] {logging_mixin.py:188} INFO - [2026-03-22T04:23:39.716+0000] {dag.py:3954} INFO - Setting next_dagrun for example_subdag_operator.section-1 to None, run_after=None
[2026-03-22T04:23:39.725+0000] {logging_mixin.py:188} INFO - [2026-03-22T04:23:39.725+0000] {dag.py:3954} INFO - Setting next_dagrun for example_subdag_operator.section-2 to None, run_after=None
[2026-03-22T04:23:39.751+0000] {processor.py:183} INFO - Processing /home/airflow/.local/lib/python3.12/site-packages/airflow/example_dags/example_subdag_operator.py took 0.722 seconds
[2026-03-22T04:24:10.042+0000] {processor.py:161} INFO - Started process (PID=1600) to work on /home/airflow/.local/lib/python3.12/site-packages/airflow/example_dags/example_subdag_operator.py
[2026-03-22T04:24:10.044+0000] {processor.py:830} INFO - Processing file /home/airflow/.local/lib/python3.12/site-packages/airflow/example_dags/example_subdag_operator.py for tasks to queue
[2026-03-22T04:24:10.046+0000] {logging_mixin.py:188} INFO - [2026-03-22T04:24:10.045+0000] {dagbag.py:545} INFO - Filling up the DagBag from /home/airflow/.local/lib/python3.12/site-packages/airflow/example_dags/example_subdag_operator.py
[2026-03-22T04:24:10.093+0000] {processor.py:840} INFO - DAG(s) 'example_subdag_operator.section-1', 'example_subdag_operator.section-2', 'example_subdag_operator' retrieved from /home/airflow/.local/lib/python3.12/site-packages/airflow/example_dags/example_subdag_operator.py
[2026-03-22T04:24:10.108+0000] {logging_mixin.py:188} INFO - [2026-03-22T04:24:10.108+0000] {dag.py:3096} INFO - Sync 3 DAGs
[2026-03-22T04:24:10.135+0000] {logging_mixin.py:188} INFO - [2026-03-22T04:24:10.135+0000] {dag.py:3954} INFO - Setting next_dagrun for example_subdag_operator to 2022-01-01 00:00:00+00:00, run_after=2022-01-01 00:00:00+00:00
[2026-03-22T04:24:10.137+0000] {logging_mixin.py:188} INFO - [2026-03-22T04:24:10.137+0000] {dag.py:3954} INFO - Setting next_dagrun for example_subdag_operator.section-1 to None, run_after=None
[2026-03-22T04:24:10.138+0000] {logging_mixin.py:188} INFO - [2026-03-22T04:24:10.138+0000] {dag.py:3954} INFO - Setting next_dagrun for example_subdag_operator.section-2 to None, run_after=None
[2026-03-22T04:24:10.149+0000] {logging_mixin.py:188} INFO - [2026-03-22T04:24:10.149+0000] {dag.py:3096} INFO - Sync 2 DAGs
[2026-03-22T04:24:10.152+0000] {logging_mixin.py:188} INFO - [2026-03-22T04:24:10.152+0000] {dag.py:3954} INFO - Setting next_dagrun for example_subdag_operator.section-1 to None, run_after=None
[2026-03-22T04:24:10.152+0000] {logging_mixin.py:188} INFO - [2026-03-22T04:24:10.152+0000] {dag.py:3954} INFO - Setting next_dagrun for example_subdag_operator.section-2 to None, run_after=None
[2026-03-22T04:24:10.159+0000] {processor.py:183} INFO - Processing /home/airflow/.local/lib/python3.12/site-packages/airflow/example_dags/example_subdag_operator.py took 0.121 seconds
[2026-03-22T04:25:27.650+0000] {processor.py:161} INFO - Started process (PID=1660) to work on /home/airflow/.local/lib/python3.12/site-packages/airflow/example_dags/example_subdag_operator.py
[2026-03-22T04:25:27.658+0000] {processor.py:830} INFO - Processing file /home/airflow/.local/lib/python3.12/site-packages/airflow/example_dags/example_subdag_operator.py for tasks to queue
[2026-03-22T04:25:27.681+0000] {logging_mixin.py:188} INFO - [2026-03-22T04:25:27.677+0000] {dagbag.py:545} INFO - Filling up the DagBag from /home/airflow/.local/lib/python3.12/site-packages/airflow/example_dags/example_subdag_operator.py
[2026-03-22T04:25:27.844+0000] {processor.py:840} INFO - DAG(s) 'example_subdag_operator.section-1', 'example_subdag_operator.section-2', 'example_subdag_operator' retrieved from /home/airflow/.local/lib/python3.12/site-packages/airflow/example_dags/example_subdag_operator.py
[2026-03-22T04:25:27.905+0000] {logging_mixin.py:188} INFO - [2026-03-22T04:25:27.904+0000] {dag.py:3096} INFO - Sync 3 DAGs
[2026-03-22T04:25:27.978+0000] {logging_mixin.py:188} INFO - [2026-03-22T04:25:27.978+0000] {dag.py:3954} INFO - Setting next_dagrun for example_subdag_operator to 2022-01-01 00:00:00+00:00, run_after=2022-01-01 00:00:00+00:00
[2026-03-22T04:25:27.985+0000] {logging_mixin.py:188} INFO - [2026-03-22T04:25:27.985+0000] {dag.py:3954} INFO - Setting next_dagrun for example_subdag_operator.section-1 to None, run_after=None
[2026-03-22T04:25:27.990+0000] {logging_mixin.py:188} INFO - [2026-03-22T04:25:27.990+0000] {dag.py:3954} INFO - Setting next_dagrun for example_subdag_operator.section-2 to None, run_after=None
[2026-03-22T04:25:28.005+0000] {logging_mixin.py:188} INFO - [2026-03-22T04:25:28.005+0000] {dag.py:3096} INFO - Sync 2 DAGs
[2026-03-22T04:25:28.013+0000] {logging_mixin.py:188} INFO - [2026-03-22T04:25:28.013+0000] {dag.py:3954} INFO - Setting next_dagrun for example_subdag_operator.section-1 to None, run_after=None
[2026-03-22T04:25:28.014+0000] {logging_mixin.py:188} INFO - [2026-03-22T04:25:28.014+0000] {dag.py:3954} INFO - Setting next_dagrun for example_subdag_operator.section-2 to None, run_after=None
[2026-03-22T04:25:28.032+0000] {processor.py:183} INFO - Processing /home/airflow/.local/lib/python3.12/site-packages/airflow/example_dags/example_subdag_operator.py took 0.416 seconds
[2026-03-22T04:25:58.609+0000] {processor.py:161} INFO - Started process (PID=1717) to work on /home/airflow/.local/lib/python3.12/site-packages/airflow/example_dags/example_subdag_operator.py
[2026-03-22T04:25:58.614+0000] {processor.py:830} INFO - Processing file /home/airflow/.local/lib/python3.12/site-packages/airflow/example_dags/example_subdag_operator.py for tasks to queue
[2026-03-22T04:25:58.624+0000] {logging_mixin.py:188} INFO - [2026-03-22T04:25:58.623+0000] {dagbag.py:545} INFO - Filling up the DagBag from /home/airflow/.local/lib/python3.12/site-packages/airflow/example_dags/example_subdag_operator.py
[2026-03-22T04:25:58.741+0000] {processor.py:840} INFO - DAG(s) 'example_subdag_operator.section-1', 'example_subdag_operator.section-2', 'example_subdag_operator' retrieved from /home/airflow/.local/lib/python3.12/site-packages/airflow/example_dags/example_subdag_operator.py
[2026-03-22T04:25:58.812+0000] {logging_mixin.py:188} INFO - [2026-03-22T04:25:58.811+0000] {dag.py:3096} INFO - Sync 3 DAGs
[2026-03-22T04:25:58.893+0000] {logging_mixin.py:188} INFO - [2026-03-22T04:25:58.893+0000] {dag.py:3954} INFO - Setting next_dagrun for example_subdag_operator to 2022-01-01 00:00:00+00:00, run_after=2022-01-01 00:00:00+00:00
[2026-03-22T04:25:58.919+0000] {logging_mixin.py:188} INFO - [2026-03-22T04:25:58.919+0000] {dag.py:3954} INFO - Setting next_dagrun for example_subdag_operator.section-1 to None, run_after=None
[2026-03-22T04:25:58.920+0000] {logging_mixin.py:188} INFO - [2026-03-22T04:25:58.920+0000] {dag.py:3954} INFO - Setting next_dagrun for example_subdag_operator.section-2 to None, run_after=None
[2026-03-22T04:25:58.933+0000] {logging_mixin.py:188} INFO - [2026-03-22T04:25:58.933+0000] {dag.py:3096} INFO - Sync 2 DAGs
[2026-03-22T04:25:58.947+0000] {logging_mixin.py:188} INFO - [2026-03-22T04:25:58.947+0000] {dag.py:3954} INFO - Setting next_dagrun for example_subdag_operator.section-1 to None, run_after=None
[2026-03-22T04:25:58.948+0000] {logging_mixin.py:188} INFO - [2026-03-22T04:25:58.948+0000] {dag.py:3954} INFO - Setting next_dagrun for example_subdag_operator.section-2 to None, run_after=None
[2026-03-22T04:25:58.976+0000] {processor.py:183} INFO - Processing /home/airflow/.local/lib/python3.12/site-packages/airflow/example_dags/example_subdag_operator.py took 0.388 seconds
[2026-03-22T04:29:27.214+0000] {processor.py:161} INFO - Started process (PID=1783) to work on /home/airflow/.local/lib/python3.12/site-packages/airflow/example_dags/example_subdag_operator.py
[2026-03-22T04:29:27.243+0000] {processor.py:830} INFO - Processing file /home/airflow/.local/lib/python3.12/site-packages/airflow/example_dags/example_subdag_operator.py for tasks to queue
[2026-03-22T04:29:27.313+0000] {logging_mixin.py:188} INFO - [2026-03-22T04:29:27.288+0000] {dagbag.py:545} INFO - Filling up the DagBag from /home/airflow/.local/lib/python3.12/site-packages/airflow/example_dags/example_subdag_operator.py
[2026-03-22T04:29:29.863+0000] {processor.py:840} INFO - DAG(s) 'example_subdag_operator.section-1', 'example_subdag_operator.section-2', 'example_subdag_operator' retrieved from /home/airflow/.local/lib/python3.12/site-packages/airflow/example_dags/example_subdag_operator.py
[2026-03-22T04:29:31.365+0000] {logging_mixin.py:188} INFO - [2026-03-22T04:29:31.093+0000] {dag.py:3096} INFO - Sync 3 DAGs
[2026-03-22T04:29:33.101+0000] {logging_mixin.py:188} INFO - [2026-03-22T04:29:33.070+0000] {dag.py:3954} INFO - Setting next_dagrun for example_subdag_operator to 2022-01-01 00:00:00+00:00, run_after=2022-01-01 00:00:00+00:00
[2026-03-22T04:29:33.258+0000] {logging_mixin.py:188} INFO - [2026-03-22T04:29:33.186+0000] {dag.py:3954} INFO - Setting next_dagrun for example_subdag_operator.section-1 to None, run_after=None
[2026-03-22T04:29:33.302+0000] {logging_mixin.py:188} INFO - [2026-03-22T04:29:33.301+0000] {dag.py:3954} INFO - Setting next_dagrun for example_subdag_operator.section-2 to None, run_after=None
[2026-03-22T04:29:34.148+0000] {logging_mixin.py:188} INFO - [2026-03-22T04:29:34.097+0000] {dag.py:3096} INFO - Sync 2 DAGs
[2026-03-22T04:29:34.479+0000] {logging_mixin.py:188} INFO - [2026-03-22T04:29:34.471+0000] {dag.py:3954} INFO - Setting next_dagrun for example_subdag_operator.section-1 to None, run_after=None
[2026-03-22T04:29:34.487+0000] {logging_mixin.py:188} INFO - [2026-03-22T04:29:34.487+0000] {dag.py:3954} INFO - Setting next_dagrun for example_subdag_operator.section-2 to None, run_after=None
[2026-03-22T04:29:35.683+0000] {processor.py:183} INFO - Processing /home/airflow/.local/lib/python3.12/site-packages/airflow/example_dags/example_subdag_operator.py took 9.180 seconds
[2026-03-22T04:35:02.713+0000] {processor.py:161} INFO - Started process (PID=1870) to work on /home/airflow/.local/lib/python3.12/site-packages/airflow/example_dags/example_subdag_operator.py
[2026-03-22T04:35:02.723+0000] {processor.py:830} INFO - Processing file /home/airflow/.local/lib/python3.12/site-packages/airflow/example_dags/example_subdag_operator.py for tasks to queue
[2026-03-22T04:35:02.767+0000] {logging_mixin.py:188} INFO - [2026-03-22T04:35:02.760+0000] {dagbag.py:545} INFO - Filling up the DagBag from /home/airflow/.local/lib/python3.12/site-packages/airflow/example_dags/example_subdag_operator.py
[2026-03-22T04:35:03.708+0000] {processor.py:840} INFO - DAG(s) 'example_subdag_operator.section-1', 'example_subdag_operator.section-2', 'example_subdag_operator' retrieved from /home/airflow/.local/lib/python3.12/site-packages/airflow/example_dags/example_subdag_operator.py
[2026-03-22T04:35:04.067+0000] {logging_mixin.py:188} INFO - [2026-03-22T04:35:04.059+0000] {dag.py:3096} INFO - Sync 3 DAGs
[2026-03-22T04:35:04.704+0000] {logging_mixin.py:188} INFO - [2026-03-22T04:35:04.632+0000] {dag.py:3954} INFO - Setting next_dagrun for example_subdag_operator to 2022-01-01 00:00:00+00:00, run_after=2022-01-01 00:00:00+00:00
[2026-03-22T04:35:04.822+0000] {logging_mixin.py:188} INFO - [2026-03-22T04:35:04.821+0000] {dag.py:3954} INFO - Setting next_dagrun for example_subdag_operator.section-1 to None, run_after=None
[2026-03-22T04:35:04.858+0000] {logging_mixin.py:188} INFO - [2026-03-22T04:35:04.857+0000] {dag.py:3954} INFO - Setting next_dagrun for example_subdag_operator.section-2 to None, run_after=None
[2026-03-22T04:35:05.323+0000] {logging_mixin.py:188} INFO - [2026-03-22T04:35:05.263+0000] {dag.py:3096} INFO - Sync 2 DAGs
[2026-03-22T04:35:07.065+0000] {logging_mixin.py:188} INFO - [2026-03-22T04:35:06.960+0000] {dag.py:3954} INFO - Setting next_dagrun for example_subdag_operator.section-1 to None, run_after=None
[2026-03-22T04:35:07.082+0000] {logging_mixin.py:188} INFO - [2026-03-22T04:35:07.080+0000] {dag.py:3954} INFO - Setting next_dagrun for example_subdag_operator.section-2 to None, run_after=None
[2026-03-22T04:35:08.047+0000] {processor.py:183} INFO - Processing /home/airflow/.local/lib/python3.12/site-packages/airflow/example_dags/example_subdag_operator.py took 5.398 seconds
[2026-03-22T04:38:26.163+0000] {processor.py:161} INFO - Started process (PID=1937) to work on /home/airflow/.local/lib/python3.12/site-packages/airflow/example_dags/example_subdag_operator.py
[2026-03-22T04:38:26.267+0000] {processor.py:830} INFO - Processing file /home/airflow/.local/lib/python3.12/site-packages/airflow/example_dags/example_subdag_operator.py for tasks to queue
[2026-03-22T04:38:26.379+0000] {logging_mixin.py:188} INFO - [2026-03-22T04:38:26.366+0000] {dagbag.py:545} INFO - Filling up the DagBag from /home/airflow/.local/lib/python3.12/site-packages/airflow/example_dags/example_subdag_operator.py
[2026-03-22T04:38:27.617+0000] {processor.py:840} INFO - DAG(s) 'example_subdag_operator.section-1', 'example_subdag_operator.section-2', 'example_subdag_operator' retrieved from /home/airflow/.local/lib/python3.12/site-packages/airflow/example_dags/example_subdag_operator.py
[2026-03-22T04:38:27.821+0000] {logging_mixin.py:188} INFO - [2026-03-22T04:38:27.820+0000] {dag.py:3096} INFO - Sync 3 DAGs
[2026-03-22T04:38:28.052+0000] {logging_mixin.py:188} INFO - [2026-03-22T04:38:28.049+0000] {dag.py:3954} INFO - Setting next_dagrun for example_subdag_operator to 2022-01-01 00:00:00+00:00, run_after=2022-01-01 00:00:00+00:00
[2026-03-22T04:38:28.078+0000] {logging_mixin.py:188} INFO - [2026-03-22T04:38:28.077+0000] {dag.py:3954} INFO - Setting next_dagrun for example_subdag_operator.section-1 to None, run_after=None
[2026-03-22T04:38:28.084+0000] {logging_mixin.py:188} INFO - [2026-03-22T04:38:28.083+0000] {dag.py:3954} INFO - Setting next_dagrun for example_subdag_operator.section-2 to None, run_after=None
[2026-03-22T04:38:28.218+0000] {logging_mixin.py:188} INFO - [2026-03-22T04:38:28.205+0000] {dag.py:3096} INFO - Sync 2 DAGs
[2026-03-22T04:38:28.334+0000] {logging_mixin.py:188} INFO - [2026-03-22T04:38:28.328+0000] {dag.py:3954} INFO - Setting next_dagrun for example_subdag_operator.section-1 to None, run_after=None
[2026-03-22T04:38:28.343+0000] {logging_mixin.py:188} INFO - [2026-03-22T04:38:28.342+0000] {dag.py:3954} INFO - Setting next_dagrun for example_subdag_operator.section-2 to None, run_after=None
[2026-03-22T04:38:28.798+0000] {processor.py:183} INFO - Processing /home/airflow/.local/lib/python3.12/site-packages/airflow/example_dags/example_subdag_operator.py took 2.768 seconds
[2026-03-22T04:39:55.176+0000] {processor.py:161} INFO - Started process (PID=2016) to work on /home/airflow/.local/lib/python3.12/site-packages/airflow/example_dags/example_subdag_operator.py
[2026-03-22T04:39:55.191+0000] {processor.py:830} INFO - Processing file /home/airflow/.local/lib/python3.12/site-packages/airflow/example_dags/example_subdag_operator.py for tasks to queue
[2026-03-22T04:39:55.229+0000] {logging_mixin.py:188} INFO - [2026-03-22T04:39:55.225+0000] {dagbag.py:545} INFO - Filling up the DagBag from /home/airflow/.local/lib/python3.12/site-packages/airflow/example_dags/example_subdag_operator.py
[2026-03-22T04:39:56.201+0000] {processor.py:840} INFO - DAG(s) 'example_subdag_operator.section-1', 'example_subdag_operator.section-2', 'example_subdag_operator' retrieved from /home/airflow/.local/lib/python3.12/site-packages/airflow/example_dags/example_subdag_operator.py
[2026-03-22T04:39:57.154+0000] {logging_mixin.py:188} INFO - [2026-03-22T04:39:57.106+0000] {dag.py:3096} INFO - Sync 3 DAGs
[2026-03-22T04:39:57.943+0000] {logging_mixin.py:188} INFO - [2026-03-22T04:39:57.934+0000] {dag.py:3954} INFO - Setting next_dagrun for example_subdag_operator to 2022-01-01 00:00:00+00:00, run_after=2022-01-01 00:00:00+00:00
[2026-03-22T04:39:58.005+0000] {logging_mixin.py:188} INFO - [2026-03-22T04:39:58.004+0000] {dag.py:3954} INFO - Setting next_dagrun for example_subdag_operator.section-1 to None, run_after=None
[2026-03-22T04:39:58.020+0000] {logging_mixin.py:188} INFO - [2026-03-22T04:39:58.017+0000] {dag.py:3954} INFO - Setting next_dagrun for example_subdag_operator.section-2 to None, run_after=None
[2026-03-22T04:39:58.364+0000] {logging_mixin.py:188} INFO - [2026-03-22T04:39:58.355+0000] {dag.py:3096} INFO - Sync 2 DAGs
[2026-03-22T04:39:58.457+0000] {logging_mixin.py:188} INFO - [2026-03-22T04:39:58.456+0000] {dag.py:3954} INFO - Setting next_dagrun for example_subdag_operator.section-1 to None, run_after=None
[2026-03-22T04:39:58.463+0000] {logging_mixin.py:188} INFO - [2026-03-22T04:39:58.463+0000] {dag.py:3954} INFO - Setting next_dagrun for example_subdag_operator.section-2 to None, run_after=None
[2026-03-22T04:39:58.858+0000] {processor.py:183} INFO - Processing /home/airflow/.local/lib/python3.12/site-packages/airflow/example_dags/example_subdag_operator.py took 3.746 seconds
[2026-03-22T04:41:06.578+0000] {processor.py:161} INFO - Started process (PID=2084) to work on /home/airflow/.local/lib/python3.12/site-packages/airflow/example_dags/example_subdag_operator.py
[2026-03-22T04:41:06.613+0000] {processor.py:830} INFO - Processing file /home/airflow/.local/lib/python3.12/site-packages/airflow/example_dags/example_subdag_operator.py for tasks to queue
[2026-03-22T04:41:06.809+0000] {logging_mixin.py:188} INFO - [2026-03-22T04:41:06.789+0000] {dagbag.py:545} INFO - Filling up the DagBag from /home/airflow/.local/lib/python3.12/site-packages/airflow/example_dags/example_subdag_operator.py
[2026-03-22T04:41:07.308+0000] {processor.py:840} INFO - DAG(s) 'example_subdag_operator.section-1', 'example_subdag_operator.section-2', 'example_subdag_operator' retrieved from /home/airflow/.local/lib/python3.12/site-packages/airflow/example_dags/example_subdag_operator.py
[2026-03-22T04:41:07.433+0000] {logging_mixin.py:188} INFO - [2026-03-22T04:41:07.432+0000] {dag.py:3096} INFO - Sync 3 DAGs
[2026-03-22T04:41:07.781+0000] {logging_mixin.py:188} INFO - [2026-03-22T04:41:07.778+0000] {dag.py:3954} INFO - Setting next_dagrun for example_subdag_operator to 2022-01-01 00:00:00+00:00, run_after=2022-01-01 00:00:00+00:00
[2026-03-22T04:41:07.802+0000] {logging_mixin.py:188} INFO - [2026-03-22T04:41:07.801+0000] {dag.py:3954} INFO - Setting next_dagrun for example_subdag_operator.section-1 to None, run_after=None
[2026-03-22T04:41:07.806+0000] {logging_mixin.py:188} INFO - [2026-03-22T04:41:07.805+0000] {dag.py:3954} INFO - Setting next_dagrun for example_subdag_operator.section-2 to None, run_after=None
[2026-03-22T04:41:07.852+0000] {logging_mixin.py:188} INFO - [2026-03-22T04:41:07.847+0000] {dag.py:3096} INFO - Sync 2 DAGs
[2026-03-22T04:41:07.872+0000] {logging_mixin.py:188} INFO - [2026-03-22T04:41:07.871+0000] {dag.py:3954} INFO - Setting next_dagrun for example_subdag_operator.section-1 to None, run_after=None
[2026-03-22T04:41:07.872+0000] {logging_mixin.py:188} INFO - [2026-03-22T04:41:07.872+0000] {dag.py:3954} INFO - Setting next_dagrun for example_subdag_operator.section-2 to None, run_after=None
[2026-03-22T04:41:07.917+0000] {processor.py:183} INFO - Processing /home/airflow/.local/lib/python3.12/site-packages/airflow/example_dags/example_subdag_operator.py took 1.539 seconds
[2026-03-22T04:42:11.844+0000] {processor.py:161} INFO - Started process (PID=2157) to work on /home/airflow/.local/lib/python3.12/site-packages/airflow/example_dags/example_subdag_operator.py
[2026-03-22T04:42:11.854+0000] {processor.py:830} INFO - Processing file /home/airflow/.local/lib/python3.12/site-packages/airflow/example_dags/example_subdag_operator.py for tasks to queue
[2026-03-22T04:42:11.879+0000] {logging_mixin.py:188} INFO - [2026-03-22T04:42:11.877+0000] {dagbag.py:545} INFO - Filling up the DagBag from /home/airflow/.local/lib/python3.12/site-packages/airflow/example_dags/example_subdag_operator.py
[2026-03-22T04:42:12.106+0000] {processor.py:840} INFO - DAG(s) 'example_subdag_operator.section-1', 'example_subdag_operator.section-2', 'example_subdag_operator' retrieved from /home/airflow/.local/lib/python3.12/site-packages/airflow/example_dags/example_subdag_operator.py
[2026-03-22T04:42:12.225+0000] {logging_mixin.py:188} INFO - [2026-03-22T04:42:12.222+0000] {dag.py:3096} INFO - Sync 3 DAGs
[2026-03-22T04:42:12.488+0000] {logging_mixin.py:188} INFO - [2026-03-22T04:42:12.484+0000] {dag.py:3954} INFO - Setting next_dagrun for example_subdag_operator to 2022-01-01 00:00:00+00:00, run_after=2022-01-01 00:00:00+00:00
[2026-03-22T04:42:12.499+0000] {logging_mixin.py:188} INFO - [2026-03-22T04:42:12.498+0000] {dag.py:3954} INFO - Setting next_dagrun for example_subdag_operator.section-1 to None, run_after=None
[2026-03-22T04:42:12.503+0000] {logging_mixin.py:188} INFO - [2026-03-22T04:42:12.503+0000] {dag.py:3954} INFO - Setting next_dagrun for example_subdag_operator.section-2 to None, run_after=None
[2026-03-22T04:42:12.719+0000] {logging_mixin.py:188} INFO - [2026-03-22T04:42:12.717+0000] {dag.py:3096} INFO - Sync 2 DAGs
[2026-03-22T04:42:12.806+0000] {logging_mixin.py:188} INFO - [2026-03-22T04:42:12.803+0000] {dag.py:3954} INFO - Setting next_dagrun for example_subdag_operator.section-1 to None, run_after=None
[2026-03-22T04:42:12.811+0000] {logging_mixin.py:188} INFO - [2026-03-22T04:42:12.810+0000] {dag.py:3954} INFO - Setting next_dagrun for example_subdag_operator.section-2 to None, run_after=None
[2026-03-22T04:42:13.132+0000] {processor.py:183} INFO - Processing /home/airflow/.local/lib/python3.12/site-packages/airflow/example_dags/example_subdag_operator.py took 1.363 seconds
[2026-03-22T04:42:44.014+0000] {processor.py:161} INFO - Started process (PID=2215) to work on /home/airflow/.local/lib/python3.12/site-packages/airflow/example_dags/example_subdag_operator.py
[2026-03-22T04:42:44.017+0000] {processor.py:830} INFO - Processing file /home/airflow/.local/lib/python3.12/site-packages/airflow/example_dags/example_subdag_operator.py for tasks to queue
[2026-03-22T04:42:44.045+0000] {logging_mixin.py:188} INFO - [2026-03-22T04:42:44.043+0000] {dagbag.py:545} INFO - Filling up the DagBag from /home/airflow/.local/lib/python3.12/site-packages/airflow/example_dags/example_subdag_operator.py
[2026-03-22T04:42:44.151+0000] {processor.py:840} INFO - DAG(s) 'example_subdag_operator.section-1', 'example_subdag_operator.section-2', 'example_subdag_operator' retrieved from /home/airflow/.local/lib/python3.12/site-packages/airflow/example_dags/example_subdag_operator.py
[2026-03-22T04:42:44.176+0000] {logging_mixin.py:188} INFO - [2026-03-22T04:42:44.176+0000] {dag.py:3096} INFO - Sync 3 DAGs
[2026-03-22T04:42:44.214+0000] {logging_mixin.py:188} INFO - [2026-03-22T04:42:44.214+0000] {dag.py:3954} INFO - Setting next_dagrun for example_subdag_operator to 2022-01-01 00:00:00+00:00, run_after=2022-01-01 00:00:00+00:00
[2026-03-22T04:42:44.219+0000] {logging_mixin.py:188} INFO - [2026-03-22T04:42:44.219+0000] {dag.py:3954} INFO - Setting next_dagrun for example_subdag_operator.section-1 to None, run_after=None
[2026-03-22T04:42:44.221+0000] {logging_mixin.py:188} INFO - [2026-03-22T04:42:44.221+0000] {dag.py:3954} INFO - Setting next_dagrun for example_subdag_operator.section-2 to None, run_after=None
[2026-03-22T04:42:44.230+0000] {logging_mixin.py:188} INFO - [2026-03-22T04:42:44.230+0000] {dag.py:3096} INFO - Sync 2 DAGs
[2026-03-22T04:42:44.237+0000] {logging_mixin.py:188} INFO - [2026-03-22T04:42:44.237+0000] {dag.py:3954} INFO - Setting next_dagrun for example_subdag_operator.section-1 to None, run_after=None
[2026-03-22T04:42:44.237+0000] {logging_mixin.py:188} INFO - [2026-03-22T04:42:44.237+0000] {dag.py:3954} INFO - Setting next_dagrun for example_subdag_operator.section-2 to None, run_after=None
[2026-03-22T04:42:44.245+0000] {processor.py:183} INFO - Processing /home/airflow/.local/lib/python3.12/site-packages/airflow/example_dags/example_subdag_operator.py took 0.252 seconds
