[2026-03-22T04:09:21.696+0000] {processor.py:161} INFO - Started process (PID=77) to work on /home/airflow/.local/lib/python3.12/site-packages/airflow/example_dags/example_sensor_decorator.py
[2026-03-22T04:09:21.696+0000] {processor.py:830} INFO - Processing file /home/airflow/.local/lib/python3.12/site-packages/airflow/example_dags/example_sensor_decorator.py for tasks to queue
[2026-03-22T04:09:21.697+0000] {logging_mixin.py:188} INFO - [2026-03-22T04:09:21.697+0000] {dagbag.py:545} INFO - Filling up the DagBag from /home/airflow/.local/lib/python3.12/site-packages/airflow/example_dags/example_sensor_decorator.py
[2026-03-22T04:09:21.710+0000] {processor.py:840} INFO - DAG(s) 'example_sensor_decorator' retrieved from /home/airflow/.local/lib/python3.12/site-packages/airflow/example_dags/example_sensor_decorator.py
[2026-03-22T04:09:21.782+0000] {logging_mixin.py:188} INFO - [2026-03-22T04:09:21.782+0000] {dag.py:3096} INFO - Sync 1 DAGs
[2026-03-22T04:09:21.789+0000] {logging_mixin.py:188} INFO - [2026-03-22T04:09:21.789+0000] {dag.py:3954} INFO - Setting next_dagrun for example_sensor_decorator to None, run_after=None
[2026-03-22T04:09:21.817+0000] {processor.py:183} INFO - Processing /home/airflow/.local/lib/python3.12/site-packages/airflow/example_dags/example_sensor_decorator.py took 0.125 seconds
[2026-03-22T04:09:53.149+0000] {processor.py:161} INFO - Started process (PID=135) to work on /home/airflow/.local/lib/python3.12/site-packages/airflow/example_dags/example_sensor_decorator.py
[2026-03-22T04:09:53.151+0000] {processor.py:830} INFO - Processing file /home/airflow/.local/lib/python3.12/site-packages/airflow/example_dags/example_sensor_decorator.py for tasks to queue
[2026-03-22T04:09:53.155+0000] {logging_mixin.py:188} INFO - [2026-03-22T04:09:53.154+0000] {dagbag.py:545} INFO - Filling up the DagBag from /home/airflow/.local/lib/python3.12/site-packages/airflow/example_dags/example_sensor_decorator.py
[2026-03-22T04:09:53.164+0000] {processor.py:840} INFO - DAG(s) 'example_sensor_decorator' retrieved from /home/airflow/.local/lib/python3.12/site-packages/airflow/example_dags/example_sensor_decorator.py
[2026-03-22T04:09:53.190+0000] {logging_mixin.py:188} INFO - [2026-03-22T04:09:53.190+0000] {dag.py:3096} INFO - Sync 1 DAGs
[2026-03-22T04:09:53.205+0000] {logging_mixin.py:188} INFO - [2026-03-22T04:09:53.205+0000] {dag.py:3954} INFO - Setting next_dagrun for example_sensor_decorator to None, run_after=None
[2026-03-22T04:09:53.232+0000] {processor.py:183} INFO - Processing /home/airflow/.local/lib/python3.12/site-packages/airflow/example_dags/example_sensor_decorator.py took 0.091 seconds
[2026-03-22T04:10:23.289+0000] {processor.py:161} INFO - Started process (PID=193) to work on /home/airflow/.local/lib/python3.12/site-packages/airflow/example_dags/example_sensor_decorator.py
[2026-03-22T04:10:23.290+0000] {processor.py:830} INFO - Processing file /home/airflow/.local/lib/python3.12/site-packages/airflow/example_dags/example_sensor_decorator.py for tasks to queue
[2026-03-22T04:10:23.291+0000] {logging_mixin.py:188} INFO - [2026-03-22T04:10:23.290+0000] {dagbag.py:545} INFO - Filling up the DagBag from /home/airflow/.local/lib/python3.12/site-packages/airflow/example_dags/example_sensor_decorator.py
[2026-03-22T04:10:23.297+0000] {processor.py:840} INFO - DAG(s) 'example_sensor_decorator' retrieved from /home/airflow/.local/lib/python3.12/site-packages/airflow/example_dags/example_sensor_decorator.py
[2026-03-22T04:10:23.327+0000] {logging_mixin.py:188} INFO - [2026-03-22T04:10:23.327+0000] {dag.py:3096} INFO - Sync 1 DAGs
[2026-03-22T04:10:23.333+0000] {logging_mixin.py:188} INFO - [2026-03-22T04:10:23.333+0000] {dag.py:3954} INFO - Setting next_dagrun for example_sensor_decorator to None, run_after=None
[2026-03-22T04:10:23.340+0000] {processor.py:183} INFO - Processing /home/airflow/.local/lib/python3.12/site-packages/airflow/example_dags/example_sensor_decorator.py took 0.066 seconds
[2026-03-22T04:10:53.812+0000] {processor.py:161} INFO - Started process (PID=251) to work on /home/airflow/.local/lib/python3.12/site-packages/airflow/example_dags/example_sensor_decorator.py
[2026-03-22T04:10:53.814+0000] {processor.py:830} INFO - Processing file /home/airflow/.local/lib/python3.12/site-packages/airflow/example_dags/example_sensor_decorator.py for tasks to queue
[2026-03-22T04:10:53.816+0000] {logging_mixin.py:188} INFO - [2026-03-22T04:10:53.816+0000] {dagbag.py:545} INFO - Filling up the DagBag from /home/airflow/.local/lib/python3.12/site-packages/airflow/example_dags/example_sensor_decorator.py
[2026-03-22T04:10:53.824+0000] {processor.py:840} INFO - DAG(s) 'example_sensor_decorator' retrieved from /home/airflow/.local/lib/python3.12/site-packages/airflow/example_dags/example_sensor_decorator.py
[2026-03-22T04:10:53.868+0000] {logging_mixin.py:188} INFO - [2026-03-22T04:10:53.868+0000] {dag.py:3096} INFO - Sync 1 DAGs
[2026-03-22T04:10:53.884+0000] {logging_mixin.py:188} INFO - [2026-03-22T04:10:53.884+0000] {dag.py:3954} INFO - Setting next_dagrun for example_sensor_decorator to None, run_after=None
[2026-03-22T04:10:53.897+0000] {processor.py:183} INFO - Processing /home/airflow/.local/lib/python3.12/site-packages/airflow/example_dags/example_sensor_decorator.py took 0.093 seconds
[2026-03-22T04:11:24.194+0000] {processor.py:161} INFO - Started process (PID=309) to work on /home/airflow/.local/lib/python3.12/site-packages/airflow/example_dags/example_sensor_decorator.py
[2026-03-22T04:11:24.196+0000] {processor.py:830} INFO - Processing file /home/airflow/.local/lib/python3.12/site-packages/airflow/example_dags/example_sensor_decorator.py for tasks to queue
[2026-03-22T04:11:24.198+0000] {logging_mixin.py:188} INFO - [2026-03-22T04:11:24.197+0000] {dagbag.py:545} INFO - Filling up the DagBag from /home/airflow/.local/lib/python3.12/site-packages/airflow/example_dags/example_sensor_decorator.py
[2026-03-22T04:11:24.206+0000] {processor.py:840} INFO - DAG(s) 'example_sensor_decorator' retrieved from /home/airflow/.local/lib/python3.12/site-packages/airflow/example_dags/example_sensor_decorator.py
[2026-03-22T04:11:24.219+0000] {logging_mixin.py:188} INFO - [2026-03-22T04:11:24.219+0000] {dag.py:3096} INFO - Sync 1 DAGs
[2026-03-22T04:11:24.226+0000] {logging_mixin.py:188} INFO - [2026-03-22T04:11:24.226+0000] {dag.py:3954} INFO - Setting next_dagrun for example_sensor_decorator to None, run_after=None
[2026-03-22T04:11:24.237+0000] {processor.py:183} INFO - Processing /home/airflow/.local/lib/python3.12/site-packages/airflow/example_dags/example_sensor_decorator.py took 0.046 seconds
[2026-03-22T04:11:54.920+0000] {processor.py:161} INFO - Started process (PID=367) to work on /home/airflow/.local/lib/python3.12/site-packages/airflow/example_dags/example_sensor_decorator.py
[2026-03-22T04:11:54.923+0000] {processor.py:830} INFO - Processing file /home/airflow/.local/lib/python3.12/site-packages/airflow/example_dags/example_sensor_decorator.py for tasks to queue
[2026-03-22T04:11:54.926+0000] {logging_mixin.py:188} INFO - [2026-03-22T04:11:54.926+0000] {dagbag.py:545} INFO - Filling up the DagBag from /home/airflow/.local/lib/python3.12/site-packages/airflow/example_dags/example_sensor_decorator.py
[2026-03-22T04:11:54.933+0000] {processor.py:840} INFO - DAG(s) 'example_sensor_decorator' retrieved from /home/airflow/.local/lib/python3.12/site-packages/airflow/example_dags/example_sensor_decorator.py
[2026-03-22T04:11:54.956+0000] {logging_mixin.py:188} INFO - [2026-03-22T04:11:54.956+0000] {dag.py:3096} INFO - Sync 1 DAGs
[2026-03-22T04:11:54.964+0000] {logging_mixin.py:188} INFO - [2026-03-22T04:11:54.964+0000] {dag.py:3954} INFO - Setting next_dagrun for example_sensor_decorator to None, run_after=None
[2026-03-22T04:11:54.973+0000] {processor.py:183} INFO - Processing /home/airflow/.local/lib/python3.12/site-packages/airflow/example_dags/example_sensor_decorator.py took 0.058 seconds
[2026-03-22T04:12:25.405+0000] {processor.py:161} INFO - Started process (PID=425) to work on /home/airflow/.local/lib/python3.12/site-packages/airflow/example_dags/example_sensor_decorator.py
[2026-03-22T04:12:25.405+0000] {processor.py:830} INFO - Processing file /home/airflow/.local/lib/python3.12/site-packages/airflow/example_dags/example_sensor_decorator.py for tasks to queue
[2026-03-22T04:12:25.406+0000] {logging_mixin.py:188} INFO - [2026-03-22T04:12:25.406+0000] {dagbag.py:545} INFO - Filling up the DagBag from /home/airflow/.local/lib/python3.12/site-packages/airflow/example_dags/example_sensor_decorator.py
[2026-03-22T04:12:25.409+0000] {processor.py:840} INFO - DAG(s) 'example_sensor_decorator' retrieved from /home/airflow/.local/lib/python3.12/site-packages/airflow/example_dags/example_sensor_decorator.py
[2026-03-22T04:12:25.421+0000] {logging_mixin.py:188} INFO - [2026-03-22T04:12:25.421+0000] {dag.py:3096} INFO - Sync 1 DAGs
[2026-03-22T04:12:25.426+0000] {logging_mixin.py:188} INFO - [2026-03-22T04:12:25.426+0000] {dag.py:3954} INFO - Setting next_dagrun for example_sensor_decorator to None, run_after=None
[2026-03-22T04:12:25.434+0000] {processor.py:183} INFO - Processing /home/airflow/.local/lib/python3.12/site-packages/airflow/example_dags/example_sensor_decorator.py took 0.032 seconds
[2026-03-22T04:12:55.894+0000] {processor.py:161} INFO - Started process (PID=483) to work on /home/airflow/.local/lib/python3.12/site-packages/airflow/example_dags/example_sensor_decorator.py
[2026-03-22T04:12:55.895+0000] {processor.py:830} INFO - Processing file /home/airflow/.local/lib/python3.12/site-packages/airflow/example_dags/example_sensor_decorator.py for tasks to queue
[2026-03-22T04:12:55.901+0000] {logging_mixin.py:188} INFO - [2026-03-22T04:12:55.901+0000] {dagbag.py:545} INFO - Filling up the DagBag from /home/airflow/.local/lib/python3.12/site-packages/airflow/example_dags/example_sensor_decorator.py
[2026-03-22T04:12:55.910+0000] {processor.py:840} INFO - DAG(s) 'example_sensor_decorator' retrieved from /home/airflow/.local/lib/python3.12/site-packages/airflow/example_dags/example_sensor_decorator.py
[2026-03-22T04:12:55.948+0000] {logging_mixin.py:188} INFO - [2026-03-22T04:12:55.948+0000] {dag.py:3096} INFO - Sync 1 DAGs
[2026-03-22T04:12:55.965+0000] {logging_mixin.py:188} INFO - [2026-03-22T04:12:55.965+0000] {dag.py:3954} INFO - Setting next_dagrun for example_sensor_decorator to None, run_after=None
[2026-03-22T04:12:55.977+0000] {processor.py:183} INFO - Processing /home/airflow/.local/lib/python3.12/site-packages/airflow/example_dags/example_sensor_decorator.py took 0.088 seconds
[2026-03-22T04:13:26.126+0000] {processor.py:161} INFO - Started process (PID=541) to work on /home/airflow/.local/lib/python3.12/site-packages/airflow/example_dags/example_sensor_decorator.py
[2026-03-22T04:13:26.127+0000] {processor.py:830} INFO - Processing file /home/airflow/.local/lib/python3.12/site-packages/airflow/example_dags/example_sensor_decorator.py for tasks to queue
[2026-03-22T04:13:26.129+0000] {logging_mixin.py:188} INFO - [2026-03-22T04:13:26.129+0000] {dagbag.py:545} INFO - Filling up the DagBag from /home/airflow/.local/lib/python3.12/site-packages/airflow/example_dags/example_sensor_decorator.py
[2026-03-22T04:13:26.135+0000] {processor.py:840} INFO - DAG(s) 'example_sensor_decorator' retrieved from /home/airflow/.local/lib/python3.12/site-packages/airflow/example_dags/example_sensor_decorator.py
[2026-03-22T04:13:26.145+0000] {logging_mixin.py:188} INFO - [2026-03-22T04:13:26.145+0000] {dag.py:3096} INFO - Sync 1 DAGs
[2026-03-22T04:13:26.154+0000] {logging_mixin.py:188} INFO - [2026-03-22T04:13:26.154+0000] {dag.py:3954} INFO - Setting next_dagrun for example_sensor_decorator to None, run_after=None
[2026-03-22T04:13:26.164+0000] {processor.py:183} INFO - Processing /home/airflow/.local/lib/python3.12/site-packages/airflow/example_dags/example_sensor_decorator.py took 0.041 seconds
[2026-03-22T04:13:56.420+0000] {processor.py:161} INFO - Started process (PID=599) to work on /home/airflow/.local/lib/python3.12/site-packages/airflow/example_dags/example_sensor_decorator.py
[2026-03-22T04:13:56.423+0000] {processor.py:830} INFO - Processing file /home/airflow/.local/lib/python3.12/site-packages/airflow/example_dags/example_sensor_decorator.py for tasks to queue
[2026-03-22T04:13:56.425+0000] {logging_mixin.py:188} INFO - [2026-03-22T04:13:56.424+0000] {dagbag.py:545} INFO - Filling up the DagBag from /home/airflow/.local/lib/python3.12/site-packages/airflow/example_dags/example_sensor_decorator.py
[2026-03-22T04:13:56.430+0000] {processor.py:840} INFO - DAG(s) 'example_sensor_decorator' retrieved from /home/airflow/.local/lib/python3.12/site-packages/airflow/example_dags/example_sensor_decorator.py
[2026-03-22T04:13:56.441+0000] {logging_mixin.py:188} INFO - [2026-03-22T04:13:56.441+0000] {dag.py:3096} INFO - Sync 1 DAGs
[2026-03-22T04:13:56.449+0000] {logging_mixin.py:188} INFO - [2026-03-22T04:13:56.449+0000] {dag.py:3954} INFO - Setting next_dagrun for example_sensor_decorator to None, run_after=None
[2026-03-22T04:13:56.457+0000] {processor.py:183} INFO - Processing /home/airflow/.local/lib/python3.12/site-packages/airflow/example_dags/example_sensor_decorator.py took 0.040 seconds
[2026-03-22T04:14:26.759+0000] {processor.py:161} INFO - Started process (PID=656) to work on /home/airflow/.local/lib/python3.12/site-packages/airflow/example_dags/example_sensor_decorator.py
[2026-03-22T04:14:26.760+0000] {processor.py:830} INFO - Processing file /home/airflow/.local/lib/python3.12/site-packages/airflow/example_dags/example_sensor_decorator.py for tasks to queue
[2026-03-22T04:14:26.761+0000] {logging_mixin.py:188} INFO - [2026-03-22T04:14:26.761+0000] {dagbag.py:545} INFO - Filling up the DagBag from /home/airflow/.local/lib/python3.12/site-packages/airflow/example_dags/example_sensor_decorator.py
[2026-03-22T04:14:26.764+0000] {processor.py:840} INFO - DAG(s) 'example_sensor_decorator' retrieved from /home/airflow/.local/lib/python3.12/site-packages/airflow/example_dags/example_sensor_decorator.py
[2026-03-22T04:14:26.775+0000] {logging_mixin.py:188} INFO - [2026-03-22T04:14:26.775+0000] {dag.py:3096} INFO - Sync 1 DAGs
[2026-03-22T04:14:26.782+0000] {logging_mixin.py:188} INFO - [2026-03-22T04:14:26.782+0000] {dag.py:3954} INFO - Setting next_dagrun for example_sensor_decorator to None, run_after=None
[2026-03-22T04:14:26.792+0000] {processor.py:183} INFO - Processing /home/airflow/.local/lib/python3.12/site-packages/airflow/example_dags/example_sensor_decorator.py took 0.039 seconds
[2026-03-22T04:14:57.777+0000] {processor.py:161} INFO - Started process (PID=715) to work on /home/airflow/.local/lib/python3.12/site-packages/airflow/example_dags/example_sensor_decorator.py
[2026-03-22T04:14:57.779+0000] {processor.py:830} INFO - Processing file /home/airflow/.local/lib/python3.12/site-packages/airflow/example_dags/example_sensor_decorator.py for tasks to queue
[2026-03-22T04:14:57.780+0000] {logging_mixin.py:188} INFO - [2026-03-22T04:14:57.780+0000] {dagbag.py:545} INFO - Filling up the DagBag from /home/airflow/.local/lib/python3.12/site-packages/airflow/example_dags/example_sensor_decorator.py
[2026-03-22T04:14:57.785+0000] {processor.py:840} INFO - DAG(s) 'example_sensor_decorator' retrieved from /home/airflow/.local/lib/python3.12/site-packages/airflow/example_dags/example_sensor_decorator.py
[2026-03-22T04:14:57.797+0000] {logging_mixin.py:188} INFO - [2026-03-22T04:14:57.797+0000] {dag.py:3096} INFO - Sync 1 DAGs
[2026-03-22T04:14:57.803+0000] {logging_mixin.py:188} INFO - [2026-03-22T04:14:57.802+0000] {dag.py:3954} INFO - Setting next_dagrun for example_sensor_decorator to None, run_after=None
[2026-03-22T04:14:57.813+0000] {processor.py:183} INFO - Processing /home/airflow/.local/lib/python3.12/site-packages/airflow/example_dags/example_sensor_decorator.py took 0.041 seconds
[2026-03-22T04:15:28.544+0000] {processor.py:161} INFO - Started process (PID=773) to work on /home/airflow/.local/lib/python3.12/site-packages/airflow/example_dags/example_sensor_decorator.py
[2026-03-22T04:15:28.545+0000] {processor.py:830} INFO - Processing file /home/airflow/.local/lib/python3.12/site-packages/airflow/example_dags/example_sensor_decorator.py for tasks to queue
[2026-03-22T04:15:28.547+0000] {logging_mixin.py:188} INFO - [2026-03-22T04:15:28.546+0000] {dagbag.py:545} INFO - Filling up the DagBag from /home/airflow/.local/lib/python3.12/site-packages/airflow/example_dags/example_sensor_decorator.py
[2026-03-22T04:15:28.552+0000] {processor.py:840} INFO - DAG(s) 'example_sensor_decorator' retrieved from /home/airflow/.local/lib/python3.12/site-packages/airflow/example_dags/example_sensor_decorator.py
[2026-03-22T04:15:28.563+0000] {logging_mixin.py:188} INFO - [2026-03-22T04:15:28.563+0000] {dag.py:3096} INFO - Sync 1 DAGs
[2026-03-22T04:15:28.574+0000] {logging_mixin.py:188} INFO - [2026-03-22T04:15:28.574+0000] {dag.py:3954} INFO - Setting next_dagrun for example_sensor_decorator to None, run_after=None
[2026-03-22T04:15:28.585+0000] {processor.py:183} INFO - Processing /home/airflow/.local/lib/python3.12/site-packages/airflow/example_dags/example_sensor_decorator.py took 0.047 seconds
[2026-03-22T04:15:59.114+0000] {processor.py:161} INFO - Started process (PID=831) to work on /home/airflow/.local/lib/python3.12/site-packages/airflow/example_dags/example_sensor_decorator.py
[2026-03-22T04:15:59.115+0000] {processor.py:830} INFO - Processing file /home/airflow/.local/lib/python3.12/site-packages/airflow/example_dags/example_sensor_decorator.py for tasks to queue
[2026-03-22T04:15:59.117+0000] {logging_mixin.py:188} INFO - [2026-03-22T04:15:59.116+0000] {dagbag.py:545} INFO - Filling up the DagBag from /home/airflow/.local/lib/python3.12/site-packages/airflow/example_dags/example_sensor_decorator.py
[2026-03-22T04:15:59.121+0000] {processor.py:840} INFO - DAG(s) 'example_sensor_decorator' retrieved from /home/airflow/.local/lib/python3.12/site-packages/airflow/example_dags/example_sensor_decorator.py
[2026-03-22T04:15:59.133+0000] {logging_mixin.py:188} INFO - [2026-03-22T04:15:59.133+0000] {dag.py:3096} INFO - Sync 1 DAGs
[2026-03-22T04:15:59.145+0000] {logging_mixin.py:188} INFO - [2026-03-22T04:15:59.144+0000] {dag.py:3954} INFO - Setting next_dagrun for example_sensor_decorator to None, run_after=None
[2026-03-22T04:15:59.156+0000] {processor.py:183} INFO - Processing /home/airflow/.local/lib/python3.12/site-packages/airflow/example_dags/example_sensor_decorator.py took 0.045 seconds
[2026-03-22T04:16:51.313+0000] {processor.py:161} INFO - Started process (PID=889) to work on /home/airflow/.local/lib/python3.12/site-packages/airflow/example_dags/example_sensor_decorator.py
[2026-03-22T04:16:51.318+0000] {processor.py:830} INFO - Processing file /home/airflow/.local/lib/python3.12/site-packages/airflow/example_dags/example_sensor_decorator.py for tasks to queue
[2026-03-22T04:16:51.334+0000] {logging_mixin.py:188} INFO - [2026-03-22T04:16:51.332+0000] {dagbag.py:545} INFO - Filling up the DagBag from /home/airflow/.local/lib/python3.12/site-packages/airflow/example_dags/example_sensor_decorator.py
[2026-03-22T04:16:51.505+0000] {processor.py:840} INFO - DAG(s) 'example_sensor_decorator' retrieved from /home/airflow/.local/lib/python3.12/site-packages/airflow/example_dags/example_sensor_decorator.py
[2026-03-22T04:16:51.900+0000] {logging_mixin.py:188} INFO - [2026-03-22T04:16:51.897+0000] {dag.py:3096} INFO - Sync 1 DAGs
[2026-03-22T04:16:51.950+0000] {logging_mixin.py:188} INFO - [2026-03-22T04:16:51.950+0000] {dag.py:3954} INFO - Setting next_dagrun for example_sensor_decorator to None, run_after=None
[2026-03-22T04:16:52.170+0000] {processor.py:183} INFO - Processing /home/airflow/.local/lib/python3.12/site-packages/airflow/example_dags/example_sensor_decorator.py took 0.935 seconds
[2026-03-22T04:17:39.098+0000] {processor.py:161} INFO - Started process (PID=946) to work on /home/airflow/.local/lib/python3.12/site-packages/airflow/example_dags/example_sensor_decorator.py
[2026-03-22T04:17:39.099+0000] {processor.py:830} INFO - Processing file /home/airflow/.local/lib/python3.12/site-packages/airflow/example_dags/example_sensor_decorator.py for tasks to queue
[2026-03-22T04:17:39.104+0000] {logging_mixin.py:188} INFO - [2026-03-22T04:17:39.103+0000] {dagbag.py:545} INFO - Filling up the DagBag from /home/airflow/.local/lib/python3.12/site-packages/airflow/example_dags/example_sensor_decorator.py
[2026-03-22T04:17:39.112+0000] {processor.py:840} INFO - DAG(s) 'example_sensor_decorator' retrieved from /home/airflow/.local/lib/python3.12/site-packages/airflow/example_dags/example_sensor_decorator.py
[2026-03-22T04:17:39.142+0000] {logging_mixin.py:188} INFO - [2026-03-22T04:17:39.141+0000] {dag.py:3096} INFO - Sync 1 DAGs
[2026-03-22T04:17:39.158+0000] {logging_mixin.py:188} INFO - [2026-03-22T04:17:39.157+0000] {dag.py:3954} INFO - Setting next_dagrun for example_sensor_decorator to None, run_after=None
[2026-03-22T04:17:39.177+0000] {processor.py:183} INFO - Processing /home/airflow/.local/lib/python3.12/site-packages/airflow/example_dags/example_sensor_decorator.py took 0.083 seconds
[2026-03-22T04:18:09.222+0000] {processor.py:161} INFO - Started process (PID=1002) to work on /home/airflow/.local/lib/python3.12/site-packages/airflow/example_dags/example_sensor_decorator.py
[2026-03-22T04:18:09.224+0000] {processor.py:830} INFO - Processing file /home/airflow/.local/lib/python3.12/site-packages/airflow/example_dags/example_sensor_decorator.py for tasks to queue
[2026-03-22T04:18:09.229+0000] {logging_mixin.py:188} INFO - [2026-03-22T04:18:09.228+0000] {dagbag.py:545} INFO - Filling up the DagBag from /home/airflow/.local/lib/python3.12/site-packages/airflow/example_dags/example_sensor_decorator.py
[2026-03-22T04:18:09.234+0000] {processor.py:840} INFO - DAG(s) 'example_sensor_decorator' retrieved from /home/airflow/.local/lib/python3.12/site-packages/airflow/example_dags/example_sensor_decorator.py
[2026-03-22T04:18:09.245+0000] {logging_mixin.py:188} INFO - [2026-03-22T04:18:09.245+0000] {dag.py:3096} INFO - Sync 1 DAGs
[2026-03-22T04:18:09.251+0000] {logging_mixin.py:188} INFO - [2026-03-22T04:18:09.251+0000] {dag.py:3954} INFO - Setting next_dagrun for example_sensor_decorator to None, run_after=None
[2026-03-22T04:18:09.258+0000] {processor.py:183} INFO - Processing /home/airflow/.local/lib/python3.12/site-packages/airflow/example_dags/example_sensor_decorator.py took 0.040 seconds
[2026-03-22T04:18:40.052+0000] {processor.py:161} INFO - Started process (PID=1060) to work on /home/airflow/.local/lib/python3.12/site-packages/airflow/example_dags/example_sensor_decorator.py
[2026-03-22T04:18:40.052+0000] {processor.py:830} INFO - Processing file /home/airflow/.local/lib/python3.12/site-packages/airflow/example_dags/example_sensor_decorator.py for tasks to queue
[2026-03-22T04:18:40.053+0000] {logging_mixin.py:188} INFO - [2026-03-22T04:18:40.053+0000] {dagbag.py:545} INFO - Filling up the DagBag from /home/airflow/.local/lib/python3.12/site-packages/airflow/example_dags/example_sensor_decorator.py
[2026-03-22T04:18:40.056+0000] {processor.py:840} INFO - DAG(s) 'example_sensor_decorator' retrieved from /home/airflow/.local/lib/python3.12/site-packages/airflow/example_dags/example_sensor_decorator.py
[2026-03-22T04:18:40.067+0000] {logging_mixin.py:188} INFO - [2026-03-22T04:18:40.067+0000] {dag.py:3096} INFO - Sync 1 DAGs
[2026-03-22T04:18:40.073+0000] {logging_mixin.py:188} INFO - [2026-03-22T04:18:40.073+0000] {dag.py:3954} INFO - Setting next_dagrun for example_sensor_decorator to None, run_after=None
[2026-03-22T04:18:40.086+0000] {processor.py:183} INFO - Processing /home/airflow/.local/lib/python3.12/site-packages/airflow/example_dags/example_sensor_decorator.py took 0.039 seconds
[2026-03-22T04:19:10.499+0000] {processor.py:161} INFO - Started process (PID=1118) to work on /home/airflow/.local/lib/python3.12/site-packages/airflow/example_dags/example_sensor_decorator.py
[2026-03-22T04:19:10.502+0000] {processor.py:830} INFO - Processing file /home/airflow/.local/lib/python3.12/site-packages/airflow/example_dags/example_sensor_decorator.py for tasks to queue
[2026-03-22T04:19:10.505+0000] {logging_mixin.py:188} INFO - [2026-03-22T04:19:10.504+0000] {dagbag.py:545} INFO - Filling up the DagBag from /home/airflow/.local/lib/python3.12/site-packages/airflow/example_dags/example_sensor_decorator.py
[2026-03-22T04:19:10.509+0000] {processor.py:840} INFO - DAG(s) 'example_sensor_decorator' retrieved from /home/airflow/.local/lib/python3.12/site-packages/airflow/example_dags/example_sensor_decorator.py
[2026-03-22T04:19:10.524+0000] {logging_mixin.py:188} INFO - [2026-03-22T04:19:10.523+0000] {dag.py:3096} INFO - Sync 1 DAGs
[2026-03-22T04:19:10.532+0000] {logging_mixin.py:188} INFO - [2026-03-22T04:19:10.532+0000] {dag.py:3954} INFO - Setting next_dagrun for example_sensor_decorator to None, run_after=None
[2026-03-22T04:19:10.544+0000] {processor.py:183} INFO - Processing /home/airflow/.local/lib/python3.12/site-packages/airflow/example_dags/example_sensor_decorator.py took 0.049 seconds
[2026-03-22T04:19:40.619+0000] {processor.py:161} INFO - Started process (PID=1176) to work on /home/airflow/.local/lib/python3.12/site-packages/airflow/example_dags/example_sensor_decorator.py
[2026-03-22T04:19:40.619+0000] {processor.py:830} INFO - Processing file /home/airflow/.local/lib/python3.12/site-packages/airflow/example_dags/example_sensor_decorator.py for tasks to queue
[2026-03-22T04:19:40.621+0000] {logging_mixin.py:188} INFO - [2026-03-22T04:19:40.620+0000] {dagbag.py:545} INFO - Filling up the DagBag from /home/airflow/.local/lib/python3.12/site-packages/airflow/example_dags/example_sensor_decorator.py
[2026-03-22T04:19:40.624+0000] {processor.py:840} INFO - DAG(s) 'example_sensor_decorator' retrieved from /home/airflow/.local/lib/python3.12/site-packages/airflow/example_dags/example_sensor_decorator.py
[2026-03-22T04:19:40.635+0000] {logging_mixin.py:188} INFO - [2026-03-22T04:19:40.634+0000] {dag.py:3096} INFO - Sync 1 DAGs
[2026-03-22T04:19:40.648+0000] {logging_mixin.py:188} INFO - [2026-03-22T04:19:40.648+0000] {dag.py:3954} INFO - Setting next_dagrun for example_sensor_decorator to None, run_after=None
[2026-03-22T04:19:40.656+0000] {processor.py:183} INFO - Processing /home/airflow/.local/lib/python3.12/site-packages/airflow/example_dags/example_sensor_decorator.py took 0.041 seconds
[2026-03-22T04:20:11.407+0000] {processor.py:161} INFO - Started process (PID=1234) to work on /home/airflow/.local/lib/python3.12/site-packages/airflow/example_dags/example_sensor_decorator.py
[2026-03-22T04:20:11.408+0000] {processor.py:830} INFO - Processing file /home/airflow/.local/lib/python3.12/site-packages/airflow/example_dags/example_sensor_decorator.py for tasks to queue
[2026-03-22T04:20:11.409+0000] {logging_mixin.py:188} INFO - [2026-03-22T04:20:11.408+0000] {dagbag.py:545} INFO - Filling up the DagBag from /home/airflow/.local/lib/python3.12/site-packages/airflow/example_dags/example_sensor_decorator.py
[2026-03-22T04:20:11.412+0000] {processor.py:840} INFO - DAG(s) 'example_sensor_decorator' retrieved from /home/airflow/.local/lib/python3.12/site-packages/airflow/example_dags/example_sensor_decorator.py
[2026-03-22T04:20:11.423+0000] {logging_mixin.py:188} INFO - [2026-03-22T04:20:11.423+0000] {dag.py:3096} INFO - Sync 1 DAGs
[2026-03-22T04:20:11.429+0000] {logging_mixin.py:188} INFO - [2026-03-22T04:20:11.429+0000] {dag.py:3954} INFO - Setting next_dagrun for example_sensor_decorator to None, run_after=None
[2026-03-22T04:20:11.437+0000] {processor.py:183} INFO - Processing /home/airflow/.local/lib/python3.12/site-packages/airflow/example_dags/example_sensor_decorator.py took 0.035 seconds
[2026-03-22T04:20:42.076+0000] {processor.py:161} INFO - Started process (PID=1292) to work on /home/airflow/.local/lib/python3.12/site-packages/airflow/example_dags/example_sensor_decorator.py
[2026-03-22T04:20:42.077+0000] {processor.py:830} INFO - Processing file /home/airflow/.local/lib/python3.12/site-packages/airflow/example_dags/example_sensor_decorator.py for tasks to queue
[2026-03-22T04:20:42.078+0000] {logging_mixin.py:188} INFO - [2026-03-22T04:20:42.077+0000] {dagbag.py:545} INFO - Filling up the DagBag from /home/airflow/.local/lib/python3.12/site-packages/airflow/example_dags/example_sensor_decorator.py
[2026-03-22T04:20:42.081+0000] {processor.py:840} INFO - DAG(s) 'example_sensor_decorator' retrieved from /home/airflow/.local/lib/python3.12/site-packages/airflow/example_dags/example_sensor_decorator.py
[2026-03-22T04:20:42.094+0000] {logging_mixin.py:188} INFO - [2026-03-22T04:20:42.094+0000] {dag.py:3096} INFO - Sync 1 DAGs
[2026-03-22T04:20:42.099+0000] {logging_mixin.py:188} INFO - [2026-03-22T04:20:42.099+0000] {dag.py:3954} INFO - Setting next_dagrun for example_sensor_decorator to None, run_after=None
[2026-03-22T04:20:42.108+0000] {processor.py:183} INFO - Processing /home/airflow/.local/lib/python3.12/site-packages/airflow/example_dags/example_sensor_decorator.py took 0.035 seconds
[2026-03-22T04:21:12.965+0000] {processor.py:161} INFO - Started process (PID=1349) to work on /home/airflow/.local/lib/python3.12/site-packages/airflow/example_dags/example_sensor_decorator.py
[2026-03-22T04:21:12.966+0000] {processor.py:830} INFO - Processing file /home/airflow/.local/lib/python3.12/site-packages/airflow/example_dags/example_sensor_decorator.py for tasks to queue
[2026-03-22T04:21:12.967+0000] {logging_mixin.py:188} INFO - [2026-03-22T04:21:12.967+0000] {dagbag.py:545} INFO - Filling up the DagBag from /home/airflow/.local/lib/python3.12/site-packages/airflow/example_dags/example_sensor_decorator.py
[2026-03-22T04:21:12.970+0000] {processor.py:840} INFO - DAG(s) 'example_sensor_decorator' retrieved from /home/airflow/.local/lib/python3.12/site-packages/airflow/example_dags/example_sensor_decorator.py
[2026-03-22T04:21:12.981+0000] {logging_mixin.py:188} INFO - [2026-03-22T04:21:12.980+0000] {dag.py:3096} INFO - Sync 1 DAGs
[2026-03-22T04:21:12.986+0000] {logging_mixin.py:188} INFO - [2026-03-22T04:21:12.986+0000] {dag.py:3954} INFO - Setting next_dagrun for example_sensor_decorator to None, run_after=None
[2026-03-22T04:21:12.999+0000] {processor.py:183} INFO - Processing /home/airflow/.local/lib/python3.12/site-packages/airflow/example_dags/example_sensor_decorator.py took 0.036 seconds
[2026-03-22T04:21:43.182+0000] {processor.py:161} INFO - Started process (PID=1407) to work on /home/airflow/.local/lib/python3.12/site-packages/airflow/example_dags/example_sensor_decorator.py
[2026-03-22T04:21:43.183+0000] {processor.py:830} INFO - Processing file /home/airflow/.local/lib/python3.12/site-packages/airflow/example_dags/example_sensor_decorator.py for tasks to queue
[2026-03-22T04:21:43.184+0000] {logging_mixin.py:188} INFO - [2026-03-22T04:21:43.184+0000] {dagbag.py:545} INFO - Filling up the DagBag from /home/airflow/.local/lib/python3.12/site-packages/airflow/example_dags/example_sensor_decorator.py
[2026-03-22T04:21:43.188+0000] {processor.py:840} INFO - DAG(s) 'example_sensor_decorator' retrieved from /home/airflow/.local/lib/python3.12/site-packages/airflow/example_dags/example_sensor_decorator.py
[2026-03-22T04:21:43.203+0000] {logging_mixin.py:188} INFO - [2026-03-22T04:21:43.203+0000] {dag.py:3096} INFO - Sync 1 DAGs
[2026-03-22T04:21:43.218+0000] {logging_mixin.py:188} INFO - [2026-03-22T04:21:43.218+0000] {dag.py:3954} INFO - Setting next_dagrun for example_sensor_decorator to None, run_after=None
[2026-03-22T04:21:43.233+0000] {processor.py:183} INFO - Processing /home/airflow/.local/lib/python3.12/site-packages/airflow/example_dags/example_sensor_decorator.py took 0.053 seconds
[2026-03-22T04:23:05.468+0000] {processor.py:161} INFO - Started process (PID=1465) to work on /home/airflow/.local/lib/python3.12/site-packages/airflow/example_dags/example_sensor_decorator.py
[2026-03-22T04:23:05.470+0000] {processor.py:830} INFO - Processing file /home/airflow/.local/lib/python3.12/site-packages/airflow/example_dags/example_sensor_decorator.py for tasks to queue
[2026-03-22T04:23:05.482+0000] {logging_mixin.py:188} INFO - [2026-03-22T04:23:05.481+0000] {dagbag.py:545} INFO - Filling up the DagBag from /home/airflow/.local/lib/python3.12/site-packages/airflow/example_dags/example_sensor_decorator.py
[2026-03-22T04:23:05.507+0000] {processor.py:840} INFO - DAG(s) 'example_sensor_decorator' retrieved from /home/airflow/.local/lib/python3.12/site-packages/airflow/example_dags/example_sensor_decorator.py
[2026-03-22T04:23:05.549+0000] {logging_mixin.py:188} INFO - [2026-03-22T04:23:05.549+0000] {dag.py:3096} INFO - Sync 1 DAGs
[2026-03-22T04:23:05.568+0000] {logging_mixin.py:188} INFO - [2026-03-22T04:23:05.567+0000] {dag.py:3954} INFO - Setting next_dagrun for example_sensor_decorator to None, run_after=None
[2026-03-22T04:23:05.589+0000] {processor.py:183} INFO - Processing /home/airflow/.local/lib/python3.12/site-packages/airflow/example_dags/example_sensor_decorator.py took 0.140 seconds
[2026-03-22T04:23:35.607+0000] {processor.py:161} INFO - Started process (PID=1522) to work on /home/airflow/.local/lib/python3.12/site-packages/airflow/example_dags/example_sensor_decorator.py
[2026-03-22T04:23:35.608+0000] {processor.py:830} INFO - Processing file /home/airflow/.local/lib/python3.12/site-packages/airflow/example_dags/example_sensor_decorator.py for tasks to queue
[2026-03-22T04:23:35.609+0000] {logging_mixin.py:188} INFO - [2026-03-22T04:23:35.609+0000] {dagbag.py:545} INFO - Filling up the DagBag from /home/airflow/.local/lib/python3.12/site-packages/airflow/example_dags/example_sensor_decorator.py
[2026-03-22T04:23:35.616+0000] {processor.py:840} INFO - DAG(s) 'example_sensor_decorator' retrieved from /home/airflow/.local/lib/python3.12/site-packages/airflow/example_dags/example_sensor_decorator.py
[2026-03-22T04:23:35.637+0000] {logging_mixin.py:188} INFO - [2026-03-22T04:23:35.637+0000] {dag.py:3096} INFO - Sync 1 DAGs
[2026-03-22T04:23:35.644+0000] {logging_mixin.py:188} INFO - [2026-03-22T04:23:35.644+0000] {dag.py:3954} INFO - Setting next_dagrun for example_sensor_decorator to None, run_after=None
[2026-03-22T04:23:35.651+0000] {processor.py:183} INFO - Processing /home/airflow/.local/lib/python3.12/site-packages/airflow/example_dags/example_sensor_decorator.py took 0.048 seconds
[2026-03-22T04:24:06.354+0000] {processor.py:161} INFO - Started process (PID=1580) to work on /home/airflow/.local/lib/python3.12/site-packages/airflow/example_dags/example_sensor_decorator.py
[2026-03-22T04:24:06.356+0000] {processor.py:830} INFO - Processing file /home/airflow/.local/lib/python3.12/site-packages/airflow/example_dags/example_sensor_decorator.py for tasks to queue
[2026-03-22T04:24:06.360+0000] {logging_mixin.py:188} INFO - [2026-03-22T04:24:06.359+0000] {dagbag.py:545} INFO - Filling up the DagBag from /home/airflow/.local/lib/python3.12/site-packages/airflow/example_dags/example_sensor_decorator.py
[2026-03-22T04:24:06.367+0000] {processor.py:840} INFO - DAG(s) 'example_sensor_decorator' retrieved from /home/airflow/.local/lib/python3.12/site-packages/airflow/example_dags/example_sensor_decorator.py
[2026-03-22T04:24:06.407+0000] {logging_mixin.py:188} INFO - [2026-03-22T04:24:06.407+0000] {dag.py:3096} INFO - Sync 1 DAGs
[2026-03-22T04:24:06.417+0000] {logging_mixin.py:188} INFO - [2026-03-22T04:24:06.417+0000] {dag.py:3954} INFO - Setting next_dagrun for example_sensor_decorator to None, run_after=None
[2026-03-22T04:24:06.431+0000] {processor.py:183} INFO - Processing /home/airflow/.local/lib/python3.12/site-packages/airflow/example_dags/example_sensor_decorator.py took 0.089 seconds
[2026-03-22T04:25:24.189+0000] {processor.py:161} INFO - Started process (PID=1649) to work on /home/airflow/.local/lib/python3.12/site-packages/airflow/example_dags/example_sensor_decorator.py
[2026-03-22T04:25:24.195+0000] {processor.py:830} INFO - Processing file /home/airflow/.local/lib/python3.12/site-packages/airflow/example_dags/example_sensor_decorator.py for tasks to queue
[2026-03-22T04:25:24.213+0000] {logging_mixin.py:188} INFO - [2026-03-22T04:25:24.212+0000] {dagbag.py:545} INFO - Filling up the DagBag from /home/airflow/.local/lib/python3.12/site-packages/airflow/example_dags/example_sensor_decorator.py
[2026-03-22T04:25:24.247+0000] {processor.py:840} INFO - DAG(s) 'example_sensor_decorator' retrieved from /home/airflow/.local/lib/python3.12/site-packages/airflow/example_dags/example_sensor_decorator.py
[2026-03-22T04:25:24.462+0000] {logging_mixin.py:188} INFO - [2026-03-22T04:25:24.456+0000] {dag.py:3096} INFO - Sync 1 DAGs
[2026-03-22T04:25:24.518+0000] {logging_mixin.py:188} INFO - [2026-03-22T04:25:24.518+0000] {dag.py:3954} INFO - Setting next_dagrun for example_sensor_decorator to None, run_after=None
[2026-03-22T04:25:24.586+0000] {processor.py:183} INFO - Processing /home/airflow/.local/lib/python3.12/site-packages/airflow/example_dags/example_sensor_decorator.py took 0.413 seconds
[2026-03-22T04:25:54.914+0000] {processor.py:161} INFO - Started process (PID=1707) to work on /home/airflow/.local/lib/python3.12/site-packages/airflow/example_dags/example_sensor_decorator.py
[2026-03-22T04:25:54.915+0000] {processor.py:830} INFO - Processing file /home/airflow/.local/lib/python3.12/site-packages/airflow/example_dags/example_sensor_decorator.py for tasks to queue
[2026-03-22T04:25:54.916+0000] {logging_mixin.py:188} INFO - [2026-03-22T04:25:54.916+0000] {dagbag.py:545} INFO - Filling up the DagBag from /home/airflow/.local/lib/python3.12/site-packages/airflow/example_dags/example_sensor_decorator.py
[2026-03-22T04:25:54.920+0000] {processor.py:840} INFO - DAG(s) 'example_sensor_decorator' retrieved from /home/airflow/.local/lib/python3.12/site-packages/airflow/example_dags/example_sensor_decorator.py
[2026-03-22T04:25:54.935+0000] {logging_mixin.py:188} INFO - [2026-03-22T04:25:54.935+0000] {dag.py:3096} INFO - Sync 1 DAGs
[2026-03-22T04:25:54.942+0000] {logging_mixin.py:188} INFO - [2026-03-22T04:25:54.942+0000] {dag.py:3954} INFO - Setting next_dagrun for example_sensor_decorator to None, run_after=None
[2026-03-22T04:25:54.949+0000] {processor.py:183} INFO - Processing /home/airflow/.local/lib/python3.12/site-packages/airflow/example_dags/example_sensor_decorator.py took 0.039 seconds
[2026-03-22T04:28:23.754+0000] {processor.py:161} INFO - Started process (PID=1766) to work on /home/airflow/.local/lib/python3.12/site-packages/airflow/example_dags/example_sensor_decorator.py
[2026-03-22T04:28:23.763+0000] {processor.py:830} INFO - Processing file /home/airflow/.local/lib/python3.12/site-packages/airflow/example_dags/example_sensor_decorator.py for tasks to queue
[2026-03-22T04:28:23.788+0000] {logging_mixin.py:188} INFO - [2026-03-22T04:28:23.784+0000] {dagbag.py:545} INFO - Filling up the DagBag from /home/airflow/.local/lib/python3.12/site-packages/airflow/example_dags/example_sensor_decorator.py
[2026-03-22T04:28:23.919+0000] {processor.py:840} INFO - DAG(s) 'example_sensor_decorator' retrieved from /home/airflow/.local/lib/python3.12/site-packages/airflow/example_dags/example_sensor_decorator.py
[2026-03-22T04:28:24.421+0000] {logging_mixin.py:188} INFO - [2026-03-22T04:28:24.364+0000] {dag.py:3096} INFO - Sync 1 DAGs
[2026-03-22T04:28:24.821+0000] {logging_mixin.py:188} INFO - [2026-03-22T04:28:24.774+0000] {dag.py:3954} INFO - Setting next_dagrun for example_sensor_decorator to None, run_after=None
[2026-03-22T04:28:25.413+0000] {processor.py:183} INFO - Processing /home/airflow/.local/lib/python3.12/site-packages/airflow/example_dags/example_sensor_decorator.py took 1.926 seconds
[2026-03-22T04:34:13.315+0000] {processor.py:161} INFO - Started process (PID=1847) to work on /home/airflow/.local/lib/python3.12/site-packages/airflow/example_dags/example_sensor_decorator.py
[2026-03-22T04:34:13.355+0000] {processor.py:830} INFO - Processing file /home/airflow/.local/lib/python3.12/site-packages/airflow/example_dags/example_sensor_decorator.py for tasks to queue
[2026-03-22T04:34:13.390+0000] {logging_mixin.py:188} INFO - [2026-03-22T04:34:13.389+0000] {dagbag.py:545} INFO - Filling up the DagBag from /home/airflow/.local/lib/python3.12/site-packages/airflow/example_dags/example_sensor_decorator.py
[2026-03-22T04:34:13.690+0000] {processor.py:840} INFO - DAG(s) 'example_sensor_decorator' retrieved from /home/airflow/.local/lib/python3.12/site-packages/airflow/example_dags/example_sensor_decorator.py
[2026-03-22T04:34:15.406+0000] {logging_mixin.py:188} INFO - [2026-03-22T04:34:15.325+0000] {dag.py:3096} INFO - Sync 1 DAGs
[2026-03-22T04:34:15.673+0000] {logging_mixin.py:188} INFO - [2026-03-22T04:34:15.668+0000] {dag.py:3954} INFO - Setting next_dagrun for example_sensor_decorator to None, run_after=None
[2026-03-22T04:34:16.717+0000] {processor.py:183} INFO - Processing /home/airflow/.local/lib/python3.12/site-packages/airflow/example_dags/example_sensor_decorator.py took 5.563 seconds
[2026-03-22T04:37:24.092+0000] {processor.py:161} INFO - Started process (PID=1921) to work on /home/airflow/.local/lib/python3.12/site-packages/airflow/example_dags/example_sensor_decorator.py
[2026-03-22T04:37:24.113+0000] {processor.py:830} INFO - Processing file /home/airflow/.local/lib/python3.12/site-packages/airflow/example_dags/example_sensor_decorator.py for tasks to queue
[2026-03-22T04:37:24.139+0000] {logging_mixin.py:188} INFO - [2026-03-22T04:37:24.138+0000] {dagbag.py:545} INFO - Filling up the DagBag from /home/airflow/.local/lib/python3.12/site-packages/airflow/example_dags/example_sensor_decorator.py
[2026-03-22T04:37:24.538+0000] {processor.py:840} INFO - DAG(s) 'example_sensor_decorator' retrieved from /home/airflow/.local/lib/python3.12/site-packages/airflow/example_dags/example_sensor_decorator.py
[2026-03-22T04:37:25.283+0000] {logging_mixin.py:188} INFO - [2026-03-22T04:37:25.274+0000] {dag.py:3096} INFO - Sync 1 DAGs
[2026-03-22T04:37:25.466+0000] {logging_mixin.py:188} INFO - [2026-03-22T04:37:25.465+0000] {dag.py:3954} INFO - Setting next_dagrun for example_sensor_decorator to None, run_after=None
[2026-03-22T04:37:26.079+0000] {processor.py:183} INFO - Processing /home/airflow/.local/lib/python3.12/site-packages/airflow/example_dags/example_sensor_decorator.py took 2.048 seconds
[2026-03-22T04:39:16.577+0000] {processor.py:161} INFO - Started process (PID=1980) to work on /home/airflow/.local/lib/python3.12/site-packages/airflow/example_dags/example_sensor_decorator.py
[2026-03-22T04:39:16.594+0000] {processor.py:830} INFO - Processing file /home/airflow/.local/lib/python3.12/site-packages/airflow/example_dags/example_sensor_decorator.py for tasks to queue
[2026-03-22T04:39:16.618+0000] {logging_mixin.py:188} INFO - [2026-03-22T04:39:16.614+0000] {dagbag.py:545} INFO - Filling up the DagBag from /home/airflow/.local/lib/python3.12/site-packages/airflow/example_dags/example_sensor_decorator.py
[2026-03-22T04:39:17.126+0000] {processor.py:840} INFO - DAG(s) 'example_sensor_decorator' retrieved from /home/airflow/.local/lib/python3.12/site-packages/airflow/example_dags/example_sensor_decorator.py
[2026-03-22T04:39:17.945+0000] {logging_mixin.py:188} INFO - [2026-03-22T04:39:17.922+0000] {dag.py:3096} INFO - Sync 1 DAGs
[2026-03-22T04:39:18.216+0000] {logging_mixin.py:188} INFO - [2026-03-22T04:39:18.189+0000] {dag.py:3954} INFO - Setting next_dagrun for example_sensor_decorator to None, run_after=None
[2026-03-22T04:39:18.900+0000] {processor.py:183} INFO - Processing /home/airflow/.local/lib/python3.12/site-packages/airflow/example_dags/example_sensor_decorator.py took 2.415 seconds
[2026-03-22T04:40:22.763+0000] {processor.py:161} INFO - Started process (PID=2044) to work on /home/airflow/.local/lib/python3.12/site-packages/airflow/example_dags/example_sensor_decorator.py
[2026-03-22T04:40:22.778+0000] {processor.py:830} INFO - Processing file /home/airflow/.local/lib/python3.12/site-packages/airflow/example_dags/example_sensor_decorator.py for tasks to queue
[2026-03-22T04:40:22.798+0000] {logging_mixin.py:188} INFO - [2026-03-22T04:40:22.795+0000] {dagbag.py:545} INFO - Filling up the DagBag from /home/airflow/.local/lib/python3.12/site-packages/airflow/example_dags/example_sensor_decorator.py
[2026-03-22T04:40:23.127+0000] {processor.py:840} INFO - DAG(s) 'example_sensor_decorator' retrieved from /home/airflow/.local/lib/python3.12/site-packages/airflow/example_dags/example_sensor_decorator.py
[2026-03-22T04:40:24.182+0000] {logging_mixin.py:188} INFO - [2026-03-22T04:40:24.156+0000] {dag.py:3096} INFO - Sync 1 DAGs
[2026-03-22T04:40:25.293+0000] {logging_mixin.py:188} INFO - [2026-03-22T04:40:25.200+0000] {dag.py:3954} INFO - Setting next_dagrun for example_sensor_decorator to None, run_after=None
[2026-03-22T04:40:26.343+0000] {processor.py:183} INFO - Processing /home/airflow/.local/lib/python3.12/site-packages/airflow/example_dags/example_sensor_decorator.py took 3.811 seconds
[2026-03-22T04:41:25.382+0000] {processor.py:161} INFO - Started process (PID=2110) to work on /home/airflow/.local/lib/python3.12/site-packages/airflow/example_dags/example_sensor_decorator.py
[2026-03-22T04:41:25.389+0000] {processor.py:830} INFO - Processing file /home/airflow/.local/lib/python3.12/site-packages/airflow/example_dags/example_sensor_decorator.py for tasks to queue
[2026-03-22T04:41:25.411+0000] {logging_mixin.py:188} INFO - [2026-03-22T04:41:25.409+0000] {dagbag.py:545} INFO - Filling up the DagBag from /home/airflow/.local/lib/python3.12/site-packages/airflow/example_dags/example_sensor_decorator.py
[2026-03-22T04:41:25.466+0000] {processor.py:840} INFO - DAG(s) 'example_sensor_decorator' retrieved from /home/airflow/.local/lib/python3.12/site-packages/airflow/example_dags/example_sensor_decorator.py
[2026-03-22T04:41:25.757+0000] {logging_mixin.py:188} INFO - [2026-03-22T04:41:25.751+0000] {dag.py:3096} INFO - Sync 1 DAGs
[2026-03-22T04:41:25.929+0000] {logging_mixin.py:188} INFO - [2026-03-22T04:41:25.928+0000] {dag.py:3954} INFO - Setting next_dagrun for example_sensor_decorator to None, run_after=None
[2026-03-22T04:41:26.053+0000] {processor.py:183} INFO - Processing /home/airflow/.local/lib/python3.12/site-packages/airflow/example_dags/example_sensor_decorator.py took 0.702 seconds
[2026-03-22T04:42:08.987+0000] {processor.py:161} INFO - Started process (PID=2153) to work on /home/airflow/.local/lib/python3.12/site-packages/airflow/example_dags/example_sensor_decorator.py
[2026-03-22T04:42:09.001+0000] {processor.py:830} INFO - Processing file /home/airflow/.local/lib/python3.12/site-packages/airflow/example_dags/example_sensor_decorator.py for tasks to queue
[2026-03-22T04:42:09.023+0000] {logging_mixin.py:188} INFO - [2026-03-22T04:42:09.022+0000] {dagbag.py:545} INFO - Filling up the DagBag from /home/airflow/.local/lib/python3.12/site-packages/airflow/example_dags/example_sensor_decorator.py
[2026-03-22T04:42:09.237+0000] {processor.py:840} INFO - DAG(s) 'example_sensor_decorator' retrieved from /home/airflow/.local/lib/python3.12/site-packages/airflow/example_dags/example_sensor_decorator.py
[2026-03-22T04:42:09.887+0000] {logging_mixin.py:188} INFO - [2026-03-22T04:42:09.878+0000] {dag.py:3096} INFO - Sync 1 DAGs
[2026-03-22T04:42:10.050+0000] {logging_mixin.py:188} INFO - [2026-03-22T04:42:10.045+0000] {dag.py:3954} INFO - Setting next_dagrun for example_sensor_decorator to None, run_after=None
[2026-03-22T04:42:10.193+0000] {processor.py:183} INFO - Processing /home/airflow/.local/lib/python3.12/site-packages/airflow/example_dags/example_sensor_decorator.py took 1.314 seconds
[2026-03-22T04:42:41.117+0000] {processor.py:161} INFO - Started process (PID=2211) to work on /home/airflow/.local/lib/python3.12/site-packages/airflow/example_dags/example_sensor_decorator.py
[2026-03-22T04:42:41.140+0000] {processor.py:830} INFO - Processing file /home/airflow/.local/lib/python3.12/site-packages/airflow/example_dags/example_sensor_decorator.py for tasks to queue
[2026-03-22T04:42:41.239+0000] {logging_mixin.py:188} INFO - [2026-03-22T04:42:41.209+0000] {dagbag.py:545} INFO - Filling up the DagBag from /home/airflow/.local/lib/python3.12/site-packages/airflow/example_dags/example_sensor_decorator.py
[2026-03-22T04:42:41.388+0000] {processor.py:840} INFO - DAG(s) 'example_sensor_decorator' retrieved from /home/airflow/.local/lib/python3.12/site-packages/airflow/example_dags/example_sensor_decorator.py
[2026-03-22T04:42:42.038+0000] {logging_mixin.py:188} INFO - [2026-03-22T04:42:42.035+0000] {dag.py:3096} INFO - Sync 1 DAGs
[2026-03-22T04:42:42.476+0000] {logging_mixin.py:188} INFO - [2026-03-22T04:42:42.465+0000] {dag.py:3954} INFO - Setting next_dagrun for example_sensor_decorator to None, run_after=None
[2026-03-22T04:42:42.622+0000] {processor.py:183} INFO - Processing /home/airflow/.local/lib/python3.12/site-packages/airflow/example_dags/example_sensor_decorator.py took 1.582 seconds
[2026-03-22T04:43:13.387+0000] {processor.py:161} INFO - Started process (PID=2269) to work on /home/airflow/.local/lib/python3.12/site-packages/airflow/example_dags/example_sensor_decorator.py
[2026-03-22T04:43:13.391+0000] {processor.py:830} INFO - Processing file /home/airflow/.local/lib/python3.12/site-packages/airflow/example_dags/example_sensor_decorator.py for tasks to queue
[2026-03-22T04:43:13.397+0000] {logging_mixin.py:188} INFO - [2026-03-22T04:43:13.396+0000] {dagbag.py:545} INFO - Filling up the DagBag from /home/airflow/.local/lib/python3.12/site-packages/airflow/example_dags/example_sensor_decorator.py
[2026-03-22T04:43:13.418+0000] {processor.py:840} INFO - DAG(s) 'example_sensor_decorator' retrieved from /home/airflow/.local/lib/python3.12/site-packages/airflow/example_dags/example_sensor_decorator.py
[2026-03-22T04:43:13.466+0000] {logging_mixin.py:188} INFO - [2026-03-22T04:43:13.466+0000] {dag.py:3096} INFO - Sync 1 DAGs
[2026-03-22T04:43:13.486+0000] {logging_mixin.py:188} INFO - [2026-03-22T04:43:13.486+0000] {dag.py:3954} INFO - Setting next_dagrun for example_sensor_decorator to None, run_after=None
[2026-03-22T04:43:13.518+0000] {processor.py:183} INFO - Processing /home/airflow/.local/lib/python3.12/site-packages/airflow/example_dags/example_sensor_decorator.py took 0.151 seconds
[2026-03-22T04:43:43.566+0000] {processor.py:161} INFO - Started process (PID=2327) to work on /home/airflow/.local/lib/python3.12/site-packages/airflow/example_dags/example_sensor_decorator.py
[2026-03-22T04:43:43.568+0000] {processor.py:830} INFO - Processing file /home/airflow/.local/lib/python3.12/site-packages/airflow/example_dags/example_sensor_decorator.py for tasks to queue
[2026-03-22T04:43:43.570+0000] {logging_mixin.py:188} INFO - [2026-03-22T04:43:43.570+0000] {dagbag.py:545} INFO - Filling up the DagBag from /home/airflow/.local/lib/python3.12/site-packages/airflow/example_dags/example_sensor_decorator.py
[2026-03-22T04:43:43.575+0000] {processor.py:840} INFO - DAG(s) 'example_sensor_decorator' retrieved from /home/airflow/.local/lib/python3.12/site-packages/airflow/example_dags/example_sensor_decorator.py
[2026-03-22T04:43:43.586+0000] {logging_mixin.py:188} INFO - [2026-03-22T04:43:43.586+0000] {dag.py:3096} INFO - Sync 1 DAGs
[2026-03-22T04:43:43.608+0000] {logging_mixin.py:188} INFO - [2026-03-22T04:43:43.608+0000] {dag.py:3954} INFO - Setting next_dagrun for example_sensor_decorator to None, run_after=None
[2026-03-22T04:43:43.617+0000] {processor.py:183} INFO - Processing /home/airflow/.local/lib/python3.12/site-packages/airflow/example_dags/example_sensor_decorator.py took 0.058 seconds
[2026-03-22T04:44:14.414+0000] {processor.py:161} INFO - Started process (PID=2385) to work on /home/airflow/.local/lib/python3.12/site-packages/airflow/example_dags/example_sensor_decorator.py
[2026-03-22T04:44:14.420+0000] {processor.py:830} INFO - Processing file /home/airflow/.local/lib/python3.12/site-packages/airflow/example_dags/example_sensor_decorator.py for tasks to queue
[2026-03-22T04:44:14.429+0000] {logging_mixin.py:188} INFO - [2026-03-22T04:44:14.429+0000] {dagbag.py:545} INFO - Filling up the DagBag from /home/airflow/.local/lib/python3.12/site-packages/airflow/example_dags/example_sensor_decorator.py
[2026-03-22T04:44:14.464+0000] {processor.py:840} INFO - DAG(s) 'example_sensor_decorator' retrieved from /home/airflow/.local/lib/python3.12/site-packages/airflow/example_dags/example_sensor_decorator.py
[2026-03-22T04:44:14.524+0000] {logging_mixin.py:188} INFO - [2026-03-22T04:44:14.524+0000] {dag.py:3096} INFO - Sync 1 DAGs
[2026-03-22T04:44:14.557+0000] {logging_mixin.py:188} INFO - [2026-03-22T04:44:14.557+0000] {dag.py:3954} INFO - Setting next_dagrun for example_sensor_decorator to None, run_after=None
[2026-03-22T04:44:14.593+0000] {processor.py:183} INFO - Processing /home/airflow/.local/lib/python3.12/site-packages/airflow/example_dags/example_sensor_decorator.py took 0.201 seconds
[2026-03-22T04:44:45.187+0000] {processor.py:161} INFO - Started process (PID=2443) to work on /home/airflow/.local/lib/python3.12/site-packages/airflow/example_dags/example_sensor_decorator.py
[2026-03-22T04:44:45.189+0000] {processor.py:830} INFO - Processing file /home/airflow/.local/lib/python3.12/site-packages/airflow/example_dags/example_sensor_decorator.py for tasks to queue
[2026-03-22T04:44:45.197+0000] {logging_mixin.py:188} INFO - [2026-03-22T04:44:45.196+0000] {dagbag.py:545} INFO - Filling up the DagBag from /home/airflow/.local/lib/python3.12/site-packages/airflow/example_dags/example_sensor_decorator.py
[2026-03-22T04:44:45.240+0000] {processor.py:840} INFO - DAG(s) 'example_sensor_decorator' retrieved from /home/airflow/.local/lib/python3.12/site-packages/airflow/example_dags/example_sensor_decorator.py
[2026-03-22T04:44:45.316+0000] {logging_mixin.py:188} INFO - [2026-03-22T04:44:45.315+0000] {dag.py:3096} INFO - Sync 1 DAGs
[2026-03-22T04:44:45.361+0000] {logging_mixin.py:188} INFO - [2026-03-22T04:44:45.361+0000] {dag.py:3954} INFO - Setting next_dagrun for example_sensor_decorator to None, run_after=None
[2026-03-22T04:44:45.394+0000] {processor.py:183} INFO - Processing /home/airflow/.local/lib/python3.12/site-packages/airflow/example_dags/example_sensor_decorator.py took 0.224 seconds
[2026-03-22T04:45:16.009+0000] {processor.py:161} INFO - Started process (PID=2501) to work on /home/airflow/.local/lib/python3.12/site-packages/airflow/example_dags/example_sensor_decorator.py
[2026-03-22T04:45:16.015+0000] {processor.py:830} INFO - Processing file /home/airflow/.local/lib/python3.12/site-packages/airflow/example_dags/example_sensor_decorator.py for tasks to queue
[2026-03-22T04:45:16.026+0000] {logging_mixin.py:188} INFO - [2026-03-22T04:45:16.026+0000] {dagbag.py:545} INFO - Filling up the DagBag from /home/airflow/.local/lib/python3.12/site-packages/airflow/example_dags/example_sensor_decorator.py
[2026-03-22T04:45:16.061+0000] {processor.py:840} INFO - DAG(s) 'example_sensor_decorator' retrieved from /home/airflow/.local/lib/python3.12/site-packages/airflow/example_dags/example_sensor_decorator.py
[2026-03-22T04:45:16.138+0000] {logging_mixin.py:188} INFO - [2026-03-22T04:45:16.138+0000] {dag.py:3096} INFO - Sync 1 DAGs
[2026-03-22T04:45:16.162+0000] {logging_mixin.py:188} INFO - [2026-03-22T04:45:16.161+0000] {dag.py:3954} INFO - Setting next_dagrun for example_sensor_decorator to None, run_after=None
[2026-03-22T04:45:16.188+0000] {processor.py:183} INFO - Processing /home/airflow/.local/lib/python3.12/site-packages/airflow/example_dags/example_sensor_decorator.py took 0.197 seconds
[2026-03-22T04:45:46.273+0000] {processor.py:161} INFO - Started process (PID=2558) to work on /home/airflow/.local/lib/python3.12/site-packages/airflow/example_dags/example_sensor_decorator.py
[2026-03-22T04:45:46.274+0000] {processor.py:830} INFO - Processing file /home/airflow/.local/lib/python3.12/site-packages/airflow/example_dags/example_sensor_decorator.py for tasks to queue
[2026-03-22T04:45:46.283+0000] {logging_mixin.py:188} INFO - [2026-03-22T04:45:46.282+0000] {dagbag.py:545} INFO - Filling up the DagBag from /home/airflow/.local/lib/python3.12/site-packages/airflow/example_dags/example_sensor_decorator.py
[2026-03-22T04:45:46.300+0000] {processor.py:840} INFO - DAG(s) 'example_sensor_decorator' retrieved from /home/airflow/.local/lib/python3.12/site-packages/airflow/example_dags/example_sensor_decorator.py
[2026-03-22T04:45:46.343+0000] {logging_mixin.py:188} INFO - [2026-03-22T04:45:46.342+0000] {dag.py:3096} INFO - Sync 1 DAGs
[2026-03-22T04:45:46.365+0000] {logging_mixin.py:188} INFO - [2026-03-22T04:45:46.365+0000] {dag.py:3954} INFO - Setting next_dagrun for example_sensor_decorator to None, run_after=None
[2026-03-22T04:45:46.386+0000] {processor.py:183} INFO - Processing /home/airflow/.local/lib/python3.12/site-packages/airflow/example_dags/example_sensor_decorator.py took 0.125 seconds
[2026-03-22T04:46:17.715+0000] {processor.py:161} INFO - Started process (PID=2616) to work on /home/airflow/.local/lib/python3.12/site-packages/airflow/example_dags/example_sensor_decorator.py
[2026-03-22T04:46:17.785+0000] {processor.py:830} INFO - Processing file /home/airflow/.local/lib/python3.12/site-packages/airflow/example_dags/example_sensor_decorator.py for tasks to queue
[2026-03-22T04:46:17.841+0000] {logging_mixin.py:188} INFO - [2026-03-22T04:46:17.836+0000] {dagbag.py:545} INFO - Filling up the DagBag from /home/airflow/.local/lib/python3.12/site-packages/airflow/example_dags/example_sensor_decorator.py
[2026-03-22T04:46:17.939+0000] {processor.py:840} INFO - DAG(s) 'example_sensor_decorator' retrieved from /home/airflow/.local/lib/python3.12/site-packages/airflow/example_dags/example_sensor_decorator.py
[2026-03-22T04:46:18.356+0000] {logging_mixin.py:188} INFO - [2026-03-22T04:46:18.352+0000] {dag.py:3096} INFO - Sync 1 DAGs
[2026-03-22T04:46:18.446+0000] {logging_mixin.py:188} INFO - [2026-03-22T04:46:18.446+0000] {dag.py:3954} INFO - Setting next_dagrun for example_sensor_decorator to None, run_after=None
[2026-03-22T04:46:18.569+0000] {processor.py:183} INFO - Processing /home/airflow/.local/lib/python3.12/site-packages/airflow/example_dags/example_sensor_decorator.py took 0.961 seconds
[2026-03-22T04:46:49.612+0000] {processor.py:161} INFO - Started process (PID=2674) to work on /home/airflow/.local/lib/python3.12/site-packages/airflow/example_dags/example_sensor_decorator.py
[2026-03-22T04:46:49.619+0000] {processor.py:830} INFO - Processing file /home/airflow/.local/lib/python3.12/site-packages/airflow/example_dags/example_sensor_decorator.py for tasks to queue
[2026-03-22T04:46:49.628+0000] {logging_mixin.py:188} INFO - [2026-03-22T04:46:49.625+0000] {dagbag.py:545} INFO - Filling up the DagBag from /home/airflow/.local/lib/python3.12/site-packages/airflow/example_dags/example_sensor_decorator.py
[2026-03-22T04:46:49.658+0000] {processor.py:840} INFO - DAG(s) 'example_sensor_decorator' retrieved from /home/airflow/.local/lib/python3.12/site-packages/airflow/example_dags/example_sensor_decorator.py
[2026-03-22T04:46:49.721+0000] {logging_mixin.py:188} INFO - [2026-03-22T04:46:49.721+0000] {dag.py:3096} INFO - Sync 1 DAGs
[2026-03-22T04:46:49.752+0000] {logging_mixin.py:188} INFO - [2026-03-22T04:46:49.751+0000] {dag.py:3954} INFO - Setting next_dagrun for example_sensor_decorator to None, run_after=None
[2026-03-22T04:46:49.773+0000] {processor.py:183} INFO - Processing /home/airflow/.local/lib/python3.12/site-packages/airflow/example_dags/example_sensor_decorator.py took 0.192 seconds
[2026-03-22T04:47:20.546+0000] {processor.py:161} INFO - Started process (PID=2732) to work on /home/airflow/.local/lib/python3.12/site-packages/airflow/example_dags/example_sensor_decorator.py
[2026-03-22T04:47:20.550+0000] {processor.py:830} INFO - Processing file /home/airflow/.local/lib/python3.12/site-packages/airflow/example_dags/example_sensor_decorator.py for tasks to queue
[2026-03-22T04:47:20.556+0000] {logging_mixin.py:188} INFO - [2026-03-22T04:47:20.554+0000] {dagbag.py:545} INFO - Filling up the DagBag from /home/airflow/.local/lib/python3.12/site-packages/airflow/example_dags/example_sensor_decorator.py
[2026-03-22T04:47:20.583+0000] {processor.py:840} INFO - DAG(s) 'example_sensor_decorator' retrieved from /home/airflow/.local/lib/python3.12/site-packages/airflow/example_dags/example_sensor_decorator.py
[2026-03-22T04:47:20.717+0000] {logging_mixin.py:188} INFO - [2026-03-22T04:47:20.717+0000] {dag.py:3096} INFO - Sync 1 DAGs
[2026-03-22T04:47:20.743+0000] {logging_mixin.py:188} INFO - [2026-03-22T04:47:20.743+0000] {dag.py:3954} INFO - Setting next_dagrun for example_sensor_decorator to None, run_after=None
[2026-03-22T04:47:20.781+0000] {processor.py:183} INFO - Processing /home/airflow/.local/lib/python3.12/site-packages/airflow/example_dags/example_sensor_decorator.py took 0.254 seconds
[2026-03-22T04:47:51.726+0000] {processor.py:161} INFO - Started process (PID=2790) to work on /home/airflow/.local/lib/python3.12/site-packages/airflow/example_dags/example_sensor_decorator.py
[2026-03-22T04:47:51.728+0000] {processor.py:830} INFO - Processing file /home/airflow/.local/lib/python3.12/site-packages/airflow/example_dags/example_sensor_decorator.py for tasks to queue
[2026-03-22T04:47:51.732+0000] {logging_mixin.py:188} INFO - [2026-03-22T04:47:51.731+0000] {dagbag.py:545} INFO - Filling up the DagBag from /home/airflow/.local/lib/python3.12/site-packages/airflow/example_dags/example_sensor_decorator.py
[2026-03-22T04:47:51.752+0000] {processor.py:840} INFO - DAG(s) 'example_sensor_decorator' retrieved from /home/airflow/.local/lib/python3.12/site-packages/airflow/example_dags/example_sensor_decorator.py
[2026-03-22T04:47:51.817+0000] {logging_mixin.py:188} INFO - [2026-03-22T04:47:51.817+0000] {dag.py:3096} INFO - Sync 1 DAGs
[2026-03-22T04:47:51.859+0000] {logging_mixin.py:188} INFO - [2026-03-22T04:47:51.859+0000] {dag.py:3954} INFO - Setting next_dagrun for example_sensor_decorator to None, run_after=None
[2026-03-22T04:47:51.899+0000] {processor.py:183} INFO - Processing /home/airflow/.local/lib/python3.12/site-packages/airflow/example_dags/example_sensor_decorator.py took 0.189 seconds
[2026-03-22T04:48:22.692+0000] {processor.py:161} INFO - Started process (PID=2848) to work on /home/airflow/.local/lib/python3.12/site-packages/airflow/example_dags/example_sensor_decorator.py
[2026-03-22T04:48:22.700+0000] {processor.py:830} INFO - Processing file /home/airflow/.local/lib/python3.12/site-packages/airflow/example_dags/example_sensor_decorator.py for tasks to queue
[2026-03-22T04:48:22.704+0000] {logging_mixin.py:188} INFO - [2026-03-22T04:48:22.703+0000] {dagbag.py:545} INFO - Filling up the DagBag from /home/airflow/.local/lib/python3.12/site-packages/airflow/example_dags/example_sensor_decorator.py
[2026-03-22T04:48:22.729+0000] {processor.py:840} INFO - DAG(s) 'example_sensor_decorator' retrieved from /home/airflow/.local/lib/python3.12/site-packages/airflow/example_dags/example_sensor_decorator.py
[2026-03-22T04:48:22.793+0000] {logging_mixin.py:188} INFO - [2026-03-22T04:48:22.792+0000] {dag.py:3096} INFO - Sync 1 DAGs
[2026-03-22T04:48:22.824+0000] {logging_mixin.py:188} INFO - [2026-03-22T04:48:22.823+0000] {dag.py:3954} INFO - Setting next_dagrun for example_sensor_decorator to None, run_after=None
[2026-03-22T04:48:22.854+0000] {processor.py:183} INFO - Processing /home/airflow/.local/lib/python3.12/site-packages/airflow/example_dags/example_sensor_decorator.py took 0.178 seconds
[2026-03-22T04:48:53.522+0000] {processor.py:161} INFO - Started process (PID=2906) to work on /home/airflow/.local/lib/python3.12/site-packages/airflow/example_dags/example_sensor_decorator.py
[2026-03-22T04:48:53.524+0000] {processor.py:830} INFO - Processing file /home/airflow/.local/lib/python3.12/site-packages/airflow/example_dags/example_sensor_decorator.py for tasks to queue
[2026-03-22T04:48:53.533+0000] {logging_mixin.py:188} INFO - [2026-03-22T04:48:53.531+0000] {dagbag.py:545} INFO - Filling up the DagBag from /home/airflow/.local/lib/python3.12/site-packages/airflow/example_dags/example_sensor_decorator.py
[2026-03-22T04:48:53.562+0000] {processor.py:840} INFO - DAG(s) 'example_sensor_decorator' retrieved from /home/airflow/.local/lib/python3.12/site-packages/airflow/example_dags/example_sensor_decorator.py
[2026-03-22T04:48:53.708+0000] {logging_mixin.py:188} INFO - [2026-03-22T04:48:53.707+0000] {dag.py:3096} INFO - Sync 1 DAGs
[2026-03-22T04:48:53.738+0000] {logging_mixin.py:188} INFO - [2026-03-22T04:48:53.738+0000] {dag.py:3954} INFO - Setting next_dagrun for example_sensor_decorator to None, run_after=None
[2026-03-22T04:48:53.763+0000] {processor.py:183} INFO - Processing /home/airflow/.local/lib/python3.12/site-packages/airflow/example_dags/example_sensor_decorator.py took 0.267 seconds
[2026-03-22T04:49:24.277+0000] {processor.py:161} INFO - Started process (PID=2965) to work on /home/airflow/.local/lib/python3.12/site-packages/airflow/example_dags/example_sensor_decorator.py
[2026-03-22T04:49:24.278+0000] {processor.py:830} INFO - Processing file /home/airflow/.local/lib/python3.12/site-packages/airflow/example_dags/example_sensor_decorator.py for tasks to queue
[2026-03-22T04:49:24.283+0000] {logging_mixin.py:188} INFO - [2026-03-22T04:49:24.282+0000] {dagbag.py:545} INFO - Filling up the DagBag from /home/airflow/.local/lib/python3.12/site-packages/airflow/example_dags/example_sensor_decorator.py
[2026-03-22T04:49:24.319+0000] {processor.py:840} INFO - DAG(s) 'example_sensor_decorator' retrieved from /home/airflow/.local/lib/python3.12/site-packages/airflow/example_dags/example_sensor_decorator.py
[2026-03-22T04:49:24.402+0000] {logging_mixin.py:188} INFO - [2026-03-22T04:49:24.402+0000] {dag.py:3096} INFO - Sync 1 DAGs
[2026-03-22T04:49:24.444+0000] {logging_mixin.py:188} INFO - [2026-03-22T04:49:24.444+0000] {dag.py:3954} INFO - Setting next_dagrun for example_sensor_decorator to None, run_after=None
[2026-03-22T04:49:24.491+0000] {processor.py:183} INFO - Processing /home/airflow/.local/lib/python3.12/site-packages/airflow/example_dags/example_sensor_decorator.py took 0.230 seconds
[2026-03-22T04:49:55.285+0000] {processor.py:161} INFO - Started process (PID=3024) to work on /home/airflow/.local/lib/python3.12/site-packages/airflow/example_dags/example_sensor_decorator.py
[2026-03-22T04:49:55.286+0000] {processor.py:830} INFO - Processing file /home/airflow/.local/lib/python3.12/site-packages/airflow/example_dags/example_sensor_decorator.py for tasks to queue
[2026-03-22T04:49:55.288+0000] {logging_mixin.py:188} INFO - [2026-03-22T04:49:55.288+0000] {dagbag.py:545} INFO - Filling up the DagBag from /home/airflow/.local/lib/python3.12/site-packages/airflow/example_dags/example_sensor_decorator.py
[2026-03-22T04:49:55.310+0000] {processor.py:840} INFO - DAG(s) 'example_sensor_decorator' retrieved from /home/airflow/.local/lib/python3.12/site-packages/airflow/example_dags/example_sensor_decorator.py
[2026-03-22T04:49:55.354+0000] {logging_mixin.py:188} INFO - [2026-03-22T04:49:55.354+0000] {dag.py:3096} INFO - Sync 1 DAGs
[2026-03-22T04:49:55.373+0000] {logging_mixin.py:188} INFO - [2026-03-22T04:49:55.372+0000] {dag.py:3954} INFO - Setting next_dagrun for example_sensor_decorator to None, run_after=None
[2026-03-22T04:49:55.403+0000] {processor.py:183} INFO - Processing /home/airflow/.local/lib/python3.12/site-packages/airflow/example_dags/example_sensor_decorator.py took 0.134 seconds
[2026-03-22T04:50:28.347+0000] {processor.py:161} INFO - Started process (PID=3089) to work on /home/airflow/.local/lib/python3.12/site-packages/airflow/example_dags/example_sensor_decorator.py
[2026-03-22T04:50:28.350+0000] {processor.py:830} INFO - Processing file /home/airflow/.local/lib/python3.12/site-packages/airflow/example_dags/example_sensor_decorator.py for tasks to queue
[2026-03-22T04:50:28.361+0000] {logging_mixin.py:188} INFO - [2026-03-22T04:50:28.361+0000] {dagbag.py:545} INFO - Filling up the DagBag from /home/airflow/.local/lib/python3.12/site-packages/airflow/example_dags/example_sensor_decorator.py
[2026-03-22T04:50:28.413+0000] {processor.py:840} INFO - DAG(s) 'example_sensor_decorator' retrieved from /home/airflow/.local/lib/python3.12/site-packages/airflow/example_dags/example_sensor_decorator.py
[2026-03-22T04:50:28.508+0000] {logging_mixin.py:188} INFO - [2026-03-22T04:50:28.508+0000] {dag.py:3096} INFO - Sync 1 DAGs
[2026-03-22T04:50:28.537+0000] {logging_mixin.py:188} INFO - [2026-03-22T04:50:28.537+0000] {dag.py:3954} INFO - Setting next_dagrun for example_sensor_decorator to None, run_after=None
[2026-03-22T04:50:28.575+0000] {processor.py:183} INFO - Processing /home/airflow/.local/lib/python3.12/site-packages/airflow/example_dags/example_sensor_decorator.py took 0.243 seconds
[2026-03-22T04:50:58.708+0000] {processor.py:161} INFO - Started process (PID=3146) to work on /home/airflow/.local/lib/python3.12/site-packages/airflow/example_dags/example_sensor_decorator.py
[2026-03-22T04:50:58.708+0000] {processor.py:830} INFO - Processing file /home/airflow/.local/lib/python3.12/site-packages/airflow/example_dags/example_sensor_decorator.py for tasks to queue
[2026-03-22T04:50:58.712+0000] {logging_mixin.py:188} INFO - [2026-03-22T04:50:58.712+0000] {dagbag.py:545} INFO - Filling up the DagBag from /home/airflow/.local/lib/python3.12/site-packages/airflow/example_dags/example_sensor_decorator.py
[2026-03-22T04:50:58.723+0000] {processor.py:840} INFO - DAG(s) 'example_sensor_decorator' retrieved from /home/airflow/.local/lib/python3.12/site-packages/airflow/example_dags/example_sensor_decorator.py
[2026-03-22T04:50:58.748+0000] {logging_mixin.py:188} INFO - [2026-03-22T04:50:58.748+0000] {dag.py:3096} INFO - Sync 1 DAGs
[2026-03-22T04:50:58.766+0000] {logging_mixin.py:188} INFO - [2026-03-22T04:50:58.765+0000] {dag.py:3954} INFO - Setting next_dagrun for example_sensor_decorator to None, run_after=None
[2026-03-22T04:50:58.793+0000] {processor.py:183} INFO - Processing /home/airflow/.local/lib/python3.12/site-packages/airflow/example_dags/example_sensor_decorator.py took 0.089 seconds
[2026-03-22T04:51:28.980+0000] {processor.py:161} INFO - Started process (PID=3203) to work on /home/airflow/.local/lib/python3.12/site-packages/airflow/example_dags/example_sensor_decorator.py
[2026-03-22T04:51:28.982+0000] {processor.py:830} INFO - Processing file /home/airflow/.local/lib/python3.12/site-packages/airflow/example_dags/example_sensor_decorator.py for tasks to queue
[2026-03-22T04:51:28.987+0000] {logging_mixin.py:188} INFO - [2026-03-22T04:51:28.987+0000] {dagbag.py:545} INFO - Filling up the DagBag from /home/airflow/.local/lib/python3.12/site-packages/airflow/example_dags/example_sensor_decorator.py
[2026-03-22T04:51:29.008+0000] {processor.py:840} INFO - DAG(s) 'example_sensor_decorator' retrieved from /home/airflow/.local/lib/python3.12/site-packages/airflow/example_dags/example_sensor_decorator.py
[2026-03-22T04:51:29.120+0000] {logging_mixin.py:188} INFO - [2026-03-22T04:51:29.119+0000] {dag.py:3096} INFO - Sync 1 DAGs
[2026-03-22T04:51:29.450+0000] {logging_mixin.py:188} INFO - [2026-03-22T04:51:29.441+0000] {dag.py:3954} INFO - Setting next_dagrun for example_sensor_decorator to None, run_after=None
[2026-03-22T04:51:29.626+0000] {processor.py:183} INFO - Processing /home/airflow/.local/lib/python3.12/site-packages/airflow/example_dags/example_sensor_decorator.py took 0.657 seconds
[2026-03-22T04:55:50.125+0000] {processor.py:161} INFO - Started process (PID=131) to work on /home/airflow/.local/lib/python3.12/site-packages/airflow/example_dags/example_sensor_decorator.py
[2026-03-22T04:55:50.126+0000] {processor.py:830} INFO - Processing file /home/airflow/.local/lib/python3.12/site-packages/airflow/example_dags/example_sensor_decorator.py for tasks to queue
[2026-03-22T04:55:50.128+0000] {logging_mixin.py:188} INFO - [2026-03-22T04:55:50.128+0000] {dagbag.py:545} INFO - Filling up the DagBag from /home/airflow/.local/lib/python3.12/site-packages/airflow/example_dags/example_sensor_decorator.py
[2026-03-22T04:55:50.139+0000] {processor.py:840} INFO - DAG(s) 'example_sensor_decorator' retrieved from /home/airflow/.local/lib/python3.12/site-packages/airflow/example_dags/example_sensor_decorator.py
[2026-03-22T04:55:50.213+0000] {logging_mixin.py:188} INFO - [2026-03-22T04:55:50.213+0000] {dag.py:3096} INFO - Sync 1 DAGs
[2026-03-22T04:55:50.220+0000] {logging_mixin.py:188} INFO - [2026-03-22T04:55:50.220+0000] {dag.py:3954} INFO - Setting next_dagrun for example_sensor_decorator to None, run_after=None
[2026-03-22T04:55:50.241+0000] {processor.py:183} INFO - Processing /home/airflow/.local/lib/python3.12/site-packages/airflow/example_dags/example_sensor_decorator.py took 0.122 seconds
[2026-03-22T04:56:20.393+0000] {processor.py:161} INFO - Started process (PID=190) to work on /home/airflow/.local/lib/python3.12/site-packages/airflow/example_dags/example_sensor_decorator.py
[2026-03-22T04:56:20.394+0000] {processor.py:830} INFO - Processing file /home/airflow/.local/lib/python3.12/site-packages/airflow/example_dags/example_sensor_decorator.py for tasks to queue
[2026-03-22T04:56:20.395+0000] {logging_mixin.py:188} INFO - [2026-03-22T04:56:20.395+0000] {dagbag.py:545} INFO - Filling up the DagBag from /home/airflow/.local/lib/python3.12/site-packages/airflow/example_dags/example_sensor_decorator.py
[2026-03-22T04:56:20.401+0000] {processor.py:840} INFO - DAG(s) 'example_sensor_decorator' retrieved from /home/airflow/.local/lib/python3.12/site-packages/airflow/example_dags/example_sensor_decorator.py
[2026-03-22T04:56:20.410+0000] {logging_mixin.py:188} INFO - [2026-03-22T04:56:20.409+0000] {dag.py:3096} INFO - Sync 1 DAGs
[2026-03-22T04:56:20.421+0000] {logging_mixin.py:188} INFO - [2026-03-22T04:56:20.421+0000] {dag.py:3954} INFO - Setting next_dagrun for example_sensor_decorator to None, run_after=None
[2026-03-22T04:56:20.452+0000] {processor.py:183} INFO - Processing /home/airflow/.local/lib/python3.12/site-packages/airflow/example_dags/example_sensor_decorator.py took 0.062 seconds
[2026-03-22T04:56:52.567+0000] {processor.py:161} INFO - Started process (PID=249) to work on /home/airflow/.local/lib/python3.12/site-packages/airflow/example_dags/example_sensor_decorator.py
[2026-03-22T04:56:52.570+0000] {processor.py:830} INFO - Processing file /home/airflow/.local/lib/python3.12/site-packages/airflow/example_dags/example_sensor_decorator.py for tasks to queue
[2026-03-22T04:56:52.572+0000] {logging_mixin.py:188} INFO - [2026-03-22T04:56:52.572+0000] {dagbag.py:545} INFO - Filling up the DagBag from /home/airflow/.local/lib/python3.12/site-packages/airflow/example_dags/example_sensor_decorator.py
[2026-03-22T04:56:52.581+0000] {processor.py:840} INFO - DAG(s) 'example_sensor_decorator' retrieved from /home/airflow/.local/lib/python3.12/site-packages/airflow/example_dags/example_sensor_decorator.py
[2026-03-22T04:56:52.612+0000] {logging_mixin.py:188} INFO - [2026-03-22T04:56:52.611+0000] {dag.py:3096} INFO - Sync 1 DAGs
[2026-03-22T04:56:52.635+0000] {logging_mixin.py:188} INFO - [2026-03-22T04:56:52.634+0000] {dag.py:3954} INFO - Setting next_dagrun for example_sensor_decorator to None, run_after=None
[2026-03-22T04:56:52.660+0000] {processor.py:183} INFO - Processing /home/airflow/.local/lib/python3.12/site-packages/airflow/example_dags/example_sensor_decorator.py took 0.097 seconds
[2026-03-22T05:00:09.001+0000] {processor.py:161} INFO - Started process (PID=337) to work on /home/airflow/.local/lib/python3.12/site-packages/airflow/example_dags/example_sensor_decorator.py
[2026-03-22T05:00:09.302+0000] {processor.py:830} INFO - Processing file /home/airflow/.local/lib/python3.12/site-packages/airflow/example_dags/example_sensor_decorator.py for tasks to queue
[2026-03-22T05:00:09.404+0000] {logging_mixin.py:188} INFO - [2026-03-22T05:00:09.351+0000] {dagbag.py:545} INFO - Filling up the DagBag from /home/airflow/.local/lib/python3.12/site-packages/airflow/example_dags/example_sensor_decorator.py
[2026-03-22T05:00:09.799+0000] {processor.py:840} INFO - DAG(s) 'example_sensor_decorator' retrieved from /home/airflow/.local/lib/python3.12/site-packages/airflow/example_dags/example_sensor_decorator.py
[2026-03-22T05:00:11.916+0000] {logging_mixin.py:188} INFO - [2026-03-22T05:00:11.760+0000] {dag.py:3096} INFO - Sync 1 DAGs
[2026-03-22T05:00:12.655+0000] {logging_mixin.py:188} INFO - [2026-03-22T05:00:12.478+0000] {dag.py:3954} INFO - Setting next_dagrun for example_sensor_decorator to None, run_after=None
[2026-03-22T05:00:15.968+0000] {processor.py:183} INFO - Processing /home/airflow/.local/lib/python3.12/site-packages/airflow/example_dags/example_sensor_decorator.py took 7.526 seconds
[2026-03-22T05:06:48.582+0000] {processor.py:161} INFO - Started process (PID=439) to work on /home/airflow/.local/lib/python3.12/site-packages/airflow/example_dags/example_sensor_decorator.py
[2026-03-22T05:06:48.613+0000] {processor.py:830} INFO - Processing file /home/airflow/.local/lib/python3.12/site-packages/airflow/example_dags/example_sensor_decorator.py for tasks to queue
[2026-03-22T05:06:48.702+0000] {logging_mixin.py:188} INFO - [2026-03-22T05:06:48.701+0000] {dagbag.py:545} INFO - Filling up the DagBag from /home/airflow/.local/lib/python3.12/site-packages/airflow/example_dags/example_sensor_decorator.py
[2026-03-22T05:06:48.881+0000] {processor.py:840} INFO - DAG(s) 'example_sensor_decorator' retrieved from /home/airflow/.local/lib/python3.12/site-packages/airflow/example_dags/example_sensor_decorator.py
[2026-03-22T05:06:50.478+0000] {logging_mixin.py:188} INFO - [2026-03-22T05:06:50.437+0000] {dag.py:3096} INFO - Sync 1 DAGs
[2026-03-22T05:06:51.211+0000] {logging_mixin.py:188} INFO - [2026-03-22T05:06:51.177+0000] {dag.py:3954} INFO - Setting next_dagrun for example_sensor_decorator to None, run_after=None
[2026-03-22T05:06:51.843+0000] {processor.py:183} INFO - Processing /home/airflow/.local/lib/python3.12/site-packages/airflow/example_dags/example_sensor_decorator.py took 3.465 seconds
[2026-03-22T05:28:50.437+0000] {processor.py:161} INFO - Started process (PID=88) to work on /home/airflow/.local/lib/python3.12/site-packages/airflow/example_dags/example_sensor_decorator.py
[2026-03-22T05:28:50.443+0000] {processor.py:830} INFO - Processing file /home/airflow/.local/lib/python3.12/site-packages/airflow/example_dags/example_sensor_decorator.py for tasks to queue
[2026-03-22T05:28:50.458+0000] {logging_mixin.py:188} INFO - [2026-03-22T05:28:50.453+0000] {dagbag.py:545} INFO - Filling up the DagBag from /home/airflow/.local/lib/python3.12/site-packages/airflow/example_dags/example_sensor_decorator.py
[2026-03-22T05:28:50.570+0000] {processor.py:840} INFO - DAG(s) 'example_sensor_decorator' retrieved from /home/airflow/.local/lib/python3.12/site-packages/airflow/example_dags/example_sensor_decorator.py
[2026-03-22T05:28:52.163+0000] {logging_mixin.py:188} INFO - [2026-03-22T05:28:52.158+0000] {dag.py:3096} INFO - Sync 1 DAGs
[2026-03-22T05:28:52.213+0000] {logging_mixin.py:188} INFO - [2026-03-22T05:28:52.213+0000] {dag.py:3954} INFO - Setting next_dagrun for example_sensor_decorator to None, run_after=None
[2026-03-22T05:28:52.343+0000] {processor.py:183} INFO - Processing /home/airflow/.local/lib/python3.12/site-packages/airflow/example_dags/example_sensor_decorator.py took 1.960 seconds
[2026-03-22T05:29:24.409+0000] {processor.py:161} INFO - Started process (PID=147) to work on /home/airflow/.local/lib/python3.12/site-packages/airflow/example_dags/example_sensor_decorator.py
[2026-03-22T05:29:24.421+0000] {processor.py:830} INFO - Processing file /home/airflow/.local/lib/python3.12/site-packages/airflow/example_dags/example_sensor_decorator.py for tasks to queue
[2026-03-22T05:29:24.427+0000] {logging_mixin.py:188} INFO - [2026-03-22T05:29:24.426+0000] {dagbag.py:545} INFO - Filling up the DagBag from /home/airflow/.local/lib/python3.12/site-packages/airflow/example_dags/example_sensor_decorator.py
[2026-03-22T05:29:24.468+0000] {processor.py:840} INFO - DAG(s) 'example_sensor_decorator' retrieved from /home/airflow/.local/lib/python3.12/site-packages/airflow/example_dags/example_sensor_decorator.py
[2026-03-22T05:29:24.620+0000] {logging_mixin.py:188} INFO - [2026-03-22T05:29:24.619+0000] {dag.py:3096} INFO - Sync 1 DAGs
[2026-03-22T05:29:24.652+0000] {logging_mixin.py:188} INFO - [2026-03-22T05:29:24.652+0000] {dag.py:3954} INFO - Setting next_dagrun for example_sensor_decorator to None, run_after=None
[2026-03-22T05:29:24.709+0000] {processor.py:183} INFO - Processing /home/airflow/.local/lib/python3.12/site-packages/airflow/example_dags/example_sensor_decorator.py took 0.314 seconds
[2026-03-22T05:29:56.317+0000] {processor.py:161} INFO - Started process (PID=205) to work on /home/airflow/.local/lib/python3.12/site-packages/airflow/example_dags/example_sensor_decorator.py
[2026-03-22T05:29:56.355+0000] {processor.py:830} INFO - Processing file /home/airflow/.local/lib/python3.12/site-packages/airflow/example_dags/example_sensor_decorator.py for tasks to queue
[2026-03-22T05:29:56.399+0000] {logging_mixin.py:188} INFO - [2026-03-22T05:29:56.383+0000] {dagbag.py:545} INFO - Filling up the DagBag from /home/airflow/.local/lib/python3.12/site-packages/airflow/example_dags/example_sensor_decorator.py
[2026-03-22T05:29:56.467+0000] {processor.py:840} INFO - DAG(s) 'example_sensor_decorator' retrieved from /home/airflow/.local/lib/python3.12/site-packages/airflow/example_dags/example_sensor_decorator.py
[2026-03-22T05:29:56.650+0000] {logging_mixin.py:188} INFO - [2026-03-22T05:29:56.649+0000] {dag.py:3096} INFO - Sync 1 DAGs
[2026-03-22T05:29:56.728+0000] {logging_mixin.py:188} INFO - [2026-03-22T05:29:56.725+0000] {dag.py:3954} INFO - Setting next_dagrun for example_sensor_decorator to None, run_after=None
[2026-03-22T05:29:56.838+0000] {processor.py:183} INFO - Processing /home/airflow/.local/lib/python3.12/site-packages/airflow/example_dags/example_sensor_decorator.py took 0.548 seconds
[2026-03-22T05:30:27.262+0000] {processor.py:161} INFO - Started process (PID=263) to work on /home/airflow/.local/lib/python3.12/site-packages/airflow/example_dags/example_sensor_decorator.py
[2026-03-22T05:30:27.263+0000] {processor.py:830} INFO - Processing file /home/airflow/.local/lib/python3.12/site-packages/airflow/example_dags/example_sensor_decorator.py for tasks to queue
[2026-03-22T05:30:27.267+0000] {logging_mixin.py:188} INFO - [2026-03-22T05:30:27.266+0000] {dagbag.py:545} INFO - Filling up the DagBag from /home/airflow/.local/lib/python3.12/site-packages/airflow/example_dags/example_sensor_decorator.py
[2026-03-22T05:30:27.280+0000] {processor.py:840} INFO - DAG(s) 'example_sensor_decorator' retrieved from /home/airflow/.local/lib/python3.12/site-packages/airflow/example_dags/example_sensor_decorator.py
[2026-03-22T05:30:27.404+0000] {logging_mixin.py:188} INFO - [2026-03-22T05:30:27.396+0000] {dag.py:3096} INFO - Sync 1 DAGs
[2026-03-22T05:30:27.441+0000] {logging_mixin.py:188} INFO - [2026-03-22T05:30:27.437+0000] {dag.py:3954} INFO - Setting next_dagrun for example_sensor_decorator to None, run_after=None
[2026-03-22T05:30:27.567+0000] {processor.py:183} INFO - Processing /home/airflow/.local/lib/python3.12/site-packages/airflow/example_dags/example_sensor_decorator.py took 0.316 seconds
[2026-03-22T05:30:57.651+0000] {processor.py:161} INFO - Started process (PID=321) to work on /home/airflow/.local/lib/python3.12/site-packages/airflow/example_dags/example_sensor_decorator.py
[2026-03-22T05:30:57.655+0000] {processor.py:830} INFO - Processing file /home/airflow/.local/lib/python3.12/site-packages/airflow/example_dags/example_sensor_decorator.py for tasks to queue
[2026-03-22T05:30:57.666+0000] {logging_mixin.py:188} INFO - [2026-03-22T05:30:57.660+0000] {dagbag.py:545} INFO - Filling up the DagBag from /home/airflow/.local/lib/python3.12/site-packages/airflow/example_dags/example_sensor_decorator.py
[2026-03-22T05:30:57.722+0000] {processor.py:840} INFO - DAG(s) 'example_sensor_decorator' retrieved from /home/airflow/.local/lib/python3.12/site-packages/airflow/example_dags/example_sensor_decorator.py
[2026-03-22T05:30:57.807+0000] {logging_mixin.py:188} INFO - [2026-03-22T05:30:57.806+0000] {dag.py:3096} INFO - Sync 1 DAGs
[2026-03-22T05:30:57.841+0000] {logging_mixin.py:188} INFO - [2026-03-22T05:30:57.840+0000] {dag.py:3954} INFO - Setting next_dagrun for example_sensor_decorator to None, run_after=None
[2026-03-22T05:30:57.905+0000] {processor.py:183} INFO - Processing /home/airflow/.local/lib/python3.12/site-packages/airflow/example_dags/example_sensor_decorator.py took 0.263 seconds
[2026-03-22T05:31:28.338+0000] {processor.py:161} INFO - Started process (PID=379) to work on /home/airflow/.local/lib/python3.12/site-packages/airflow/example_dags/example_sensor_decorator.py
[2026-03-22T05:31:28.341+0000] {processor.py:830} INFO - Processing file /home/airflow/.local/lib/python3.12/site-packages/airflow/example_dags/example_sensor_decorator.py for tasks to queue
[2026-03-22T05:31:28.353+0000] {logging_mixin.py:188} INFO - [2026-03-22T05:31:28.353+0000] {dagbag.py:545} INFO - Filling up the DagBag from /home/airflow/.local/lib/python3.12/site-packages/airflow/example_dags/example_sensor_decorator.py
[2026-03-22T05:31:28.414+0000] {processor.py:840} INFO - DAG(s) 'example_sensor_decorator' retrieved from /home/airflow/.local/lib/python3.12/site-packages/airflow/example_dags/example_sensor_decorator.py
[2026-03-22T05:31:28.655+0000] {logging_mixin.py:188} INFO - [2026-03-22T05:31:28.654+0000] {dag.py:3096} INFO - Sync 1 DAGs
[2026-03-22T05:31:28.703+0000] {logging_mixin.py:188} INFO - [2026-03-22T05:31:28.703+0000] {dag.py:3954} INFO - Setting next_dagrun for example_sensor_decorator to None, run_after=None
[2026-03-22T05:31:28.948+0000] {processor.py:183} INFO - Processing /home/airflow/.local/lib/python3.12/site-packages/airflow/example_dags/example_sensor_decorator.py took 0.633 seconds
[2026-03-22T05:31:59.723+0000] {processor.py:161} INFO - Started process (PID=438) to work on /home/airflow/.local/lib/python3.12/site-packages/airflow/example_dags/example_sensor_decorator.py
[2026-03-22T05:31:59.738+0000] {processor.py:830} INFO - Processing file /home/airflow/.local/lib/python3.12/site-packages/airflow/example_dags/example_sensor_decorator.py for tasks to queue
[2026-03-22T05:31:59.751+0000] {logging_mixin.py:188} INFO - [2026-03-22T05:31:59.750+0000] {dagbag.py:545} INFO - Filling up the DagBag from /home/airflow/.local/lib/python3.12/site-packages/airflow/example_dags/example_sensor_decorator.py
[2026-03-22T05:31:59.829+0000] {processor.py:840} INFO - DAG(s) 'example_sensor_decorator' retrieved from /home/airflow/.local/lib/python3.12/site-packages/airflow/example_dags/example_sensor_decorator.py
[2026-03-22T05:32:00.133+0000] {logging_mixin.py:188} INFO - [2026-03-22T05:32:00.124+0000] {dag.py:3096} INFO - Sync 1 DAGs
[2026-03-22T05:32:00.223+0000] {logging_mixin.py:188} INFO - [2026-03-22T05:32:00.223+0000] {dag.py:3954} INFO - Setting next_dagrun for example_sensor_decorator to None, run_after=None
[2026-03-22T05:32:00.412+0000] {processor.py:183} INFO - Processing /home/airflow/.local/lib/python3.12/site-packages/airflow/example_dags/example_sensor_decorator.py took 0.728 seconds
[2026-03-22T05:32:44.105+0000] {processor.py:161} INFO - Started process (PID=498) to work on /home/airflow/.local/lib/python3.12/site-packages/airflow/example_dags/example_sensor_decorator.py
[2026-03-22T05:32:44.132+0000] {processor.py:830} INFO - Processing file /home/airflow/.local/lib/python3.12/site-packages/airflow/example_dags/example_sensor_decorator.py for tasks to queue
[2026-03-22T05:32:44.196+0000] {logging_mixin.py:188} INFO - [2026-03-22T05:32:44.187+0000] {dagbag.py:545} INFO - Filling up the DagBag from /home/airflow/.local/lib/python3.12/site-packages/airflow/example_dags/example_sensor_decorator.py
[2026-03-22T05:32:44.287+0000] {processor.py:840} INFO - DAG(s) 'example_sensor_decorator' retrieved from /home/airflow/.local/lib/python3.12/site-packages/airflow/example_dags/example_sensor_decorator.py
[2026-03-22T05:32:44.367+0000] {logging_mixin.py:188} INFO - [2026-03-22T05:32:44.366+0000] {dag.py:3096} INFO - Sync 1 DAGs
[2026-03-22T05:32:44.412+0000] {logging_mixin.py:188} INFO - [2026-03-22T05:32:44.410+0000] {dag.py:3954} INFO - Setting next_dagrun for example_sensor_decorator to None, run_after=None
[2026-03-22T05:32:44.617+0000] {processor.py:183} INFO - Processing /home/airflow/.local/lib/python3.12/site-packages/airflow/example_dags/example_sensor_decorator.py took 0.547 seconds
[2026-03-22T05:34:35.522+0000] {processor.py:161} INFO - Started process (PID=556) to work on /home/airflow/.local/lib/python3.12/site-packages/airflow/example_dags/example_sensor_decorator.py
[2026-03-22T05:34:35.577+0000] {processor.py:830} INFO - Processing file /home/airflow/.local/lib/python3.12/site-packages/airflow/example_dags/example_sensor_decorator.py for tasks to queue
[2026-03-22T05:34:35.676+0000] {logging_mixin.py:188} INFO - [2026-03-22T05:34:35.619+0000] {dagbag.py:545} INFO - Filling up the DagBag from /home/airflow/.local/lib/python3.12/site-packages/airflow/example_dags/example_sensor_decorator.py
[2026-03-22T05:34:36.266+0000] {processor.py:840} INFO - DAG(s) 'example_sensor_decorator' retrieved from /home/airflow/.local/lib/python3.12/site-packages/airflow/example_dags/example_sensor_decorator.py
[2026-03-22T05:34:38.745+0000] {logging_mixin.py:188} INFO - [2026-03-22T05:34:38.648+0000] {dag.py:3096} INFO - Sync 1 DAGs
[2026-03-22T05:34:38.904+0000] {logging_mixin.py:188} INFO - [2026-03-22T05:34:38.904+0000] {dag.py:3954} INFO - Setting next_dagrun for example_sensor_decorator to None, run_after=None
[2026-03-22T05:34:39.828+0000] {processor.py:183} INFO - Processing /home/airflow/.local/lib/python3.12/site-packages/airflow/example_dags/example_sensor_decorator.py took 4.412 seconds
[2026-03-22T05:38:20.096+0000] {processor.py:161} INFO - Started process (PID=627) to work on /home/airflow/.local/lib/python3.12/site-packages/airflow/example_dags/example_sensor_decorator.py
[2026-03-22T05:38:20.137+0000] {processor.py:830} INFO - Processing file /home/airflow/.local/lib/python3.12/site-packages/airflow/example_dags/example_sensor_decorator.py for tasks to queue
[2026-03-22T05:38:20.198+0000] {logging_mixin.py:188} INFO - [2026-03-22T05:38:20.150+0000] {dagbag.py:545} INFO - Filling up the DagBag from /home/airflow/.local/lib/python3.12/site-packages/airflow/example_dags/example_sensor_decorator.py
[2026-03-22T05:38:20.430+0000] {processor.py:840} INFO - DAG(s) 'example_sensor_decorator' retrieved from /home/airflow/.local/lib/python3.12/site-packages/airflow/example_dags/example_sensor_decorator.py
[2026-03-22T05:38:23.233+0000] {logging_mixin.py:188} INFO - [2026-03-22T05:38:23.221+0000] {dag.py:3096} INFO - Sync 1 DAGs
[2026-03-22T05:38:24.011+0000] {logging_mixin.py:188} INFO - [2026-03-22T05:38:23.961+0000] {dag.py:3954} INFO - Setting next_dagrun for example_sensor_decorator to None, run_after=None
[2026-03-22T05:38:25.639+0000] {processor.py:183} INFO - Processing /home/airflow/.local/lib/python3.12/site-packages/airflow/example_dags/example_sensor_decorator.py took 5.855 seconds
[2026-03-22T05:42:41.606+0000] {processor.py:161} INFO - Started process (PID=686) to work on /home/airflow/.local/lib/python3.12/site-packages/airflow/example_dags/example_sensor_decorator.py
[2026-03-22T05:42:41.630+0000] {processor.py:830} INFO - Processing file /home/airflow/.local/lib/python3.12/site-packages/airflow/example_dags/example_sensor_decorator.py for tasks to queue
[2026-03-22T05:42:41.667+0000] {logging_mixin.py:188} INFO - [2026-03-22T05:42:41.636+0000] {dagbag.py:545} INFO - Filling up the DagBag from /home/airflow/.local/lib/python3.12/site-packages/airflow/example_dags/example_sensor_decorator.py
[2026-03-22T05:42:42.011+0000] {processor.py:840} INFO - DAG(s) 'example_sensor_decorator' retrieved from /home/airflow/.local/lib/python3.12/site-packages/airflow/example_dags/example_sensor_decorator.py
[2026-03-22T05:42:43.983+0000] {logging_mixin.py:188} INFO - [2026-03-22T05:42:43.973+0000] {dag.py:3096} INFO - Sync 1 DAGs
[2026-03-22T05:42:44.656+0000] {logging_mixin.py:188} INFO - [2026-03-22T05:42:44.553+0000] {dag.py:3954} INFO - Setting next_dagrun for example_sensor_decorator to None, run_after=None
[2026-03-22T05:42:46.424+0000] {processor.py:183} INFO - Processing /home/airflow/.local/lib/python3.12/site-packages/airflow/example_dags/example_sensor_decorator.py took 4.881 seconds
[2026-03-22T05:46:25.822+0000] {processor.py:161} INFO - Started process (PID=759) to work on /home/airflow/.local/lib/python3.12/site-packages/airflow/example_dags/example_sensor_decorator.py
[2026-03-22T05:46:25.899+0000] {processor.py:830} INFO - Processing file /home/airflow/.local/lib/python3.12/site-packages/airflow/example_dags/example_sensor_decorator.py for tasks to queue
[2026-03-22T05:46:25.945+0000] {logging_mixin.py:188} INFO - [2026-03-22T05:46:25.918+0000] {dagbag.py:545} INFO - Filling up the DagBag from /home/airflow/.local/lib/python3.12/site-packages/airflow/example_dags/example_sensor_decorator.py
[2026-03-22T05:46:26.259+0000] {processor.py:840} INFO - DAG(s) 'example_sensor_decorator' retrieved from /home/airflow/.local/lib/python3.12/site-packages/airflow/example_dags/example_sensor_decorator.py
[2026-03-22T05:46:28.124+0000] {logging_mixin.py:188} INFO - [2026-03-22T05:46:28.107+0000] {dag.py:3096} INFO - Sync 1 DAGs
[2026-03-22T05:46:28.601+0000] {logging_mixin.py:188} INFO - [2026-03-22T05:46:28.513+0000] {dag.py:3954} INFO - Setting next_dagrun for example_sensor_decorator to None, run_after=None
[2026-03-22T05:46:29.865+0000] {processor.py:183} INFO - Processing /home/airflow/.local/lib/python3.12/site-packages/airflow/example_dags/example_sensor_decorator.py took 4.359 seconds
[2026-03-22T05:53:41.399+0000] {processor.py:161} INFO - Started process (PID=862) to work on /home/airflow/.local/lib/python3.12/site-packages/airflow/example_dags/example_sensor_decorator.py
[2026-03-22T05:53:41.458+0000] {processor.py:830} INFO - Processing file /home/airflow/.local/lib/python3.12/site-packages/airflow/example_dags/example_sensor_decorator.py for tasks to queue
[2026-03-22T05:53:41.599+0000] {logging_mixin.py:188} INFO - [2026-03-22T05:53:41.484+0000] {dagbag.py:545} INFO - Filling up the DagBag from /home/airflow/.local/lib/python3.12/site-packages/airflow/example_dags/example_sensor_decorator.py
[2026-03-22T05:53:42.655+0000] {processor.py:840} INFO - DAG(s) 'example_sensor_decorator' retrieved from /home/airflow/.local/lib/python3.12/site-packages/airflow/example_dags/example_sensor_decorator.py
[2026-03-22T05:53:49.847+0000] {logging_mixin.py:188} INFO - [2026-03-22T05:53:49.344+0000] {dag.py:3096} INFO - Sync 1 DAGs
[2026-03-22T05:54:16.622+0000] {logging_mixin.py:188} INFO - [2026-03-22T05:54:15.734+0000] {dag.py:3954} INFO - Setting next_dagrun for example_sensor_decorator to None, run_after=None
[2026-03-22T05:54:29.816+0000] {processor.py:183} INFO - Processing /home/airflow/.local/lib/python3.12/site-packages/airflow/example_dags/example_sensor_decorator.py took 48.906 seconds
[2026-03-22T06:02:10.416+0000] {processor.py:161} INFO - Started process (PID=968) to work on /home/airflow/.local/lib/python3.12/site-packages/airflow/example_dags/example_sensor_decorator.py
[2026-03-22T06:02:10.448+0000] {processor.py:830} INFO - Processing file /home/airflow/.local/lib/python3.12/site-packages/airflow/example_dags/example_sensor_decorator.py for tasks to queue
[2026-03-22T06:02:10.466+0000] {logging_mixin.py:188} INFO - [2026-03-22T06:02:10.459+0000] {dagbag.py:545} INFO - Filling up the DagBag from /home/airflow/.local/lib/python3.12/site-packages/airflow/example_dags/example_sensor_decorator.py
[2026-03-22T06:02:10.857+0000] {processor.py:840} INFO - DAG(s) 'example_sensor_decorator' retrieved from /home/airflow/.local/lib/python3.12/site-packages/airflow/example_dags/example_sensor_decorator.py
