[2026-03-22T04:09:23.171+0000] {processor.py:161} INFO - Started process (PID=95) to work on /home/airflow/.local/lib/python3.12/site-packages/airflow/example_dags/example_short_circuit_operator.py
[2026-03-22T04:09:23.171+0000] {processor.py:830} INFO - Processing file /home/airflow/.local/lib/python3.12/site-packages/airflow/example_dags/example_short_circuit_operator.py for tasks to queue
[2026-03-22T04:09:23.172+0000] {logging_mixin.py:188} INFO - [2026-03-22T04:09:23.172+0000] {dagbag.py:545} INFO - Filling up the DagBag from /home/airflow/.local/lib/python3.12/site-packages/airflow/example_dags/example_short_circuit_operator.py
[2026-03-22T04:09:23.176+0000] {processor.py:840} INFO - DAG(s) 'example_short_circuit_operator' retrieved from /home/airflow/.local/lib/python3.12/site-packages/airflow/example_dags/example_short_circuit_operator.py
[2026-03-22T04:09:23.238+0000] {logging_mixin.py:188} INFO - [2026-03-22T04:09:23.238+0000] {dag.py:3096} INFO - Sync 1 DAGs
[2026-03-22T04:09:23.251+0000] {logging_mixin.py:188} INFO - [2026-03-22T04:09:23.251+0000] {dag.py:3954} INFO - Setting next_dagrun for example_short_circuit_operator to 2026-03-21 00:00:00+00:00, run_after=2026-03-22 00:00:00+00:00
[2026-03-22T04:09:23.260+0000] {processor.py:183} INFO - Processing /home/airflow/.local/lib/python3.12/site-packages/airflow/example_dags/example_short_circuit_operator.py took 0.093 seconds
[2026-03-22T04:09:54.220+0000] {processor.py:161} INFO - Started process (PID=153) to work on /home/airflow/.local/lib/python3.12/site-packages/airflow/example_dags/example_short_circuit_operator.py
[2026-03-22T04:09:54.224+0000] {processor.py:830} INFO - Processing file /home/airflow/.local/lib/python3.12/site-packages/airflow/example_dags/example_short_circuit_operator.py for tasks to queue
[2026-03-22T04:09:54.226+0000] {logging_mixin.py:188} INFO - [2026-03-22T04:09:54.226+0000] {dagbag.py:545} INFO - Filling up the DagBag from /home/airflow/.local/lib/python3.12/site-packages/airflow/example_dags/example_short_circuit_operator.py
[2026-03-22T04:09:54.231+0000] {processor.py:840} INFO - DAG(s) 'example_short_circuit_operator' retrieved from /home/airflow/.local/lib/python3.12/site-packages/airflow/example_dags/example_short_circuit_operator.py
[2026-03-22T04:09:54.246+0000] {logging_mixin.py:188} INFO - [2026-03-22T04:09:54.246+0000] {dag.py:3096} INFO - Sync 1 DAGs
[2026-03-22T04:09:54.258+0000] {logging_mixin.py:188} INFO - [2026-03-22T04:09:54.258+0000] {dag.py:3954} INFO - Setting next_dagrun for example_short_circuit_operator to 2026-03-21 00:00:00+00:00, run_after=2026-03-22 00:00:00+00:00
[2026-03-22T04:09:54.266+0000] {processor.py:183} INFO - Processing /home/airflow/.local/lib/python3.12/site-packages/airflow/example_dags/example_short_circuit_operator.py took 0.048 seconds
[2026-03-22T04:10:25.101+0000] {processor.py:161} INFO - Started process (PID=211) to work on /home/airflow/.local/lib/python3.12/site-packages/airflow/example_dags/example_short_circuit_operator.py
[2026-03-22T04:10:25.102+0000] {processor.py:830} INFO - Processing file /home/airflow/.local/lib/python3.12/site-packages/airflow/example_dags/example_short_circuit_operator.py for tasks to queue
[2026-03-22T04:10:25.103+0000] {logging_mixin.py:188} INFO - [2026-03-22T04:10:25.103+0000] {dagbag.py:545} INFO - Filling up the DagBag from /home/airflow/.local/lib/python3.12/site-packages/airflow/example_dags/example_short_circuit_operator.py
[2026-03-22T04:10:25.107+0000] {processor.py:840} INFO - DAG(s) 'example_short_circuit_operator' retrieved from /home/airflow/.local/lib/python3.12/site-packages/airflow/example_dags/example_short_circuit_operator.py
[2026-03-22T04:10:25.119+0000] {logging_mixin.py:188} INFO - [2026-03-22T04:10:25.119+0000] {dag.py:3096} INFO - Sync 1 DAGs
[2026-03-22T04:10:25.128+0000] {logging_mixin.py:188} INFO - [2026-03-22T04:10:25.128+0000] {dag.py:3954} INFO - Setting next_dagrun for example_short_circuit_operator to 2026-03-21 00:00:00+00:00, run_after=2026-03-22 00:00:00+00:00
[2026-03-22T04:10:25.136+0000] {processor.py:183} INFO - Processing /home/airflow/.local/lib/python3.12/site-packages/airflow/example_dags/example_short_circuit_operator.py took 0.042 seconds
[2026-03-22T04:10:55.643+0000] {processor.py:161} INFO - Started process (PID=269) to work on /home/airflow/.local/lib/python3.12/site-packages/airflow/example_dags/example_short_circuit_operator.py
[2026-03-22T04:10:55.644+0000] {processor.py:830} INFO - Processing file /home/airflow/.local/lib/python3.12/site-packages/airflow/example_dags/example_short_circuit_operator.py for tasks to queue
[2026-03-22T04:10:55.645+0000] {logging_mixin.py:188} INFO - [2026-03-22T04:10:55.644+0000] {dagbag.py:545} INFO - Filling up the DagBag from /home/airflow/.local/lib/python3.12/site-packages/airflow/example_dags/example_short_circuit_operator.py
[2026-03-22T04:10:55.648+0000] {processor.py:840} INFO - DAG(s) 'example_short_circuit_operator' retrieved from /home/airflow/.local/lib/python3.12/site-packages/airflow/example_dags/example_short_circuit_operator.py
[2026-03-22T04:10:55.661+0000] {logging_mixin.py:188} INFO - [2026-03-22T04:10:55.661+0000] {dag.py:3096} INFO - Sync 1 DAGs
[2026-03-22T04:10:55.672+0000] {logging_mixin.py:188} INFO - [2026-03-22T04:10:55.671+0000] {dag.py:3954} INFO - Setting next_dagrun for example_short_circuit_operator to 2026-03-21 00:00:00+00:00, run_after=2026-03-22 00:00:00+00:00
[2026-03-22T04:10:55.681+0000] {processor.py:183} INFO - Processing /home/airflow/.local/lib/python3.12/site-packages/airflow/example_dags/example_short_circuit_operator.py took 0.040 seconds
[2026-03-22T04:11:26.607+0000] {processor.py:161} INFO - Started process (PID=327) to work on /home/airflow/.local/lib/python3.12/site-packages/airflow/example_dags/example_short_circuit_operator.py
[2026-03-22T04:11:26.608+0000] {processor.py:830} INFO - Processing file /home/airflow/.local/lib/python3.12/site-packages/airflow/example_dags/example_short_circuit_operator.py for tasks to queue
[2026-03-22T04:11:26.609+0000] {logging_mixin.py:188} INFO - [2026-03-22T04:11:26.608+0000] {dagbag.py:545} INFO - Filling up the DagBag from /home/airflow/.local/lib/python3.12/site-packages/airflow/example_dags/example_short_circuit_operator.py
[2026-03-22T04:11:26.614+0000] {processor.py:840} INFO - DAG(s) 'example_short_circuit_operator' retrieved from /home/airflow/.local/lib/python3.12/site-packages/airflow/example_dags/example_short_circuit_operator.py
[2026-03-22T04:11:26.627+0000] {logging_mixin.py:188} INFO - [2026-03-22T04:11:26.627+0000] {dag.py:3096} INFO - Sync 1 DAGs
[2026-03-22T04:11:26.644+0000] {logging_mixin.py:188} INFO - [2026-03-22T04:11:26.643+0000] {dag.py:3954} INFO - Setting next_dagrun for example_short_circuit_operator to 2026-03-21 00:00:00+00:00, run_after=2026-03-22 00:00:00+00:00
[2026-03-22T04:11:26.659+0000] {processor.py:183} INFO - Processing /home/airflow/.local/lib/python3.12/site-packages/airflow/example_dags/example_short_circuit_operator.py took 0.055 seconds
[2026-03-22T04:11:56.797+0000] {processor.py:161} INFO - Started process (PID=385) to work on /home/airflow/.local/lib/python3.12/site-packages/airflow/example_dags/example_short_circuit_operator.py
[2026-03-22T04:11:56.797+0000] {processor.py:830} INFO - Processing file /home/airflow/.local/lib/python3.12/site-packages/airflow/example_dags/example_short_circuit_operator.py for tasks to queue
[2026-03-22T04:11:56.798+0000] {logging_mixin.py:188} INFO - [2026-03-22T04:11:56.798+0000] {dagbag.py:545} INFO - Filling up the DagBag from /home/airflow/.local/lib/python3.12/site-packages/airflow/example_dags/example_short_circuit_operator.py
[2026-03-22T04:11:56.802+0000] {processor.py:840} INFO - DAG(s) 'example_short_circuit_operator' retrieved from /home/airflow/.local/lib/python3.12/site-packages/airflow/example_dags/example_short_circuit_operator.py
[2026-03-22T04:11:56.816+0000] {logging_mixin.py:188} INFO - [2026-03-22T04:11:56.816+0000] {dag.py:3096} INFO - Sync 1 DAGs
[2026-03-22T04:11:56.826+0000] {logging_mixin.py:188} INFO - [2026-03-22T04:11:56.826+0000] {dag.py:3954} INFO - Setting next_dagrun for example_short_circuit_operator to 2026-03-21 00:00:00+00:00, run_after=2026-03-22 00:00:00+00:00
[2026-03-22T04:11:56.833+0000] {processor.py:183} INFO - Processing /home/airflow/.local/lib/python3.12/site-packages/airflow/example_dags/example_short_circuit_operator.py took 0.039 seconds
[2026-03-22T04:12:27.726+0000] {processor.py:161} INFO - Started process (PID=443) to work on /home/airflow/.local/lib/python3.12/site-packages/airflow/example_dags/example_short_circuit_operator.py
[2026-03-22T04:12:27.728+0000] {processor.py:830} INFO - Processing file /home/airflow/.local/lib/python3.12/site-packages/airflow/example_dags/example_short_circuit_operator.py for tasks to queue
[2026-03-22T04:12:27.732+0000] {logging_mixin.py:188} INFO - [2026-03-22T04:12:27.731+0000] {dagbag.py:545} INFO - Filling up the DagBag from /home/airflow/.local/lib/python3.12/site-packages/airflow/example_dags/example_short_circuit_operator.py
[2026-03-22T04:12:27.747+0000] {processor.py:840} INFO - DAG(s) 'example_short_circuit_operator' retrieved from /home/airflow/.local/lib/python3.12/site-packages/airflow/example_dags/example_short_circuit_operator.py
[2026-03-22T04:12:27.778+0000] {logging_mixin.py:188} INFO - [2026-03-22T04:12:27.778+0000] {dag.py:3096} INFO - Sync 1 DAGs
[2026-03-22T04:12:27.816+0000] {logging_mixin.py:188} INFO - [2026-03-22T04:12:27.815+0000] {dag.py:3954} INFO - Setting next_dagrun for example_short_circuit_operator to 2026-03-21 00:00:00+00:00, run_after=2026-03-22 00:00:00+00:00
[2026-03-22T04:12:27.838+0000] {processor.py:183} INFO - Processing /home/airflow/.local/lib/python3.12/site-packages/airflow/example_dags/example_short_circuit_operator.py took 0.122 seconds
[2026-03-22T04:12:57.858+0000] {processor.py:161} INFO - Started process (PID=501) to work on /home/airflow/.local/lib/python3.12/site-packages/airflow/example_dags/example_short_circuit_operator.py
[2026-03-22T04:12:57.858+0000] {processor.py:830} INFO - Processing file /home/airflow/.local/lib/python3.12/site-packages/airflow/example_dags/example_short_circuit_operator.py for tasks to queue
[2026-03-22T04:12:57.859+0000] {logging_mixin.py:188} INFO - [2026-03-22T04:12:57.859+0000] {dagbag.py:545} INFO - Filling up the DagBag from /home/airflow/.local/lib/python3.12/site-packages/airflow/example_dags/example_short_circuit_operator.py
[2026-03-22T04:12:57.862+0000] {processor.py:840} INFO - DAG(s) 'example_short_circuit_operator' retrieved from /home/airflow/.local/lib/python3.12/site-packages/airflow/example_dags/example_short_circuit_operator.py
[2026-03-22T04:12:57.871+0000] {logging_mixin.py:188} INFO - [2026-03-22T04:12:57.871+0000] {dag.py:3096} INFO - Sync 1 DAGs
[2026-03-22T04:12:57.879+0000] {logging_mixin.py:188} INFO - [2026-03-22T04:12:57.879+0000] {dag.py:3954} INFO - Setting next_dagrun for example_short_circuit_operator to 2026-03-21 00:00:00+00:00, run_after=2026-03-22 00:00:00+00:00
[2026-03-22T04:12:57.886+0000] {processor.py:183} INFO - Processing /home/airflow/.local/lib/python3.12/site-packages/airflow/example_dags/example_short_circuit_operator.py took 0.031 seconds
[2026-03-22T04:13:28.816+0000] {processor.py:161} INFO - Started process (PID=559) to work on /home/airflow/.local/lib/python3.12/site-packages/airflow/example_dags/example_short_circuit_operator.py
[2026-03-22T04:13:28.818+0000] {processor.py:830} INFO - Processing file /home/airflow/.local/lib/python3.12/site-packages/airflow/example_dags/example_short_circuit_operator.py for tasks to queue
[2026-03-22T04:13:28.819+0000] {logging_mixin.py:188} INFO - [2026-03-22T04:13:28.819+0000] {dagbag.py:545} INFO - Filling up the DagBag from /home/airflow/.local/lib/python3.12/site-packages/airflow/example_dags/example_short_circuit_operator.py
[2026-03-22T04:13:28.822+0000] {processor.py:840} INFO - DAG(s) 'example_short_circuit_operator' retrieved from /home/airflow/.local/lib/python3.12/site-packages/airflow/example_dags/example_short_circuit_operator.py
[2026-03-22T04:13:28.832+0000] {logging_mixin.py:188} INFO - [2026-03-22T04:13:28.832+0000] {dag.py:3096} INFO - Sync 1 DAGs
[2026-03-22T04:13:28.843+0000] {logging_mixin.py:188} INFO - [2026-03-22T04:13:28.842+0000] {dag.py:3954} INFO - Setting next_dagrun for example_short_circuit_operator to 2026-03-21 00:00:00+00:00, run_after=2026-03-22 00:00:00+00:00
[2026-03-22T04:13:28.850+0000] {processor.py:183} INFO - Processing /home/airflow/.local/lib/python3.12/site-packages/airflow/example_dags/example_short_circuit_operator.py took 0.036 seconds
[2026-03-22T04:13:59.444+0000] {processor.py:161} INFO - Started process (PID=617) to work on /home/airflow/.local/lib/python3.12/site-packages/airflow/example_dags/example_short_circuit_operator.py
[2026-03-22T04:13:59.445+0000] {processor.py:830} INFO - Processing file /home/airflow/.local/lib/python3.12/site-packages/airflow/example_dags/example_short_circuit_operator.py for tasks to queue
[2026-03-22T04:13:59.446+0000] {logging_mixin.py:188} INFO - [2026-03-22T04:13:59.445+0000] {dagbag.py:545} INFO - Filling up the DagBag from /home/airflow/.local/lib/python3.12/site-packages/airflow/example_dags/example_short_circuit_operator.py
[2026-03-22T04:13:59.453+0000] {processor.py:840} INFO - DAG(s) 'example_short_circuit_operator' retrieved from /home/airflow/.local/lib/python3.12/site-packages/airflow/example_dags/example_short_circuit_operator.py
[2026-03-22T04:13:59.467+0000] {logging_mixin.py:188} INFO - [2026-03-22T04:13:59.467+0000] {dag.py:3096} INFO - Sync 1 DAGs
[2026-03-22T04:13:59.479+0000] {logging_mixin.py:188} INFO - [2026-03-22T04:13:59.479+0000] {dag.py:3954} INFO - Setting next_dagrun for example_short_circuit_operator to 2026-03-21 00:00:00+00:00, run_after=2026-03-22 00:00:00+00:00
[2026-03-22T04:13:59.492+0000] {processor.py:183} INFO - Processing /home/airflow/.local/lib/python3.12/site-packages/airflow/example_dags/example_short_circuit_operator.py took 0.054 seconds
[2026-03-22T04:14:30.661+0000] {processor.py:161} INFO - Started process (PID=674) to work on /home/airflow/.local/lib/python3.12/site-packages/airflow/example_dags/example_short_circuit_operator.py
[2026-03-22T04:14:30.662+0000] {processor.py:830} INFO - Processing file /home/airflow/.local/lib/python3.12/site-packages/airflow/example_dags/example_short_circuit_operator.py for tasks to queue
[2026-03-22T04:14:30.667+0000] {logging_mixin.py:188} INFO - [2026-03-22T04:14:30.666+0000] {dagbag.py:545} INFO - Filling up the DagBag from /home/airflow/.local/lib/python3.12/site-packages/airflow/example_dags/example_short_circuit_operator.py
[2026-03-22T04:14:30.676+0000] {processor.py:840} INFO - DAG(s) 'example_short_circuit_operator' retrieved from /home/airflow/.local/lib/python3.12/site-packages/airflow/example_dags/example_short_circuit_operator.py
[2026-03-22T04:14:30.699+0000] {logging_mixin.py:188} INFO - [2026-03-22T04:14:30.699+0000] {dag.py:3096} INFO - Sync 1 DAGs
[2026-03-22T04:14:30.758+0000] {logging_mixin.py:188} INFO - [2026-03-22T04:14:30.756+0000] {dag.py:3954} INFO - Setting next_dagrun for example_short_circuit_operator to 2026-03-21 00:00:00+00:00, run_after=2026-03-22 00:00:00+00:00
[2026-03-22T04:14:30.799+0000] {processor.py:183} INFO - Processing /home/airflow/.local/lib/python3.12/site-packages/airflow/example_dags/example_short_circuit_operator.py took 0.141 seconds
[2026-03-22T04:15:00.962+0000] {processor.py:161} INFO - Started process (PID=733) to work on /home/airflow/.local/lib/python3.12/site-packages/airflow/example_dags/example_short_circuit_operator.py
[2026-03-22T04:15:00.963+0000] {processor.py:830} INFO - Processing file /home/airflow/.local/lib/python3.12/site-packages/airflow/example_dags/example_short_circuit_operator.py for tasks to queue
[2026-03-22T04:15:00.965+0000] {logging_mixin.py:188} INFO - [2026-03-22T04:15:00.964+0000] {dagbag.py:545} INFO - Filling up the DagBag from /home/airflow/.local/lib/python3.12/site-packages/airflow/example_dags/example_short_circuit_operator.py
[2026-03-22T04:15:00.973+0000] {processor.py:840} INFO - DAG(s) 'example_short_circuit_operator' retrieved from /home/airflow/.local/lib/python3.12/site-packages/airflow/example_dags/example_short_circuit_operator.py
[2026-03-22T04:15:01.001+0000] {logging_mixin.py:188} INFO - [2026-03-22T04:15:01.001+0000] {dag.py:3096} INFO - Sync 1 DAGs
[2026-03-22T04:15:01.018+0000] {logging_mixin.py:188} INFO - [2026-03-22T04:15:01.018+0000] {dag.py:3954} INFO - Setting next_dagrun for example_short_circuit_operator to 2026-03-21 00:00:00+00:00, run_after=2026-03-22 00:00:00+00:00
[2026-03-22T04:15:01.089+0000] {processor.py:183} INFO - Processing /home/airflow/.local/lib/python3.12/site-packages/airflow/example_dags/example_short_circuit_operator.py took 0.131 seconds
[2026-03-22T04:15:31.506+0000] {processor.py:161} INFO - Started process (PID=791) to work on /home/airflow/.local/lib/python3.12/site-packages/airflow/example_dags/example_short_circuit_operator.py
[2026-03-22T04:15:31.507+0000] {processor.py:830} INFO - Processing file /home/airflow/.local/lib/python3.12/site-packages/airflow/example_dags/example_short_circuit_operator.py for tasks to queue
[2026-03-22T04:15:31.509+0000] {logging_mixin.py:188} INFO - [2026-03-22T04:15:31.509+0000] {dagbag.py:545} INFO - Filling up the DagBag from /home/airflow/.local/lib/python3.12/site-packages/airflow/example_dags/example_short_circuit_operator.py
[2026-03-22T04:15:31.514+0000] {processor.py:840} INFO - DAG(s) 'example_short_circuit_operator' retrieved from /home/airflow/.local/lib/python3.12/site-packages/airflow/example_dags/example_short_circuit_operator.py
[2026-03-22T04:15:31.529+0000] {logging_mixin.py:188} INFO - [2026-03-22T04:15:31.529+0000] {dag.py:3096} INFO - Sync 1 DAGs
[2026-03-22T04:15:31.543+0000] {logging_mixin.py:188} INFO - [2026-03-22T04:15:31.543+0000] {dag.py:3954} INFO - Setting next_dagrun for example_short_circuit_operator to 2026-03-21 00:00:00+00:00, run_after=2026-03-22 00:00:00+00:00
[2026-03-22T04:15:31.557+0000] {processor.py:183} INFO - Processing /home/airflow/.local/lib/python3.12/site-packages/airflow/example_dags/example_short_circuit_operator.py took 0.058 seconds
[2026-03-22T04:16:01.933+0000] {processor.py:161} INFO - Started process (PID=849) to work on /home/airflow/.local/lib/python3.12/site-packages/airflow/example_dags/example_short_circuit_operator.py
[2026-03-22T04:16:01.933+0000] {processor.py:830} INFO - Processing file /home/airflow/.local/lib/python3.12/site-packages/airflow/example_dags/example_short_circuit_operator.py for tasks to queue
[2026-03-22T04:16:01.934+0000] {logging_mixin.py:188} INFO - [2026-03-22T04:16:01.934+0000] {dagbag.py:545} INFO - Filling up the DagBag from /home/airflow/.local/lib/python3.12/site-packages/airflow/example_dags/example_short_circuit_operator.py
[2026-03-22T04:16:01.940+0000] {processor.py:840} INFO - DAG(s) 'example_short_circuit_operator' retrieved from /home/airflow/.local/lib/python3.12/site-packages/airflow/example_dags/example_short_circuit_operator.py
[2026-03-22T04:16:01.960+0000] {logging_mixin.py:188} INFO - [2026-03-22T04:16:01.959+0000] {dag.py:3096} INFO - Sync 1 DAGs
[2026-03-22T04:16:01.971+0000] {logging_mixin.py:188} INFO - [2026-03-22T04:16:01.971+0000] {dag.py:3954} INFO - Setting next_dagrun for example_short_circuit_operator to 2026-03-21 00:00:00+00:00, run_after=2026-03-22 00:00:00+00:00
[2026-03-22T04:16:01.980+0000] {processor.py:183} INFO - Processing /home/airflow/.local/lib/python3.12/site-packages/airflow/example_dags/example_short_circuit_operator.py took 0.050 seconds
[2026-03-22T04:17:11.871+0000] {processor.py:161} INFO - Started process (PID=907) to work on /home/airflow/.local/lib/python3.12/site-packages/airflow/example_dags/example_short_circuit_operator.py
[2026-03-22T04:17:11.891+0000] {processor.py:830} INFO - Processing file /home/airflow/.local/lib/python3.12/site-packages/airflow/example_dags/example_short_circuit_operator.py for tasks to queue
[2026-03-22T04:17:11.908+0000] {logging_mixin.py:188} INFO - [2026-03-22T04:17:11.899+0000] {dagbag.py:545} INFO - Filling up the DagBag from /home/airflow/.local/lib/python3.12/site-packages/airflow/example_dags/example_short_circuit_operator.py
[2026-03-22T04:17:12.032+0000] {processor.py:840} INFO - DAG(s) 'example_short_circuit_operator' retrieved from /home/airflow/.local/lib/python3.12/site-packages/airflow/example_dags/example_short_circuit_operator.py
[2026-03-22T04:17:14.472+0000] {logging_mixin.py:188} INFO - [2026-03-22T04:17:14.463+0000] {dag.py:3096} INFO - Sync 1 DAGs
[2026-03-22T04:17:18.071+0000] {logging_mixin.py:188} INFO - [2026-03-22T04:17:17.749+0000] {dag.py:3954} INFO - Setting next_dagrun for example_short_circuit_operator to 2026-03-21 00:00:00+00:00, run_after=2026-03-22 00:00:00+00:00
[2026-03-22T04:17:23.866+0000] {processor.py:183} INFO - Processing /home/airflow/.local/lib/python3.12/site-packages/airflow/example_dags/example_short_circuit_operator.py took 12.417 seconds
[2026-03-22T04:17:55.479+0000] {processor.py:161} INFO - Started process (PID=970) to work on /home/airflow/.local/lib/python3.12/site-packages/airflow/example_dags/example_short_circuit_operator.py
[2026-03-22T04:17:55.487+0000] {processor.py:830} INFO - Processing file /home/airflow/.local/lib/python3.12/site-packages/airflow/example_dags/example_short_circuit_operator.py for tasks to queue
[2026-03-22T04:17:55.504+0000] {logging_mixin.py:188} INFO - [2026-03-22T04:17:55.498+0000] {dagbag.py:545} INFO - Filling up the DagBag from /home/airflow/.local/lib/python3.12/site-packages/airflow/example_dags/example_short_circuit_operator.py
[2026-03-22T04:17:55.533+0000] {processor.py:840} INFO - DAG(s) 'example_short_circuit_operator' retrieved from /home/airflow/.local/lib/python3.12/site-packages/airflow/example_dags/example_short_circuit_operator.py
[2026-03-22T04:17:55.611+0000] {logging_mixin.py:188} INFO - [2026-03-22T04:17:55.611+0000] {dag.py:3096} INFO - Sync 1 DAGs
[2026-03-22T04:17:55.666+0000] {logging_mixin.py:188} INFO - [2026-03-22T04:17:55.665+0000] {dag.py:3954} INFO - Setting next_dagrun for example_short_circuit_operator to 2026-03-21 00:00:00+00:00, run_after=2026-03-22 00:00:00+00:00
[2026-03-22T04:17:55.703+0000] {processor.py:183} INFO - Processing /home/airflow/.local/lib/python3.12/site-packages/airflow/example_dags/example_short_circuit_operator.py took 0.262 seconds
[2026-03-22T04:18:26.351+0000] {processor.py:161} INFO - Started process (PID=1027) to work on /home/airflow/.local/lib/python3.12/site-packages/airflow/example_dags/example_short_circuit_operator.py
[2026-03-22T04:18:26.351+0000] {processor.py:830} INFO - Processing file /home/airflow/.local/lib/python3.12/site-packages/airflow/example_dags/example_short_circuit_operator.py for tasks to queue
[2026-03-22T04:18:26.355+0000] {logging_mixin.py:188} INFO - [2026-03-22T04:18:26.354+0000] {dagbag.py:545} INFO - Filling up the DagBag from /home/airflow/.local/lib/python3.12/site-packages/airflow/example_dags/example_short_circuit_operator.py
[2026-03-22T04:18:26.366+0000] {processor.py:840} INFO - DAG(s) 'example_short_circuit_operator' retrieved from /home/airflow/.local/lib/python3.12/site-packages/airflow/example_dags/example_short_circuit_operator.py
[2026-03-22T04:18:26.403+0000] {logging_mixin.py:188} INFO - [2026-03-22T04:18:26.402+0000] {dag.py:3096} INFO - Sync 1 DAGs
[2026-03-22T04:18:26.429+0000] {logging_mixin.py:188} INFO - [2026-03-22T04:18:26.429+0000] {dag.py:3954} INFO - Setting next_dagrun for example_short_circuit_operator to 2026-03-21 00:00:00+00:00, run_after=2026-03-22 00:00:00+00:00
[2026-03-22T04:18:26.441+0000] {processor.py:183} INFO - Processing /home/airflow/.local/lib/python3.12/site-packages/airflow/example_dags/example_short_circuit_operator.py took 0.102 seconds
[2026-03-22T04:18:56.640+0000] {processor.py:161} INFO - Started process (PID=1085) to work on /home/airflow/.local/lib/python3.12/site-packages/airflow/example_dags/example_short_circuit_operator.py
[2026-03-22T04:18:56.641+0000] {processor.py:830} INFO - Processing file /home/airflow/.local/lib/python3.12/site-packages/airflow/example_dags/example_short_circuit_operator.py for tasks to queue
[2026-03-22T04:18:56.644+0000] {logging_mixin.py:188} INFO - [2026-03-22T04:18:56.643+0000] {dagbag.py:545} INFO - Filling up the DagBag from /home/airflow/.local/lib/python3.12/site-packages/airflow/example_dags/example_short_circuit_operator.py
[2026-03-22T04:18:56.655+0000] {processor.py:840} INFO - DAG(s) 'example_short_circuit_operator' retrieved from /home/airflow/.local/lib/python3.12/site-packages/airflow/example_dags/example_short_circuit_operator.py
[2026-03-22T04:18:56.705+0000] {logging_mixin.py:188} INFO - [2026-03-22T04:18:56.705+0000] {dag.py:3096} INFO - Sync 1 DAGs
[2026-03-22T04:18:56.730+0000] {logging_mixin.py:188} INFO - [2026-03-22T04:18:56.730+0000] {dag.py:3954} INFO - Setting next_dagrun for example_short_circuit_operator to 2026-03-21 00:00:00+00:00, run_after=2026-03-22 00:00:00+00:00
[2026-03-22T04:18:56.740+0000] {processor.py:183} INFO - Processing /home/airflow/.local/lib/python3.12/site-packages/airflow/example_dags/example_short_circuit_operator.py took 0.110 seconds
[2026-03-22T04:19:26.810+0000] {processor.py:161} INFO - Started process (PID=1143) to work on /home/airflow/.local/lib/python3.12/site-packages/airflow/example_dags/example_short_circuit_operator.py
[2026-03-22T04:19:26.811+0000] {processor.py:830} INFO - Processing file /home/airflow/.local/lib/python3.12/site-packages/airflow/example_dags/example_short_circuit_operator.py for tasks to queue
[2026-03-22T04:19:26.815+0000] {logging_mixin.py:188} INFO - [2026-03-22T04:19:26.814+0000] {dagbag.py:545} INFO - Filling up the DagBag from /home/airflow/.local/lib/python3.12/site-packages/airflow/example_dags/example_short_circuit_operator.py
[2026-03-22T04:19:26.828+0000] {processor.py:840} INFO - DAG(s) 'example_short_circuit_operator' retrieved from /home/airflow/.local/lib/python3.12/site-packages/airflow/example_dags/example_short_circuit_operator.py
[2026-03-22T04:19:26.869+0000] {logging_mixin.py:188} INFO - [2026-03-22T04:19:26.869+0000] {dag.py:3096} INFO - Sync 1 DAGs
[2026-03-22T04:19:26.889+0000] {logging_mixin.py:188} INFO - [2026-03-22T04:19:26.888+0000] {dag.py:3954} INFO - Setting next_dagrun for example_short_circuit_operator to 2026-03-21 00:00:00+00:00, run_after=2026-03-22 00:00:00+00:00
[2026-03-22T04:19:26.904+0000] {processor.py:183} INFO - Processing /home/airflow/.local/lib/python3.12/site-packages/airflow/example_dags/example_short_circuit_operator.py took 0.105 seconds
[2026-03-22T04:19:57.653+0000] {processor.py:161} INFO - Started process (PID=1201) to work on /home/airflow/.local/lib/python3.12/site-packages/airflow/example_dags/example_short_circuit_operator.py
[2026-03-22T04:19:57.654+0000] {processor.py:830} INFO - Processing file /home/airflow/.local/lib/python3.12/site-packages/airflow/example_dags/example_short_circuit_operator.py for tasks to queue
[2026-03-22T04:19:57.659+0000] {logging_mixin.py:188} INFO - [2026-03-22T04:19:57.658+0000] {dagbag.py:545} INFO - Filling up the DagBag from /home/airflow/.local/lib/python3.12/site-packages/airflow/example_dags/example_short_circuit_operator.py
[2026-03-22T04:19:57.668+0000] {processor.py:840} INFO - DAG(s) 'example_short_circuit_operator' retrieved from /home/airflow/.local/lib/python3.12/site-packages/airflow/example_dags/example_short_circuit_operator.py
[2026-03-22T04:19:57.708+0000] {logging_mixin.py:188} INFO - [2026-03-22T04:19:57.708+0000] {dag.py:3096} INFO - Sync 1 DAGs
[2026-03-22T04:19:57.730+0000] {logging_mixin.py:188} INFO - [2026-03-22T04:19:57.730+0000] {dag.py:3954} INFO - Setting next_dagrun for example_short_circuit_operator to 2026-03-21 00:00:00+00:00, run_after=2026-03-22 00:00:00+00:00
[2026-03-22T04:19:57.743+0000] {processor.py:183} INFO - Processing /home/airflow/.local/lib/python3.12/site-packages/airflow/example_dags/example_short_circuit_operator.py took 0.097 seconds
[2026-03-22T04:20:28.495+0000] {processor.py:161} INFO - Started process (PID=1259) to work on /home/airflow/.local/lib/python3.12/site-packages/airflow/example_dags/example_short_circuit_operator.py
[2026-03-22T04:20:28.497+0000] {processor.py:830} INFO - Processing file /home/airflow/.local/lib/python3.12/site-packages/airflow/example_dags/example_short_circuit_operator.py for tasks to queue
[2026-03-22T04:20:28.506+0000] {logging_mixin.py:188} INFO - [2026-03-22T04:20:28.505+0000] {dagbag.py:545} INFO - Filling up the DagBag from /home/airflow/.local/lib/python3.12/site-packages/airflow/example_dags/example_short_circuit_operator.py
[2026-03-22T04:20:28.518+0000] {processor.py:840} INFO - DAG(s) 'example_short_circuit_operator' retrieved from /home/airflow/.local/lib/python3.12/site-packages/airflow/example_dags/example_short_circuit_operator.py
[2026-03-22T04:20:28.557+0000] {logging_mixin.py:188} INFO - [2026-03-22T04:20:28.557+0000] {dag.py:3096} INFO - Sync 1 DAGs
[2026-03-22T04:20:28.604+0000] {logging_mixin.py:188} INFO - [2026-03-22T04:20:28.603+0000] {dag.py:3954} INFO - Setting next_dagrun for example_short_circuit_operator to 2026-03-21 00:00:00+00:00, run_after=2026-03-22 00:00:00+00:00
[2026-03-22T04:20:28.645+0000] {processor.py:183} INFO - Processing /home/airflow/.local/lib/python3.12/site-packages/airflow/example_dags/example_short_circuit_operator.py took 0.166 seconds
[2026-03-22T04:20:59.312+0000] {processor.py:161} INFO - Started process (PID=1316) to work on /home/airflow/.local/lib/python3.12/site-packages/airflow/example_dags/example_short_circuit_operator.py
[2026-03-22T04:20:59.314+0000] {processor.py:830} INFO - Processing file /home/airflow/.local/lib/python3.12/site-packages/airflow/example_dags/example_short_circuit_operator.py for tasks to queue
[2026-03-22T04:20:59.322+0000] {logging_mixin.py:188} INFO - [2026-03-22T04:20:59.317+0000] {dagbag.py:545} INFO - Filling up the DagBag from /home/airflow/.local/lib/python3.12/site-packages/airflow/example_dags/example_short_circuit_operator.py
[2026-03-22T04:20:59.341+0000] {processor.py:840} INFO - DAG(s) 'example_short_circuit_operator' retrieved from /home/airflow/.local/lib/python3.12/site-packages/airflow/example_dags/example_short_circuit_operator.py
[2026-03-22T04:20:59.376+0000] {logging_mixin.py:188} INFO - [2026-03-22T04:20:59.376+0000] {dag.py:3096} INFO - Sync 1 DAGs
[2026-03-22T04:20:59.403+0000] {logging_mixin.py:188} INFO - [2026-03-22T04:20:59.403+0000] {dag.py:3954} INFO - Setting next_dagrun for example_short_circuit_operator to 2026-03-21 00:00:00+00:00, run_after=2026-03-22 00:00:00+00:00
[2026-03-22T04:20:59.413+0000] {processor.py:183} INFO - Processing /home/airflow/.local/lib/python3.12/site-packages/airflow/example_dags/example_short_circuit_operator.py took 0.120 seconds
[2026-03-22T04:21:30.065+0000] {processor.py:161} INFO - Started process (PID=1374) to work on /home/airflow/.local/lib/python3.12/site-packages/airflow/example_dags/example_short_circuit_operator.py
[2026-03-22T04:21:30.066+0000] {processor.py:830} INFO - Processing file /home/airflow/.local/lib/python3.12/site-packages/airflow/example_dags/example_short_circuit_operator.py for tasks to queue
[2026-03-22T04:21:30.069+0000] {logging_mixin.py:188} INFO - [2026-03-22T04:21:30.068+0000] {dagbag.py:545} INFO - Filling up the DagBag from /home/airflow/.local/lib/python3.12/site-packages/airflow/example_dags/example_short_circuit_operator.py
[2026-03-22T04:21:30.088+0000] {processor.py:840} INFO - DAG(s) 'example_short_circuit_operator' retrieved from /home/airflow/.local/lib/python3.12/site-packages/airflow/example_dags/example_short_circuit_operator.py
[2026-03-22T04:21:30.127+0000] {logging_mixin.py:188} INFO - [2026-03-22T04:21:30.127+0000] {dag.py:3096} INFO - Sync 1 DAGs
[2026-03-22T04:21:30.148+0000] {logging_mixin.py:188} INFO - [2026-03-22T04:21:30.148+0000] {dag.py:3954} INFO - Setting next_dagrun for example_short_circuit_operator to 2026-03-21 00:00:00+00:00, run_after=2026-03-22 00:00:00+00:00
[2026-03-22T04:21:30.167+0000] {processor.py:183} INFO - Processing /home/airflow/.local/lib/python3.12/site-packages/airflow/example_dags/example_short_circuit_operator.py took 0.115 seconds
[2026-03-22T04:22:00.258+0000] {processor.py:161} INFO - Started process (PID=1433) to work on /home/airflow/.local/lib/python3.12/site-packages/airflow/example_dags/example_short_circuit_operator.py
[2026-03-22T04:22:00.260+0000] {processor.py:830} INFO - Processing file /home/airflow/.local/lib/python3.12/site-packages/airflow/example_dags/example_short_circuit_operator.py for tasks to queue
[2026-03-22T04:22:00.263+0000] {logging_mixin.py:188} INFO - [2026-03-22T04:22:00.262+0000] {dagbag.py:545} INFO - Filling up the DagBag from /home/airflow/.local/lib/python3.12/site-packages/airflow/example_dags/example_short_circuit_operator.py
[2026-03-22T04:22:00.276+0000] {processor.py:840} INFO - DAG(s) 'example_short_circuit_operator' retrieved from /home/airflow/.local/lib/python3.12/site-packages/airflow/example_dags/example_short_circuit_operator.py
[2026-03-22T04:22:00.309+0000] {logging_mixin.py:188} INFO - [2026-03-22T04:22:00.309+0000] {dag.py:3096} INFO - Sync 1 DAGs
[2026-03-22T04:22:00.343+0000] {logging_mixin.py:188} INFO - [2026-03-22T04:22:00.343+0000] {dag.py:3954} INFO - Setting next_dagrun for example_short_circuit_operator to 2026-03-21 00:00:00+00:00, run_after=2026-03-22 00:00:00+00:00
[2026-03-22T04:22:00.361+0000] {processor.py:183} INFO - Processing /home/airflow/.local/lib/python3.12/site-packages/airflow/example_dags/example_short_circuit_operator.py took 0.113 seconds
[2026-03-22T04:23:08.673+0000] {processor.py:161} INFO - Started process (PID=1492) to work on /home/airflow/.local/lib/python3.12/site-packages/airflow/example_dags/example_short_circuit_operator.py
[2026-03-22T04:23:08.674+0000] {processor.py:830} INFO - Processing file /home/airflow/.local/lib/python3.12/site-packages/airflow/example_dags/example_short_circuit_operator.py for tasks to queue
[2026-03-22T04:23:08.678+0000] {logging_mixin.py:188} INFO - [2026-03-22T04:23:08.677+0000] {dagbag.py:545} INFO - Filling up the DagBag from /home/airflow/.local/lib/python3.12/site-packages/airflow/example_dags/example_short_circuit_operator.py
[2026-03-22T04:23:08.682+0000] {processor.py:840} INFO - DAG(s) 'example_short_circuit_operator' retrieved from /home/airflow/.local/lib/python3.12/site-packages/airflow/example_dags/example_short_circuit_operator.py
[2026-03-22T04:23:08.696+0000] {logging_mixin.py:188} INFO - [2026-03-22T04:23:08.696+0000] {dag.py:3096} INFO - Sync 1 DAGs
[2026-03-22T04:23:08.713+0000] {logging_mixin.py:188} INFO - [2026-03-22T04:23:08.713+0000] {dag.py:3954} INFO - Setting next_dagrun for example_short_circuit_operator to 2026-03-21 00:00:00+00:00, run_after=2026-03-22 00:00:00+00:00
[2026-03-22T04:23:08.823+0000] {processor.py:183} INFO - Processing /home/airflow/.local/lib/python3.12/site-packages/airflow/example_dags/example_short_circuit_operator.py took 0.153 seconds
[2026-03-22T04:23:40.739+0000] {processor.py:161} INFO - Started process (PID=1549) to work on /home/airflow/.local/lib/python3.12/site-packages/airflow/example_dags/example_short_circuit_operator.py
[2026-03-22T04:23:40.740+0000] {processor.py:830} INFO - Processing file /home/airflow/.local/lib/python3.12/site-packages/airflow/example_dags/example_short_circuit_operator.py for tasks to queue
[2026-03-22T04:23:40.741+0000] {logging_mixin.py:188} INFO - [2026-03-22T04:23:40.741+0000] {dagbag.py:545} INFO - Filling up the DagBag from /home/airflow/.local/lib/python3.12/site-packages/airflow/example_dags/example_short_circuit_operator.py
[2026-03-22T04:23:40.748+0000] {processor.py:840} INFO - DAG(s) 'example_short_circuit_operator' retrieved from /home/airflow/.local/lib/python3.12/site-packages/airflow/example_dags/example_short_circuit_operator.py
[2026-03-22T04:23:40.766+0000] {logging_mixin.py:188} INFO - [2026-03-22T04:23:40.766+0000] {dag.py:3096} INFO - Sync 1 DAGs
[2026-03-22T04:23:40.787+0000] {logging_mixin.py:188} INFO - [2026-03-22T04:23:40.786+0000] {dag.py:3954} INFO - Setting next_dagrun for example_short_circuit_operator to 2026-03-21 00:00:00+00:00, run_after=2026-03-22 00:00:00+00:00
[2026-03-22T04:23:40.798+0000] {processor.py:183} INFO - Processing /home/airflow/.local/lib/python3.12/site-packages/airflow/example_dags/example_short_circuit_operator.py took 0.061 seconds
[2026-03-22T04:24:12.005+0000] {processor.py:161} INFO - Started process (PID=1607) to work on /home/airflow/.local/lib/python3.12/site-packages/airflow/example_dags/example_short_circuit_operator.py
[2026-03-22T04:24:12.006+0000] {processor.py:830} INFO - Processing file /home/airflow/.local/lib/python3.12/site-packages/airflow/example_dags/example_short_circuit_operator.py for tasks to queue
[2026-03-22T04:24:12.008+0000] {logging_mixin.py:188} INFO - [2026-03-22T04:24:12.008+0000] {dagbag.py:545} INFO - Filling up the DagBag from /home/airflow/.local/lib/python3.12/site-packages/airflow/example_dags/example_short_circuit_operator.py
[2026-03-22T04:24:12.013+0000] {processor.py:840} INFO - DAG(s) 'example_short_circuit_operator' retrieved from /home/airflow/.local/lib/python3.12/site-packages/airflow/example_dags/example_short_circuit_operator.py
[2026-03-22T04:24:12.035+0000] {logging_mixin.py:188} INFO - [2026-03-22T04:24:12.035+0000] {dag.py:3096} INFO - Sync 1 DAGs
[2026-03-22T04:24:12.047+0000] {logging_mixin.py:188} INFO - [2026-03-22T04:24:12.047+0000] {dag.py:3954} INFO - Setting next_dagrun for example_short_circuit_operator to 2026-03-21 00:00:00+00:00, run_after=2026-03-22 00:00:00+00:00
[2026-03-22T04:24:12.055+0000] {processor.py:183} INFO - Processing /home/airflow/.local/lib/python3.12/site-packages/airflow/example_dags/example_short_circuit_operator.py took 0.058 seconds
[2026-03-22T04:25:29.490+0000] {processor.py:161} INFO - Started process (PID=1667) to work on /home/airflow/.local/lib/python3.12/site-packages/airflow/example_dags/example_short_circuit_operator.py
[2026-03-22T04:25:29.491+0000] {processor.py:830} INFO - Processing file /home/airflow/.local/lib/python3.12/site-packages/airflow/example_dags/example_short_circuit_operator.py for tasks to queue
[2026-03-22T04:25:29.494+0000] {logging_mixin.py:188} INFO - [2026-03-22T04:25:29.494+0000] {dagbag.py:545} INFO - Filling up the DagBag from /home/airflow/.local/lib/python3.12/site-packages/airflow/example_dags/example_short_circuit_operator.py
[2026-03-22T04:25:29.516+0000] {processor.py:840} INFO - DAG(s) 'example_short_circuit_operator' retrieved from /home/airflow/.local/lib/python3.12/site-packages/airflow/example_dags/example_short_circuit_operator.py
[2026-03-22T04:25:29.627+0000] {logging_mixin.py:188} INFO - [2026-03-22T04:25:29.625+0000] {dag.py:3096} INFO - Sync 1 DAGs
[2026-03-22T04:25:29.711+0000] {logging_mixin.py:188} INFO - [2026-03-22T04:25:29.710+0000] {dag.py:3954} INFO - Setting next_dagrun for example_short_circuit_operator to 2026-03-21 00:00:00+00:00, run_after=2026-03-22 00:00:00+00:00
[2026-03-22T04:25:29.764+0000] {processor.py:183} INFO - Processing /home/airflow/.local/lib/python3.12/site-packages/airflow/example_dags/example_short_circuit_operator.py took 0.283 seconds
[2026-03-22T04:26:09.731+0000] {processor.py:161} INFO - Started process (PID=1725) to work on /home/airflow/.local/lib/python3.12/site-packages/airflow/example_dags/example_short_circuit_operator.py
[2026-03-22T04:26:09.733+0000] {processor.py:830} INFO - Processing file /home/airflow/.local/lib/python3.12/site-packages/airflow/example_dags/example_short_circuit_operator.py for tasks to queue
[2026-03-22T04:26:09.736+0000] {logging_mixin.py:188} INFO - [2026-03-22T04:26:09.735+0000] {dagbag.py:545} INFO - Filling up the DagBag from /home/airflow/.local/lib/python3.12/site-packages/airflow/example_dags/example_short_circuit_operator.py
[2026-03-22T04:26:09.759+0000] {processor.py:840} INFO - DAG(s) 'example_short_circuit_operator' retrieved from /home/airflow/.local/lib/python3.12/site-packages/airflow/example_dags/example_short_circuit_operator.py
[2026-03-22T04:26:09.937+0000] {logging_mixin.py:188} INFO - [2026-03-22T04:26:09.931+0000] {dag.py:3096} INFO - Sync 1 DAGs
[2026-03-22T04:26:10.097+0000] {logging_mixin.py:188} INFO - [2026-03-22T04:26:10.078+0000] {dag.py:3954} INFO - Setting next_dagrun for example_short_circuit_operator to 2026-03-21 00:00:00+00:00, run_after=2026-03-22 00:00:00+00:00
[2026-03-22T04:26:10.249+0000] {processor.py:183} INFO - Processing /home/airflow/.local/lib/python3.12/site-packages/airflow/example_dags/example_short_circuit_operator.py took 0.531 seconds
[2026-03-22T04:30:31.525+0000] {processor.py:161} INFO - Started process (PID=1795) to work on /home/airflow/.local/lib/python3.12/site-packages/airflow/example_dags/example_short_circuit_operator.py
[2026-03-22T04:30:31.588+0000] {processor.py:830} INFO - Processing file /home/airflow/.local/lib/python3.12/site-packages/airflow/example_dags/example_short_circuit_operator.py for tasks to queue
[2026-03-22T04:30:31.612+0000] {logging_mixin.py:188} INFO - [2026-03-22T04:30:31.595+0000] {dagbag.py:545} INFO - Filling up the DagBag from /home/airflow/.local/lib/python3.12/site-packages/airflow/example_dags/example_short_circuit_operator.py
[2026-03-22T04:30:31.969+0000] {processor.py:840} INFO - DAG(s) 'example_short_circuit_operator' retrieved from /home/airflow/.local/lib/python3.12/site-packages/airflow/example_dags/example_short_circuit_operator.py
[2026-03-22T04:30:33.625+0000] {logging_mixin.py:188} INFO - [2026-03-22T04:30:33.493+0000] {dag.py:3096} INFO - Sync 1 DAGs
[2026-03-22T04:30:37.572+0000] {logging_mixin.py:188} INFO - [2026-03-22T04:30:37.333+0000] {dag.py:3954} INFO - Setting next_dagrun for example_short_circuit_operator to 2026-03-21 00:00:00+00:00, run_after=2026-03-22 00:00:00+00:00
[2026-03-22T04:30:41.534+0000] {processor.py:183} INFO - Processing /home/airflow/.local/lib/python3.12/site-packages/airflow/example_dags/example_short_circuit_operator.py took 10.240 seconds
[2026-03-22T04:35:38.900+0000] {processor.py:161} INFO - Started process (PID=1883) to work on /home/airflow/.local/lib/python3.12/site-packages/airflow/example_dags/example_short_circuit_operator.py
[2026-03-22T04:35:39.120+0000] {processor.py:830} INFO - Processing file /home/airflow/.local/lib/python3.12/site-packages/airflow/example_dags/example_short_circuit_operator.py for tasks to queue
[2026-03-22T04:35:40.038+0000] {logging_mixin.py:188} INFO - [2026-03-22T04:35:39.700+0000] {dagbag.py:545} INFO - Filling up the DagBag from /home/airflow/.local/lib/python3.12/site-packages/airflow/example_dags/example_short_circuit_operator.py
[2026-03-22T04:35:40.780+0000] {processor.py:840} INFO - DAG(s) 'example_short_circuit_operator' retrieved from /home/airflow/.local/lib/python3.12/site-packages/airflow/example_dags/example_short_circuit_operator.py
[2026-03-22T04:35:42.410+0000] {logging_mixin.py:188} INFO - [2026-03-22T04:35:42.396+0000] {dag.py:3096} INFO - Sync 1 DAGs
[2026-03-22T04:35:42.779+0000] {logging_mixin.py:188} INFO - [2026-03-22T04:35:42.777+0000] {dag.py:3954} INFO - Setting next_dagrun for example_short_circuit_operator to 2026-03-21 00:00:00+00:00, run_after=2026-03-22 00:00:00+00:00
[2026-03-22T04:35:43.186+0000] {processor.py:183} INFO - Processing /home/airflow/.local/lib/python3.12/site-packages/airflow/example_dags/example_short_circuit_operator.py took 7.105 seconds
[2026-03-22T04:39:26.489+0000] {processor.py:161} INFO - Started process (PID=1988) to work on /home/airflow/.local/lib/python3.12/site-packages/airflow/example_dags/example_short_circuit_operator.py
[2026-03-22T04:39:26.525+0000] {processor.py:830} INFO - Processing file /home/airflow/.local/lib/python3.12/site-packages/airflow/example_dags/example_short_circuit_operator.py for tasks to queue
[2026-03-22T04:39:26.564+0000] {logging_mixin.py:188} INFO - [2026-03-22T04:39:26.561+0000] {dagbag.py:545} INFO - Filling up the DagBag from /home/airflow/.local/lib/python3.12/site-packages/airflow/example_dags/example_short_circuit_operator.py
[2026-03-22T04:39:26.795+0000] {processor.py:840} INFO - DAG(s) 'example_short_circuit_operator' retrieved from /home/airflow/.local/lib/python3.12/site-packages/airflow/example_dags/example_short_circuit_operator.py
[2026-03-22T04:39:27.560+0000] {logging_mixin.py:188} INFO - [2026-03-22T04:39:27.551+0000] {dag.py:3096} INFO - Sync 1 DAGs
[2026-03-22T04:39:28.441+0000] {logging_mixin.py:188} INFO - [2026-03-22T04:39:28.405+0000] {dag.py:3954} INFO - Setting next_dagrun for example_short_circuit_operator to 2026-03-21 00:00:00+00:00, run_after=2026-03-22 00:00:00+00:00
[2026-03-22T04:39:28.866+0000] {processor.py:183} INFO - Processing /home/airflow/.local/lib/python3.12/site-packages/airflow/example_dags/example_short_circuit_operator.py took 2.442 seconds
[2026-03-22T04:40:41.492+0000] {processor.py:161} INFO - Started process (PID=2052) to work on /home/airflow/.local/lib/python3.12/site-packages/airflow/example_dags/example_short_circuit_operator.py
[2026-03-22T04:40:41.511+0000] {processor.py:830} INFO - Processing file /home/airflow/.local/lib/python3.12/site-packages/airflow/example_dags/example_short_circuit_operator.py for tasks to queue
[2026-03-22T04:40:41.535+0000] {logging_mixin.py:188} INFO - [2026-03-22T04:40:41.533+0000] {dagbag.py:545} INFO - Filling up the DagBag from /home/airflow/.local/lib/python3.12/site-packages/airflow/example_dags/example_short_circuit_operator.py
[2026-03-22T04:40:41.621+0000] {processor.py:840} INFO - DAG(s) 'example_short_circuit_operator' retrieved from /home/airflow/.local/lib/python3.12/site-packages/airflow/example_dags/example_short_circuit_operator.py
[2026-03-22T04:40:42.115+0000] {logging_mixin.py:188} INFO - [2026-03-22T04:40:42.109+0000] {dag.py:3096} INFO - Sync 1 DAGs
[2026-03-22T04:40:42.776+0000] {logging_mixin.py:188} INFO - [2026-03-22T04:40:42.766+0000] {dag.py:3954} INFO - Setting next_dagrun for example_short_circuit_operator to 2026-03-21 00:00:00+00:00, run_after=2026-03-22 00:00:00+00:00
[2026-03-22T04:40:43.583+0000] {processor.py:183} INFO - Processing /home/airflow/.local/lib/python3.12/site-packages/airflow/example_dags/example_short_circuit_operator.py took 2.175 seconds
[2026-03-22T04:41:33.141+0000] {processor.py:161} INFO - Started process (PID=2118) to work on /home/airflow/.local/lib/python3.12/site-packages/airflow/example_dags/example_short_circuit_operator.py
[2026-03-22T04:41:33.150+0000] {processor.py:830} INFO - Processing file /home/airflow/.local/lib/python3.12/site-packages/airflow/example_dags/example_short_circuit_operator.py for tasks to queue
[2026-03-22T04:41:33.170+0000] {logging_mixin.py:188} INFO - [2026-03-22T04:41:33.169+0000] {dagbag.py:545} INFO - Filling up the DagBag from /home/airflow/.local/lib/python3.12/site-packages/airflow/example_dags/example_short_circuit_operator.py
[2026-03-22T04:41:33.240+0000] {processor.py:840} INFO - DAG(s) 'example_short_circuit_operator' retrieved from /home/airflow/.local/lib/python3.12/site-packages/airflow/example_dags/example_short_circuit_operator.py
[2026-03-22T04:41:33.384+0000] {logging_mixin.py:188} INFO - [2026-03-22T04:41:33.383+0000] {dag.py:3096} INFO - Sync 1 DAGs
[2026-03-22T04:41:33.453+0000] {logging_mixin.py:188} INFO - [2026-03-22T04:41:33.453+0000] {dag.py:3954} INFO - Setting next_dagrun for example_short_circuit_operator to 2026-03-21 00:00:00+00:00, run_after=2026-03-22 00:00:00+00:00
[2026-03-22T04:41:33.526+0000] {processor.py:183} INFO - Processing /home/airflow/.local/lib/python3.12/site-packages/airflow/example_dags/example_short_circuit_operator.py took 0.454 seconds
[2026-03-22T04:42:36.272+0000] {processor.py:161} INFO - Started process (PID=2192) to work on /home/airflow/.local/lib/python3.12/site-packages/airflow/example_dags/example_short_circuit_operator.py
[2026-03-22T04:42:36.275+0000] {processor.py:830} INFO - Processing file /home/airflow/.local/lib/python3.12/site-packages/airflow/example_dags/example_short_circuit_operator.py for tasks to queue
[2026-03-22T04:42:36.282+0000] {logging_mixin.py:188} INFO - [2026-03-22T04:42:36.281+0000] {dagbag.py:545} INFO - Filling up the DagBag from /home/airflow/.local/lib/python3.12/site-packages/airflow/example_dags/example_short_circuit_operator.py
[2026-03-22T04:42:36.305+0000] {processor.py:840} INFO - DAG(s) 'example_short_circuit_operator' retrieved from /home/airflow/.local/lib/python3.12/site-packages/airflow/example_dags/example_short_circuit_operator.py
[2026-03-22T04:42:36.430+0000] {logging_mixin.py:188} INFO - [2026-03-22T04:42:36.430+0000] {dag.py:3096} INFO - Sync 1 DAGs
[2026-03-22T04:42:36.499+0000] {logging_mixin.py:188} INFO - [2026-03-22T04:42:36.498+0000] {dag.py:3954} INFO - Setting next_dagrun for example_short_circuit_operator to 2026-03-21 00:00:00+00:00, run_after=2026-03-22 00:00:00+00:00
[2026-03-22T04:42:36.538+0000] {processor.py:183} INFO - Processing /home/airflow/.local/lib/python3.12/site-packages/airflow/example_dags/example_short_circuit_operator.py took 0.287 seconds
[2026-03-22T04:43:07.078+0000] {processor.py:161} INFO - Started process (PID=2250) to work on /home/airflow/.local/lib/python3.12/site-packages/airflow/example_dags/example_short_circuit_operator.py
[2026-03-22T04:43:07.080+0000] {processor.py:830} INFO - Processing file /home/airflow/.local/lib/python3.12/site-packages/airflow/example_dags/example_short_circuit_operator.py for tasks to queue
[2026-03-22T04:43:07.081+0000] {logging_mixin.py:188} INFO - [2026-03-22T04:43:07.081+0000] {dagbag.py:545} INFO - Filling up the DagBag from /home/airflow/.local/lib/python3.12/site-packages/airflow/example_dags/example_short_circuit_operator.py
[2026-03-22T04:43:07.086+0000] {processor.py:840} INFO - DAG(s) 'example_short_circuit_operator' retrieved from /home/airflow/.local/lib/python3.12/site-packages/airflow/example_dags/example_short_circuit_operator.py
[2026-03-22T04:43:07.108+0000] {logging_mixin.py:188} INFO - [2026-03-22T04:43:07.108+0000] {dag.py:3096} INFO - Sync 1 DAGs
[2026-03-22T04:43:07.122+0000] {logging_mixin.py:188} INFO - [2026-03-22T04:43:07.122+0000] {dag.py:3954} INFO - Setting next_dagrun for example_short_circuit_operator to 2026-03-21 00:00:00+00:00, run_after=2026-03-22 00:00:00+00:00
[2026-03-22T04:43:07.135+0000] {processor.py:183} INFO - Processing /home/airflow/.local/lib/python3.12/site-packages/airflow/example_dags/example_short_circuit_operator.py took 0.061 seconds
[2026-03-22T04:43:37.340+0000] {processor.py:161} INFO - Started process (PID=2308) to work on /home/airflow/.local/lib/python3.12/site-packages/airflow/example_dags/example_short_circuit_operator.py
[2026-03-22T04:43:37.341+0000] {processor.py:830} INFO - Processing file /home/airflow/.local/lib/python3.12/site-packages/airflow/example_dags/example_short_circuit_operator.py for tasks to queue
[2026-03-22T04:43:37.342+0000] {logging_mixin.py:188} INFO - [2026-03-22T04:43:37.342+0000] {dagbag.py:545} INFO - Filling up the DagBag from /home/airflow/.local/lib/python3.12/site-packages/airflow/example_dags/example_short_circuit_operator.py
[2026-03-22T04:43:37.351+0000] {processor.py:840} INFO - DAG(s) 'example_short_circuit_operator' retrieved from /home/airflow/.local/lib/python3.12/site-packages/airflow/example_dags/example_short_circuit_operator.py
[2026-03-22T04:43:37.368+0000] {logging_mixin.py:188} INFO - [2026-03-22T04:43:37.368+0000] {dag.py:3096} INFO - Sync 1 DAGs
[2026-03-22T04:43:37.380+0000] {logging_mixin.py:188} INFO - [2026-03-22T04:43:37.380+0000] {dag.py:3954} INFO - Setting next_dagrun for example_short_circuit_operator to 2026-03-21 00:00:00+00:00, run_after=2026-03-22 00:00:00+00:00
[2026-03-22T04:43:37.391+0000] {processor.py:183} INFO - Processing /home/airflow/.local/lib/python3.12/site-packages/airflow/example_dags/example_short_circuit_operator.py took 0.054 seconds
[2026-03-22T04:44:07.846+0000] {processor.py:161} INFO - Started process (PID=2366) to work on /home/airflow/.local/lib/python3.12/site-packages/airflow/example_dags/example_short_circuit_operator.py
[2026-03-22T04:44:07.848+0000] {processor.py:830} INFO - Processing file /home/airflow/.local/lib/python3.12/site-packages/airflow/example_dags/example_short_circuit_operator.py for tasks to queue
[2026-03-22T04:44:07.850+0000] {logging_mixin.py:188} INFO - [2026-03-22T04:44:07.850+0000] {dagbag.py:545} INFO - Filling up the DagBag from /home/airflow/.local/lib/python3.12/site-packages/airflow/example_dags/example_short_circuit_operator.py
[2026-03-22T04:44:07.855+0000] {processor.py:840} INFO - DAG(s) 'example_short_circuit_operator' retrieved from /home/airflow/.local/lib/python3.12/site-packages/airflow/example_dags/example_short_circuit_operator.py
[2026-03-22T04:44:07.877+0000] {logging_mixin.py:188} INFO - [2026-03-22T04:44:07.877+0000] {dag.py:3096} INFO - Sync 1 DAGs
[2026-03-22T04:44:07.894+0000] {logging_mixin.py:188} INFO - [2026-03-22T04:44:07.894+0000] {dag.py:3954} INFO - Setting next_dagrun for example_short_circuit_operator to 2026-03-21 00:00:00+00:00, run_after=2026-03-22 00:00:00+00:00
[2026-03-22T04:44:07.906+0000] {processor.py:183} INFO - Processing /home/airflow/.local/lib/python3.12/site-packages/airflow/example_dags/example_short_circuit_operator.py took 0.068 seconds
[2026-03-22T04:44:38.245+0000] {processor.py:161} INFO - Started process (PID=2425) to work on /home/airflow/.local/lib/python3.12/site-packages/airflow/example_dags/example_short_circuit_operator.py
[2026-03-22T04:44:38.247+0000] {processor.py:830} INFO - Processing file /home/airflow/.local/lib/python3.12/site-packages/airflow/example_dags/example_short_circuit_operator.py for tasks to queue
[2026-03-22T04:44:38.249+0000] {logging_mixin.py:188} INFO - [2026-03-22T04:44:38.248+0000] {dagbag.py:545} INFO - Filling up the DagBag from /home/airflow/.local/lib/python3.12/site-packages/airflow/example_dags/example_short_circuit_operator.py
[2026-03-22T04:44:38.260+0000] {processor.py:840} INFO - DAG(s) 'example_short_circuit_operator' retrieved from /home/airflow/.local/lib/python3.12/site-packages/airflow/example_dags/example_short_circuit_operator.py
[2026-03-22T04:44:38.348+0000] {logging_mixin.py:188} INFO - [2026-03-22T04:44:38.346+0000] {dag.py:3096} INFO - Sync 1 DAGs
[2026-03-22T04:44:38.413+0000] {logging_mixin.py:188} INFO - [2026-03-22T04:44:38.412+0000] {dag.py:3954} INFO - Setting next_dagrun for example_short_circuit_operator to 2026-03-21 00:00:00+00:00, run_after=2026-03-22 00:00:00+00:00
[2026-03-22T04:44:38.438+0000] {processor.py:183} INFO - Processing /home/airflow/.local/lib/python3.12/site-packages/airflow/example_dags/example_short_circuit_operator.py took 0.197 seconds
[2026-03-22T04:45:08.980+0000] {processor.py:161} INFO - Started process (PID=2486) to work on /home/airflow/.local/lib/python3.12/site-packages/airflow/example_dags/example_short_circuit_operator.py
[2026-03-22T04:45:08.981+0000] {processor.py:830} INFO - Processing file /home/airflow/.local/lib/python3.12/site-packages/airflow/example_dags/example_short_circuit_operator.py for tasks to queue
[2026-03-22T04:45:08.982+0000] {logging_mixin.py:188} INFO - [2026-03-22T04:45:08.982+0000] {dagbag.py:545} INFO - Filling up the DagBag from /home/airflow/.local/lib/python3.12/site-packages/airflow/example_dags/example_short_circuit_operator.py
[2026-03-22T04:45:08.985+0000] {processor.py:840} INFO - DAG(s) 'example_short_circuit_operator' retrieved from /home/airflow/.local/lib/python3.12/site-packages/airflow/example_dags/example_short_circuit_operator.py
[2026-03-22T04:45:08.995+0000] {logging_mixin.py:188} INFO - [2026-03-22T04:45:08.995+0000] {dag.py:3096} INFO - Sync 1 DAGs
[2026-03-22T04:45:09.004+0000] {logging_mixin.py:188} INFO - [2026-03-22T04:45:09.004+0000] {dag.py:3954} INFO - Setting next_dagrun for example_short_circuit_operator to 2026-03-21 00:00:00+00:00, run_after=2026-03-22 00:00:00+00:00
[2026-03-22T04:45:09.010+0000] {processor.py:183} INFO - Processing /home/airflow/.local/lib/python3.12/site-packages/airflow/example_dags/example_short_circuit_operator.py took 0.033 seconds
[2026-03-22T04:45:39.895+0000] {processor.py:161} INFO - Started process (PID=2546) to work on /home/airflow/.local/lib/python3.12/site-packages/airflow/example_dags/example_short_circuit_operator.py
[2026-03-22T04:45:39.896+0000] {processor.py:830} INFO - Processing file /home/airflow/.local/lib/python3.12/site-packages/airflow/example_dags/example_short_circuit_operator.py for tasks to queue
[2026-03-22T04:45:39.900+0000] {logging_mixin.py:188} INFO - [2026-03-22T04:45:39.899+0000] {dagbag.py:545} INFO - Filling up the DagBag from /home/airflow/.local/lib/python3.12/site-packages/airflow/example_dags/example_short_circuit_operator.py
[2026-03-22T04:45:39.919+0000] {processor.py:840} INFO - DAG(s) 'example_short_circuit_operator' retrieved from /home/airflow/.local/lib/python3.12/site-packages/airflow/example_dags/example_short_circuit_operator.py
[2026-03-22T04:45:39.966+0000] {logging_mixin.py:188} INFO - [2026-03-22T04:45:39.966+0000] {dag.py:3096} INFO - Sync 1 DAGs
[2026-03-22T04:45:39.998+0000] {logging_mixin.py:188} INFO - [2026-03-22T04:45:39.998+0000] {dag.py:3954} INFO - Setting next_dagrun for example_short_circuit_operator to 2026-03-21 00:00:00+00:00, run_after=2026-03-22 00:00:00+00:00
[2026-03-22T04:45:40.030+0000] {processor.py:183} INFO - Processing /home/airflow/.local/lib/python3.12/site-packages/airflow/example_dags/example_short_circuit_operator.py took 0.144 seconds
[2026-03-22T04:46:10.925+0000] {processor.py:161} INFO - Started process (PID=2604) to work on /home/airflow/.local/lib/python3.12/site-packages/airflow/example_dags/example_short_circuit_operator.py
[2026-03-22T04:46:10.926+0000] {processor.py:830} INFO - Processing file /home/airflow/.local/lib/python3.12/site-packages/airflow/example_dags/example_short_circuit_operator.py for tasks to queue
[2026-03-22T04:46:10.928+0000] {logging_mixin.py:188} INFO - [2026-03-22T04:46:10.927+0000] {dagbag.py:545} INFO - Filling up the DagBag from /home/airflow/.local/lib/python3.12/site-packages/airflow/example_dags/example_short_circuit_operator.py
[2026-03-22T04:46:10.944+0000] {processor.py:840} INFO - DAG(s) 'example_short_circuit_operator' retrieved from /home/airflow/.local/lib/python3.12/site-packages/airflow/example_dags/example_short_circuit_operator.py
[2026-03-22T04:46:11.012+0000] {logging_mixin.py:188} INFO - [2026-03-22T04:46:11.012+0000] {dag.py:3096} INFO - Sync 1 DAGs
[2026-03-22T04:46:11.239+0000] {logging_mixin.py:188} INFO - [2026-03-22T04:46:11.237+0000] {dag.py:3954} INFO - Setting next_dagrun for example_short_circuit_operator to 2026-03-21 00:00:00+00:00, run_after=2026-03-22 00:00:00+00:00
[2026-03-22T04:46:11.556+0000] {processor.py:183} INFO - Processing /home/airflow/.local/lib/python3.12/site-packages/airflow/example_dags/example_short_circuit_operator.py took 0.638 seconds
[2026-03-22T04:46:42.371+0000] {processor.py:161} INFO - Started process (PID=2662) to work on /home/airflow/.local/lib/python3.12/site-packages/airflow/example_dags/example_short_circuit_operator.py
[2026-03-22T04:46:42.382+0000] {processor.py:830} INFO - Processing file /home/airflow/.local/lib/python3.12/site-packages/airflow/example_dags/example_short_circuit_operator.py for tasks to queue
[2026-03-22T04:46:42.407+0000] {logging_mixin.py:188} INFO - [2026-03-22T04:46:42.406+0000] {dagbag.py:545} INFO - Filling up the DagBag from /home/airflow/.local/lib/python3.12/site-packages/airflow/example_dags/example_short_circuit_operator.py
[2026-03-22T04:46:42.447+0000] {processor.py:840} INFO - DAG(s) 'example_short_circuit_operator' retrieved from /home/airflow/.local/lib/python3.12/site-packages/airflow/example_dags/example_short_circuit_operator.py
[2026-03-22T04:46:42.579+0000] {logging_mixin.py:188} INFO - [2026-03-22T04:46:42.578+0000] {dag.py:3096} INFO - Sync 1 DAGs
[2026-03-22T04:46:42.637+0000] {logging_mixin.py:188} INFO - [2026-03-22T04:46:42.637+0000] {dag.py:3954} INFO - Setting next_dagrun for example_short_circuit_operator to 2026-03-21 00:00:00+00:00, run_after=2026-03-22 00:00:00+00:00
[2026-03-22T04:46:42.674+0000] {processor.py:183} INFO - Processing /home/airflow/.local/lib/python3.12/site-packages/airflow/example_dags/example_short_circuit_operator.py took 0.367 seconds
[2026-03-22T04:47:13.462+0000] {processor.py:161} INFO - Started process (PID=2720) to work on /home/airflow/.local/lib/python3.12/site-packages/airflow/example_dags/example_short_circuit_operator.py
[2026-03-22T04:47:13.467+0000] {processor.py:830} INFO - Processing file /home/airflow/.local/lib/python3.12/site-packages/airflow/example_dags/example_short_circuit_operator.py for tasks to queue
[2026-03-22T04:47:13.471+0000] {logging_mixin.py:188} INFO - [2026-03-22T04:47:13.470+0000] {dagbag.py:545} INFO - Filling up the DagBag from /home/airflow/.local/lib/python3.12/site-packages/airflow/example_dags/example_short_circuit_operator.py
[2026-03-22T04:47:13.519+0000] {processor.py:840} INFO - DAG(s) 'example_short_circuit_operator' retrieved from /home/airflow/.local/lib/python3.12/site-packages/airflow/example_dags/example_short_circuit_operator.py
[2026-03-22T04:47:13.636+0000] {logging_mixin.py:188} INFO - [2026-03-22T04:47:13.635+0000] {dag.py:3096} INFO - Sync 1 DAGs
[2026-03-22T04:47:13.689+0000] {logging_mixin.py:188} INFO - [2026-03-22T04:47:13.689+0000] {dag.py:3954} INFO - Setting next_dagrun for example_short_circuit_operator to 2026-03-21 00:00:00+00:00, run_after=2026-03-22 00:00:00+00:00
[2026-03-22T04:47:13.729+0000] {processor.py:183} INFO - Processing /home/airflow/.local/lib/python3.12/site-packages/airflow/example_dags/example_short_circuit_operator.py took 0.293 seconds
[2026-03-22T04:47:44.287+0000] {processor.py:161} INFO - Started process (PID=2778) to work on /home/airflow/.local/lib/python3.12/site-packages/airflow/example_dags/example_short_circuit_operator.py
[2026-03-22T04:47:44.294+0000] {processor.py:830} INFO - Processing file /home/airflow/.local/lib/python3.12/site-packages/airflow/example_dags/example_short_circuit_operator.py for tasks to queue
[2026-03-22T04:47:44.302+0000] {logging_mixin.py:188} INFO - [2026-03-22T04:47:44.301+0000] {dagbag.py:545} INFO - Filling up the DagBag from /home/airflow/.local/lib/python3.12/site-packages/airflow/example_dags/example_short_circuit_operator.py
[2026-03-22T04:47:44.326+0000] {processor.py:840} INFO - DAG(s) 'example_short_circuit_operator' retrieved from /home/airflow/.local/lib/python3.12/site-packages/airflow/example_dags/example_short_circuit_operator.py
[2026-03-22T04:47:44.417+0000] {logging_mixin.py:188} INFO - [2026-03-22T04:47:44.416+0000] {dag.py:3096} INFO - Sync 1 DAGs
[2026-03-22T04:47:44.536+0000] {logging_mixin.py:188} INFO - [2026-03-22T04:47:44.535+0000] {dag.py:3954} INFO - Setting next_dagrun for example_short_circuit_operator to 2026-03-21 00:00:00+00:00, run_after=2026-03-22 00:00:00+00:00
[2026-03-22T04:47:44.589+0000] {processor.py:183} INFO - Processing /home/airflow/.local/lib/python3.12/site-packages/airflow/example_dags/example_short_circuit_operator.py took 0.319 seconds
[2026-03-22T04:48:14.715+0000] {processor.py:161} INFO - Started process (PID=2836) to work on /home/airflow/.local/lib/python3.12/site-packages/airflow/example_dags/example_short_circuit_operator.py
[2026-03-22T04:48:14.717+0000] {processor.py:830} INFO - Processing file /home/airflow/.local/lib/python3.12/site-packages/airflow/example_dags/example_short_circuit_operator.py for tasks to queue
[2026-03-22T04:48:14.722+0000] {logging_mixin.py:188} INFO - [2026-03-22T04:48:14.721+0000] {dagbag.py:545} INFO - Filling up the DagBag from /home/airflow/.local/lib/python3.12/site-packages/airflow/example_dags/example_short_circuit_operator.py
[2026-03-22T04:48:14.746+0000] {processor.py:840} INFO - DAG(s) 'example_short_circuit_operator' retrieved from /home/airflow/.local/lib/python3.12/site-packages/airflow/example_dags/example_short_circuit_operator.py
[2026-03-22T04:48:14.799+0000] {logging_mixin.py:188} INFO - [2026-03-22T04:48:14.799+0000] {dag.py:3096} INFO - Sync 1 DAGs
[2026-03-22T04:48:14.834+0000] {logging_mixin.py:188} INFO - [2026-03-22T04:48:14.834+0000] {dag.py:3954} INFO - Setting next_dagrun for example_short_circuit_operator to 2026-03-21 00:00:00+00:00, run_after=2026-03-22 00:00:00+00:00
[2026-03-22T04:48:14.864+0000] {processor.py:183} INFO - Processing /home/airflow/.local/lib/python3.12/site-packages/airflow/example_dags/example_short_circuit_operator.py took 0.165 seconds
[2026-03-22T04:48:45.187+0000] {processor.py:161} INFO - Started process (PID=2894) to work on /home/airflow/.local/lib/python3.12/site-packages/airflow/example_dags/example_short_circuit_operator.py
[2026-03-22T04:48:45.198+0000] {processor.py:830} INFO - Processing file /home/airflow/.local/lib/python3.12/site-packages/airflow/example_dags/example_short_circuit_operator.py for tasks to queue
[2026-03-22T04:48:45.204+0000] {logging_mixin.py:188} INFO - [2026-03-22T04:48:45.203+0000] {dagbag.py:545} INFO - Filling up the DagBag from /home/airflow/.local/lib/python3.12/site-packages/airflow/example_dags/example_short_circuit_operator.py
[2026-03-22T04:48:45.235+0000] {processor.py:840} INFO - DAG(s) 'example_short_circuit_operator' retrieved from /home/airflow/.local/lib/python3.12/site-packages/airflow/example_dags/example_short_circuit_operator.py
[2026-03-22T04:48:45.451+0000] {logging_mixin.py:188} INFO - [2026-03-22T04:48:45.450+0000] {dag.py:3096} INFO - Sync 1 DAGs
[2026-03-22T04:48:45.493+0000] {logging_mixin.py:188} INFO - [2026-03-22T04:48:45.492+0000] {dag.py:3954} INFO - Setting next_dagrun for example_short_circuit_operator to 2026-03-21 00:00:00+00:00, run_after=2026-03-22 00:00:00+00:00
[2026-03-22T04:48:45.549+0000] {processor.py:183} INFO - Processing /home/airflow/.local/lib/python3.12/site-packages/airflow/example_dags/example_short_circuit_operator.py took 0.382 seconds
[2026-03-22T04:49:16.289+0000] {processor.py:161} INFO - Started process (PID=2953) to work on /home/airflow/.local/lib/python3.12/site-packages/airflow/example_dags/example_short_circuit_operator.py
[2026-03-22T04:49:16.290+0000] {processor.py:830} INFO - Processing file /home/airflow/.local/lib/python3.12/site-packages/airflow/example_dags/example_short_circuit_operator.py for tasks to queue
[2026-03-22T04:49:16.303+0000] {logging_mixin.py:188} INFO - [2026-03-22T04:49:16.298+0000] {dagbag.py:545} INFO - Filling up the DagBag from /home/airflow/.local/lib/python3.12/site-packages/airflow/example_dags/example_short_circuit_operator.py
[2026-03-22T04:49:16.357+0000] {processor.py:840} INFO - DAG(s) 'example_short_circuit_operator' retrieved from /home/airflow/.local/lib/python3.12/site-packages/airflow/example_dags/example_short_circuit_operator.py
[2026-03-22T04:49:16.544+0000] {logging_mixin.py:188} INFO - [2026-03-22T04:49:16.543+0000] {dag.py:3096} INFO - Sync 1 DAGs
[2026-03-22T04:49:16.726+0000] {logging_mixin.py:188} INFO - [2026-03-22T04:49:16.724+0000] {dag.py:3954} INFO - Setting next_dagrun for example_short_circuit_operator to 2026-03-21 00:00:00+00:00, run_after=2026-03-22 00:00:00+00:00
[2026-03-22T04:49:16.994+0000] {processor.py:183} INFO - Processing /home/airflow/.local/lib/python3.12/site-packages/airflow/example_dags/example_short_circuit_operator.py took 0.738 seconds
[2026-03-22T04:49:48.037+0000] {processor.py:161} INFO - Started process (PID=3010) to work on /home/airflow/.local/lib/python3.12/site-packages/airflow/example_dags/example_short_circuit_operator.py
[2026-03-22T04:49:48.041+0000] {processor.py:830} INFO - Processing file /home/airflow/.local/lib/python3.12/site-packages/airflow/example_dags/example_short_circuit_operator.py for tasks to queue
[2026-03-22T04:49:48.051+0000] {logging_mixin.py:188} INFO - [2026-03-22T04:49:48.050+0000] {dagbag.py:545} INFO - Filling up the DagBag from /home/airflow/.local/lib/python3.12/site-packages/airflow/example_dags/example_short_circuit_operator.py
[2026-03-22T04:49:48.074+0000] {processor.py:840} INFO - DAG(s) 'example_short_circuit_operator' retrieved from /home/airflow/.local/lib/python3.12/site-packages/airflow/example_dags/example_short_circuit_operator.py
[2026-03-22T04:49:48.127+0000] {logging_mixin.py:188} INFO - [2026-03-22T04:49:48.127+0000] {dag.py:3096} INFO - Sync 1 DAGs
[2026-03-22T04:49:48.165+0000] {logging_mixin.py:188} INFO - [2026-03-22T04:49:48.165+0000] {dag.py:3954} INFO - Setting next_dagrun for example_short_circuit_operator to 2026-03-21 00:00:00+00:00, run_after=2026-03-22 00:00:00+00:00
[2026-03-22T04:49:48.185+0000] {processor.py:183} INFO - Processing /home/airflow/.local/lib/python3.12/site-packages/airflow/example_dags/example_short_circuit_operator.py took 0.177 seconds
[2026-03-22T04:50:19.950+0000] {processor.py:161} INFO - Started process (PID=3069) to work on /home/airflow/.local/lib/python3.12/site-packages/airflow/example_dags/example_short_circuit_operator.py
[2026-03-22T04:50:20.018+0000] {processor.py:830} INFO - Processing file /home/airflow/.local/lib/python3.12/site-packages/airflow/example_dags/example_short_circuit_operator.py for tasks to queue
[2026-03-22T04:50:20.226+0000] {logging_mixin.py:188} INFO - [2026-03-22T04:50:20.210+0000] {dagbag.py:545} INFO - Filling up the DagBag from /home/airflow/.local/lib/python3.12/site-packages/airflow/example_dags/example_short_circuit_operator.py
[2026-03-22T04:50:21.109+0000] {processor.py:840} INFO - DAG(s) 'example_short_circuit_operator' retrieved from /home/airflow/.local/lib/python3.12/site-packages/airflow/example_dags/example_short_circuit_operator.py
[2026-03-22T04:50:21.714+0000] {logging_mixin.py:188} INFO - [2026-03-22T04:50:21.706+0000] {dag.py:3096} INFO - Sync 1 DAGs
[2026-03-22T04:50:21.911+0000] {logging_mixin.py:188} INFO - [2026-03-22T04:50:21.909+0000] {dag.py:3954} INFO - Setting next_dagrun for example_short_circuit_operator to 2026-03-21 00:00:00+00:00, run_after=2026-03-22 00:00:00+00:00
[2026-03-22T04:50:21.999+0000] {processor.py:183} INFO - Processing /home/airflow/.local/lib/python3.12/site-packages/airflow/example_dags/example_short_circuit_operator.py took 2.117 seconds
[2026-03-22T04:50:52.169+0000] {processor.py:161} INFO - Started process (PID=3128) to work on /home/airflow/.local/lib/python3.12/site-packages/airflow/example_dags/example_short_circuit_operator.py
[2026-03-22T04:50:52.170+0000] {processor.py:830} INFO - Processing file /home/airflow/.local/lib/python3.12/site-packages/airflow/example_dags/example_short_circuit_operator.py for tasks to queue
[2026-03-22T04:50:52.172+0000] {logging_mixin.py:188} INFO - [2026-03-22T04:50:52.171+0000] {dagbag.py:545} INFO - Filling up the DagBag from /home/airflow/.local/lib/python3.12/site-packages/airflow/example_dags/example_short_circuit_operator.py
[2026-03-22T04:50:52.185+0000] {processor.py:840} INFO - DAG(s) 'example_short_circuit_operator' retrieved from /home/airflow/.local/lib/python3.12/site-packages/airflow/example_dags/example_short_circuit_operator.py
[2026-03-22T04:50:52.213+0000] {logging_mixin.py:188} INFO - [2026-03-22T04:50:52.213+0000] {dag.py:3096} INFO - Sync 1 DAGs
[2026-03-22T04:50:52.230+0000] {logging_mixin.py:188} INFO - [2026-03-22T04:50:52.230+0000] {dag.py:3954} INFO - Setting next_dagrun for example_short_circuit_operator to 2026-03-21 00:00:00+00:00, run_after=2026-03-22 00:00:00+00:00
[2026-03-22T04:50:52.243+0000] {processor.py:183} INFO - Processing /home/airflow/.local/lib/python3.12/site-packages/airflow/example_dags/example_short_circuit_operator.py took 0.079 seconds
[2026-03-22T04:51:23.017+0000] {processor.py:161} INFO - Started process (PID=3185) to work on /home/airflow/.local/lib/python3.12/site-packages/airflow/example_dags/example_short_circuit_operator.py
[2026-03-22T04:51:23.020+0000] {processor.py:830} INFO - Processing file /home/airflow/.local/lib/python3.12/site-packages/airflow/example_dags/example_short_circuit_operator.py for tasks to queue
[2026-03-22T04:51:23.030+0000] {logging_mixin.py:188} INFO - [2026-03-22T04:51:23.029+0000] {dagbag.py:545} INFO - Filling up the DagBag from /home/airflow/.local/lib/python3.12/site-packages/airflow/example_dags/example_short_circuit_operator.py
[2026-03-22T04:51:23.048+0000] {processor.py:840} INFO - DAG(s) 'example_short_circuit_operator' retrieved from /home/airflow/.local/lib/python3.12/site-packages/airflow/example_dags/example_short_circuit_operator.py
[2026-03-22T04:51:23.157+0000] {logging_mixin.py:188} INFO - [2026-03-22T04:51:23.157+0000] {dag.py:3096} INFO - Sync 1 DAGs
[2026-03-22T04:51:23.192+0000] {logging_mixin.py:188} INFO - [2026-03-22T04:51:23.192+0000] {dag.py:3954} INFO - Setting next_dagrun for example_short_circuit_operator to 2026-03-21 00:00:00+00:00, run_after=2026-03-22 00:00:00+00:00
[2026-03-22T04:51:23.220+0000] {processor.py:183} INFO - Processing /home/airflow/.local/lib/python3.12/site-packages/airflow/example_dags/example_short_circuit_operator.py took 0.235 seconds
[2026-03-22T04:55:52.890+0000] {processor.py:161} INFO - Started process (PID=149) to work on /home/airflow/.local/lib/python3.12/site-packages/airflow/example_dags/example_short_circuit_operator.py
[2026-03-22T04:55:52.891+0000] {processor.py:830} INFO - Processing file /home/airflow/.local/lib/python3.12/site-packages/airflow/example_dags/example_short_circuit_operator.py for tasks to queue
[2026-03-22T04:55:52.893+0000] {logging_mixin.py:188} INFO - [2026-03-22T04:55:52.893+0000] {dagbag.py:545} INFO - Filling up the DagBag from /home/airflow/.local/lib/python3.12/site-packages/airflow/example_dags/example_short_circuit_operator.py
[2026-03-22T04:55:52.901+0000] {processor.py:840} INFO - DAG(s) 'example_short_circuit_operator' retrieved from /home/airflow/.local/lib/python3.12/site-packages/airflow/example_dags/example_short_circuit_operator.py
[2026-03-22T04:55:53.012+0000] {logging_mixin.py:188} INFO - [2026-03-22T04:55:53.011+0000] {dag.py:3096} INFO - Sync 1 DAGs
[2026-03-22T04:55:53.045+0000] {logging_mixin.py:188} INFO - [2026-03-22T04:55:53.044+0000] {dag.py:3954} INFO - Setting next_dagrun for example_short_circuit_operator to 2026-03-21 00:00:00+00:00, run_after=2026-03-22 00:00:00+00:00
[2026-03-22T04:55:53.102+0000] {processor.py:183} INFO - Processing /home/airflow/.local/lib/python3.12/site-packages/airflow/example_dags/example_short_circuit_operator.py took 0.221 seconds
[2026-03-22T04:56:23.715+0000] {processor.py:161} INFO - Started process (PID=208) to work on /home/airflow/.local/lib/python3.12/site-packages/airflow/example_dags/example_short_circuit_operator.py
[2026-03-22T04:56:23.716+0000] {processor.py:830} INFO - Processing file /home/airflow/.local/lib/python3.12/site-packages/airflow/example_dags/example_short_circuit_operator.py for tasks to queue
[2026-03-22T04:56:23.717+0000] {logging_mixin.py:188} INFO - [2026-03-22T04:56:23.717+0000] {dagbag.py:545} INFO - Filling up the DagBag from /home/airflow/.local/lib/python3.12/site-packages/airflow/example_dags/example_short_circuit_operator.py
[2026-03-22T04:56:23.722+0000] {processor.py:840} INFO - DAG(s) 'example_short_circuit_operator' retrieved from /home/airflow/.local/lib/python3.12/site-packages/airflow/example_dags/example_short_circuit_operator.py
[2026-03-22T04:56:23.735+0000] {logging_mixin.py:188} INFO - [2026-03-22T04:56:23.735+0000] {dag.py:3096} INFO - Sync 1 DAGs
[2026-03-22T04:56:23.746+0000] {logging_mixin.py:188} INFO - [2026-03-22T04:56:23.746+0000] {dag.py:3954} INFO - Setting next_dagrun for example_short_circuit_operator to 2026-03-21 00:00:00+00:00, run_after=2026-03-22 00:00:00+00:00
[2026-03-22T04:56:23.754+0000] {processor.py:183} INFO - Processing /home/airflow/.local/lib/python3.12/site-packages/airflow/example_dags/example_short_circuit_operator.py took 0.041 seconds
[2026-03-22T04:56:54.840+0000] {processor.py:161} INFO - Started process (PID=267) to work on /home/airflow/.local/lib/python3.12/site-packages/airflow/example_dags/example_short_circuit_operator.py
[2026-03-22T04:56:54.843+0000] {processor.py:830} INFO - Processing file /home/airflow/.local/lib/python3.12/site-packages/airflow/example_dags/example_short_circuit_operator.py for tasks to queue
[2026-03-22T04:56:54.844+0000] {logging_mixin.py:188} INFO - [2026-03-22T04:56:54.844+0000] {dagbag.py:545} INFO - Filling up the DagBag from /home/airflow/.local/lib/python3.12/site-packages/airflow/example_dags/example_short_circuit_operator.py
[2026-03-22T04:56:54.851+0000] {processor.py:840} INFO - DAG(s) 'example_short_circuit_operator' retrieved from /home/airflow/.local/lib/python3.12/site-packages/airflow/example_dags/example_short_circuit_operator.py
[2026-03-22T04:56:54.863+0000] {logging_mixin.py:188} INFO - [2026-03-22T04:56:54.863+0000] {dag.py:3096} INFO - Sync 1 DAGs
[2026-03-22T04:56:54.879+0000] {logging_mixin.py:188} INFO - [2026-03-22T04:56:54.879+0000] {dag.py:3954} INFO - Setting next_dagrun for example_short_circuit_operator to 2026-03-21 00:00:00+00:00, run_after=2026-03-22 00:00:00+00:00
[2026-03-22T04:56:54.897+0000] {processor.py:183} INFO - Processing /home/airflow/.local/lib/python3.12/site-packages/airflow/example_dags/example_short_circuit_operator.py took 0.061 seconds
[2026-03-22T05:02:10.614+0000] {processor.py:161} INFO - Started process (PID=373) to work on /home/airflow/.local/lib/python3.12/site-packages/airflow/example_dags/example_short_circuit_operator.py
[2026-03-22T05:02:10.631+0000] {processor.py:830} INFO - Processing file /home/airflow/.local/lib/python3.12/site-packages/airflow/example_dags/example_short_circuit_operator.py for tasks to queue
[2026-03-22T05:02:10.660+0000] {logging_mixin.py:188} INFO - [2026-03-22T05:02:10.658+0000] {dagbag.py:545} INFO - Filling up the DagBag from /home/airflow/.local/lib/python3.12/site-packages/airflow/example_dags/example_short_circuit_operator.py
[2026-03-22T05:02:11.011+0000] {processor.py:840} INFO - DAG(s) 'example_short_circuit_operator' retrieved from /home/airflow/.local/lib/python3.12/site-packages/airflow/example_dags/example_short_circuit_operator.py
[2026-03-22T05:02:12.515+0000] {logging_mixin.py:188} INFO - [2026-03-22T05:02:12.467+0000] {dag.py:3096} INFO - Sync 1 DAGs
[2026-03-22T05:02:14.741+0000] {logging_mixin.py:188} INFO - [2026-03-22T05:02:14.591+0000] {dag.py:3954} INFO - Setting next_dagrun for example_short_circuit_operator to 2026-03-21 00:00:00+00:00, run_after=2026-03-22 00:00:00+00:00
[2026-03-22T05:02:22.531+0000] {processor.py:183} INFO - Processing /home/airflow/.local/lib/python3.12/site-packages/airflow/example_dags/example_short_circuit_operator.py took 11.905 seconds
