[2026-03-22T04:09:20.531+0000] {processor.py:161} INFO - Started process (PID=71) to work on /home/airflow/.local/lib/python3.12/site-packages/airflow/example_dags/example_display_name.py
[2026-03-22T04:09:20.537+0000] {processor.py:830} INFO - Processing file /home/airflow/.local/lib/python3.12/site-packages/airflow/example_dags/example_display_name.py for tasks to queue
[2026-03-22T04:09:20.567+0000] {logging_mixin.py:188} INFO - [2026-03-22T04:09:20.556+0000] {dagbag.py:545} INFO - Filling up the DagBag from /home/airflow/.local/lib/python3.12/site-packages/airflow/example_dags/example_display_name.py
[2026-03-22T04:09:20.803+0000] {processor.py:840} INFO - DAG(s) 'example_display_name' retrieved from /home/airflow/.local/lib/python3.12/site-packages/airflow/example_dags/example_display_name.py
[2026-03-22T04:09:21.147+0000] {logging_mixin.py:188} INFO - [2026-03-22T04:09:21.147+0000] {dag.py:3096} INFO - Sync 1 DAGs
[2026-03-22T04:09:21.193+0000] {logging_mixin.py:188} INFO - [2026-03-22T04:09:21.193+0000] {dag.py:3954} INFO - Setting next_dagrun for example_display_name to None, run_after=None
[2026-03-22T04:09:21.230+0000] {processor.py:183} INFO - Processing /home/airflow/.local/lib/python3.12/site-packages/airflow/example_dags/example_display_name.py took 0.741 seconds
[2026-03-22T04:09:51.411+0000] {processor.py:161} INFO - Started process (PID=129) to work on /home/airflow/.local/lib/python3.12/site-packages/airflow/example_dags/example_display_name.py
[2026-03-22T04:09:51.411+0000] {processor.py:830} INFO - Processing file /home/airflow/.local/lib/python3.12/site-packages/airflow/example_dags/example_display_name.py for tasks to queue
[2026-03-22T04:09:51.413+0000] {logging_mixin.py:188} INFO - [2026-03-22T04:09:51.413+0000] {dagbag.py:545} INFO - Filling up the DagBag from /home/airflow/.local/lib/python3.12/site-packages/airflow/example_dags/example_display_name.py
[2026-03-22T04:09:51.424+0000] {processor.py:840} INFO - DAG(s) 'example_display_name' retrieved from /home/airflow/.local/lib/python3.12/site-packages/airflow/example_dags/example_display_name.py
[2026-03-22T04:09:51.434+0000] {logging_mixin.py:188} INFO - [2026-03-22T04:09:51.434+0000] {dag.py:3096} INFO - Sync 1 DAGs
[2026-03-22T04:09:51.439+0000] {logging_mixin.py:188} INFO - [2026-03-22T04:09:51.439+0000] {dag.py:3954} INFO - Setting next_dagrun for example_display_name to None, run_after=None
[2026-03-22T04:09:51.446+0000] {processor.py:183} INFO - Processing /home/airflow/.local/lib/python3.12/site-packages/airflow/example_dags/example_display_name.py took 0.040 seconds
[2026-03-22T04:10:21.929+0000] {processor.py:161} INFO - Started process (PID=187) to work on /home/airflow/.local/lib/python3.12/site-packages/airflow/example_dags/example_display_name.py
[2026-03-22T04:10:21.930+0000] {processor.py:830} INFO - Processing file /home/airflow/.local/lib/python3.12/site-packages/airflow/example_dags/example_display_name.py for tasks to queue
[2026-03-22T04:10:21.931+0000] {logging_mixin.py:188} INFO - [2026-03-22T04:10:21.931+0000] {dagbag.py:545} INFO - Filling up the DagBag from /home/airflow/.local/lib/python3.12/site-packages/airflow/example_dags/example_display_name.py
[2026-03-22T04:10:21.935+0000] {processor.py:840} INFO - DAG(s) 'example_display_name' retrieved from /home/airflow/.local/lib/python3.12/site-packages/airflow/example_dags/example_display_name.py
[2026-03-22T04:10:21.949+0000] {logging_mixin.py:188} INFO - [2026-03-22T04:10:21.948+0000] {dag.py:3096} INFO - Sync 1 DAGs
[2026-03-22T04:10:21.954+0000] {logging_mixin.py:188} INFO - [2026-03-22T04:10:21.954+0000] {dag.py:3954} INFO - Setting next_dagrun for example_display_name to None, run_after=None
[2026-03-22T04:10:21.961+0000] {processor.py:183} INFO - Processing /home/airflow/.local/lib/python3.12/site-packages/airflow/example_dags/example_display_name.py took 0.034 seconds
[2026-03-22T04:10:52.422+0000] {processor.py:161} INFO - Started process (PID=245) to work on /home/airflow/.local/lib/python3.12/site-packages/airflow/example_dags/example_display_name.py
[2026-03-22T04:10:52.423+0000] {processor.py:830} INFO - Processing file /home/airflow/.local/lib/python3.12/site-packages/airflow/example_dags/example_display_name.py for tasks to queue
[2026-03-22T04:10:52.425+0000] {logging_mixin.py:188} INFO - [2026-03-22T04:10:52.425+0000] {dagbag.py:545} INFO - Filling up the DagBag from /home/airflow/.local/lib/python3.12/site-packages/airflow/example_dags/example_display_name.py
[2026-03-22T04:10:52.431+0000] {processor.py:840} INFO - DAG(s) 'example_display_name' retrieved from /home/airflow/.local/lib/python3.12/site-packages/airflow/example_dags/example_display_name.py
[2026-03-22T04:10:52.447+0000] {logging_mixin.py:188} INFO - [2026-03-22T04:10:52.447+0000] {dag.py:3096} INFO - Sync 1 DAGs
[2026-03-22T04:10:52.477+0000] {logging_mixin.py:188} INFO - [2026-03-22T04:10:52.476+0000] {dag.py:3954} INFO - Setting next_dagrun for example_display_name to None, run_after=None
[2026-03-22T04:10:52.540+0000] {processor.py:183} INFO - Processing /home/airflow/.local/lib/python3.12/site-packages/airflow/example_dags/example_display_name.py took 0.123 seconds
[2026-03-22T04:11:22.874+0000] {processor.py:161} INFO - Started process (PID=303) to work on /home/airflow/.local/lib/python3.12/site-packages/airflow/example_dags/example_display_name.py
[2026-03-22T04:11:22.875+0000] {processor.py:830} INFO - Processing file /home/airflow/.local/lib/python3.12/site-packages/airflow/example_dags/example_display_name.py for tasks to queue
[2026-03-22T04:11:22.877+0000] {logging_mixin.py:188} INFO - [2026-03-22T04:11:22.877+0000] {dagbag.py:545} INFO - Filling up the DagBag from /home/airflow/.local/lib/python3.12/site-packages/airflow/example_dags/example_display_name.py
[2026-03-22T04:11:22.882+0000] {processor.py:840} INFO - DAG(s) 'example_display_name' retrieved from /home/airflow/.local/lib/python3.12/site-packages/airflow/example_dags/example_display_name.py
[2026-03-22T04:11:22.893+0000] {logging_mixin.py:188} INFO - [2026-03-22T04:11:22.892+0000] {dag.py:3096} INFO - Sync 1 DAGs
[2026-03-22T04:11:22.903+0000] {logging_mixin.py:188} INFO - [2026-03-22T04:11:22.903+0000] {dag.py:3954} INFO - Setting next_dagrun for example_display_name to None, run_after=None
[2026-03-22T04:11:22.913+0000] {processor.py:183} INFO - Processing /home/airflow/.local/lib/python3.12/site-packages/airflow/example_dags/example_display_name.py took 0.042 seconds
[2026-03-22T04:11:53.608+0000] {processor.py:161} INFO - Started process (PID=361) to work on /home/airflow/.local/lib/python3.12/site-packages/airflow/example_dags/example_display_name.py
[2026-03-22T04:11:53.609+0000] {processor.py:830} INFO - Processing file /home/airflow/.local/lib/python3.12/site-packages/airflow/example_dags/example_display_name.py for tasks to queue
[2026-03-22T04:11:53.610+0000] {logging_mixin.py:188} INFO - [2026-03-22T04:11:53.610+0000] {dagbag.py:545} INFO - Filling up the DagBag from /home/airflow/.local/lib/python3.12/site-packages/airflow/example_dags/example_display_name.py
[2026-03-22T04:11:53.614+0000] {processor.py:840} INFO - DAG(s) 'example_display_name' retrieved from /home/airflow/.local/lib/python3.12/site-packages/airflow/example_dags/example_display_name.py
[2026-03-22T04:11:53.627+0000] {logging_mixin.py:188} INFO - [2026-03-22T04:11:53.626+0000] {dag.py:3096} INFO - Sync 1 DAGs
[2026-03-22T04:11:53.635+0000] {logging_mixin.py:188} INFO - [2026-03-22T04:11:53.634+0000] {dag.py:3954} INFO - Setting next_dagrun for example_display_name to None, run_after=None
[2026-03-22T04:11:53.642+0000] {processor.py:183} INFO - Processing /home/airflow/.local/lib/python3.12/site-packages/airflow/example_dags/example_display_name.py took 0.038 seconds
[2026-03-22T04:12:24.071+0000] {processor.py:161} INFO - Started process (PID=419) to work on /home/airflow/.local/lib/python3.12/site-packages/airflow/example_dags/example_display_name.py
[2026-03-22T04:12:24.073+0000] {processor.py:830} INFO - Processing file /home/airflow/.local/lib/python3.12/site-packages/airflow/example_dags/example_display_name.py for tasks to queue
[2026-03-22T04:12:24.074+0000] {logging_mixin.py:188} INFO - [2026-03-22T04:12:24.074+0000] {dagbag.py:545} INFO - Filling up the DagBag from /home/airflow/.local/lib/python3.12/site-packages/airflow/example_dags/example_display_name.py
[2026-03-22T04:12:24.083+0000] {processor.py:840} INFO - DAG(s) 'example_display_name' retrieved from /home/airflow/.local/lib/python3.12/site-packages/airflow/example_dags/example_display_name.py
[2026-03-22T04:12:24.105+0000] {logging_mixin.py:188} INFO - [2026-03-22T04:12:24.105+0000] {dag.py:3096} INFO - Sync 1 DAGs
[2026-03-22T04:12:24.113+0000] {logging_mixin.py:188} INFO - [2026-03-22T04:12:24.113+0000] {dag.py:3954} INFO - Setting next_dagrun for example_display_name to None, run_after=None
[2026-03-22T04:12:24.123+0000] {processor.py:183} INFO - Processing /home/airflow/.local/lib/python3.12/site-packages/airflow/example_dags/example_display_name.py took 0.061 seconds
[2026-03-22T04:12:54.349+0000] {processor.py:161} INFO - Started process (PID=477) to work on /home/airflow/.local/lib/python3.12/site-packages/airflow/example_dags/example_display_name.py
[2026-03-22T04:12:54.350+0000] {processor.py:830} INFO - Processing file /home/airflow/.local/lib/python3.12/site-packages/airflow/example_dags/example_display_name.py for tasks to queue
[2026-03-22T04:12:54.351+0000] {logging_mixin.py:188} INFO - [2026-03-22T04:12:54.350+0000] {dagbag.py:545} INFO - Filling up the DagBag from /home/airflow/.local/lib/python3.12/site-packages/airflow/example_dags/example_display_name.py
[2026-03-22T04:12:54.355+0000] {processor.py:840} INFO - DAG(s) 'example_display_name' retrieved from /home/airflow/.local/lib/python3.12/site-packages/airflow/example_dags/example_display_name.py
[2026-03-22T04:12:54.366+0000] {logging_mixin.py:188} INFO - [2026-03-22T04:12:54.366+0000] {dag.py:3096} INFO - Sync 1 DAGs
[2026-03-22T04:12:54.372+0000] {logging_mixin.py:188} INFO - [2026-03-22T04:12:54.371+0000] {dag.py:3954} INFO - Setting next_dagrun for example_display_name to None, run_after=None
[2026-03-22T04:12:54.379+0000] {processor.py:183} INFO - Processing /home/airflow/.local/lib/python3.12/site-packages/airflow/example_dags/example_display_name.py took 0.036 seconds
[2026-03-22T04:13:24.808+0000] {processor.py:161} INFO - Started process (PID=535) to work on /home/airflow/.local/lib/python3.12/site-packages/airflow/example_dags/example_display_name.py
[2026-03-22T04:13:24.809+0000] {processor.py:830} INFO - Processing file /home/airflow/.local/lib/python3.12/site-packages/airflow/example_dags/example_display_name.py for tasks to queue
[2026-03-22T04:13:24.811+0000] {logging_mixin.py:188} INFO - [2026-03-22T04:13:24.811+0000] {dagbag.py:545} INFO - Filling up the DagBag from /home/airflow/.local/lib/python3.12/site-packages/airflow/example_dags/example_display_name.py
[2026-03-22T04:13:24.816+0000] {processor.py:840} INFO - DAG(s) 'example_display_name' retrieved from /home/airflow/.local/lib/python3.12/site-packages/airflow/example_dags/example_display_name.py
[2026-03-22T04:13:24.828+0000] {logging_mixin.py:188} INFO - [2026-03-22T04:13:24.828+0000] {dag.py:3096} INFO - Sync 1 DAGs
[2026-03-22T04:13:24.835+0000] {logging_mixin.py:188} INFO - [2026-03-22T04:13:24.834+0000] {dag.py:3954} INFO - Setting next_dagrun for example_display_name to None, run_after=None
[2026-03-22T04:13:24.842+0000] {processor.py:183} INFO - Processing /home/airflow/.local/lib/python3.12/site-packages/airflow/example_dags/example_display_name.py took 0.037 seconds
[2026-03-22T04:13:55.072+0000] {processor.py:161} INFO - Started process (PID=593) to work on /home/airflow/.local/lib/python3.12/site-packages/airflow/example_dags/example_display_name.py
[2026-03-22T04:13:55.073+0000] {processor.py:830} INFO - Processing file /home/airflow/.local/lib/python3.12/site-packages/airflow/example_dags/example_display_name.py for tasks to queue
[2026-03-22T04:13:55.076+0000] {logging_mixin.py:188} INFO - [2026-03-22T04:13:55.075+0000] {dagbag.py:545} INFO - Filling up the DagBag from /home/airflow/.local/lib/python3.12/site-packages/airflow/example_dags/example_display_name.py
[2026-03-22T04:13:55.080+0000] {processor.py:840} INFO - DAG(s) 'example_display_name' retrieved from /home/airflow/.local/lib/python3.12/site-packages/airflow/example_dags/example_display_name.py
[2026-03-22T04:13:55.101+0000] {logging_mixin.py:188} INFO - [2026-03-22T04:13:55.101+0000] {dag.py:3096} INFO - Sync 1 DAGs
[2026-03-22T04:13:55.108+0000] {logging_mixin.py:188} INFO - [2026-03-22T04:13:55.108+0000] {dag.py:3954} INFO - Setting next_dagrun for example_display_name to None, run_after=None
[2026-03-22T04:13:55.118+0000] {processor.py:183} INFO - Processing /home/airflow/.local/lib/python3.12/site-packages/airflow/example_dags/example_display_name.py took 0.055 seconds
[2026-03-22T04:14:25.363+0000] {processor.py:161} INFO - Started process (PID=650) to work on /home/airflow/.local/lib/python3.12/site-packages/airflow/example_dags/example_display_name.py
[2026-03-22T04:14:25.364+0000] {processor.py:830} INFO - Processing file /home/airflow/.local/lib/python3.12/site-packages/airflow/example_dags/example_display_name.py for tasks to queue
[2026-03-22T04:14:25.366+0000] {logging_mixin.py:188} INFO - [2026-03-22T04:14:25.366+0000] {dagbag.py:545} INFO - Filling up the DagBag from /home/airflow/.local/lib/python3.12/site-packages/airflow/example_dags/example_display_name.py
[2026-03-22T04:14:25.380+0000] {processor.py:840} INFO - DAG(s) 'example_display_name' retrieved from /home/airflow/.local/lib/python3.12/site-packages/airflow/example_dags/example_display_name.py
[2026-03-22T04:14:25.403+0000] {logging_mixin.py:188} INFO - [2026-03-22T04:14:25.403+0000] {dag.py:3096} INFO - Sync 1 DAGs
[2026-03-22T04:14:25.410+0000] {logging_mixin.py:188} INFO - [2026-03-22T04:14:25.410+0000] {dag.py:3954} INFO - Setting next_dagrun for example_display_name to None, run_after=None
[2026-03-22T04:14:25.417+0000] {processor.py:183} INFO - Processing /home/airflow/.local/lib/python3.12/site-packages/airflow/example_dags/example_display_name.py took 0.073 seconds
[2026-03-22T04:14:56.492+0000] {processor.py:161} INFO - Started process (PID=709) to work on /home/airflow/.local/lib/python3.12/site-packages/airflow/example_dags/example_display_name.py
[2026-03-22T04:14:56.493+0000] {processor.py:830} INFO - Processing file /home/airflow/.local/lib/python3.12/site-packages/airflow/example_dags/example_display_name.py for tasks to queue
[2026-03-22T04:14:56.495+0000] {logging_mixin.py:188} INFO - [2026-03-22T04:14:56.495+0000] {dagbag.py:545} INFO - Filling up the DagBag from /home/airflow/.local/lib/python3.12/site-packages/airflow/example_dags/example_display_name.py
[2026-03-22T04:14:56.503+0000] {processor.py:840} INFO - DAG(s) 'example_display_name' retrieved from /home/airflow/.local/lib/python3.12/site-packages/airflow/example_dags/example_display_name.py
[2026-03-22T04:14:56.520+0000] {logging_mixin.py:188} INFO - [2026-03-22T04:14:56.520+0000] {dag.py:3096} INFO - Sync 1 DAGs
[2026-03-22T04:14:56.527+0000] {logging_mixin.py:188} INFO - [2026-03-22T04:14:56.526+0000] {dag.py:3954} INFO - Setting next_dagrun for example_display_name to None, run_after=None
[2026-03-22T04:14:56.535+0000] {processor.py:183} INFO - Processing /home/airflow/.local/lib/python3.12/site-packages/airflow/example_dags/example_display_name.py took 0.047 seconds
[2026-03-22T04:15:27.218+0000] {processor.py:161} INFO - Started process (PID=767) to work on /home/airflow/.local/lib/python3.12/site-packages/airflow/example_dags/example_display_name.py
[2026-03-22T04:15:27.221+0000] {processor.py:830} INFO - Processing file /home/airflow/.local/lib/python3.12/site-packages/airflow/example_dags/example_display_name.py for tasks to queue
[2026-03-22T04:15:27.223+0000] {logging_mixin.py:188} INFO - [2026-03-22T04:15:27.223+0000] {dagbag.py:545} INFO - Filling up the DagBag from /home/airflow/.local/lib/python3.12/site-packages/airflow/example_dags/example_display_name.py
[2026-03-22T04:15:27.228+0000] {processor.py:840} INFO - DAG(s) 'example_display_name' retrieved from /home/airflow/.local/lib/python3.12/site-packages/airflow/example_dags/example_display_name.py
[2026-03-22T04:15:27.239+0000] {logging_mixin.py:188} INFO - [2026-03-22T04:15:27.239+0000] {dag.py:3096} INFO - Sync 1 DAGs
[2026-03-22T04:15:27.245+0000] {logging_mixin.py:188} INFO - [2026-03-22T04:15:27.245+0000] {dag.py:3954} INFO - Setting next_dagrun for example_display_name to None, run_after=None
[2026-03-22T04:15:27.252+0000] {processor.py:183} INFO - Processing /home/airflow/.local/lib/python3.12/site-packages/airflow/example_dags/example_display_name.py took 0.038 seconds
[2026-03-22T04:15:57.902+0000] {processor.py:161} INFO - Started process (PID=825) to work on /home/airflow/.local/lib/python3.12/site-packages/airflow/example_dags/example_display_name.py
[2026-03-22T04:15:57.903+0000] {processor.py:830} INFO - Processing file /home/airflow/.local/lib/python3.12/site-packages/airflow/example_dags/example_display_name.py for tasks to queue
[2026-03-22T04:15:57.904+0000] {logging_mixin.py:188} INFO - [2026-03-22T04:15:57.904+0000] {dagbag.py:545} INFO - Filling up the DagBag from /home/airflow/.local/lib/python3.12/site-packages/airflow/example_dags/example_display_name.py
[2026-03-22T04:15:57.911+0000] {processor.py:840} INFO - DAG(s) 'example_display_name' retrieved from /home/airflow/.local/lib/python3.12/site-packages/airflow/example_dags/example_display_name.py
[2026-03-22T04:15:57.945+0000] {logging_mixin.py:188} INFO - [2026-03-22T04:15:57.945+0000] {dag.py:3096} INFO - Sync 1 DAGs
[2026-03-22T04:15:57.954+0000] {logging_mixin.py:188} INFO - [2026-03-22T04:15:57.954+0000] {dag.py:3954} INFO - Setting next_dagrun for example_display_name to None, run_after=None
[2026-03-22T04:15:57.967+0000] {processor.py:183} INFO - Processing /home/airflow/.local/lib/python3.12/site-packages/airflow/example_dags/example_display_name.py took 0.070 seconds
[2026-03-22T04:16:46.248+0000] {processor.py:161} INFO - Started process (PID=883) to work on /home/airflow/.local/lib/python3.12/site-packages/airflow/example_dags/example_display_name.py
[2026-03-22T04:16:46.265+0000] {processor.py:830} INFO - Processing file /home/airflow/.local/lib/python3.12/site-packages/airflow/example_dags/example_display_name.py for tasks to queue
[2026-03-22T04:16:46.462+0000] {logging_mixin.py:188} INFO - [2026-03-22T04:16:46.458+0000] {dagbag.py:545} INFO - Filling up the DagBag from /home/airflow/.local/lib/python3.12/site-packages/airflow/example_dags/example_display_name.py
[2026-03-22T04:16:46.724+0000] {processor.py:840} INFO - DAG(s) 'example_display_name' retrieved from /home/airflow/.local/lib/python3.12/site-packages/airflow/example_dags/example_display_name.py
[2026-03-22T04:16:46.991+0000] {logging_mixin.py:188} INFO - [2026-03-22T04:16:46.986+0000] {dag.py:3096} INFO - Sync 1 DAGs
[2026-03-22T04:16:47.220+0000] {logging_mixin.py:188} INFO - [2026-03-22T04:16:47.218+0000] {dag.py:3954} INFO - Setting next_dagrun for example_display_name to None, run_after=None
[2026-03-22T04:16:47.935+0000] {processor.py:183} INFO - Processing /home/airflow/.local/lib/python3.12/site-packages/airflow/example_dags/example_display_name.py took 1.724 seconds
[2026-03-22T04:17:37.810+0000] {processor.py:161} INFO - Started process (PID=940) to work on /home/airflow/.local/lib/python3.12/site-packages/airflow/example_dags/example_display_name.py
[2026-03-22T04:17:37.813+0000] {processor.py:830} INFO - Processing file /home/airflow/.local/lib/python3.12/site-packages/airflow/example_dags/example_display_name.py for tasks to queue
[2026-03-22T04:17:37.847+0000] {logging_mixin.py:188} INFO - [2026-03-22T04:17:37.822+0000] {dagbag.py:545} INFO - Filling up the DagBag from /home/airflow/.local/lib/python3.12/site-packages/airflow/example_dags/example_display_name.py
[2026-03-22T04:17:37.932+0000] {processor.py:840} INFO - DAG(s) 'example_display_name' retrieved from /home/airflow/.local/lib/python3.12/site-packages/airflow/example_dags/example_display_name.py
[2026-03-22T04:17:38.377+0000] {logging_mixin.py:188} INFO - [2026-03-22T04:17:38.368+0000] {dag.py:3096} INFO - Sync 1 DAGs
[2026-03-22T04:17:38.438+0000] {logging_mixin.py:188} INFO - [2026-03-22T04:17:38.437+0000] {dag.py:3954} INFO - Setting next_dagrun for example_display_name to None, run_after=None
[2026-03-22T04:17:38.504+0000] {processor.py:183} INFO - Processing /home/airflow/.local/lib/python3.12/site-packages/airflow/example_dags/example_display_name.py took 0.709 seconds
[2026-03-22T04:18:09.065+0000] {processor.py:161} INFO - Started process (PID=997) to work on /home/airflow/.local/lib/python3.12/site-packages/airflow/example_dags/example_display_name.py
[2026-03-22T04:18:09.066+0000] {processor.py:830} INFO - Processing file /home/airflow/.local/lib/python3.12/site-packages/airflow/example_dags/example_display_name.py for tasks to queue
[2026-03-22T04:18:09.068+0000] {logging_mixin.py:188} INFO - [2026-03-22T04:18:09.068+0000] {dagbag.py:545} INFO - Filling up the DagBag from /home/airflow/.local/lib/python3.12/site-packages/airflow/example_dags/example_display_name.py
[2026-03-22T04:18:09.074+0000] {processor.py:840} INFO - DAG(s) 'example_display_name' retrieved from /home/airflow/.local/lib/python3.12/site-packages/airflow/example_dags/example_display_name.py
[2026-03-22T04:18:09.100+0000] {logging_mixin.py:188} INFO - [2026-03-22T04:18:09.100+0000] {dag.py:3096} INFO - Sync 1 DAGs
[2026-03-22T04:18:09.109+0000] {logging_mixin.py:188} INFO - [2026-03-22T04:18:09.109+0000] {dag.py:3954} INFO - Setting next_dagrun for example_display_name to None, run_after=None
[2026-03-22T04:18:09.125+0000] {processor.py:183} INFO - Processing /home/airflow/.local/lib/python3.12/site-packages/airflow/example_dags/example_display_name.py took 0.065 seconds
[2026-03-22T04:18:39.787+0000] {processor.py:161} INFO - Started process (PID=1054) to work on /home/airflow/.local/lib/python3.12/site-packages/airflow/example_dags/example_display_name.py
[2026-03-22T04:18:39.796+0000] {processor.py:830} INFO - Processing file /home/airflow/.local/lib/python3.12/site-packages/airflow/example_dags/example_display_name.py for tasks to queue
[2026-03-22T04:18:39.802+0000] {logging_mixin.py:188} INFO - [2026-03-22T04:18:39.801+0000] {dagbag.py:545} INFO - Filling up the DagBag from /home/airflow/.local/lib/python3.12/site-packages/airflow/example_dags/example_display_name.py
[2026-03-22T04:18:39.831+0000] {processor.py:840} INFO - DAG(s) 'example_display_name' retrieved from /home/airflow/.local/lib/python3.12/site-packages/airflow/example_dags/example_display_name.py
[2026-03-22T04:18:39.883+0000] {logging_mixin.py:188} INFO - [2026-03-22T04:18:39.883+0000] {dag.py:3096} INFO - Sync 1 DAGs
[2026-03-22T04:18:39.902+0000] {logging_mixin.py:188} INFO - [2026-03-22T04:18:39.902+0000] {dag.py:3954} INFO - Setting next_dagrun for example_display_name to None, run_after=None
[2026-03-22T04:18:39.926+0000] {processor.py:183} INFO - Processing /home/airflow/.local/lib/python3.12/site-packages/airflow/example_dags/example_display_name.py took 0.165 seconds
[2026-03-22T04:19:10.245+0000] {processor.py:161} INFO - Started process (PID=1112) to work on /home/airflow/.local/lib/python3.12/site-packages/airflow/example_dags/example_display_name.py
[2026-03-22T04:19:10.246+0000] {processor.py:830} INFO - Processing file /home/airflow/.local/lib/python3.12/site-packages/airflow/example_dags/example_display_name.py for tasks to queue
[2026-03-22T04:19:10.248+0000] {logging_mixin.py:188} INFO - [2026-03-22T04:19:10.248+0000] {dagbag.py:545} INFO - Filling up the DagBag from /home/airflow/.local/lib/python3.12/site-packages/airflow/example_dags/example_display_name.py
[2026-03-22T04:19:10.257+0000] {processor.py:840} INFO - DAG(s) 'example_display_name' retrieved from /home/airflow/.local/lib/python3.12/site-packages/airflow/example_dags/example_display_name.py
[2026-03-22T04:19:10.289+0000] {logging_mixin.py:188} INFO - [2026-03-22T04:19:10.289+0000] {dag.py:3096} INFO - Sync 1 DAGs
[2026-03-22T04:19:10.299+0000] {logging_mixin.py:188} INFO - [2026-03-22T04:19:10.299+0000] {dag.py:3954} INFO - Setting next_dagrun for example_display_name to None, run_after=None
[2026-03-22T04:19:10.312+0000] {processor.py:183} INFO - Processing /home/airflow/.local/lib/python3.12/site-packages/airflow/example_dags/example_display_name.py took 0.076 seconds
[2026-03-22T04:19:40.437+0000] {processor.py:161} INFO - Started process (PID=1170) to work on /home/airflow/.local/lib/python3.12/site-packages/airflow/example_dags/example_display_name.py
[2026-03-22T04:19:40.438+0000] {processor.py:830} INFO - Processing file /home/airflow/.local/lib/python3.12/site-packages/airflow/example_dags/example_display_name.py for tasks to queue
[2026-03-22T04:19:40.439+0000] {logging_mixin.py:188} INFO - [2026-03-22T04:19:40.439+0000] {dagbag.py:545} INFO - Filling up the DagBag from /home/airflow/.local/lib/python3.12/site-packages/airflow/example_dags/example_display_name.py
[2026-03-22T04:19:40.446+0000] {processor.py:840} INFO - DAG(s) 'example_display_name' retrieved from /home/airflow/.local/lib/python3.12/site-packages/airflow/example_dags/example_display_name.py
[2026-03-22T04:19:40.462+0000] {logging_mixin.py:188} INFO - [2026-03-22T04:19:40.461+0000] {dag.py:3096} INFO - Sync 1 DAGs
[2026-03-22T04:19:40.469+0000] {logging_mixin.py:188} INFO - [2026-03-22T04:19:40.469+0000] {dag.py:3954} INFO - Setting next_dagrun for example_display_name to None, run_after=None
[2026-03-22T04:19:40.478+0000] {processor.py:183} INFO - Processing /home/airflow/.local/lib/python3.12/site-packages/airflow/example_dags/example_display_name.py took 0.048 seconds
[2026-03-22T04:20:11.110+0000] {processor.py:161} INFO - Started process (PID=1228) to work on /home/airflow/.local/lib/python3.12/site-packages/airflow/example_dags/example_display_name.py
[2026-03-22T04:20:11.111+0000] {processor.py:830} INFO - Processing file /home/airflow/.local/lib/python3.12/site-packages/airflow/example_dags/example_display_name.py for tasks to queue
[2026-03-22T04:20:11.113+0000] {logging_mixin.py:188} INFO - [2026-03-22T04:20:11.113+0000] {dagbag.py:545} INFO - Filling up the DagBag from /home/airflow/.local/lib/python3.12/site-packages/airflow/example_dags/example_display_name.py
[2026-03-22T04:20:11.121+0000] {processor.py:840} INFO - DAG(s) 'example_display_name' retrieved from /home/airflow/.local/lib/python3.12/site-packages/airflow/example_dags/example_display_name.py
[2026-03-22T04:20:11.142+0000] {logging_mixin.py:188} INFO - [2026-03-22T04:20:11.142+0000] {dag.py:3096} INFO - Sync 1 DAGs
[2026-03-22T04:20:11.153+0000] {logging_mixin.py:188} INFO - [2026-03-22T04:20:11.152+0000] {dag.py:3954} INFO - Setting next_dagrun for example_display_name to None, run_after=None
[2026-03-22T04:20:11.163+0000] {processor.py:183} INFO - Processing /home/airflow/.local/lib/python3.12/site-packages/airflow/example_dags/example_display_name.py took 0.060 seconds
[2026-03-22T04:20:41.723+0000] {processor.py:161} INFO - Started process (PID=1286) to work on /home/airflow/.local/lib/python3.12/site-packages/airflow/example_dags/example_display_name.py
[2026-03-22T04:20:41.725+0000] {processor.py:830} INFO - Processing file /home/airflow/.local/lib/python3.12/site-packages/airflow/example_dags/example_display_name.py for tasks to queue
[2026-03-22T04:20:41.726+0000] {logging_mixin.py:188} INFO - [2026-03-22T04:20:41.726+0000] {dagbag.py:545} INFO - Filling up the DagBag from /home/airflow/.local/lib/python3.12/site-packages/airflow/example_dags/example_display_name.py
[2026-03-22T04:20:41.735+0000] {processor.py:840} INFO - DAG(s) 'example_display_name' retrieved from /home/airflow/.local/lib/python3.12/site-packages/airflow/example_dags/example_display_name.py
[2026-03-22T04:20:41.771+0000] {logging_mixin.py:188} INFO - [2026-03-22T04:20:41.771+0000] {dag.py:3096} INFO - Sync 1 DAGs
[2026-03-22T04:20:41.781+0000] {logging_mixin.py:188} INFO - [2026-03-22T04:20:41.781+0000] {dag.py:3954} INFO - Setting next_dagrun for example_display_name to None, run_after=None
[2026-03-22T04:20:41.801+0000] {processor.py:183} INFO - Processing /home/airflow/.local/lib/python3.12/site-packages/airflow/example_dags/example_display_name.py took 0.084 seconds
[2026-03-22T04:21:12.738+0000] {processor.py:161} INFO - Started process (PID=1343) to work on /home/airflow/.local/lib/python3.12/site-packages/airflow/example_dags/example_display_name.py
[2026-03-22T04:21:12.739+0000] {processor.py:830} INFO - Processing file /home/airflow/.local/lib/python3.12/site-packages/airflow/example_dags/example_display_name.py for tasks to queue
[2026-03-22T04:21:12.740+0000] {logging_mixin.py:188} INFO - [2026-03-22T04:21:12.740+0000] {dagbag.py:545} INFO - Filling up the DagBag from /home/airflow/.local/lib/python3.12/site-packages/airflow/example_dags/example_display_name.py
[2026-03-22T04:21:12.747+0000] {processor.py:840} INFO - DAG(s) 'example_display_name' retrieved from /home/airflow/.local/lib/python3.12/site-packages/airflow/example_dags/example_display_name.py
[2026-03-22T04:21:12.763+0000] {logging_mixin.py:188} INFO - [2026-03-22T04:21:12.763+0000] {dag.py:3096} INFO - Sync 1 DAGs
[2026-03-22T04:21:12.773+0000] {logging_mixin.py:188} INFO - [2026-03-22T04:21:12.772+0000] {dag.py:3954} INFO - Setting next_dagrun for example_display_name to None, run_after=None
[2026-03-22T04:21:12.806+0000] {processor.py:183} INFO - Processing /home/airflow/.local/lib/python3.12/site-packages/airflow/example_dags/example_display_name.py took 0.074 seconds
[2026-03-22T04:21:42.888+0000] {processor.py:161} INFO - Started process (PID=1394) to work on /home/airflow/.local/lib/python3.12/site-packages/airflow/example_dags/example_display_name.py
[2026-03-22T04:21:42.889+0000] {processor.py:830} INFO - Processing file /home/airflow/.local/lib/python3.12/site-packages/airflow/example_dags/example_display_name.py for tasks to queue
[2026-03-22T04:21:42.890+0000] {logging_mixin.py:188} INFO - [2026-03-22T04:21:42.889+0000] {dagbag.py:545} INFO - Filling up the DagBag from /home/airflow/.local/lib/python3.12/site-packages/airflow/example_dags/example_display_name.py
[2026-03-22T04:21:42.893+0000] {processor.py:840} INFO - DAG(s) 'example_display_name' retrieved from /home/airflow/.local/lib/python3.12/site-packages/airflow/example_dags/example_display_name.py
[2026-03-22T04:21:42.900+0000] {logging_mixin.py:188} INFO - [2026-03-22T04:21:42.900+0000] {dag.py:3096} INFO - Sync 1 DAGs
[2026-03-22T04:21:42.905+0000] {logging_mixin.py:188} INFO - [2026-03-22T04:21:42.905+0000] {dag.py:3954} INFO - Setting next_dagrun for example_display_name to None, run_after=None
[2026-03-22T04:21:42.912+0000] {processor.py:183} INFO - Processing /home/airflow/.local/lib/python3.12/site-packages/airflow/example_dags/example_display_name.py took 0.026 seconds
[2026-03-22T04:23:03.015+0000] {processor.py:161} INFO - Started process (PID=1459) to work on /home/airflow/.local/lib/python3.12/site-packages/airflow/example_dags/example_display_name.py
[2026-03-22T04:23:03.019+0000] {processor.py:830} INFO - Processing file /home/airflow/.local/lib/python3.12/site-packages/airflow/example_dags/example_display_name.py for tasks to queue
[2026-03-22T04:23:03.037+0000] {logging_mixin.py:188} INFO - [2026-03-22T04:23:03.034+0000] {dagbag.py:545} INFO - Filling up the DagBag from /home/airflow/.local/lib/python3.12/site-packages/airflow/example_dags/example_display_name.py
[2026-03-22T04:23:03.121+0000] {processor.py:840} INFO - DAG(s) 'example_display_name' retrieved from /home/airflow/.local/lib/python3.12/site-packages/airflow/example_dags/example_display_name.py
[2026-03-22T04:23:03.323+0000] {logging_mixin.py:188} INFO - [2026-03-22T04:23:03.321+0000] {dag.py:3096} INFO - Sync 1 DAGs
[2026-03-22T04:23:03.361+0000] {logging_mixin.py:188} INFO - [2026-03-22T04:23:03.361+0000] {dag.py:3954} INFO - Setting next_dagrun for example_display_name to None, run_after=None
[2026-03-22T04:23:03.425+0000] {processor.py:183} INFO - Processing /home/airflow/.local/lib/python3.12/site-packages/airflow/example_dags/example_display_name.py took 0.443 seconds
[2026-03-22T04:23:34.059+0000] {processor.py:161} INFO - Started process (PID=1516) to work on /home/airflow/.local/lib/python3.12/site-packages/airflow/example_dags/example_display_name.py
[2026-03-22T04:23:34.067+0000] {processor.py:830} INFO - Processing file /home/airflow/.local/lib/python3.12/site-packages/airflow/example_dags/example_display_name.py for tasks to queue
[2026-03-22T04:23:34.073+0000] {logging_mixin.py:188} INFO - [2026-03-22T04:23:34.072+0000] {dagbag.py:545} INFO - Filling up the DagBag from /home/airflow/.local/lib/python3.12/site-packages/airflow/example_dags/example_display_name.py
[2026-03-22T04:23:34.089+0000] {processor.py:840} INFO - DAG(s) 'example_display_name' retrieved from /home/airflow/.local/lib/python3.12/site-packages/airflow/example_dags/example_display_name.py
[2026-03-22T04:23:34.169+0000] {logging_mixin.py:188} INFO - [2026-03-22T04:23:34.169+0000] {dag.py:3096} INFO - Sync 1 DAGs
[2026-03-22T04:23:34.196+0000] {logging_mixin.py:188} INFO - [2026-03-22T04:23:34.196+0000] {dag.py:3954} INFO - Setting next_dagrun for example_display_name to None, run_after=None
[2026-03-22T04:23:34.227+0000] {processor.py:183} INFO - Processing /home/airflow/.local/lib/python3.12/site-packages/airflow/example_dags/example_display_name.py took 0.175 seconds
[2026-03-22T04:24:04.944+0000] {processor.py:161} INFO - Started process (PID=1574) to work on /home/airflow/.local/lib/python3.12/site-packages/airflow/example_dags/example_display_name.py
[2026-03-22T04:24:04.945+0000] {processor.py:830} INFO - Processing file /home/airflow/.local/lib/python3.12/site-packages/airflow/example_dags/example_display_name.py for tasks to queue
[2026-03-22T04:24:04.952+0000] {logging_mixin.py:188} INFO - [2026-03-22T04:24:04.952+0000] {dagbag.py:545} INFO - Filling up the DagBag from /home/airflow/.local/lib/python3.12/site-packages/airflow/example_dags/example_display_name.py
[2026-03-22T04:24:04.972+0000] {processor.py:840} INFO - DAG(s) 'example_display_name' retrieved from /home/airflow/.local/lib/python3.12/site-packages/airflow/example_dags/example_display_name.py
[2026-03-22T04:24:05.028+0000] {logging_mixin.py:188} INFO - [2026-03-22T04:24:05.027+0000] {dag.py:3096} INFO - Sync 1 DAGs
[2026-03-22T04:24:05.056+0000] {logging_mixin.py:188} INFO - [2026-03-22T04:24:05.056+0000] {dag.py:3954} INFO - Setting next_dagrun for example_display_name to None, run_after=None
[2026-03-22T04:24:05.080+0000] {processor.py:183} INFO - Processing /home/airflow/.local/lib/python3.12/site-packages/airflow/example_dags/example_display_name.py took 0.144 seconds
[2026-03-22T04:25:21.923+0000] {processor.py:161} INFO - Started process (PID=1643) to work on /home/airflow/.local/lib/python3.12/site-packages/airflow/example_dags/example_display_name.py
[2026-03-22T04:25:21.924+0000] {processor.py:830} INFO - Processing file /home/airflow/.local/lib/python3.12/site-packages/airflow/example_dags/example_display_name.py for tasks to queue
[2026-03-22T04:25:21.926+0000] {logging_mixin.py:188} INFO - [2026-03-22T04:25:21.926+0000] {dagbag.py:545} INFO - Filling up the DagBag from /home/airflow/.local/lib/python3.12/site-packages/airflow/example_dags/example_display_name.py
[2026-03-22T04:25:21.948+0000] {processor.py:840} INFO - DAG(s) 'example_display_name' retrieved from /home/airflow/.local/lib/python3.12/site-packages/airflow/example_dags/example_display_name.py
[2026-03-22T04:25:22.018+0000] {logging_mixin.py:188} INFO - [2026-03-22T04:25:22.018+0000] {dag.py:3096} INFO - Sync 1 DAGs
[2026-03-22T04:25:22.044+0000] {logging_mixin.py:188} INFO - [2026-03-22T04:25:22.044+0000] {dag.py:3954} INFO - Setting next_dagrun for example_display_name to None, run_after=None
[2026-03-22T04:25:22.091+0000] {processor.py:183} INFO - Processing /home/airflow/.local/lib/python3.12/site-packages/airflow/example_dags/example_display_name.py took 0.176 seconds
[2026-03-22T04:25:52.895+0000] {processor.py:161} INFO - Started process (PID=1701) to work on /home/airflow/.local/lib/python3.12/site-packages/airflow/example_dags/example_display_name.py
[2026-03-22T04:25:52.900+0000] {processor.py:830} INFO - Processing file /home/airflow/.local/lib/python3.12/site-packages/airflow/example_dags/example_display_name.py for tasks to queue
[2026-03-22T04:25:52.904+0000] {logging_mixin.py:188} INFO - [2026-03-22T04:25:52.904+0000] {dagbag.py:545} INFO - Filling up the DagBag from /home/airflow/.local/lib/python3.12/site-packages/airflow/example_dags/example_display_name.py
[2026-03-22T04:25:52.917+0000] {processor.py:840} INFO - DAG(s) 'example_display_name' retrieved from /home/airflow/.local/lib/python3.12/site-packages/airflow/example_dags/example_display_name.py
[2026-03-22T04:25:52.944+0000] {logging_mixin.py:188} INFO - [2026-03-22T04:25:52.943+0000] {dag.py:3096} INFO - Sync 1 DAGs
[2026-03-22T04:25:52.956+0000] {logging_mixin.py:188} INFO - [2026-03-22T04:25:52.956+0000] {dag.py:3954} INFO - Setting next_dagrun for example_display_name to None, run_after=None
[2026-03-22T04:25:52.975+0000] {processor.py:183} INFO - Processing /home/airflow/.local/lib/python3.12/site-packages/airflow/example_dags/example_display_name.py took 0.090 seconds
[2026-03-22T04:27:46.058+0000] {processor.py:161} INFO - Started process (PID=1754) to work on /home/airflow/.local/lib/python3.12/site-packages/airflow/example_dags/example_display_name.py
[2026-03-22T04:27:46.099+0000] {processor.py:830} INFO - Processing file /home/airflow/.local/lib/python3.12/site-packages/airflow/example_dags/example_display_name.py for tasks to queue
[2026-03-22T04:27:46.131+0000] {logging_mixin.py:188} INFO - [2026-03-22T04:27:46.118+0000] {dagbag.py:545} INFO - Filling up the DagBag from /home/airflow/.local/lib/python3.12/site-packages/airflow/example_dags/example_display_name.py
[2026-03-22T04:27:46.264+0000] {processor.py:840} INFO - DAG(s) 'example_display_name' retrieved from /home/airflow/.local/lib/python3.12/site-packages/airflow/example_dags/example_display_name.py
[2026-03-22T04:27:49.122+0000] {logging_mixin.py:188} INFO - [2026-03-22T04:27:49.108+0000] {dag.py:3096} INFO - Sync 1 DAGs
[2026-03-22T04:27:55.750+0000] {logging_mixin.py:188} INFO - [2026-03-22T04:27:55.687+0000] {dag.py:3954} INFO - Setting next_dagrun for example_display_name to None, run_after=None
[2026-03-22T04:28:16.266+0000] {processor.py:183} INFO - Processing /home/airflow/.local/lib/python3.12/site-packages/airflow/example_dags/example_display_name.py took 30.364 seconds
[2026-03-22T04:33:56.892+0000] {processor.py:161} INFO - Started process (PID=1841) to work on /home/airflow/.local/lib/python3.12/site-packages/airflow/example_dags/example_display_name.py
[2026-03-22T04:33:56.927+0000] {processor.py:830} INFO - Processing file /home/airflow/.local/lib/python3.12/site-packages/airflow/example_dags/example_display_name.py for tasks to queue
[2026-03-22T04:33:56.959+0000] {logging_mixin.py:188} INFO - [2026-03-22T04:33:56.951+0000] {dagbag.py:545} INFO - Filling up the DagBag from /home/airflow/.local/lib/python3.12/site-packages/airflow/example_dags/example_display_name.py
[2026-03-22T04:33:57.223+0000] {processor.py:840} INFO - DAG(s) 'example_display_name' retrieved from /home/airflow/.local/lib/python3.12/site-packages/airflow/example_dags/example_display_name.py
[2026-03-22T04:33:58.206+0000] {logging_mixin.py:188} INFO - [2026-03-22T04:33:58.191+0000] {dag.py:3096} INFO - Sync 1 DAGs
[2026-03-22T04:33:58.475+0000] {logging_mixin.py:188} INFO - [2026-03-22T04:33:58.445+0000] {dag.py:3954} INFO - Setting next_dagrun for example_display_name to None, run_after=None
[2026-03-22T04:33:58.878+0000] {processor.py:183} INFO - Processing /home/airflow/.local/lib/python3.12/site-packages/airflow/example_dags/example_display_name.py took 2.103 seconds
[2026-03-22T04:36:50.810+0000] {processor.py:161} INFO - Started process (PID=1909) to work on /home/airflow/.local/lib/python3.12/site-packages/airflow/example_dags/example_display_name.py
[2026-03-22T04:36:50.829+0000] {processor.py:830} INFO - Processing file /home/airflow/.local/lib/python3.12/site-packages/airflow/example_dags/example_display_name.py for tasks to queue
[2026-03-22T04:36:50.884+0000] {logging_mixin.py:188} INFO - [2026-03-22T04:36:50.866+0000] {dagbag.py:545} INFO - Filling up the DagBag from /home/airflow/.local/lib/python3.12/site-packages/airflow/example_dags/example_display_name.py
[2026-03-22T04:36:51.054+0000] {processor.py:840} INFO - DAG(s) 'example_display_name' retrieved from /home/airflow/.local/lib/python3.12/site-packages/airflow/example_dags/example_display_name.py
[2026-03-22T04:36:52.188+0000] {logging_mixin.py:188} INFO - [2026-03-22T04:36:52.160+0000] {dag.py:3096} INFO - Sync 1 DAGs
[2026-03-22T04:36:52.281+0000] {logging_mixin.py:188} INFO - [2026-03-22T04:36:52.279+0000] {dag.py:3954} INFO - Setting next_dagrun for example_display_name to None, run_after=None
[2026-03-22T04:36:53.021+0000] {processor.py:183} INFO - Processing /home/airflow/.local/lib/python3.12/site-packages/airflow/example_dags/example_display_name.py took 1.967 seconds
[2026-03-22T04:39:07.831+0000] {processor.py:161} INFO - Started process (PID=1969) to work on /home/airflow/.local/lib/python3.12/site-packages/airflow/example_dags/example_display_name.py
[2026-03-22T04:39:07.851+0000] {processor.py:830} INFO - Processing file /home/airflow/.local/lib/python3.12/site-packages/airflow/example_dags/example_display_name.py for tasks to queue
[2026-03-22T04:39:07.908+0000] {logging_mixin.py:188} INFO - [2026-03-22T04:39:07.897+0000] {dagbag.py:545} INFO - Filling up the DagBag from /home/airflow/.local/lib/python3.12/site-packages/airflow/example_dags/example_display_name.py
[2026-03-22T04:39:08.325+0000] {processor.py:840} INFO - DAG(s) 'example_display_name' retrieved from /home/airflow/.local/lib/python3.12/site-packages/airflow/example_dags/example_display_name.py
[2026-03-22T04:39:09.715+0000] {logging_mixin.py:188} INFO - [2026-03-22T04:39:09.702+0000] {dag.py:3096} INFO - Sync 1 DAGs
[2026-03-22T04:39:09.883+0000] {logging_mixin.py:188} INFO - [2026-03-22T04:39:09.875+0000] {dag.py:3954} INFO - Setting next_dagrun for example_display_name to None, run_after=None
[2026-03-22T04:39:10.195+0000] {processor.py:183} INFO - Processing /home/airflow/.local/lib/python3.12/site-packages/airflow/example_dags/example_display_name.py took 2.441 seconds
[2026-03-22T04:40:14.937+0000] {processor.py:161} INFO - Started process (PID=2038) to work on /home/airflow/.local/lib/python3.12/site-packages/airflow/example_dags/example_display_name.py
[2026-03-22T04:40:14.950+0000] {processor.py:830} INFO - Processing file /home/airflow/.local/lib/python3.12/site-packages/airflow/example_dags/example_display_name.py for tasks to queue
[2026-03-22T04:40:14.965+0000] {logging_mixin.py:188} INFO - [2026-03-22T04:40:14.961+0000] {dagbag.py:545} INFO - Filling up the DagBag from /home/airflow/.local/lib/python3.12/site-packages/airflow/example_dags/example_display_name.py
[2026-03-22T04:40:15.021+0000] {processor.py:840} INFO - DAG(s) 'example_display_name' retrieved from /home/airflow/.local/lib/python3.12/site-packages/airflow/example_dags/example_display_name.py
[2026-03-22T04:40:15.398+0000] {logging_mixin.py:188} INFO - [2026-03-22T04:40:15.379+0000] {dag.py:3096} INFO - Sync 1 DAGs
[2026-03-22T04:40:15.500+0000] {logging_mixin.py:188} INFO - [2026-03-22T04:40:15.499+0000] {dag.py:3954} INFO - Setting next_dagrun for example_display_name to None, run_after=None
[2026-03-22T04:40:15.661+0000] {processor.py:183} INFO - Processing /home/airflow/.local/lib/python3.12/site-packages/airflow/example_dags/example_display_name.py took 0.764 seconds
[2026-03-22T04:40:55.476+0000] {processor.py:161} INFO - Started process (PID=2077) to work on /home/airflow/.local/lib/python3.12/site-packages/airflow/example_dags/example_display_name.py
[2026-03-22T04:40:55.500+0000] {processor.py:830} INFO - Processing file /home/airflow/.local/lib/python3.12/site-packages/airflow/example_dags/example_display_name.py for tasks to queue
[2026-03-22T04:40:55.585+0000] {logging_mixin.py:188} INFO - [2026-03-22T04:40:55.582+0000] {dagbag.py:545} INFO - Filling up the DagBag from /home/airflow/.local/lib/python3.12/site-packages/airflow/example_dags/example_display_name.py
[2026-03-22T04:40:55.719+0000] {processor.py:840} INFO - DAG(s) 'example_display_name' retrieved from /home/airflow/.local/lib/python3.12/site-packages/airflow/example_dags/example_display_name.py
[2026-03-22T04:40:56.309+0000] {logging_mixin.py:188} INFO - [2026-03-22T04:40:56.291+0000] {dag.py:3096} INFO - Sync 1 DAGs
[2026-03-22T04:40:57.147+0000] {logging_mixin.py:188} INFO - [2026-03-22T04:40:57.135+0000] {dag.py:3954} INFO - Setting next_dagrun for example_display_name to None, run_after=None
[2026-03-22T04:40:57.377+0000] {processor.py:183} INFO - Processing /home/airflow/.local/lib/python3.12/site-packages/airflow/example_dags/example_display_name.py took 1.962 seconds
[2026-03-22T04:41:54.066+0000] {processor.py:161} INFO - Started process (PID=2141) to work on /home/airflow/.local/lib/python3.12/site-packages/airflow/example_dags/example_display_name.py
[2026-03-22T04:41:54.090+0000] {processor.py:830} INFO - Processing file /home/airflow/.local/lib/python3.12/site-packages/airflow/example_dags/example_display_name.py for tasks to queue
[2026-03-22T04:41:54.137+0000] {logging_mixin.py:188} INFO - [2026-03-22T04:41:54.130+0000] {dagbag.py:545} INFO - Filling up the DagBag from /home/airflow/.local/lib/python3.12/site-packages/airflow/example_dags/example_display_name.py
[2026-03-22T04:41:54.295+0000] {processor.py:840} INFO - DAG(s) 'example_display_name' retrieved from /home/airflow/.local/lib/python3.12/site-packages/airflow/example_dags/example_display_name.py
[2026-03-22T04:41:54.950+0000] {logging_mixin.py:188} INFO - [2026-03-22T04:41:54.945+0000] {dag.py:3096} INFO - Sync 1 DAGs
[2026-03-22T04:41:55.045+0000] {logging_mixin.py:188} INFO - [2026-03-22T04:41:55.044+0000] {dag.py:3954} INFO - Setting next_dagrun for example_display_name to None, run_after=None
[2026-03-22T04:41:55.152+0000] {processor.py:183} INFO - Processing /home/airflow/.local/lib/python3.12/site-packages/airflow/example_dags/example_display_name.py took 1.254 seconds
[2026-03-22T04:42:33.487+0000] {processor.py:161} INFO - Started process (PID=2186) to work on /home/airflow/.local/lib/python3.12/site-packages/airflow/example_dags/example_display_name.py
[2026-03-22T04:42:33.495+0000] {processor.py:830} INFO - Processing file /home/airflow/.local/lib/python3.12/site-packages/airflow/example_dags/example_display_name.py for tasks to queue
[2026-03-22T04:42:33.520+0000] {logging_mixin.py:188} INFO - [2026-03-22T04:42:33.514+0000] {dagbag.py:545} INFO - Filling up the DagBag from /home/airflow/.local/lib/python3.12/site-packages/airflow/example_dags/example_display_name.py
[2026-03-22T04:42:33.734+0000] {processor.py:840} INFO - DAG(s) 'example_display_name' retrieved from /home/airflow/.local/lib/python3.12/site-packages/airflow/example_dags/example_display_name.py
[2026-03-22T04:42:33.999+0000] {logging_mixin.py:188} INFO - [2026-03-22T04:42:33.994+0000] {dag.py:3096} INFO - Sync 1 DAGs
[2026-03-22T04:42:34.106+0000] {logging_mixin.py:188} INFO - [2026-03-22T04:42:34.104+0000] {dag.py:3954} INFO - Setting next_dagrun for example_display_name to None, run_after=None
[2026-03-22T04:42:34.317+0000] {processor.py:183} INFO - Processing /home/airflow/.local/lib/python3.12/site-packages/airflow/example_dags/example_display_name.py took 0.885 seconds
