[2026-03-22T04:09:23.557+0000] {processor.py:161} INFO - Started process (PID=102) to work on /home/airflow/.local/lib/python3.12/site-packages/airflow/example_dags/example_branch_datetime_operator.py
[2026-03-22T04:09:23.560+0000] {processor.py:830} INFO - Processing file /home/airflow/.local/lib/python3.12/site-packages/airflow/example_dags/example_branch_datetime_operator.py for tasks to queue
[2026-03-22T04:09:23.562+0000] {logging_mixin.py:188} INFO - [2026-03-22T04:09:23.561+0000] {dagbag.py:545} INFO - Filling up the DagBag from /home/airflow/.local/lib/python3.12/site-packages/airflow/example_dags/example_branch_datetime_operator.py
[2026-03-22T04:09:23.571+0000] {processor.py:840} INFO - DAG(s) 'example_branch_datetime_operator_3', 'example_branch_datetime_operator', 'example_branch_datetime_operator_2' retrieved from /home/airflow/.local/lib/python3.12/site-packages/airflow/example_dags/example_branch_datetime_operator.py
[2026-03-22T04:09:23.651+0000] {logging_mixin.py:188} INFO - [2026-03-22T04:09:23.651+0000] {dag.py:3096} INFO - Sync 3 DAGs
[2026-03-22T04:09:23.664+0000] {logging_mixin.py:188} INFO - [2026-03-22T04:09:23.664+0000] {dag.py:3954} INFO - Setting next_dagrun for example_branch_datetime_operator to 2026-03-21 00:00:00+00:00, run_after=2026-03-22 00:00:00+00:00
[2026-03-22T04:09:23.666+0000] {logging_mixin.py:188} INFO - [2026-03-22T04:09:23.666+0000] {dag.py:3954} INFO - Setting next_dagrun for example_branch_datetime_operator_2 to 2026-03-21 00:00:00+00:00, run_after=2026-03-22 00:00:00+00:00
[2026-03-22T04:09:23.667+0000] {logging_mixin.py:188} INFO - [2026-03-22T04:09:23.667+0000] {dag.py:3954} INFO - Setting next_dagrun for example_branch_datetime_operator_3 to 2026-03-21 00:00:00+00:00, run_after=2026-03-22 00:00:00+00:00
[2026-03-22T04:09:23.674+0000] {processor.py:183} INFO - Processing /home/airflow/.local/lib/python3.12/site-packages/airflow/example_dags/example_branch_datetime_operator.py took 0.121 seconds
[2026-03-22T04:09:54.684+0000] {processor.py:161} INFO - Started process (PID=160) to work on /home/airflow/.local/lib/python3.12/site-packages/airflow/example_dags/example_branch_datetime_operator.py
[2026-03-22T04:09:54.687+0000] {processor.py:830} INFO - Processing file /home/airflow/.local/lib/python3.12/site-packages/airflow/example_dags/example_branch_datetime_operator.py for tasks to queue
[2026-03-22T04:09:54.717+0000] {logging_mixin.py:188} INFO - [2026-03-22T04:09:54.714+0000] {dagbag.py:545} INFO - Filling up the DagBag from /home/airflow/.local/lib/python3.12/site-packages/airflow/example_dags/example_branch_datetime_operator.py
[2026-03-22T04:09:54.772+0000] {processor.py:840} INFO - DAG(s) 'example_branch_datetime_operator_3', 'example_branch_datetime_operator_2', 'example_branch_datetime_operator' retrieved from /home/airflow/.local/lib/python3.12/site-packages/airflow/example_dags/example_branch_datetime_operator.py
[2026-03-22T04:09:54.833+0000] {logging_mixin.py:188} INFO - [2026-03-22T04:09:54.833+0000] {dag.py:3096} INFO - Sync 3 DAGs
[2026-03-22T04:09:54.860+0000] {logging_mixin.py:188} INFO - [2026-03-22T04:09:54.859+0000] {dag.py:3954} INFO - Setting next_dagrun for example_branch_datetime_operator to 2026-03-21 00:00:00+00:00, run_after=2026-03-22 00:00:00+00:00
[2026-03-22T04:09:54.865+0000] {logging_mixin.py:188} INFO - [2026-03-22T04:09:54.864+0000] {dag.py:3954} INFO - Setting next_dagrun for example_branch_datetime_operator_2 to 2026-03-21 00:00:00+00:00, run_after=2026-03-22 00:00:00+00:00
[2026-03-22T04:09:54.867+0000] {logging_mixin.py:188} INFO - [2026-03-22T04:09:54.867+0000] {dag.py:3954} INFO - Setting next_dagrun for example_branch_datetime_operator_3 to 2026-03-21 00:00:00+00:00, run_after=2026-03-22 00:00:00+00:00
[2026-03-22T04:09:54.876+0000] {processor.py:183} INFO - Processing /home/airflow/.local/lib/python3.12/site-packages/airflow/example_dags/example_branch_datetime_operator.py took 0.206 seconds
[2026-03-22T04:10:25.301+0000] {processor.py:161} INFO - Started process (PID=218) to work on /home/airflow/.local/lib/python3.12/site-packages/airflow/example_dags/example_branch_datetime_operator.py
[2026-03-22T04:10:25.302+0000] {processor.py:830} INFO - Processing file /home/airflow/.local/lib/python3.12/site-packages/airflow/example_dags/example_branch_datetime_operator.py for tasks to queue
[2026-03-22T04:10:25.304+0000] {logging_mixin.py:188} INFO - [2026-03-22T04:10:25.304+0000] {dagbag.py:545} INFO - Filling up the DagBag from /home/airflow/.local/lib/python3.12/site-packages/airflow/example_dags/example_branch_datetime_operator.py
[2026-03-22T04:10:25.310+0000] {processor.py:840} INFO - DAG(s) 'example_branch_datetime_operator_2', 'example_branch_datetime_operator_3', 'example_branch_datetime_operator' retrieved from /home/airflow/.local/lib/python3.12/site-packages/airflow/example_dags/example_branch_datetime_operator.py
[2026-03-22T04:10:25.333+0000] {logging_mixin.py:188} INFO - [2026-03-22T04:10:25.333+0000] {dag.py:3096} INFO - Sync 3 DAGs
[2026-03-22T04:10:25.345+0000] {logging_mixin.py:188} INFO - [2026-03-22T04:10:25.345+0000] {dag.py:3954} INFO - Setting next_dagrun for example_branch_datetime_operator to 2026-03-21 00:00:00+00:00, run_after=2026-03-22 00:00:00+00:00
[2026-03-22T04:10:25.347+0000] {logging_mixin.py:188} INFO - [2026-03-22T04:10:25.347+0000] {dag.py:3954} INFO - Setting next_dagrun for example_branch_datetime_operator_2 to 2026-03-21 00:00:00+00:00, run_after=2026-03-22 00:00:00+00:00
[2026-03-22T04:10:25.348+0000] {logging_mixin.py:188} INFO - [2026-03-22T04:10:25.348+0000] {dag.py:3954} INFO - Setting next_dagrun for example_branch_datetime_operator_3 to 2026-03-21 00:00:00+00:00, run_after=2026-03-22 00:00:00+00:00
[2026-03-22T04:10:25.355+0000] {processor.py:183} INFO - Processing /home/airflow/.local/lib/python3.12/site-packages/airflow/example_dags/example_branch_datetime_operator.py took 0.057 seconds
[2026-03-22T04:10:55.836+0000] {processor.py:161} INFO - Started process (PID=276) to work on /home/airflow/.local/lib/python3.12/site-packages/airflow/example_dags/example_branch_datetime_operator.py
[2026-03-22T04:10:55.840+0000] {processor.py:830} INFO - Processing file /home/airflow/.local/lib/python3.12/site-packages/airflow/example_dags/example_branch_datetime_operator.py for tasks to queue
[2026-03-22T04:10:55.841+0000] {logging_mixin.py:188} INFO - [2026-03-22T04:10:55.841+0000] {dagbag.py:545} INFO - Filling up the DagBag from /home/airflow/.local/lib/python3.12/site-packages/airflow/example_dags/example_branch_datetime_operator.py
[2026-03-22T04:10:55.845+0000] {processor.py:840} INFO - DAG(s) 'example_branch_datetime_operator_3', 'example_branch_datetime_operator_2', 'example_branch_datetime_operator' retrieved from /home/airflow/.local/lib/python3.12/site-packages/airflow/example_dags/example_branch_datetime_operator.py
[2026-03-22T04:10:55.858+0000] {logging_mixin.py:188} INFO - [2026-03-22T04:10:55.858+0000] {dag.py:3096} INFO - Sync 3 DAGs
[2026-03-22T04:10:55.870+0000] {logging_mixin.py:188} INFO - [2026-03-22T04:10:55.870+0000] {dag.py:3954} INFO - Setting next_dagrun for example_branch_datetime_operator to 2026-03-21 00:00:00+00:00, run_after=2026-03-22 00:00:00+00:00
[2026-03-22T04:10:55.873+0000] {logging_mixin.py:188} INFO - [2026-03-22T04:10:55.873+0000] {dag.py:3954} INFO - Setting next_dagrun for example_branch_datetime_operator_2 to 2026-03-21 00:00:00+00:00, run_after=2026-03-22 00:00:00+00:00
[2026-03-22T04:10:55.874+0000] {logging_mixin.py:188} INFO - [2026-03-22T04:10:55.874+0000] {dag.py:3954} INFO - Setting next_dagrun for example_branch_datetime_operator_3 to 2026-03-21 00:00:00+00:00, run_after=2026-03-22 00:00:00+00:00
[2026-03-22T04:10:55.880+0000] {processor.py:183} INFO - Processing /home/airflow/.local/lib/python3.12/site-packages/airflow/example_dags/example_branch_datetime_operator.py took 0.048 seconds
[2026-03-22T04:11:26.860+0000] {processor.py:161} INFO - Started process (PID=334) to work on /home/airflow/.local/lib/python3.12/site-packages/airflow/example_dags/example_branch_datetime_operator.py
[2026-03-22T04:11:26.861+0000] {processor.py:830} INFO - Processing file /home/airflow/.local/lib/python3.12/site-packages/airflow/example_dags/example_branch_datetime_operator.py for tasks to queue
[2026-03-22T04:11:26.862+0000] {logging_mixin.py:188} INFO - [2026-03-22T04:11:26.862+0000] {dagbag.py:545} INFO - Filling up the DagBag from /home/airflow/.local/lib/python3.12/site-packages/airflow/example_dags/example_branch_datetime_operator.py
[2026-03-22T04:11:26.868+0000] {processor.py:840} INFO - DAG(s) 'example_branch_datetime_operator', 'example_branch_datetime_operator_3', 'example_branch_datetime_operator_2' retrieved from /home/airflow/.local/lib/python3.12/site-packages/airflow/example_dags/example_branch_datetime_operator.py
[2026-03-22T04:11:26.883+0000] {logging_mixin.py:188} INFO - [2026-03-22T04:11:26.883+0000] {dag.py:3096} INFO - Sync 3 DAGs
[2026-03-22T04:11:26.896+0000] {logging_mixin.py:188} INFO - [2026-03-22T04:11:26.895+0000] {dag.py:3954} INFO - Setting next_dagrun for example_branch_datetime_operator to 2026-03-21 00:00:00+00:00, run_after=2026-03-22 00:00:00+00:00
[2026-03-22T04:11:26.899+0000] {logging_mixin.py:188} INFO - [2026-03-22T04:11:26.899+0000] {dag.py:3954} INFO - Setting next_dagrun for example_branch_datetime_operator_2 to 2026-03-21 00:00:00+00:00, run_after=2026-03-22 00:00:00+00:00
[2026-03-22T04:11:26.902+0000] {logging_mixin.py:188} INFO - [2026-03-22T04:11:26.902+0000] {dag.py:3954} INFO - Setting next_dagrun for example_branch_datetime_operator_3 to 2026-03-21 00:00:00+00:00, run_after=2026-03-22 00:00:00+00:00
[2026-03-22T04:11:26.914+0000] {processor.py:183} INFO - Processing /home/airflow/.local/lib/python3.12/site-packages/airflow/example_dags/example_branch_datetime_operator.py took 0.057 seconds
[2026-03-22T04:11:57.083+0000] {processor.py:161} INFO - Started process (PID=392) to work on /home/airflow/.local/lib/python3.12/site-packages/airflow/example_dags/example_branch_datetime_operator.py
[2026-03-22T04:11:57.084+0000] {processor.py:830} INFO - Processing file /home/airflow/.local/lib/python3.12/site-packages/airflow/example_dags/example_branch_datetime_operator.py for tasks to queue
[2026-03-22T04:11:57.085+0000] {logging_mixin.py:188} INFO - [2026-03-22T04:11:57.085+0000] {dagbag.py:545} INFO - Filling up the DagBag from /home/airflow/.local/lib/python3.12/site-packages/airflow/example_dags/example_branch_datetime_operator.py
[2026-03-22T04:11:57.090+0000] {processor.py:840} INFO - DAG(s) 'example_branch_datetime_operator', 'example_branch_datetime_operator_2', 'example_branch_datetime_operator_3' retrieved from /home/airflow/.local/lib/python3.12/site-packages/airflow/example_dags/example_branch_datetime_operator.py
[2026-03-22T04:11:57.105+0000] {logging_mixin.py:188} INFO - [2026-03-22T04:11:57.105+0000] {dag.py:3096} INFO - Sync 3 DAGs
[2026-03-22T04:11:57.123+0000] {logging_mixin.py:188} INFO - [2026-03-22T04:11:57.123+0000] {dag.py:3954} INFO - Setting next_dagrun for example_branch_datetime_operator to 2026-03-21 00:00:00+00:00, run_after=2026-03-22 00:00:00+00:00
[2026-03-22T04:11:57.127+0000] {logging_mixin.py:188} INFO - [2026-03-22T04:11:57.127+0000] {dag.py:3954} INFO - Setting next_dagrun for example_branch_datetime_operator_2 to 2026-03-21 00:00:00+00:00, run_after=2026-03-22 00:00:00+00:00
[2026-03-22T04:11:57.129+0000] {logging_mixin.py:188} INFO - [2026-03-22T04:11:57.128+0000] {dag.py:3954} INFO - Setting next_dagrun for example_branch_datetime_operator_3 to 2026-03-21 00:00:00+00:00, run_after=2026-03-22 00:00:00+00:00
[2026-03-22T04:11:57.141+0000] {processor.py:183} INFO - Processing /home/airflow/.local/lib/python3.12/site-packages/airflow/example_dags/example_branch_datetime_operator.py took 0.061 seconds
[2026-03-22T04:12:28.084+0000] {processor.py:161} INFO - Started process (PID=450) to work on /home/airflow/.local/lib/python3.12/site-packages/airflow/example_dags/example_branch_datetime_operator.py
[2026-03-22T04:12:28.085+0000] {processor.py:830} INFO - Processing file /home/airflow/.local/lib/python3.12/site-packages/airflow/example_dags/example_branch_datetime_operator.py for tasks to queue
[2026-03-22T04:12:28.085+0000] {logging_mixin.py:188} INFO - [2026-03-22T04:12:28.085+0000] {dagbag.py:545} INFO - Filling up the DagBag from /home/airflow/.local/lib/python3.12/site-packages/airflow/example_dags/example_branch_datetime_operator.py
[2026-03-22T04:12:28.092+0000] {processor.py:840} INFO - DAG(s) 'example_branch_datetime_operator', 'example_branch_datetime_operator_2', 'example_branch_datetime_operator_3' retrieved from /home/airflow/.local/lib/python3.12/site-packages/airflow/example_dags/example_branch_datetime_operator.py
[2026-03-22T04:12:28.106+0000] {logging_mixin.py:188} INFO - [2026-03-22T04:12:28.106+0000] {dag.py:3096} INFO - Sync 3 DAGs
[2026-03-22T04:12:28.119+0000] {logging_mixin.py:188} INFO - [2026-03-22T04:12:28.118+0000] {dag.py:3954} INFO - Setting next_dagrun for example_branch_datetime_operator to 2026-03-21 00:00:00+00:00, run_after=2026-03-22 00:00:00+00:00
[2026-03-22T04:12:28.121+0000] {logging_mixin.py:188} INFO - [2026-03-22T04:12:28.121+0000] {dag.py:3954} INFO - Setting next_dagrun for example_branch_datetime_operator_2 to 2026-03-21 00:00:00+00:00, run_after=2026-03-22 00:00:00+00:00
[2026-03-22T04:12:28.122+0000] {logging_mixin.py:188} INFO - [2026-03-22T04:12:28.122+0000] {dag.py:3954} INFO - Setting next_dagrun for example_branch_datetime_operator_3 to 2026-03-21 00:00:00+00:00, run_after=2026-03-22 00:00:00+00:00
[2026-03-22T04:12:28.128+0000] {processor.py:183} INFO - Processing /home/airflow/.local/lib/python3.12/site-packages/airflow/example_dags/example_branch_datetime_operator.py took 0.047 seconds
[2026-03-22T04:12:59.434+0000] {processor.py:161} INFO - Started process (PID=508) to work on /home/airflow/.local/lib/python3.12/site-packages/airflow/example_dags/example_branch_datetime_operator.py
[2026-03-22T04:12:59.434+0000] {processor.py:830} INFO - Processing file /home/airflow/.local/lib/python3.12/site-packages/airflow/example_dags/example_branch_datetime_operator.py for tasks to queue
[2026-03-22T04:12:59.436+0000] {logging_mixin.py:188} INFO - [2026-03-22T04:12:59.435+0000] {dagbag.py:545} INFO - Filling up the DagBag from /home/airflow/.local/lib/python3.12/site-packages/airflow/example_dags/example_branch_datetime_operator.py
[2026-03-22T04:12:59.443+0000] {processor.py:840} INFO - DAG(s) 'example_branch_datetime_operator_3', 'example_branch_datetime_operator', 'example_branch_datetime_operator_2' retrieved from /home/airflow/.local/lib/python3.12/site-packages/airflow/example_dags/example_branch_datetime_operator.py
[2026-03-22T04:12:59.471+0000] {logging_mixin.py:188} INFO - [2026-03-22T04:12:59.470+0000] {dag.py:3096} INFO - Sync 3 DAGs
[2026-03-22T04:12:59.487+0000] {logging_mixin.py:188} INFO - [2026-03-22T04:12:59.486+0000] {dag.py:3954} INFO - Setting next_dagrun for example_branch_datetime_operator to 2026-03-21 00:00:00+00:00, run_after=2026-03-22 00:00:00+00:00
[2026-03-22T04:12:59.492+0000] {logging_mixin.py:188} INFO - [2026-03-22T04:12:59.492+0000] {dag.py:3954} INFO - Setting next_dagrun for example_branch_datetime_operator_2 to 2026-03-21 00:00:00+00:00, run_after=2026-03-22 00:00:00+00:00
[2026-03-22T04:12:59.495+0000] {logging_mixin.py:188} INFO - [2026-03-22T04:12:59.495+0000] {dag.py:3954} INFO - Setting next_dagrun for example_branch_datetime_operator_3 to 2026-03-21 00:00:00+00:00, run_after=2026-03-22 00:00:00+00:00
[2026-03-22T04:12:59.509+0000] {processor.py:183} INFO - Processing /home/airflow/.local/lib/python3.12/site-packages/airflow/example_dags/example_branch_datetime_operator.py took 0.079 seconds
[2026-03-22T04:13:30.144+0000] {processor.py:161} INFO - Started process (PID=566) to work on /home/airflow/.local/lib/python3.12/site-packages/airflow/example_dags/example_branch_datetime_operator.py
[2026-03-22T04:13:30.145+0000] {processor.py:830} INFO - Processing file /home/airflow/.local/lib/python3.12/site-packages/airflow/example_dags/example_branch_datetime_operator.py for tasks to queue
[2026-03-22T04:13:30.147+0000] {logging_mixin.py:188} INFO - [2026-03-22T04:13:30.147+0000] {dagbag.py:545} INFO - Filling up the DagBag from /home/airflow/.local/lib/python3.12/site-packages/airflow/example_dags/example_branch_datetime_operator.py
[2026-03-22T04:13:30.154+0000] {processor.py:840} INFO - DAG(s) 'example_branch_datetime_operator_3', 'example_branch_datetime_operator', 'example_branch_datetime_operator_2' retrieved from /home/airflow/.local/lib/python3.12/site-packages/airflow/example_dags/example_branch_datetime_operator.py
[2026-03-22T04:13:30.175+0000] {logging_mixin.py:188} INFO - [2026-03-22T04:13:30.175+0000] {dag.py:3096} INFO - Sync 3 DAGs
[2026-03-22T04:13:30.191+0000] {logging_mixin.py:188} INFO - [2026-03-22T04:13:30.190+0000] {dag.py:3954} INFO - Setting next_dagrun for example_branch_datetime_operator to 2026-03-21 00:00:00+00:00, run_after=2026-03-22 00:00:00+00:00
[2026-03-22T04:13:30.193+0000] {logging_mixin.py:188} INFO - [2026-03-22T04:13:30.193+0000] {dag.py:3954} INFO - Setting next_dagrun for example_branch_datetime_operator_2 to 2026-03-21 00:00:00+00:00, run_after=2026-03-22 00:00:00+00:00
[2026-03-22T04:13:30.194+0000] {logging_mixin.py:188} INFO - [2026-03-22T04:13:30.194+0000] {dag.py:3954} INFO - Setting next_dagrun for example_branch_datetime_operator_3 to 2026-03-21 00:00:00+00:00, run_after=2026-03-22 00:00:00+00:00
[2026-03-22T04:13:30.204+0000] {processor.py:183} INFO - Processing /home/airflow/.local/lib/python3.12/site-packages/airflow/example_dags/example_branch_datetime_operator.py took 0.066 seconds
[2026-03-22T04:14:00.781+0000] {processor.py:161} INFO - Started process (PID=624) to work on /home/airflow/.local/lib/python3.12/site-packages/airflow/example_dags/example_branch_datetime_operator.py
[2026-03-22T04:14:00.781+0000] {processor.py:830} INFO - Processing file /home/airflow/.local/lib/python3.12/site-packages/airflow/example_dags/example_branch_datetime_operator.py for tasks to queue
[2026-03-22T04:14:00.782+0000] {logging_mixin.py:188} INFO - [2026-03-22T04:14:00.782+0000] {dagbag.py:545} INFO - Filling up the DagBag from /home/airflow/.local/lib/python3.12/site-packages/airflow/example_dags/example_branch_datetime_operator.py
[2026-03-22T04:14:00.787+0000] {processor.py:840} INFO - DAG(s) 'example_branch_datetime_operator', 'example_branch_datetime_operator_3', 'example_branch_datetime_operator_2' retrieved from /home/airflow/.local/lib/python3.12/site-packages/airflow/example_dags/example_branch_datetime_operator.py
[2026-03-22T04:14:00.803+0000] {logging_mixin.py:188} INFO - [2026-03-22T04:14:00.802+0000] {dag.py:3096} INFO - Sync 3 DAGs
[2026-03-22T04:14:00.813+0000] {logging_mixin.py:188} INFO - [2026-03-22T04:14:00.813+0000] {dag.py:3954} INFO - Setting next_dagrun for example_branch_datetime_operator to 2026-03-21 00:00:00+00:00, run_after=2026-03-22 00:00:00+00:00
[2026-03-22T04:14:00.815+0000] {logging_mixin.py:188} INFO - [2026-03-22T04:14:00.815+0000] {dag.py:3954} INFO - Setting next_dagrun for example_branch_datetime_operator_2 to 2026-03-21 00:00:00+00:00, run_after=2026-03-22 00:00:00+00:00
[2026-03-22T04:14:00.817+0000] {logging_mixin.py:188} INFO - [2026-03-22T04:14:00.817+0000] {dag.py:3954} INFO - Setting next_dagrun for example_branch_datetime_operator_3 to 2026-03-21 00:00:00+00:00, run_after=2026-03-22 00:00:00+00:00
[2026-03-22T04:14:00.827+0000] {processor.py:183} INFO - Processing /home/airflow/.local/lib/python3.12/site-packages/airflow/example_dags/example_branch_datetime_operator.py took 0.049 seconds
[2026-03-22T04:14:31.052+0000] {processor.py:161} INFO - Started process (PID=681) to work on /home/airflow/.local/lib/python3.12/site-packages/airflow/example_dags/example_branch_datetime_operator.py
[2026-03-22T04:14:31.053+0000] {processor.py:830} INFO - Processing file /home/airflow/.local/lib/python3.12/site-packages/airflow/example_dags/example_branch_datetime_operator.py for tasks to queue
[2026-03-22T04:14:31.054+0000] {logging_mixin.py:188} INFO - [2026-03-22T04:14:31.054+0000] {dagbag.py:545} INFO - Filling up the DagBag from /home/airflow/.local/lib/python3.12/site-packages/airflow/example_dags/example_branch_datetime_operator.py
[2026-03-22T04:14:31.060+0000] {processor.py:840} INFO - DAG(s) 'example_branch_datetime_operator', 'example_branch_datetime_operator_2', 'example_branch_datetime_operator_3' retrieved from /home/airflow/.local/lib/python3.12/site-packages/airflow/example_dags/example_branch_datetime_operator.py
[2026-03-22T04:14:31.078+0000] {logging_mixin.py:188} INFO - [2026-03-22T04:14:31.078+0000] {dag.py:3096} INFO - Sync 3 DAGs
[2026-03-22T04:14:31.093+0000] {logging_mixin.py:188} INFO - [2026-03-22T04:14:31.093+0000] {dag.py:3954} INFO - Setting next_dagrun for example_branch_datetime_operator to 2026-03-21 00:00:00+00:00, run_after=2026-03-22 00:00:00+00:00
[2026-03-22T04:14:31.096+0000] {logging_mixin.py:188} INFO - [2026-03-22T04:14:31.096+0000] {dag.py:3954} INFO - Setting next_dagrun for example_branch_datetime_operator_2 to 2026-03-21 00:00:00+00:00, run_after=2026-03-22 00:00:00+00:00
[2026-03-22T04:14:31.097+0000] {logging_mixin.py:188} INFO - [2026-03-22T04:14:31.097+0000] {dag.py:3954} INFO - Setting next_dagrun for example_branch_datetime_operator_3 to 2026-03-21 00:00:00+00:00, run_after=2026-03-22 00:00:00+00:00
[2026-03-22T04:14:31.104+0000] {processor.py:183} INFO - Processing /home/airflow/.local/lib/python3.12/site-packages/airflow/example_dags/example_branch_datetime_operator.py took 0.057 seconds
[2026-03-22T04:15:01.297+0000] {processor.py:161} INFO - Started process (PID=740) to work on /home/airflow/.local/lib/python3.12/site-packages/airflow/example_dags/example_branch_datetime_operator.py
[2026-03-22T04:15:01.298+0000] {processor.py:830} INFO - Processing file /home/airflow/.local/lib/python3.12/site-packages/airflow/example_dags/example_branch_datetime_operator.py for tasks to queue
[2026-03-22T04:15:01.299+0000] {logging_mixin.py:188} INFO - [2026-03-22T04:15:01.299+0000] {dagbag.py:545} INFO - Filling up the DagBag from /home/airflow/.local/lib/python3.12/site-packages/airflow/example_dags/example_branch_datetime_operator.py
[2026-03-22T04:15:01.304+0000] {processor.py:840} INFO - DAG(s) 'example_branch_datetime_operator', 'example_branch_datetime_operator_3', 'example_branch_datetime_operator_2' retrieved from /home/airflow/.local/lib/python3.12/site-packages/airflow/example_dags/example_branch_datetime_operator.py
[2026-03-22T04:15:01.317+0000] {logging_mixin.py:188} INFO - [2026-03-22T04:15:01.317+0000] {dag.py:3096} INFO - Sync 3 DAGs
[2026-03-22T04:15:01.329+0000] {logging_mixin.py:188} INFO - [2026-03-22T04:15:01.329+0000] {dag.py:3954} INFO - Setting next_dagrun for example_branch_datetime_operator to 2026-03-21 00:00:00+00:00, run_after=2026-03-22 00:00:00+00:00
[2026-03-22T04:15:01.331+0000] {logging_mixin.py:188} INFO - [2026-03-22T04:15:01.331+0000] {dag.py:3954} INFO - Setting next_dagrun for example_branch_datetime_operator_2 to 2026-03-21 00:00:00+00:00, run_after=2026-03-22 00:00:00+00:00
[2026-03-22T04:15:01.332+0000] {logging_mixin.py:188} INFO - [2026-03-22T04:15:01.332+0000] {dag.py:3954} INFO - Setting next_dagrun for example_branch_datetime_operator_3 to 2026-03-21 00:00:00+00:00, run_after=2026-03-22 00:00:00+00:00
[2026-03-22T04:15:01.338+0000] {processor.py:183} INFO - Processing /home/airflow/.local/lib/python3.12/site-packages/airflow/example_dags/example_branch_datetime_operator.py took 0.043 seconds
[2026-03-22T04:15:31.758+0000] {processor.py:161} INFO - Started process (PID=798) to work on /home/airflow/.local/lib/python3.12/site-packages/airflow/example_dags/example_branch_datetime_operator.py
[2026-03-22T04:15:31.759+0000] {processor.py:830} INFO - Processing file /home/airflow/.local/lib/python3.12/site-packages/airflow/example_dags/example_branch_datetime_operator.py for tasks to queue
[2026-03-22T04:15:31.760+0000] {logging_mixin.py:188} INFO - [2026-03-22T04:15:31.760+0000] {dagbag.py:545} INFO - Filling up the DagBag from /home/airflow/.local/lib/python3.12/site-packages/airflow/example_dags/example_branch_datetime_operator.py
[2026-03-22T04:15:31.764+0000] {processor.py:840} INFO - DAG(s) 'example_branch_datetime_operator_3', 'example_branch_datetime_operator', 'example_branch_datetime_operator_2' retrieved from /home/airflow/.local/lib/python3.12/site-packages/airflow/example_dags/example_branch_datetime_operator.py
[2026-03-22T04:15:31.775+0000] {logging_mixin.py:188} INFO - [2026-03-22T04:15:31.775+0000] {dag.py:3096} INFO - Sync 3 DAGs
[2026-03-22T04:15:31.784+0000] {logging_mixin.py:188} INFO - [2026-03-22T04:15:31.784+0000] {dag.py:3954} INFO - Setting next_dagrun for example_branch_datetime_operator to 2026-03-21 00:00:00+00:00, run_after=2026-03-22 00:00:00+00:00
[2026-03-22T04:15:31.786+0000] {logging_mixin.py:188} INFO - [2026-03-22T04:15:31.786+0000] {dag.py:3954} INFO - Setting next_dagrun for example_branch_datetime_operator_2 to 2026-03-21 00:00:00+00:00, run_after=2026-03-22 00:00:00+00:00
[2026-03-22T04:15:31.787+0000] {logging_mixin.py:188} INFO - [2026-03-22T04:15:31.787+0000] {dag.py:3954} INFO - Setting next_dagrun for example_branch_datetime_operator_3 to 2026-03-21 00:00:00+00:00, run_after=2026-03-22 00:00:00+00:00
[2026-03-22T04:15:31.794+0000] {processor.py:183} INFO - Processing /home/airflow/.local/lib/python3.12/site-packages/airflow/example_dags/example_branch_datetime_operator.py took 0.038 seconds
[2026-03-22T04:16:02.232+0000] {processor.py:161} INFO - Started process (PID=856) to work on /home/airflow/.local/lib/python3.12/site-packages/airflow/example_dags/example_branch_datetime_operator.py
[2026-03-22T04:16:02.236+0000] {processor.py:830} INFO - Processing file /home/airflow/.local/lib/python3.12/site-packages/airflow/example_dags/example_branch_datetime_operator.py for tasks to queue
[2026-03-22T04:16:02.239+0000] {logging_mixin.py:188} INFO - [2026-03-22T04:16:02.238+0000] {dagbag.py:545} INFO - Filling up the DagBag from /home/airflow/.local/lib/python3.12/site-packages/airflow/example_dags/example_branch_datetime_operator.py
[2026-03-22T04:16:02.248+0000] {processor.py:840} INFO - DAG(s) 'example_branch_datetime_operator_3', 'example_branch_datetime_operator_2', 'example_branch_datetime_operator' retrieved from /home/airflow/.local/lib/python3.12/site-packages/airflow/example_dags/example_branch_datetime_operator.py
[2026-03-22T04:16:02.277+0000] {logging_mixin.py:188} INFO - [2026-03-22T04:16:02.276+0000] {dag.py:3096} INFO - Sync 3 DAGs
[2026-03-22T04:16:02.299+0000] {logging_mixin.py:188} INFO - [2026-03-22T04:16:02.299+0000] {dag.py:3954} INFO - Setting next_dagrun for example_branch_datetime_operator to 2026-03-21 00:00:00+00:00, run_after=2026-03-22 00:00:00+00:00
[2026-03-22T04:16:02.305+0000] {logging_mixin.py:188} INFO - [2026-03-22T04:16:02.305+0000] {dag.py:3954} INFO - Setting next_dagrun for example_branch_datetime_operator_2 to 2026-03-21 00:00:00+00:00, run_after=2026-03-22 00:00:00+00:00
[2026-03-22T04:16:02.308+0000] {logging_mixin.py:188} INFO - [2026-03-22T04:16:02.308+0000] {dag.py:3954} INFO - Setting next_dagrun for example_branch_datetime_operator_3 to 2026-03-21 00:00:00+00:00, run_after=2026-03-22 00:00:00+00:00
[2026-03-22T04:16:02.328+0000] {processor.py:183} INFO - Processing /home/airflow/.local/lib/python3.12/site-packages/airflow/example_dags/example_branch_datetime_operator.py took 0.100 seconds
[2026-03-22T04:17:34.729+0000] {processor.py:161} INFO - Started process (PID=921) to work on /home/airflow/.local/lib/python3.12/site-packages/airflow/example_dags/example_branch_datetime_operator.py
[2026-03-22T04:17:34.737+0000] {processor.py:830} INFO - Processing file /home/airflow/.local/lib/python3.12/site-packages/airflow/example_dags/example_branch_datetime_operator.py for tasks to queue
[2026-03-22T04:17:34.745+0000] {logging_mixin.py:188} INFO - [2026-03-22T04:17:34.744+0000] {dagbag.py:545} INFO - Filling up the DagBag from /home/airflow/.local/lib/python3.12/site-packages/airflow/example_dags/example_branch_datetime_operator.py
[2026-03-22T04:17:34.804+0000] {processor.py:840} INFO - DAG(s) 'example_branch_datetime_operator', 'example_branch_datetime_operator_2', 'example_branch_datetime_operator_3' retrieved from /home/airflow/.local/lib/python3.12/site-packages/airflow/example_dags/example_branch_datetime_operator.py
[2026-03-22T04:17:34.950+0000] {logging_mixin.py:188} INFO - [2026-03-22T04:17:34.950+0000] {dag.py:3096} INFO - Sync 3 DAGs
[2026-03-22T04:17:34.993+0000] {logging_mixin.py:188} INFO - [2026-03-22T04:17:34.992+0000] {dag.py:3954} INFO - Setting next_dagrun for example_branch_datetime_operator to 2026-03-21 00:00:00+00:00, run_after=2026-03-22 00:00:00+00:00
[2026-03-22T04:17:35.008+0000] {logging_mixin.py:188} INFO - [2026-03-22T04:17:35.008+0000] {dag.py:3954} INFO - Setting next_dagrun for example_branch_datetime_operator_2 to 2026-03-21 00:00:00+00:00, run_after=2026-03-22 00:00:00+00:00
[2026-03-22T04:17:35.013+0000] {logging_mixin.py:188} INFO - [2026-03-22T04:17:35.013+0000] {dag.py:3954} INFO - Setting next_dagrun for example_branch_datetime_operator_3 to 2026-03-21 00:00:00+00:00, run_after=2026-03-22 00:00:00+00:00
[2026-03-22T04:17:35.054+0000] {processor.py:183} INFO - Processing /home/airflow/.local/lib/python3.12/site-packages/airflow/example_dags/example_branch_datetime_operator.py took 0.366 seconds
[2026-03-22T04:18:05.118+0000] {processor.py:161} INFO - Started process (PID=978) to work on /home/airflow/.local/lib/python3.12/site-packages/airflow/example_dags/example_branch_datetime_operator.py
[2026-03-22T04:18:05.119+0000] {processor.py:830} INFO - Processing file /home/airflow/.local/lib/python3.12/site-packages/airflow/example_dags/example_branch_datetime_operator.py for tasks to queue
[2026-03-22T04:18:05.120+0000] {logging_mixin.py:188} INFO - [2026-03-22T04:18:05.120+0000] {dagbag.py:545} INFO - Filling up the DagBag from /home/airflow/.local/lib/python3.12/site-packages/airflow/example_dags/example_branch_datetime_operator.py
[2026-03-22T04:18:05.126+0000] {processor.py:840} INFO - DAG(s) 'example_branch_datetime_operator_3', 'example_branch_datetime_operator', 'example_branch_datetime_operator_2' retrieved from /home/airflow/.local/lib/python3.12/site-packages/airflow/example_dags/example_branch_datetime_operator.py
[2026-03-22T04:18:05.149+0000] {logging_mixin.py:188} INFO - [2026-03-22T04:18:05.148+0000] {dag.py:3096} INFO - Sync 3 DAGs
[2026-03-22T04:18:05.160+0000] {logging_mixin.py:188} INFO - [2026-03-22T04:18:05.159+0000] {dag.py:3954} INFO - Setting next_dagrun for example_branch_datetime_operator to 2026-03-21 00:00:00+00:00, run_after=2026-03-22 00:00:00+00:00
[2026-03-22T04:18:05.161+0000] {logging_mixin.py:188} INFO - [2026-03-22T04:18:05.161+0000] {dag.py:3954} INFO - Setting next_dagrun for example_branch_datetime_operator_2 to 2026-03-21 00:00:00+00:00, run_after=2026-03-22 00:00:00+00:00
[2026-03-22T04:18:05.162+0000] {logging_mixin.py:188} INFO - [2026-03-22T04:18:05.162+0000] {dag.py:3954} INFO - Setting next_dagrun for example_branch_datetime_operator_3 to 2026-03-21 00:00:00+00:00, run_after=2026-03-22 00:00:00+00:00
[2026-03-22T04:18:05.168+0000] {processor.py:183} INFO - Processing /home/airflow/.local/lib/python3.12/site-packages/airflow/example_dags/example_branch_datetime_operator.py took 0.053 seconds
[2026-03-22T04:18:35.786+0000] {processor.py:161} INFO - Started process (PID=1035) to work on /home/airflow/.local/lib/python3.12/site-packages/airflow/example_dags/example_branch_datetime_operator.py
[2026-03-22T04:18:35.788+0000] {processor.py:830} INFO - Processing file /home/airflow/.local/lib/python3.12/site-packages/airflow/example_dags/example_branch_datetime_operator.py for tasks to queue
[2026-03-22T04:18:35.790+0000] {logging_mixin.py:188} INFO - [2026-03-22T04:18:35.789+0000] {dagbag.py:545} INFO - Filling up the DagBag from /home/airflow/.local/lib/python3.12/site-packages/airflow/example_dags/example_branch_datetime_operator.py
[2026-03-22T04:18:35.801+0000] {processor.py:840} INFO - DAG(s) 'example_branch_datetime_operator', 'example_branch_datetime_operator_2', 'example_branch_datetime_operator_3' retrieved from /home/airflow/.local/lib/python3.12/site-packages/airflow/example_dags/example_branch_datetime_operator.py
[2026-03-22T04:18:35.820+0000] {logging_mixin.py:188} INFO - [2026-03-22T04:18:35.820+0000] {dag.py:3096} INFO - Sync 3 DAGs
[2026-03-22T04:18:35.841+0000] {logging_mixin.py:188} INFO - [2026-03-22T04:18:35.841+0000] {dag.py:3954} INFO - Setting next_dagrun for example_branch_datetime_operator to 2026-03-21 00:00:00+00:00, run_after=2026-03-22 00:00:00+00:00
[2026-03-22T04:18:35.843+0000] {logging_mixin.py:188} INFO - [2026-03-22T04:18:35.843+0000] {dag.py:3954} INFO - Setting next_dagrun for example_branch_datetime_operator_2 to 2026-03-21 00:00:00+00:00, run_after=2026-03-22 00:00:00+00:00
[2026-03-22T04:18:35.844+0000] {logging_mixin.py:188} INFO - [2026-03-22T04:18:35.844+0000] {dag.py:3954} INFO - Setting next_dagrun for example_branch_datetime_operator_3 to 2026-03-21 00:00:00+00:00, run_after=2026-03-22 00:00:00+00:00
[2026-03-22T04:18:35.851+0000] {processor.py:183} INFO - Processing /home/airflow/.local/lib/python3.12/site-packages/airflow/example_dags/example_branch_datetime_operator.py took 0.073 seconds
[2026-03-22T04:19:06.215+0000] {processor.py:161} INFO - Started process (PID=1093) to work on /home/airflow/.local/lib/python3.12/site-packages/airflow/example_dags/example_branch_datetime_operator.py
[2026-03-22T04:19:06.218+0000] {processor.py:830} INFO - Processing file /home/airflow/.local/lib/python3.12/site-packages/airflow/example_dags/example_branch_datetime_operator.py for tasks to queue
[2026-03-22T04:19:06.223+0000] {logging_mixin.py:188} INFO - [2026-03-22T04:19:06.222+0000] {dagbag.py:545} INFO - Filling up the DagBag from /home/airflow/.local/lib/python3.12/site-packages/airflow/example_dags/example_branch_datetime_operator.py
[2026-03-22T04:19:06.259+0000] {processor.py:840} INFO - DAG(s) 'example_branch_datetime_operator_2', 'example_branch_datetime_operator', 'example_branch_datetime_operator_3' retrieved from /home/airflow/.local/lib/python3.12/site-packages/airflow/example_dags/example_branch_datetime_operator.py
[2026-03-22T04:19:06.363+0000] {logging_mixin.py:188} INFO - [2026-03-22T04:19:06.359+0000] {dag.py:3096} INFO - Sync 3 DAGs
[2026-03-22T04:19:06.421+0000] {logging_mixin.py:188} INFO - [2026-03-22T04:19:06.421+0000] {dag.py:3954} INFO - Setting next_dagrun for example_branch_datetime_operator to 2026-03-21 00:00:00+00:00, run_after=2026-03-22 00:00:00+00:00
[2026-03-22T04:19:06.430+0000] {logging_mixin.py:188} INFO - [2026-03-22T04:19:06.430+0000] {dag.py:3954} INFO - Setting next_dagrun for example_branch_datetime_operator_2 to 2026-03-21 00:00:00+00:00, run_after=2026-03-22 00:00:00+00:00
[2026-03-22T04:19:06.433+0000] {logging_mixin.py:188} INFO - [2026-03-22T04:19:06.433+0000] {dag.py:3954} INFO - Setting next_dagrun for example_branch_datetime_operator_3 to 2026-03-21 00:00:00+00:00, run_after=2026-03-22 00:00:00+00:00
[2026-03-22T04:19:06.463+0000] {processor.py:183} INFO - Processing /home/airflow/.local/lib/python3.12/site-packages/airflow/example_dags/example_branch_datetime_operator.py took 0.260 seconds
[2026-03-22T04:19:37.363+0000] {processor.py:161} INFO - Started process (PID=1151) to work on /home/airflow/.local/lib/python3.12/site-packages/airflow/example_dags/example_branch_datetime_operator.py
[2026-03-22T04:19:37.364+0000] {processor.py:830} INFO - Processing file /home/airflow/.local/lib/python3.12/site-packages/airflow/example_dags/example_branch_datetime_operator.py for tasks to queue
[2026-03-22T04:19:37.368+0000] {logging_mixin.py:188} INFO - [2026-03-22T04:19:37.367+0000] {dagbag.py:545} INFO - Filling up the DagBag from /home/airflow/.local/lib/python3.12/site-packages/airflow/example_dags/example_branch_datetime_operator.py
[2026-03-22T04:19:37.386+0000] {processor.py:840} INFO - DAG(s) 'example_branch_datetime_operator_3', 'example_branch_datetime_operator', 'example_branch_datetime_operator_2' retrieved from /home/airflow/.local/lib/python3.12/site-packages/airflow/example_dags/example_branch_datetime_operator.py
[2026-03-22T04:19:37.423+0000] {logging_mixin.py:188} INFO - [2026-03-22T04:19:37.422+0000] {dag.py:3096} INFO - Sync 3 DAGs
[2026-03-22T04:19:37.454+0000] {logging_mixin.py:188} INFO - [2026-03-22T04:19:37.454+0000] {dag.py:3954} INFO - Setting next_dagrun for example_branch_datetime_operator to 2026-03-21 00:00:00+00:00, run_after=2026-03-22 00:00:00+00:00
[2026-03-22T04:19:37.458+0000] {logging_mixin.py:188} INFO - [2026-03-22T04:19:37.458+0000] {dag.py:3954} INFO - Setting next_dagrun for example_branch_datetime_operator_2 to 2026-03-21 00:00:00+00:00, run_after=2026-03-22 00:00:00+00:00
[2026-03-22T04:19:37.459+0000] {logging_mixin.py:188} INFO - [2026-03-22T04:19:37.459+0000] {dag.py:3954} INFO - Setting next_dagrun for example_branch_datetime_operator_3 to 2026-03-21 00:00:00+00:00, run_after=2026-03-22 00:00:00+00:00
[2026-03-22T04:19:37.473+0000] {processor.py:183} INFO - Processing /home/airflow/.local/lib/python3.12/site-packages/airflow/example_dags/example_branch_datetime_operator.py took 0.121 seconds
[2026-03-22T04:20:08.120+0000] {processor.py:161} INFO - Started process (PID=1209) to work on /home/airflow/.local/lib/python3.12/site-packages/airflow/example_dags/example_branch_datetime_operator.py
[2026-03-22T04:20:08.122+0000] {processor.py:830} INFO - Processing file /home/airflow/.local/lib/python3.12/site-packages/airflow/example_dags/example_branch_datetime_operator.py for tasks to queue
[2026-03-22T04:20:08.128+0000] {logging_mixin.py:188} INFO - [2026-03-22T04:20:08.127+0000] {dagbag.py:545} INFO - Filling up the DagBag from /home/airflow/.local/lib/python3.12/site-packages/airflow/example_dags/example_branch_datetime_operator.py
[2026-03-22T04:20:08.148+0000] {processor.py:840} INFO - DAG(s) 'example_branch_datetime_operator_3', 'example_branch_datetime_operator_2', 'example_branch_datetime_operator' retrieved from /home/airflow/.local/lib/python3.12/site-packages/airflow/example_dags/example_branch_datetime_operator.py
[2026-03-22T04:20:08.217+0000] {logging_mixin.py:188} INFO - [2026-03-22T04:20:08.217+0000] {dag.py:3096} INFO - Sync 3 DAGs
[2026-03-22T04:20:08.243+0000] {logging_mixin.py:188} INFO - [2026-03-22T04:20:08.243+0000] {dag.py:3954} INFO - Setting next_dagrun for example_branch_datetime_operator to 2026-03-21 00:00:00+00:00, run_after=2026-03-22 00:00:00+00:00
[2026-03-22T04:20:08.246+0000] {logging_mixin.py:188} INFO - [2026-03-22T04:20:08.246+0000] {dag.py:3954} INFO - Setting next_dagrun for example_branch_datetime_operator_2 to 2026-03-21 00:00:00+00:00, run_after=2026-03-22 00:00:00+00:00
[2026-03-22T04:20:08.247+0000] {logging_mixin.py:188} INFO - [2026-03-22T04:20:08.247+0000] {dag.py:3954} INFO - Setting next_dagrun for example_branch_datetime_operator_3 to 2026-03-21 00:00:00+00:00, run_after=2026-03-22 00:00:00+00:00
[2026-03-22T04:20:08.263+0000] {processor.py:183} INFO - Processing /home/airflow/.local/lib/python3.12/site-packages/airflow/example_dags/example_branch_datetime_operator.py took 0.152 seconds
[2026-03-22T04:20:39.109+0000] {processor.py:161} INFO - Started process (PID=1267) to work on /home/airflow/.local/lib/python3.12/site-packages/airflow/example_dags/example_branch_datetime_operator.py
[2026-03-22T04:20:39.115+0000] {processor.py:830} INFO - Processing file /home/airflow/.local/lib/python3.12/site-packages/airflow/example_dags/example_branch_datetime_operator.py for tasks to queue
[2026-03-22T04:20:39.118+0000] {logging_mixin.py:188} INFO - [2026-03-22T04:20:39.118+0000] {dagbag.py:545} INFO - Filling up the DagBag from /home/airflow/.local/lib/python3.12/site-packages/airflow/example_dags/example_branch_datetime_operator.py
[2026-03-22T04:20:39.137+0000] {processor.py:840} INFO - DAG(s) 'example_branch_datetime_operator_2', 'example_branch_datetime_operator', 'example_branch_datetime_operator_3' retrieved from /home/airflow/.local/lib/python3.12/site-packages/airflow/example_dags/example_branch_datetime_operator.py
[2026-03-22T04:20:39.186+0000] {logging_mixin.py:188} INFO - [2026-03-22T04:20:39.185+0000] {dag.py:3096} INFO - Sync 3 DAGs
[2026-03-22T04:20:39.237+0000] {logging_mixin.py:188} INFO - [2026-03-22T04:20:39.237+0000] {dag.py:3954} INFO - Setting next_dagrun for example_branch_datetime_operator to 2026-03-21 00:00:00+00:00, run_after=2026-03-22 00:00:00+00:00
[2026-03-22T04:20:39.242+0000] {logging_mixin.py:188} INFO - [2026-03-22T04:20:39.242+0000] {dag.py:3954} INFO - Setting next_dagrun for example_branch_datetime_operator_2 to 2026-03-21 00:00:00+00:00, run_after=2026-03-22 00:00:00+00:00
[2026-03-22T04:20:39.244+0000] {logging_mixin.py:188} INFO - [2026-03-22T04:20:39.244+0000] {dag.py:3954} INFO - Setting next_dagrun for example_branch_datetime_operator_3 to 2026-03-21 00:00:00+00:00, run_after=2026-03-22 00:00:00+00:00
[2026-03-22T04:20:39.252+0000] {processor.py:183} INFO - Processing /home/airflow/.local/lib/python3.12/site-packages/airflow/example_dags/example_branch_datetime_operator.py took 0.157 seconds
[2026-03-22T04:21:09.945+0000] {processor.py:161} INFO - Started process (PID=1324) to work on /home/airflow/.local/lib/python3.12/site-packages/airflow/example_dags/example_branch_datetime_operator.py
[2026-03-22T04:21:09.946+0000] {processor.py:830} INFO - Processing file /home/airflow/.local/lib/python3.12/site-packages/airflow/example_dags/example_branch_datetime_operator.py for tasks to queue
[2026-03-22T04:21:09.949+0000] {logging_mixin.py:188} INFO - [2026-03-22T04:21:09.948+0000] {dagbag.py:545} INFO - Filling up the DagBag from /home/airflow/.local/lib/python3.12/site-packages/airflow/example_dags/example_branch_datetime_operator.py
[2026-03-22T04:21:09.976+0000] {processor.py:840} INFO - DAG(s) 'example_branch_datetime_operator_2', 'example_branch_datetime_operator', 'example_branch_datetime_operator_3' retrieved from /home/airflow/.local/lib/python3.12/site-packages/airflow/example_dags/example_branch_datetime_operator.py
[2026-03-22T04:21:10.013+0000] {logging_mixin.py:188} INFO - [2026-03-22T04:21:10.013+0000] {dag.py:3096} INFO - Sync 3 DAGs
[2026-03-22T04:21:10.046+0000] {logging_mixin.py:188} INFO - [2026-03-22T04:21:10.046+0000] {dag.py:3954} INFO - Setting next_dagrun for example_branch_datetime_operator to 2026-03-21 00:00:00+00:00, run_after=2026-03-22 00:00:00+00:00
[2026-03-22T04:21:10.056+0000] {logging_mixin.py:188} INFO - [2026-03-22T04:21:10.055+0000] {dag.py:3954} INFO - Setting next_dagrun for example_branch_datetime_operator_2 to 2026-03-21 00:00:00+00:00, run_after=2026-03-22 00:00:00+00:00
[2026-03-22T04:21:10.057+0000] {logging_mixin.py:188} INFO - [2026-03-22T04:21:10.057+0000] {dag.py:3954} INFO - Setting next_dagrun for example_branch_datetime_operator_3 to 2026-03-21 00:00:00+00:00, run_after=2026-03-22 00:00:00+00:00
[2026-03-22T04:21:10.070+0000] {processor.py:183} INFO - Processing /home/airflow/.local/lib/python3.12/site-packages/airflow/example_dags/example_branch_datetime_operator.py took 0.154 seconds
[2026-03-22T04:21:40.495+0000] {processor.py:161} INFO - Started process (PID=1382) to work on /home/airflow/.local/lib/python3.12/site-packages/airflow/example_dags/example_branch_datetime_operator.py
[2026-03-22T04:21:40.496+0000] {processor.py:830} INFO - Processing file /home/airflow/.local/lib/python3.12/site-packages/airflow/example_dags/example_branch_datetime_operator.py for tasks to queue
[2026-03-22T04:21:40.498+0000] {logging_mixin.py:188} INFO - [2026-03-22T04:21:40.498+0000] {dagbag.py:545} INFO - Filling up the DagBag from /home/airflow/.local/lib/python3.12/site-packages/airflow/example_dags/example_branch_datetime_operator.py
[2026-03-22T04:21:40.509+0000] {processor.py:840} INFO - DAG(s) 'example_branch_datetime_operator_2', 'example_branch_datetime_operator', 'example_branch_datetime_operator_3' retrieved from /home/airflow/.local/lib/python3.12/site-packages/airflow/example_dags/example_branch_datetime_operator.py
[2026-03-22T04:21:40.537+0000] {logging_mixin.py:188} INFO - [2026-03-22T04:21:40.537+0000] {dag.py:3096} INFO - Sync 3 DAGs
[2026-03-22T04:21:40.556+0000] {logging_mixin.py:188} INFO - [2026-03-22T04:21:40.556+0000] {dag.py:3954} INFO - Setting next_dagrun for example_branch_datetime_operator to 2026-03-21 00:00:00+00:00, run_after=2026-03-22 00:00:00+00:00
[2026-03-22T04:21:40.559+0000] {logging_mixin.py:188} INFO - [2026-03-22T04:21:40.559+0000] {dag.py:3954} INFO - Setting next_dagrun for example_branch_datetime_operator_2 to 2026-03-21 00:00:00+00:00, run_after=2026-03-22 00:00:00+00:00
[2026-03-22T04:21:40.560+0000] {logging_mixin.py:188} INFO - [2026-03-22T04:21:40.560+0000] {dag.py:3954} INFO - Setting next_dagrun for example_branch_datetime_operator_3 to 2026-03-21 00:00:00+00:00, run_after=2026-03-22 00:00:00+00:00
[2026-03-22T04:21:40.568+0000] {processor.py:183} INFO - Processing /home/airflow/.local/lib/python3.12/site-packages/airflow/example_dags/example_branch_datetime_operator.py took 0.079 seconds
[2026-03-22T04:22:10.746+0000] {processor.py:161} INFO - Started process (PID=1441) to work on /home/airflow/.local/lib/python3.12/site-packages/airflow/example_dags/example_branch_datetime_operator.py
[2026-03-22T04:22:10.749+0000] {processor.py:830} INFO - Processing file /home/airflow/.local/lib/python3.12/site-packages/airflow/example_dags/example_branch_datetime_operator.py for tasks to queue
[2026-03-22T04:22:10.752+0000] {logging_mixin.py:188} INFO - [2026-03-22T04:22:10.751+0000] {dagbag.py:545} INFO - Filling up the DagBag from /home/airflow/.local/lib/python3.12/site-packages/airflow/example_dags/example_branch_datetime_operator.py
[2026-03-22T04:22:10.767+0000] {processor.py:840} INFO - DAG(s) 'example_branch_datetime_operator', 'example_branch_datetime_operator_3', 'example_branch_datetime_operator_2' retrieved from /home/airflow/.local/lib/python3.12/site-packages/airflow/example_dags/example_branch_datetime_operator.py
[2026-03-22T04:22:10.832+0000] {logging_mixin.py:188} INFO - [2026-03-22T04:22:10.831+0000] {dag.py:3096} INFO - Sync 3 DAGs
[2026-03-22T04:22:10.853+0000] {logging_mixin.py:188} INFO - [2026-03-22T04:22:10.853+0000] {dag.py:3954} INFO - Setting next_dagrun for example_branch_datetime_operator to 2026-03-21 00:00:00+00:00, run_after=2026-03-22 00:00:00+00:00
[2026-03-22T04:22:10.860+0000] {logging_mixin.py:188} INFO - [2026-03-22T04:22:10.860+0000] {dag.py:3954} INFO - Setting next_dagrun for example_branch_datetime_operator_2 to 2026-03-21 00:00:00+00:00, run_after=2026-03-22 00:00:00+00:00
[2026-03-22T04:22:10.864+0000] {logging_mixin.py:188} INFO - [2026-03-22T04:22:10.863+0000] {dag.py:3954} INFO - Setting next_dagrun for example_branch_datetime_operator_3 to 2026-03-21 00:00:00+00:00, run_after=2026-03-22 00:00:00+00:00
[2026-03-22T04:22:10.873+0000] {processor.py:183} INFO - Processing /home/airflow/.local/lib/python3.12/site-packages/airflow/example_dags/example_branch_datetime_operator.py took 0.137 seconds
[2026-03-22T04:23:09.139+0000] {processor.py:161} INFO - Started process (PID=1499) to work on /home/airflow/.local/lib/python3.12/site-packages/airflow/example_dags/example_branch_datetime_operator.py
[2026-03-22T04:23:09.140+0000] {processor.py:830} INFO - Processing file /home/airflow/.local/lib/python3.12/site-packages/airflow/example_dags/example_branch_datetime_operator.py for tasks to queue
[2026-03-22T04:23:09.143+0000] {logging_mixin.py:188} INFO - [2026-03-22T04:23:09.143+0000] {dagbag.py:545} INFO - Filling up the DagBag from /home/airflow/.local/lib/python3.12/site-packages/airflow/example_dags/example_branch_datetime_operator.py
[2026-03-22T04:23:09.155+0000] {processor.py:840} INFO - DAG(s) 'example_branch_datetime_operator', 'example_branch_datetime_operator_2', 'example_branch_datetime_operator_3' retrieved from /home/airflow/.local/lib/python3.12/site-packages/airflow/example_dags/example_branch_datetime_operator.py
[2026-03-22T04:23:09.219+0000] {logging_mixin.py:188} INFO - [2026-03-22T04:23:09.219+0000] {dag.py:3096} INFO - Sync 3 DAGs
[2026-03-22T04:23:09.236+0000] {logging_mixin.py:188} INFO - [2026-03-22T04:23:09.236+0000] {dag.py:3954} INFO - Setting next_dagrun for example_branch_datetime_operator to 2026-03-21 00:00:00+00:00, run_after=2026-03-22 00:00:00+00:00
[2026-03-22T04:23:09.241+0000] {logging_mixin.py:188} INFO - [2026-03-22T04:23:09.240+0000] {dag.py:3954} INFO - Setting next_dagrun for example_branch_datetime_operator_2 to 2026-03-21 00:00:00+00:00, run_after=2026-03-22 00:00:00+00:00
[2026-03-22T04:23:09.243+0000] {logging_mixin.py:188} INFO - [2026-03-22T04:23:09.242+0000] {dag.py:3954} INFO - Setting next_dagrun for example_branch_datetime_operator_3 to 2026-03-21 00:00:00+00:00, run_after=2026-03-22 00:00:00+00:00
[2026-03-22T04:23:09.255+0000] {processor.py:183} INFO - Processing /home/airflow/.local/lib/python3.12/site-packages/airflow/example_dags/example_branch_datetime_operator.py took 0.121 seconds
[2026-03-22T04:23:40.967+0000] {processor.py:161} INFO - Started process (PID=1556) to work on /home/airflow/.local/lib/python3.12/site-packages/airflow/example_dags/example_branch_datetime_operator.py
[2026-03-22T04:23:40.968+0000] {processor.py:830} INFO - Processing file /home/airflow/.local/lib/python3.12/site-packages/airflow/example_dags/example_branch_datetime_operator.py for tasks to queue
[2026-03-22T04:23:40.970+0000] {logging_mixin.py:188} INFO - [2026-03-22T04:23:40.970+0000] {dagbag.py:545} INFO - Filling up the DagBag from /home/airflow/.local/lib/python3.12/site-packages/airflow/example_dags/example_branch_datetime_operator.py
[2026-03-22T04:23:40.978+0000] {processor.py:840} INFO - DAG(s) 'example_branch_datetime_operator_2', 'example_branch_datetime_operator_3', 'example_branch_datetime_operator' retrieved from /home/airflow/.local/lib/python3.12/site-packages/airflow/example_dags/example_branch_datetime_operator.py
[2026-03-22T04:23:41.008+0000] {logging_mixin.py:188} INFO - [2026-03-22T04:23:41.008+0000] {dag.py:3096} INFO - Sync 3 DAGs
[2026-03-22T04:23:41.035+0000] {logging_mixin.py:188} INFO - [2026-03-22T04:23:41.035+0000] {dag.py:3954} INFO - Setting next_dagrun for example_branch_datetime_operator to 2026-03-21 00:00:00+00:00, run_after=2026-03-22 00:00:00+00:00
[2026-03-22T04:23:41.041+0000] {logging_mixin.py:188} INFO - [2026-03-22T04:23:41.041+0000] {dag.py:3954} INFO - Setting next_dagrun for example_branch_datetime_operator_2 to 2026-03-21 00:00:00+00:00, run_after=2026-03-22 00:00:00+00:00
[2026-03-22T04:23:41.044+0000] {logging_mixin.py:188} INFO - [2026-03-22T04:23:41.044+0000] {dag.py:3954} INFO - Setting next_dagrun for example_branch_datetime_operator_3 to 2026-03-21 00:00:00+00:00, run_after=2026-03-22 00:00:00+00:00
[2026-03-22T04:23:41.059+0000] {processor.py:183} INFO - Processing /home/airflow/.local/lib/python3.12/site-packages/airflow/example_dags/example_branch_datetime_operator.py took 0.099 seconds
[2026-03-22T04:24:12.379+0000] {processor.py:161} INFO - Started process (PID=1614) to work on /home/airflow/.local/lib/python3.12/site-packages/airflow/example_dags/example_branch_datetime_operator.py
[2026-03-22T04:24:12.380+0000] {processor.py:830} INFO - Processing file /home/airflow/.local/lib/python3.12/site-packages/airflow/example_dags/example_branch_datetime_operator.py for tasks to queue
[2026-03-22T04:24:12.382+0000] {logging_mixin.py:188} INFO - [2026-03-22T04:24:12.381+0000] {dagbag.py:545} INFO - Filling up the DagBag from /home/airflow/.local/lib/python3.12/site-packages/airflow/example_dags/example_branch_datetime_operator.py
[2026-03-22T04:24:12.390+0000] {processor.py:840} INFO - DAG(s) 'example_branch_datetime_operator_3', 'example_branch_datetime_operator_2', 'example_branch_datetime_operator' retrieved from /home/airflow/.local/lib/python3.12/site-packages/airflow/example_dags/example_branch_datetime_operator.py
[2026-03-22T04:24:12.425+0000] {logging_mixin.py:188} INFO - [2026-03-22T04:24:12.424+0000] {dag.py:3096} INFO - Sync 3 DAGs
[2026-03-22T04:24:12.440+0000] {logging_mixin.py:188} INFO - [2026-03-22T04:24:12.440+0000] {dag.py:3954} INFO - Setting next_dagrun for example_branch_datetime_operator to 2026-03-21 00:00:00+00:00, run_after=2026-03-22 00:00:00+00:00
[2026-03-22T04:24:12.442+0000] {logging_mixin.py:188} INFO - [2026-03-22T04:24:12.442+0000] {dag.py:3954} INFO - Setting next_dagrun for example_branch_datetime_operator_2 to 2026-03-21 00:00:00+00:00, run_after=2026-03-22 00:00:00+00:00
[2026-03-22T04:24:12.527+0000] {logging_mixin.py:188} INFO - [2026-03-22T04:24:12.527+0000] {dag.py:3954} INFO - Setting next_dagrun for example_branch_datetime_operator_3 to 2026-03-21 00:00:00+00:00, run_after=2026-03-22 00:00:00+00:00
[2026-03-22T04:24:12.533+0000] {processor.py:183} INFO - Processing /home/airflow/.local/lib/python3.12/site-packages/airflow/example_dags/example_branch_datetime_operator.py took 0.158 seconds
[2026-03-22T04:25:38.210+0000] {processor.py:161} INFO - Started process (PID=1674) to work on /home/airflow/.local/lib/python3.12/site-packages/airflow/example_dags/example_branch_datetime_operator.py
[2026-03-22T04:25:38.218+0000] {processor.py:830} INFO - Processing file /home/airflow/.local/lib/python3.12/site-packages/airflow/example_dags/example_branch_datetime_operator.py for tasks to queue
[2026-03-22T04:25:38.255+0000] {logging_mixin.py:188} INFO - [2026-03-22T04:25:38.235+0000] {dagbag.py:545} INFO - Filling up the DagBag from /home/airflow/.local/lib/python3.12/site-packages/airflow/example_dags/example_branch_datetime_operator.py
[2026-03-22T04:25:38.535+0000] {processor.py:840} INFO - DAG(s) 'example_branch_datetime_operator_3', 'example_branch_datetime_operator', 'example_branch_datetime_operator_2' retrieved from /home/airflow/.local/lib/python3.12/site-packages/airflow/example_dags/example_branch_datetime_operator.py
[2026-03-22T04:25:39.110+0000] {logging_mixin.py:188} INFO - [2026-03-22T04:25:39.108+0000] {dag.py:3096} INFO - Sync 3 DAGs
[2026-03-22T04:25:43.947+0000] {logging_mixin.py:188} INFO - [2026-03-22T04:25:43.940+0000] {dag.py:3954} INFO - Setting next_dagrun for example_branch_datetime_operator to 2026-03-21 00:00:00+00:00, run_after=2026-03-22 00:00:00+00:00
[2026-03-22T04:25:43.959+0000] {logging_mixin.py:188} INFO - [2026-03-22T04:25:43.959+0000] {dag.py:3954} INFO - Setting next_dagrun for example_branch_datetime_operator_2 to 2026-03-21 00:00:00+00:00, run_after=2026-03-22 00:00:00+00:00
[2026-03-22T04:25:43.966+0000] {logging_mixin.py:188} INFO - [2026-03-22T04:25:43.966+0000] {dag.py:3954} INFO - Setting next_dagrun for example_branch_datetime_operator_3 to 2026-03-21 00:00:00+00:00, run_after=2026-03-22 00:00:00+00:00
[2026-03-22T04:25:44.051+0000] {processor.py:183} INFO - Processing /home/airflow/.local/lib/python3.12/site-packages/airflow/example_dags/example_branch_datetime_operator.py took 5.949 seconds
[2026-03-22T04:30:43.528+0000] {processor.py:161} INFO - Started process (PID=1797) to work on /home/airflow/.local/lib/python3.12/site-packages/airflow/example_dags/example_branch_datetime_operator.py
[2026-03-22T04:30:43.611+0000] {processor.py:830} INFO - Processing file /home/airflow/.local/lib/python3.12/site-packages/airflow/example_dags/example_branch_datetime_operator.py for tasks to queue
[2026-03-22T04:30:43.667+0000] {logging_mixin.py:188} INFO - [2026-03-22T04:30:43.642+0000] {dagbag.py:545} INFO - Filling up the DagBag from /home/airflow/.local/lib/python3.12/site-packages/airflow/example_dags/example_branch_datetime_operator.py
[2026-03-22T04:30:44.115+0000] {processor.py:840} INFO - DAG(s) 'example_branch_datetime_operator', 'example_branch_datetime_operator_3', 'example_branch_datetime_operator_2' retrieved from /home/airflow/.local/lib/python3.12/site-packages/airflow/example_dags/example_branch_datetime_operator.py
[2026-03-22T04:30:45.982+0000] {logging_mixin.py:188} INFO - [2026-03-22T04:30:45.945+0000] {dag.py:3096} INFO - Sync 3 DAGs
[2026-03-22T04:30:46.743+0000] {logging_mixin.py:188} INFO - [2026-03-22T04:30:46.564+0000] {dag.py:3954} INFO - Setting next_dagrun for example_branch_datetime_operator to 2026-03-21 00:00:00+00:00, run_after=2026-03-22 00:00:00+00:00
[2026-03-22T04:30:47.610+0000] {logging_mixin.py:188} INFO - [2026-03-22T04:30:47.521+0000] {dag.py:3954} INFO - Setting next_dagrun for example_branch_datetime_operator_2 to 2026-03-21 00:00:00+00:00, run_after=2026-03-22 00:00:00+00:00
[2026-03-22T04:30:47.724+0000] {logging_mixin.py:188} INFO - [2026-03-22T04:30:47.714+0000] {dag.py:3954} INFO - Setting next_dagrun for example_branch_datetime_operator_3 to 2026-03-21 00:00:00+00:00, run_after=2026-03-22 00:00:00+00:00
[2026-03-22T04:30:56.392+0000] {processor.py:183} INFO - Processing /home/airflow/.local/lib/python3.12/site-packages/airflow/example_dags/example_branch_datetime_operator.py took 13.525 seconds
[2026-03-22T04:35:54.161+0000] {processor.py:161} INFO - Started process (PID=1890) to work on /home/airflow/.local/lib/python3.12/site-packages/airflow/example_dags/example_branch_datetime_operator.py
[2026-03-22T04:35:54.201+0000] {processor.py:830} INFO - Processing file /home/airflow/.local/lib/python3.12/site-packages/airflow/example_dags/example_branch_datetime_operator.py for tasks to queue
[2026-03-22T04:35:54.280+0000] {logging_mixin.py:188} INFO - [2026-03-22T04:35:54.271+0000] {dagbag.py:545} INFO - Filling up the DagBag from /home/airflow/.local/lib/python3.12/site-packages/airflow/example_dags/example_branch_datetime_operator.py
[2026-03-22T04:35:54.704+0000] {processor.py:840} INFO - DAG(s) 'example_branch_datetime_operator', 'example_branch_datetime_operator_3', 'example_branch_datetime_operator_2' retrieved from /home/airflow/.local/lib/python3.12/site-packages/airflow/example_dags/example_branch_datetime_operator.py
[2026-03-22T04:35:57.913+0000] {logging_mixin.py:188} INFO - [2026-03-22T04:35:57.878+0000] {dag.py:3096} INFO - Sync 3 DAGs
[2026-03-22T04:35:59.981+0000] {logging_mixin.py:188} INFO - [2026-03-22T04:35:59.945+0000] {dag.py:3954} INFO - Setting next_dagrun for example_branch_datetime_operator to 2026-03-21 00:00:00+00:00, run_after=2026-03-22 00:00:00+00:00
[2026-03-22T04:36:00.228+0000] {logging_mixin.py:188} INFO - [2026-03-22T04:36:00.222+0000] {dag.py:3954} INFO - Setting next_dagrun for example_branch_datetime_operator_2 to 2026-03-21 00:00:00+00:00, run_after=2026-03-22 00:00:00+00:00
[2026-03-22T04:36:00.302+0000] {logging_mixin.py:188} INFO - [2026-03-22T04:36:00.297+0000] {dag.py:3954} INFO - Setting next_dagrun for example_branch_datetime_operator_3 to 2026-03-21 00:00:00+00:00, run_after=2026-03-22 00:00:00+00:00
[2026-03-22T04:36:01.769+0000] {processor.py:183} INFO - Processing /home/airflow/.local/lib/python3.12/site-packages/airflow/example_dags/example_branch_datetime_operator.py took 7.707 seconds
[2026-03-22T04:39:36.666+0000] {processor.py:161} INFO - Started process (PID=1995) to work on /home/airflow/.local/lib/python3.12/site-packages/airflow/example_dags/example_branch_datetime_operator.py
[2026-03-22T04:39:36.697+0000] {processor.py:830} INFO - Processing file /home/airflow/.local/lib/python3.12/site-packages/airflow/example_dags/example_branch_datetime_operator.py for tasks to queue
[2026-03-22T04:39:36.730+0000] {logging_mixin.py:188} INFO - [2026-03-22T04:39:36.716+0000] {dagbag.py:545} INFO - Filling up the DagBag from /home/airflow/.local/lib/python3.12/site-packages/airflow/example_dags/example_branch_datetime_operator.py
[2026-03-22T04:39:36.874+0000] {processor.py:840} INFO - DAG(s) 'example_branch_datetime_operator_3', 'example_branch_datetime_operator', 'example_branch_datetime_operator_2' retrieved from /home/airflow/.local/lib/python3.12/site-packages/airflow/example_dags/example_branch_datetime_operator.py
[2026-03-22T04:39:37.413+0000] {logging_mixin.py:188} INFO - [2026-03-22T04:39:37.401+0000] {dag.py:3096} INFO - Sync 3 DAGs
[2026-03-22T04:39:37.838+0000] {logging_mixin.py:188} INFO - [2026-03-22T04:39:37.836+0000] {dag.py:3954} INFO - Setting next_dagrun for example_branch_datetime_operator to 2026-03-21 00:00:00+00:00, run_after=2026-03-22 00:00:00+00:00
[2026-03-22T04:39:37.857+0000] {logging_mixin.py:188} INFO - [2026-03-22T04:39:37.857+0000] {dag.py:3954} INFO - Setting next_dagrun for example_branch_datetime_operator_2 to 2026-03-21 00:00:00+00:00, run_after=2026-03-22 00:00:00+00:00
[2026-03-22T04:39:37.863+0000] {logging_mixin.py:188} INFO - [2026-03-22T04:39:37.863+0000] {dag.py:3954} INFO - Setting next_dagrun for example_branch_datetime_operator_3 to 2026-03-21 00:00:00+00:00, run_after=2026-03-22 00:00:00+00:00
[2026-03-22T04:39:37.995+0000] {processor.py:183} INFO - Processing /home/airflow/.local/lib/python3.12/site-packages/airflow/example_dags/example_branch_datetime_operator.py took 1.414 seconds
[2026-03-22T04:40:47.225+0000] {processor.py:161} INFO - Started process (PID=2065) to work on /home/airflow/.local/lib/python3.12/site-packages/airflow/example_dags/example_branch_datetime_operator.py
[2026-03-22T04:40:47.229+0000] {processor.py:830} INFO - Processing file /home/airflow/.local/lib/python3.12/site-packages/airflow/example_dags/example_branch_datetime_operator.py for tasks to queue
[2026-03-22T04:40:47.234+0000] {logging_mixin.py:188} INFO - [2026-03-22T04:40:47.233+0000] {dagbag.py:545} INFO - Filling up the DagBag from /home/airflow/.local/lib/python3.12/site-packages/airflow/example_dags/example_branch_datetime_operator.py
[2026-03-22T04:40:47.282+0000] {processor.py:840} INFO - DAG(s) 'example_branch_datetime_operator', 'example_branch_datetime_operator_2', 'example_branch_datetime_operator_3' retrieved from /home/airflow/.local/lib/python3.12/site-packages/airflow/example_dags/example_branch_datetime_operator.py
[2026-03-22T04:40:47.451+0000] {logging_mixin.py:188} INFO - [2026-03-22T04:40:47.450+0000] {dag.py:3096} INFO - Sync 3 DAGs
[2026-03-22T04:40:47.604+0000] {logging_mixin.py:188} INFO - [2026-03-22T04:40:47.603+0000] {dag.py:3954} INFO - Setting next_dagrun for example_branch_datetime_operator to 2026-03-21 00:00:00+00:00, run_after=2026-03-22 00:00:00+00:00
[2026-03-22T04:40:47.656+0000] {logging_mixin.py:188} INFO - [2026-03-22T04:40:47.656+0000] {dag.py:3954} INFO - Setting next_dagrun for example_branch_datetime_operator_2 to 2026-03-21 00:00:00+00:00, run_after=2026-03-22 00:00:00+00:00
[2026-03-22T04:40:47.671+0000] {logging_mixin.py:188} INFO - [2026-03-22T04:40:47.669+0000] {dag.py:3954} INFO - Setting next_dagrun for example_branch_datetime_operator_3 to 2026-03-21 00:00:00+00:00, run_after=2026-03-22 00:00:00+00:00
[2026-03-22T04:40:47.821+0000] {processor.py:183} INFO - Processing /home/airflow/.local/lib/python3.12/site-packages/airflow/example_dags/example_branch_datetime_operator.py took 0.638 seconds
[2026-03-22T04:41:37.372+0000] {processor.py:161} INFO - Started process (PID=2125) to work on /home/airflow/.local/lib/python3.12/site-packages/airflow/example_dags/example_branch_datetime_operator.py
[2026-03-22T04:41:37.388+0000] {processor.py:830} INFO - Processing file /home/airflow/.local/lib/python3.12/site-packages/airflow/example_dags/example_branch_datetime_operator.py for tasks to queue
[2026-03-22T04:41:37.426+0000] {logging_mixin.py:188} INFO - [2026-03-22T04:41:37.422+0000] {dagbag.py:545} INFO - Filling up the DagBag from /home/airflow/.local/lib/python3.12/site-packages/airflow/example_dags/example_branch_datetime_operator.py
[2026-03-22T04:41:37.498+0000] {processor.py:840} INFO - DAG(s) 'example_branch_datetime_operator_3', 'example_branch_datetime_operator', 'example_branch_datetime_operator_2' retrieved from /home/airflow/.local/lib/python3.12/site-packages/airflow/example_dags/example_branch_datetime_operator.py
[2026-03-22T04:41:37.702+0000] {logging_mixin.py:188} INFO - [2026-03-22T04:41:37.700+0000] {dag.py:3096} INFO - Sync 3 DAGs
[2026-03-22T04:41:37.786+0000] {logging_mixin.py:188} INFO - [2026-03-22T04:41:37.782+0000] {dag.py:3954} INFO - Setting next_dagrun for example_branch_datetime_operator to 2026-03-21 00:00:00+00:00, run_after=2026-03-22 00:00:00+00:00
[2026-03-22T04:41:37.799+0000] {logging_mixin.py:188} INFO - [2026-03-22T04:41:37.799+0000] {dag.py:3954} INFO - Setting next_dagrun for example_branch_datetime_operator_2 to 2026-03-21 00:00:00+00:00, run_after=2026-03-22 00:00:00+00:00
[2026-03-22T04:41:37.806+0000] {logging_mixin.py:188} INFO - [2026-03-22T04:41:37.806+0000] {dag.py:3954} INFO - Setting next_dagrun for example_branch_datetime_operator_3 to 2026-03-21 00:00:00+00:00, run_after=2026-03-22 00:00:00+00:00
[2026-03-22T04:41:37.854+0000] {processor.py:183} INFO - Processing /home/airflow/.local/lib/python3.12/site-packages/airflow/example_dags/example_branch_datetime_operator.py took 0.580 seconds
[2026-03-22T04:42:37.014+0000] {processor.py:161} INFO - Started process (PID=2199) to work on /home/airflow/.local/lib/python3.12/site-packages/airflow/example_dags/example_branch_datetime_operator.py
[2026-03-22T04:42:37.015+0000] {processor.py:830} INFO - Processing file /home/airflow/.local/lib/python3.12/site-packages/airflow/example_dags/example_branch_datetime_operator.py for tasks to queue
[2026-03-22T04:42:37.016+0000] {logging_mixin.py:188} INFO - [2026-03-22T04:42:37.016+0000] {dagbag.py:545} INFO - Filling up the DagBag from /home/airflow/.local/lib/python3.12/site-packages/airflow/example_dags/example_branch_datetime_operator.py
[2026-03-22T04:42:37.021+0000] {processor.py:840} INFO - DAG(s) 'example_branch_datetime_operator_3', 'example_branch_datetime_operator_2', 'example_branch_datetime_operator' retrieved from /home/airflow/.local/lib/python3.12/site-packages/airflow/example_dags/example_branch_datetime_operator.py
[2026-03-22T04:42:37.047+0000] {logging_mixin.py:188} INFO - [2026-03-22T04:42:37.047+0000] {dag.py:3096} INFO - Sync 3 DAGs
[2026-03-22T04:42:37.066+0000] {logging_mixin.py:188} INFO - [2026-03-22T04:42:37.065+0000] {dag.py:3954} INFO - Setting next_dagrun for example_branch_datetime_operator to 2026-03-21 00:00:00+00:00, run_after=2026-03-22 00:00:00+00:00
[2026-03-22T04:42:37.070+0000] {logging_mixin.py:188} INFO - [2026-03-22T04:42:37.070+0000] {dag.py:3954} INFO - Setting next_dagrun for example_branch_datetime_operator_2 to 2026-03-21 00:00:00+00:00, run_after=2026-03-22 00:00:00+00:00
[2026-03-22T04:42:37.072+0000] {logging_mixin.py:188} INFO - [2026-03-22T04:42:37.072+0000] {dag.py:3954} INFO - Setting next_dagrun for example_branch_datetime_operator_3 to 2026-03-21 00:00:00+00:00, run_after=2026-03-22 00:00:00+00:00
[2026-03-22T04:42:37.089+0000] {processor.py:183} INFO - Processing /home/airflow/.local/lib/python3.12/site-packages/airflow/example_dags/example_branch_datetime_operator.py took 0.081 seconds
