[2026-03-22T04:09:15.198+0000] {processor.py:161} INFO - Started process (PID=56) to work on /home/airflow/.local/lib/python3.12/site-packages/airflow/example_dags/tutorial_dag.py
[2026-03-22T04:09:15.202+0000] {processor.py:830} INFO - Processing file /home/airflow/.local/lib/python3.12/site-packages/airflow/example_dags/tutorial_dag.py for tasks to queue
[2026-03-22T04:09:15.206+0000] {logging_mixin.py:188} INFO - [2026-03-22T04:09:15.206+0000] {dagbag.py:545} INFO - Filling up the DagBag from /home/airflow/.local/lib/python3.12/site-packages/airflow/example_dags/tutorial_dag.py
[2026-03-22T04:09:15.275+0000] {processor.py:840} INFO - DAG(s) 'tutorial_dag' retrieved from /home/airflow/.local/lib/python3.12/site-packages/airflow/example_dags/tutorial_dag.py
[2026-03-22T04:09:15.372+0000] {logging_mixin.py:188} INFO - [2026-03-22T04:09:15.372+0000] {dag.py:3096} INFO - Sync 1 DAGs
[2026-03-22T04:09:15.416+0000] {logging_mixin.py:188} INFO - [2026-03-22T04:09:15.415+0000] {dag.py:3954} INFO - Setting next_dagrun for tutorial_dag to None, run_after=None
[2026-03-22T04:09:15.471+0000] {processor.py:183} INFO - Processing /home/airflow/.local/lib/python3.12/site-packages/airflow/example_dags/tutorial_dag.py took 0.291 seconds
[2026-03-22T04:09:45.642+0000] {processor.py:161} INFO - Started process (PID=113) to work on /home/airflow/.local/lib/python3.12/site-packages/airflow/example_dags/tutorial_dag.py
[2026-03-22T04:09:45.644+0000] {processor.py:830} INFO - Processing file /home/airflow/.local/lib/python3.12/site-packages/airflow/example_dags/tutorial_dag.py for tasks to queue
[2026-03-22T04:09:45.652+0000] {logging_mixin.py:188} INFO - [2026-03-22T04:09:45.651+0000] {dagbag.py:545} INFO - Filling up the DagBag from /home/airflow/.local/lib/python3.12/site-packages/airflow/example_dags/tutorial_dag.py
[2026-03-22T04:09:45.674+0000] {processor.py:840} INFO - DAG(s) 'tutorial_dag' retrieved from /home/airflow/.local/lib/python3.12/site-packages/airflow/example_dags/tutorial_dag.py
[2026-03-22T04:09:45.809+0000] {logging_mixin.py:188} INFO - [2026-03-22T04:09:45.809+0000] {dag.py:3096} INFO - Sync 1 DAGs
[2026-03-22T04:09:45.820+0000] {logging_mixin.py:188} INFO - [2026-03-22T04:09:45.819+0000] {dag.py:3954} INFO - Setting next_dagrun for tutorial_dag to None, run_after=None
[2026-03-22T04:09:45.832+0000] {processor.py:183} INFO - Processing /home/airflow/.local/lib/python3.12/site-packages/airflow/example_dags/tutorial_dag.py took 0.205 seconds
[2026-03-22T04:10:16.118+0000] {processor.py:161} INFO - Started process (PID=171) to work on /home/airflow/.local/lib/python3.12/site-packages/airflow/example_dags/tutorial_dag.py
[2026-03-22T04:10:16.120+0000] {processor.py:830} INFO - Processing file /home/airflow/.local/lib/python3.12/site-packages/airflow/example_dags/tutorial_dag.py for tasks to queue
[2026-03-22T04:10:16.122+0000] {logging_mixin.py:188} INFO - [2026-03-22T04:10:16.122+0000] {dagbag.py:545} INFO - Filling up the DagBag from /home/airflow/.local/lib/python3.12/site-packages/airflow/example_dags/tutorial_dag.py
[2026-03-22T04:10:16.135+0000] {processor.py:840} INFO - DAG(s) 'tutorial_dag' retrieved from /home/airflow/.local/lib/python3.12/site-packages/airflow/example_dags/tutorial_dag.py
[2026-03-22T04:10:16.205+0000] {logging_mixin.py:188} INFO - [2026-03-22T04:10:16.204+0000] {dag.py:3096} INFO - Sync 1 DAGs
[2026-03-22T04:10:16.220+0000] {logging_mixin.py:188} INFO - [2026-03-22T04:10:16.220+0000] {dag.py:3954} INFO - Setting next_dagrun for tutorial_dag to None, run_after=None
[2026-03-22T04:10:16.255+0000] {processor.py:183} INFO - Processing /home/airflow/.local/lib/python3.12/site-packages/airflow/example_dags/tutorial_dag.py took 0.150 seconds
[2026-03-22T04:10:46.501+0000] {processor.py:161} INFO - Started process (PID=229) to work on /home/airflow/.local/lib/python3.12/site-packages/airflow/example_dags/tutorial_dag.py
[2026-03-22T04:10:46.506+0000] {processor.py:830} INFO - Processing file /home/airflow/.local/lib/python3.12/site-packages/airflow/example_dags/tutorial_dag.py for tasks to queue
[2026-03-22T04:10:46.515+0000] {logging_mixin.py:188} INFO - [2026-03-22T04:10:46.515+0000] {dagbag.py:545} INFO - Filling up the DagBag from /home/airflow/.local/lib/python3.12/site-packages/airflow/example_dags/tutorial_dag.py
[2026-03-22T04:10:46.542+0000] {processor.py:840} INFO - DAG(s) 'tutorial_dag' retrieved from /home/airflow/.local/lib/python3.12/site-packages/airflow/example_dags/tutorial_dag.py
[2026-03-22T04:10:46.601+0000] {logging_mixin.py:188} INFO - [2026-03-22T04:10:46.600+0000] {dag.py:3096} INFO - Sync 1 DAGs
[2026-03-22T04:10:46.636+0000] {logging_mixin.py:188} INFO - [2026-03-22T04:10:46.635+0000] {dag.py:3954} INFO - Setting next_dagrun for tutorial_dag to None, run_after=None
[2026-03-22T04:10:46.689+0000] {processor.py:183} INFO - Processing /home/airflow/.local/lib/python3.12/site-packages/airflow/example_dags/tutorial_dag.py took 0.208 seconds
[2026-03-22T04:11:17.060+0000] {processor.py:161} INFO - Started process (PID=287) to work on /home/airflow/.local/lib/python3.12/site-packages/airflow/example_dags/tutorial_dag.py
[2026-03-22T04:11:17.064+0000] {processor.py:830} INFO - Processing file /home/airflow/.local/lib/python3.12/site-packages/airflow/example_dags/tutorial_dag.py for tasks to queue
[2026-03-22T04:11:17.073+0000] {logging_mixin.py:188} INFO - [2026-03-22T04:11:17.071+0000] {dagbag.py:545} INFO - Filling up the DagBag from /home/airflow/.local/lib/python3.12/site-packages/airflow/example_dags/tutorial_dag.py
[2026-03-22T04:11:17.107+0000] {processor.py:840} INFO - DAG(s) 'tutorial_dag' retrieved from /home/airflow/.local/lib/python3.12/site-packages/airflow/example_dags/tutorial_dag.py
[2026-03-22T04:11:17.167+0000] {logging_mixin.py:188} INFO - [2026-03-22T04:11:17.167+0000] {dag.py:3096} INFO - Sync 1 DAGs
[2026-03-22T04:11:17.192+0000] {logging_mixin.py:188} INFO - [2026-03-22T04:11:17.192+0000] {dag.py:3954} INFO - Setting next_dagrun for tutorial_dag to None, run_after=None
[2026-03-22T04:11:17.218+0000] {processor.py:183} INFO - Processing /home/airflow/.local/lib/python3.12/site-packages/airflow/example_dags/tutorial_dag.py took 0.179 seconds
[2026-03-22T04:11:47.622+0000] {processor.py:161} INFO - Started process (PID=345) to work on /home/airflow/.local/lib/python3.12/site-packages/airflow/example_dags/tutorial_dag.py
[2026-03-22T04:11:47.624+0000] {processor.py:830} INFO - Processing file /home/airflow/.local/lib/python3.12/site-packages/airflow/example_dags/tutorial_dag.py for tasks to queue
[2026-03-22T04:11:47.632+0000] {logging_mixin.py:188} INFO - [2026-03-22T04:11:47.630+0000] {dagbag.py:545} INFO - Filling up the DagBag from /home/airflow/.local/lib/python3.12/site-packages/airflow/example_dags/tutorial_dag.py
[2026-03-22T04:11:47.696+0000] {processor.py:840} INFO - DAG(s) 'tutorial_dag' retrieved from /home/airflow/.local/lib/python3.12/site-packages/airflow/example_dags/tutorial_dag.py
[2026-03-22T04:11:47.763+0000] {logging_mixin.py:188} INFO - [2026-03-22T04:11:47.763+0000] {dag.py:3096} INFO - Sync 1 DAGs
[2026-03-22T04:11:47.788+0000] {logging_mixin.py:188} INFO - [2026-03-22T04:11:47.788+0000] {dag.py:3954} INFO - Setting next_dagrun for tutorial_dag to None, run_after=None
[2026-03-22T04:11:47.812+0000] {processor.py:183} INFO - Processing /home/airflow/.local/lib/python3.12/site-packages/airflow/example_dags/tutorial_dag.py took 0.217 seconds
[2026-03-22T04:12:18.474+0000] {processor.py:161} INFO - Started process (PID=403) to work on /home/airflow/.local/lib/python3.12/site-packages/airflow/example_dags/tutorial_dag.py
[2026-03-22T04:12:18.476+0000] {processor.py:830} INFO - Processing file /home/airflow/.local/lib/python3.12/site-packages/airflow/example_dags/tutorial_dag.py for tasks to queue
[2026-03-22T04:12:18.480+0000] {logging_mixin.py:188} INFO - [2026-03-22T04:12:18.479+0000] {dagbag.py:545} INFO - Filling up the DagBag from /home/airflow/.local/lib/python3.12/site-packages/airflow/example_dags/tutorial_dag.py
[2026-03-22T04:12:18.504+0000] {processor.py:840} INFO - DAG(s) 'tutorial_dag' retrieved from /home/airflow/.local/lib/python3.12/site-packages/airflow/example_dags/tutorial_dag.py
[2026-03-22T04:12:18.574+0000] {logging_mixin.py:188} INFO - [2026-03-22T04:12:18.574+0000] {dag.py:3096} INFO - Sync 1 DAGs
[2026-03-22T04:12:18.590+0000] {logging_mixin.py:188} INFO - [2026-03-22T04:12:18.590+0000] {dag.py:3954} INFO - Setting next_dagrun for tutorial_dag to None, run_after=None
[2026-03-22T04:12:18.605+0000] {processor.py:183} INFO - Processing /home/airflow/.local/lib/python3.12/site-packages/airflow/example_dags/tutorial_dag.py took 0.148 seconds
[2026-03-22T04:12:49.607+0000] {processor.py:161} INFO - Started process (PID=461) to work on /home/airflow/.local/lib/python3.12/site-packages/airflow/example_dags/tutorial_dag.py
[2026-03-22T04:12:49.609+0000] {processor.py:830} INFO - Processing file /home/airflow/.local/lib/python3.12/site-packages/airflow/example_dags/tutorial_dag.py for tasks to queue
[2026-03-22T04:12:49.618+0000] {logging_mixin.py:188} INFO - [2026-03-22T04:12:49.616+0000] {dagbag.py:545} INFO - Filling up the DagBag from /home/airflow/.local/lib/python3.12/site-packages/airflow/example_dags/tutorial_dag.py
[2026-03-22T04:12:49.640+0000] {processor.py:840} INFO - DAG(s) 'tutorial_dag' retrieved from /home/airflow/.local/lib/python3.12/site-packages/airflow/example_dags/tutorial_dag.py
[2026-03-22T04:12:49.720+0000] {logging_mixin.py:188} INFO - [2026-03-22T04:12:49.719+0000] {dag.py:3096} INFO - Sync 1 DAGs
[2026-03-22T04:12:49.738+0000] {logging_mixin.py:188} INFO - [2026-03-22T04:12:49.737+0000] {dag.py:3954} INFO - Setting next_dagrun for tutorial_dag to None, run_after=None
[2026-03-22T04:12:49.753+0000] {processor.py:183} INFO - Processing /home/airflow/.local/lib/python3.12/site-packages/airflow/example_dags/tutorial_dag.py took 0.168 seconds
[2026-03-22T04:13:20.129+0000] {processor.py:161} INFO - Started process (PID=519) to work on /home/airflow/.local/lib/python3.12/site-packages/airflow/example_dags/tutorial_dag.py
[2026-03-22T04:13:20.130+0000] {processor.py:830} INFO - Processing file /home/airflow/.local/lib/python3.12/site-packages/airflow/example_dags/tutorial_dag.py for tasks to queue
[2026-03-22T04:13:20.132+0000] {logging_mixin.py:188} INFO - [2026-03-22T04:13:20.132+0000] {dagbag.py:545} INFO - Filling up the DagBag from /home/airflow/.local/lib/python3.12/site-packages/airflow/example_dags/tutorial_dag.py
[2026-03-22T04:13:20.156+0000] {processor.py:840} INFO - DAG(s) 'tutorial_dag' retrieved from /home/airflow/.local/lib/python3.12/site-packages/airflow/example_dags/tutorial_dag.py
[2026-03-22T04:13:20.225+0000] {logging_mixin.py:188} INFO - [2026-03-22T04:13:20.225+0000] {dag.py:3096} INFO - Sync 1 DAGs
[2026-03-22T04:13:20.267+0000] {logging_mixin.py:188} INFO - [2026-03-22T04:13:20.267+0000] {dag.py:3954} INFO - Setting next_dagrun for tutorial_dag to None, run_after=None
[2026-03-22T04:13:20.295+0000] {processor.py:183} INFO - Processing /home/airflow/.local/lib/python3.12/site-packages/airflow/example_dags/tutorial_dag.py took 0.171 seconds
[2026-03-22T04:13:50.525+0000] {processor.py:161} INFO - Started process (PID=577) to work on /home/airflow/.local/lib/python3.12/site-packages/airflow/example_dags/tutorial_dag.py
[2026-03-22T04:13:50.526+0000] {processor.py:830} INFO - Processing file /home/airflow/.local/lib/python3.12/site-packages/airflow/example_dags/tutorial_dag.py for tasks to queue
[2026-03-22T04:13:50.530+0000] {logging_mixin.py:188} INFO - [2026-03-22T04:13:50.529+0000] {dagbag.py:545} INFO - Filling up the DagBag from /home/airflow/.local/lib/python3.12/site-packages/airflow/example_dags/tutorial_dag.py
[2026-03-22T04:13:50.541+0000] {processor.py:840} INFO - DAG(s) 'tutorial_dag' retrieved from /home/airflow/.local/lib/python3.12/site-packages/airflow/example_dags/tutorial_dag.py
[2026-03-22T04:13:50.588+0000] {logging_mixin.py:188} INFO - [2026-03-22T04:13:50.588+0000] {dag.py:3096} INFO - Sync 1 DAGs
[2026-03-22T04:13:50.607+0000] {logging_mixin.py:188} INFO - [2026-03-22T04:13:50.607+0000] {dag.py:3954} INFO - Setting next_dagrun for tutorial_dag to None, run_after=None
[2026-03-22T04:13:50.620+0000] {processor.py:183} INFO - Processing /home/airflow/.local/lib/python3.12/site-packages/airflow/example_dags/tutorial_dag.py took 0.106 seconds
[2026-03-22T04:14:21.487+0000] {processor.py:161} INFO - Started process (PID=635) to work on /home/airflow/.local/lib/python3.12/site-packages/airflow/example_dags/tutorial_dag.py
[2026-03-22T04:14:21.489+0000] {processor.py:830} INFO - Processing file /home/airflow/.local/lib/python3.12/site-packages/airflow/example_dags/tutorial_dag.py for tasks to queue
[2026-03-22T04:14:21.499+0000] {logging_mixin.py:188} INFO - [2026-03-22T04:14:21.496+0000] {dagbag.py:545} INFO - Filling up the DagBag from /home/airflow/.local/lib/python3.12/site-packages/airflow/example_dags/tutorial_dag.py
[2026-03-22T04:14:21.520+0000] {processor.py:840} INFO - DAG(s) 'tutorial_dag' retrieved from /home/airflow/.local/lib/python3.12/site-packages/airflow/example_dags/tutorial_dag.py
[2026-03-22T04:14:21.565+0000] {logging_mixin.py:188} INFO - [2026-03-22T04:14:21.564+0000] {dag.py:3096} INFO - Sync 1 DAGs
[2026-03-22T04:14:21.596+0000] {logging_mixin.py:188} INFO - [2026-03-22T04:14:21.595+0000] {dag.py:3954} INFO - Setting next_dagrun for tutorial_dag to None, run_after=None
[2026-03-22T04:14:21.615+0000] {processor.py:183} INFO - Processing /home/airflow/.local/lib/python3.12/site-packages/airflow/example_dags/tutorial_dag.py took 0.139 seconds
[2026-03-22T04:14:52.155+0000] {processor.py:161} INFO - Started process (PID=692) to work on /home/airflow/.local/lib/python3.12/site-packages/airflow/example_dags/tutorial_dag.py
[2026-03-22T04:14:52.157+0000] {processor.py:830} INFO - Processing file /home/airflow/.local/lib/python3.12/site-packages/airflow/example_dags/tutorial_dag.py for tasks to queue
[2026-03-22T04:14:52.162+0000] {logging_mixin.py:188} INFO - [2026-03-22T04:14:52.162+0000] {dagbag.py:545} INFO - Filling up the DagBag from /home/airflow/.local/lib/python3.12/site-packages/airflow/example_dags/tutorial_dag.py
[2026-03-22T04:14:52.173+0000] {processor.py:840} INFO - DAG(s) 'tutorial_dag' retrieved from /home/airflow/.local/lib/python3.12/site-packages/airflow/example_dags/tutorial_dag.py
[2026-03-22T04:14:52.233+0000] {logging_mixin.py:188} INFO - [2026-03-22T04:14:52.233+0000] {dag.py:3096} INFO - Sync 1 DAGs
[2026-03-22T04:14:52.251+0000] {logging_mixin.py:188} INFO - [2026-03-22T04:14:52.251+0000] {dag.py:3954} INFO - Setting next_dagrun for tutorial_dag to None, run_after=None
[2026-03-22T04:14:52.284+0000] {processor.py:183} INFO - Processing /home/airflow/.local/lib/python3.12/site-packages/airflow/example_dags/tutorial_dag.py took 0.137 seconds
[2026-03-22T04:15:22.487+0000] {processor.py:161} INFO - Started process (PID=751) to work on /home/airflow/.local/lib/python3.12/site-packages/airflow/example_dags/tutorial_dag.py
[2026-03-22T04:15:22.491+0000] {processor.py:830} INFO - Processing file /home/airflow/.local/lib/python3.12/site-packages/airflow/example_dags/tutorial_dag.py for tasks to queue
[2026-03-22T04:15:22.510+0000] {logging_mixin.py:188} INFO - [2026-03-22T04:15:22.501+0000] {dagbag.py:545} INFO - Filling up the DagBag from /home/airflow/.local/lib/python3.12/site-packages/airflow/example_dags/tutorial_dag.py
[2026-03-22T04:15:22.545+0000] {processor.py:840} INFO - DAG(s) 'tutorial_dag' retrieved from /home/airflow/.local/lib/python3.12/site-packages/airflow/example_dags/tutorial_dag.py
[2026-03-22T04:15:22.662+0000] {logging_mixin.py:188} INFO - [2026-03-22T04:15:22.662+0000] {dag.py:3096} INFO - Sync 1 DAGs
[2026-03-22T04:15:22.682+0000] {logging_mixin.py:188} INFO - [2026-03-22T04:15:22.681+0000] {dag.py:3954} INFO - Setting next_dagrun for tutorial_dag to None, run_after=None
[2026-03-22T04:15:22.704+0000] {processor.py:183} INFO - Processing /home/airflow/.local/lib/python3.12/site-packages/airflow/example_dags/tutorial_dag.py took 0.235 seconds
[2026-03-22T04:15:53.237+0000] {processor.py:161} INFO - Started process (PID=809) to work on /home/airflow/.local/lib/python3.12/site-packages/airflow/example_dags/tutorial_dag.py
[2026-03-22T04:15:53.238+0000] {processor.py:830} INFO - Processing file /home/airflow/.local/lib/python3.12/site-packages/airflow/example_dags/tutorial_dag.py for tasks to queue
[2026-03-22T04:15:53.241+0000] {logging_mixin.py:188} INFO - [2026-03-22T04:15:53.241+0000] {dagbag.py:545} INFO - Filling up the DagBag from /home/airflow/.local/lib/python3.12/site-packages/airflow/example_dags/tutorial_dag.py
[2026-03-22T04:15:53.256+0000] {processor.py:840} INFO - DAG(s) 'tutorial_dag' retrieved from /home/airflow/.local/lib/python3.12/site-packages/airflow/example_dags/tutorial_dag.py
[2026-03-22T04:15:53.295+0000] {logging_mixin.py:188} INFO - [2026-03-22T04:15:53.295+0000] {dag.py:3096} INFO - Sync 1 DAGs
[2026-03-22T04:15:53.308+0000] {logging_mixin.py:188} INFO - [2026-03-22T04:15:53.308+0000] {dag.py:3954} INFO - Setting next_dagrun for tutorial_dag to None, run_after=None
[2026-03-22T04:15:53.325+0000] {processor.py:183} INFO - Processing /home/airflow/.local/lib/python3.12/site-packages/airflow/example_dags/tutorial_dag.py took 0.096 seconds
[2026-03-22T04:16:40.565+0000] {processor.py:161} INFO - Started process (PID=873) to work on /home/airflow/.local/lib/python3.12/site-packages/airflow/example_dags/tutorial_dag.py
[2026-03-22T04:16:40.601+0000] {processor.py:830} INFO - Processing file /home/airflow/.local/lib/python3.12/site-packages/airflow/example_dags/tutorial_dag.py for tasks to queue
[2026-03-22T04:16:40.634+0000] {logging_mixin.py:188} INFO - [2026-03-22T04:16:40.624+0000] {dagbag.py:545} INFO - Filling up the DagBag from /home/airflow/.local/lib/python3.12/site-packages/airflow/example_dags/tutorial_dag.py
[2026-03-22T04:16:41.089+0000] {processor.py:840} INFO - DAG(s) 'tutorial_dag' retrieved from /home/airflow/.local/lib/python3.12/site-packages/airflow/example_dags/tutorial_dag.py
[2026-03-22T04:16:42.229+0000] {logging_mixin.py:188} INFO - [2026-03-22T04:16:42.223+0000] {dag.py:3096} INFO - Sync 1 DAGs
[2026-03-22T04:16:42.619+0000] {logging_mixin.py:188} INFO - [2026-03-22T04:16:42.610+0000] {dag.py:3954} INFO - Setting next_dagrun for tutorial_dag to None, run_after=None
[2026-03-22T04:16:43.012+0000] {processor.py:183} INFO - Processing /home/airflow/.local/lib/python3.12/site-packages/airflow/example_dags/tutorial_dag.py took 2.547 seconds
[2026-03-22T04:17:35.542+0000] {processor.py:161} INFO - Started process (PID=930) to work on /home/airflow/.local/lib/python3.12/site-packages/airflow/example_dags/tutorial_dag.py
[2026-03-22T04:17:35.545+0000] {processor.py:830} INFO - Processing file /home/airflow/.local/lib/python3.12/site-packages/airflow/example_dags/tutorial_dag.py for tasks to queue
[2026-03-22T04:17:35.551+0000] {logging_mixin.py:188} INFO - [2026-03-22T04:17:35.550+0000] {dagbag.py:545} INFO - Filling up the DagBag from /home/airflow/.local/lib/python3.12/site-packages/airflow/example_dags/tutorial_dag.py
[2026-03-22T04:17:35.561+0000] {processor.py:840} INFO - DAG(s) 'tutorial_dag' retrieved from /home/airflow/.local/lib/python3.12/site-packages/airflow/example_dags/tutorial_dag.py
[2026-03-22T04:17:35.617+0000] {logging_mixin.py:188} INFO - [2026-03-22T04:17:35.616+0000] {dag.py:3096} INFO - Sync 1 DAGs
[2026-03-22T04:17:35.641+0000] {logging_mixin.py:188} INFO - [2026-03-22T04:17:35.640+0000] {dag.py:3954} INFO - Setting next_dagrun for tutorial_dag to None, run_after=None
[2026-03-22T04:17:35.700+0000] {processor.py:183} INFO - Processing /home/airflow/.local/lib/python3.12/site-packages/airflow/example_dags/tutorial_dag.py took 0.171 seconds
[2026-03-22T04:18:06.265+0000] {processor.py:161} INFO - Started process (PID=980) to work on /home/airflow/.local/lib/python3.12/site-packages/airflow/example_dags/tutorial_dag.py
[2026-03-22T04:18:06.268+0000] {processor.py:830} INFO - Processing file /home/airflow/.local/lib/python3.12/site-packages/airflow/example_dags/tutorial_dag.py for tasks to queue
[2026-03-22T04:18:06.272+0000] {logging_mixin.py:188} INFO - [2026-03-22T04:18:06.271+0000] {dagbag.py:545} INFO - Filling up the DagBag from /home/airflow/.local/lib/python3.12/site-packages/airflow/example_dags/tutorial_dag.py
[2026-03-22T04:18:06.283+0000] {processor.py:840} INFO - DAG(s) 'tutorial_dag' retrieved from /home/airflow/.local/lib/python3.12/site-packages/airflow/example_dags/tutorial_dag.py
[2026-03-22T04:18:06.333+0000] {logging_mixin.py:188} INFO - [2026-03-22T04:18:06.332+0000] {dag.py:3096} INFO - Sync 1 DAGs
[2026-03-22T04:18:06.346+0000] {logging_mixin.py:188} INFO - [2026-03-22T04:18:06.346+0000] {dag.py:3954} INFO - Setting next_dagrun for tutorial_dag to None, run_after=None
[2026-03-22T04:18:06.365+0000] {processor.py:183} INFO - Processing /home/airflow/.local/lib/python3.12/site-packages/airflow/example_dags/tutorial_dag.py took 0.117 seconds
[2026-03-22T04:18:36.914+0000] {processor.py:161} INFO - Started process (PID=1037) to work on /home/airflow/.local/lib/python3.12/site-packages/airflow/example_dags/tutorial_dag.py
[2026-03-22T04:18:36.915+0000] {processor.py:830} INFO - Processing file /home/airflow/.local/lib/python3.12/site-packages/airflow/example_dags/tutorial_dag.py for tasks to queue
[2026-03-22T04:18:36.917+0000] {logging_mixin.py:188} INFO - [2026-03-22T04:18:36.917+0000] {dagbag.py:545} INFO - Filling up the DagBag from /home/airflow/.local/lib/python3.12/site-packages/airflow/example_dags/tutorial_dag.py
[2026-03-22T04:18:36.922+0000] {processor.py:840} INFO - DAG(s) 'tutorial_dag' retrieved from /home/airflow/.local/lib/python3.12/site-packages/airflow/example_dags/tutorial_dag.py
[2026-03-22T04:18:36.954+0000] {logging_mixin.py:188} INFO - [2026-03-22T04:18:36.953+0000] {dag.py:3096} INFO - Sync 1 DAGs
[2026-03-22T04:18:36.963+0000] {logging_mixin.py:188} INFO - [2026-03-22T04:18:36.963+0000] {dag.py:3954} INFO - Setting next_dagrun for tutorial_dag to None, run_after=None
[2026-03-22T04:18:36.974+0000] {processor.py:183} INFO - Processing /home/airflow/.local/lib/python3.12/site-packages/airflow/example_dags/tutorial_dag.py took 0.070 seconds
[2026-03-22T04:19:07.521+0000] {processor.py:161} INFO - Started process (PID=1095) to work on /home/airflow/.local/lib/python3.12/site-packages/airflow/example_dags/tutorial_dag.py
[2026-03-22T04:19:07.522+0000] {processor.py:830} INFO - Processing file /home/airflow/.local/lib/python3.12/site-packages/airflow/example_dags/tutorial_dag.py for tasks to queue
[2026-03-22T04:19:07.523+0000] {logging_mixin.py:188} INFO - [2026-03-22T04:19:07.523+0000] {dagbag.py:545} INFO - Filling up the DagBag from /home/airflow/.local/lib/python3.12/site-packages/airflow/example_dags/tutorial_dag.py
[2026-03-22T04:19:07.531+0000] {processor.py:840} INFO - DAG(s) 'tutorial_dag' retrieved from /home/airflow/.local/lib/python3.12/site-packages/airflow/example_dags/tutorial_dag.py
[2026-03-22T04:19:07.560+0000] {logging_mixin.py:188} INFO - [2026-03-22T04:19:07.560+0000] {dag.py:3096} INFO - Sync 1 DAGs
[2026-03-22T04:19:07.575+0000] {logging_mixin.py:188} INFO - [2026-03-22T04:19:07.575+0000] {dag.py:3954} INFO - Setting next_dagrun for tutorial_dag to None, run_after=None
[2026-03-22T04:19:07.594+0000] {processor.py:183} INFO - Processing /home/airflow/.local/lib/python3.12/site-packages/airflow/example_dags/tutorial_dag.py took 0.076 seconds
[2026-03-22T04:19:38.522+0000] {processor.py:161} INFO - Started process (PID=1153) to work on /home/airflow/.local/lib/python3.12/site-packages/airflow/example_dags/tutorial_dag.py
[2026-03-22T04:19:38.523+0000] {processor.py:830} INFO - Processing file /home/airflow/.local/lib/python3.12/site-packages/airflow/example_dags/tutorial_dag.py for tasks to queue
[2026-03-22T04:19:38.526+0000] {logging_mixin.py:188} INFO - [2026-03-22T04:19:38.526+0000] {dagbag.py:545} INFO - Filling up the DagBag from /home/airflow/.local/lib/python3.12/site-packages/airflow/example_dags/tutorial_dag.py
[2026-03-22T04:19:38.532+0000] {processor.py:840} INFO - DAG(s) 'tutorial_dag' retrieved from /home/airflow/.local/lib/python3.12/site-packages/airflow/example_dags/tutorial_dag.py
[2026-03-22T04:19:38.550+0000] {logging_mixin.py:188} INFO - [2026-03-22T04:19:38.550+0000] {dag.py:3096} INFO - Sync 1 DAGs
[2026-03-22T04:19:38.565+0000] {logging_mixin.py:188} INFO - [2026-03-22T04:19:38.565+0000] {dag.py:3954} INFO - Setting next_dagrun for tutorial_dag to None, run_after=None
[2026-03-22T04:19:38.590+0000] {processor.py:183} INFO - Processing /home/airflow/.local/lib/python3.12/site-packages/airflow/example_dags/tutorial_dag.py took 0.076 seconds
[2026-03-22T04:20:09.189+0000] {processor.py:161} INFO - Started process (PID=1211) to work on /home/airflow/.local/lib/python3.12/site-packages/airflow/example_dags/tutorial_dag.py
[2026-03-22T04:20:09.191+0000] {processor.py:830} INFO - Processing file /home/airflow/.local/lib/python3.12/site-packages/airflow/example_dags/tutorial_dag.py for tasks to queue
[2026-03-22T04:20:09.194+0000] {logging_mixin.py:188} INFO - [2026-03-22T04:20:09.193+0000] {dagbag.py:545} INFO - Filling up the DagBag from /home/airflow/.local/lib/python3.12/site-packages/airflow/example_dags/tutorial_dag.py
[2026-03-22T04:20:09.210+0000] {processor.py:840} INFO - DAG(s) 'tutorial_dag' retrieved from /home/airflow/.local/lib/python3.12/site-packages/airflow/example_dags/tutorial_dag.py
[2026-03-22T04:20:09.240+0000] {logging_mixin.py:188} INFO - [2026-03-22T04:20:09.239+0000] {dag.py:3096} INFO - Sync 1 DAGs
[2026-03-22T04:20:09.258+0000] {logging_mixin.py:188} INFO - [2026-03-22T04:20:09.257+0000] {dag.py:3954} INFO - Setting next_dagrun for tutorial_dag to None, run_after=None
[2026-03-22T04:20:09.278+0000] {processor.py:183} INFO - Processing /home/airflow/.local/lib/python3.12/site-packages/airflow/example_dags/tutorial_dag.py took 0.096 seconds
[2026-03-22T04:20:40.153+0000] {processor.py:161} INFO - Started process (PID=1269) to work on /home/airflow/.local/lib/python3.12/site-packages/airflow/example_dags/tutorial_dag.py
[2026-03-22T04:20:40.154+0000] {processor.py:830} INFO - Processing file /home/airflow/.local/lib/python3.12/site-packages/airflow/example_dags/tutorial_dag.py for tasks to queue
[2026-03-22T04:20:40.155+0000] {logging_mixin.py:188} INFO - [2026-03-22T04:20:40.155+0000] {dagbag.py:545} INFO - Filling up the DagBag from /home/airflow/.local/lib/python3.12/site-packages/airflow/example_dags/tutorial_dag.py
[2026-03-22T04:20:40.164+0000] {processor.py:840} INFO - DAG(s) 'tutorial_dag' retrieved from /home/airflow/.local/lib/python3.12/site-packages/airflow/example_dags/tutorial_dag.py
[2026-03-22T04:20:40.196+0000] {logging_mixin.py:188} INFO - [2026-03-22T04:20:40.196+0000] {dag.py:3096} INFO - Sync 1 DAGs
[2026-03-22T04:20:40.212+0000] {logging_mixin.py:188} INFO - [2026-03-22T04:20:40.212+0000] {dag.py:3954} INFO - Setting next_dagrun for tutorial_dag to None, run_after=None
[2026-03-22T04:20:40.226+0000] {processor.py:183} INFO - Processing /home/airflow/.local/lib/python3.12/site-packages/airflow/example_dags/tutorial_dag.py took 0.080 seconds
[2026-03-22T04:21:11.051+0000] {processor.py:161} INFO - Started process (PID=1326) to work on /home/airflow/.local/lib/python3.12/site-packages/airflow/example_dags/tutorial_dag.py
[2026-03-22T04:21:11.052+0000] {processor.py:830} INFO - Processing file /home/airflow/.local/lib/python3.12/site-packages/airflow/example_dags/tutorial_dag.py for tasks to queue
[2026-03-22T04:21:11.055+0000] {logging_mixin.py:188} INFO - [2026-03-22T04:21:11.054+0000] {dagbag.py:545} INFO - Filling up the DagBag from /home/airflow/.local/lib/python3.12/site-packages/airflow/example_dags/tutorial_dag.py
[2026-03-22T04:21:11.065+0000] {processor.py:840} INFO - DAG(s) 'tutorial_dag' retrieved from /home/airflow/.local/lib/python3.12/site-packages/airflow/example_dags/tutorial_dag.py
[2026-03-22T04:21:11.103+0000] {logging_mixin.py:188} INFO - [2026-03-22T04:21:11.103+0000] {dag.py:3096} INFO - Sync 1 DAGs
[2026-03-22T04:21:11.111+0000] {logging_mixin.py:188} INFO - [2026-03-22T04:21:11.111+0000] {dag.py:3954} INFO - Setting next_dagrun for tutorial_dag to None, run_after=None
[2026-03-22T04:21:11.125+0000] {processor.py:183} INFO - Processing /home/airflow/.local/lib/python3.12/site-packages/airflow/example_dags/tutorial_dag.py took 0.086 seconds
[2026-03-22T04:21:41.521+0000] {processor.py:161} INFO - Started process (PID=1384) to work on /home/airflow/.local/lib/python3.12/site-packages/airflow/example_dags/tutorial_dag.py
[2026-03-22T04:21:41.525+0000] {processor.py:830} INFO - Processing file /home/airflow/.local/lib/python3.12/site-packages/airflow/example_dags/tutorial_dag.py for tasks to queue
[2026-03-22T04:21:41.527+0000] {logging_mixin.py:188} INFO - [2026-03-22T04:21:41.527+0000] {dagbag.py:545} INFO - Filling up the DagBag from /home/airflow/.local/lib/python3.12/site-packages/airflow/example_dags/tutorial_dag.py
[2026-03-22T04:21:41.536+0000] {processor.py:840} INFO - DAG(s) 'tutorial_dag' retrieved from /home/airflow/.local/lib/python3.12/site-packages/airflow/example_dags/tutorial_dag.py
[2026-03-22T04:21:41.553+0000] {logging_mixin.py:188} INFO - [2026-03-22T04:21:41.553+0000] {dag.py:3096} INFO - Sync 1 DAGs
[2026-03-22T04:21:41.561+0000] {logging_mixin.py:188} INFO - [2026-03-22T04:21:41.560+0000] {dag.py:3954} INFO - Setting next_dagrun for tutorial_dag to None, run_after=None
[2026-03-22T04:21:41.574+0000] {processor.py:183} INFO - Processing /home/airflow/.local/lib/python3.12/site-packages/airflow/example_dags/tutorial_dag.py took 0.058 seconds
[2026-03-22T04:22:11.852+0000] {processor.py:161} INFO - Started process (PID=1443) to work on /home/airflow/.local/lib/python3.12/site-packages/airflow/example_dags/tutorial_dag.py
[2026-03-22T04:22:11.856+0000] {processor.py:830} INFO - Processing file /home/airflow/.local/lib/python3.12/site-packages/airflow/example_dags/tutorial_dag.py for tasks to queue
[2026-03-22T04:22:11.859+0000] {logging_mixin.py:188} INFO - [2026-03-22T04:22:11.858+0000] {dagbag.py:545} INFO - Filling up the DagBag from /home/airflow/.local/lib/python3.12/site-packages/airflow/example_dags/tutorial_dag.py
[2026-03-22T04:22:11.877+0000] {processor.py:840} INFO - DAG(s) 'tutorial_dag' retrieved from /home/airflow/.local/lib/python3.12/site-packages/airflow/example_dags/tutorial_dag.py
[2026-03-22T04:22:12.216+0000] {logging_mixin.py:188} INFO - [2026-03-22T04:22:12.201+0000] {dag.py:3096} INFO - Sync 1 DAGs
[2026-03-22T04:22:12.479+0000] {logging_mixin.py:188} INFO - [2026-03-22T04:22:12.473+0000] {dag.py:3954} INFO - Setting next_dagrun for tutorial_dag to None, run_after=None
[2026-03-22T04:22:14.146+0000] {processor.py:183} INFO - Processing /home/airflow/.local/lib/python3.12/site-packages/airflow/example_dags/tutorial_dag.py took 2.308 seconds
[2026-03-22T04:23:05.849+0000] {processor.py:161} INFO - Started process (PID=1475) to work on /home/airflow/.local/lib/python3.12/site-packages/airflow/example_dags/tutorial_dag.py
[2026-03-22T04:23:05.852+0000] {processor.py:830} INFO - Processing file /home/airflow/.local/lib/python3.12/site-packages/airflow/example_dags/tutorial_dag.py for tasks to queue
[2026-03-22T04:23:05.857+0000] {logging_mixin.py:188} INFO - [2026-03-22T04:23:05.856+0000] {dagbag.py:545} INFO - Filling up the DagBag from /home/airflow/.local/lib/python3.12/site-packages/airflow/example_dags/tutorial_dag.py
[2026-03-22T04:23:05.861+0000] {processor.py:840} INFO - DAG(s) 'tutorial_dag' retrieved from /home/airflow/.local/lib/python3.12/site-packages/airflow/example_dags/tutorial_dag.py
[2026-03-22T04:23:05.874+0000] {logging_mixin.py:188} INFO - [2026-03-22T04:23:05.873+0000] {dag.py:3096} INFO - Sync 1 DAGs
[2026-03-22T04:23:05.886+0000] {logging_mixin.py:188} INFO - [2026-03-22T04:23:05.886+0000] {dag.py:3954} INFO - Setting next_dagrun for tutorial_dag to None, run_after=None
[2026-03-22T04:23:05.897+0000] {processor.py:183} INFO - Processing /home/airflow/.local/lib/python3.12/site-packages/airflow/example_dags/tutorial_dag.py took 0.052 seconds
[2026-03-22T04:23:36.718+0000] {processor.py:161} INFO - Started process (PID=1525) to work on /home/airflow/.local/lib/python3.12/site-packages/airflow/example_dags/tutorial_dag.py
[2026-03-22T04:23:36.720+0000] {processor.py:830} INFO - Processing file /home/airflow/.local/lib/python3.12/site-packages/airflow/example_dags/tutorial_dag.py for tasks to queue
[2026-03-22T04:23:36.725+0000] {logging_mixin.py:188} INFO - [2026-03-22T04:23:36.723+0000] {dagbag.py:545} INFO - Filling up the DagBag from /home/airflow/.local/lib/python3.12/site-packages/airflow/example_dags/tutorial_dag.py
[2026-03-22T04:23:36.742+0000] {processor.py:840} INFO - DAG(s) 'tutorial_dag' retrieved from /home/airflow/.local/lib/python3.12/site-packages/airflow/example_dags/tutorial_dag.py
[2026-03-22T04:23:36.781+0000] {logging_mixin.py:188} INFO - [2026-03-22T04:23:36.781+0000] {dag.py:3096} INFO - Sync 1 DAGs
[2026-03-22T04:23:36.793+0000] {logging_mixin.py:188} INFO - [2026-03-22T04:23:36.793+0000] {dag.py:3954} INFO - Setting next_dagrun for tutorial_dag to None, run_after=None
[2026-03-22T04:23:36.816+0000] {processor.py:183} INFO - Processing /home/airflow/.local/lib/python3.12/site-packages/airflow/example_dags/tutorial_dag.py took 0.106 seconds
[2026-03-22T04:24:07.481+0000] {processor.py:161} INFO - Started process (PID=1583) to work on /home/airflow/.local/lib/python3.12/site-packages/airflow/example_dags/tutorial_dag.py
[2026-03-22T04:24:07.482+0000] {processor.py:830} INFO - Processing file /home/airflow/.local/lib/python3.12/site-packages/airflow/example_dags/tutorial_dag.py for tasks to queue
[2026-03-22T04:24:07.483+0000] {logging_mixin.py:188} INFO - [2026-03-22T04:24:07.483+0000] {dagbag.py:545} INFO - Filling up the DagBag from /home/airflow/.local/lib/python3.12/site-packages/airflow/example_dags/tutorial_dag.py
[2026-03-22T04:24:07.490+0000] {processor.py:840} INFO - DAG(s) 'tutorial_dag' retrieved from /home/airflow/.local/lib/python3.12/site-packages/airflow/example_dags/tutorial_dag.py
[2026-03-22T04:24:07.514+0000] {logging_mixin.py:188} INFO - [2026-03-22T04:24:07.514+0000] {dag.py:3096} INFO - Sync 1 DAGs
[2026-03-22T04:24:07.527+0000] {logging_mixin.py:188} INFO - [2026-03-22T04:24:07.526+0000] {dag.py:3954} INFO - Setting next_dagrun for tutorial_dag to None, run_after=None
[2026-03-22T04:24:07.554+0000] {processor.py:183} INFO - Processing /home/airflow/.local/lib/python3.12/site-packages/airflow/example_dags/tutorial_dag.py took 0.077 seconds
[2026-03-22T04:25:18.171+0000] {processor.py:161} INFO - Started process (PID=1637) to work on /home/airflow/.local/lib/python3.12/site-packages/airflow/example_dags/tutorial_dag.py
[2026-03-22T04:25:18.173+0000] {processor.py:830} INFO - Processing file /home/airflow/.local/lib/python3.12/site-packages/airflow/example_dags/tutorial_dag.py for tasks to queue
[2026-03-22T04:25:18.205+0000] {logging_mixin.py:188} INFO - [2026-03-22T04:25:18.192+0000] {dagbag.py:545} INFO - Filling up the DagBag from /home/airflow/.local/lib/python3.12/site-packages/airflow/example_dags/tutorial_dag.py
[2026-03-22T04:25:18.333+0000] {processor.py:840} INFO - DAG(s) 'tutorial_dag' retrieved from /home/airflow/.local/lib/python3.12/site-packages/airflow/example_dags/tutorial_dag.py
[2026-03-22T04:25:19.025+0000] {logging_mixin.py:188} INFO - [2026-03-22T04:25:19.022+0000] {dag.py:3096} INFO - Sync 1 DAGs
[2026-03-22T04:25:19.118+0000] {logging_mixin.py:188} INFO - [2026-03-22T04:25:19.116+0000] {dag.py:3954} INFO - Setting next_dagrun for tutorial_dag to None, run_after=None
[2026-03-22T04:25:19.378+0000] {processor.py:183} INFO - Processing /home/airflow/.local/lib/python3.12/site-packages/airflow/example_dags/tutorial_dag.py took 1.292 seconds
[2026-03-22T04:25:50.996+0000] {processor.py:161} INFO - Started process (PID=1695) to work on /home/airflow/.local/lib/python3.12/site-packages/airflow/example_dags/tutorial_dag.py
[2026-03-22T04:25:51.007+0000] {processor.py:830} INFO - Processing file /home/airflow/.local/lib/python3.12/site-packages/airflow/example_dags/tutorial_dag.py for tasks to queue
[2026-03-22T04:25:51.029+0000] {logging_mixin.py:188} INFO - [2026-03-22T04:25:51.023+0000] {dagbag.py:545} INFO - Filling up the DagBag from /home/airflow/.local/lib/python3.12/site-packages/airflow/example_dags/tutorial_dag.py
[2026-03-22T04:25:51.100+0000] {processor.py:840} INFO - DAG(s) 'tutorial_dag' retrieved from /home/airflow/.local/lib/python3.12/site-packages/airflow/example_dags/tutorial_dag.py
[2026-03-22T04:25:51.389+0000] {logging_mixin.py:188} INFO - [2026-03-22T04:25:51.388+0000] {dag.py:3096} INFO - Sync 1 DAGs
[2026-03-22T04:25:51.433+0000] {logging_mixin.py:188} INFO - [2026-03-22T04:25:51.432+0000] {dag.py:3954} INFO - Setting next_dagrun for tutorial_dag to None, run_after=None
[2026-03-22T04:25:51.639+0000] {processor.py:183} INFO - Processing /home/airflow/.local/lib/python3.12/site-packages/airflow/example_dags/tutorial_dag.py took 0.653 seconds
[2026-03-22T04:27:06.092+0000] {processor.py:161} INFO - Started process (PID=1738) to work on /home/airflow/.local/lib/python3.12/site-packages/airflow/example_dags/tutorial_dag.py
[2026-03-22T04:27:06.124+0000] {processor.py:830} INFO - Processing file /home/airflow/.local/lib/python3.12/site-packages/airflow/example_dags/tutorial_dag.py for tasks to queue
[2026-03-22T04:27:06.306+0000] {logging_mixin.py:188} INFO - [2026-03-22T04:27:06.274+0000] {dagbag.py:545} INFO - Filling up the DagBag from /home/airflow/.local/lib/python3.12/site-packages/airflow/example_dags/tutorial_dag.py
[2026-03-22T04:27:06.812+0000] {processor.py:840} INFO - DAG(s) 'tutorial_dag' retrieved from /home/airflow/.local/lib/python3.12/site-packages/airflow/example_dags/tutorial_dag.py
[2026-03-22T04:27:08.760+0000] {logging_mixin.py:188} INFO - [2026-03-22T04:27:08.683+0000] {dag.py:3096} INFO - Sync 1 DAGs
[2026-03-22T04:27:09.509+0000] {logging_mixin.py:188} INFO - [2026-03-22T04:27:09.422+0000] {dag.py:3954} INFO - Setting next_dagrun for tutorial_dag to None, run_after=None
[2026-03-22T04:27:10.409+0000] {processor.py:183} INFO - Processing /home/airflow/.local/lib/python3.12/site-packages/airflow/example_dags/tutorial_dag.py took 4.405 seconds
[2026-03-22T04:32:14.235+0000] {processor.py:161} INFO - Started process (PID=1820) to work on /home/airflow/.local/lib/python3.12/site-packages/airflow/example_dags/tutorial_dag.py
[2026-03-22T04:32:14.350+0000] {processor.py:830} INFO - Processing file /home/airflow/.local/lib/python3.12/site-packages/airflow/example_dags/tutorial_dag.py for tasks to queue
[2026-03-22T04:32:14.563+0000] {logging_mixin.py:188} INFO - [2026-03-22T04:32:14.448+0000] {dagbag.py:545} INFO - Filling up the DagBag from /home/airflow/.local/lib/python3.12/site-packages/airflow/example_dags/tutorial_dag.py
[2026-03-22T04:32:15.055+0000] {processor.py:840} INFO - DAG(s) 'tutorial_dag' retrieved from /home/airflow/.local/lib/python3.12/site-packages/airflow/example_dags/tutorial_dag.py
[2026-03-22T04:32:33.928+0000] {logging_mixin.py:188} INFO - [2026-03-22T04:32:33.728+0000] {dag.py:3096} INFO - Sync 1 DAGs
[2026-03-22T04:32:35.006+0000] {logging_mixin.py:188} INFO - [2026-03-22T04:32:34.902+0000] {dag.py:3954} INFO - Setting next_dagrun for tutorial_dag to None, run_after=None
[2026-03-22T04:32:43.807+0000] {processor.py:183} INFO - Processing /home/airflow/.local/lib/python3.12/site-packages/airflow/example_dags/tutorial_dag.py took 29.762 seconds
[2026-03-22T04:36:03.989+0000] {processor.py:161} INFO - Started process (PID=1892) to work on /home/airflow/.local/lib/python3.12/site-packages/airflow/example_dags/tutorial_dag.py
[2026-03-22T04:36:04.190+0000] {processor.py:830} INFO - Processing file /home/airflow/.local/lib/python3.12/site-packages/airflow/example_dags/tutorial_dag.py for tasks to queue
[2026-03-22T04:36:04.548+0000] {logging_mixin.py:188} INFO - [2026-03-22T04:36:04.500+0000] {dagbag.py:545} INFO - Filling up the DagBag from /home/airflow/.local/lib/python3.12/site-packages/airflow/example_dags/tutorial_dag.py
[2026-03-22T04:36:05.982+0000] {processor.py:840} INFO - DAG(s) 'tutorial_dag' retrieved from /home/airflow/.local/lib/python3.12/site-packages/airflow/example_dags/tutorial_dag.py
[2026-03-22T04:36:25.554+0000] {logging_mixin.py:188} INFO - [2026-03-22T04:36:25.321+0000] {dag.py:3096} INFO - Sync 1 DAGs
[2026-03-22T04:36:27.184+0000] {logging_mixin.py:188} INFO - [2026-03-22T04:36:27.107+0000] {dag.py:3954} INFO - Setting next_dagrun for tutorial_dag to None, run_after=None
[2026-03-22T04:36:30.324+0000] {processor.py:183} INFO - Processing /home/airflow/.local/lib/python3.12/site-packages/airflow/example_dags/tutorial_dag.py took 27.491 seconds
[2026-03-22T04:38:47.587+0000] {processor.py:161} INFO - Started process (PID=1959) to work on /home/airflow/.local/lib/python3.12/site-packages/airflow/example_dags/tutorial_dag.py
[2026-03-22T04:38:47.630+0000] {processor.py:830} INFO - Processing file /home/airflow/.local/lib/python3.12/site-packages/airflow/example_dags/tutorial_dag.py for tasks to queue
[2026-03-22T04:38:47.699+0000] {logging_mixin.py:188} INFO - [2026-03-22T04:38:47.697+0000] {dagbag.py:545} INFO - Filling up the DagBag from /home/airflow/.local/lib/python3.12/site-packages/airflow/example_dags/tutorial_dag.py
[2026-03-22T04:38:47.887+0000] {processor.py:840} INFO - DAG(s) 'tutorial_dag' retrieved from /home/airflow/.local/lib/python3.12/site-packages/airflow/example_dags/tutorial_dag.py
[2026-03-22T04:38:48.598+0000] {logging_mixin.py:188} INFO - [2026-03-22T04:38:48.590+0000] {dag.py:3096} INFO - Sync 1 DAGs
[2026-03-22T04:38:48.733+0000] {logging_mixin.py:188} INFO - [2026-03-22T04:38:48.732+0000] {dag.py:3954} INFO - Setting next_dagrun for tutorial_dag to None, run_after=None
[2026-03-22T04:38:48.857+0000] {processor.py:183} INFO - Processing /home/airflow/.local/lib/python3.12/site-packages/airflow/example_dags/tutorial_dag.py took 1.505 seconds
[2026-03-22T04:39:39.043+0000] {processor.py:161} INFO - Started process (PID=1997) to work on /home/airflow/.local/lib/python3.12/site-packages/airflow/example_dags/tutorial_dag.py
[2026-03-22T04:39:39.050+0000] {processor.py:830} INFO - Processing file /home/airflow/.local/lib/python3.12/site-packages/airflow/example_dags/tutorial_dag.py for tasks to queue
[2026-03-22T04:39:39.084+0000] {logging_mixin.py:188} INFO - [2026-03-22T04:39:39.083+0000] {dagbag.py:545} INFO - Filling up the DagBag from /home/airflow/.local/lib/python3.12/site-packages/airflow/example_dags/tutorial_dag.py
[2026-03-22T04:39:39.135+0000] {processor.py:840} INFO - DAG(s) 'tutorial_dag' retrieved from /home/airflow/.local/lib/python3.12/site-packages/airflow/example_dags/tutorial_dag.py
[2026-03-22T04:39:39.455+0000] {logging_mixin.py:188} INFO - [2026-03-22T04:39:39.446+0000] {dag.py:3096} INFO - Sync 1 DAGs
[2026-03-22T04:39:39.542+0000] {logging_mixin.py:188} INFO - [2026-03-22T04:39:39.541+0000] {dag.py:3954} INFO - Setting next_dagrun for tutorial_dag to None, run_after=None
[2026-03-22T04:39:40.071+0000] {processor.py:183} INFO - Processing /home/airflow/.local/lib/python3.12/site-packages/airflow/example_dags/tutorial_dag.py took 1.083 seconds
[2026-03-22T04:40:48.065+0000] {processor.py:161} INFO - Started process (PID=2067) to work on /home/airflow/.local/lib/python3.12/site-packages/airflow/example_dags/tutorial_dag.py
[2026-03-22T04:40:48.069+0000] {processor.py:830} INFO - Processing file /home/airflow/.local/lib/python3.12/site-packages/airflow/example_dags/tutorial_dag.py for tasks to queue
[2026-03-22T04:40:48.079+0000] {logging_mixin.py:188} INFO - [2026-03-22T04:40:48.078+0000] {dagbag.py:545} INFO - Filling up the DagBag from /home/airflow/.local/lib/python3.12/site-packages/airflow/example_dags/tutorial_dag.py
[2026-03-22T04:40:48.145+0000] {processor.py:840} INFO - DAG(s) 'tutorial_dag' retrieved from /home/airflow/.local/lib/python3.12/site-packages/airflow/example_dags/tutorial_dag.py
[2026-03-22T04:40:48.405+0000] {logging_mixin.py:188} INFO - [2026-03-22T04:40:48.402+0000] {dag.py:3096} INFO - Sync 1 DAGs
[2026-03-22T04:40:48.629+0000] {logging_mixin.py:188} INFO - [2026-03-22T04:40:48.627+0000] {dag.py:3954} INFO - Setting next_dagrun for tutorial_dag to None, run_after=None
[2026-03-22T04:40:48.871+0000] {processor.py:183} INFO - Processing /home/airflow/.local/lib/python3.12/site-packages/airflow/example_dags/tutorial_dag.py took 0.850 seconds
[2026-03-22T04:41:21.501+0000] {processor.py:161} INFO - Started process (PID=2105) to work on /home/airflow/.local/lib/python3.12/site-packages/airflow/example_dags/tutorial_dag.py
[2026-03-22T04:41:21.518+0000] {processor.py:830} INFO - Processing file /home/airflow/.local/lib/python3.12/site-packages/airflow/example_dags/tutorial_dag.py for tasks to queue
[2026-03-22T04:41:21.533+0000] {logging_mixin.py:188} INFO - [2026-03-22T04:41:21.533+0000] {dagbag.py:545} INFO - Filling up the DagBag from /home/airflow/.local/lib/python3.12/site-packages/airflow/example_dags/tutorial_dag.py
[2026-03-22T04:41:21.694+0000] {processor.py:840} INFO - DAG(s) 'tutorial_dag' retrieved from /home/airflow/.local/lib/python3.12/site-packages/airflow/example_dags/tutorial_dag.py
[2026-03-22T04:41:21.959+0000] {logging_mixin.py:188} INFO - [2026-03-22T04:41:21.953+0000] {dag.py:3096} INFO - Sync 1 DAGs
[2026-03-22T04:41:22.039+0000] {logging_mixin.py:188} INFO - [2026-03-22T04:41:22.038+0000] {dag.py:3954} INFO - Setting next_dagrun for tutorial_dag to None, run_after=None
[2026-03-22T04:41:22.150+0000] {processor.py:183} INFO - Processing /home/airflow/.local/lib/python3.12/site-packages/airflow/example_dags/tutorial_dag.py took 0.687 seconds
[2026-03-22T04:42:00.046+0000] {processor.py:161} INFO - Started process (PID=2148) to work on /home/airflow/.local/lib/python3.12/site-packages/airflow/example_dags/tutorial_dag.py
[2026-03-22T04:42:00.064+0000] {processor.py:830} INFO - Processing file /home/airflow/.local/lib/python3.12/site-packages/airflow/example_dags/tutorial_dag.py for tasks to queue
[2026-03-22T04:42:00.259+0000] {logging_mixin.py:188} INFO - [2026-03-22T04:42:00.182+0000] {dagbag.py:545} INFO - Filling up the DagBag from /home/airflow/.local/lib/python3.12/site-packages/airflow/example_dags/tutorial_dag.py
[2026-03-22T04:42:00.760+0000] {processor.py:840} INFO - DAG(s) 'tutorial_dag' retrieved from /home/airflow/.local/lib/python3.12/site-packages/airflow/example_dags/tutorial_dag.py
[2026-03-22T04:42:01.759+0000] {logging_mixin.py:188} INFO - [2026-03-22T04:42:01.708+0000] {dag.py:3096} INFO - Sync 1 DAGs
[2026-03-22T04:42:02.924+0000] {logging_mixin.py:188} INFO - [2026-03-22T04:42:02.906+0000] {dag.py:3954} INFO - Setting next_dagrun for tutorial_dag to None, run_after=None
[2026-03-22T04:42:03.592+0000] {processor.py:183} INFO - Processing /home/airflow/.local/lib/python3.12/site-packages/airflow/example_dags/tutorial_dag.py took 3.685 seconds
[2026-03-22T04:42:37.114+0000] {processor.py:161} INFO - Started process (PID=2201) to work on /home/airflow/.local/lib/python3.12/site-packages/airflow/example_dags/tutorial_dag.py
[2026-03-22T04:42:37.115+0000] {processor.py:830} INFO - Processing file /home/airflow/.local/lib/python3.12/site-packages/airflow/example_dags/tutorial_dag.py for tasks to queue
[2026-03-22T04:42:37.117+0000] {logging_mixin.py:188} INFO - [2026-03-22T04:42:37.117+0000] {dagbag.py:545} INFO - Filling up the DagBag from /home/airflow/.local/lib/python3.12/site-packages/airflow/example_dags/tutorial_dag.py
[2026-03-22T04:42:37.129+0000] {processor.py:840} INFO - DAG(s) 'tutorial_dag' retrieved from /home/airflow/.local/lib/python3.12/site-packages/airflow/example_dags/tutorial_dag.py
[2026-03-22T04:42:37.165+0000] {logging_mixin.py:188} INFO - [2026-03-22T04:42:37.164+0000] {dag.py:3096} INFO - Sync 1 DAGs
[2026-03-22T04:42:37.173+0000] {logging_mixin.py:188} INFO - [2026-03-22T04:42:37.173+0000] {dag.py:3954} INFO - Setting next_dagrun for tutorial_dag to None, run_after=None
[2026-03-22T04:42:37.200+0000] {processor.py:183} INFO - Processing /home/airflow/.local/lib/python3.12/site-packages/airflow/example_dags/tutorial_dag.py took 0.091 seconds
[2026-03-22T04:43:07.538+0000] {processor.py:161} INFO - Started process (PID=2259) to work on /home/airflow/.local/lib/python3.12/site-packages/airflow/example_dags/tutorial_dag.py
[2026-03-22T04:43:07.542+0000] {processor.py:830} INFO - Processing file /home/airflow/.local/lib/python3.12/site-packages/airflow/example_dags/tutorial_dag.py for tasks to queue
[2026-03-22T04:43:07.547+0000] {logging_mixin.py:188} INFO - [2026-03-22T04:43:07.546+0000] {dagbag.py:545} INFO - Filling up the DagBag from /home/airflow/.local/lib/python3.12/site-packages/airflow/example_dags/tutorial_dag.py
[2026-03-22T04:43:07.559+0000] {processor.py:840} INFO - DAG(s) 'tutorial_dag' retrieved from /home/airflow/.local/lib/python3.12/site-packages/airflow/example_dags/tutorial_dag.py
[2026-03-22T04:43:07.586+0000] {logging_mixin.py:188} INFO - [2026-03-22T04:43:07.586+0000] {dag.py:3096} INFO - Sync 1 DAGs
[2026-03-22T04:43:07.596+0000] {logging_mixin.py:188} INFO - [2026-03-22T04:43:07.596+0000] {dag.py:3954} INFO - Setting next_dagrun for tutorial_dag to None, run_after=None
[2026-03-22T04:43:07.606+0000] {processor.py:183} INFO - Processing /home/airflow/.local/lib/python3.12/site-packages/airflow/example_dags/tutorial_dag.py took 0.081 seconds
[2026-03-22T04:43:37.672+0000] {processor.py:161} INFO - Started process (PID=2317) to work on /home/airflow/.local/lib/python3.12/site-packages/airflow/example_dags/tutorial_dag.py
[2026-03-22T04:43:37.672+0000] {processor.py:830} INFO - Processing file /home/airflow/.local/lib/python3.12/site-packages/airflow/example_dags/tutorial_dag.py for tasks to queue
[2026-03-22T04:43:37.673+0000] {logging_mixin.py:188} INFO - [2026-03-22T04:43:37.673+0000] {dagbag.py:545} INFO - Filling up the DagBag from /home/airflow/.local/lib/python3.12/site-packages/airflow/example_dags/tutorial_dag.py
[2026-03-22T04:43:37.676+0000] {processor.py:840} INFO - DAG(s) 'tutorial_dag' retrieved from /home/airflow/.local/lib/python3.12/site-packages/airflow/example_dags/tutorial_dag.py
[2026-03-22T04:43:37.690+0000] {logging_mixin.py:188} INFO - [2026-03-22T04:43:37.690+0000] {dag.py:3096} INFO - Sync 1 DAGs
[2026-03-22T04:43:37.696+0000] {logging_mixin.py:188} INFO - [2026-03-22T04:43:37.696+0000] {dag.py:3954} INFO - Setting next_dagrun for tutorial_dag to None, run_after=None
[2026-03-22T04:43:37.703+0000] {processor.py:183} INFO - Processing /home/airflow/.local/lib/python3.12/site-packages/airflow/example_dags/tutorial_dag.py took 0.035 seconds
[2026-03-22T04:44:07.922+0000] {processor.py:161} INFO - Started process (PID=2368) to work on /home/airflow/.local/lib/python3.12/site-packages/airflow/example_dags/tutorial_dag.py
[2026-03-22T04:44:07.924+0000] {processor.py:830} INFO - Processing file /home/airflow/.local/lib/python3.12/site-packages/airflow/example_dags/tutorial_dag.py for tasks to queue
[2026-03-22T04:44:07.924+0000] {logging_mixin.py:188} INFO - [2026-03-22T04:44:07.924+0000] {dagbag.py:545} INFO - Filling up the DagBag from /home/airflow/.local/lib/python3.12/site-packages/airflow/example_dags/tutorial_dag.py
[2026-03-22T04:44:07.928+0000] {processor.py:840} INFO - DAG(s) 'tutorial_dag' retrieved from /home/airflow/.local/lib/python3.12/site-packages/airflow/example_dags/tutorial_dag.py
[2026-03-22T04:44:07.950+0000] {logging_mixin.py:188} INFO - [2026-03-22T04:44:07.950+0000] {dag.py:3096} INFO - Sync 1 DAGs
[2026-03-22T04:44:07.963+0000] {logging_mixin.py:188} INFO - [2026-03-22T04:44:07.963+0000] {dag.py:3954} INFO - Setting next_dagrun for tutorial_dag to None, run_after=None
[2026-03-22T04:44:07.978+0000] {processor.py:183} INFO - Processing /home/airflow/.local/lib/python3.12/site-packages/airflow/example_dags/tutorial_dag.py took 0.059 seconds
[2026-03-22T04:44:38.259+0000] {processor.py:161} INFO - Started process (PID=2426) to work on /home/airflow/.local/lib/python3.12/site-packages/airflow/example_dags/tutorial_dag.py
[2026-03-22T04:44:38.261+0000] {processor.py:830} INFO - Processing file /home/airflow/.local/lib/python3.12/site-packages/airflow/example_dags/tutorial_dag.py for tasks to queue
[2026-03-22T04:44:38.267+0000] {logging_mixin.py:188} INFO - [2026-03-22T04:44:38.266+0000] {dagbag.py:545} INFO - Filling up the DagBag from /home/airflow/.local/lib/python3.12/site-packages/airflow/example_dags/tutorial_dag.py
[2026-03-22T04:44:38.281+0000] {processor.py:840} INFO - DAG(s) 'tutorial_dag' retrieved from /home/airflow/.local/lib/python3.12/site-packages/airflow/example_dags/tutorial_dag.py
[2026-03-22T04:44:38.347+0000] {logging_mixin.py:188} INFO - [2026-03-22T04:44:38.347+0000] {dag.py:3096} INFO - Sync 1 DAGs
[2026-03-22T04:44:38.388+0000] {logging_mixin.py:188} INFO - [2026-03-22T04:44:38.386+0000] {dag.py:3954} INFO - Setting next_dagrun for tutorial_dag to None, run_after=None
[2026-03-22T04:44:38.425+0000] {processor.py:183} INFO - Processing /home/airflow/.local/lib/python3.12/site-packages/airflow/example_dags/tutorial_dag.py took 0.177 seconds
[2026-03-22T04:45:08.610+0000] {processor.py:161} INFO - Started process (PID=2479) to work on /home/airflow/.local/lib/python3.12/site-packages/airflow/example_dags/tutorial_dag.py
[2026-03-22T04:45:08.614+0000] {processor.py:830} INFO - Processing file /home/airflow/.local/lib/python3.12/site-packages/airflow/example_dags/tutorial_dag.py for tasks to queue
[2026-03-22T04:45:08.616+0000] {logging_mixin.py:188} INFO - [2026-03-22T04:45:08.616+0000] {dagbag.py:545} INFO - Filling up the DagBag from /home/airflow/.local/lib/python3.12/site-packages/airflow/example_dags/tutorial_dag.py
[2026-03-22T04:45:08.620+0000] {processor.py:840} INFO - DAG(s) 'tutorial_dag' retrieved from /home/airflow/.local/lib/python3.12/site-packages/airflow/example_dags/tutorial_dag.py
[2026-03-22T04:45:08.636+0000] {logging_mixin.py:188} INFO - [2026-03-22T04:45:08.636+0000] {dag.py:3096} INFO - Sync 1 DAGs
[2026-03-22T04:45:08.650+0000] {logging_mixin.py:188} INFO - [2026-03-22T04:45:08.649+0000] {dag.py:3954} INFO - Setting next_dagrun for tutorial_dag to None, run_after=None
[2026-03-22T04:45:08.664+0000] {processor.py:183} INFO - Processing /home/airflow/.local/lib/python3.12/site-packages/airflow/example_dags/tutorial_dag.py took 0.058 seconds
[2026-03-22T04:45:38.869+0000] {processor.py:161} INFO - Started process (PID=2536) to work on /home/airflow/.local/lib/python3.12/site-packages/airflow/example_dags/tutorial_dag.py
[2026-03-22T04:45:38.871+0000] {processor.py:830} INFO - Processing file /home/airflow/.local/lib/python3.12/site-packages/airflow/example_dags/tutorial_dag.py for tasks to queue
[2026-03-22T04:45:38.872+0000] {logging_mixin.py:188} INFO - [2026-03-22T04:45:38.872+0000] {dagbag.py:545} INFO - Filling up the DagBag from /home/airflow/.local/lib/python3.12/site-packages/airflow/example_dags/tutorial_dag.py
[2026-03-22T04:45:38.877+0000] {processor.py:840} INFO - DAG(s) 'tutorial_dag' retrieved from /home/airflow/.local/lib/python3.12/site-packages/airflow/example_dags/tutorial_dag.py
[2026-03-22T04:45:38.911+0000] {logging_mixin.py:188} INFO - [2026-03-22T04:45:38.911+0000] {dag.py:3096} INFO - Sync 1 DAGs
[2026-03-22T04:45:38.938+0000] {logging_mixin.py:188} INFO - [2026-03-22T04:45:38.937+0000] {dag.py:3954} INFO - Setting next_dagrun for tutorial_dag to None, run_after=None
[2026-03-22T04:45:38.967+0000] {processor.py:183} INFO - Processing /home/airflow/.local/lib/python3.12/site-packages/airflow/example_dags/tutorial_dag.py took 0.112 seconds
[2026-03-22T04:46:09.137+0000] {processor.py:161} INFO - Started process (PID=2594) to work on /home/airflow/.local/lib/python3.12/site-packages/airflow/example_dags/tutorial_dag.py
[2026-03-22T04:46:09.137+0000] {processor.py:830} INFO - Processing file /home/airflow/.local/lib/python3.12/site-packages/airflow/example_dags/tutorial_dag.py for tasks to queue
[2026-03-22T04:46:09.138+0000] {logging_mixin.py:188} INFO - [2026-03-22T04:46:09.138+0000] {dagbag.py:545} INFO - Filling up the DagBag from /home/airflow/.local/lib/python3.12/site-packages/airflow/example_dags/tutorial_dag.py
[2026-03-22T04:46:09.142+0000] {processor.py:840} INFO - DAG(s) 'tutorial_dag' retrieved from /home/airflow/.local/lib/python3.12/site-packages/airflow/example_dags/tutorial_dag.py
[2026-03-22T04:46:09.170+0000] {logging_mixin.py:188} INFO - [2026-03-22T04:46:09.170+0000] {dag.py:3096} INFO - Sync 1 DAGs
[2026-03-22T04:46:09.184+0000] {logging_mixin.py:188} INFO - [2026-03-22T04:46:09.184+0000] {dag.py:3954} INFO - Setting next_dagrun for tutorial_dag to None, run_after=None
[2026-03-22T04:46:09.194+0000] {processor.py:183} INFO - Processing /home/airflow/.local/lib/python3.12/site-packages/airflow/example_dags/tutorial_dag.py took 0.061 seconds
[2026-03-22T04:46:39.672+0000] {processor.py:161} INFO - Started process (PID=2649) to work on /home/airflow/.local/lib/python3.12/site-packages/airflow/example_dags/tutorial_dag.py
[2026-03-22T04:46:39.676+0000] {processor.py:830} INFO - Processing file /home/airflow/.local/lib/python3.12/site-packages/airflow/example_dags/tutorial_dag.py for tasks to queue
[2026-03-22T04:46:39.683+0000] {logging_mixin.py:188} INFO - [2026-03-22T04:46:39.683+0000] {dagbag.py:545} INFO - Filling up the DagBag from /home/airflow/.local/lib/python3.12/site-packages/airflow/example_dags/tutorial_dag.py
[2026-03-22T04:46:39.715+0000] {processor.py:840} INFO - DAG(s) 'tutorial_dag' retrieved from /home/airflow/.local/lib/python3.12/site-packages/airflow/example_dags/tutorial_dag.py
[2026-03-22T04:46:40.010+0000] {logging_mixin.py:188} INFO - [2026-03-22T04:46:40.008+0000] {dag.py:3096} INFO - Sync 1 DAGs
[2026-03-22T04:46:40.071+0000] {logging_mixin.py:188} INFO - [2026-03-22T04:46:40.070+0000] {dag.py:3954} INFO - Setting next_dagrun for tutorial_dag to None, run_after=None
[2026-03-22T04:46:40.136+0000] {processor.py:183} INFO - Processing /home/airflow/.local/lib/python3.12/site-packages/airflow/example_dags/tutorial_dag.py took 0.473 seconds
[2026-03-22T04:47:10.698+0000] {processor.py:161} INFO - Started process (PID=2707) to work on /home/airflow/.local/lib/python3.12/site-packages/airflow/example_dags/tutorial_dag.py
[2026-03-22T04:47:10.701+0000] {processor.py:830} INFO - Processing file /home/airflow/.local/lib/python3.12/site-packages/airflow/example_dags/tutorial_dag.py for tasks to queue
[2026-03-22T04:47:10.706+0000] {logging_mixin.py:188} INFO - [2026-03-22T04:47:10.705+0000] {dagbag.py:545} INFO - Filling up the DagBag from /home/airflow/.local/lib/python3.12/site-packages/airflow/example_dags/tutorial_dag.py
[2026-03-22T04:47:10.720+0000] {processor.py:840} INFO - DAG(s) 'tutorial_dag' retrieved from /home/airflow/.local/lib/python3.12/site-packages/airflow/example_dags/tutorial_dag.py
[2026-03-22T04:47:10.796+0000] {logging_mixin.py:188} INFO - [2026-03-22T04:47:10.796+0000] {dag.py:3096} INFO - Sync 1 DAGs
[2026-03-22T04:47:10.823+0000] {logging_mixin.py:188} INFO - [2026-03-22T04:47:10.822+0000] {dag.py:3954} INFO - Setting next_dagrun for tutorial_dag to None, run_after=None
[2026-03-22T04:47:10.887+0000] {processor.py:183} INFO - Processing /home/airflow/.local/lib/python3.12/site-packages/airflow/example_dags/tutorial_dag.py took 0.198 seconds
[2026-03-22T04:47:40.939+0000] {processor.py:161} INFO - Started process (PID=2764) to work on /home/airflow/.local/lib/python3.12/site-packages/airflow/example_dags/tutorial_dag.py
[2026-03-22T04:47:40.941+0000] {processor.py:830} INFO - Processing file /home/airflow/.local/lib/python3.12/site-packages/airflow/example_dags/tutorial_dag.py for tasks to queue
[2026-03-22T04:47:40.944+0000] {logging_mixin.py:188} INFO - [2026-03-22T04:47:40.944+0000] {dagbag.py:545} INFO - Filling up the DagBag from /home/airflow/.local/lib/python3.12/site-packages/airflow/example_dags/tutorial_dag.py
[2026-03-22T04:47:40.957+0000] {processor.py:840} INFO - DAG(s) 'tutorial_dag' retrieved from /home/airflow/.local/lib/python3.12/site-packages/airflow/example_dags/tutorial_dag.py
[2026-03-22T04:47:40.987+0000] {logging_mixin.py:188} INFO - [2026-03-22T04:47:40.987+0000] {dag.py:3096} INFO - Sync 1 DAGs
[2026-03-22T04:47:40.997+0000] {logging_mixin.py:188} INFO - [2026-03-22T04:47:40.996+0000] {dag.py:3954} INFO - Setting next_dagrun for tutorial_dag to None, run_after=None
[2026-03-22T04:47:41.011+0000] {processor.py:183} INFO - Processing /home/airflow/.local/lib/python3.12/site-packages/airflow/example_dags/tutorial_dag.py took 0.086 seconds
[2026-03-22T04:48:11.434+0000] {processor.py:161} INFO - Started process (PID=2821) to work on /home/airflow/.local/lib/python3.12/site-packages/airflow/example_dags/tutorial_dag.py
[2026-03-22T04:48:11.436+0000] {processor.py:830} INFO - Processing file /home/airflow/.local/lib/python3.12/site-packages/airflow/example_dags/tutorial_dag.py for tasks to queue
[2026-03-22T04:48:11.439+0000] {logging_mixin.py:188} INFO - [2026-03-22T04:48:11.439+0000] {dagbag.py:545} INFO - Filling up the DagBag from /home/airflow/.local/lib/python3.12/site-packages/airflow/example_dags/tutorial_dag.py
[2026-03-22T04:48:11.458+0000] {processor.py:840} INFO - DAG(s) 'tutorial_dag' retrieved from /home/airflow/.local/lib/python3.12/site-packages/airflow/example_dags/tutorial_dag.py
[2026-03-22T04:48:11.506+0000] {logging_mixin.py:188} INFO - [2026-03-22T04:48:11.506+0000] {dag.py:3096} INFO - Sync 1 DAGs
[2026-03-22T04:48:11.528+0000] {logging_mixin.py:188} INFO - [2026-03-22T04:48:11.527+0000] {dag.py:3954} INFO - Setting next_dagrun for tutorial_dag to None, run_after=None
[2026-03-22T04:48:11.561+0000] {processor.py:183} INFO - Processing /home/airflow/.local/lib/python3.12/site-packages/airflow/example_dags/tutorial_dag.py took 0.144 seconds
[2026-03-22T04:48:42.126+0000] {processor.py:161} INFO - Started process (PID=2879) to work on /home/airflow/.local/lib/python3.12/site-packages/airflow/example_dags/tutorial_dag.py
[2026-03-22T04:48:42.128+0000] {processor.py:830} INFO - Processing file /home/airflow/.local/lib/python3.12/site-packages/airflow/example_dags/tutorial_dag.py for tasks to queue
[2026-03-22T04:48:42.133+0000] {logging_mixin.py:188} INFO - [2026-03-22T04:48:42.132+0000] {dagbag.py:545} INFO - Filling up the DagBag from /home/airflow/.local/lib/python3.12/site-packages/airflow/example_dags/tutorial_dag.py
[2026-03-22T04:48:42.144+0000] {processor.py:840} INFO - DAG(s) 'tutorial_dag' retrieved from /home/airflow/.local/lib/python3.12/site-packages/airflow/example_dags/tutorial_dag.py
[2026-03-22T04:48:42.189+0000] {logging_mixin.py:188} INFO - [2026-03-22T04:48:42.188+0000] {dag.py:3096} INFO - Sync 1 DAGs
[2026-03-22T04:48:42.214+0000] {logging_mixin.py:188} INFO - [2026-03-22T04:48:42.214+0000] {dag.py:3954} INFO - Setting next_dagrun for tutorial_dag to None, run_after=None
[2026-03-22T04:48:42.238+0000] {processor.py:183} INFO - Processing /home/airflow/.local/lib/python3.12/site-packages/airflow/example_dags/tutorial_dag.py took 0.124 seconds
[2026-03-22T04:49:12.627+0000] {processor.py:161} INFO - Started process (PID=2937) to work on /home/airflow/.local/lib/python3.12/site-packages/airflow/example_dags/tutorial_dag.py
[2026-03-22T04:49:12.642+0000] {processor.py:830} INFO - Processing file /home/airflow/.local/lib/python3.12/site-packages/airflow/example_dags/tutorial_dag.py for tasks to queue
[2026-03-22T04:49:12.668+0000] {logging_mixin.py:188} INFO - [2026-03-22T04:49:12.668+0000] {dagbag.py:545} INFO - Filling up the DagBag from /home/airflow/.local/lib/python3.12/site-packages/airflow/example_dags/tutorial_dag.py
[2026-03-22T04:49:12.714+0000] {processor.py:840} INFO - DAG(s) 'tutorial_dag' retrieved from /home/airflow/.local/lib/python3.12/site-packages/airflow/example_dags/tutorial_dag.py
[2026-03-22T04:49:12.824+0000] {logging_mixin.py:188} INFO - [2026-03-22T04:49:12.823+0000] {dag.py:3096} INFO - Sync 1 DAGs
[2026-03-22T04:49:12.863+0000] {logging_mixin.py:188} INFO - [2026-03-22T04:49:12.862+0000] {dag.py:3954} INFO - Setting next_dagrun for tutorial_dag to None, run_after=None
[2026-03-22T04:49:12.952+0000] {processor.py:183} INFO - Processing /home/airflow/.local/lib/python3.12/site-packages/airflow/example_dags/tutorial_dag.py took 0.361 seconds
[2026-03-22T04:49:43.210+0000] {processor.py:161} INFO - Started process (PID=2996) to work on /home/airflow/.local/lib/python3.12/site-packages/airflow/example_dags/tutorial_dag.py
[2026-03-22T04:49:43.212+0000] {processor.py:830} INFO - Processing file /home/airflow/.local/lib/python3.12/site-packages/airflow/example_dags/tutorial_dag.py for tasks to queue
[2026-03-22T04:49:43.223+0000] {logging_mixin.py:188} INFO - [2026-03-22T04:49:43.221+0000] {dagbag.py:545} INFO - Filling up the DagBag from /home/airflow/.local/lib/python3.12/site-packages/airflow/example_dags/tutorial_dag.py
[2026-03-22T04:49:43.247+0000] {processor.py:840} INFO - DAG(s) 'tutorial_dag' retrieved from /home/airflow/.local/lib/python3.12/site-packages/airflow/example_dags/tutorial_dag.py
[2026-03-22T04:49:43.319+0000] {logging_mixin.py:188} INFO - [2026-03-22T04:49:43.317+0000] {dag.py:3096} INFO - Sync 1 DAGs
[2026-03-22T04:49:43.360+0000] {logging_mixin.py:188} INFO - [2026-03-22T04:49:43.360+0000] {dag.py:3954} INFO - Setting next_dagrun for tutorial_dag to None, run_after=None
[2026-03-22T04:49:43.400+0000] {processor.py:183} INFO - Processing /home/airflow/.local/lib/python3.12/site-packages/airflow/example_dags/tutorial_dag.py took 0.218 seconds
[2026-03-22T04:50:13.647+0000] {processor.py:161} INFO - Started process (PID=3055) to work on /home/airflow/.local/lib/python3.12/site-packages/airflow/example_dags/tutorial_dag.py
[2026-03-22T04:50:13.649+0000] {processor.py:830} INFO - Processing file /home/airflow/.local/lib/python3.12/site-packages/airflow/example_dags/tutorial_dag.py for tasks to queue
[2026-03-22T04:50:13.653+0000] {logging_mixin.py:188} INFO - [2026-03-22T04:50:13.653+0000] {dagbag.py:545} INFO - Filling up the DagBag from /home/airflow/.local/lib/python3.12/site-packages/airflow/example_dags/tutorial_dag.py
[2026-03-22T04:50:13.674+0000] {processor.py:840} INFO - DAG(s) 'tutorial_dag' retrieved from /home/airflow/.local/lib/python3.12/site-packages/airflow/example_dags/tutorial_dag.py
[2026-03-22T04:50:13.724+0000] {logging_mixin.py:188} INFO - [2026-03-22T04:50:13.724+0000] {dag.py:3096} INFO - Sync 1 DAGs
[2026-03-22T04:50:13.740+0000] {logging_mixin.py:188} INFO - [2026-03-22T04:50:13.740+0000] {dag.py:3954} INFO - Setting next_dagrun for tutorial_dag to None, run_after=None
[2026-03-22T04:50:13.771+0000] {processor.py:183} INFO - Processing /home/airflow/.local/lib/python3.12/site-packages/airflow/example_dags/tutorial_dag.py took 0.146 seconds
[2026-03-22T04:50:44.940+0000] {processor.py:161} INFO - Started process (PID=3114) to work on /home/airflow/.local/lib/python3.12/site-packages/airflow/example_dags/tutorial_dag.py
[2026-03-22T04:50:44.948+0000] {processor.py:830} INFO - Processing file /home/airflow/.local/lib/python3.12/site-packages/airflow/example_dags/tutorial_dag.py for tasks to queue
[2026-03-22T04:50:45.057+0000] {logging_mixin.py:188} INFO - [2026-03-22T04:50:45.049+0000] {dagbag.py:545} INFO - Filling up the DagBag from /home/airflow/.local/lib/python3.12/site-packages/airflow/example_dags/tutorial_dag.py
[2026-03-22T04:50:45.338+0000] {processor.py:840} INFO - DAG(s) 'tutorial_dag' retrieved from /home/airflow/.local/lib/python3.12/site-packages/airflow/example_dags/tutorial_dag.py
[2026-03-22T04:50:45.582+0000] {logging_mixin.py:188} INFO - [2026-03-22T04:50:45.578+0000] {dag.py:3096} INFO - Sync 1 DAGs
[2026-03-22T04:50:45.680+0000] {logging_mixin.py:188} INFO - [2026-03-22T04:50:45.679+0000] {dag.py:3954} INFO - Setting next_dagrun for tutorial_dag to None, run_after=None
[2026-03-22T04:50:45.764+0000] {processor.py:183} INFO - Processing /home/airflow/.local/lib/python3.12/site-packages/airflow/example_dags/tutorial_dag.py took 0.882 seconds
[2026-03-22T04:51:16.732+0000] {processor.py:161} INFO - Started process (PID=3172) to work on /home/airflow/.local/lib/python3.12/site-packages/airflow/example_dags/tutorial_dag.py
[2026-03-22T04:51:16.736+0000] {processor.py:830} INFO - Processing file /home/airflow/.local/lib/python3.12/site-packages/airflow/example_dags/tutorial_dag.py for tasks to queue
[2026-03-22T04:51:16.745+0000] {logging_mixin.py:188} INFO - [2026-03-22T04:51:16.744+0000] {dagbag.py:545} INFO - Filling up the DagBag from /home/airflow/.local/lib/python3.12/site-packages/airflow/example_dags/tutorial_dag.py
[2026-03-22T04:51:16.767+0000] {processor.py:840} INFO - DAG(s) 'tutorial_dag' retrieved from /home/airflow/.local/lib/python3.12/site-packages/airflow/example_dags/tutorial_dag.py
[2026-03-22T04:51:16.841+0000] {logging_mixin.py:188} INFO - [2026-03-22T04:51:16.841+0000] {dag.py:3096} INFO - Sync 1 DAGs
[2026-03-22T04:51:16.863+0000] {logging_mixin.py:188} INFO - [2026-03-22T04:51:16.863+0000] {dag.py:3954} INFO - Setting next_dagrun for tutorial_dag to None, run_after=None
[2026-03-22T04:51:16.896+0000] {processor.py:183} INFO - Processing /home/airflow/.local/lib/python3.12/site-packages/airflow/example_dags/tutorial_dag.py took 0.188 seconds
[2026-03-22T04:55:44.786+0000] {processor.py:161} INFO - Started process (PID=115) to work on /home/airflow/.local/lib/python3.12/site-packages/airflow/example_dags/tutorial_dag.py
[2026-03-22T04:55:44.788+0000] {processor.py:830} INFO - Processing file /home/airflow/.local/lib/python3.12/site-packages/airflow/example_dags/tutorial_dag.py for tasks to queue
[2026-03-22T04:55:44.790+0000] {logging_mixin.py:188} INFO - [2026-03-22T04:55:44.789+0000] {dagbag.py:545} INFO - Filling up the DagBag from /home/airflow/.local/lib/python3.12/site-packages/airflow/example_dags/tutorial_dag.py
[2026-03-22T04:55:44.807+0000] {processor.py:840} INFO - DAG(s) 'tutorial_dag' retrieved from /home/airflow/.local/lib/python3.12/site-packages/airflow/example_dags/tutorial_dag.py
[2026-03-22T04:55:44.919+0000] {logging_mixin.py:188} INFO - [2026-03-22T04:55:44.919+0000] {dag.py:3096} INFO - Sync 1 DAGs
[2026-03-22T04:55:44.935+0000] {logging_mixin.py:188} INFO - [2026-03-22T04:55:44.935+0000] {dag.py:3954} INFO - Setting next_dagrun for tutorial_dag to None, run_after=None
[2026-03-22T04:55:44.991+0000] {processor.py:183} INFO - Processing /home/airflow/.local/lib/python3.12/site-packages/airflow/example_dags/tutorial_dag.py took 0.215 seconds
[2026-03-22T04:56:16.009+0000] {processor.py:161} INFO - Started process (PID=174) to work on /home/airflow/.local/lib/python3.12/site-packages/airflow/example_dags/tutorial_dag.py
[2026-03-22T04:56:16.010+0000] {processor.py:830} INFO - Processing file /home/airflow/.local/lib/python3.12/site-packages/airflow/example_dags/tutorial_dag.py for tasks to queue
[2026-03-22T04:56:16.011+0000] {logging_mixin.py:188} INFO - [2026-03-22T04:56:16.011+0000] {dagbag.py:545} INFO - Filling up the DagBag from /home/airflow/.local/lib/python3.12/site-packages/airflow/example_dags/tutorial_dag.py
[2026-03-22T04:56:16.015+0000] {processor.py:840} INFO - DAG(s) 'tutorial_dag' retrieved from /home/airflow/.local/lib/python3.12/site-packages/airflow/example_dags/tutorial_dag.py
[2026-03-22T04:56:16.029+0000] {logging_mixin.py:188} INFO - [2026-03-22T04:56:16.029+0000] {dag.py:3096} INFO - Sync 1 DAGs
[2026-03-22T04:56:16.034+0000] {logging_mixin.py:188} INFO - [2026-03-22T04:56:16.034+0000] {dag.py:3954} INFO - Setting next_dagrun for tutorial_dag to None, run_after=None
[2026-03-22T04:56:16.043+0000] {processor.py:183} INFO - Processing /home/airflow/.local/lib/python3.12/site-packages/airflow/example_dags/tutorial_dag.py took 0.040 seconds
[2026-03-22T04:56:48.870+0000] {processor.py:161} INFO - Started process (PID=233) to work on /home/airflow/.local/lib/python3.12/site-packages/airflow/example_dags/tutorial_dag.py
[2026-03-22T04:56:48.876+0000] {processor.py:830} INFO - Processing file /home/airflow/.local/lib/python3.12/site-packages/airflow/example_dags/tutorial_dag.py for tasks to queue
[2026-03-22T04:56:48.880+0000] {logging_mixin.py:188} INFO - [2026-03-22T04:56:48.880+0000] {dagbag.py:545} INFO - Filling up the DagBag from /home/airflow/.local/lib/python3.12/site-packages/airflow/example_dags/tutorial_dag.py
[2026-03-22T04:56:48.903+0000] {processor.py:840} INFO - DAG(s) 'tutorial_dag' retrieved from /home/airflow/.local/lib/python3.12/site-packages/airflow/example_dags/tutorial_dag.py
[2026-03-22T04:56:49.005+0000] {logging_mixin.py:188} INFO - [2026-03-22T04:56:49.004+0000] {dag.py:3096} INFO - Sync 1 DAGs
[2026-03-22T04:56:49.130+0000] {logging_mixin.py:188} INFO - [2026-03-22T04:56:49.129+0000] {dag.py:3954} INFO - Setting next_dagrun for tutorial_dag to None, run_after=None
[2026-03-22T04:56:49.308+0000] {processor.py:183} INFO - Processing /home/airflow/.local/lib/python3.12/site-packages/airflow/example_dags/tutorial_dag.py took 0.457 seconds
[2026-03-22T04:57:52.118+0000] {processor.py:161} INFO - Started process (PID=298) to work on /home/airflow/.local/lib/python3.12/site-packages/airflow/example_dags/tutorial_dag.py
[2026-03-22T04:57:52.190+0000] {processor.py:830} INFO - Processing file /home/airflow/.local/lib/python3.12/site-packages/airflow/example_dags/tutorial_dag.py for tasks to queue
[2026-03-22T04:57:52.290+0000] {logging_mixin.py:188} INFO - [2026-03-22T04:57:52.258+0000] {dagbag.py:545} INFO - Filling up the DagBag from /home/airflow/.local/lib/python3.12/site-packages/airflow/example_dags/tutorial_dag.py
[2026-03-22T04:57:52.812+0000] {processor.py:840} INFO - DAG(s) 'tutorial_dag' retrieved from /home/airflow/.local/lib/python3.12/site-packages/airflow/example_dags/tutorial_dag.py
[2026-03-22T04:57:54.023+0000] {logging_mixin.py:188} INFO - [2026-03-22T04:57:54.017+0000] {dag.py:3096} INFO - Sync 1 DAGs
[2026-03-22T04:57:54.334+0000] {logging_mixin.py:188} INFO - [2026-03-22T04:57:54.322+0000] {dag.py:3954} INFO - Setting next_dagrun for tutorial_dag to None, run_after=None
[2026-03-22T04:57:54.541+0000] {processor.py:183} INFO - Processing /home/airflow/.local/lib/python3.12/site-packages/airflow/example_dags/tutorial_dag.py took 2.815 seconds
[2026-03-22T04:58:54.299+0000] {processor.py:161} INFO - Started process (PID=318) to work on /home/airflow/.local/lib/python3.12/site-packages/airflow/example_dags/tutorial_dag.py
[2026-03-22T04:58:54.319+0000] {processor.py:830} INFO - Processing file /home/airflow/.local/lib/python3.12/site-packages/airflow/example_dags/tutorial_dag.py for tasks to queue
[2026-03-22T04:58:54.395+0000] {logging_mixin.py:188} INFO - [2026-03-22T04:58:54.351+0000] {dagbag.py:545} INFO - Filling up the DagBag from /home/airflow/.local/lib/python3.12/site-packages/airflow/example_dags/tutorial_dag.py
[2026-03-22T04:58:54.907+0000] {processor.py:840} INFO - DAG(s) 'tutorial_dag' retrieved from /home/airflow/.local/lib/python3.12/site-packages/airflow/example_dags/tutorial_dag.py
[2026-03-22T04:58:57.659+0000] {logging_mixin.py:188} INFO - [2026-03-22T04:58:57.588+0000] {dag.py:3096} INFO - Sync 1 DAGs
[2026-03-22T04:58:58.090+0000] {logging_mixin.py:188} INFO - [2026-03-22T04:58:58.021+0000] {dag.py:3954} INFO - Setting next_dagrun for tutorial_dag to None, run_after=None
[2026-03-22T04:58:59.419+0000] {processor.py:183} INFO - Processing /home/airflow/.local/lib/python3.12/site-packages/airflow/example_dags/tutorial_dag.py took 5.238 seconds
[2026-03-22T05:05:01.228+0000] {processor.py:161} INFO - Started process (PID=411) to work on /home/airflow/.local/lib/python3.12/site-packages/airflow/example_dags/tutorial_dag.py
[2026-03-22T05:05:01.338+0000] {processor.py:830} INFO - Processing file /home/airflow/.local/lib/python3.12/site-packages/airflow/example_dags/tutorial_dag.py for tasks to queue
[2026-03-22T05:05:01.590+0000] {logging_mixin.py:188} INFO - [2026-03-22T05:05:01.380+0000] {dagbag.py:545} INFO - Filling up the DagBag from /home/airflow/.local/lib/python3.12/site-packages/airflow/example_dags/tutorial_dag.py
[2026-03-22T05:05:03.314+0000] {processor.py:840} INFO - DAG(s) 'tutorial_dag' retrieved from /home/airflow/.local/lib/python3.12/site-packages/airflow/example_dags/tutorial_dag.py
[2026-03-22T05:05:22.280+0000] {logging_mixin.py:188} INFO - [2026-03-22T05:05:22.116+0000] {dag.py:3096} INFO - Sync 1 DAGs
[2026-03-22T05:05:23.339+0000] {logging_mixin.py:188} INFO - [2026-03-22T05:05:23.053+0000] {dag.py:3954} INFO - Setting next_dagrun for tutorial_dag to None, run_after=None
[2026-03-22T05:05:25.505+0000] {processor.py:183} INFO - Processing /home/airflow/.local/lib/python3.12/site-packages/airflow/example_dags/tutorial_dag.py took 25.528 seconds
[2026-03-22T05:28:36.941+0000] {processor.py:161} INFO - Started process (PID=67) to work on /home/airflow/.local/lib/python3.12/site-packages/airflow/example_dags/tutorial_dag.py
[2026-03-22T05:28:36.959+0000] {processor.py:830} INFO - Processing file /home/airflow/.local/lib/python3.12/site-packages/airflow/example_dags/tutorial_dag.py for tasks to queue
[2026-03-22T05:28:36.965+0000] {logging_mixin.py:188} INFO - [2026-03-22T05:28:36.964+0000] {dagbag.py:545} INFO - Filling up the DagBag from /home/airflow/.local/lib/python3.12/site-packages/airflow/example_dags/tutorial_dag.py
[2026-03-22T05:28:37.023+0000] {processor.py:840} INFO - DAG(s) 'tutorial_dag' retrieved from /home/airflow/.local/lib/python3.12/site-packages/airflow/example_dags/tutorial_dag.py
[2026-03-22T05:28:37.680+0000] {logging_mixin.py:188} INFO - [2026-03-22T05:28:37.676+0000] {dag.py:3096} INFO - Sync 1 DAGs
[2026-03-22T05:28:37.738+0000] {logging_mixin.py:188} INFO - [2026-03-22T05:28:37.737+0000] {dag.py:3954} INFO - Setting next_dagrun for tutorial_dag to None, run_after=None
[2026-03-22T05:28:37.966+0000] {processor.py:183} INFO - Processing /home/airflow/.local/lib/python3.12/site-packages/airflow/example_dags/tutorial_dag.py took 1.076 seconds
[2026-03-22T05:29:15.284+0000] {processor.py:161} INFO - Started process (PID=125) to work on /home/airflow/.local/lib/python3.12/site-packages/airflow/example_dags/tutorial_dag.py
[2026-03-22T05:29:15.288+0000] {processor.py:830} INFO - Processing file /home/airflow/.local/lib/python3.12/site-packages/airflow/example_dags/tutorial_dag.py for tasks to queue
[2026-03-22T05:29:15.290+0000] {logging_mixin.py:188} INFO - [2026-03-22T05:29:15.290+0000] {dagbag.py:545} INFO - Filling up the DagBag from /home/airflow/.local/lib/python3.12/site-packages/airflow/example_dags/tutorial_dag.py
[2026-03-22T05:29:15.319+0000] {processor.py:840} INFO - DAG(s) 'tutorial_dag' retrieved from /home/airflow/.local/lib/python3.12/site-packages/airflow/example_dags/tutorial_dag.py
[2026-03-22T05:29:15.430+0000] {logging_mixin.py:188} INFO - [2026-03-22T05:29:15.430+0000] {dag.py:3096} INFO - Sync 1 DAGs
[2026-03-22T05:29:15.457+0000] {logging_mixin.py:188} INFO - [2026-03-22T05:29:15.457+0000] {dag.py:3954} INFO - Setting next_dagrun for tutorial_dag to None, run_after=None
[2026-03-22T05:29:15.540+0000] {processor.py:183} INFO - Processing /home/airflow/.local/lib/python3.12/site-packages/airflow/example_dags/tutorial_dag.py took 0.269 seconds
[2026-03-22T05:29:46.438+0000] {processor.py:161} INFO - Started process (PID=182) to work on /home/airflow/.local/lib/python3.12/site-packages/airflow/example_dags/tutorial_dag.py
[2026-03-22T05:29:46.441+0000] {processor.py:830} INFO - Processing file /home/airflow/.local/lib/python3.12/site-packages/airflow/example_dags/tutorial_dag.py for tasks to queue
[2026-03-22T05:29:46.446+0000] {logging_mixin.py:188} INFO - [2026-03-22T05:29:46.445+0000] {dagbag.py:545} INFO - Filling up the DagBag from /home/airflow/.local/lib/python3.12/site-packages/airflow/example_dags/tutorial_dag.py
[2026-03-22T05:29:46.472+0000] {processor.py:840} INFO - DAG(s) 'tutorial_dag' retrieved from /home/airflow/.local/lib/python3.12/site-packages/airflow/example_dags/tutorial_dag.py
[2026-03-22T05:29:46.548+0000] {logging_mixin.py:188} INFO - [2026-03-22T05:29:46.548+0000] {dag.py:3096} INFO - Sync 1 DAGs
[2026-03-22T05:29:46.601+0000] {logging_mixin.py:188} INFO - [2026-03-22T05:29:46.601+0000] {dag.py:3954} INFO - Setting next_dagrun for tutorial_dag to None, run_after=None
[2026-03-22T05:29:46.729+0000] {processor.py:183} INFO - Processing /home/airflow/.local/lib/python3.12/site-packages/airflow/example_dags/tutorial_dag.py took 0.314 seconds
[2026-03-22T05:30:17.314+0000] {processor.py:161} INFO - Started process (PID=239) to work on /home/airflow/.local/lib/python3.12/site-packages/airflow/example_dags/tutorial_dag.py
[2026-03-22T05:30:17.316+0000] {processor.py:830} INFO - Processing file /home/airflow/.local/lib/python3.12/site-packages/airflow/example_dags/tutorial_dag.py for tasks to queue
[2026-03-22T05:30:17.327+0000] {logging_mixin.py:188} INFO - [2026-03-22T05:30:17.324+0000] {dagbag.py:545} INFO - Filling up the DagBag from /home/airflow/.local/lib/python3.12/site-packages/airflow/example_dags/tutorial_dag.py
[2026-03-22T05:30:17.377+0000] {processor.py:840} INFO - DAG(s) 'tutorial_dag' retrieved from /home/airflow/.local/lib/python3.12/site-packages/airflow/example_dags/tutorial_dag.py
[2026-03-22T05:30:17.513+0000] {logging_mixin.py:188} INFO - [2026-03-22T05:30:17.513+0000] {dag.py:3096} INFO - Sync 1 DAGs
[2026-03-22T05:30:17.596+0000] {logging_mixin.py:188} INFO - [2026-03-22T05:30:17.596+0000] {dag.py:3954} INFO - Setting next_dagrun for tutorial_dag to None, run_after=None
[2026-03-22T05:30:17.689+0000] {processor.py:183} INFO - Processing /home/airflow/.local/lib/python3.12/site-packages/airflow/example_dags/tutorial_dag.py took 0.385 seconds
[2026-03-22T05:30:48.916+0000] {processor.py:161} INFO - Started process (PID=299) to work on /home/airflow/.local/lib/python3.12/site-packages/airflow/example_dags/tutorial_dag.py
[2026-03-22T05:30:48.928+0000] {processor.py:830} INFO - Processing file /home/airflow/.local/lib/python3.12/site-packages/airflow/example_dags/tutorial_dag.py for tasks to queue
[2026-03-22T05:30:48.940+0000] {logging_mixin.py:188} INFO - [2026-03-22T05:30:48.939+0000] {dagbag.py:545} INFO - Filling up the DagBag from /home/airflow/.local/lib/python3.12/site-packages/airflow/example_dags/tutorial_dag.py
[2026-03-22T05:30:49.009+0000] {processor.py:840} INFO - DAG(s) 'tutorial_dag' retrieved from /home/airflow/.local/lib/python3.12/site-packages/airflow/example_dags/tutorial_dag.py
[2026-03-22T05:30:49.080+0000] {logging_mixin.py:188} INFO - [2026-03-22T05:30:49.079+0000] {dag.py:3096} INFO - Sync 1 DAGs
[2026-03-22T05:30:49.286+0000] {logging_mixin.py:188} INFO - [2026-03-22T05:30:49.269+0000] {dag.py:3954} INFO - Setting next_dagrun for tutorial_dag to None, run_after=None
[2026-03-22T05:30:49.439+0000] {processor.py:183} INFO - Processing /home/airflow/.local/lib/python3.12/site-packages/airflow/example_dags/tutorial_dag.py took 0.564 seconds
[2026-03-22T05:31:20.330+0000] {processor.py:161} INFO - Started process (PID=357) to work on /home/airflow/.local/lib/python3.12/site-packages/airflow/example_dags/tutorial_dag.py
[2026-03-22T05:31:20.337+0000] {processor.py:830} INFO - Processing file /home/airflow/.local/lib/python3.12/site-packages/airflow/example_dags/tutorial_dag.py for tasks to queue
[2026-03-22T05:31:20.354+0000] {logging_mixin.py:188} INFO - [2026-03-22T05:31:20.352+0000] {dagbag.py:545} INFO - Filling up the DagBag from /home/airflow/.local/lib/python3.12/site-packages/airflow/example_dags/tutorial_dag.py
[2026-03-22T05:31:20.404+0000] {processor.py:840} INFO - DAG(s) 'tutorial_dag' retrieved from /home/airflow/.local/lib/python3.12/site-packages/airflow/example_dags/tutorial_dag.py
[2026-03-22T05:31:20.490+0000] {logging_mixin.py:188} INFO - [2026-03-22T05:31:20.489+0000] {dag.py:3096} INFO - Sync 1 DAGs
[2026-03-22T05:31:20.524+0000] {logging_mixin.py:188} INFO - [2026-03-22T05:31:20.524+0000] {dag.py:3954} INFO - Setting next_dagrun for tutorial_dag to None, run_after=None
[2026-03-22T05:31:20.602+0000] {processor.py:183} INFO - Processing /home/airflow/.local/lib/python3.12/site-packages/airflow/example_dags/tutorial_dag.py took 0.295 seconds
[2026-03-22T05:31:51.037+0000] {processor.py:161} INFO - Started process (PID=415) to work on /home/airflow/.local/lib/python3.12/site-packages/airflow/example_dags/tutorial_dag.py
[2026-03-22T05:31:51.040+0000] {processor.py:830} INFO - Processing file /home/airflow/.local/lib/python3.12/site-packages/airflow/example_dags/tutorial_dag.py for tasks to queue
[2026-03-22T05:31:51.052+0000] {logging_mixin.py:188} INFO - [2026-03-22T05:31:51.050+0000] {dagbag.py:545} INFO - Filling up the DagBag from /home/airflow/.local/lib/python3.12/site-packages/airflow/example_dags/tutorial_dag.py
[2026-03-22T05:31:51.093+0000] {processor.py:840} INFO - DAG(s) 'tutorial_dag' retrieved from /home/airflow/.local/lib/python3.12/site-packages/airflow/example_dags/tutorial_dag.py
[2026-03-22T05:31:51.246+0000] {logging_mixin.py:188} INFO - [2026-03-22T05:31:51.245+0000] {dag.py:3096} INFO - Sync 1 DAGs
[2026-03-22T05:31:51.279+0000] {logging_mixin.py:188} INFO - [2026-03-22T05:31:51.279+0000] {dag.py:3954} INFO - Setting next_dagrun for tutorial_dag to None, run_after=None
[2026-03-22T05:31:51.320+0000] {processor.py:183} INFO - Processing /home/airflow/.local/lib/python3.12/site-packages/airflow/example_dags/tutorial_dag.py took 0.295 seconds
[2026-03-22T05:32:32.673+0000] {processor.py:161} INFO - Started process (PID=475) to work on /home/airflow/.local/lib/python3.12/site-packages/airflow/example_dags/tutorial_dag.py
[2026-03-22T05:32:32.697+0000] {processor.py:830} INFO - Processing file /home/airflow/.local/lib/python3.12/site-packages/airflow/example_dags/tutorial_dag.py for tasks to queue
[2026-03-22T05:32:32.716+0000] {logging_mixin.py:188} INFO - [2026-03-22T05:32:32.711+0000] {dagbag.py:545} INFO - Filling up the DagBag from /home/airflow/.local/lib/python3.12/site-packages/airflow/example_dags/tutorial_dag.py
[2026-03-22T05:32:32.912+0000] {processor.py:840} INFO - DAG(s) 'tutorial_dag' retrieved from /home/airflow/.local/lib/python3.12/site-packages/airflow/example_dags/tutorial_dag.py
[2026-03-22T05:32:34.436+0000] {logging_mixin.py:188} INFO - [2026-03-22T05:32:34.426+0000] {dag.py:3096} INFO - Sync 1 DAGs
[2026-03-22T05:32:34.796+0000] {logging_mixin.py:188} INFO - [2026-03-22T05:32:34.759+0000] {dag.py:3954} INFO - Setting next_dagrun for tutorial_dag to None, run_after=None
[2026-03-22T05:32:35.195+0000] {processor.py:183} INFO - Processing /home/airflow/.local/lib/python3.12/site-packages/airflow/example_dags/tutorial_dag.py took 2.643 seconds
[2026-03-22T05:34:01.061+0000] {processor.py:161} INFO - Started process (PID=534) to work on /home/airflow/.local/lib/python3.12/site-packages/airflow/example_dags/tutorial_dag.py
[2026-03-22T05:34:01.125+0000] {processor.py:830} INFO - Processing file /home/airflow/.local/lib/python3.12/site-packages/airflow/example_dags/tutorial_dag.py for tasks to queue
[2026-03-22T05:34:01.229+0000] {logging_mixin.py:188} INFO - [2026-03-22T05:34:01.184+0000] {dagbag.py:545} INFO - Filling up the DagBag from /home/airflow/.local/lib/python3.12/site-packages/airflow/example_dags/tutorial_dag.py
[2026-03-22T05:34:01.693+0000] {processor.py:840} INFO - DAG(s) 'tutorial_dag' retrieved from /home/airflow/.local/lib/python3.12/site-packages/airflow/example_dags/tutorial_dag.py
[2026-03-22T05:34:03.657+0000] {logging_mixin.py:188} INFO - [2026-03-22T05:34:03.618+0000] {dag.py:3096} INFO - Sync 1 DAGs
[2026-03-22T05:34:04.350+0000] {logging_mixin.py:188} INFO - [2026-03-22T05:34:04.338+0000] {dag.py:3954} INFO - Setting next_dagrun for tutorial_dag to None, run_after=None
[2026-03-22T05:34:05.149+0000] {processor.py:183} INFO - Processing /home/airflow/.local/lib/python3.12/site-packages/airflow/example_dags/tutorial_dag.py took 3.920 seconds
[2026-03-22T05:37:21.896+0000] {processor.py:161} INFO - Started process (PID=599) to work on /home/airflow/.local/lib/python3.12/site-packages/airflow/example_dags/tutorial_dag.py
[2026-03-22T05:37:21.911+0000] {processor.py:830} INFO - Processing file /home/airflow/.local/lib/python3.12/site-packages/airflow/example_dags/tutorial_dag.py for tasks to queue
[2026-03-22T05:37:21.939+0000] {logging_mixin.py:188} INFO - [2026-03-22T05:37:21.919+0000] {dagbag.py:545} INFO - Filling up the DagBag from /home/airflow/.local/lib/python3.12/site-packages/airflow/example_dags/tutorial_dag.py
[2026-03-22T05:37:23.059+0000] {processor.py:840} INFO - DAG(s) 'tutorial_dag' retrieved from /home/airflow/.local/lib/python3.12/site-packages/airflow/example_dags/tutorial_dag.py
[2026-03-22T05:37:29.404+0000] {logging_mixin.py:188} INFO - [2026-03-22T05:37:29.177+0000] {dag.py:3096} INFO - Sync 1 DAGs
[2026-03-22T05:37:30.191+0000] {logging_mixin.py:188} INFO - [2026-03-22T05:37:30.004+0000] {dag.py:3954} INFO - Setting next_dagrun for tutorial_dag to None, run_after=None
[2026-03-22T05:37:32.581+0000] {processor.py:183} INFO - Processing /home/airflow/.local/lib/python3.12/site-packages/airflow/example_dags/tutorial_dag.py took 10.913 seconds
[2026-03-22T05:40:49.279+0000] {processor.py:161} INFO - Started process (PID=663) to work on /home/airflow/.local/lib/python3.12/site-packages/airflow/example_dags/tutorial_dag.py
[2026-03-22T05:40:49.330+0000] {processor.py:830} INFO - Processing file /home/airflow/.local/lib/python3.12/site-packages/airflow/example_dags/tutorial_dag.py for tasks to queue
[2026-03-22T05:40:49.336+0000] {logging_mixin.py:188} INFO - [2026-03-22T05:40:49.333+0000] {dagbag.py:545} INFO - Filling up the DagBag from /home/airflow/.local/lib/python3.12/site-packages/airflow/example_dags/tutorial_dag.py
[2026-03-22T05:40:49.802+0000] {processor.py:840} INFO - DAG(s) 'tutorial_dag' retrieved from /home/airflow/.local/lib/python3.12/site-packages/airflow/example_dags/tutorial_dag.py
[2026-03-22T05:40:53.844+0000] {logging_mixin.py:188} INFO - [2026-03-22T05:40:53.688+0000] {dag.py:3096} INFO - Sync 1 DAGs
[2026-03-22T05:40:54.204+0000] {logging_mixin.py:188} INFO - [2026-03-22T05:40:54.087+0000] {dag.py:3954} INFO - Setting next_dagrun for tutorial_dag to None, run_after=None
[2026-03-22T05:40:54.707+0000] {processor.py:183} INFO - Processing /home/airflow/.local/lib/python3.12/site-packages/airflow/example_dags/tutorial_dag.py took 5.668 seconds
[2026-03-22T05:44:53.752+0000] {processor.py:161} INFO - Started process (PID=737) to work on /home/airflow/.local/lib/python3.12/site-packages/airflow/example_dags/tutorial_dag.py
[2026-03-22T05:44:53.767+0000] {processor.py:830} INFO - Processing file /home/airflow/.local/lib/python3.12/site-packages/airflow/example_dags/tutorial_dag.py for tasks to queue
[2026-03-22T05:44:53.815+0000] {logging_mixin.py:188} INFO - [2026-03-22T05:44:53.791+0000] {dagbag.py:545} INFO - Filling up the DagBag from /home/airflow/.local/lib/python3.12/site-packages/airflow/example_dags/tutorial_dag.py
[2026-03-22T05:44:54.231+0000] {processor.py:840} INFO - DAG(s) 'tutorial_dag' retrieved from /home/airflow/.local/lib/python3.12/site-packages/airflow/example_dags/tutorial_dag.py
[2026-03-22T05:44:56.574+0000] {logging_mixin.py:188} INFO - [2026-03-22T05:44:56.455+0000] {dag.py:3096} INFO - Sync 1 DAGs
[2026-03-22T05:44:56.899+0000] {logging_mixin.py:188} INFO - [2026-03-22T05:44:56.887+0000] {dag.py:3954} INFO - Setting next_dagrun for tutorial_dag to None, run_after=None
[2026-03-22T05:44:57.572+0000] {processor.py:183} INFO - Processing /home/airflow/.local/lib/python3.12/site-packages/airflow/example_dags/tutorial_dag.py took 4.198 seconds
[2026-03-22T05:50:49.588+0000] {processor.py:161} INFO - Started process (PID=822) to work on /home/airflow/.local/lib/python3.12/site-packages/airflow/example_dags/tutorial_dag.py
[2026-03-22T05:50:49.648+0000] {processor.py:830} INFO - Processing file /home/airflow/.local/lib/python3.12/site-packages/airflow/example_dags/tutorial_dag.py for tasks to queue
[2026-03-22T05:50:49.764+0000] {logging_mixin.py:188} INFO - [2026-03-22T05:50:49.658+0000] {dagbag.py:545} INFO - Filling up the DagBag from /home/airflow/.local/lib/python3.12/site-packages/airflow/example_dags/tutorial_dag.py
[2026-03-22T05:50:51.858+0000] {processor.py:840} INFO - DAG(s) 'tutorial_dag' retrieved from /home/airflow/.local/lib/python3.12/site-packages/airflow/example_dags/tutorial_dag.py
[2026-03-22T05:50:57.643+0000] {logging_mixin.py:188} INFO - [2026-03-22T05:50:57.442+0000] {dag.py:3096} INFO - Sync 1 DAGs
[2026-03-22T05:50:59.513+0000] {logging_mixin.py:188} INFO - [2026-03-22T05:50:59.160+0000] {dag.py:3954} INFO - Setting next_dagrun for tutorial_dag to None, run_after=None
[2026-03-22T05:51:05.355+0000] {processor.py:183} INFO - Processing /home/airflow/.local/lib/python3.12/site-packages/airflow/example_dags/tutorial_dag.py took 16.649 seconds
[2026-03-22T06:01:12.780+0000] {processor.py:161} INFO - Started process (PID=940) to work on /home/airflow/.local/lib/python3.12/site-packages/airflow/example_dags/tutorial_dag.py
[2026-03-22T06:01:12.821+0000] {processor.py:830} INFO - Processing file /home/airflow/.local/lib/python3.12/site-packages/airflow/example_dags/tutorial_dag.py for tasks to queue
[2026-03-22T06:01:12.900+0000] {logging_mixin.py:188} INFO - [2026-03-22T06:01:12.891+0000] {dagbag.py:545} INFO - Filling up the DagBag from /home/airflow/.local/lib/python3.12/site-packages/airflow/example_dags/tutorial_dag.py
[2026-03-22T06:01:13.057+0000] {processor.py:840} INFO - DAG(s) 'tutorial_dag' retrieved from /home/airflow/.local/lib/python3.12/site-packages/airflow/example_dags/tutorial_dag.py
[2026-03-22T06:01:13.962+0000] {logging_mixin.py:188} INFO - [2026-03-22T06:01:13.884+0000] {dag.py:3096} INFO - Sync 1 DAGs
[2026-03-22T06:01:14.411+0000] {logging_mixin.py:188} INFO - [2026-03-22T06:01:14.389+0000] {dag.py:3954} INFO - Setting next_dagrun for tutorial_dag to None, run_after=None
[2026-03-22T06:01:14.852+0000] {processor.py:183} INFO - Processing /home/airflow/.local/lib/python3.12/site-packages/airflow/example_dags/tutorial_dag.py took 2.319 seconds
