[2026-03-22T04:09:21.835+0000] {processor.py:161} INFO - Started process (PID=78) to work on /home/airflow/.local/lib/python3.12/site-packages/airflow/example_dags/tutorial.py
[2026-03-22T04:09:21.835+0000] {processor.py:830} INFO - Processing file /home/airflow/.local/lib/python3.12/site-packages/airflow/example_dags/tutorial.py for tasks to queue
[2026-03-22T04:09:21.836+0000] {logging_mixin.py:188} INFO - [2026-03-22T04:09:21.836+0000] {dagbag.py:545} INFO - Filling up the DagBag from /home/airflow/.local/lib/python3.12/site-packages/airflow/example_dags/tutorial.py
[2026-03-22T04:09:21.843+0000] {processor.py:840} INFO - DAG(s) 'tutorial' retrieved from /home/airflow/.local/lib/python3.12/site-packages/airflow/example_dags/tutorial.py
[2026-03-22T04:09:21.946+0000] {logging_mixin.py:188} INFO - [2026-03-22T04:09:21.946+0000] {dag.py:3096} INFO - Sync 1 DAGs
[2026-03-22T04:09:21.966+0000] {logging_mixin.py:188} INFO - [2026-03-22T04:09:21.966+0000] {dag.py:3954} INFO - Setting next_dagrun for tutorial to 2026-03-21 00:00:00+00:00, run_after=2026-03-22 00:00:00+00:00
[2026-03-22T04:09:21.983+0000] {processor.py:183} INFO - Processing /home/airflow/.local/lib/python3.12/site-packages/airflow/example_dags/tutorial.py took 0.151 seconds
[2026-03-22T04:09:53.159+0000] {processor.py:161} INFO - Started process (PID=136) to work on /home/airflow/.local/lib/python3.12/site-packages/airflow/example_dags/tutorial.py
[2026-03-22T04:09:53.162+0000] {processor.py:830} INFO - Processing file /home/airflow/.local/lib/python3.12/site-packages/airflow/example_dags/tutorial.py for tasks to queue
[2026-03-22T04:09:53.170+0000] {logging_mixin.py:188} INFO - [2026-03-22T04:09:53.169+0000] {dagbag.py:545} INFO - Filling up the DagBag from /home/airflow/.local/lib/python3.12/site-packages/airflow/example_dags/tutorial.py
[2026-03-22T04:09:53.178+0000] {processor.py:840} INFO - DAG(s) 'tutorial' retrieved from /home/airflow/.local/lib/python3.12/site-packages/airflow/example_dags/tutorial.py
[2026-03-22T04:09:53.196+0000] {logging_mixin.py:188} INFO - [2026-03-22T04:09:53.195+0000] {dag.py:3096} INFO - Sync 1 DAGs
[2026-03-22T04:09:53.233+0000] {logging_mixin.py:188} INFO - [2026-03-22T04:09:53.232+0000] {dag.py:3954} INFO - Setting next_dagrun for tutorial to 2026-03-21 00:00:00+00:00, run_after=2026-03-22 00:00:00+00:00
[2026-03-22T04:09:53.260+0000] {processor.py:183} INFO - Processing /home/airflow/.local/lib/python3.12/site-packages/airflow/example_dags/tutorial.py took 0.106 seconds
[2026-03-22T04:10:23.351+0000] {processor.py:161} INFO - Started process (PID=194) to work on /home/airflow/.local/lib/python3.12/site-packages/airflow/example_dags/tutorial.py
[2026-03-22T04:10:23.352+0000] {processor.py:830} INFO - Processing file /home/airflow/.local/lib/python3.12/site-packages/airflow/example_dags/tutorial.py for tasks to queue
[2026-03-22T04:10:23.353+0000] {logging_mixin.py:188} INFO - [2026-03-22T04:10:23.353+0000] {dagbag.py:545} INFO - Filling up the DagBag from /home/airflow/.local/lib/python3.12/site-packages/airflow/example_dags/tutorial.py
[2026-03-22T04:10:23.356+0000] {processor.py:840} INFO - DAG(s) 'tutorial' retrieved from /home/airflow/.local/lib/python3.12/site-packages/airflow/example_dags/tutorial.py
[2026-03-22T04:10:23.365+0000] {logging_mixin.py:188} INFO - [2026-03-22T04:10:23.365+0000] {dag.py:3096} INFO - Sync 1 DAGs
[2026-03-22T04:10:23.373+0000] {logging_mixin.py:188} INFO - [2026-03-22T04:10:23.373+0000] {dag.py:3954} INFO - Setting next_dagrun for tutorial to 2026-03-21 00:00:00+00:00, run_after=2026-03-22 00:00:00+00:00
[2026-03-22T04:10:23.380+0000] {processor.py:183} INFO - Processing /home/airflow/.local/lib/python3.12/site-packages/airflow/example_dags/tutorial.py took 0.032 seconds
[2026-03-22T04:10:53.908+0000] {processor.py:161} INFO - Started process (PID=252) to work on /home/airflow/.local/lib/python3.12/site-packages/airflow/example_dags/tutorial.py
[2026-03-22T04:10:53.908+0000] {processor.py:830} INFO - Processing file /home/airflow/.local/lib/python3.12/site-packages/airflow/example_dags/tutorial.py for tasks to queue
[2026-03-22T04:10:53.910+0000] {logging_mixin.py:188} INFO - [2026-03-22T04:10:53.909+0000] {dagbag.py:545} INFO - Filling up the DagBag from /home/airflow/.local/lib/python3.12/site-packages/airflow/example_dags/tutorial.py
[2026-03-22T04:10:53.913+0000] {processor.py:840} INFO - DAG(s) 'tutorial' retrieved from /home/airflow/.local/lib/python3.12/site-packages/airflow/example_dags/tutorial.py
[2026-03-22T04:10:53.928+0000] {logging_mixin.py:188} INFO - [2026-03-22T04:10:53.928+0000] {dag.py:3096} INFO - Sync 1 DAGs
[2026-03-22T04:10:53.937+0000] {logging_mixin.py:188} INFO - [2026-03-22T04:10:53.937+0000] {dag.py:3954} INFO - Setting next_dagrun for tutorial to 2026-03-21 00:00:00+00:00, run_after=2026-03-22 00:00:00+00:00
[2026-03-22T04:10:53.944+0000] {processor.py:183} INFO - Processing /home/airflow/.local/lib/python3.12/site-packages/airflow/example_dags/tutorial.py took 0.040 seconds
[2026-03-22T04:11:24.258+0000] {processor.py:161} INFO - Started process (PID=310) to work on /home/airflow/.local/lib/python3.12/site-packages/airflow/example_dags/tutorial.py
[2026-03-22T04:11:24.258+0000] {processor.py:830} INFO - Processing file /home/airflow/.local/lib/python3.12/site-packages/airflow/example_dags/tutorial.py for tasks to queue
[2026-03-22T04:11:24.259+0000] {logging_mixin.py:188} INFO - [2026-03-22T04:11:24.259+0000] {dagbag.py:545} INFO - Filling up the DagBag from /home/airflow/.local/lib/python3.12/site-packages/airflow/example_dags/tutorial.py
[2026-03-22T04:11:24.262+0000] {processor.py:840} INFO - DAG(s) 'tutorial' retrieved from /home/airflow/.local/lib/python3.12/site-packages/airflow/example_dags/tutorial.py
[2026-03-22T04:11:24.273+0000] {logging_mixin.py:188} INFO - [2026-03-22T04:11:24.273+0000] {dag.py:3096} INFO - Sync 1 DAGs
[2026-03-22T04:11:24.282+0000] {logging_mixin.py:188} INFO - [2026-03-22T04:11:24.282+0000] {dag.py:3954} INFO - Setting next_dagrun for tutorial to 2026-03-21 00:00:00+00:00, run_after=2026-03-22 00:00:00+00:00
[2026-03-22T04:11:24.292+0000] {processor.py:183} INFO - Processing /home/airflow/.local/lib/python3.12/site-packages/airflow/example_dags/tutorial.py took 0.040 seconds
[2026-03-22T04:11:54.961+0000] {processor.py:161} INFO - Started process (PID=368) to work on /home/airflow/.local/lib/python3.12/site-packages/airflow/example_dags/tutorial.py
[2026-03-22T04:11:54.962+0000] {processor.py:830} INFO - Processing file /home/airflow/.local/lib/python3.12/site-packages/airflow/example_dags/tutorial.py for tasks to queue
[2026-03-22T04:11:54.965+0000] {logging_mixin.py:188} INFO - [2026-03-22T04:11:54.964+0000] {dagbag.py:545} INFO - Filling up the DagBag from /home/airflow/.local/lib/python3.12/site-packages/airflow/example_dags/tutorial.py
[2026-03-22T04:11:54.968+0000] {processor.py:840} INFO - DAG(s) 'tutorial' retrieved from /home/airflow/.local/lib/python3.12/site-packages/airflow/example_dags/tutorial.py
[2026-03-22T04:11:54.979+0000] {logging_mixin.py:188} INFO - [2026-03-22T04:11:54.979+0000] {dag.py:3096} INFO - Sync 1 DAGs
[2026-03-22T04:11:54.992+0000] {logging_mixin.py:188} INFO - [2026-03-22T04:11:54.992+0000] {dag.py:3954} INFO - Setting next_dagrun for tutorial to 2026-03-21 00:00:00+00:00, run_after=2026-03-22 00:00:00+00:00
[2026-03-22T04:11:55.001+0000] {processor.py:183} INFO - Processing /home/airflow/.local/lib/python3.12/site-packages/airflow/example_dags/tutorial.py took 0.044 seconds
[2026-03-22T04:12:25.407+0000] {processor.py:161} INFO - Started process (PID=426) to work on /home/airflow/.local/lib/python3.12/site-packages/airflow/example_dags/tutorial.py
[2026-03-22T04:12:25.410+0000] {processor.py:830} INFO - Processing file /home/airflow/.local/lib/python3.12/site-packages/airflow/example_dags/tutorial.py for tasks to queue
[2026-03-22T04:12:25.411+0000] {logging_mixin.py:188} INFO - [2026-03-22T04:12:25.411+0000] {dagbag.py:545} INFO - Filling up the DagBag from /home/airflow/.local/lib/python3.12/site-packages/airflow/example_dags/tutorial.py
[2026-03-22T04:12:25.416+0000] {processor.py:840} INFO - DAG(s) 'tutorial' retrieved from /home/airflow/.local/lib/python3.12/site-packages/airflow/example_dags/tutorial.py
[2026-03-22T04:12:25.426+0000] {logging_mixin.py:188} INFO - [2026-03-22T04:12:25.426+0000] {dag.py:3096} INFO - Sync 1 DAGs
[2026-03-22T04:12:25.436+0000] {logging_mixin.py:188} INFO - [2026-03-22T04:12:25.436+0000] {dag.py:3954} INFO - Setting next_dagrun for tutorial to 2026-03-21 00:00:00+00:00, run_after=2026-03-22 00:00:00+00:00
[2026-03-22T04:12:25.443+0000] {processor.py:183} INFO - Processing /home/airflow/.local/lib/python3.12/site-packages/airflow/example_dags/tutorial.py took 0.039 seconds
[2026-03-22T04:12:55.991+0000] {processor.py:161} INFO - Started process (PID=484) to work on /home/airflow/.local/lib/python3.12/site-packages/airflow/example_dags/tutorial.py
[2026-03-22T04:12:55.992+0000] {processor.py:830} INFO - Processing file /home/airflow/.local/lib/python3.12/site-packages/airflow/example_dags/tutorial.py for tasks to queue
[2026-03-22T04:12:55.993+0000] {logging_mixin.py:188} INFO - [2026-03-22T04:12:55.993+0000] {dagbag.py:545} INFO - Filling up the DagBag from /home/airflow/.local/lib/python3.12/site-packages/airflow/example_dags/tutorial.py
[2026-03-22T04:12:55.998+0000] {processor.py:840} INFO - DAG(s) 'tutorial' retrieved from /home/airflow/.local/lib/python3.12/site-packages/airflow/example_dags/tutorial.py
[2026-03-22T04:12:56.007+0000] {logging_mixin.py:188} INFO - [2026-03-22T04:12:56.007+0000] {dag.py:3096} INFO - Sync 1 DAGs
[2026-03-22T04:12:56.016+0000] {logging_mixin.py:188} INFO - [2026-03-22T04:12:56.016+0000] {dag.py:3954} INFO - Setting next_dagrun for tutorial to 2026-03-21 00:00:00+00:00, run_after=2026-03-22 00:00:00+00:00
[2026-03-22T04:12:56.023+0000] {processor.py:183} INFO - Processing /home/airflow/.local/lib/python3.12/site-packages/airflow/example_dags/tutorial.py took 0.035 seconds
[2026-03-22T04:13:26.146+0000] {processor.py:161} INFO - Started process (PID=542) to work on /home/airflow/.local/lib/python3.12/site-packages/airflow/example_dags/tutorial.py
[2026-03-22T04:13:26.150+0000] {processor.py:830} INFO - Processing file /home/airflow/.local/lib/python3.12/site-packages/airflow/example_dags/tutorial.py for tasks to queue
[2026-03-22T04:13:26.152+0000] {logging_mixin.py:188} INFO - [2026-03-22T04:13:26.151+0000] {dagbag.py:545} INFO - Filling up the DagBag from /home/airflow/.local/lib/python3.12/site-packages/airflow/example_dags/tutorial.py
[2026-03-22T04:13:26.156+0000] {processor.py:840} INFO - DAG(s) 'tutorial' retrieved from /home/airflow/.local/lib/python3.12/site-packages/airflow/example_dags/tutorial.py
[2026-03-22T04:13:26.166+0000] {logging_mixin.py:188} INFO - [2026-03-22T04:13:26.166+0000] {dag.py:3096} INFO - Sync 1 DAGs
[2026-03-22T04:13:26.175+0000] {logging_mixin.py:188} INFO - [2026-03-22T04:13:26.175+0000] {dag.py:3954} INFO - Setting next_dagrun for tutorial to 2026-03-21 00:00:00+00:00, run_after=2026-03-22 00:00:00+00:00
[2026-03-22T04:13:26.182+0000] {processor.py:183} INFO - Processing /home/airflow/.local/lib/python3.12/site-packages/airflow/example_dags/tutorial.py took 0.039 seconds
[2026-03-22T04:13:56.454+0000] {processor.py:161} INFO - Started process (PID=600) to work on /home/airflow/.local/lib/python3.12/site-packages/airflow/example_dags/tutorial.py
[2026-03-22T04:13:56.455+0000] {processor.py:830} INFO - Processing file /home/airflow/.local/lib/python3.12/site-packages/airflow/example_dags/tutorial.py for tasks to queue
[2026-03-22T04:13:56.456+0000] {logging_mixin.py:188} INFO - [2026-03-22T04:13:56.456+0000] {dagbag.py:545} INFO - Filling up the DagBag from /home/airflow/.local/lib/python3.12/site-packages/airflow/example_dags/tutorial.py
[2026-03-22T04:13:56.459+0000] {processor.py:840} INFO - DAG(s) 'tutorial' retrieved from /home/airflow/.local/lib/python3.12/site-packages/airflow/example_dags/tutorial.py
[2026-03-22T04:13:56.469+0000] {logging_mixin.py:188} INFO - [2026-03-22T04:13:56.469+0000] {dag.py:3096} INFO - Sync 1 DAGs
[2026-03-22T04:13:56.478+0000] {logging_mixin.py:188} INFO - [2026-03-22T04:13:56.478+0000] {dag.py:3954} INFO - Setting next_dagrun for tutorial to 2026-03-21 00:00:00+00:00, run_after=2026-03-22 00:00:00+00:00
[2026-03-22T04:13:56.485+0000] {processor.py:183} INFO - Processing /home/airflow/.local/lib/python3.12/site-packages/airflow/example_dags/tutorial.py took 0.034 seconds
[2026-03-22T04:14:26.809+0000] {processor.py:161} INFO - Started process (PID=657) to work on /home/airflow/.local/lib/python3.12/site-packages/airflow/example_dags/tutorial.py
[2026-03-22T04:14:26.810+0000] {processor.py:830} INFO - Processing file /home/airflow/.local/lib/python3.12/site-packages/airflow/example_dags/tutorial.py for tasks to queue
[2026-03-22T04:14:26.811+0000] {logging_mixin.py:188} INFO - [2026-03-22T04:14:26.811+0000] {dagbag.py:545} INFO - Filling up the DagBag from /home/airflow/.local/lib/python3.12/site-packages/airflow/example_dags/tutorial.py
[2026-03-22T04:14:26.814+0000] {processor.py:840} INFO - DAG(s) 'tutorial' retrieved from /home/airflow/.local/lib/python3.12/site-packages/airflow/example_dags/tutorial.py
[2026-03-22T04:14:26.822+0000] {logging_mixin.py:188} INFO - [2026-03-22T04:14:26.822+0000] {dag.py:3096} INFO - Sync 1 DAGs
[2026-03-22T04:14:26.829+0000] {logging_mixin.py:188} INFO - [2026-03-22T04:14:26.829+0000] {dag.py:3954} INFO - Setting next_dagrun for tutorial to 2026-03-21 00:00:00+00:00, run_after=2026-03-22 00:00:00+00:00
[2026-03-22T04:14:26.835+0000] {processor.py:183} INFO - Processing /home/airflow/.local/lib/python3.12/site-packages/airflow/example_dags/tutorial.py took 0.030 seconds
[2026-03-22T04:14:57.814+0000] {processor.py:161} INFO - Started process (PID=716) to work on /home/airflow/.local/lib/python3.12/site-packages/airflow/example_dags/tutorial.py
[2026-03-22T04:14:57.816+0000] {processor.py:830} INFO - Processing file /home/airflow/.local/lib/python3.12/site-packages/airflow/example_dags/tutorial.py for tasks to queue
[2026-03-22T04:14:57.817+0000] {logging_mixin.py:188} INFO - [2026-03-22T04:14:57.817+0000] {dagbag.py:545} INFO - Filling up the DagBag from /home/airflow/.local/lib/python3.12/site-packages/airflow/example_dags/tutorial.py
[2026-03-22T04:14:57.821+0000] {processor.py:840} INFO - DAG(s) 'tutorial' retrieved from /home/airflow/.local/lib/python3.12/site-packages/airflow/example_dags/tutorial.py
[2026-03-22T04:14:57.828+0000] {logging_mixin.py:188} INFO - [2026-03-22T04:14:57.828+0000] {dag.py:3096} INFO - Sync 1 DAGs
[2026-03-22T04:14:57.836+0000] {logging_mixin.py:188} INFO - [2026-03-22T04:14:57.836+0000] {dag.py:3954} INFO - Setting next_dagrun for tutorial to 2026-03-21 00:00:00+00:00, run_after=2026-03-22 00:00:00+00:00
[2026-03-22T04:14:57.843+0000] {processor.py:183} INFO - Processing /home/airflow/.local/lib/python3.12/site-packages/airflow/example_dags/tutorial.py took 0.031 seconds
[2026-03-22T04:15:28.599+0000] {processor.py:161} INFO - Started process (PID=774) to work on /home/airflow/.local/lib/python3.12/site-packages/airflow/example_dags/tutorial.py
[2026-03-22T04:15:28.601+0000] {processor.py:830} INFO - Processing file /home/airflow/.local/lib/python3.12/site-packages/airflow/example_dags/tutorial.py for tasks to queue
[2026-03-22T04:15:28.602+0000] {logging_mixin.py:188} INFO - [2026-03-22T04:15:28.602+0000] {dagbag.py:545} INFO - Filling up the DagBag from /home/airflow/.local/lib/python3.12/site-packages/airflow/example_dags/tutorial.py
[2026-03-22T04:15:28.606+0000] {processor.py:840} INFO - DAG(s) 'tutorial' retrieved from /home/airflow/.local/lib/python3.12/site-packages/airflow/example_dags/tutorial.py
[2026-03-22T04:15:28.615+0000] {logging_mixin.py:188} INFO - [2026-03-22T04:15:28.615+0000] {dag.py:3096} INFO - Sync 1 DAGs
[2026-03-22T04:15:28.624+0000] {logging_mixin.py:188} INFO - [2026-03-22T04:15:28.624+0000] {dag.py:3954} INFO - Setting next_dagrun for tutorial to 2026-03-21 00:00:00+00:00, run_after=2026-03-22 00:00:00+00:00
[2026-03-22T04:15:28.631+0000] {processor.py:183} INFO - Processing /home/airflow/.local/lib/python3.12/site-packages/airflow/example_dags/tutorial.py took 0.034 seconds
[2026-03-22T04:15:59.137+0000] {processor.py:161} INFO - Started process (PID=832) to work on /home/airflow/.local/lib/python3.12/site-packages/airflow/example_dags/tutorial.py
[2026-03-22T04:15:59.142+0000] {processor.py:830} INFO - Processing file /home/airflow/.local/lib/python3.12/site-packages/airflow/example_dags/tutorial.py for tasks to queue
[2026-03-22T04:15:59.143+0000] {logging_mixin.py:188} INFO - [2026-03-22T04:15:59.143+0000] {dagbag.py:545} INFO - Filling up the DagBag from /home/airflow/.local/lib/python3.12/site-packages/airflow/example_dags/tutorial.py
[2026-03-22T04:15:59.147+0000] {processor.py:840} INFO - DAG(s) 'tutorial' retrieved from /home/airflow/.local/lib/python3.12/site-packages/airflow/example_dags/tutorial.py
[2026-03-22T04:15:59.161+0000] {logging_mixin.py:188} INFO - [2026-03-22T04:15:59.161+0000] {dag.py:3096} INFO - Sync 1 DAGs
[2026-03-22T04:15:59.171+0000] {logging_mixin.py:188} INFO - [2026-03-22T04:15:59.171+0000] {dag.py:3954} INFO - Setting next_dagrun for tutorial to 2026-03-21 00:00:00+00:00, run_after=2026-03-22 00:00:00+00:00
[2026-03-22T04:15:59.178+0000] {processor.py:183} INFO - Processing /home/airflow/.local/lib/python3.12/site-packages/airflow/example_dags/tutorial.py took 0.045 seconds
[2026-03-22T04:16:51.313+0000] {processor.py:161} INFO - Started process (PID=890) to work on /home/airflow/.local/lib/python3.12/site-packages/airflow/example_dags/tutorial.py
[2026-03-22T04:16:51.318+0000] {processor.py:830} INFO - Processing file /home/airflow/.local/lib/python3.12/site-packages/airflow/example_dags/tutorial.py for tasks to queue
[2026-03-22T04:16:51.343+0000] {logging_mixin.py:188} INFO - [2026-03-22T04:16:51.342+0000] {dagbag.py:545} INFO - Filling up the DagBag from /home/airflow/.local/lib/python3.12/site-packages/airflow/example_dags/tutorial.py
[2026-03-22T04:16:51.408+0000] {processor.py:840} INFO - DAG(s) 'tutorial' retrieved from /home/airflow/.local/lib/python3.12/site-packages/airflow/example_dags/tutorial.py
[2026-03-22T04:16:51.760+0000] {logging_mixin.py:188} INFO - [2026-03-22T04:16:51.752+0000] {dag.py:3096} INFO - Sync 1 DAGs
[2026-03-22T04:16:51.983+0000] {logging_mixin.py:188} INFO - [2026-03-22T04:16:51.981+0000] {dag.py:3954} INFO - Setting next_dagrun for tutorial to 2026-03-21 00:00:00+00:00, run_after=2026-03-22 00:00:00+00:00
[2026-03-22T04:16:52.061+0000] {processor.py:183} INFO - Processing /home/airflow/.local/lib/python3.12/site-packages/airflow/example_dags/tutorial.py took 0.774 seconds
[2026-03-22T04:17:39.225+0000] {processor.py:161} INFO - Started process (PID=947) to work on /home/airflow/.local/lib/python3.12/site-packages/airflow/example_dags/tutorial.py
[2026-03-22T04:17:39.229+0000] {processor.py:830} INFO - Processing file /home/airflow/.local/lib/python3.12/site-packages/airflow/example_dags/tutorial.py for tasks to queue
[2026-03-22T04:17:39.232+0000] {logging_mixin.py:188} INFO - [2026-03-22T04:17:39.231+0000] {dagbag.py:545} INFO - Filling up the DagBag from /home/airflow/.local/lib/python3.12/site-packages/airflow/example_dags/tutorial.py
[2026-03-22T04:17:39.240+0000] {processor.py:840} INFO - DAG(s) 'tutorial' retrieved from /home/airflow/.local/lib/python3.12/site-packages/airflow/example_dags/tutorial.py
[2026-03-22T04:17:39.266+0000] {logging_mixin.py:188} INFO - [2026-03-22T04:17:39.266+0000] {dag.py:3096} INFO - Sync 1 DAGs
[2026-03-22T04:17:39.284+0000] {logging_mixin.py:188} INFO - [2026-03-22T04:17:39.284+0000] {dag.py:3954} INFO - Setting next_dagrun for tutorial to 2026-03-21 00:00:00+00:00, run_after=2026-03-22 00:00:00+00:00
[2026-03-22T04:17:39.309+0000] {processor.py:183} INFO - Processing /home/airflow/.local/lib/python3.12/site-packages/airflow/example_dags/tutorial.py took 0.092 seconds
[2026-03-22T04:18:09.338+0000] {processor.py:161} INFO - Started process (PID=1004) to work on /home/airflow/.local/lib/python3.12/site-packages/airflow/example_dags/tutorial.py
[2026-03-22T04:18:09.338+0000] {processor.py:830} INFO - Processing file /home/airflow/.local/lib/python3.12/site-packages/airflow/example_dags/tutorial.py for tasks to queue
[2026-03-22T04:18:09.339+0000] {logging_mixin.py:188} INFO - [2026-03-22T04:18:09.339+0000] {dagbag.py:545} INFO - Filling up the DagBag from /home/airflow/.local/lib/python3.12/site-packages/airflow/example_dags/tutorial.py
[2026-03-22T04:18:09.343+0000] {processor.py:840} INFO - DAG(s) 'tutorial' retrieved from /home/airflow/.local/lib/python3.12/site-packages/airflow/example_dags/tutorial.py
[2026-03-22T04:18:09.351+0000] {logging_mixin.py:188} INFO - [2026-03-22T04:18:09.351+0000] {dag.py:3096} INFO - Sync 1 DAGs
[2026-03-22T04:18:09.359+0000] {logging_mixin.py:188} INFO - [2026-03-22T04:18:09.359+0000] {dag.py:3954} INFO - Setting next_dagrun for tutorial to 2026-03-21 00:00:00+00:00, run_after=2026-03-22 00:00:00+00:00
[2026-03-22T04:18:09.367+0000] {processor.py:183} INFO - Processing /home/airflow/.local/lib/python3.12/site-packages/airflow/example_dags/tutorial.py took 0.032 seconds
[2026-03-22T04:18:40.086+0000] {processor.py:161} INFO - Started process (PID=1061) to work on /home/airflow/.local/lib/python3.12/site-packages/airflow/example_dags/tutorial.py
[2026-03-22T04:18:40.089+0000] {processor.py:830} INFO - Processing file /home/airflow/.local/lib/python3.12/site-packages/airflow/example_dags/tutorial.py for tasks to queue
[2026-03-22T04:18:40.091+0000] {logging_mixin.py:188} INFO - [2026-03-22T04:18:40.090+0000] {dagbag.py:545} INFO - Filling up the DagBag from /home/airflow/.local/lib/python3.12/site-packages/airflow/example_dags/tutorial.py
[2026-03-22T04:18:40.094+0000] {processor.py:840} INFO - DAG(s) 'tutorial' retrieved from /home/airflow/.local/lib/python3.12/site-packages/airflow/example_dags/tutorial.py
[2026-03-22T04:18:40.102+0000] {logging_mixin.py:188} INFO - [2026-03-22T04:18:40.102+0000] {dag.py:3096} INFO - Sync 1 DAGs
[2026-03-22T04:18:40.113+0000] {logging_mixin.py:188} INFO - [2026-03-22T04:18:40.113+0000] {dag.py:3954} INFO - Setting next_dagrun for tutorial to 2026-03-21 00:00:00+00:00, run_after=2026-03-22 00:00:00+00:00
[2026-03-22T04:18:40.119+0000] {processor.py:183} INFO - Processing /home/airflow/.local/lib/python3.12/site-packages/airflow/example_dags/tutorial.py took 0.036 seconds
[2026-03-22T04:19:10.541+0000] {processor.py:161} INFO - Started process (PID=1119) to work on /home/airflow/.local/lib/python3.12/site-packages/airflow/example_dags/tutorial.py
[2026-03-22T04:19:10.542+0000] {processor.py:830} INFO - Processing file /home/airflow/.local/lib/python3.12/site-packages/airflow/example_dags/tutorial.py for tasks to queue
[2026-03-22T04:19:10.542+0000] {logging_mixin.py:188} INFO - [2026-03-22T04:19:10.542+0000] {dagbag.py:545} INFO - Filling up the DagBag from /home/airflow/.local/lib/python3.12/site-packages/airflow/example_dags/tutorial.py
[2026-03-22T04:19:10.546+0000] {processor.py:840} INFO - DAG(s) 'tutorial' retrieved from /home/airflow/.local/lib/python3.12/site-packages/airflow/example_dags/tutorial.py
[2026-03-22T04:19:10.556+0000] {logging_mixin.py:188} INFO - [2026-03-22T04:19:10.556+0000] {dag.py:3096} INFO - Sync 1 DAGs
[2026-03-22T04:19:10.566+0000] {logging_mixin.py:188} INFO - [2026-03-22T04:19:10.566+0000] {dag.py:3954} INFO - Setting next_dagrun for tutorial to 2026-03-21 00:00:00+00:00, run_after=2026-03-22 00:00:00+00:00
[2026-03-22T04:19:10.572+0000] {processor.py:183} INFO - Processing /home/airflow/.local/lib/python3.12/site-packages/airflow/example_dags/tutorial.py took 0.034 seconds
[2026-03-22T04:19:40.666+0000] {processor.py:161} INFO - Started process (PID=1177) to work on /home/airflow/.local/lib/python3.12/site-packages/airflow/example_dags/tutorial.py
[2026-03-22T04:19:40.667+0000] {processor.py:830} INFO - Processing file /home/airflow/.local/lib/python3.12/site-packages/airflow/example_dags/tutorial.py for tasks to queue
[2026-03-22T04:19:40.668+0000] {logging_mixin.py:188} INFO - [2026-03-22T04:19:40.668+0000] {dagbag.py:545} INFO - Filling up the DagBag from /home/airflow/.local/lib/python3.12/site-packages/airflow/example_dags/tutorial.py
[2026-03-22T04:19:40.671+0000] {processor.py:840} INFO - DAG(s) 'tutorial' retrieved from /home/airflow/.local/lib/python3.12/site-packages/airflow/example_dags/tutorial.py
[2026-03-22T04:19:40.681+0000] {logging_mixin.py:188} INFO - [2026-03-22T04:19:40.681+0000] {dag.py:3096} INFO - Sync 1 DAGs
[2026-03-22T04:19:40.691+0000] {logging_mixin.py:188} INFO - [2026-03-22T04:19:40.690+0000] {dag.py:3954} INFO - Setting next_dagrun for tutorial to 2026-03-21 00:00:00+00:00, run_after=2026-03-22 00:00:00+00:00
[2026-03-22T04:19:40.698+0000] {processor.py:183} INFO - Processing /home/airflow/.local/lib/python3.12/site-packages/airflow/example_dags/tutorial.py took 0.034 seconds
[2026-03-22T04:20:11.409+0000] {processor.py:161} INFO - Started process (PID=1235) to work on /home/airflow/.local/lib/python3.12/site-packages/airflow/example_dags/tutorial.py
[2026-03-22T04:20:11.410+0000] {processor.py:830} INFO - Processing file /home/airflow/.local/lib/python3.12/site-packages/airflow/example_dags/tutorial.py for tasks to queue
[2026-03-22T04:20:11.413+0000] {logging_mixin.py:188} INFO - [2026-03-22T04:20:11.413+0000] {dagbag.py:545} INFO - Filling up the DagBag from /home/airflow/.local/lib/python3.12/site-packages/airflow/example_dags/tutorial.py
[2026-03-22T04:20:11.417+0000] {processor.py:840} INFO - DAG(s) 'tutorial' retrieved from /home/airflow/.local/lib/python3.12/site-packages/airflow/example_dags/tutorial.py
[2026-03-22T04:20:11.427+0000] {logging_mixin.py:188} INFO - [2026-03-22T04:20:11.427+0000] {dag.py:3096} INFO - Sync 1 DAGs
[2026-03-22T04:20:11.437+0000] {logging_mixin.py:188} INFO - [2026-03-22T04:20:11.437+0000] {dag.py:3954} INFO - Setting next_dagrun for tutorial to 2026-03-21 00:00:00+00:00, run_after=2026-03-22 00:00:00+00:00
[2026-03-22T04:20:11.448+0000] {processor.py:183} INFO - Processing /home/airflow/.local/lib/python3.12/site-packages/airflow/example_dags/tutorial.py took 0.042 seconds
[2026-03-22T04:20:42.120+0000] {processor.py:161} INFO - Started process (PID=1293) to work on /home/airflow/.local/lib/python3.12/site-packages/airflow/example_dags/tutorial.py
[2026-03-22T04:20:42.120+0000] {processor.py:830} INFO - Processing file /home/airflow/.local/lib/python3.12/site-packages/airflow/example_dags/tutorial.py for tasks to queue
[2026-03-22T04:20:42.121+0000] {logging_mixin.py:188} INFO - [2026-03-22T04:20:42.121+0000] {dagbag.py:545} INFO - Filling up the DagBag from /home/airflow/.local/lib/python3.12/site-packages/airflow/example_dags/tutorial.py
[2026-03-22T04:20:42.124+0000] {processor.py:840} INFO - DAG(s) 'tutorial' retrieved from /home/airflow/.local/lib/python3.12/site-packages/airflow/example_dags/tutorial.py
[2026-03-22T04:20:42.133+0000] {logging_mixin.py:188} INFO - [2026-03-22T04:20:42.133+0000] {dag.py:3096} INFO - Sync 1 DAGs
[2026-03-22T04:20:42.143+0000] {logging_mixin.py:188} INFO - [2026-03-22T04:20:42.143+0000] {dag.py:3954} INFO - Setting next_dagrun for tutorial to 2026-03-21 00:00:00+00:00, run_after=2026-03-22 00:00:00+00:00
[2026-03-22T04:20:42.149+0000] {processor.py:183} INFO - Processing /home/airflow/.local/lib/python3.12/site-packages/airflow/example_dags/tutorial.py took 0.032 seconds
[2026-03-22T04:21:13.003+0000] {processor.py:161} INFO - Started process (PID=1350) to work on /home/airflow/.local/lib/python3.12/site-packages/airflow/example_dags/tutorial.py
[2026-03-22T04:21:13.004+0000] {processor.py:830} INFO - Processing file /home/airflow/.local/lib/python3.12/site-packages/airflow/example_dags/tutorial.py for tasks to queue
[2026-03-22T04:21:13.005+0000] {logging_mixin.py:188} INFO - [2026-03-22T04:21:13.005+0000] {dagbag.py:545} INFO - Filling up the DagBag from /home/airflow/.local/lib/python3.12/site-packages/airflow/example_dags/tutorial.py
[2026-03-22T04:21:13.009+0000] {processor.py:840} INFO - DAG(s) 'tutorial' retrieved from /home/airflow/.local/lib/python3.12/site-packages/airflow/example_dags/tutorial.py
[2026-03-22T04:21:13.018+0000] {logging_mixin.py:188} INFO - [2026-03-22T04:21:13.017+0000] {dag.py:3096} INFO - Sync 1 DAGs
[2026-03-22T04:21:13.025+0000] {logging_mixin.py:188} INFO - [2026-03-22T04:21:13.025+0000] {dag.py:3954} INFO - Setting next_dagrun for tutorial to 2026-03-21 00:00:00+00:00, run_after=2026-03-22 00:00:00+00:00
[2026-03-22T04:21:13.032+0000] {processor.py:183} INFO - Processing /home/airflow/.local/lib/python3.12/site-packages/airflow/example_dags/tutorial.py took 0.033 seconds
[2026-03-22T04:21:43.239+0000] {processor.py:161} INFO - Started process (PID=1408) to work on /home/airflow/.local/lib/python3.12/site-packages/airflow/example_dags/tutorial.py
[2026-03-22T04:21:43.240+0000] {processor.py:830} INFO - Processing file /home/airflow/.local/lib/python3.12/site-packages/airflow/example_dags/tutorial.py for tasks to queue
[2026-03-22T04:21:43.241+0000] {logging_mixin.py:188} INFO - [2026-03-22T04:21:43.240+0000] {dagbag.py:545} INFO - Filling up the DagBag from /home/airflow/.local/lib/python3.12/site-packages/airflow/example_dags/tutorial.py
[2026-03-22T04:21:43.243+0000] {processor.py:840} INFO - DAG(s) 'tutorial' retrieved from /home/airflow/.local/lib/python3.12/site-packages/airflow/example_dags/tutorial.py
[2026-03-22T04:21:43.253+0000] {logging_mixin.py:188} INFO - [2026-03-22T04:21:43.253+0000] {dag.py:3096} INFO - Sync 1 DAGs
[2026-03-22T04:21:43.261+0000] {logging_mixin.py:188} INFO - [2026-03-22T04:21:43.261+0000] {dag.py:3954} INFO - Setting next_dagrun for tutorial to 2026-03-21 00:00:00+00:00, run_after=2026-03-22 00:00:00+00:00
[2026-03-22T04:21:43.267+0000] {processor.py:183} INFO - Processing /home/airflow/.local/lib/python3.12/site-packages/airflow/example_dags/tutorial.py took 0.031 seconds
[2026-03-22T04:23:05.481+0000] {processor.py:161} INFO - Started process (PID=1466) to work on /home/airflow/.local/lib/python3.12/site-packages/airflow/example_dags/tutorial.py
[2026-03-22T04:23:05.482+0000] {processor.py:830} INFO - Processing file /home/airflow/.local/lib/python3.12/site-packages/airflow/example_dags/tutorial.py for tasks to queue
[2026-03-22T04:23:05.486+0000] {logging_mixin.py:188} INFO - [2026-03-22T04:23:05.485+0000] {dagbag.py:545} INFO - Filling up the DagBag from /home/airflow/.local/lib/python3.12/site-packages/airflow/example_dags/tutorial.py
[2026-03-22T04:23:05.507+0000] {processor.py:840} INFO - DAG(s) 'tutorial' retrieved from /home/airflow/.local/lib/python3.12/site-packages/airflow/example_dags/tutorial.py
[2026-03-22T04:23:05.549+0000] {logging_mixin.py:188} INFO - [2026-03-22T04:23:05.549+0000] {dag.py:3096} INFO - Sync 1 DAGs
[2026-03-22T04:23:05.577+0000] {logging_mixin.py:188} INFO - [2026-03-22T04:23:05.577+0000] {dag.py:3954} INFO - Setting next_dagrun for tutorial to 2026-03-21 00:00:00+00:00, run_after=2026-03-22 00:00:00+00:00
[2026-03-22T04:23:05.595+0000] {processor.py:183} INFO - Processing /home/airflow/.local/lib/python3.12/site-packages/airflow/example_dags/tutorial.py took 0.130 seconds
[2026-03-22T04:23:35.625+0000] {processor.py:161} INFO - Started process (PID=1523) to work on /home/airflow/.local/lib/python3.12/site-packages/airflow/example_dags/tutorial.py
[2026-03-22T04:23:35.626+0000] {processor.py:830} INFO - Processing file /home/airflow/.local/lib/python3.12/site-packages/airflow/example_dags/tutorial.py for tasks to queue
[2026-03-22T04:23:35.627+0000] {logging_mixin.py:188} INFO - [2026-03-22T04:23:35.627+0000] {dagbag.py:545} INFO - Filling up the DagBag from /home/airflow/.local/lib/python3.12/site-packages/airflow/example_dags/tutorial.py
[2026-03-22T04:23:35.632+0000] {processor.py:840} INFO - DAG(s) 'tutorial' retrieved from /home/airflow/.local/lib/python3.12/site-packages/airflow/example_dags/tutorial.py
[2026-03-22T04:23:35.649+0000] {logging_mixin.py:188} INFO - [2026-03-22T04:23:35.649+0000] {dag.py:3096} INFO - Sync 1 DAGs
[2026-03-22T04:23:35.658+0000] {logging_mixin.py:188} INFO - [2026-03-22T04:23:35.658+0000] {dag.py:3954} INFO - Setting next_dagrun for tutorial to 2026-03-21 00:00:00+00:00, run_after=2026-03-22 00:00:00+00:00
[2026-03-22T04:23:35.664+0000] {processor.py:183} INFO - Processing /home/airflow/.local/lib/python3.12/site-packages/airflow/example_dags/tutorial.py took 0.044 seconds
[2026-03-22T04:24:06.383+0000] {processor.py:161} INFO - Started process (PID=1581) to work on /home/airflow/.local/lib/python3.12/site-packages/airflow/example_dags/tutorial.py
[2026-03-22T04:24:06.390+0000] {processor.py:830} INFO - Processing file /home/airflow/.local/lib/python3.12/site-packages/airflow/example_dags/tutorial.py for tasks to queue
[2026-03-22T04:24:06.395+0000] {logging_mixin.py:188} INFO - [2026-03-22T04:24:06.395+0000] {dagbag.py:545} INFO - Filling up the DagBag from /home/airflow/.local/lib/python3.12/site-packages/airflow/example_dags/tutorial.py
[2026-03-22T04:24:06.408+0000] {processor.py:840} INFO - DAG(s) 'tutorial' retrieved from /home/airflow/.local/lib/python3.12/site-packages/airflow/example_dags/tutorial.py
[2026-03-22T04:24:06.431+0000] {logging_mixin.py:188} INFO - [2026-03-22T04:24:06.431+0000] {dag.py:3096} INFO - Sync 1 DAGs
[2026-03-22T04:24:06.444+0000] {logging_mixin.py:188} INFO - [2026-03-22T04:24:06.443+0000] {dag.py:3954} INFO - Setting next_dagrun for tutorial to 2026-03-21 00:00:00+00:00, run_after=2026-03-22 00:00:00+00:00
[2026-03-22T04:24:06.451+0000] {processor.py:183} INFO - Processing /home/airflow/.local/lib/python3.12/site-packages/airflow/example_dags/tutorial.py took 0.082 seconds
[2026-03-22T04:25:24.658+0000] {processor.py:161} INFO - Started process (PID=1650) to work on /home/airflow/.local/lib/python3.12/site-packages/airflow/example_dags/tutorial.py
[2026-03-22T04:25:24.660+0000] {processor.py:830} INFO - Processing file /home/airflow/.local/lib/python3.12/site-packages/airflow/example_dags/tutorial.py for tasks to queue
[2026-03-22T04:25:24.667+0000] {logging_mixin.py:188} INFO - [2026-03-22T04:25:24.665+0000] {dagbag.py:545} INFO - Filling up the DagBag from /home/airflow/.local/lib/python3.12/site-packages/airflow/example_dags/tutorial.py
[2026-03-22T04:25:24.686+0000] {processor.py:840} INFO - DAG(s) 'tutorial' retrieved from /home/airflow/.local/lib/python3.12/site-packages/airflow/example_dags/tutorial.py
[2026-03-22T04:25:24.743+0000] {logging_mixin.py:188} INFO - [2026-03-22T04:25:24.743+0000] {dag.py:3096} INFO - Sync 1 DAGs
[2026-03-22T04:25:24.772+0000] {logging_mixin.py:188} INFO - [2026-03-22T04:25:24.771+0000] {dag.py:3954} INFO - Setting next_dagrun for tutorial to 2026-03-21 00:00:00+00:00, run_after=2026-03-22 00:00:00+00:00
[2026-03-22T04:25:24.791+0000] {processor.py:183} INFO - Processing /home/airflow/.local/lib/python3.12/site-packages/airflow/example_dags/tutorial.py took 0.145 seconds
[2026-03-22T04:25:54.962+0000] {processor.py:161} INFO - Started process (PID=1708) to work on /home/airflow/.local/lib/python3.12/site-packages/airflow/example_dags/tutorial.py
[2026-03-22T04:25:54.963+0000] {processor.py:830} INFO - Processing file /home/airflow/.local/lib/python3.12/site-packages/airflow/example_dags/tutorial.py for tasks to queue
[2026-03-22T04:25:54.963+0000] {logging_mixin.py:188} INFO - [2026-03-22T04:25:54.963+0000] {dagbag.py:545} INFO - Filling up the DagBag from /home/airflow/.local/lib/python3.12/site-packages/airflow/example_dags/tutorial.py
[2026-03-22T04:25:54.967+0000] {processor.py:840} INFO - DAG(s) 'tutorial' retrieved from /home/airflow/.local/lib/python3.12/site-packages/airflow/example_dags/tutorial.py
[2026-03-22T04:25:54.979+0000] {logging_mixin.py:188} INFO - [2026-03-22T04:25:54.979+0000] {dag.py:3096} INFO - Sync 1 DAGs
[2026-03-22T04:25:54.996+0000] {logging_mixin.py:188} INFO - [2026-03-22T04:25:54.995+0000] {dag.py:3954} INFO - Setting next_dagrun for tutorial to 2026-03-21 00:00:00+00:00, run_after=2026-03-22 00:00:00+00:00
[2026-03-22T04:25:55.011+0000] {processor.py:183} INFO - Processing /home/airflow/.local/lib/python3.12/site-packages/airflow/example_dags/tutorial.py took 0.052 seconds
[2026-03-22T04:28:26.482+0000] {processor.py:161} INFO - Started process (PID=1767) to work on /home/airflow/.local/lib/python3.12/site-packages/airflow/example_dags/tutorial.py
[2026-03-22T04:28:26.496+0000] {processor.py:830} INFO - Processing file /home/airflow/.local/lib/python3.12/site-packages/airflow/example_dags/tutorial.py for tasks to queue
[2026-03-22T04:28:26.512+0000] {logging_mixin.py:188} INFO - [2026-03-22T04:28:26.508+0000] {dagbag.py:545} INFO - Filling up the DagBag from /home/airflow/.local/lib/python3.12/site-packages/airflow/example_dags/tutorial.py
[2026-03-22T04:28:26.714+0000] {processor.py:840} INFO - DAG(s) 'tutorial' retrieved from /home/airflow/.local/lib/python3.12/site-packages/airflow/example_dags/tutorial.py
[2026-03-22T04:28:28.408+0000] {logging_mixin.py:188} INFO - [2026-03-22T04:28:28.396+0000] {dag.py:3096} INFO - Sync 1 DAGs
[2026-03-22T04:28:28.615+0000] {logging_mixin.py:188} INFO - [2026-03-22T04:28:28.614+0000] {dag.py:3954} INFO - Setting next_dagrun for tutorial to 2026-03-21 00:00:00+00:00, run_after=2026-03-22 00:00:00+00:00
[2026-03-22T04:28:28.771+0000] {processor.py:183} INFO - Processing /home/airflow/.local/lib/python3.12/site-packages/airflow/example_dags/tutorial.py took 2.332 seconds
[2026-03-22T04:34:13.242+0000] {processor.py:161} INFO - Started process (PID=1848) to work on /home/airflow/.local/lib/python3.12/site-packages/airflow/example_dags/tutorial.py
[2026-03-22T04:34:13.280+0000] {processor.py:830} INFO - Processing file /home/airflow/.local/lib/python3.12/site-packages/airflow/example_dags/tutorial.py for tasks to queue
[2026-03-22T04:34:13.343+0000] {logging_mixin.py:188} INFO - [2026-03-22T04:34:13.307+0000] {dagbag.py:545} INFO - Filling up the DagBag from /home/airflow/.local/lib/python3.12/site-packages/airflow/example_dags/tutorial.py
[2026-03-22T04:34:13.750+0000] {processor.py:840} INFO - DAG(s) 'tutorial' retrieved from /home/airflow/.local/lib/python3.12/site-packages/airflow/example_dags/tutorial.py
[2026-03-22T04:34:15.422+0000] {logging_mixin.py:188} INFO - [2026-03-22T04:34:15.327+0000] {dag.py:3096} INFO - Sync 1 DAGs
[2026-03-22T04:34:16.095+0000] {logging_mixin.py:188} INFO - [2026-03-22T04:34:16.060+0000] {dag.py:3954} INFO - Setting next_dagrun for tutorial to 2026-03-21 00:00:00+00:00, run_after=2026-03-22 00:00:00+00:00
[2026-03-22T04:34:18.959+0000] {processor.py:183} INFO - Processing /home/airflow/.local/lib/python3.12/site-packages/airflow/example_dags/tutorial.py took 6.187 seconds
[2026-03-22T04:37:26.956+0000] {processor.py:161} INFO - Started process (PID=1922) to work on /home/airflow/.local/lib/python3.12/site-packages/airflow/example_dags/tutorial.py
[2026-03-22T04:37:26.983+0000] {processor.py:830} INFO - Processing file /home/airflow/.local/lib/python3.12/site-packages/airflow/example_dags/tutorial.py for tasks to queue
[2026-03-22T04:37:27.013+0000] {logging_mixin.py:188} INFO - [2026-03-22T04:37:27.012+0000] {dagbag.py:545} INFO - Filling up the DagBag from /home/airflow/.local/lib/python3.12/site-packages/airflow/example_dags/tutorial.py
[2026-03-22T04:37:27.127+0000] {processor.py:840} INFO - DAG(s) 'tutorial' retrieved from /home/airflow/.local/lib/python3.12/site-packages/airflow/example_dags/tutorial.py
[2026-03-22T04:37:28.007+0000] {logging_mixin.py:188} INFO - [2026-03-22T04:37:28.002+0000] {dag.py:3096} INFO - Sync 1 DAGs
[2026-03-22T04:37:28.342+0000] {logging_mixin.py:188} INFO - [2026-03-22T04:37:28.340+0000] {dag.py:3954} INFO - Setting next_dagrun for tutorial to 2026-03-21 00:00:00+00:00, run_after=2026-03-22 00:00:00+00:00
[2026-03-22T04:37:28.895+0000] {processor.py:183} INFO - Processing /home/airflow/.local/lib/python3.12/site-packages/airflow/example_dags/tutorial.py took 2.044 seconds
[2026-03-22T04:39:17.460+0000] {processor.py:161} INFO - Started process (PID=1981) to work on /home/airflow/.local/lib/python3.12/site-packages/airflow/example_dags/tutorial.py
[2026-03-22T04:39:17.479+0000] {processor.py:830} INFO - Processing file /home/airflow/.local/lib/python3.12/site-packages/airflow/example_dags/tutorial.py for tasks to queue
[2026-03-22T04:39:17.523+0000] {logging_mixin.py:188} INFO - [2026-03-22T04:39:17.518+0000] {dagbag.py:545} INFO - Filling up the DagBag from /home/airflow/.local/lib/python3.12/site-packages/airflow/example_dags/tutorial.py
[2026-03-22T04:39:17.589+0000] {processor.py:840} INFO - DAG(s) 'tutorial' retrieved from /home/airflow/.local/lib/python3.12/site-packages/airflow/example_dags/tutorial.py
[2026-03-22T04:39:17.914+0000] {logging_mixin.py:188} INFO - [2026-03-22T04:39:17.901+0000] {dag.py:3096} INFO - Sync 1 DAGs
[2026-03-22T04:39:18.334+0000] {logging_mixin.py:188} INFO - [2026-03-22T04:39:18.297+0000] {dag.py:3954} INFO - Setting next_dagrun for tutorial to 2026-03-21 00:00:00+00:00, run_after=2026-03-22 00:00:00+00:00
[2026-03-22T04:39:18.900+0000] {processor.py:183} INFO - Processing /home/airflow/.local/lib/python3.12/site-packages/airflow/example_dags/tutorial.py took 1.540 seconds
[2026-03-22T04:40:26.901+0000] {processor.py:161} INFO - Started process (PID=2045) to work on /home/airflow/.local/lib/python3.12/site-packages/airflow/example_dags/tutorial.py
[2026-03-22T04:40:26.926+0000] {processor.py:830} INFO - Processing file /home/airflow/.local/lib/python3.12/site-packages/airflow/example_dags/tutorial.py for tasks to queue
[2026-03-22T04:40:27.044+0000] {logging_mixin.py:188} INFO - [2026-03-22T04:40:27.041+0000] {dagbag.py:545} INFO - Filling up the DagBag from /home/airflow/.local/lib/python3.12/site-packages/airflow/example_dags/tutorial.py
[2026-03-22T04:40:27.317+0000] {processor.py:840} INFO - DAG(s) 'tutorial' retrieved from /home/airflow/.local/lib/python3.12/site-packages/airflow/example_dags/tutorial.py
[2026-03-22T04:40:28.626+0000] {logging_mixin.py:188} INFO - [2026-03-22T04:40:28.595+0000] {dag.py:3096} INFO - Sync 1 DAGs
[2026-03-22T04:40:29.653+0000] {logging_mixin.py:188} INFO - [2026-03-22T04:40:29.588+0000] {dag.py:3954} INFO - Setting next_dagrun for tutorial to 2026-03-21 00:00:00+00:00, run_after=2026-03-22 00:00:00+00:00
[2026-03-22T04:40:30.614+0000] {processor.py:183} INFO - Processing /home/airflow/.local/lib/python3.12/site-packages/airflow/example_dags/tutorial.py took 3.828 seconds
[2026-03-22T04:41:26.076+0000] {processor.py:161} INFO - Started process (PID=2111) to work on /home/airflow/.local/lib/python3.12/site-packages/airflow/example_dags/tutorial.py
[2026-03-22T04:41:26.082+0000] {processor.py:830} INFO - Processing file /home/airflow/.local/lib/python3.12/site-packages/airflow/example_dags/tutorial.py for tasks to queue
[2026-03-22T04:41:26.119+0000] {logging_mixin.py:188} INFO - [2026-03-22T04:41:26.118+0000] {dagbag.py:545} INFO - Filling up the DagBag from /home/airflow/.local/lib/python3.12/site-packages/airflow/example_dags/tutorial.py
[2026-03-22T04:41:26.242+0000] {processor.py:840} INFO - DAG(s) 'tutorial' retrieved from /home/airflow/.local/lib/python3.12/site-packages/airflow/example_dags/tutorial.py
[2026-03-22T04:41:26.586+0000] {logging_mixin.py:188} INFO - [2026-03-22T04:41:26.583+0000] {dag.py:3096} INFO - Sync 1 DAGs
[2026-03-22T04:41:27.087+0000] {logging_mixin.py:188} INFO - [2026-03-22T04:41:27.063+0000] {dag.py:3954} INFO - Setting next_dagrun for tutorial to 2026-03-21 00:00:00+00:00, run_after=2026-03-22 00:00:00+00:00
[2026-03-22T04:41:27.644+0000] {processor.py:183} INFO - Processing /home/airflow/.local/lib/python3.12/site-packages/airflow/example_dags/tutorial.py took 1.598 seconds
[2026-03-22T04:42:10.243+0000] {processor.py:161} INFO - Started process (PID=2154) to work on /home/airflow/.local/lib/python3.12/site-packages/airflow/example_dags/tutorial.py
[2026-03-22T04:42:10.252+0000] {processor.py:830} INFO - Processing file /home/airflow/.local/lib/python3.12/site-packages/airflow/example_dags/tutorial.py for tasks to queue
[2026-03-22T04:42:10.279+0000] {logging_mixin.py:188} INFO - [2026-03-22T04:42:10.278+0000] {dagbag.py:545} INFO - Filling up the DagBag from /home/airflow/.local/lib/python3.12/site-packages/airflow/example_dags/tutorial.py
[2026-03-22T04:42:10.402+0000] {processor.py:840} INFO - DAG(s) 'tutorial' retrieved from /home/airflow/.local/lib/python3.12/site-packages/airflow/example_dags/tutorial.py
[2026-03-22T04:42:10.776+0000] {logging_mixin.py:188} INFO - [2026-03-22T04:42:10.770+0000] {dag.py:3096} INFO - Sync 1 DAGs
[2026-03-22T04:42:10.910+0000] {logging_mixin.py:188} INFO - [2026-03-22T04:42:10.909+0000] {dag.py:3954} INFO - Setting next_dagrun for tutorial to 2026-03-21 00:00:00+00:00, run_after=2026-03-22 00:00:00+00:00
[2026-03-22T04:42:10.989+0000] {processor.py:183} INFO - Processing /home/airflow/.local/lib/python3.12/site-packages/airflow/example_dags/tutorial.py took 0.810 seconds
[2026-03-22T04:42:42.731+0000] {processor.py:161} INFO - Started process (PID=2213) to work on /home/airflow/.local/lib/python3.12/site-packages/airflow/example_dags/tutorial.py
[2026-03-22T04:42:42.738+0000] {processor.py:830} INFO - Processing file /home/airflow/.local/lib/python3.12/site-packages/airflow/example_dags/tutorial.py for tasks to queue
[2026-03-22T04:42:42.745+0000] {logging_mixin.py:188} INFO - [2026-03-22T04:42:42.744+0000] {dagbag.py:545} INFO - Filling up the DagBag from /home/airflow/.local/lib/python3.12/site-packages/airflow/example_dags/tutorial.py
[2026-03-22T04:42:42.808+0000] {processor.py:840} INFO - DAG(s) 'tutorial' retrieved from /home/airflow/.local/lib/python3.12/site-packages/airflow/example_dags/tutorial.py
[2026-03-22T04:42:42.841+0000] {logging_mixin.py:188} INFO - [2026-03-22T04:42:42.840+0000] {dag.py:3096} INFO - Sync 1 DAGs
[2026-03-22T04:42:42.876+0000] {logging_mixin.py:188} INFO - [2026-03-22T04:42:42.875+0000] {dag.py:3954} INFO - Setting next_dagrun for tutorial to 2026-03-21 00:00:00+00:00, run_after=2026-03-22 00:00:00+00:00
[2026-03-22T04:42:42.918+0000] {processor.py:183} INFO - Processing /home/airflow/.local/lib/python3.12/site-packages/airflow/example_dags/tutorial.py took 0.205 seconds
[2026-03-22T04:43:13.390+0000] {processor.py:161} INFO - Started process (PID=2270) to work on /home/airflow/.local/lib/python3.12/site-packages/airflow/example_dags/tutorial.py
[2026-03-22T04:43:13.391+0000] {processor.py:830} INFO - Processing file /home/airflow/.local/lib/python3.12/site-packages/airflow/example_dags/tutorial.py for tasks to queue
[2026-03-22T04:43:13.395+0000] {logging_mixin.py:188} INFO - [2026-03-22T04:43:13.394+0000] {dagbag.py:545} INFO - Filling up the DagBag from /home/airflow/.local/lib/python3.12/site-packages/airflow/example_dags/tutorial.py
[2026-03-22T04:43:13.413+0000] {processor.py:840} INFO - DAG(s) 'tutorial' retrieved from /home/airflow/.local/lib/python3.12/site-packages/airflow/example_dags/tutorial.py
[2026-03-22T04:43:13.467+0000] {logging_mixin.py:188} INFO - [2026-03-22T04:43:13.467+0000] {dag.py:3096} INFO - Sync 1 DAGs
[2026-03-22T04:43:13.502+0000] {logging_mixin.py:188} INFO - [2026-03-22T04:43:13.502+0000] {dag.py:3954} INFO - Setting next_dagrun for tutorial to 2026-03-21 00:00:00+00:00, run_after=2026-03-22 00:00:00+00:00
[2026-03-22T04:43:13.541+0000] {processor.py:183} INFO - Processing /home/airflow/.local/lib/python3.12/site-packages/airflow/example_dags/tutorial.py took 0.169 seconds
[2026-03-22T04:43:43.630+0000] {processor.py:161} INFO - Started process (PID=2328) to work on /home/airflow/.local/lib/python3.12/site-packages/airflow/example_dags/tutorial.py
[2026-03-22T04:43:43.631+0000] {processor.py:830} INFO - Processing file /home/airflow/.local/lib/python3.12/site-packages/airflow/example_dags/tutorial.py for tasks to queue
[2026-03-22T04:43:43.632+0000] {logging_mixin.py:188} INFO - [2026-03-22T04:43:43.632+0000] {dagbag.py:545} INFO - Filling up the DagBag from /home/airflow/.local/lib/python3.12/site-packages/airflow/example_dags/tutorial.py
[2026-03-22T04:43:43.637+0000] {processor.py:840} INFO - DAG(s) 'tutorial' retrieved from /home/airflow/.local/lib/python3.12/site-packages/airflow/example_dags/tutorial.py
[2026-03-22T04:43:43.654+0000] {logging_mixin.py:188} INFO - [2026-03-22T04:43:43.654+0000] {dag.py:3096} INFO - Sync 1 DAGs
[2026-03-22T04:43:43.667+0000] {logging_mixin.py:188} INFO - [2026-03-22T04:43:43.667+0000] {dag.py:3954} INFO - Setting next_dagrun for tutorial to 2026-03-21 00:00:00+00:00, run_after=2026-03-22 00:00:00+00:00
[2026-03-22T04:43:43.675+0000] {processor.py:183} INFO - Processing /home/airflow/.local/lib/python3.12/site-packages/airflow/example_dags/tutorial.py took 0.048 seconds
[2026-03-22T04:44:14.633+0000] {processor.py:161} INFO - Started process (PID=2386) to work on /home/airflow/.local/lib/python3.12/site-packages/airflow/example_dags/tutorial.py
[2026-03-22T04:44:14.636+0000] {processor.py:830} INFO - Processing file /home/airflow/.local/lib/python3.12/site-packages/airflow/example_dags/tutorial.py for tasks to queue
[2026-03-22T04:44:14.638+0000] {logging_mixin.py:188} INFO - [2026-03-22T04:44:14.638+0000] {dagbag.py:545} INFO - Filling up the DagBag from /home/airflow/.local/lib/python3.12/site-packages/airflow/example_dags/tutorial.py
[2026-03-22T04:44:14.645+0000] {processor.py:840} INFO - DAG(s) 'tutorial' retrieved from /home/airflow/.local/lib/python3.12/site-packages/airflow/example_dags/tutorial.py
[2026-03-22T04:44:14.667+0000] {logging_mixin.py:188} INFO - [2026-03-22T04:44:14.667+0000] {dag.py:3096} INFO - Sync 1 DAGs
[2026-03-22T04:44:14.682+0000] {logging_mixin.py:188} INFO - [2026-03-22T04:44:14.682+0000] {dag.py:3954} INFO - Setting next_dagrun for tutorial to 2026-03-21 00:00:00+00:00, run_after=2026-03-22 00:00:00+00:00
[2026-03-22T04:44:14.715+0000] {processor.py:183} INFO - Processing /home/airflow/.local/lib/python3.12/site-packages/airflow/example_dags/tutorial.py took 0.088 seconds
[2026-03-22T04:44:45.416+0000] {processor.py:161} INFO - Started process (PID=2444) to work on /home/airflow/.local/lib/python3.12/site-packages/airflow/example_dags/tutorial.py
[2026-03-22T04:44:45.417+0000] {processor.py:830} INFO - Processing file /home/airflow/.local/lib/python3.12/site-packages/airflow/example_dags/tutorial.py for tasks to queue
[2026-03-22T04:44:45.418+0000] {logging_mixin.py:188} INFO - [2026-03-22T04:44:45.418+0000] {dagbag.py:545} INFO - Filling up the DagBag from /home/airflow/.local/lib/python3.12/site-packages/airflow/example_dags/tutorial.py
[2026-03-22T04:44:45.422+0000] {processor.py:840} INFO - DAG(s) 'tutorial' retrieved from /home/airflow/.local/lib/python3.12/site-packages/airflow/example_dags/tutorial.py
[2026-03-22T04:44:45.432+0000] {logging_mixin.py:188} INFO - [2026-03-22T04:44:45.432+0000] {dag.py:3096} INFO - Sync 1 DAGs
[2026-03-22T04:44:45.443+0000] {logging_mixin.py:188} INFO - [2026-03-22T04:44:45.443+0000] {dag.py:3954} INFO - Setting next_dagrun for tutorial to 2026-03-21 00:00:00+00:00, run_after=2026-03-22 00:00:00+00:00
[2026-03-22T04:44:45.451+0000] {processor.py:183} INFO - Processing /home/airflow/.local/lib/python3.12/site-packages/airflow/example_dags/tutorial.py took 0.040 seconds
[2026-03-22T04:45:16.224+0000] {processor.py:161} INFO - Started process (PID=2502) to work on /home/airflow/.local/lib/python3.12/site-packages/airflow/example_dags/tutorial.py
[2026-03-22T04:45:16.225+0000] {processor.py:830} INFO - Processing file /home/airflow/.local/lib/python3.12/site-packages/airflow/example_dags/tutorial.py for tasks to queue
[2026-03-22T04:45:16.226+0000] {logging_mixin.py:188} INFO - [2026-03-22T04:45:16.226+0000] {dagbag.py:545} INFO - Filling up the DagBag from /home/airflow/.local/lib/python3.12/site-packages/airflow/example_dags/tutorial.py
[2026-03-22T04:45:16.230+0000] {processor.py:840} INFO - DAG(s) 'tutorial' retrieved from /home/airflow/.local/lib/python3.12/site-packages/airflow/example_dags/tutorial.py
[2026-03-22T04:45:16.240+0000] {logging_mixin.py:188} INFO - [2026-03-22T04:45:16.240+0000] {dag.py:3096} INFO - Sync 1 DAGs
[2026-03-22T04:45:16.250+0000] {logging_mixin.py:188} INFO - [2026-03-22T04:45:16.250+0000] {dag.py:3954} INFO - Setting next_dagrun for tutorial to 2026-03-21 00:00:00+00:00, run_after=2026-03-22 00:00:00+00:00
[2026-03-22T04:45:16.256+0000] {processor.py:183} INFO - Processing /home/airflow/.local/lib/python3.12/site-packages/airflow/example_dags/tutorial.py took 0.040 seconds
[2026-03-22T04:45:46.405+0000] {processor.py:161} INFO - Started process (PID=2559) to work on /home/airflow/.local/lib/python3.12/site-packages/airflow/example_dags/tutorial.py
[2026-03-22T04:45:46.406+0000] {processor.py:830} INFO - Processing file /home/airflow/.local/lib/python3.12/site-packages/airflow/example_dags/tutorial.py for tasks to queue
[2026-03-22T04:45:46.408+0000] {logging_mixin.py:188} INFO - [2026-03-22T04:45:46.407+0000] {dagbag.py:545} INFO - Filling up the DagBag from /home/airflow/.local/lib/python3.12/site-packages/airflow/example_dags/tutorial.py
[2026-03-22T04:45:46.411+0000] {processor.py:840} INFO - DAG(s) 'tutorial' retrieved from /home/airflow/.local/lib/python3.12/site-packages/airflow/example_dags/tutorial.py
[2026-03-22T04:45:46.424+0000] {logging_mixin.py:188} INFO - [2026-03-22T04:45:46.424+0000] {dag.py:3096} INFO - Sync 1 DAGs
[2026-03-22T04:45:46.437+0000] {logging_mixin.py:188} INFO - [2026-03-22T04:45:46.437+0000] {dag.py:3954} INFO - Setting next_dagrun for tutorial to 2026-03-21 00:00:00+00:00, run_after=2026-03-22 00:00:00+00:00
[2026-03-22T04:45:46.454+0000] {processor.py:183} INFO - Processing /home/airflow/.local/lib/python3.12/site-packages/airflow/example_dags/tutorial.py took 0.053 seconds
[2026-03-22T04:46:18.775+0000] {processor.py:161} INFO - Started process (PID=2617) to work on /home/airflow/.local/lib/python3.12/site-packages/airflow/example_dags/tutorial.py
[2026-03-22T04:46:18.782+0000] {processor.py:830} INFO - Processing file /home/airflow/.local/lib/python3.12/site-packages/airflow/example_dags/tutorial.py for tasks to queue
[2026-03-22T04:46:18.794+0000] {logging_mixin.py:188} INFO - [2026-03-22T04:46:18.788+0000] {dagbag.py:545} INFO - Filling up the DagBag from /home/airflow/.local/lib/python3.12/site-packages/airflow/example_dags/tutorial.py
[2026-03-22T04:46:18.817+0000] {processor.py:840} INFO - DAG(s) 'tutorial' retrieved from /home/airflow/.local/lib/python3.12/site-packages/airflow/example_dags/tutorial.py
[2026-03-22T04:46:18.891+0000] {logging_mixin.py:188} INFO - [2026-03-22T04:46:18.890+0000] {dag.py:3096} INFO - Sync 1 DAGs
[2026-03-22T04:46:18.961+0000] {logging_mixin.py:188} INFO - [2026-03-22T04:46:18.960+0000] {dag.py:3954} INFO - Setting next_dagrun for tutorial to 2026-03-21 00:00:00+00:00, run_after=2026-03-22 00:00:00+00:00
[2026-03-22T04:46:19.001+0000] {processor.py:183} INFO - Processing /home/airflow/.local/lib/python3.12/site-packages/airflow/example_dags/tutorial.py took 0.263 seconds
[2026-03-22T04:46:49.810+0000] {processor.py:161} INFO - Started process (PID=2675) to work on /home/airflow/.local/lib/python3.12/site-packages/airflow/example_dags/tutorial.py
[2026-03-22T04:46:49.811+0000] {processor.py:830} INFO - Processing file /home/airflow/.local/lib/python3.12/site-packages/airflow/example_dags/tutorial.py for tasks to queue
[2026-03-22T04:46:49.812+0000] {logging_mixin.py:188} INFO - [2026-03-22T04:46:49.812+0000] {dagbag.py:545} INFO - Filling up the DagBag from /home/airflow/.local/lib/python3.12/site-packages/airflow/example_dags/tutorial.py
[2026-03-22T04:46:49.818+0000] {processor.py:840} INFO - DAG(s) 'tutorial' retrieved from /home/airflow/.local/lib/python3.12/site-packages/airflow/example_dags/tutorial.py
[2026-03-22T04:46:49.847+0000] {logging_mixin.py:188} INFO - [2026-03-22T04:46:49.846+0000] {dag.py:3096} INFO - Sync 1 DAGs
[2026-03-22T04:46:49.862+0000] {logging_mixin.py:188} INFO - [2026-03-22T04:46:49.862+0000] {dag.py:3954} INFO - Setting next_dagrun for tutorial to 2026-03-21 00:00:00+00:00, run_after=2026-03-22 00:00:00+00:00
[2026-03-22T04:46:49.874+0000] {processor.py:183} INFO - Processing /home/airflow/.local/lib/python3.12/site-packages/airflow/example_dags/tutorial.py took 0.070 seconds
[2026-03-22T04:47:20.815+0000] {processor.py:161} INFO - Started process (PID=2733) to work on /home/airflow/.local/lib/python3.12/site-packages/airflow/example_dags/tutorial.py
[2026-03-22T04:47:20.816+0000] {processor.py:830} INFO - Processing file /home/airflow/.local/lib/python3.12/site-packages/airflow/example_dags/tutorial.py for tasks to queue
[2026-03-22T04:47:20.819+0000] {logging_mixin.py:188} INFO - [2026-03-22T04:47:20.818+0000] {dagbag.py:545} INFO - Filling up the DagBag from /home/airflow/.local/lib/python3.12/site-packages/airflow/example_dags/tutorial.py
[2026-03-22T04:47:20.831+0000] {processor.py:840} INFO - DAG(s) 'tutorial' retrieved from /home/airflow/.local/lib/python3.12/site-packages/airflow/example_dags/tutorial.py
[2026-03-22T04:47:20.854+0000] {logging_mixin.py:188} INFO - [2026-03-22T04:47:20.854+0000] {dag.py:3096} INFO - Sync 1 DAGs
[2026-03-22T04:47:20.869+0000] {logging_mixin.py:188} INFO - [2026-03-22T04:47:20.869+0000] {dag.py:3954} INFO - Setting next_dagrun for tutorial to 2026-03-21 00:00:00+00:00, run_after=2026-03-22 00:00:00+00:00
[2026-03-22T04:47:20.881+0000] {processor.py:183} INFO - Processing /home/airflow/.local/lib/python3.12/site-packages/airflow/example_dags/tutorial.py took 0.073 seconds
[2026-03-22T04:47:51.922+0000] {processor.py:161} INFO - Started process (PID=2791) to work on /home/airflow/.local/lib/python3.12/site-packages/airflow/example_dags/tutorial.py
[2026-03-22T04:47:51.923+0000] {processor.py:830} INFO - Processing file /home/airflow/.local/lib/python3.12/site-packages/airflow/example_dags/tutorial.py for tasks to queue
[2026-03-22T04:47:51.924+0000] {logging_mixin.py:188} INFO - [2026-03-22T04:47:51.924+0000] {dagbag.py:545} INFO - Filling up the DagBag from /home/airflow/.local/lib/python3.12/site-packages/airflow/example_dags/tutorial.py
[2026-03-22T04:47:51.930+0000] {processor.py:840} INFO - DAG(s) 'tutorial' retrieved from /home/airflow/.local/lib/python3.12/site-packages/airflow/example_dags/tutorial.py
[2026-03-22T04:47:51.944+0000] {logging_mixin.py:188} INFO - [2026-03-22T04:47:51.944+0000] {dag.py:3096} INFO - Sync 1 DAGs
[2026-03-22T04:47:51.959+0000] {logging_mixin.py:188} INFO - [2026-03-22T04:47:51.959+0000] {dag.py:3954} INFO - Setting next_dagrun for tutorial to 2026-03-21 00:00:00+00:00, run_after=2026-03-22 00:00:00+00:00
[2026-03-22T04:47:51.973+0000] {processor.py:183} INFO - Processing /home/airflow/.local/lib/python3.12/site-packages/airflow/example_dags/tutorial.py took 0.055 seconds
[2026-03-22T04:48:22.879+0000] {processor.py:161} INFO - Started process (PID=2849) to work on /home/airflow/.local/lib/python3.12/site-packages/airflow/example_dags/tutorial.py
[2026-03-22T04:48:22.880+0000] {processor.py:830} INFO - Processing file /home/airflow/.local/lib/python3.12/site-packages/airflow/example_dags/tutorial.py for tasks to queue
[2026-03-22T04:48:22.882+0000] {logging_mixin.py:188} INFO - [2026-03-22T04:48:22.882+0000] {dagbag.py:545} INFO - Filling up the DagBag from /home/airflow/.local/lib/python3.12/site-packages/airflow/example_dags/tutorial.py
[2026-03-22T04:48:22.887+0000] {processor.py:840} INFO - DAG(s) 'tutorial' retrieved from /home/airflow/.local/lib/python3.12/site-packages/airflow/example_dags/tutorial.py
[2026-03-22T04:48:22.904+0000] {logging_mixin.py:188} INFO - [2026-03-22T04:48:22.904+0000] {dag.py:3096} INFO - Sync 1 DAGs
[2026-03-22T04:48:22.919+0000] {logging_mixin.py:188} INFO - [2026-03-22T04:48:22.919+0000] {dag.py:3954} INFO - Setting next_dagrun for tutorial to 2026-03-21 00:00:00+00:00, run_after=2026-03-22 00:00:00+00:00
[2026-03-22T04:48:22.931+0000] {processor.py:183} INFO - Processing /home/airflow/.local/lib/python3.12/site-packages/airflow/example_dags/tutorial.py took 0.060 seconds
[2026-03-22T04:48:53.837+0000] {processor.py:161} INFO - Started process (PID=2907) to work on /home/airflow/.local/lib/python3.12/site-packages/airflow/example_dags/tutorial.py
[2026-03-22T04:48:53.838+0000] {processor.py:830} INFO - Processing file /home/airflow/.local/lib/python3.12/site-packages/airflow/example_dags/tutorial.py for tasks to queue
[2026-03-22T04:48:53.840+0000] {logging_mixin.py:188} INFO - [2026-03-22T04:48:53.840+0000] {dagbag.py:545} INFO - Filling up the DagBag from /home/airflow/.local/lib/python3.12/site-packages/airflow/example_dags/tutorial.py
[2026-03-22T04:48:53.854+0000] {processor.py:840} INFO - DAG(s) 'tutorial' retrieved from /home/airflow/.local/lib/python3.12/site-packages/airflow/example_dags/tutorial.py
[2026-03-22T04:48:53.879+0000] {logging_mixin.py:188} INFO - [2026-03-22T04:48:53.879+0000] {dag.py:3096} INFO - Sync 1 DAGs
[2026-03-22T04:48:53.895+0000] {logging_mixin.py:188} INFO - [2026-03-22T04:48:53.895+0000] {dag.py:3954} INFO - Setting next_dagrun for tutorial to 2026-03-21 00:00:00+00:00, run_after=2026-03-22 00:00:00+00:00
[2026-03-22T04:48:53.915+0000] {processor.py:183} INFO - Processing /home/airflow/.local/lib/python3.12/site-packages/airflow/example_dags/tutorial.py took 0.092 seconds
[2026-03-22T04:49:24.528+0000] {processor.py:161} INFO - Started process (PID=2966) to work on /home/airflow/.local/lib/python3.12/site-packages/airflow/example_dags/tutorial.py
[2026-03-22T04:49:24.530+0000] {processor.py:830} INFO - Processing file /home/airflow/.local/lib/python3.12/site-packages/airflow/example_dags/tutorial.py for tasks to queue
[2026-03-22T04:49:24.531+0000] {logging_mixin.py:188} INFO - [2026-03-22T04:49:24.531+0000] {dagbag.py:545} INFO - Filling up the DagBag from /home/airflow/.local/lib/python3.12/site-packages/airflow/example_dags/tutorial.py
[2026-03-22T04:49:24.536+0000] {processor.py:840} INFO - DAG(s) 'tutorial' retrieved from /home/airflow/.local/lib/python3.12/site-packages/airflow/example_dags/tutorial.py
[2026-03-22T04:49:24.568+0000] {logging_mixin.py:188} INFO - [2026-03-22T04:49:24.568+0000] {dag.py:3096} INFO - Sync 1 DAGs
[2026-03-22T04:49:24.589+0000] {logging_mixin.py:188} INFO - [2026-03-22T04:49:24.589+0000] {dag.py:3954} INFO - Setting next_dagrun for tutorial to 2026-03-21 00:00:00+00:00, run_after=2026-03-22 00:00:00+00:00
[2026-03-22T04:49:24.615+0000] {processor.py:183} INFO - Processing /home/airflow/.local/lib/python3.12/site-packages/airflow/example_dags/tutorial.py took 0.093 seconds
[2026-03-22T04:49:55.438+0000] {processor.py:161} INFO - Started process (PID=3025) to work on /home/airflow/.local/lib/python3.12/site-packages/airflow/example_dags/tutorial.py
[2026-03-22T04:49:55.439+0000] {processor.py:830} INFO - Processing file /home/airflow/.local/lib/python3.12/site-packages/airflow/example_dags/tutorial.py for tasks to queue
[2026-03-22T04:49:55.440+0000] {logging_mixin.py:188} INFO - [2026-03-22T04:49:55.439+0000] {dagbag.py:545} INFO - Filling up the DagBag from /home/airflow/.local/lib/python3.12/site-packages/airflow/example_dags/tutorial.py
[2026-03-22T04:49:55.448+0000] {processor.py:840} INFO - DAG(s) 'tutorial' retrieved from /home/airflow/.local/lib/python3.12/site-packages/airflow/example_dags/tutorial.py
[2026-03-22T04:49:55.466+0000] {logging_mixin.py:188} INFO - [2026-03-22T04:49:55.466+0000] {dag.py:3096} INFO - Sync 1 DAGs
[2026-03-22T04:49:55.485+0000] {logging_mixin.py:188} INFO - [2026-03-22T04:49:55.485+0000] {dag.py:3954} INFO - Setting next_dagrun for tutorial to 2026-03-21 00:00:00+00:00, run_after=2026-03-22 00:00:00+00:00
[2026-03-22T04:49:55.502+0000] {processor.py:183} INFO - Processing /home/airflow/.local/lib/python3.12/site-packages/airflow/example_dags/tutorial.py took 0.067 seconds
[2026-03-22T04:50:28.351+0000] {processor.py:161} INFO - Started process (PID=3090) to work on /home/airflow/.local/lib/python3.12/site-packages/airflow/example_dags/tutorial.py
[2026-03-22T04:50:28.355+0000] {processor.py:830} INFO - Processing file /home/airflow/.local/lib/python3.12/site-packages/airflow/example_dags/tutorial.py for tasks to queue
[2026-03-22T04:50:28.362+0000] {logging_mixin.py:188} INFO - [2026-03-22T04:50:28.359+0000] {dagbag.py:545} INFO - Filling up the DagBag from /home/airflow/.local/lib/python3.12/site-packages/airflow/example_dags/tutorial.py
[2026-03-22T04:50:28.421+0000] {processor.py:840} INFO - DAG(s) 'tutorial' retrieved from /home/airflow/.local/lib/python3.12/site-packages/airflow/example_dags/tutorial.py
[2026-03-22T04:50:28.509+0000] {logging_mixin.py:188} INFO - [2026-03-22T04:50:28.509+0000] {dag.py:3096} INFO - Sync 1 DAGs
[2026-03-22T04:50:28.556+0000] {logging_mixin.py:188} INFO - [2026-03-22T04:50:28.556+0000] {dag.py:3954} INFO - Setting next_dagrun for tutorial to 2026-03-21 00:00:00+00:00, run_after=2026-03-22 00:00:00+00:00
[2026-03-22T04:50:28.594+0000] {processor.py:183} INFO - Processing /home/airflow/.local/lib/python3.12/site-packages/airflow/example_dags/tutorial.py took 0.256 seconds
[2026-03-22T04:50:58.811+0000] {processor.py:161} INFO - Started process (PID=3147) to work on /home/airflow/.local/lib/python3.12/site-packages/airflow/example_dags/tutorial.py
[2026-03-22T04:50:58.814+0000] {processor.py:830} INFO - Processing file /home/airflow/.local/lib/python3.12/site-packages/airflow/example_dags/tutorial.py for tasks to queue
[2026-03-22T04:50:58.816+0000] {logging_mixin.py:188} INFO - [2026-03-22T04:50:58.815+0000] {dagbag.py:545} INFO - Filling up the DagBag from /home/airflow/.local/lib/python3.12/site-packages/airflow/example_dags/tutorial.py
[2026-03-22T04:50:58.820+0000] {processor.py:840} INFO - DAG(s) 'tutorial' retrieved from /home/airflow/.local/lib/python3.12/site-packages/airflow/example_dags/tutorial.py
[2026-03-22T04:50:58.830+0000] {logging_mixin.py:188} INFO - [2026-03-22T04:50:58.830+0000] {dag.py:3096} INFO - Sync 1 DAGs
[2026-03-22T04:50:58.842+0000] {logging_mixin.py:188} INFO - [2026-03-22T04:50:58.842+0000] {dag.py:3954} INFO - Setting next_dagrun for tutorial to 2026-03-21 00:00:00+00:00, run_after=2026-03-22 00:00:00+00:00
[2026-03-22T04:50:58.860+0000] {processor.py:183} INFO - Processing /home/airflow/.local/lib/python3.12/site-packages/airflow/example_dags/tutorial.py took 0.053 seconds
[2026-03-22T04:51:29.695+0000] {processor.py:161} INFO - Started process (PID=3204) to work on /home/airflow/.local/lib/python3.12/site-packages/airflow/example_dags/tutorial.py
[2026-03-22T04:51:29.697+0000] {processor.py:830} INFO - Processing file /home/airflow/.local/lib/python3.12/site-packages/airflow/example_dags/tutorial.py for tasks to queue
[2026-03-22T04:51:29.699+0000] {logging_mixin.py:188} INFO - [2026-03-22T04:51:29.699+0000] {dagbag.py:545} INFO - Filling up the DagBag from /home/airflow/.local/lib/python3.12/site-packages/airflow/example_dags/tutorial.py
[2026-03-22T04:51:29.712+0000] {processor.py:840} INFO - DAG(s) 'tutorial' retrieved from /home/airflow/.local/lib/python3.12/site-packages/airflow/example_dags/tutorial.py
[2026-03-22T04:51:29.871+0000] {logging_mixin.py:188} INFO - [2026-03-22T04:51:29.868+0000] {dag.py:3096} INFO - Sync 1 DAGs
[2026-03-22T04:51:29.941+0000] {logging_mixin.py:188} INFO - [2026-03-22T04:51:29.941+0000] {dag.py:3954} INFO - Setting next_dagrun for tutorial to 2026-03-21 00:00:00+00:00, run_after=2026-03-22 00:00:00+00:00
[2026-03-22T04:51:29.984+0000] {processor.py:183} INFO - Processing /home/airflow/.local/lib/python3.12/site-packages/airflow/example_dags/tutorial.py took 0.301 seconds
[2026-03-22T04:55:50.134+0000] {processor.py:161} INFO - Started process (PID=132) to work on /home/airflow/.local/lib/python3.12/site-packages/airflow/example_dags/tutorial.py
[2026-03-22T04:55:50.137+0000] {processor.py:830} INFO - Processing file /home/airflow/.local/lib/python3.12/site-packages/airflow/example_dags/tutorial.py for tasks to queue
[2026-03-22T04:55:50.138+0000] {logging_mixin.py:188} INFO - [2026-03-22T04:55:50.137+0000] {dagbag.py:545} INFO - Filling up the DagBag from /home/airflow/.local/lib/python3.12/site-packages/airflow/example_dags/tutorial.py
[2026-03-22T04:55:50.147+0000] {processor.py:840} INFO - DAG(s) 'tutorial' retrieved from /home/airflow/.local/lib/python3.12/site-packages/airflow/example_dags/tutorial.py
[2026-03-22T04:55:50.222+0000] {logging_mixin.py:188} INFO - [2026-03-22T04:55:50.222+0000] {dag.py:3096} INFO - Sync 1 DAGs
[2026-03-22T04:55:50.238+0000] {logging_mixin.py:188} INFO - [2026-03-22T04:55:50.238+0000] {dag.py:3954} INFO - Setting next_dagrun for tutorial to 2026-03-21 00:00:00+00:00, run_after=2026-03-22 00:00:00+00:00
[2026-03-22T04:55:50.258+0000] {processor.py:183} INFO - Processing /home/airflow/.local/lib/python3.12/site-packages/airflow/example_dags/tutorial.py took 0.129 seconds
[2026-03-22T04:56:20.413+0000] {processor.py:161} INFO - Started process (PID=191) to work on /home/airflow/.local/lib/python3.12/site-packages/airflow/example_dags/tutorial.py
[2026-03-22T04:56:20.414+0000] {processor.py:830} INFO - Processing file /home/airflow/.local/lib/python3.12/site-packages/airflow/example_dags/tutorial.py for tasks to queue
[2026-03-22T04:56:20.417+0000] {logging_mixin.py:188} INFO - [2026-03-22T04:56:20.416+0000] {dagbag.py:545} INFO - Filling up the DagBag from /home/airflow/.local/lib/python3.12/site-packages/airflow/example_dags/tutorial.py
[2026-03-22T04:56:20.424+0000] {processor.py:840} INFO - DAG(s) 'tutorial' retrieved from /home/airflow/.local/lib/python3.12/site-packages/airflow/example_dags/tutorial.py
[2026-03-22T04:56:20.453+0000] {logging_mixin.py:188} INFO - [2026-03-22T04:56:20.452+0000] {dag.py:3096} INFO - Sync 1 DAGs
[2026-03-22T04:56:20.470+0000] {logging_mixin.py:188} INFO - [2026-03-22T04:56:20.469+0000] {dag.py:3954} INFO - Setting next_dagrun for tutorial to 2026-03-21 00:00:00+00:00, run_after=2026-03-22 00:00:00+00:00
[2026-03-22T04:56:20.478+0000] {processor.py:183} INFO - Processing /home/airflow/.local/lib/python3.12/site-packages/airflow/example_dags/tutorial.py took 0.068 seconds
[2026-03-22T04:56:52.681+0000] {processor.py:161} INFO - Started process (PID=250) to work on /home/airflow/.local/lib/python3.12/site-packages/airflow/example_dags/tutorial.py
[2026-03-22T04:56:52.682+0000] {processor.py:830} INFO - Processing file /home/airflow/.local/lib/python3.12/site-packages/airflow/example_dags/tutorial.py for tasks to queue
[2026-03-22T04:56:52.683+0000] {logging_mixin.py:188} INFO - [2026-03-22T04:56:52.683+0000] {dagbag.py:545} INFO - Filling up the DagBag from /home/airflow/.local/lib/python3.12/site-packages/airflow/example_dags/tutorial.py
[2026-03-22T04:56:52.688+0000] {processor.py:840} INFO - DAG(s) 'tutorial' retrieved from /home/airflow/.local/lib/python3.12/site-packages/airflow/example_dags/tutorial.py
[2026-03-22T04:56:52.702+0000] {logging_mixin.py:188} INFO - [2026-03-22T04:56:52.701+0000] {dag.py:3096} INFO - Sync 1 DAGs
[2026-03-22T04:56:52.718+0000] {logging_mixin.py:188} INFO - [2026-03-22T04:56:52.718+0000] {dag.py:3954} INFO - Setting next_dagrun for tutorial to 2026-03-21 00:00:00+00:00, run_after=2026-03-22 00:00:00+00:00
[2026-03-22T04:56:52.727+0000] {processor.py:183} INFO - Processing /home/airflow/.local/lib/python3.12/site-packages/airflow/example_dags/tutorial.py took 0.051 seconds
[2026-03-22T05:00:10.140+0000] {processor.py:161} INFO - Started process (PID=338) to work on /home/airflow/.local/lib/python3.12/site-packages/airflow/example_dags/tutorial.py
[2026-03-22T05:00:10.177+0000] {processor.py:830} INFO - Processing file /home/airflow/.local/lib/python3.12/site-packages/airflow/example_dags/tutorial.py for tasks to queue
[2026-03-22T05:00:10.235+0000] {logging_mixin.py:188} INFO - [2026-03-22T05:00:10.220+0000] {dagbag.py:545} INFO - Filling up the DagBag from /home/airflow/.local/lib/python3.12/site-packages/airflow/example_dags/tutorial.py
[2026-03-22T05:00:10.747+0000] {processor.py:840} INFO - DAG(s) 'tutorial' retrieved from /home/airflow/.local/lib/python3.12/site-packages/airflow/example_dags/tutorial.py
[2026-03-22T05:00:14.673+0000] {logging_mixin.py:188} INFO - [2026-03-22T05:00:14.467+0000] {dag.py:3096} INFO - Sync 1 DAGs
[2026-03-22T05:00:16.623+0000] {logging_mixin.py:188} INFO - [2026-03-22T05:00:16.375+0000] {dag.py:3954} INFO - Setting next_dagrun for tutorial to 2026-03-21 00:00:00+00:00, run_after=2026-03-22 00:00:00+00:00
[2026-03-22T05:00:24.577+0000] {processor.py:183} INFO - Processing /home/airflow/.local/lib/python3.12/site-packages/airflow/example_dags/tutorial.py took 11.298 seconds
[2026-03-22T05:06:51.062+0000] {processor.py:161} INFO - Started process (PID=440) to work on /home/airflow/.local/lib/python3.12/site-packages/airflow/example_dags/tutorial.py
[2026-03-22T05:06:51.091+0000] {processor.py:830} INFO - Processing file /home/airflow/.local/lib/python3.12/site-packages/airflow/example_dags/tutorial.py for tasks to queue
[2026-03-22T05:06:51.139+0000] {logging_mixin.py:188} INFO - [2026-03-22T05:06:51.129+0000] {dagbag.py:545} INFO - Filling up the DagBag from /home/airflow/.local/lib/python3.12/site-packages/airflow/example_dags/tutorial.py
[2026-03-22T05:06:51.465+0000] {processor.py:840} INFO - DAG(s) 'tutorial' retrieved from /home/airflow/.local/lib/python3.12/site-packages/airflow/example_dags/tutorial.py
[2026-03-22T05:06:52.665+0000] {logging_mixin.py:188} INFO - [2026-03-22T05:06:52.652+0000] {dag.py:3096} INFO - Sync 1 DAGs
[2026-03-22T05:06:57.040+0000] {logging_mixin.py:188} INFO - [2026-03-22T05:06:56.954+0000] {dag.py:3954} INFO - Setting next_dagrun for tutorial to 2026-03-21 00:00:00+00:00, run_after=2026-03-22 00:00:00+00:00
[2026-03-22T05:07:00.062+0000] {processor.py:183} INFO - Processing /home/airflow/.local/lib/python3.12/site-packages/airflow/example_dags/tutorial.py took 9.275 seconds
