[2026-03-22T04:09:23.814+0000] {processor.py:161} INFO - Started process (PID=104) to work on /home/airflow/.local/lib/python3.12/site-packages/airflow/example_dags/tutorial_objectstorage.py
[2026-03-22T04:09:23.815+0000] {processor.py:830} INFO - Processing file /home/airflow/.local/lib/python3.12/site-packages/airflow/example_dags/tutorial_objectstorage.py for tasks to queue
[2026-03-22T04:09:23.816+0000] {logging_mixin.py:188} INFO - [2026-03-22T04:09:23.815+0000] {dagbag.py:545} INFO - Filling up the DagBag from /home/airflow/.local/lib/python3.12/site-packages/airflow/example_dags/tutorial_objectstorage.py
[2026-03-22T04:09:23.821+0000] {processor.py:840} INFO - DAG(s) 'tutorial_objectstorage' retrieved from /home/airflow/.local/lib/python3.12/site-packages/airflow/example_dags/tutorial_objectstorage.py
[2026-03-22T04:09:23.872+0000] {logging_mixin.py:188} INFO - [2026-03-22T04:09:23.872+0000] {dag.py:3096} INFO - Sync 1 DAGs
[2026-03-22T04:09:23.876+0000] {logging_mixin.py:188} INFO - [2026-03-22T04:09:23.876+0000] {dag.py:3954} INFO - Setting next_dagrun for tutorial_objectstorage to None, run_after=None
[2026-03-22T04:09:23.883+0000] {processor.py:183} INFO - Processing /home/airflow/.local/lib/python3.12/site-packages/airflow/example_dags/tutorial_objectstorage.py took 0.073 seconds
[2026-03-22T04:09:54.891+0000] {processor.py:161} INFO - Started process (PID=162) to work on /home/airflow/.local/lib/python3.12/site-packages/airflow/example_dags/tutorial_objectstorage.py
[2026-03-22T04:09:54.892+0000] {processor.py:830} INFO - Processing file /home/airflow/.local/lib/python3.12/site-packages/airflow/example_dags/tutorial_objectstorage.py for tasks to queue
[2026-03-22T04:09:54.893+0000] {logging_mixin.py:188} INFO - [2026-03-22T04:09:54.893+0000] {dagbag.py:545} INFO - Filling up the DagBag from /home/airflow/.local/lib/python3.12/site-packages/airflow/example_dags/tutorial_objectstorage.py
[2026-03-22T04:09:54.897+0000] {processor.py:840} INFO - DAG(s) 'tutorial_objectstorage' retrieved from /home/airflow/.local/lib/python3.12/site-packages/airflow/example_dags/tutorial_objectstorage.py
[2026-03-22T04:09:54.908+0000] {logging_mixin.py:188} INFO - [2026-03-22T04:09:54.908+0000] {dag.py:3096} INFO - Sync 1 DAGs
[2026-03-22T04:09:54.913+0000] {logging_mixin.py:188} INFO - [2026-03-22T04:09:54.913+0000] {dag.py:3954} INFO - Setting next_dagrun for tutorial_objectstorage to None, run_after=None
[2026-03-22T04:09:54.923+0000] {processor.py:183} INFO - Processing /home/airflow/.local/lib/python3.12/site-packages/airflow/example_dags/tutorial_objectstorage.py took 0.037 seconds
[2026-03-22T04:10:25.381+0000] {processor.py:161} INFO - Started process (PID=220) to work on /home/airflow/.local/lib/python3.12/site-packages/airflow/example_dags/tutorial_objectstorage.py
[2026-03-22T04:10:25.382+0000] {processor.py:830} INFO - Processing file /home/airflow/.local/lib/python3.12/site-packages/airflow/example_dags/tutorial_objectstorage.py for tasks to queue
[2026-03-22T04:10:25.384+0000] {logging_mixin.py:188} INFO - [2026-03-22T04:10:25.384+0000] {dagbag.py:545} INFO - Filling up the DagBag from /home/airflow/.local/lib/python3.12/site-packages/airflow/example_dags/tutorial_objectstorage.py
[2026-03-22T04:10:25.390+0000] {processor.py:840} INFO - DAG(s) 'tutorial_objectstorage' retrieved from /home/airflow/.local/lib/python3.12/site-packages/airflow/example_dags/tutorial_objectstorage.py
[2026-03-22T04:10:25.399+0000] {logging_mixin.py:188} INFO - [2026-03-22T04:10:25.399+0000] {dag.py:3096} INFO - Sync 1 DAGs
[2026-03-22T04:10:25.406+0000] {logging_mixin.py:188} INFO - [2026-03-22T04:10:25.406+0000] {dag.py:3954} INFO - Setting next_dagrun for tutorial_objectstorage to None, run_after=None
[2026-03-22T04:10:25.413+0000] {processor.py:183} INFO - Processing /home/airflow/.local/lib/python3.12/site-packages/airflow/example_dags/tutorial_objectstorage.py took 0.039 seconds
[2026-03-22T04:10:55.897+0000] {processor.py:161} INFO - Started process (PID=278) to work on /home/airflow/.local/lib/python3.12/site-packages/airflow/example_dags/tutorial_objectstorage.py
[2026-03-22T04:10:55.898+0000] {processor.py:830} INFO - Processing file /home/airflow/.local/lib/python3.12/site-packages/airflow/example_dags/tutorial_objectstorage.py for tasks to queue
[2026-03-22T04:10:55.899+0000] {logging_mixin.py:188} INFO - [2026-03-22T04:10:55.899+0000] {dagbag.py:545} INFO - Filling up the DagBag from /home/airflow/.local/lib/python3.12/site-packages/airflow/example_dags/tutorial_objectstorage.py
[2026-03-22T04:10:55.904+0000] {processor.py:840} INFO - DAG(s) 'tutorial_objectstorage' retrieved from /home/airflow/.local/lib/python3.12/site-packages/airflow/example_dags/tutorial_objectstorage.py
[2026-03-22T04:10:55.918+0000] {logging_mixin.py:188} INFO - [2026-03-22T04:10:55.917+0000] {dag.py:3096} INFO - Sync 1 DAGs
[2026-03-22T04:10:55.925+0000] {logging_mixin.py:188} INFO - [2026-03-22T04:10:55.925+0000] {dag.py:3954} INFO - Setting next_dagrun for tutorial_objectstorage to None, run_after=None
[2026-03-22T04:10:55.933+0000] {processor.py:183} INFO - Processing /home/airflow/.local/lib/python3.12/site-packages/airflow/example_dags/tutorial_objectstorage.py took 0.038 seconds
[2026-03-22T04:11:26.932+0000] {processor.py:161} INFO - Started process (PID=336) to work on /home/airflow/.local/lib/python3.12/site-packages/airflow/example_dags/tutorial_objectstorage.py
[2026-03-22T04:11:26.936+0000] {processor.py:830} INFO - Processing file /home/airflow/.local/lib/python3.12/site-packages/airflow/example_dags/tutorial_objectstorage.py for tasks to queue
[2026-03-22T04:11:26.937+0000] {logging_mixin.py:188} INFO - [2026-03-22T04:11:26.937+0000] {dagbag.py:545} INFO - Filling up the DagBag from /home/airflow/.local/lib/python3.12/site-packages/airflow/example_dags/tutorial_objectstorage.py
[2026-03-22T04:11:26.941+0000] {processor.py:840} INFO - DAG(s) 'tutorial_objectstorage' retrieved from /home/airflow/.local/lib/python3.12/site-packages/airflow/example_dags/tutorial_objectstorage.py
[2026-03-22T04:11:26.951+0000] {logging_mixin.py:188} INFO - [2026-03-22T04:11:26.951+0000] {dag.py:3096} INFO - Sync 1 DAGs
[2026-03-22T04:11:26.959+0000] {logging_mixin.py:188} INFO - [2026-03-22T04:11:26.959+0000] {dag.py:3954} INFO - Setting next_dagrun for tutorial_objectstorage to None, run_after=None
[2026-03-22T04:11:26.968+0000] {processor.py:183} INFO - Processing /home/airflow/.local/lib/python3.12/site-packages/airflow/example_dags/tutorial_objectstorage.py took 0.039 seconds
[2026-03-22T04:11:57.161+0000] {processor.py:161} INFO - Started process (PID=394) to work on /home/airflow/.local/lib/python3.12/site-packages/airflow/example_dags/tutorial_objectstorage.py
[2026-03-22T04:11:57.163+0000] {processor.py:830} INFO - Processing file /home/airflow/.local/lib/python3.12/site-packages/airflow/example_dags/tutorial_objectstorage.py for tasks to queue
[2026-03-22T04:11:57.166+0000] {logging_mixin.py:188} INFO - [2026-03-22T04:11:57.166+0000] {dagbag.py:545} INFO - Filling up the DagBag from /home/airflow/.local/lib/python3.12/site-packages/airflow/example_dags/tutorial_objectstorage.py
[2026-03-22T04:11:57.181+0000] {processor.py:840} INFO - DAG(s) 'tutorial_objectstorage' retrieved from /home/airflow/.local/lib/python3.12/site-packages/airflow/example_dags/tutorial_objectstorage.py
[2026-03-22T04:11:57.191+0000] {logging_mixin.py:188} INFO - [2026-03-22T04:11:57.191+0000] {dag.py:3096} INFO - Sync 1 DAGs
[2026-03-22T04:11:57.198+0000] {logging_mixin.py:188} INFO - [2026-03-22T04:11:57.198+0000] {dag.py:3954} INFO - Setting next_dagrun for tutorial_objectstorage to None, run_after=None
[2026-03-22T04:11:57.208+0000] {processor.py:183} INFO - Processing /home/airflow/.local/lib/python3.12/site-packages/airflow/example_dags/tutorial_objectstorage.py took 0.051 seconds
[2026-03-22T04:12:28.143+0000] {processor.py:161} INFO - Started process (PID=452) to work on /home/airflow/.local/lib/python3.12/site-packages/airflow/example_dags/tutorial_objectstorage.py
[2026-03-22T04:12:28.144+0000] {processor.py:830} INFO - Processing file /home/airflow/.local/lib/python3.12/site-packages/airflow/example_dags/tutorial_objectstorage.py for tasks to queue
[2026-03-22T04:12:28.145+0000] {logging_mixin.py:188} INFO - [2026-03-22T04:12:28.145+0000] {dagbag.py:545} INFO - Filling up the DagBag from /home/airflow/.local/lib/python3.12/site-packages/airflow/example_dags/tutorial_objectstorage.py
[2026-03-22T04:12:28.150+0000] {processor.py:840} INFO - DAG(s) 'tutorial_objectstorage' retrieved from /home/airflow/.local/lib/python3.12/site-packages/airflow/example_dags/tutorial_objectstorage.py
[2026-03-22T04:12:28.159+0000] {logging_mixin.py:188} INFO - [2026-03-22T04:12:28.159+0000] {dag.py:3096} INFO - Sync 1 DAGs
[2026-03-22T04:12:28.165+0000] {logging_mixin.py:188} INFO - [2026-03-22T04:12:28.165+0000] {dag.py:3954} INFO - Setting next_dagrun for tutorial_objectstorage to None, run_after=None
[2026-03-22T04:12:28.172+0000] {processor.py:183} INFO - Processing /home/airflow/.local/lib/python3.12/site-packages/airflow/example_dags/tutorial_objectstorage.py took 0.033 seconds
[2026-03-22T04:12:59.528+0000] {processor.py:161} INFO - Started process (PID=510) to work on /home/airflow/.local/lib/python3.12/site-packages/airflow/example_dags/tutorial_objectstorage.py
[2026-03-22T04:12:59.530+0000] {processor.py:830} INFO - Processing file /home/airflow/.local/lib/python3.12/site-packages/airflow/example_dags/tutorial_objectstorage.py for tasks to queue
[2026-03-22T04:12:59.532+0000] {logging_mixin.py:188} INFO - [2026-03-22T04:12:59.532+0000] {dagbag.py:545} INFO - Filling up the DagBag from /home/airflow/.local/lib/python3.12/site-packages/airflow/example_dags/tutorial_objectstorage.py
[2026-03-22T04:12:59.545+0000] {processor.py:840} INFO - DAG(s) 'tutorial_objectstorage' retrieved from /home/airflow/.local/lib/python3.12/site-packages/airflow/example_dags/tutorial_objectstorage.py
[2026-03-22T04:12:59.564+0000] {logging_mixin.py:188} INFO - [2026-03-22T04:12:59.564+0000] {dag.py:3096} INFO - Sync 1 DAGs
[2026-03-22T04:12:59.572+0000] {logging_mixin.py:188} INFO - [2026-03-22T04:12:59.572+0000] {dag.py:3954} INFO - Setting next_dagrun for tutorial_objectstorage to None, run_after=None
[2026-03-22T04:12:59.591+0000] {processor.py:183} INFO - Processing /home/airflow/.local/lib/python3.12/site-packages/airflow/example_dags/tutorial_objectstorage.py took 0.067 seconds
[2026-03-22T04:13:30.220+0000] {processor.py:161} INFO - Started process (PID=568) to work on /home/airflow/.local/lib/python3.12/site-packages/airflow/example_dags/tutorial_objectstorage.py
[2026-03-22T04:13:30.221+0000] {processor.py:830} INFO - Processing file /home/airflow/.local/lib/python3.12/site-packages/airflow/example_dags/tutorial_objectstorage.py for tasks to queue
[2026-03-22T04:13:30.225+0000] {logging_mixin.py:188} INFO - [2026-03-22T04:13:30.224+0000] {dagbag.py:545} INFO - Filling up the DagBag from /home/airflow/.local/lib/python3.12/site-packages/airflow/example_dags/tutorial_objectstorage.py
[2026-03-22T04:13:30.229+0000] {processor.py:840} INFO - DAG(s) 'tutorial_objectstorage' retrieved from /home/airflow/.local/lib/python3.12/site-packages/airflow/example_dags/tutorial_objectstorage.py
[2026-03-22T04:13:30.241+0000] {logging_mixin.py:188} INFO - [2026-03-22T04:13:30.241+0000] {dag.py:3096} INFO - Sync 1 DAGs
[2026-03-22T04:13:30.248+0000] {logging_mixin.py:188} INFO - [2026-03-22T04:13:30.248+0000] {dag.py:3954} INFO - Setting next_dagrun for tutorial_objectstorage to None, run_after=None
[2026-03-22T04:13:30.258+0000] {processor.py:183} INFO - Processing /home/airflow/.local/lib/python3.12/site-packages/airflow/example_dags/tutorial_objectstorage.py took 0.041 seconds
[2026-03-22T04:14:00.843+0000] {processor.py:161} INFO - Started process (PID=626) to work on /home/airflow/.local/lib/python3.12/site-packages/airflow/example_dags/tutorial_objectstorage.py
[2026-03-22T04:14:00.844+0000] {processor.py:830} INFO - Processing file /home/airflow/.local/lib/python3.12/site-packages/airflow/example_dags/tutorial_objectstorage.py for tasks to queue
[2026-03-22T04:14:00.845+0000] {logging_mixin.py:188} INFO - [2026-03-22T04:14:00.845+0000] {dagbag.py:545} INFO - Filling up the DagBag from /home/airflow/.local/lib/python3.12/site-packages/airflow/example_dags/tutorial_objectstorage.py
[2026-03-22T04:14:00.849+0000] {processor.py:840} INFO - DAG(s) 'tutorial_objectstorage' retrieved from /home/airflow/.local/lib/python3.12/site-packages/airflow/example_dags/tutorial_objectstorage.py
[2026-03-22T04:14:00.858+0000] {logging_mixin.py:188} INFO - [2026-03-22T04:14:00.858+0000] {dag.py:3096} INFO - Sync 1 DAGs
[2026-03-22T04:14:00.863+0000] {logging_mixin.py:188} INFO - [2026-03-22T04:14:00.863+0000] {dag.py:3954} INFO - Setting next_dagrun for tutorial_objectstorage to None, run_after=None
[2026-03-22T04:14:00.870+0000] {processor.py:183} INFO - Processing /home/airflow/.local/lib/python3.12/site-packages/airflow/example_dags/tutorial_objectstorage.py took 0.031 seconds
[2026-03-22T04:14:31.120+0000] {processor.py:161} INFO - Started process (PID=683) to work on /home/airflow/.local/lib/python3.12/site-packages/airflow/example_dags/tutorial_objectstorage.py
[2026-03-22T04:14:31.121+0000] {processor.py:830} INFO - Processing file /home/airflow/.local/lib/python3.12/site-packages/airflow/example_dags/tutorial_objectstorage.py for tasks to queue
[2026-03-22T04:14:31.125+0000] {logging_mixin.py:188} INFO - [2026-03-22T04:14:31.125+0000] {dagbag.py:545} INFO - Filling up the DagBag from /home/airflow/.local/lib/python3.12/site-packages/airflow/example_dags/tutorial_objectstorage.py
[2026-03-22T04:14:31.131+0000] {processor.py:840} INFO - DAG(s) 'tutorial_objectstorage' retrieved from /home/airflow/.local/lib/python3.12/site-packages/airflow/example_dags/tutorial_objectstorage.py
[2026-03-22T04:14:31.140+0000] {logging_mixin.py:188} INFO - [2026-03-22T04:14:31.140+0000] {dag.py:3096} INFO - Sync 1 DAGs
[2026-03-22T04:14:31.147+0000] {logging_mixin.py:188} INFO - [2026-03-22T04:14:31.146+0000] {dag.py:3954} INFO - Setting next_dagrun for tutorial_objectstorage to None, run_after=None
[2026-03-22T04:14:31.154+0000] {processor.py:183} INFO - Processing /home/airflow/.local/lib/python3.12/site-packages/airflow/example_dags/tutorial_objectstorage.py took 0.037 seconds
[2026-03-22T04:15:01.350+0000] {processor.py:161} INFO - Started process (PID=742) to work on /home/airflow/.local/lib/python3.12/site-packages/airflow/example_dags/tutorial_objectstorage.py
[2026-03-22T04:15:01.353+0000] {processor.py:830} INFO - Processing file /home/airflow/.local/lib/python3.12/site-packages/airflow/example_dags/tutorial_objectstorage.py for tasks to queue
[2026-03-22T04:15:01.355+0000] {logging_mixin.py:188} INFO - [2026-03-22T04:15:01.355+0000] {dagbag.py:545} INFO - Filling up the DagBag from /home/airflow/.local/lib/python3.12/site-packages/airflow/example_dags/tutorial_objectstorage.py
[2026-03-22T04:15:01.360+0000] {processor.py:840} INFO - DAG(s) 'tutorial_objectstorage' retrieved from /home/airflow/.local/lib/python3.12/site-packages/airflow/example_dags/tutorial_objectstorage.py
[2026-03-22T04:15:01.377+0000] {logging_mixin.py:188} INFO - [2026-03-22T04:15:01.377+0000] {dag.py:3096} INFO - Sync 1 DAGs
[2026-03-22T04:15:01.385+0000] {logging_mixin.py:188} INFO - [2026-03-22T04:15:01.385+0000] {dag.py:3954} INFO - Setting next_dagrun for tutorial_objectstorage to None, run_after=None
[2026-03-22T04:15:01.393+0000] {processor.py:183} INFO - Processing /home/airflow/.local/lib/python3.12/site-packages/airflow/example_dags/tutorial_objectstorage.py took 0.046 seconds
[2026-03-22T04:15:31.804+0000] {processor.py:161} INFO - Started process (PID=800) to work on /home/airflow/.local/lib/python3.12/site-packages/airflow/example_dags/tutorial_objectstorage.py
[2026-03-22T04:15:31.805+0000] {processor.py:830} INFO - Processing file /home/airflow/.local/lib/python3.12/site-packages/airflow/example_dags/tutorial_objectstorage.py for tasks to queue
[2026-03-22T04:15:31.806+0000] {logging_mixin.py:188} INFO - [2026-03-22T04:15:31.805+0000] {dagbag.py:545} INFO - Filling up the DagBag from /home/airflow/.local/lib/python3.12/site-packages/airflow/example_dags/tutorial_objectstorage.py
[2026-03-22T04:15:31.809+0000] {processor.py:840} INFO - DAG(s) 'tutorial_objectstorage' retrieved from /home/airflow/.local/lib/python3.12/site-packages/airflow/example_dags/tutorial_objectstorage.py
[2026-03-22T04:15:31.817+0000] {logging_mixin.py:188} INFO - [2026-03-22T04:15:31.817+0000] {dag.py:3096} INFO - Sync 1 DAGs
[2026-03-22T04:15:31.824+0000] {logging_mixin.py:188} INFO - [2026-03-22T04:15:31.824+0000] {dag.py:3954} INFO - Setting next_dagrun for tutorial_objectstorage to None, run_after=None
[2026-03-22T04:15:31.831+0000] {processor.py:183} INFO - Processing /home/airflow/.local/lib/python3.12/site-packages/airflow/example_dags/tutorial_objectstorage.py took 0.030 seconds
[2026-03-22T04:16:02.389+0000] {processor.py:161} INFO - Started process (PID=858) to work on /home/airflow/.local/lib/python3.12/site-packages/airflow/example_dags/tutorial_objectstorage.py
[2026-03-22T04:16:02.390+0000] {processor.py:830} INFO - Processing file /home/airflow/.local/lib/python3.12/site-packages/airflow/example_dags/tutorial_objectstorage.py for tasks to queue
[2026-03-22T04:16:02.394+0000] {logging_mixin.py:188} INFO - [2026-03-22T04:16:02.394+0000] {dagbag.py:545} INFO - Filling up the DagBag from /home/airflow/.local/lib/python3.12/site-packages/airflow/example_dags/tutorial_objectstorage.py
[2026-03-22T04:16:02.403+0000] {processor.py:840} INFO - DAG(s) 'tutorial_objectstorage' retrieved from /home/airflow/.local/lib/python3.12/site-packages/airflow/example_dags/tutorial_objectstorage.py
[2026-03-22T04:16:02.444+0000] {logging_mixin.py:188} INFO - [2026-03-22T04:16:02.444+0000] {dag.py:3096} INFO - Sync 1 DAGs
[2026-03-22T04:16:02.469+0000] {logging_mixin.py:188} INFO - [2026-03-22T04:16:02.468+0000] {dag.py:3954} INFO - Setting next_dagrun for tutorial_objectstorage to None, run_after=None
[2026-03-22T04:16:02.496+0000] {processor.py:183} INFO - Processing /home/airflow/.local/lib/python3.12/site-packages/airflow/example_dags/tutorial_objectstorage.py took 0.115 seconds
[2026-03-22T04:17:35.132+0000] {processor.py:161} INFO - Started process (PID=923) to work on /home/airflow/.local/lib/python3.12/site-packages/airflow/example_dags/tutorial_objectstorage.py
[2026-03-22T04:17:35.134+0000] {processor.py:830} INFO - Processing file /home/airflow/.local/lib/python3.12/site-packages/airflow/example_dags/tutorial_objectstorage.py for tasks to queue
[2026-03-22T04:17:35.140+0000] {logging_mixin.py:188} INFO - [2026-03-22T04:17:35.140+0000] {dagbag.py:545} INFO - Filling up the DagBag from /home/airflow/.local/lib/python3.12/site-packages/airflow/example_dags/tutorial_objectstorage.py
[2026-03-22T04:17:35.158+0000] {processor.py:840} INFO - DAG(s) 'tutorial_objectstorage' retrieved from /home/airflow/.local/lib/python3.12/site-packages/airflow/example_dags/tutorial_objectstorage.py
[2026-03-22T04:17:35.215+0000] {logging_mixin.py:188} INFO - [2026-03-22T04:17:35.214+0000] {dag.py:3096} INFO - Sync 1 DAGs
[2026-03-22T04:17:35.238+0000] {logging_mixin.py:188} INFO - [2026-03-22T04:17:35.238+0000] {dag.py:3954} INFO - Setting next_dagrun for tutorial_objectstorage to None, run_after=None
[2026-03-22T04:17:35.259+0000] {processor.py:183} INFO - Processing /home/airflow/.local/lib/python3.12/site-packages/airflow/example_dags/tutorial_objectstorage.py took 0.140 seconds
[2026-03-22T04:18:06.435+0000] {processor.py:161} INFO - Started process (PID=983) to work on /home/airflow/.local/lib/python3.12/site-packages/airflow/example_dags/tutorial_objectstorage.py
[2026-03-22T04:18:06.435+0000] {processor.py:830} INFO - Processing file /home/airflow/.local/lib/python3.12/site-packages/airflow/example_dags/tutorial_objectstorage.py for tasks to queue
[2026-03-22T04:18:06.436+0000] {logging_mixin.py:188} INFO - [2026-03-22T04:18:06.436+0000] {dagbag.py:545} INFO - Filling up the DagBag from /home/airflow/.local/lib/python3.12/site-packages/airflow/example_dags/tutorial_objectstorage.py
[2026-03-22T04:18:06.443+0000] {processor.py:840} INFO - DAG(s) 'tutorial_objectstorage' retrieved from /home/airflow/.local/lib/python3.12/site-packages/airflow/example_dags/tutorial_objectstorage.py
[2026-03-22T04:18:06.451+0000] {logging_mixin.py:188} INFO - [2026-03-22T04:18:06.451+0000] {dag.py:3096} INFO - Sync 1 DAGs
[2026-03-22T04:18:06.463+0000] {logging_mixin.py:188} INFO - [2026-03-22T04:18:06.462+0000] {dag.py:3954} INFO - Setting next_dagrun for tutorial_objectstorage to None, run_after=None
[2026-03-22T04:18:06.471+0000] {processor.py:183} INFO - Processing /home/airflow/.local/lib/python3.12/site-packages/airflow/example_dags/tutorial_objectstorage.py took 0.039 seconds
[2026-03-22T04:18:37.112+0000] {processor.py:161} INFO - Started process (PID=1042) to work on /home/airflow/.local/lib/python3.12/site-packages/airflow/example_dags/tutorial_objectstorage.py
[2026-03-22T04:18:37.114+0000] {processor.py:830} INFO - Processing file /home/airflow/.local/lib/python3.12/site-packages/airflow/example_dags/tutorial_objectstorage.py for tasks to queue
[2026-03-22T04:18:37.115+0000] {logging_mixin.py:188} INFO - [2026-03-22T04:18:37.115+0000] {dagbag.py:545} INFO - Filling up the DagBag from /home/airflow/.local/lib/python3.12/site-packages/airflow/example_dags/tutorial_objectstorage.py
[2026-03-22T04:18:37.121+0000] {processor.py:840} INFO - DAG(s) 'tutorial_objectstorage' retrieved from /home/airflow/.local/lib/python3.12/site-packages/airflow/example_dags/tutorial_objectstorage.py
[2026-03-22T04:18:37.132+0000] {logging_mixin.py:188} INFO - [2026-03-22T04:18:37.132+0000] {dag.py:3096} INFO - Sync 1 DAGs
[2026-03-22T04:18:37.138+0000] {logging_mixin.py:188} INFO - [2026-03-22T04:18:37.138+0000] {dag.py:3954} INFO - Setting next_dagrun for tutorial_objectstorage to None, run_after=None
[2026-03-22T04:18:37.145+0000] {processor.py:183} INFO - Processing /home/airflow/.local/lib/python3.12/site-packages/airflow/example_dags/tutorial_objectstorage.py took 0.037 seconds
[2026-03-22T04:19:07.753+0000] {processor.py:161} INFO - Started process (PID=1100) to work on /home/airflow/.local/lib/python3.12/site-packages/airflow/example_dags/tutorial_objectstorage.py
[2026-03-22T04:19:07.754+0000] {processor.py:830} INFO - Processing file /home/airflow/.local/lib/python3.12/site-packages/airflow/example_dags/tutorial_objectstorage.py for tasks to queue
[2026-03-22T04:19:07.756+0000] {logging_mixin.py:188} INFO - [2026-03-22T04:19:07.755+0000] {dagbag.py:545} INFO - Filling up the DagBag from /home/airflow/.local/lib/python3.12/site-packages/airflow/example_dags/tutorial_objectstorage.py
[2026-03-22T04:19:07.764+0000] {processor.py:840} INFO - DAG(s) 'tutorial_objectstorage' retrieved from /home/airflow/.local/lib/python3.12/site-packages/airflow/example_dags/tutorial_objectstorage.py
[2026-03-22T04:19:07.774+0000] {logging_mixin.py:188} INFO - [2026-03-22T04:19:07.774+0000] {dag.py:3096} INFO - Sync 1 DAGs
[2026-03-22T04:19:07.780+0000] {logging_mixin.py:188} INFO - [2026-03-22T04:19:07.780+0000] {dag.py:3954} INFO - Setting next_dagrun for tutorial_objectstorage to None, run_after=None
[2026-03-22T04:19:07.788+0000] {processor.py:183} INFO - Processing /home/airflow/.local/lib/python3.12/site-packages/airflow/example_dags/tutorial_objectstorage.py took 0.037 seconds
[2026-03-22T04:19:39.053+0000] {processor.py:161} INFO - Started process (PID=1158) to work on /home/airflow/.local/lib/python3.12/site-packages/airflow/example_dags/tutorial_objectstorage.py
[2026-03-22T04:19:39.054+0000] {processor.py:830} INFO - Processing file /home/airflow/.local/lib/python3.12/site-packages/airflow/example_dags/tutorial_objectstorage.py for tasks to queue
[2026-03-22T04:19:39.055+0000] {logging_mixin.py:188} INFO - [2026-03-22T04:19:39.055+0000] {dagbag.py:545} INFO - Filling up the DagBag from /home/airflow/.local/lib/python3.12/site-packages/airflow/example_dags/tutorial_objectstorage.py
[2026-03-22T04:19:39.063+0000] {processor.py:840} INFO - DAG(s) 'tutorial_objectstorage' retrieved from /home/airflow/.local/lib/python3.12/site-packages/airflow/example_dags/tutorial_objectstorage.py
[2026-03-22T04:19:39.083+0000] {logging_mixin.py:188} INFO - [2026-03-22T04:19:39.083+0000] {dag.py:3096} INFO - Sync 1 DAGs
[2026-03-22T04:19:39.093+0000] {logging_mixin.py:188} INFO - [2026-03-22T04:19:39.093+0000] {dag.py:3954} INFO - Setting next_dagrun for tutorial_objectstorage to None, run_after=None
[2026-03-22T04:19:39.108+0000] {processor.py:183} INFO - Processing /home/airflow/.local/lib/python3.12/site-packages/airflow/example_dags/tutorial_objectstorage.py took 0.061 seconds
[2026-03-22T04:20:09.417+0000] {processor.py:161} INFO - Started process (PID=1216) to work on /home/airflow/.local/lib/python3.12/site-packages/airflow/example_dags/tutorial_objectstorage.py
[2026-03-22T04:20:09.418+0000] {processor.py:830} INFO - Processing file /home/airflow/.local/lib/python3.12/site-packages/airflow/example_dags/tutorial_objectstorage.py for tasks to queue
[2026-03-22T04:20:09.419+0000] {logging_mixin.py:188} INFO - [2026-03-22T04:20:09.419+0000] {dagbag.py:545} INFO - Filling up the DagBag from /home/airflow/.local/lib/python3.12/site-packages/airflow/example_dags/tutorial_objectstorage.py
[2026-03-22T04:20:09.430+0000] {processor.py:840} INFO - DAG(s) 'tutorial_objectstorage' retrieved from /home/airflow/.local/lib/python3.12/site-packages/airflow/example_dags/tutorial_objectstorage.py
[2026-03-22T04:20:09.445+0000] {logging_mixin.py:188} INFO - [2026-03-22T04:20:09.445+0000] {dag.py:3096} INFO - Sync 1 DAGs
[2026-03-22T04:20:09.454+0000] {logging_mixin.py:188} INFO - [2026-03-22T04:20:09.454+0000] {dag.py:3954} INFO - Setting next_dagrun for tutorial_objectstorage to None, run_after=None
[2026-03-22T04:20:09.472+0000] {processor.py:183} INFO - Processing /home/airflow/.local/lib/python3.12/site-packages/airflow/example_dags/tutorial_objectstorage.py took 0.060 seconds
[2026-03-22T04:20:40.531+0000] {processor.py:161} INFO - Started process (PID=1280) to work on /home/airflow/.local/lib/python3.12/site-packages/airflow/example_dags/tutorial_objectstorage.py
[2026-03-22T04:20:40.534+0000] {processor.py:830} INFO - Processing file /home/airflow/.local/lib/python3.12/site-packages/airflow/example_dags/tutorial_objectstorage.py for tasks to queue
[2026-03-22T04:20:40.538+0000] {logging_mixin.py:188} INFO - [2026-03-22T04:20:40.538+0000] {dagbag.py:545} INFO - Filling up the DagBag from /home/airflow/.local/lib/python3.12/site-packages/airflow/example_dags/tutorial_objectstorage.py
[2026-03-22T04:20:40.543+0000] {processor.py:840} INFO - DAG(s) 'tutorial_objectstorage' retrieved from /home/airflow/.local/lib/python3.12/site-packages/airflow/example_dags/tutorial_objectstorage.py
[2026-03-22T04:20:40.554+0000] {logging_mixin.py:188} INFO - [2026-03-22T04:20:40.554+0000] {dag.py:3096} INFO - Sync 1 DAGs
[2026-03-22T04:20:40.564+0000] {logging_mixin.py:188} INFO - [2026-03-22T04:20:40.564+0000] {dag.py:3954} INFO - Setting next_dagrun for tutorial_objectstorage to None, run_after=None
[2026-03-22T04:20:40.580+0000] {processor.py:183} INFO - Processing /home/airflow/.local/lib/python3.12/site-packages/airflow/example_dags/tutorial_objectstorage.py took 0.051 seconds
[2026-03-22T04:21:11.578+0000] {processor.py:161} INFO - Started process (PID=1337) to work on /home/airflow/.local/lib/python3.12/site-packages/airflow/example_dags/tutorial_objectstorage.py
[2026-03-22T04:21:11.579+0000] {processor.py:830} INFO - Processing file /home/airflow/.local/lib/python3.12/site-packages/airflow/example_dags/tutorial_objectstorage.py for tasks to queue
[2026-03-22T04:21:11.584+0000] {logging_mixin.py:188} INFO - [2026-03-22T04:21:11.583+0000] {dagbag.py:545} INFO - Filling up the DagBag from /home/airflow/.local/lib/python3.12/site-packages/airflow/example_dags/tutorial_objectstorage.py
[2026-03-22T04:21:11.589+0000] {processor.py:840} INFO - DAG(s) 'tutorial_objectstorage' retrieved from /home/airflow/.local/lib/python3.12/site-packages/airflow/example_dags/tutorial_objectstorage.py
[2026-03-22T04:21:11.615+0000] {logging_mixin.py:188} INFO - [2026-03-22T04:21:11.615+0000] {dag.py:3096} INFO - Sync 1 DAGs
[2026-03-22T04:21:11.625+0000] {logging_mixin.py:188} INFO - [2026-03-22T04:21:11.625+0000] {dag.py:3954} INFO - Setting next_dagrun for tutorial_objectstorage to None, run_after=None
[2026-03-22T04:21:11.635+0000] {processor.py:183} INFO - Processing /home/airflow/.local/lib/python3.12/site-packages/airflow/example_dags/tutorial_objectstorage.py took 0.060 seconds
[2026-03-22T04:21:42.963+0000] {processor.py:161} INFO - Started process (PID=1397) to work on /home/airflow/.local/lib/python3.12/site-packages/airflow/example_dags/tutorial_objectstorage.py
[2026-03-22T04:21:42.964+0000] {processor.py:830} INFO - Processing file /home/airflow/.local/lib/python3.12/site-packages/airflow/example_dags/tutorial_objectstorage.py for tasks to queue
[2026-03-22T04:21:42.965+0000] {logging_mixin.py:188} INFO - [2026-03-22T04:21:42.965+0000] {dagbag.py:545} INFO - Filling up the DagBag from /home/airflow/.local/lib/python3.12/site-packages/airflow/example_dags/tutorial_objectstorage.py
[2026-03-22T04:21:42.969+0000] {processor.py:840} INFO - DAG(s) 'tutorial_objectstorage' retrieved from /home/airflow/.local/lib/python3.12/site-packages/airflow/example_dags/tutorial_objectstorage.py
[2026-03-22T04:21:42.978+0000] {logging_mixin.py:188} INFO - [2026-03-22T04:21:42.978+0000] {dag.py:3096} INFO - Sync 1 DAGs
[2026-03-22T04:21:42.984+0000] {logging_mixin.py:188} INFO - [2026-03-22T04:21:42.984+0000] {dag.py:3954} INFO - Setting next_dagrun for tutorial_objectstorage to None, run_after=None
[2026-03-22T04:21:42.993+0000] {processor.py:183} INFO - Processing /home/airflow/.local/lib/python3.12/site-packages/airflow/example_dags/tutorial_objectstorage.py took 0.033 seconds
[2026-03-22T04:23:05.701+0000] {processor.py:161} INFO - Started process (PID=1468) to work on /home/airflow/.local/lib/python3.12/site-packages/airflow/example_dags/tutorial_objectstorage.py
[2026-03-22T04:23:05.702+0000] {processor.py:830} INFO - Processing file /home/airflow/.local/lib/python3.12/site-packages/airflow/example_dags/tutorial_objectstorage.py for tasks to queue
[2026-03-22T04:23:05.704+0000] {logging_mixin.py:188} INFO - [2026-03-22T04:23:05.704+0000] {dagbag.py:545} INFO - Filling up the DagBag from /home/airflow/.local/lib/python3.12/site-packages/airflow/example_dags/tutorial_objectstorage.py
[2026-03-22T04:23:05.710+0000] {processor.py:840} INFO - DAG(s) 'tutorial_objectstorage' retrieved from /home/airflow/.local/lib/python3.12/site-packages/airflow/example_dags/tutorial_objectstorage.py
[2026-03-22T04:23:05.724+0000] {logging_mixin.py:188} INFO - [2026-03-22T04:23:05.724+0000] {dag.py:3096} INFO - Sync 1 DAGs
[2026-03-22T04:23:05.734+0000] {logging_mixin.py:188} INFO - [2026-03-22T04:23:05.734+0000] {dag.py:3954} INFO - Setting next_dagrun for tutorial_objectstorage to None, run_after=None
[2026-03-22T04:23:05.751+0000] {processor.py:183} INFO - Processing /home/airflow/.local/lib/python3.12/site-packages/airflow/example_dags/tutorial_objectstorage.py took 0.054 seconds
[2026-03-22T04:23:37.238+0000] {processor.py:161} INFO - Started process (PID=1533) to work on /home/airflow/.local/lib/python3.12/site-packages/airflow/example_dags/tutorial_objectstorage.py
[2026-03-22T04:23:37.239+0000] {processor.py:830} INFO - Processing file /home/airflow/.local/lib/python3.12/site-packages/airflow/example_dags/tutorial_objectstorage.py for tasks to queue
[2026-03-22T04:23:37.240+0000] {logging_mixin.py:188} INFO - [2026-03-22T04:23:37.240+0000] {dagbag.py:545} INFO - Filling up the DagBag from /home/airflow/.local/lib/python3.12/site-packages/airflow/example_dags/tutorial_objectstorage.py
[2026-03-22T04:23:37.253+0000] {processor.py:840} INFO - DAG(s) 'tutorial_objectstorage' retrieved from /home/airflow/.local/lib/python3.12/site-packages/airflow/example_dags/tutorial_objectstorage.py
[2026-03-22T04:23:37.270+0000] {logging_mixin.py:188} INFO - [2026-03-22T04:23:37.270+0000] {dag.py:3096} INFO - Sync 1 DAGs
[2026-03-22T04:23:37.276+0000] {logging_mixin.py:188} INFO - [2026-03-22T04:23:37.276+0000] {dag.py:3954} INFO - Setting next_dagrun for tutorial_objectstorage to None, run_after=None
[2026-03-22T04:23:37.285+0000] {processor.py:183} INFO - Processing /home/airflow/.local/lib/python3.12/site-packages/airflow/example_dags/tutorial_objectstorage.py took 0.051 seconds
[2026-03-22T04:24:07.900+0000] {processor.py:161} INFO - Started process (PID=1592) to work on /home/airflow/.local/lib/python3.12/site-packages/airflow/example_dags/tutorial_objectstorage.py
[2026-03-22T04:24:07.902+0000] {processor.py:830} INFO - Processing file /home/airflow/.local/lib/python3.12/site-packages/airflow/example_dags/tutorial_objectstorage.py for tasks to queue
[2026-03-22T04:24:07.903+0000] {logging_mixin.py:188} INFO - [2026-03-22T04:24:07.903+0000] {dagbag.py:545} INFO - Filling up the DagBag from /home/airflow/.local/lib/python3.12/site-packages/airflow/example_dags/tutorial_objectstorage.py
[2026-03-22T04:24:07.908+0000] {processor.py:840} INFO - DAG(s) 'tutorial_objectstorage' retrieved from /home/airflow/.local/lib/python3.12/site-packages/airflow/example_dags/tutorial_objectstorage.py
[2026-03-22T04:24:07.919+0000] {logging_mixin.py:188} INFO - [2026-03-22T04:24:07.919+0000] {dag.py:3096} INFO - Sync 1 DAGs
[2026-03-22T04:24:07.924+0000] {logging_mixin.py:188} INFO - [2026-03-22T04:24:07.924+0000] {dag.py:3954} INFO - Setting next_dagrun for tutorial_objectstorage to None, run_after=None
[2026-03-22T04:24:07.930+0000] {processor.py:183} INFO - Processing /home/airflow/.local/lib/python3.12/site-packages/airflow/example_dags/tutorial_objectstorage.py took 0.038 seconds
[2026-03-22T04:25:44.720+0000] {processor.py:161} INFO - Started process (PID=1676) to work on /home/airflow/.local/lib/python3.12/site-packages/airflow/example_dags/tutorial_objectstorage.py
[2026-03-22T04:25:44.726+0000] {processor.py:830} INFO - Processing file /home/airflow/.local/lib/python3.12/site-packages/airflow/example_dags/tutorial_objectstorage.py for tasks to queue
[2026-03-22T04:25:44.735+0000] {logging_mixin.py:188} INFO - [2026-03-22T04:25:44.734+0000] {dagbag.py:545} INFO - Filling up the DagBag from /home/airflow/.local/lib/python3.12/site-packages/airflow/example_dags/tutorial_objectstorage.py
[2026-03-22T04:25:44.764+0000] {processor.py:840} INFO - DAG(s) 'tutorial_objectstorage' retrieved from /home/airflow/.local/lib/python3.12/site-packages/airflow/example_dags/tutorial_objectstorage.py
[2026-03-22T04:25:44.823+0000] {logging_mixin.py:188} INFO - [2026-03-22T04:25:44.823+0000] {dag.py:3096} INFO - Sync 1 DAGs
[2026-03-22T04:25:46.381+0000] {logging_mixin.py:188} INFO - [2026-03-22T04:25:46.374+0000] {dag.py:3954} INFO - Setting next_dagrun for tutorial_objectstorage to None, run_after=None
[2026-03-22T04:25:46.475+0000] {processor.py:183} INFO - Processing /home/airflow/.local/lib/python3.12/site-packages/airflow/example_dags/tutorial_objectstorage.py took 1.788 seconds
[2026-03-22T04:30:57.964+0000] {processor.py:161} INFO - Started process (PID=1799) to work on /home/airflow/.local/lib/python3.12/site-packages/airflow/example_dags/tutorial_objectstorage.py
[2026-03-22T04:30:58.067+0000] {processor.py:830} INFO - Processing file /home/airflow/.local/lib/python3.12/site-packages/airflow/example_dags/tutorial_objectstorage.py for tasks to queue
[2026-03-22T04:30:58.286+0000] {logging_mixin.py:188} INFO - [2026-03-22T04:30:58.250+0000] {dagbag.py:545} INFO - Filling up the DagBag from /home/airflow/.local/lib/python3.12/site-packages/airflow/example_dags/tutorial_objectstorage.py
[2026-03-22T04:30:58.942+0000] {processor.py:840} INFO - DAG(s) 'tutorial_objectstorage' retrieved from /home/airflow/.local/lib/python3.12/site-packages/airflow/example_dags/tutorial_objectstorage.py
[2026-03-22T04:31:06.406+0000] {logging_mixin.py:188} INFO - [2026-03-22T04:31:06.188+0000] {dag.py:3096} INFO - Sync 1 DAGs
[2026-03-22T04:31:08.199+0000] {logging_mixin.py:188} INFO - [2026-03-22T04:31:08.091+0000] {dag.py:3954} INFO - Setting next_dagrun for tutorial_objectstorage to None, run_after=None
[2026-03-22T04:31:26.226+0000] {processor.py:183} INFO - Processing /home/airflow/.local/lib/python3.12/site-packages/airflow/example_dags/tutorial_objectstorage.py took 28.116 seconds
[2026-03-22T04:38:33.892+0000] {processor.py:161} INFO - Started process (PID=1943) to work on /home/airflow/.local/lib/python3.12/site-packages/airflow/example_dags/tutorial_objectstorage.py
[2026-03-22T04:38:33.901+0000] {processor.py:830} INFO - Processing file /home/airflow/.local/lib/python3.12/site-packages/airflow/example_dags/tutorial_objectstorage.py for tasks to queue
[2026-03-22T04:38:33.921+0000] {logging_mixin.py:188} INFO - [2026-03-22T04:38:33.919+0000] {dagbag.py:545} INFO - Filling up the DagBag from /home/airflow/.local/lib/python3.12/site-packages/airflow/example_dags/tutorial_objectstorage.py
[2026-03-22T04:38:34.052+0000] {processor.py:840} INFO - DAG(s) 'tutorial_objectstorage' retrieved from /home/airflow/.local/lib/python3.12/site-packages/airflow/example_dags/tutorial_objectstorage.py
[2026-03-22T04:38:34.841+0000] {logging_mixin.py:188} INFO - [2026-03-22T04:38:34.812+0000] {dag.py:3096} INFO - Sync 1 DAGs
[2026-03-22T04:38:35.093+0000] {logging_mixin.py:188} INFO - [2026-03-22T04:38:35.089+0000] {dag.py:3954} INFO - Setting next_dagrun for tutorial_objectstorage to None, run_after=None
[2026-03-22T04:38:35.414+0000] {processor.py:183} INFO - Processing /home/airflow/.local/lib/python3.12/site-packages/airflow/example_dags/tutorial_objectstorage.py took 1.600 seconds
[2026-03-22T04:40:03.952+0000] {processor.py:161} INFO - Started process (PID=2022) to work on /home/airflow/.local/lib/python3.12/site-packages/airflow/example_dags/tutorial_objectstorage.py
[2026-03-22T04:40:03.961+0000] {processor.py:830} INFO - Processing file /home/airflow/.local/lib/python3.12/site-packages/airflow/example_dags/tutorial_objectstorage.py for tasks to queue
[2026-03-22T04:40:03.980+0000] {logging_mixin.py:188} INFO - [2026-03-22T04:40:03.979+0000] {dagbag.py:545} INFO - Filling up the DagBag from /home/airflow/.local/lib/python3.12/site-packages/airflow/example_dags/tutorial_objectstorage.py
[2026-03-22T04:40:04.203+0000] {processor.py:840} INFO - DAG(s) 'tutorial_objectstorage' retrieved from /home/airflow/.local/lib/python3.12/site-packages/airflow/example_dags/tutorial_objectstorage.py
[2026-03-22T04:40:04.679+0000] {logging_mixin.py:188} INFO - [2026-03-22T04:40:04.670+0000] {dag.py:3096} INFO - Sync 1 DAGs
[2026-03-22T04:40:04.787+0000] {logging_mixin.py:188} INFO - [2026-03-22T04:40:04.786+0000] {dag.py:3954} INFO - Setting next_dagrun for tutorial_objectstorage to None, run_after=None
[2026-03-22T04:40:04.951+0000] {processor.py:183} INFO - Processing /home/airflow/.local/lib/python3.12/site-packages/airflow/example_dags/tutorial_objectstorage.py took 1.086 seconds
[2026-03-22T04:41:12.903+0000] {processor.py:161} INFO - Started process (PID=2090) to work on /home/airflow/.local/lib/python3.12/site-packages/airflow/example_dags/tutorial_objectstorage.py
[2026-03-22T04:41:12.914+0000] {processor.py:830} INFO - Processing file /home/airflow/.local/lib/python3.12/site-packages/airflow/example_dags/tutorial_objectstorage.py for tasks to queue
[2026-03-22T04:41:14.148+0000] {logging_mixin.py:188} INFO - [2026-03-22T04:41:14.112+0000] {dagbag.py:545} INFO - Filling up the DagBag from /home/airflow/.local/lib/python3.12/site-packages/airflow/example_dags/tutorial_objectstorage.py
[2026-03-22T04:41:14.685+0000] {processor.py:840} INFO - DAG(s) 'tutorial_objectstorage' retrieved from /home/airflow/.local/lib/python3.12/site-packages/airflow/example_dags/tutorial_objectstorage.py
[2026-03-22T04:41:15.294+0000] {logging_mixin.py:188} INFO - [2026-03-22T04:41:15.286+0000] {dag.py:3096} INFO - Sync 1 DAGs
[2026-03-22T04:41:15.622+0000] {logging_mixin.py:188} INFO - [2026-03-22T04:41:15.618+0000] {dag.py:3954} INFO - Setting next_dagrun for tutorial_objectstorage to None, run_after=None
[2026-03-22T04:41:15.786+0000] {processor.py:183} INFO - Processing /home/airflow/.local/lib/python3.12/site-packages/airflow/example_dags/tutorial_objectstorage.py took 3.044 seconds
[2026-03-22T04:42:17.834+0000] {processor.py:161} INFO - Started process (PID=2163) to work on /home/airflow/.local/lib/python3.12/site-packages/airflow/example_dags/tutorial_objectstorage.py
[2026-03-22T04:42:17.842+0000] {processor.py:830} INFO - Processing file /home/airflow/.local/lib/python3.12/site-packages/airflow/example_dags/tutorial_objectstorage.py for tasks to queue
[2026-03-22T04:42:17.861+0000] {logging_mixin.py:188} INFO - [2026-03-22T04:42:17.855+0000] {dagbag.py:545} INFO - Filling up the DagBag from /home/airflow/.local/lib/python3.12/site-packages/airflow/example_dags/tutorial_objectstorage.py
[2026-03-22T04:42:17.980+0000] {processor.py:840} INFO - DAG(s) 'tutorial_objectstorage' retrieved from /home/airflow/.local/lib/python3.12/site-packages/airflow/example_dags/tutorial_objectstorage.py
[2026-03-22T04:42:18.148+0000] {logging_mixin.py:188} INFO - [2026-03-22T04:42:18.146+0000] {dag.py:3096} INFO - Sync 1 DAGs
[2026-03-22T04:42:18.222+0000] {logging_mixin.py:188} INFO - [2026-03-22T04:42:18.221+0000] {dag.py:3954} INFO - Setting next_dagrun for tutorial_objectstorage to None, run_after=None
[2026-03-22T04:42:18.633+0000] {processor.py:183} INFO - Processing /home/airflow/.local/lib/python3.12/site-packages/airflow/example_dags/tutorial_objectstorage.py took 0.843 seconds
[2026-03-22T04:42:49.669+0000] {processor.py:161} INFO - Started process (PID=2227) to work on /home/airflow/.local/lib/python3.12/site-packages/airflow/example_dags/tutorial_objectstorage.py
[2026-03-22T04:42:49.670+0000] {processor.py:830} INFO - Processing file /home/airflow/.local/lib/python3.12/site-packages/airflow/example_dags/tutorial_objectstorage.py for tasks to queue
[2026-03-22T04:42:49.671+0000] {logging_mixin.py:188} INFO - [2026-03-22T04:42:49.671+0000] {dagbag.py:545} INFO - Filling up the DagBag from /home/airflow/.local/lib/python3.12/site-packages/airflow/example_dags/tutorial_objectstorage.py
[2026-03-22T04:42:49.677+0000] {processor.py:840} INFO - DAG(s) 'tutorial_objectstorage' retrieved from /home/airflow/.local/lib/python3.12/site-packages/airflow/example_dags/tutorial_objectstorage.py
[2026-03-22T04:42:49.699+0000] {logging_mixin.py:188} INFO - [2026-03-22T04:42:49.699+0000] {dag.py:3096} INFO - Sync 1 DAGs
[2026-03-22T04:42:49.708+0000] {logging_mixin.py:188} INFO - [2026-03-22T04:42:49.708+0000] {dag.py:3954} INFO - Setting next_dagrun for tutorial_objectstorage to None, run_after=None
[2026-03-22T04:42:49.718+0000] {processor.py:183} INFO - Processing /home/airflow/.local/lib/python3.12/site-packages/airflow/example_dags/tutorial_objectstorage.py took 0.055 seconds
